2021-03-02 16:05:48,634 - root - INFO - Flag Values:
{
    "L1_flag": false,
    "batch_size": 256,
    "ckpt_path": "/home/juarez/git/results/JIIS-revised-exp1/ml-sun_ho_sfKG_ig-sv-complex-50/",
    "clipping_max_value": 5.0,
    "data_path": "/home/juarez/git/datasets/JIIS-revised-exp1/ml-sun_ho_sfKG_ig-sv-complex-50/cao-format/",
    "dataset": "ml1m",
    "early_stopping_steps_to_wait": 1331,
    "embedding_size": 100,
    "eval_interval_steps": 266,
    "eval_only_mode": false,
    "experiment_name": "ml1m-bprmf-1614711948",
    "filter_wrong_corrupted": true,
    "has_visualization": false,
    "is_report": false,
    "joint_ratio": 0.5,
    "kg_lambda": 1.0,
    "kg_test_files": null,
    "l2_lambda": 1e-05,
    "learning_rate": 0.005,
    "learning_rate_decay_when_no_progress": 0.5,
    "load_ckpt_file": null,
    "load_experiment_name": null,
    "log_level": "debug",
    "log_path": "/home/juarez/git/results/JIIS-revised-exp1/ml-sun_ho_sfKG_ig-sv-complex-50/",
    "margin": 1.0,
    "max_queue": 10,
    "model_type": "bprmf",
    "momentum": 0.9,
    "negtive_samples": 1,
    "norm_lambda": 1.0,
    "num_preferences": 4,
    "num_processes": 4,
    "optimizer_type": "Adagrad",
    "rec_test_files": "valid.dat:test.dat",
    "seed": 0,
    "share_embeddings": false,
    "topn": 10,
    "training_steps": 26630,
    "use_st_gumbel": false,
    "visualization_port": 8097
}
2021-03-02 16:05:48,801 - root - INFO - Totally 69982 train ratings, 9998,19995 eval ratings in files: /home/juarez/git/datasets/JIIS-revised-exp1/ml-sun_ho_sfKG_ig-sv-complex-50/cao-format/ml1m/valid.dat;/home/juarez/git/datasets/JIIS-revised-exp1/ml-sun_ho_sfKG_ig-sv-complex-50/cao-format/ml1m/test.dat!
2021-03-02 16:05:48,804 - root - INFO - successfully load 943 users and 1675 items!
2021-03-02 16:05:48,860 - root - INFO - Building model.
2021-03-02 16:05:50,323 - root - INFO - Architecture: BPRMF(
  (user_embeddings): Embedding(943, 100)
  (item_embeddings): Embedding(1675, 100)
)
2021-03-02 16:05:50,324 - root - INFO - Total params: 261800.0
2021-03-02 16:05:50,324 - root - INFO - One epoch is 274 steps.
2021-03-02 16:05:50,325 - root - INFO - Training.
2021-03-02 16:05:50,325 - root - INFO - train loss:0.0000!
2021-03-02 16:05:51,464 - root - INFO - f1:0.0073, p:0.0092, r:0.0087, hit:0.0848, ndcg:0.0452, topn:10.
2021-03-02 16:05:52,545 - root - INFO - f1:0.0069, p:0.0131, r:0.0060, hit:0.1145, ndcg:0.0606, topn:10.
2021-03-02 16:05:54,010 - root - INFO - train loss:0.6945!
2021-03-02 16:05:55,091 - root - INFO - f1:0.0099, p:0.0122, r:0.0126, hit:0.1124, ndcg:0.0612, topn:10.
2021-03-02 16:05:56,151 - root - INFO - f1:0.0095, p:0.0180, r:0.0080, hit:0.1538, ndcg:0.0798, topn:10.
2021-03-02 16:05:56,155 - root - INFO - Checkpointing ...
2021-03-02 16:05:57,864 - root - INFO - train loss:0.6868!
2021-03-02 16:05:58,865 - root - INFO - f1:0.0103, p:0.0128, r:0.0128, hit:0.1156, ndcg:0.0643, topn:10.
2021-03-02 16:05:59,937 - root - INFO - f1:0.0106, p:0.0205, r:0.0089, hit:0.1676, ndcg:0.0889, topn:10.
2021-03-02 16:05:59,942 - root - INFO - Checkpointing ...
2021-03-02 16:06:01,903 - root - INFO - train loss:0.6824!
2021-03-02 16:06:02,998 - root - INFO - f1:0.0112, p:0.0139, r:0.0148, hit:0.1251, ndcg:0.0709, topn:10.
2021-03-02 16:06:04,041 - root - INFO - f1:0.0117, p:0.0235, r:0.0095, hit:0.1856, ndcg:0.0996, topn:10.
2021-03-02 16:06:04,045 - root - INFO - Checkpointing ...
2021-03-02 16:06:05,744 - root - INFO - train loss:0.6784!
2021-03-02 16:06:06,766 - root - INFO - f1:0.0127, p:0.0157, r:0.0164, hit:0.1357, ndcg:0.0781, topn:10.
2021-03-02 16:06:07,818 - root - INFO - f1:0.0136, p:0.0274, r:0.0113, hit:0.2068, ndcg:0.1145, topn:10.
2021-03-02 16:06:07,822 - root - INFO - Checkpointing ...
2021-03-02 16:06:09,326 - root - INFO - train loss:0.6736!
2021-03-02 16:06:10,241 - root - INFO - f1:0.0141, p:0.0179, r:0.0176, hit:0.1516, ndcg:0.0883, topn:10.
2021-03-02 16:06:11,237 - root - INFO - f1:0.0165, p:0.0329, r:0.0140, hit:0.2354, ndcg:0.1332, topn:10.
2021-03-02 16:06:11,241 - root - INFO - Checkpointing ...
2021-03-02 16:06:12,891 - root - INFO - train loss:0.6683!
2021-03-02 16:06:13,928 - root - INFO - f1:0.0173, p:0.0225, r:0.0205, hit:0.1824, ndcg:0.1042, topn:10.
2021-03-02 16:06:14,963 - root - INFO - f1:0.0206, p:0.0404, r:0.0174, hit:0.2736, ndcg:0.1572, topn:10.
2021-03-02 16:06:14,967 - root - INFO - Checkpointing ...
2021-03-02 16:06:16,474 - root - INFO - train loss:0.6628!
2021-03-02 16:06:17,676 - root - INFO - f1:0.0207, p:0.0271, r:0.0236, hit:0.2025, ndcg:0.1197, topn:10.
2021-03-02 16:06:18,697 - root - INFO - f1:0.0252, p:0.0505, r:0.0213, hit:0.3139, ndcg:0.1835, topn:10.
2021-03-02 16:06:18,701 - root - INFO - Checkpointing ...
2021-03-02 16:06:20,143 - root - INFO - train loss:0.6557!
2021-03-02 16:06:21,187 - root - INFO - f1:0.0265, p:0.0348, r:0.0299, hit:0.2481, ndcg:0.1436, topn:10.
2021-03-02 16:06:22,190 - root - INFO - f1:0.0315, p:0.0627, r:0.0262, hit:0.3637, ndcg:0.2118, topn:10.
2021-03-02 16:06:22,194 - root - INFO - Checkpointing ...
2021-03-02 16:06:23,860 - root - INFO - train loss:0.6486!
2021-03-02 16:06:24,912 - root - INFO - f1:0.0326, p:0.0433, r:0.0353, hit:0.2874, ndcg:0.1669, topn:10.
2021-03-02 16:06:25,962 - root - INFO - f1:0.0381, p:0.0772, r:0.0313, hit:0.4083, ndcg:0.2395, topn:10.
2021-03-02 16:06:25,965 - root - INFO - Checkpointing ...
2021-03-02 16:06:27,421 - root - INFO - train loss:0.6392!
2021-03-02 16:06:28,432 - root - INFO - f1:0.0390, p:0.0520, r:0.0422, hit:0.3245, ndcg:0.1934, topn:10.
2021-03-02 16:06:29,490 - root - INFO - f1:0.0466, p:0.0945, r:0.0379, hit:0.4634, ndcg:0.2734, topn:10.
2021-03-02 16:06:29,494 - root - INFO - Checkpointing ...
2021-03-02 16:06:31,034 - root - INFO - train loss:0.6306!
2021-03-02 16:06:32,072 - root - INFO - f1:0.0445, p:0.0596, r:0.0474, hit:0.3595, ndcg:0.2175, topn:10.
2021-03-02 16:06:33,141 - root - INFO - f1:0.0543, p:0.1092, r:0.0444, hit:0.4931, ndcg:0.2950, topn:10.
2021-03-02 16:06:33,145 - root - INFO - Checkpointing ...
2021-03-02 16:06:34,630 - root - INFO - train loss:0.6193!
2021-03-02 16:06:35,660 - root - INFO - f1:0.0501, p:0.0664, r:0.0529, hit:0.3902, ndcg:0.2401, topn:10.
2021-03-02 16:06:36,713 - root - INFO - f1:0.0621, p:0.1225, r:0.0515, hit:0.5281, ndcg:0.3210, topn:10.
2021-03-02 16:06:36,717 - root - INFO - Checkpointing ...
2021-03-02 16:06:38,316 - root - INFO - train loss:0.6079!
2021-03-02 16:06:39,360 - root - INFO - f1:0.0559, p:0.0738, r:0.0589, hit:0.4178, ndcg:0.2542, topn:10.
2021-03-02 16:06:40,347 - root - INFO - f1:0.0699, p:0.1365, r:0.0583, hit:0.5599, ndcg:0.3458, topn:10.
2021-03-02 16:06:40,350 - root - INFO - Checkpointing ...
2021-03-02 16:06:41,634 - root - INFO - train loss:0.5950!
2021-03-02 16:06:42,649 - root - INFO - f1:0.0639, p:0.0831, r:0.0678, hit:0.4560, ndcg:0.2743, topn:10.
2021-03-02 16:06:43,693 - root - INFO - f1:0.0769, p:0.1483, r:0.0643, hit:0.5769, ndcg:0.3654, topn:10.
2021-03-02 16:06:43,698 - root - INFO - Checkpointing ...
2021-03-02 16:06:45,305 - root - INFO - train loss:0.5824!
2021-03-02 16:06:46,403 - root - INFO - f1:0.0685, p:0.0885, r:0.0734, hit:0.4719, ndcg:0.2851, topn:10.
2021-03-02 16:06:47,415 - root - INFO - f1:0.0835, p:0.1594, r:0.0703, hit:0.6002, ndcg:0.3846, topn:10.
2021-03-02 16:06:47,418 - root - INFO - Checkpointing ...
2021-03-02 16:06:49,088 - root - INFO - train loss:0.5683!
2021-03-02 16:06:50,110 - root - INFO - f1:0.0734, p:0.0946, r:0.0790, hit:0.4867, ndcg:0.2984, topn:10.
2021-03-02 16:06:51,199 - root - INFO - f1:0.0903, p:0.1688, r:0.0772, hit:0.6267, ndcg:0.4033, topn:10.
2021-03-02 16:06:51,203 - root - INFO - Checkpointing ...
2021-03-02 16:06:52,988 - root - INFO - train loss:0.5549!
2021-03-02 16:06:54,052 - root - INFO - f1:0.0787, p:0.1007, r:0.0851, hit:0.5069, ndcg:0.3096, topn:10.
2021-03-02 16:06:55,126 - root - INFO - f1:0.0959, p:0.1777, r:0.0822, hit:0.6469, ndcg:0.4189, topn:10.
2021-03-02 16:06:55,130 - root - INFO - Checkpointing ...
2021-03-02 16:06:56,906 - root - INFO - train loss:0.5402!
2021-03-02 16:06:57,997 - root - INFO - f1:0.0808, p:0.1033, r:0.0872, hit:0.5164, ndcg:0.3219, topn:10.
2021-03-02 16:06:59,112 - root - INFO - f1:0.1016, p:0.1856, r:0.0889, hit:0.6713, ndcg:0.4330, topn:10.
2021-03-02 16:06:59,117 - root - INFO - Checkpointing ...
2021-03-02 16:07:00,770 - root - INFO - train loss:0.5267!
2021-03-02 16:07:01,809 - root - INFO - f1:0.0854, p:0.1087, r:0.0927, hit:0.5292, ndcg:0.3302, topn:10.
2021-03-02 16:07:02,909 - root - INFO - f1:0.1065, p:0.1938, r:0.0935, hit:0.6819, ndcg:0.4417, topn:10.
2021-03-02 16:07:02,912 - root - INFO - Checkpointing ...
2021-03-02 16:07:04,448 - root - INFO - train loss:0.5125!
2021-03-02 16:07:05,504 - root - INFO - f1:0.0887, p:0.1123, r:0.0975, hit:0.5429, ndcg:0.3414, topn:10.
2021-03-02 16:07:06,735 - root - INFO - f1:0.1111, p:0.2000, r:0.0980, hit:0.6999, ndcg:0.4543, topn:10.
2021-03-02 16:07:06,739 - root - INFO - Checkpointing ...
2021-03-02 16:07:08,281 - root - INFO - train loss:0.4989!
2021-03-02 16:07:09,313 - root - INFO - f1:0.0924, p:0.1159, r:0.1028, hit:0.5589, ndcg:0.3520, topn:10.
2021-03-02 16:07:10,391 - root - INFO - f1:0.1152, p:0.2057, r:0.1023, hit:0.7105, ndcg:0.4639, topn:10.
2021-03-02 16:07:10,395 - root - INFO - Checkpointing ...
2021-03-02 16:07:12,218 - root - INFO - train loss:0.4857!
2021-03-02 16:07:13,262 - root - INFO - f1:0.0970, p:0.1204, r:0.1092, hit:0.5779, ndcg:0.3645, topn:10.
2021-03-02 16:07:14,365 - root - INFO - f1:0.1191, p:0.2111, r:0.1060, hit:0.7222, ndcg:0.4747, topn:10.
2021-03-02 16:07:14,369 - root - INFO - Checkpointing ...
2021-03-02 16:07:16,075 - root - INFO - train loss:0.4738!
2021-03-02 16:07:17,176 - root - INFO - f1:0.0993, p:0.1230, r:0.1122, hit:0.5854, ndcg:0.3704, topn:10.
2021-03-02 16:07:18,264 - root - INFO - f1:0.1225, p:0.2160, r:0.1093, hit:0.7296, ndcg:0.4832, topn:10.
2021-03-02 16:07:18,267 - root - INFO - Checkpointing ...
2021-03-02 16:07:20,122 - root - INFO - train loss:0.4617!
2021-03-02 16:07:21,191 - root - INFO - f1:0.1019, p:0.1251, r:0.1168, hit:0.6034, ndcg:0.3817, topn:10.
2021-03-02 16:07:22,271 - root - INFO - f1:0.1249, p:0.2188, r:0.1121, hit:0.7434, ndcg:0.4932, topn:10.
2021-03-02 16:07:22,276 - root - INFO - Checkpointing ...
2021-03-02 16:07:23,955 - root - INFO - train loss:0.4506!
2021-03-02 16:07:25,007 - root - INFO - f1:0.1054, p:0.1287, r:0.1219, hit:0.6129, ndcg:0.3882, topn:10.
2021-03-02 16:07:26,084 - root - INFO - f1:0.1280, p:0.2232, r:0.1153, hit:0.7497, ndcg:0.5004, topn:10.
2021-03-02 16:07:26,089 - root - INFO - Checkpointing ...
2021-03-02 16:07:27,762 - root - INFO - train loss:0.4390!
2021-03-02 16:07:28,820 - root - INFO - f1:0.1072, p:0.1300, r:0.1260, hit:0.6204, ndcg:0.3947, topn:10.
2021-03-02 16:07:29,819 - root - INFO - f1:0.1293, p:0.2249, r:0.1168, hit:0.7561, ndcg:0.5090, topn:10.
2021-03-02 16:07:29,824 - root - INFO - Checkpointing ...
2021-03-02 16:07:31,281 - root - INFO - train loss:0.4309!
2021-03-02 16:07:32,333 - root - INFO - f1:0.1082, p:0.1309, r:0.1279, hit:0.6225, ndcg:0.4003, topn:10.
2021-03-02 16:07:33,366 - root - INFO - f1:0.1326, p:0.2292, r:0.1202, hit:0.7678, ndcg:0.5165, topn:10.
2021-03-02 16:07:33,373 - root - INFO - Checkpointing ...
2021-03-02 16:07:34,876 - root - INFO - train loss:0.4202!
2021-03-02 16:07:35,955 - root - INFO - f1:0.1093, p:0.1318, r:0.1299, hit:0.6288, ndcg:0.4057, topn:10.
2021-03-02 16:07:36,971 - root - INFO - f1:0.1344, p:0.2308, r:0.1225, hit:0.7752, ndcg:0.5248, topn:10.
2021-03-02 16:07:36,975 - root - INFO - Checkpointing ...
2021-03-02 16:07:38,382 - root - INFO - train loss:0.4124!
2021-03-02 16:07:39,466 - root - INFO - f1:0.1106, p:0.1330, r:0.1317, hit:0.6331, ndcg:0.4110, topn:10.
2021-03-02 16:07:40,453 - root - INFO - f1:0.1362, p:0.2324, r:0.1247, hit:0.7837, ndcg:0.5329, topn:10.
2021-03-02 16:07:40,456 - root - INFO - Checkpointing ...
2021-03-02 16:07:41,952 - root - INFO - train loss:0.4065!
2021-03-02 16:07:42,987 - root - INFO - f1:0.1136, p:0.1357, r:0.1359, hit:0.6458, ndcg:0.4168, topn:10.
2021-03-02 16:07:44,072 - root - INFO - f1:0.1375, p:0.2343, r:0.1256, hit:0.7869, ndcg:0.5368, topn:10.
2021-03-02 16:07:44,076 - root - INFO - Checkpointing ...
2021-03-02 16:07:45,558 - root - INFO - train loss:0.3959!
2021-03-02 16:07:46,613 - root - INFO - f1:0.1146, p:0.1369, r:0.1376, hit:0.6532, ndcg:0.4223, topn:10.
2021-03-02 16:07:47,690 - root - INFO - f1:0.1393, p:0.2366, r:0.1278, hit:0.7900, ndcg:0.5410, topn:10.
2021-03-02 16:07:47,694 - root - INFO - Checkpointing ...
2021-03-02 16:07:49,200 - root - INFO - train loss:0.3897!
2021-03-02 16:07:50,321 - root - INFO - f1:0.1154, p:0.1378, r:0.1383, hit:0.6501, ndcg:0.4213, topn:10.
2021-03-02 16:07:51,377 - root - INFO - f1:0.1411, p:0.2389, r:0.1296, hit:0.7922, ndcg:0.5450, topn:10.
2021-03-02 16:07:51,380 - root - INFO - Checkpointing ...
2021-03-02 16:07:52,800 - root - INFO - train loss:0.3826!
2021-03-02 16:07:53,838 - root - INFO - f1:0.1171, p:0.1393, r:0.1411, hit:0.6554, ndcg:0.4246, topn:10.
2021-03-02 16:07:55,127 - root - INFO - f1:0.1413, p:0.2392, r:0.1296, hit:0.7911, ndcg:0.5469, topn:10.
2021-03-02 16:07:55,131 - root - INFO - Checkpointing ...
2021-03-02 16:07:56,748 - root - INFO - train loss:0.3766!
2021-03-02 16:07:57,759 - root - INFO - f1:0.1178, p:0.1397, r:0.1425, hit:0.6596, ndcg:0.4295, topn:10.
2021-03-02 16:07:58,827 - root - INFO - f1:0.1422, p:0.2404, r:0.1308, hit:0.7932, ndcg:0.5527, topn:10.
2021-03-02 16:07:58,830 - root - INFO - Checkpointing ...
2021-03-02 16:08:00,320 - root - INFO - train loss:0.3735!
2021-03-02 16:08:01,304 - root - INFO - f1:0.1200, p:0.1415, r:0.1464, hit:0.6670, ndcg:0.4336, topn:10.
2021-03-02 16:08:02,359 - root - INFO - f1:0.1433, p:0.2414, r:0.1324, hit:0.7943, ndcg:0.5565, topn:10.
2021-03-02 16:08:02,363 - root - INFO - Checkpointing ...
2021-03-02 16:08:03,771 - root - INFO - train loss:0.3671!
2021-03-02 16:08:04,802 - root - INFO - f1:0.1213, p:0.1426, r:0.1487, hit:0.6691, ndcg:0.4364, topn:10.
2021-03-02 16:08:05,914 - root - INFO - f1:0.1440, p:0.2420, r:0.1329, hit:0.7975, ndcg:0.5597, topn:10.
2021-03-02 16:08:05,919 - root - INFO - Checkpointing ...
2021-03-02 16:08:07,487 - root - INFO - train loss:0.3619!
2021-03-02 16:08:08,602 - root - INFO - f1:0.1225, p:0.1437, r:0.1510, hit:0.6744, ndcg:0.4402, topn:10.
2021-03-02 16:08:09,556 - root - INFO - f1:0.1461, p:0.2443, r:0.1355, hit:0.8038, ndcg:0.5643, topn:10.
2021-03-02 16:08:09,560 - root - INFO - Checkpointing ...
2021-03-02 16:08:11,026 - root - INFO - train loss:0.3570!
2021-03-02 16:08:12,139 - root - INFO - f1:0.1236, p:0.1446, r:0.1528, hit:0.6766, ndcg:0.4416, topn:10.
2021-03-02 16:08:13,189 - root - INFO - f1:0.1469, p:0.2448, r:0.1365, hit:0.8028, ndcg:0.5649, topn:10.
2021-03-02 16:08:13,192 - root - INFO - Checkpointing ...
2021-03-02 16:08:14,448 - root - INFO - train loss:0.3530!
2021-03-02 16:08:15,508 - root - INFO - f1:0.1263, p:0.1470, r:0.1567, hit:0.6840, ndcg:0.4461, topn:10.
2021-03-02 16:08:16,572 - root - INFO - f1:0.1480, p:0.2460, r:0.1378, hit:0.8038, ndcg:0.5644, topn:10.
2021-03-02 16:08:16,579 - root - INFO - Checkpointing ...
2021-03-02 16:08:18,075 - root - INFO - train loss:0.3489!
2021-03-02 16:08:19,034 - root - INFO - f1:0.1269, p:0.1478, r:0.1574, hit:0.6850, ndcg:0.4473, topn:10.
2021-03-02 16:08:20,089 - root - INFO - f1:0.1497, p:0.2477, r:0.1398, hit:0.8081, ndcg:0.5685, topn:10.
2021-03-02 16:08:20,093 - root - INFO - Checkpointing ...
2021-03-02 16:08:21,560 - root - INFO - train loss:0.3462!
2021-03-02 16:08:22,637 - root - INFO - f1:0.1271, p:0.1479, r:0.1576, hit:0.6840, ndcg:0.4484, topn:10.
2021-03-02 16:08:23,771 - root - INFO - f1:0.1505, p:0.2490, r:0.1405, hit:0.8112, ndcg:0.5719, topn:10.
2021-03-02 16:08:23,775 - root - INFO - Checkpointing ...
2021-03-02 16:08:25,349 - root - INFO - train loss:0.3422!
2021-03-02 16:08:26,392 - root - INFO - f1:0.1273, p:0.1481, r:0.1577, hit:0.6861, ndcg:0.4512, topn:10.
2021-03-02 16:08:27,490 - root - INFO - f1:0.1514, p:0.2503, r:0.1414, hit:0.8123, ndcg:0.5734, topn:10.
2021-03-02 16:08:27,495 - root - INFO - Checkpointing ...
2021-03-02 16:08:29,005 - root - INFO - train loss:0.3384!
2021-03-02 16:08:30,115 - root - INFO - f1:0.1279, p:0.1484, r:0.1592, hit:0.6872, ndcg:0.4540, topn:10.
2021-03-02 16:08:31,163 - root - INFO - f1:0.1521, p:0.2512, r:0.1421, hit:0.8123, ndcg:0.5743, topn:10.
2021-03-02 16:08:31,168 - root - INFO - Checkpointing ...
2021-03-02 16:08:32,647 - root - INFO - train loss:0.3344!
2021-03-02 16:08:33,718 - root - INFO - f1:0.1286, p:0.1491, r:0.1600, hit:0.6893, ndcg:0.4562, topn:10.
2021-03-02 16:08:34,802 - root - INFO - f1:0.1532, p:0.2523, r:0.1433, hit:0.8155, ndcg:0.5756, topn:10.
2021-03-02 16:08:34,806 - root - INFO - Checkpointing ...
2021-03-02 16:08:36,245 - root - INFO - train loss:0.3303!
2021-03-02 16:08:37,295 - root - INFO - f1:0.1292, p:0.1497, r:0.1607, hit:0.6893, ndcg:0.4573, topn:10.
2021-03-02 16:08:38,399 - root - INFO - f1:0.1548, p:0.2541, r:0.1455, hit:0.8134, ndcg:0.5745, topn:10.
2021-03-02 16:08:38,403 - root - INFO - Checkpointing ...
2021-03-02 16:08:39,932 - root - INFO - train loss:0.3305!
2021-03-02 16:08:40,978 - root - INFO - f1:0.1303, p:0.1505, r:0.1632, hit:0.6914, ndcg:0.4585, topn:10.
2021-03-02 16:08:42,009 - root - INFO - f1:0.1555, p:0.2543, r:0.1466, hit:0.8165, ndcg:0.5763, topn:10.
2021-03-02 16:08:42,012 - root - INFO - Checkpointing ...
2021-03-02 16:08:43,428 - root - INFO - train loss:0.3268!
2021-03-02 16:08:44,694 - root - INFO - f1:0.1302, p:0.1504, r:0.1632, hit:0.6903, ndcg:0.4574, topn:10.
2021-03-02 16:08:45,743 - root - INFO - f1:0.1566, p:0.2559, r:0.1474, hit:0.8176, ndcg:0.5771, topn:10.
2021-03-02 16:08:47,328 - root - INFO - train loss:0.3248!
2021-03-02 16:08:48,431 - root - INFO - f1:0.1302, p:0.1504, r:0.1625, hit:0.6893, ndcg:0.4581, topn:10.
2021-03-02 16:08:49,543 - root - INFO - f1:0.1583, p:0.2577, r:0.1493, hit:0.8208, ndcg:0.5781, topn:10.
2021-03-02 16:08:49,548 - root - INFO - No improvement after one epoch. Lowering learning rate.
2021-03-02 16:08:50,897 - root - INFO - train loss:0.3170!
2021-03-02 16:08:51,862 - root - INFO - f1:0.1299, p:0.1503, r:0.1622, hit:0.6935, ndcg:0.4594, topn:10.
2021-03-02 16:08:52,951 - root - INFO - f1:0.1579, p:0.2576, r:0.1484, hit:0.8240, ndcg:0.5784, topn:10.
2021-03-02 16:08:52,955 - root - INFO - No improvement after one epoch. Lowering learning rate.
2021-03-02 16:08:54,508 - root - INFO - train loss:0.3088!
2021-03-02 16:08:55,507 - root - INFO - f1:0.1302, p:0.1505, r:0.1630, hit:0.6903, ndcg:0.4618, topn:10.
2021-03-02 16:08:56,516 - root - INFO - f1:0.1580, p:0.2574, r:0.1488, hit:0.8229, ndcg:0.5797, topn:10.
2021-03-02 16:08:56,520 - root - INFO - No improvement after one epoch. Lowering learning rate.
2021-03-02 16:08:57,864 - root - INFO - train loss:0.3068!
2021-03-02 16:08:58,928 - root - INFO - f1:0.1314, p:0.1521, r:0.1645, hit:0.6903, ndcg:0.4631, topn:10.
2021-03-02 16:08:59,981 - root - INFO - f1:0.1596, p:0.2602, r:0.1498, hit:0.8261, ndcg:0.5806, topn:10.
2021-03-02 16:08:59,983 - root - INFO - Checkpointing ...
2021-03-02 16:09:01,216 - root - INFO - train loss:0.3031!
2021-03-02 16:09:02,227 - root - INFO - f1:0.1310, p:0.1519, r:0.1637, hit:0.6882, ndcg:0.4621, topn:10.
2021-03-02 16:09:03,314 - root - INFO - f1:0.1602, p:0.2609, r:0.1506, hit:0.8261, ndcg:0.5812, topn:10.
2021-03-02 16:09:04,821 - root - INFO - train loss:0.3019!
2021-03-02 16:09:05,894 - root - INFO - f1:0.1316, p:0.1524, r:0.1645, hit:0.6893, ndcg:0.4622, topn:10.
2021-03-02 16:09:07,000 - root - INFO - f1:0.1613, p:0.2621, r:0.1518, hit:0.8293, ndcg:0.5809, topn:10.
2021-03-02 16:09:07,003 - root - INFO - Checkpointing ...
2021-03-02 16:09:08,449 - root - INFO - train loss:0.3038!
2021-03-02 16:09:09,477 - root - INFO - f1:0.1317, p:0.1525, r:0.1645, hit:0.6861, ndcg:0.4612, topn:10.
2021-03-02 16:09:10,595 - root - INFO - f1:0.1610, p:0.2618, r:0.1515, hit:0.8271, ndcg:0.5820, topn:10.
2021-03-02 16:09:10,600 - root - INFO - Checkpointing ...
2021-03-02 16:09:12,068 - root - INFO - train loss:0.2992!
2021-03-02 16:09:13,109 - root - INFO - f1:0.1319, p:0.1525, r:0.1649, hit:0.6872, ndcg:0.4623, topn:10.
2021-03-02 16:09:14,214 - root - INFO - f1:0.1621, p:0.2632, r:0.1526, hit:0.8271, ndcg:0.5815, topn:10.
2021-03-02 16:09:14,218 - root - INFO - Checkpointing ...
2021-03-02 16:09:15,759 - root - INFO - train loss:0.3000!
2021-03-02 16:09:16,863 - root - INFO - f1:0.1321, p:0.1528, r:0.1651, hit:0.6872, ndcg:0.4625, topn:10.
2021-03-02 16:09:17,935 - root - INFO - f1:0.1623, p:0.2634, r:0.1528, hit:0.8271, ndcg:0.5825, topn:10.
2021-03-02 16:09:17,939 - root - INFO - Checkpointing ...
2021-03-02 16:09:19,403 - root - INFO - train loss:0.2987!
2021-03-02 16:09:20,461 - root - INFO - f1:0.1321, p:0.1528, r:0.1651, hit:0.6882, ndcg:0.4636, topn:10.
2021-03-02 16:09:21,550 - root - INFO - f1:0.1624, p:0.2637, r:0.1529, hit:0.8282, ndcg:0.5826, topn:10.
2021-03-02 16:09:21,555 - root - INFO - Checkpointing ...
2021-03-02 16:09:23,053 - root - INFO - train loss:0.2978!
2021-03-02 16:09:24,137 - root - INFO - f1:0.1322, p:0.1528, r:0.1652, hit:0.6882, ndcg:0.4642, topn:10.
2021-03-02 16:09:25,195 - root - INFO - f1:0.1627, p:0.2641, r:0.1533, hit:0.8293, ndcg:0.5832, topn:10.
2021-03-02 16:09:25,199 - root - INFO - Checkpointing ...
2021-03-02 16:09:26,761 - root - INFO - train loss:0.2980!
2021-03-02 16:09:27,838 - root - INFO - f1:0.1324, p:0.1531, r:0.1654, hit:0.6872, ndcg:0.4646, topn:10.
2021-03-02 16:09:28,928 - root - INFO - f1:0.1629, p:0.2641, r:0.1535, hit:0.8293, ndcg:0.5838, topn:10.
2021-03-02 16:09:28,932 - root - INFO - Checkpointing ...
2021-03-02 16:09:30,414 - root - INFO - train loss:0.2959!
2021-03-02 16:09:31,638 - root - INFO - f1:0.1324, p:0.1531, r:0.1654, hit:0.6872, ndcg:0.4645, topn:10.
2021-03-02 16:09:32,739 - root - INFO - f1:0.1635, p:0.2646, r:0.1542, hit:0.8293, ndcg:0.5838, topn:10.
2021-03-02 16:09:32,744 - root - INFO - Checkpointing ...
2021-03-02 16:09:34,110 - root - INFO - train loss:0.2950!
2021-03-02 16:09:35,195 - root - INFO - f1:0.1327, p:0.1534, r:0.1659, hit:0.6872, ndcg:0.4650, topn:10.
2021-03-02 16:09:36,260 - root - INFO - f1:0.1634, p:0.2646, r:0.1541, hit:0.8293, ndcg:0.5840, topn:10.
2021-03-02 16:09:36,264 - root - INFO - Checkpointing ...
2021-03-02 16:09:37,756 - root - INFO - train loss:0.2971!
2021-03-02 16:09:38,839 - root - INFO - f1:0.1327, p:0.1533, r:0.1658, hit:0.6872, ndcg:0.4654, topn:10.
2021-03-02 16:09:39,958 - root - INFO - f1:0.1640, p:0.2651, r:0.1547, hit:0.8314, ndcg:0.5846, topn:10.
2021-03-02 16:09:41,456 - root - INFO - train loss:0.2956!
2021-03-02 16:09:42,478 - root - INFO - f1:0.1327, p:0.1536, r:0.1659, hit:0.6872, ndcg:0.4651, topn:10.
2021-03-02 16:09:43,558 - root - INFO - f1:0.1639, p:0.2650, r:0.1547, hit:0.8303, ndcg:0.5844, topn:10.
2021-03-02 16:09:43,562 - root - INFO - Checkpointing ...
2021-03-02 16:09:45,197 - root - INFO - train loss:0.2968!
2021-03-02 16:09:46,263 - root - INFO - f1:0.1329, p:0.1538, r:0.1660, hit:0.6872, ndcg:0.4660, topn:10.
2021-03-02 16:09:47,352 - root - INFO - f1:0.1640, p:0.2651, r:0.1548, hit:0.8314, ndcg:0.5850, topn:10.
2021-03-02 16:09:47,356 - root - INFO - Checkpointing ...
2021-03-02 16:09:48,835 - root - INFO - train loss:0.2949!
2021-03-02 16:09:49,926 - root - INFO - f1:0.1329, p:0.1538, r:0.1660, hit:0.6872, ndcg:0.4661, topn:10.
2021-03-02 16:09:51,048 - root - INFO - f1:0.1643, p:0.2653, r:0.1551, hit:0.8314, ndcg:0.5846, topn:10.
2021-03-02 16:09:52,541 - root - INFO - train loss:0.2937!
2021-03-02 16:09:53,593 - root - INFO - f1:0.1329, p:0.1538, r:0.1660, hit:0.6872, ndcg:0.4649, topn:10.
2021-03-02 16:09:54,659 - root - INFO - f1:0.1641, p:0.2651, r:0.1549, hit:0.8314, ndcg:0.5856, topn:10.
2021-03-02 16:09:54,663 - root - INFO - Checkpointing ...
2021-03-02 16:09:56,160 - root - INFO - train loss:0.2947!
2021-03-02 16:09:57,169 - root - INFO - f1:0.1329, p:0.1538, r:0.1660, hit:0.6872, ndcg:0.4651, topn:10.
2021-03-02 16:09:58,265 - root - INFO - f1:0.1642, p:0.2653, r:0.1550, hit:0.8314, ndcg:0.5856, topn:10.
2021-03-02 16:09:59,801 - root - INFO - train loss:0.2951!
2021-03-02 16:10:00,835 - root - INFO - f1:0.1334, p:0.1543, r:0.1664, hit:0.6882, ndcg:0.4660, topn:10.
2021-03-02 16:10:01,876 - root - INFO - f1:0.1642, p:0.2652, r:0.1552, hit:0.8314, ndcg:0.5858, topn:10.
2021-03-02 16:10:01,880 - root - INFO - Checkpointing ...
2021-03-02 16:10:03,325 - root - INFO - train loss:0.2941!
2021-03-02 16:10:04,350 - root - INFO - f1:0.1333, p:0.1543, r:0.1661, hit:0.6882, ndcg:0.4654, topn:10.
2021-03-02 16:10:05,421 - root - INFO - f1:0.1644, p:0.2655, r:0.1554, hit:0.8314, ndcg:0.5856, topn:10.
2021-03-02 16:10:07,008 - root - INFO - train loss:0.2941!
2021-03-02 16:10:08,088 - root - INFO - f1:0.1331, p:0.1542, r:0.1660, hit:0.6882, ndcg:0.4660, topn:10.
2021-03-02 16:10:09,129 - root - INFO - f1:0.1644, p:0.2656, r:0.1553, hit:0.8314, ndcg:0.5858, topn:10.
2021-03-02 16:10:10,623 - root - INFO - train loss:0.2910!
2021-03-02 16:10:11,639 - root - INFO - f1:0.1334, p:0.1544, r:0.1663, hit:0.6893, ndcg:0.4657, topn:10.
2021-03-02 16:10:12,690 - root - INFO - f1:0.1646, p:0.2660, r:0.1556, hit:0.8324, ndcg:0.5859, topn:10.
2021-03-02 16:10:12,695 - root - INFO - Checkpointing ...
2021-03-02 16:10:14,167 - root - INFO - train loss:0.2915!
2021-03-02 16:10:15,244 - root - INFO - f1:0.1337, p:0.1546, r:0.1668, hit:0.6903, ndcg:0.4657, topn:10.
2021-03-02 16:10:16,300 - root - INFO - f1:0.1645, p:0.2659, r:0.1555, hit:0.8324, ndcg:0.5860, topn:10.
2021-03-02 16:10:16,304 - root - INFO - Checkpointing ...
2021-03-02 16:10:17,829 - root - INFO - train loss:0.2930!
2021-03-02 16:10:18,872 - root - INFO - f1:0.1338, p:0.1548, r:0.1670, hit:0.6914, ndcg:0.4663, topn:10.
2021-03-02 16:10:20,116 - root - INFO - f1:0.1644, p:0.2656, r:0.1554, hit:0.8324, ndcg:0.5866, topn:10.
2021-03-02 16:10:20,120 - root - INFO - Checkpointing ...
2021-03-02 16:10:21,505 - root - INFO - train loss:0.2920!
2021-03-02 16:10:22,464 - root - INFO - f1:0.1338, p:0.1548, r:0.1670, hit:0.6925, ndcg:0.4669, topn:10.
2021-03-02 16:10:23,470 - root - INFO - f1:0.1645, p:0.2659, r:0.1554, hit:0.8324, ndcg:0.5865, topn:10.
2021-03-02 16:10:23,474 - root - INFO - Checkpointing ...
2021-03-02 16:10:24,800 - root - INFO - train loss:0.2917!
2021-03-02 16:10:25,836 - root - INFO - f1:0.1338, p:0.1548, r:0.1670, hit:0.6925, ndcg:0.4669, topn:10.
2021-03-02 16:10:26,882 - root - INFO - f1:0.1646, p:0.2662, r:0.1555, hit:0.8324, ndcg:0.5868, topn:10.
2021-03-02 16:10:28,330 - root - INFO - train loss:0.2924!
2021-03-02 16:10:29,401 - root - INFO - f1:0.1340, p:0.1551, r:0.1672, hit:0.6925, ndcg:0.4674, topn:10.
2021-03-02 16:10:30,516 - root - INFO - f1:0.1647, p:0.2661, r:0.1557, hit:0.8324, ndcg:0.5870, topn:10.
2021-03-02 16:10:30,520 - root - INFO - Checkpointing ...
2021-03-02 16:10:31,965 - root - INFO - train loss:0.2910!
2021-03-02 16:10:32,920 - root - INFO - f1:0.1344, p:0.1555, r:0.1679, hit:0.6946, ndcg:0.4680, topn:10.
2021-03-02 16:10:33,996 - root - INFO - f1:0.1651, p:0.2665, r:0.1562, hit:0.8324, ndcg:0.5865, topn:10.
2021-03-02 16:10:34,001 - root - INFO - Checkpointing ...
2021-03-02 16:10:35,679 - root - INFO - train loss:0.2896!
2021-03-02 16:10:36,680 - root - INFO - f1:0.1346, p:0.1556, r:0.1681, hit:0.6946, ndcg:0.4688, topn:10.
2021-03-02 16:10:37,767 - root - INFO - f1:0.1649, p:0.2663, r:0.1560, hit:0.8324, ndcg:0.5875, topn:10.
2021-03-02 16:10:37,771 - root - INFO - Checkpointing ...
2021-03-02 16:10:39,162 - root - INFO - train loss:0.2882!
2021-03-02 16:10:40,196 - root - INFO - f1:0.1348, p:0.1558, r:0.1683, hit:0.6946, ndcg:0.4689, topn:10.
2021-03-02 16:10:41,242 - root - INFO - f1:0.1649, p:0.2664, r:0.1560, hit:0.8324, ndcg:0.5881, topn:10.
2021-03-02 16:10:41,245 - root - INFO - Checkpointing ...
2021-03-02 16:10:42,742 - root - INFO - train loss:0.2901!
2021-03-02 16:10:43,723 - root - INFO - f1:0.1351, p:0.1561, r:0.1688, hit:0.6946, ndcg:0.4687, topn:10.
2021-03-02 16:10:44,749 - root - INFO - f1:0.1649, p:0.2665, r:0.1560, hit:0.8324, ndcg:0.5888, topn:10.
2021-03-02 16:10:44,754 - root - INFO - Checkpointing ...
2021-03-02 16:10:46,354 - root - INFO - train loss:0.2915!
2021-03-02 16:10:47,367 - root - INFO - f1:0.1350, p:0.1560, r:0.1687, hit:0.6946, ndcg:0.4686, topn:10.
2021-03-02 16:10:48,403 - root - INFO - f1:0.1652, p:0.2668, r:0.1562, hit:0.8324, ndcg:0.5886, topn:10.
2021-03-02 16:10:49,837 - root - INFO - train loss:0.2909!
2021-03-02 16:10:50,743 - root - INFO - f1:0.1350, p:0.1560, r:0.1687, hit:0.6946, ndcg:0.4690, topn:10.
2021-03-02 16:10:51,726 - root - INFO - f1:0.1652, p:0.2668, r:0.1562, hit:0.8324, ndcg:0.5886, topn:10.
2021-03-02 16:10:51,729 - root - INFO - No improvement after one epoch. Lowering learning rate.
2021-03-02 16:10:53,079 - root - INFO - train loss:0.2888!
2021-03-02 16:10:53,928 - root - INFO - f1:0.1351, p:0.1558, r:0.1692, hit:0.6988, ndcg:0.4713, topn:10.
2021-03-02 16:10:54,893 - root - INFO - f1:0.1652, p:0.2670, r:0.1562, hit:0.8324, ndcg:0.5891, topn:10.
2021-03-02 16:10:54,897 - root - INFO - Checkpointing ...
2021-03-02 16:10:56,153 - root - INFO - train loss:0.2874!
2021-03-02 16:10:56,973 - root - INFO - f1:0.1353, p:0.1559, r:0.1694, hit:0.6978, ndcg:0.4714, topn:10.
2021-03-02 16:10:57,971 - root - INFO - f1:0.1655, p:0.2674, r:0.1564, hit:0.8324, ndcg:0.5892, topn:10.
2021-03-02 16:10:57,973 - root - INFO - Checkpointing ...
2021-03-02 16:10:59,268 - root - INFO - train loss:0.2888!
2021-03-02 16:11:00,251 - root - INFO - f1:0.1350, p:0.1557, r:0.1691, hit:0.6967, ndcg:0.4712, topn:10.
2021-03-02 16:11:01,261 - root - INFO - f1:0.1655, p:0.2676, r:0.1564, hit:0.8324, ndcg:0.5894, topn:10.
2021-03-02 16:11:02,652 - root - INFO - train loss:0.2874!
2021-03-02 16:11:03,689 - root - INFO - f1:0.1351, p:0.1558, r:0.1691, hit:0.6957, ndcg:0.4716, topn:10.
2021-03-02 16:11:05,000 - root - INFO - f1:0.1653, p:0.2671, r:0.1564, hit:0.8314, ndcg:0.5894, topn:10.
2021-03-02 16:11:05,005 - root - INFO - No improvement after one epoch. Lowering learning rate.
2021-03-02 16:11:06,455 - root - INFO - train loss:0.2862!
2021-03-02 16:11:07,476 - root - INFO - f1:0.1351, p:0.1559, r:0.1690, hit:0.6946, ndcg:0.4716, topn:10.
2021-03-02 16:11:08,476 - root - INFO - f1:0.1653, p:0.2671, r:0.1563, hit:0.8303, ndcg:0.5892, topn:10.
2021-03-02 16:11:08,479 - root - INFO - No improvement after one epoch. Lowering learning rate.
2021-03-02 16:11:09,885 - root - INFO - train loss:0.2858!
2021-03-02 16:11:10,944 - root - INFO - f1:0.1350, p:0.1558, r:0.1689, hit:0.6946, ndcg:0.4725, topn:10.
2021-03-02 16:11:12,027 - root - INFO - f1:0.1655, p:0.2673, r:0.1566, hit:0.8324, ndcg:0.5892, topn:10.
2021-03-02 16:11:12,031 - root - INFO - No improvement after one epoch. Lowering learning rate.
2021-03-02 16:11:13,452 - root - INFO - train loss:0.2873!
2021-03-02 16:11:14,517 - root - INFO - f1:0.1351, p:0.1558, r:0.1690, hit:0.6946, ndcg:0.4723, topn:10.
2021-03-02 16:11:15,523 - root - INFO - f1:0.1654, p:0.2671, r:0.1565, hit:0.8324, ndcg:0.5892, topn:10.
2021-03-02 16:11:15,527 - root - INFO - No improvement after one epoch. Lowering learning rate.
2021-03-02 16:11:15,553 - root - INFO - No improvement after 1331 steps. Stopping training.
2021-03-02 16:11:16,949 - root - INFO - From CaseRecommender evaluator: {'PREC@10': 0.155779, 'RECALL@10': 0.169035, 'NDCG@10': 0.472556, 'MAP@10': 0.358483, 'MAP': 0.358483}.
2021-03-02 16:11:17,152 - root - INFO - From kg-summ-rec diversity evaluator: {'GENRE_COVERAGE@10': 0.480338, 'GENRE_REDUNDANCY@10': 0.422422, 'ILD_GENRE@10': 0.818033}.
2021-03-02 16:11:18,613 - root - INFO - From CaseRecommender evaluator: {'PREC@10': 0.267126, 'RECALL@10': 0.1565, 'NDCG@10': 0.589003, 'MAP@10': 0.472945, 'MAP': 0.472945}.
2021-03-02 16:11:18,815 - root - INFO - From kg-summ-rec diversity evaluator: {'GENRE_COVERAGE@10': 0.474638, 'GENRE_REDUNDANCY@10': 0.416389, 'ILD_GENRE@10': 0.817033}.
