2021-03-02 15:44:19,671 - root - INFO - Flag Values:
{
    "L1_flag": true,
    "batch_size": 256,
    "ckpt_path": "/home/juarez/git/results/JIIS-revised-exp1/ml-sun_ho_sfKG_ig-sv-complex-50/",
    "clipping_max_value": 5.0,
    "data_path": "/home/juarez/git/datasets/JIIS-revised-exp1/ml-sun_ho_sfKG_ig-sv-complex-50/cao-format/",
    "dataset": "ml1m",
    "early_stopping_steps_to_wait": 24363,
    "embedding_size": 100,
    "eval_interval_steps": 4873,
    "eval_only_mode": false,
    "experiment_name": "ml1m-transe-1614710659",
    "filter_wrong_corrupted": true,
    "has_visualization": false,
    "is_report": false,
    "joint_ratio": 0.5,
    "kg_lambda": 1.0,
    "kg_test_files": "valid.dat:test.dat",
    "l2_lambda": 0.0,
    "learning_rate": 0.001,
    "learning_rate_decay_when_no_progress": 0.5,
    "load_ckpt_file": null,
    "load_experiment_name": null,
    "log_level": "debug",
    "log_path": "/home/juarez/git/results/JIIS-revised-exp1/ml-sun_ho_sfKG_ig-sv-complex-50/",
    "margin": 1.0,
    "max_queue": 10,
    "model_type": "transe",
    "momentum": 0.9,
    "negtive_samples": 1,
    "norm_lambda": 1.0,
    "num_preferences": 4,
    "num_processes": 4,
    "optimizer_type": "Adam",
    "rec_test_files": null,
    "seed": 0,
    "share_embeddings": false,
    "topn": 10,
    "training_steps": 487300,
    "use_st_gumbel": false,
    "visualization_port": 8097
}
2021-03-02 15:44:19,684 - root - INFO - Totally 2971 train triples, 347,694 eval triples in files: /home/juarez/git/datasets/JIIS-revised-exp1/ml-sun_ho_sfKG_ig-sv-complex-50/cao-format/ml1m/kg/valid.dat;/home/juarez/git/datasets/JIIS-revised-exp1/ml-sun_ho_sfKG_ig-sv-complex-50/cao-format/ml1m/kg/test.dat!
2021-03-02 15:44:19,686 - root - INFO - successfully load 1581 entities and 3 relations!
2021-03-02 15:44:19,690 - root - INFO - Building model.
2021-03-02 15:44:20,745 - root - INFO - Architecture: TransEModel(
  (ent_embeddings): Embedding(1581, 100)
  (rel_embeddings): Embedding(3, 100)
)
2021-03-02 15:44:20,746 - root - INFO - Total params: 158400.0
2021-03-02 15:44:20,746 - root - INFO - One epoch is 12 steps.
2021-03-02 15:44:20,746 - root - INFO - Training.
2021-03-02 15:44:20,746 - root - INFO - train loss:0.0000!
2021-03-02 15:44:21,576 - root - INFO - head hit:0.0086, head mean rank:583.8040, topn:10.
2021-03-02 15:44:21,576 - root - INFO - tail hit:0.0029, tail mean rank:916.8271, topn:10.
2021-03-02 15:44:21,576 - root - INFO - avg hit:0.0058, avg mean rank:750.3156, topn:10.
2021-03-02 15:44:22,354 - root - INFO - head hit:0.0159, head mean rank:568.8213, topn:10.
2021-03-02 15:44:22,354 - root - INFO - tail hit:0.0014, tail mean rank:905.5605, topn:10.
2021-03-02 15:44:22,354 - root - INFO - avg hit:0.0086, avg mean rank:737.1909, topn:10.
2021-03-02 15:44:48,089 - root - INFO - train loss:5.0884!
2021-03-02 15:44:48,586 - root - INFO - head hit:0.1931, head mean rank:361.1095, topn:10.
2021-03-02 15:44:48,586 - root - INFO - tail hit:0.7435, tail mean rank:18.4294, topn:10.
2021-03-02 15:44:48,586 - root - INFO - avg hit:0.4683, avg mean rank:189.7695, topn:10.
2021-03-02 15:44:49,489 - root - INFO - head hit:0.2046, head mean rank:367.4121, topn:10.
2021-03-02 15:44:49,490 - root - INFO - tail hit:0.7478, tail mean rank:22.1873, topn:10.
2021-03-02 15:44:49,490 - root - INFO - avg hit:0.4762, avg mean rank:194.7997, topn:10.
2021-03-02 15:44:49,491 - root - INFO - Checkpointing ...
2021-03-02 15:45:15,155 - root - INFO - train loss:0.0792!
2021-03-02 15:45:15,714 - root - INFO - head hit:0.2478, head mean rank:338.5504, topn:10.
2021-03-02 15:45:15,714 - root - INFO - tail hit:0.7118, tail mean rank:15.7810, topn:10.
2021-03-02 15:45:15,714 - root - INFO - avg hit:0.4798, avg mean rank:177.1657, topn:10.
2021-03-02 15:45:16,531 - root - INFO - head hit:0.2277, head mean rank:366.8213, topn:10.
2021-03-02 15:45:16,531 - root - INFO - tail hit:0.7133, tail mean rank:16.0115, topn:10.
2021-03-02 15:45:16,531 - root - INFO - avg hit:0.4705, avg mean rank:191.4164, topn:10.
2021-03-02 15:45:16,532 - root - INFO - Checkpointing ...
2021-03-02 15:45:44,150 - root - INFO - train loss:0.0447!
2021-03-02 15:45:44,748 - root - INFO - head hit:0.2075, head mean rank:338.1614, topn:10.
2021-03-02 15:45:44,749 - root - INFO - tail hit:0.7608, tail mean rank:17.5677, topn:10.
2021-03-02 15:45:44,749 - root - INFO - avg hit:0.4841, avg mean rank:177.8646, topn:10.
2021-03-02 15:45:45,586 - root - INFO - head hit:0.2032, head mean rank:362.5519, topn:10.
2021-03-02 15:45:45,586 - root - INFO - tail hit:0.7536, tail mean rank:22.6484, topn:10.
2021-03-02 15:45:45,586 - root - INFO - avg hit:0.4784, avg mean rank:192.6001, topn:10.
2021-03-02 15:45:45,587 - root - INFO - Checkpointing ...
2021-03-02 15:46:15,227 - root - INFO - train loss:0.0328!
2021-03-02 15:46:15,886 - root - INFO - head hit:0.2017, head mean rank:334.3948, topn:10.
2021-03-02 15:46:15,886 - root - INFO - tail hit:0.6974, tail mean rank:20.5504, topn:10.
2021-03-02 15:46:15,886 - root - INFO - avg hit:0.4496, avg mean rank:177.4726, topn:10.
2021-03-02 15:46:16,730 - root - INFO - head hit:0.2378, head mean rank:345.7550, topn:10.
2021-03-02 15:46:16,730 - root - INFO - tail hit:0.6873, tail mean rank:24.6412, topn:10.
2021-03-02 15:46:16,730 - root - INFO - avg hit:0.4625, avg mean rank:185.1981, topn:10.
2021-03-02 15:46:16,731 - root - INFO - No improvement after one epoch. Lowering learning rate.
2021-03-02 15:46:43,698 - root - INFO - train loss:0.0044!
2021-03-02 15:46:44,284 - root - INFO - head hit:0.2478, head mean rank:326.0893, topn:10.
2021-03-02 15:46:44,285 - root - INFO - tail hit:0.7291, tail mean rank:17.0029, topn:10.
2021-03-02 15:46:44,285 - root - INFO - avg hit:0.4885, avg mean rank:171.5461, topn:10.
2021-03-02 15:46:45,045 - root - INFO - head hit:0.2579, head mean rank:327.9063, topn:10.
2021-03-02 15:46:45,046 - root - INFO - tail hit:0.7277, tail mean rank:19.7997, topn:10.
2021-03-02 15:46:45,046 - root - INFO - avg hit:0.4928, avg mean rank:173.8530, topn:10.
2021-03-02 15:46:45,047 - root - INFO - Checkpointing ...
2021-03-02 15:47:10,951 - root - INFO - train loss:0.0025!
2021-03-02 15:47:11,540 - root - INFO - head hit:0.2478, head mean rank:337.5591, topn:10.
2021-03-02 15:47:11,540 - root - INFO - tail hit:0.7723, tail mean rank:13.7003, topn:10.
2021-03-02 15:47:11,541 - root - INFO - avg hit:0.5101, avg mean rank:175.6297, topn:10.
2021-03-02 15:47:12,358 - root - INFO - head hit:0.2666, head mean rank:333.8386, topn:10.
2021-03-02 15:47:12,358 - root - INFO - tail hit:0.7594, tail mean rank:15.2104, topn:10.
2021-03-02 15:47:12,358 - root - INFO - avg hit:0.5130, avg mean rank:174.5245, topn:10.
2021-03-02 15:47:12,359 - root - INFO - Checkpointing ...
2021-03-02 15:47:38,481 - root - INFO - train loss:0.0017!
2021-03-02 15:47:39,121 - root - INFO - head hit:0.2334, head mean rank:334.7205, topn:10.
2021-03-02 15:47:39,121 - root - INFO - tail hit:0.7695, tail mean rank:12.5821, topn:10.
2021-03-02 15:47:39,121 - root - INFO - avg hit:0.5014, avg mean rank:173.6513, topn:10.
2021-03-02 15:47:39,991 - root - INFO - head hit:0.2738, head mean rank:328.4784, topn:10.
2021-03-02 15:47:39,991 - root - INFO - tail hit:0.7939, tail mean rank:12.9020, topn:10.
2021-03-02 15:47:39,992 - root - INFO - avg hit:0.5339, avg mean rank:170.6902, topn:10.
2021-03-02 15:47:39,992 - root - INFO - No improvement after one epoch. Lowering learning rate.
2021-03-02 15:48:09,054 - root - INFO - train loss:0.0005!
2021-03-02 15:48:09,624 - root - INFO - head hit:0.2536, head mean rank:331.5187, topn:10.
2021-03-02 15:48:09,624 - root - INFO - tail hit:0.7695, tail mean rank:11.6974, topn:10.
2021-03-02 15:48:09,625 - root - INFO - avg hit:0.5115, avg mean rank:171.6081, topn:10.
2021-03-02 15:48:10,377 - root - INFO - head hit:0.2795, head mean rank:330.1412, topn:10.
2021-03-02 15:48:10,378 - root - INFO - tail hit:0.7911, tail mean rank:13.0274, topn:10.
2021-03-02 15:48:10,378 - root - INFO - avg hit:0.5353, avg mean rank:171.5843, topn:10.
2021-03-02 15:48:10,378 - root - INFO - Checkpointing ...
2021-03-02 15:48:37,792 - root - INFO - train loss:0.0002!
2021-03-02 15:48:38,381 - root - INFO - head hit:0.2594, head mean rank:327.9452, topn:10.
2021-03-02 15:48:38,382 - root - INFO - tail hit:0.7579, tail mean rank:11.4611, topn:10.
2021-03-02 15:48:38,382 - root - INFO - avg hit:0.5086, avg mean rank:169.7032, topn:10.
2021-03-02 15:48:39,196 - root - INFO - head hit:0.2824, head mean rank:326.4568, topn:10.
2021-03-02 15:48:39,196 - root - INFO - tail hit:0.7810, tail mean rank:12.2305, topn:10.
2021-03-02 15:48:39,196 - root - INFO - avg hit:0.5317, avg mean rank:169.3437, topn:10.
2021-03-02 15:48:39,197 - root - INFO - No improvement after one epoch. Lowering learning rate.
2021-03-02 15:49:08,508 - root - INFO - train loss:0.0001!
2021-03-02 15:49:09,048 - root - INFO - head hit:0.2565, head mean rank:328.6974, topn:10.
2021-03-02 15:49:09,049 - root - INFO - tail hit:0.7695, tail mean rank:11.4121, topn:10.
2021-03-02 15:49:09,049 - root - INFO - avg hit:0.5130, avg mean rank:170.0548, topn:10.
2021-03-02 15:49:09,860 - root - INFO - head hit:0.2853, head mean rank:327.6859, topn:10.
2021-03-02 15:49:09,860 - root - INFO - tail hit:0.7853, tail mean rank:12.2896, topn:10.
2021-03-02 15:49:09,860 - root - INFO - avg hit:0.5353, avg mean rank:169.9878, topn:10.
2021-03-02 15:49:09,860 - root - INFO - Checkpointing ...
2021-03-02 15:49:39,163 - root - INFO - train loss:0.0001!
2021-03-02 15:49:39,724 - root - INFO - head hit:0.2536, head mean rank:326.3545, topn:10.
2021-03-02 15:49:39,725 - root - INFO - tail hit:0.7723, tail mean rank:11.8098, topn:10.
2021-03-02 15:49:39,725 - root - INFO - avg hit:0.5130, avg mean rank:169.0821, topn:10.
2021-03-02 15:49:40,573 - root - INFO - head hit:0.2839, head mean rank:326.7853, topn:10.
2021-03-02 15:49:40,573 - root - INFO - tail hit:0.7795, tail mean rank:12.8314, topn:10.
2021-03-02 15:49:40,574 - root - INFO - avg hit:0.5317, avg mean rank:169.8084, topn:10.
2021-03-02 15:49:40,574 - root - INFO - No improvement after one epoch. Lowering learning rate.
2021-03-02 15:50:06,238 - root - INFO - train loss:0.0000!
2021-03-02 15:50:06,831 - root - INFO - head hit:0.2536, head mean rank:326.4726, topn:10.
2021-03-02 15:50:06,831 - root - INFO - tail hit:0.7723, tail mean rank:11.7752, topn:10.
2021-03-02 15:50:06,831 - root - INFO - avg hit:0.5130, avg mean rank:169.1239, topn:10.
2021-03-02 15:50:07,701 - root - INFO - head hit:0.2839, head mean rank:326.7406, topn:10.
2021-03-02 15:50:07,701 - root - INFO - tail hit:0.7795, tail mean rank:12.8055, topn:10.
2021-03-02 15:50:07,701 - root - INFO - avg hit:0.5317, avg mean rank:169.7731, topn:10.
2021-03-02 15:50:07,702 - root - INFO - No improvement after one epoch. Lowering learning rate.
2021-03-02 15:50:34,345 - root - INFO - train loss:0.0001!
2021-03-02 15:50:34,944 - root - INFO - head hit:0.2536, head mean rank:326.5562, topn:10.
2021-03-02 15:50:34,945 - root - INFO - tail hit:0.7723, tail mean rank:11.8963, topn:10.
2021-03-02 15:50:34,945 - root - INFO - avg hit:0.5130, avg mean rank:169.2262, topn:10.
2021-03-02 15:50:35,822 - root - INFO - head hit:0.2867, head mean rank:326.5331, topn:10.
2021-03-02 15:50:35,823 - root - INFO - tail hit:0.7810, tail mean rank:12.8919, topn:10.
2021-03-02 15:50:35,823 - root - INFO - avg hit:0.5339, avg mean rank:169.7125, topn:10.
2021-03-02 15:50:35,824 - root - INFO - No improvement after one epoch. Lowering learning rate.
2021-03-02 15:51:00,538 - root - INFO - train loss:0.0001!
2021-03-02 15:51:01,071 - root - INFO - head hit:0.2565, head mean rank:326.7637, topn:10.
2021-03-02 15:51:01,071 - root - INFO - tail hit:0.7723, tail mean rank:11.8242, topn:10.
2021-03-02 15:51:01,071 - root - INFO - avg hit:0.5144, avg mean rank:169.2939, topn:10.
2021-03-02 15:51:01,980 - root - INFO - head hit:0.2867, head mean rank:326.7406, topn:10.
2021-03-02 15:51:01,980 - root - INFO - tail hit:0.7839, tail mean rank:12.8026, topn:10.
2021-03-02 15:51:01,981 - root - INFO - avg hit:0.5353, avg mean rank:169.7716, topn:10.
2021-03-02 15:51:01,981 - root - INFO - Checkpointing ...
2021-03-02 15:51:26,471 - root - INFO - train loss:0.0000!
2021-03-02 15:51:27,023 - root - INFO - head hit:0.2565, head mean rank:326.7608, topn:10.
2021-03-02 15:51:27,024 - root - INFO - tail hit:0.7723, tail mean rank:11.8184, topn:10.
2021-03-02 15:51:27,024 - root - INFO - avg hit:0.5144, avg mean rank:169.2896, topn:10.
2021-03-02 15:51:27,860 - root - INFO - head hit:0.2867, head mean rank:326.7493, topn:10.
2021-03-02 15:51:27,860 - root - INFO - tail hit:0.7839, tail mean rank:12.8112, topn:10.
2021-03-02 15:51:27,860 - root - INFO - avg hit:0.5353, avg mean rank:169.7803, topn:10.
2021-03-02 15:51:27,861 - root - INFO - No improvement after one epoch. Lowering learning rate.
2021-03-02 15:51:52,540 - root - INFO - train loss:0.0001!
2021-03-02 15:51:53,121 - root - INFO - head hit:0.2565, head mean rank:326.7089, topn:10.
2021-03-02 15:51:53,121 - root - INFO - tail hit:0.7723, tail mean rank:11.8156, topn:10.
2021-03-02 15:51:53,121 - root - INFO - avg hit:0.5144, avg mean rank:169.2622, topn:10.
2021-03-02 15:51:53,975 - root - INFO - head hit:0.2867, head mean rank:326.7493, topn:10.
2021-03-02 15:51:53,975 - root - INFO - tail hit:0.7839, tail mean rank:12.8084, topn:10.
2021-03-02 15:51:53,975 - root - INFO - avg hit:0.5353, avg mean rank:169.7788, topn:10.
2021-03-02 15:51:53,976 - root - INFO - No improvement after one epoch. Lowering learning rate.
2021-03-02 15:52:18,553 - root - INFO - train loss:0.0000!
2021-03-02 15:52:19,163 - root - INFO - head hit:0.2565, head mean rank:326.7320, topn:10.
2021-03-02 15:52:19,163 - root - INFO - tail hit:0.7723, tail mean rank:11.8156, topn:10.
2021-03-02 15:52:19,164 - root - INFO - avg hit:0.5144, avg mean rank:169.2738, topn:10.
2021-03-02 15:52:19,985 - root - INFO - head hit:0.2867, head mean rank:326.7536, topn:10.
2021-03-02 15:52:19,986 - root - INFO - tail hit:0.7839, tail mean rank:12.8098, topn:10.
2021-03-02 15:52:19,986 - root - INFO - avg hit:0.5353, avg mean rank:169.7817, topn:10.
2021-03-02 15:52:19,987 - root - INFO - No improvement after one epoch. Lowering learning rate.
2021-03-02 15:52:44,667 - root - INFO - train loss:0.0000!
2021-03-02 15:52:45,280 - root - INFO - head hit:0.2565, head mean rank:326.7378, topn:10.
2021-03-02 15:52:45,280 - root - INFO - tail hit:0.7723, tail mean rank:11.8156, topn:10.
2021-03-02 15:52:45,280 - root - INFO - avg hit:0.5144, avg mean rank:169.2767, topn:10.
2021-03-02 15:52:46,169 - root - INFO - head hit:0.2867, head mean rank:326.7536, topn:10.
2021-03-02 15:52:46,169 - root - INFO - tail hit:0.7839, tail mean rank:12.8112, topn:10.
2021-03-02 15:52:46,170 - root - INFO - avg hit:0.5353, avg mean rank:169.7824, topn:10.
2021-03-02 15:52:46,170 - root - INFO - No improvement after one epoch. Lowering learning rate.
2021-03-02 15:53:10,534 - root - INFO - No improvement after 24363 steps. Stopping training.
