2021-03-02 20:38:00,496 - root - INFO - Flag Values:
{
    "L1_flag": true,
    "batch_size": 256,
    "ckpt_path": "/home/juarez/git/results/JIIS-revised-exp1/ml-sun_ho_sfKG_ig-sv-complex-50/",
    "clipping_max_value": 5.0,
    "data_path": "/home/juarez/git/datasets/JIIS-revised-exp1/ml-sun_ho_sfKG_ig-sv-complex-50/cao-format/",
    "dataset": "ml1m",
    "early_stopping_steps_to_wait": 51960,
    "embedding_size": 100,
    "eval_interval_steps": 10392,
    "eval_only_mode": false,
    "experiment_name": "ml1m-jtransup-1614728280",
    "filter_wrong_corrupted": true,
    "has_visualization": false,
    "is_report": false,
    "joint_ratio": 0.5,
    "kg_lambda": 1.0,
    "kg_test_files": "valid.dat:test.dat",
    "l2_lambda": 0.0,
    "learning_rate": 0.005,
    "learning_rate_decay_when_no_progress": 0.5,
    "load_ckpt_file": "/home/juarez/git/results/JIIS-revised-exp1/ml-sun_ho_sfKG_ig-sv-complex-50/ml1m-transup-pretrained.ckpt:/home/juarez/git/results/JIIS-revised-exp1/ml-sun_ho_sfKG_ig-sv-complex-50/ml1m-transh-pretrained.ckpt",
    "load_experiment_name": null,
    "log_level": "debug",
    "log_path": "/home/juarez/git/results/JIIS-revised-exp1/ml-sun_ho_sfKG_ig-sv-complex-50/",
    "margin": 1.0,
    "max_queue": 10,
    "model_type": "jtransup",
    "momentum": 0.9,
    "negtive_samples": 1,
    "norm_lambda": 1.0,
    "num_preferences": 4,
    "num_processes": 4,
    "optimizer_type": "Adam",
    "rec_test_files": "valid.dat:test.dat",
    "seed": 0,
    "share_embeddings": false,
    "topn": 10,
    "training_steps": 1039200,
    "use_st_gumbel": false,
    "visualization_port": 8097
}
2021-03-02 20:38:00,731 - root - INFO - Totally 69982 train ratings, 9998,19995 eval ratings in files: /home/juarez/git/datasets/JIIS-revised-exp1/ml-sun_ho_sfKG_ig-sv-complex-50/cao-format/ml1m/valid.dat;/home/juarez/git/datasets/JIIS-revised-exp1/ml-sun_ho_sfKG_ig-sv-complex-50/cao-format/ml1m/test.dat!
2021-03-02 20:38:00,733 - root - INFO - successfully load 943 users and 1675 items!
2021-03-02 20:38:00,825 - root - INFO - Totally 2971 train triples, 347,694 eval triples in files: /home/juarez/git/datasets/JIIS-revised-exp1/ml-sun_ho_sfKG_ig-sv-complex-50/cao-format/ml1m/kg/valid.dat;/home/juarez/git/datasets/JIIS-revised-exp1/ml-sun_ho_sfKG_ig-sv-complex-50/cao-format/ml1m/kg/test.dat!
2021-03-02 20:38:00,827 - root - INFO - successfully load 1581 entities and 3 relations!
2021-03-02 20:38:00,835 - root - INFO - Find 1534 aligned items and entities!
2021-03-02 20:38:00,835 - root - INFO - Building model.
2021-03-02 20:38:02,134 - root - INFO - Architecture: jTransUPModel(
  (user_embeddings): Embedding(943, 100)
  (item_embeddings): Embedding(1675, 100)
  (pref_embeddings): Embedding(3, 100)
  (pref_norm_embeddings): Embedding(3, 100)
  (ent_embeddings): Embedding(1582, 100, padding_idx=1581)
  (rel_embeddings): Embedding(3, 100)
  (norm_embeddings): Embedding(3, 100)
)
2021-03-02 20:38:02,135 - root - INFO - Total params: 421200.0
2021-03-02 20:38:02,135 - root - INFO - One epoch is 547 steps.
2021-03-02 20:38:02,136 - root - INFO - Found checkpoint, restoring pre-trained embeddings.
2021-03-02 20:38:02,141 - root - INFO - Load Embeddings of user_embeddings.weight, item_embeddings.weight, pref_embeddings.weight, pref_norm_embeddings.weight from /home/juarez/git/results/JIIS-revised-exp1/ml-sun_ho_sfKG_ig-sv-complex-50/ml1m-transup-pretrained.ckpt.
2021-03-02 20:38:02,141 - root - INFO - Found checkpoint, restoring pre-trained embeddings.
2021-03-02 20:38:02,143 - root - INFO - Restored 1581 entities from checkpoint.
2021-03-02 20:38:02,143 - root - INFO - Load Embeddings of ent_embeddings.weight, rel_embeddings.weight, norm_embeddings.weight from /home/juarez/git/results/JIIS-revised-exp1/ml-sun_ho_sfKG_ig-sv-complex-50/ml1m-transh-pretrained.ckpt.
2021-03-02 20:38:02,143 - root - INFO - Training.
2021-03-02 20:38:02,143 - root - INFO - rec train loss:0.0000, kg train loss:0.0000!
2021-03-02 20:38:03,593 - root - INFO - f1:0.0669, p:0.0819, r:0.0769, hit:0.4634, ndcg:0.2763, topn:10.
2021-03-02 20:38:04,890 - root - INFO - f1:0.0791, p:0.1405, r:0.0717, hit:0.6331, ndcg:0.3922, topn:10.
2021-03-02 20:38:05,525 - root - INFO - head hit:0.2853, head mean rank:304.7666, topn:10.
2021-03-02 20:38:05,526 - root - INFO - tail hit:0.8069, tail mean rank:12.0403, topn:10.
2021-03-02 20:38:05,526 - root - INFO - avg hit:0.5461, avg mean rank:158.4035, topn:10.
2021-03-02 20:38:06,449 - root - INFO - head hit:0.2867, head mean rank:305.5231, topn:10.
2021-03-02 20:38:06,450 - root - INFO - tail hit:0.7925, tail mean rank:11.3170, topn:10.
2021-03-02 20:38:06,450 - root - INFO - avg hit:0.5396, avg mean rank:158.4200, topn:10.
2021-03-02 20:40:00,810 - root - INFO - rec train loss:2.0060, kg train loss:9.4205!
2021-03-02 20:40:02,091 - root - INFO - f1:0.1581, p:0.1854, r:0.1987, hit:0.7413, ndcg:0.4873, topn:10.
2021-03-02 20:40:03,411 - root - INFO - f1:0.1899, p:0.3104, r:0.1788, hit:0.8685, ndcg:0.6097, topn:10.
2021-03-02 20:40:04,048 - root - INFO - head hit:0.1153, head mean rank:347.1556, topn:10.
2021-03-02 20:40:04,048 - root - INFO - tail hit:0.2853, tail mean rank:99.9078, topn:10.
2021-03-02 20:40:04,048 - root - INFO - avg hit:0.2003, avg mean rank:223.5317, topn:10.
2021-03-02 20:40:04,998 - root - INFO - head hit:0.0980, head mean rank:338.7939, topn:10.
2021-03-02 20:40:04,999 - root - INFO - tail hit:0.2709, tail mean rank:98.4222, topn:10.
2021-03-02 20:40:04,999 - root - INFO - avg hit:0.1844, avg mean rank:218.6081, topn:10.
2021-03-02 20:40:04,999 - root - INFO - Checkpointing ...
2021-03-02 20:41:59,271 - root - INFO - rec train loss:1.9635, kg train loss:9.3129!
2021-03-02 20:42:00,521 - root - INFO - f1:0.1774, p:0.2115, r:0.2176, hit:0.7699, ndcg:0.5216, topn:10.
2021-03-02 20:42:01,857 - root - INFO - f1:0.2127, p:0.3497, r:0.2003, hit:0.8950, ndcg:0.6476, topn:10.
2021-03-02 20:42:02,496 - root - INFO - head hit:0.1499, head mean rank:328.3429, topn:10.
2021-03-02 20:42:02,496 - root - INFO - tail hit:0.1614, tail mean rank:124.2219, topn:10.
2021-03-02 20:42:02,496 - root - INFO - avg hit:0.1556, avg mean rank:226.2824, topn:10.
2021-03-02 20:42:03,445 - root - INFO - head hit:0.1268, head mean rank:313.4395, topn:10.
2021-03-02 20:42:03,446 - root - INFO - tail hit:0.1715, tail mean rank:156.2046, topn:10.
2021-03-02 20:42:03,446 - root - INFO - avg hit:0.1491, avg mean rank:234.8220, topn:10.
2021-03-02 20:42:03,447 - root - INFO - Checkpointing ...
2021-03-02 20:43:56,690 - root - INFO - rec train loss:1.9357, kg train loss:9.2479!
2021-03-02 20:43:57,864 - root - INFO - f1:0.1939, p:0.2320, r:0.2310, hit:0.7731, ndcg:0.5478, topn:10.
2021-03-02 20:43:59,096 - root - INFO - f1:0.2189, p:0.3641, r:0.2020, hit:0.8971, ndcg:0.6740, topn:10.
2021-03-02 20:43:59,660 - root - INFO - head hit:0.1470, head mean rank:331.7089, topn:10.
2021-03-02 20:43:59,660 - root - INFO - tail hit:0.2565, tail mean rank:86.0144, topn:10.
2021-03-02 20:43:59,660 - root - INFO - avg hit:0.2017, avg mean rank:208.8617, topn:10.
2021-03-02 20:44:00,584 - root - INFO - head hit:0.1441, head mean rank:362.7954, topn:10.
2021-03-02 20:44:00,584 - root - INFO - tail hit:0.2493, tail mean rank:104.2421, topn:10.
2021-03-02 20:44:00,585 - root - INFO - avg hit:0.1967, avg mean rank:233.5187, topn:10.
2021-03-02 20:44:00,585 - root - INFO - Checkpointing ...
2021-03-02 20:45:53,797 - root - INFO - rec train loss:1.9134, kg train loss:9.2338!
2021-03-02 20:45:55,147 - root - INFO - f1:0.2041, p:0.2455, r:0.2396, hit:0.7879, ndcg:0.5588, topn:10.
2021-03-02 20:45:56,642 - root - INFO - f1:0.2311, p:0.3823, r:0.2135, hit:0.9077, ndcg:0.6898, topn:10.
2021-03-02 20:45:57,261 - root - INFO - head hit:0.1268, head mean rank:349.2075, topn:10.
2021-03-02 20:45:57,262 - root - INFO - tail hit:0.2536, tail mean rank:110.5735, topn:10.
2021-03-02 20:45:57,262 - root - INFO - avg hit:0.1902, avg mean rank:229.8905, topn:10.
2021-03-02 20:45:58,233 - root - INFO - head hit:0.1239, head mean rank:333.3242, topn:10.
2021-03-02 20:45:58,233 - root - INFO - tail hit:0.2392, tail mean rank:113.5648, topn:10.
2021-03-02 20:45:58,233 - root - INFO - avg hit:0.1816, avg mean rank:223.4445, topn:10.
2021-03-02 20:45:58,234 - root - INFO - Checkpointing ...
2021-03-02 20:47:51,270 - root - INFO - rec train loss:1.9638, kg train loss:9.3394!
2021-03-02 20:47:52,567 - root - INFO - f1:0.2128, p:0.2552, r:0.2513, hit:0.8017, ndcg:0.5808, topn:10.
2021-03-02 20:47:53,863 - root - INFO - f1:0.2393, p:0.3943, r:0.2233, hit:0.9046, ndcg:0.7004, topn:10.
2021-03-02 20:47:54,423 - root - INFO - head hit:0.0922, head mean rank:373.5101, topn:10.
2021-03-02 20:47:54,423 - root - INFO - tail hit:0.2046, tail mean rank:130.3199, topn:10.
2021-03-02 20:47:54,423 - root - INFO - avg hit:0.1484, avg mean rank:251.9150, topn:10.
2021-03-02 20:47:55,330 - root - INFO - head hit:0.1009, head mean rank:349.9164, topn:10.
2021-03-02 20:47:55,331 - root - INFO - tail hit:0.2061, tail mean rank:140.1830, topn:10.
2021-03-02 20:47:55,331 - root - INFO - avg hit:0.1535, avg mean rank:245.0497, topn:10.
2021-03-02 20:47:55,332 - root - INFO - Checkpointing ...
2021-03-02 20:49:48,790 - root - INFO - rec train loss:1.9464, kg train loss:9.2360!
2021-03-02 20:49:50,006 - root - INFO - f1:0.2196, p:0.2649, r:0.2580, hit:0.7975, ndcg:0.5983, topn:10.
2021-03-02 20:49:51,252 - root - INFO - f1:0.2441, p:0.4031, r:0.2262, hit:0.9183, ndcg:0.7218, topn:10.
2021-03-02 20:49:51,865 - root - INFO - head hit:0.1326, head mean rank:331.4928, topn:10.
2021-03-02 20:49:51,866 - root - INFO - tail hit:0.2507, tail mean rank:94.8156, topn:10.
2021-03-02 20:49:51,866 - root - INFO - avg hit:0.1916, avg mean rank:213.1542, topn:10.
2021-03-02 20:49:52,778 - root - INFO - head hit:0.1196, head mean rank:335.9971, topn:10.
2021-03-02 20:49:52,779 - root - INFO - tail hit:0.2767, tail mean rank:103.9712, topn:10.
2021-03-02 20:49:52,779 - root - INFO - avg hit:0.1981, avg mean rank:219.9841, topn:10.
2021-03-02 20:49:52,780 - root - INFO - Checkpointing ...
2021-03-02 20:51:45,284 - root - INFO - rec train loss:1.9063, kg train loss:9.2575!
2021-03-02 20:51:46,600 - root - INFO - f1:0.2163, p:0.2598, r:0.2550, hit:0.7996, ndcg:0.6054, topn:10.
2021-03-02 20:51:47,926 - root - INFO - f1:0.2440, p:0.4030, r:0.2252, hit:0.9162, ndcg:0.7196, topn:10.
2021-03-02 20:51:48,577 - root - INFO - head hit:0.1239, head mean rank:346.7954, topn:10.
2021-03-02 20:51:48,578 - root - INFO - tail hit:0.1902, tail mean rank:117.0692, topn:10.
2021-03-02 20:51:48,578 - root - INFO - avg hit:0.1571, avg mean rank:231.9323, topn:10.
2021-03-02 20:51:49,537 - root - INFO - head hit:0.1268, head mean rank:336.3040, topn:10.
2021-03-02 20:51:49,537 - root - INFO - tail hit:0.1787, tail mean rank:122.3444, topn:10.
2021-03-02 20:51:49,537 - root - INFO - avg hit:0.1527, avg mean rank:229.3242, topn:10.
2021-03-02 20:51:49,538 - root - INFO - No improvement after one epoch. Lowering learning rate.
2021-03-02 20:53:42,361 - root - INFO - rec train loss:0.3312, kg train loss:1.6204!
2021-03-02 20:53:43,655 - root - INFO - f1:0.2520, p:0.3032, r:0.2931, hit:0.8282, ndcg:0.6461, topn:10.
2021-03-02 20:53:44,898 - root - INFO - f1:0.2713, p:0.4483, r:0.2480, hit:0.9258, ndcg:0.7591, topn:10.
2021-03-02 20:53:45,518 - root - INFO - head hit:0.1988, head mean rank:311.7723, topn:10.
2021-03-02 20:53:45,519 - root - INFO - tail hit:0.4726, tail mean rank:53.0115, topn:10.
2021-03-02 20:53:45,519 - root - INFO - avg hit:0.3357, avg mean rank:182.3919, topn:10.
2021-03-02 20:53:46,454 - root - INFO - head hit:0.1844, head mean rank:321.1801, topn:10.
2021-03-02 20:53:46,454 - root - INFO - tail hit:0.4107, tail mean rank:55.9611, topn:10.
2021-03-02 20:53:46,454 - root - INFO - avg hit:0.2976, avg mean rank:188.5706, topn:10.
2021-03-02 20:53:46,455 - root - INFO - Checkpointing ...
2021-03-02 20:55:38,776 - root - INFO - rec train loss:0.3090, kg train loss:1.5608!
2021-03-02 20:55:40,096 - root - INFO - f1:0.2599, p:0.3126, r:0.3012, hit:0.8282, ndcg:0.6636, topn:10.
2021-03-02 20:55:41,435 - root - INFO - f1:0.2817, p:0.4621, r:0.2581, hit:0.9268, ndcg:0.7732, topn:10.
2021-03-02 20:55:42,087 - root - INFO - head hit:0.1383, head mean rank:297.0980, topn:10.
2021-03-02 20:55:42,088 - root - INFO - tail hit:0.3026, tail mean rank:71.7003, topn:10.
2021-03-02 20:55:42,088 - root - INFO - avg hit:0.2205, avg mean rank:184.3991, topn:10.
2021-03-02 20:55:42,964 - root - INFO - head hit:0.1441, head mean rank:304.8300, topn:10.
2021-03-02 20:55:42,964 - root - INFO - tail hit:0.2968, tail mean rank:86.5259, topn:10.
2021-03-02 20:55:42,965 - root - INFO - avg hit:0.2205, avg mean rank:195.6780, topn:10.
2021-03-02 20:55:42,966 - root - INFO - Checkpointing ...
2021-03-02 20:57:34,568 - root - INFO - rec train loss:0.3099, kg train loss:1.5710!
2021-03-02 20:57:35,870 - root - INFO - f1:0.2648, p:0.3188, r:0.3069, hit:0.8431, ndcg:0.6786, topn:10.
2021-03-02 20:57:37,173 - root - INFO - f1:0.2908, p:0.4753, r:0.2658, hit:0.9290, ndcg:0.7845, topn:10.
2021-03-02 20:57:37,764 - root - INFO - head hit:0.1960, head mean rank:322.1441, topn:10.
2021-03-02 20:57:37,764 - root - INFO - tail hit:0.4524, tail mean rank:51.5216, topn:10.
2021-03-02 20:57:37,765 - root - INFO - avg hit:0.3242, avg mean rank:186.8329, topn:10.
2021-03-02 20:57:38,622 - root - INFO - head hit:0.1787, head mean rank:308.8473, topn:10.
2021-03-02 20:57:38,622 - root - INFO - tail hit:0.4582, tail mean rank:46.2839, topn:10.
2021-03-02 20:57:38,622 - root - INFO - avg hit:0.3184, avg mean rank:177.5656, topn:10.
2021-03-02 20:57:38,623 - root - INFO - Checkpointing ...
2021-03-02 20:59:32,243 - root - INFO - rec train loss:0.3069, kg train loss:1.5250!
2021-03-02 20:59:33,455 - root - INFO - f1:0.2694, p:0.3244, r:0.3096, hit:0.8367, ndcg:0.6856, topn:10.
2021-03-02 20:59:34,799 - root - INFO - f1:0.2942, p:0.4810, r:0.2704, hit:0.9343, ndcg:0.7957, topn:10.
2021-03-02 20:59:35,396 - root - INFO - head hit:0.1787, head mean rank:328.9942, topn:10.
2021-03-02 20:59:35,397 - root - INFO - tail hit:0.4669, tail mean rank:58.8473, topn:10.
2021-03-02 20:59:35,397 - root - INFO - avg hit:0.3228, avg mean rank:193.9207, topn:10.
2021-03-02 20:59:36,296 - root - INFO - head hit:0.1527, head mean rank:314.5202, topn:10.
2021-03-02 20:59:36,297 - root - INFO - tail hit:0.4308, tail mean rank:57.8862, topn:10.
2021-03-02 20:59:36,297 - root - INFO - avg hit:0.2918, avg mean rank:186.2032, topn:10.
2021-03-02 20:59:36,298 - root - INFO - Checkpointing ...
2021-03-02 21:01:27,965 - root - INFO - rec train loss:0.3039, kg train loss:1.5631!
2021-03-02 21:01:29,298 - root - INFO - f1:0.2724, p:0.3265, r:0.3137, hit:0.8441, ndcg:0.6914, topn:10.
2021-03-02 21:01:30,553 - root - INFO - f1:0.2969, p:0.4842, r:0.2710, hit:0.9268, ndcg:0.7897, topn:10.
2021-03-02 21:01:31,148 - root - INFO - head hit:0.2046, head mean rank:325.4697, topn:10.
2021-03-02 21:01:31,148 - root - INFO - tail hit:0.3401, tail mean rank:69.7262, topn:10.
2021-03-02 21:01:31,148 - root - INFO - avg hit:0.2723, avg mean rank:197.5980, topn:10.
2021-03-02 21:01:32,128 - root - INFO - head hit:0.1960, head mean rank:329.3401, topn:10.
2021-03-02 21:01:32,128 - root - INFO - tail hit:0.3487, tail mean rank:64.1888, topn:10.
2021-03-02 21:01:32,128 - root - INFO - avg hit:0.2723, avg mean rank:196.7644, topn:10.
2021-03-02 21:01:32,129 - root - INFO - Checkpointing ...
2021-03-02 21:03:25,805 - root - INFO - rec train loss:0.3043, kg train loss:1.5479!
2021-03-02 21:03:27,108 - root - INFO - f1:0.2761, p:0.3318, r:0.3181, hit:0.8409, ndcg:0.6978, topn:10.
2021-03-02 21:03:28,407 - root - INFO - f1:0.3057, p:0.4947, r:0.2815, hit:0.9396, ndcg:0.8050, topn:10.
2021-03-02 21:03:29,048 - root - INFO - head hit:0.1700, head mean rank:287.8156, topn:10.
2021-03-02 21:03:29,048 - root - INFO - tail hit:0.3660, tail mean rank:55.0519, topn:10.
2021-03-02 21:03:29,048 - root - INFO - avg hit:0.2680, avg mean rank:171.4337, topn:10.
2021-03-02 21:03:29,993 - root - INFO - head hit:0.1816, head mean rank:303.9712, topn:10.
2021-03-02 21:03:29,993 - root - INFO - tail hit:0.3732, tail mean rank:68.1715, topn:10.
2021-03-02 21:03:29,993 - root - INFO - avg hit:0.2774, avg mean rank:186.0713, topn:10.
2021-03-02 21:03:29,994 - root - INFO - Checkpointing ...
2021-03-02 21:05:23,383 - root - INFO - rec train loss:0.3021, kg train loss:1.5410!
2021-03-02 21:05:24,657 - root - INFO - f1:0.2809, p:0.3352, r:0.3258, hit:0.8568, ndcg:0.7089, topn:10.
2021-03-02 21:05:26,012 - root - INFO - f1:0.3078, p:0.4978, r:0.2817, hit:0.9406, ndcg:0.8067, topn:10.
2021-03-02 21:05:26,616 - root - INFO - head hit:0.1844, head mean rank:288.1441, topn:10.
2021-03-02 21:05:26,616 - root - INFO - tail hit:0.4755, tail mean rank:46.0778, topn:10.
2021-03-02 21:05:26,616 - root - INFO - avg hit:0.3300, avg mean rank:167.1110, topn:10.
2021-03-02 21:05:27,504 - root - INFO - head hit:0.1628, head mean rank:316.6916, topn:10.
2021-03-02 21:05:27,505 - root - INFO - tail hit:0.4452, tail mean rank:59.9841, topn:10.
2021-03-02 21:05:27,505 - root - INFO - avg hit:0.3040, avg mean rank:188.3379, topn:10.
2021-03-02 21:05:27,506 - root - INFO - Checkpointing ...
2021-03-02 21:07:20,552 - root - INFO - rec train loss:0.2923, kg train loss:1.5406!
2021-03-02 21:07:21,789 - root - INFO - f1:0.2821, p:0.3372, r:0.3254, hit:0.8484, ndcg:0.7096, topn:10.
2021-03-02 21:07:23,154 - root - INFO - f1:0.3086, p:0.5003, r:0.2826, hit:0.9449, ndcg:0.8131, topn:10.
2021-03-02 21:07:23,750 - root - INFO - head hit:0.1470, head mean rank:306.4207, topn:10.
2021-03-02 21:07:23,750 - root - INFO - tail hit:0.4553, tail mean rank:46.4755, topn:10.
2021-03-02 21:07:23,750 - root - INFO - avg hit:0.3012, avg mean rank:176.4481, topn:10.
2021-03-02 21:07:24,624 - root - INFO - head hit:0.1657, head mean rank:319.3040, topn:10.
2021-03-02 21:07:24,624 - root - INFO - tail hit:0.4654, tail mean rank:48.0533, topn:10.
2021-03-02 21:07:24,624 - root - INFO - avg hit:0.3156, avg mean rank:183.6787, topn:10.
2021-03-02 21:07:24,625 - root - INFO - Checkpointing ...
2021-03-02 21:09:16,840 - root - INFO - rec train loss:0.2998, kg train loss:1.5358!
2021-03-02 21:09:18,386 - root - INFO - f1:0.2856, p:0.3413, r:0.3273, hit:0.8505, ndcg:0.7110, topn:10.
2021-03-02 21:09:19,738 - root - INFO - f1:0.3076, p:0.4993, r:0.2806, hit:0.9364, ndcg:0.8137, topn:10.
2021-03-02 21:09:20,374 - root - INFO - head hit:0.1643, head mean rank:315.7435, topn:10.
2021-03-02 21:09:20,375 - root - INFO - tail hit:0.4496, tail mean rank:49.5216, topn:10.
2021-03-02 21:09:20,375 - root - INFO - avg hit:0.3069, avg mean rank:182.6326, topn:10.
2021-03-02 21:09:21,367 - root - INFO - head hit:0.1470, head mean rank:327.7752, topn:10.
2021-03-02 21:09:21,368 - root - INFO - tail hit:0.4424, tail mean rank:60.6225, topn:10.
2021-03-02 21:09:21,368 - root - INFO - avg hit:0.2947, avg mean rank:194.1988, topn:10.
2021-03-02 21:09:21,369 - root - INFO - Checkpointing ...
2021-03-02 21:11:15,315 - root - INFO - rec train loss:0.3014, kg train loss:1.5305!
2021-03-02 21:11:16,631 - root - INFO - f1:0.2894, p:0.3454, r:0.3345, hit:0.8515, ndcg:0.7186, topn:10.
2021-03-02 21:11:17,940 - root - INFO - f1:0.3173, p:0.5094, r:0.2913, hit:0.9480, ndcg:0.8247, topn:10.
2021-03-02 21:11:18,573 - root - INFO - head hit:0.2219, head mean rank:315.9395, topn:10.
2021-03-02 21:11:18,573 - root - INFO - tail hit:0.4524, tail mean rank:59.3977, topn:10.
2021-03-02 21:11:18,574 - root - INFO - avg hit:0.3372, avg mean rank:187.6686, topn:10.
2021-03-02 21:11:19,512 - root - INFO - head hit:0.1585, head mean rank:318.9568, topn:10.
2021-03-02 21:11:19,512 - root - INFO - tail hit:0.3689, tail mean rank:59.4510, topn:10.
2021-03-02 21:11:19,513 - root - INFO - avg hit:0.2637, avg mean rank:189.2039, topn:10.
2021-03-02 21:11:19,514 - root - INFO - Checkpointing ...
2021-03-02 21:13:12,373 - root - INFO - rec train loss:0.3002, kg train loss:1.5725!
2021-03-02 21:13:13,665 - root - INFO - f1:0.2869, p:0.3418, r:0.3335, hit:0.8600, ndcg:0.7234, topn:10.
2021-03-02 21:13:14,956 - root - INFO - f1:0.3102, p:0.5021, r:0.2834, hit:0.9364, ndcg:0.8211, topn:10.
2021-03-02 21:13:15,547 - root - INFO - head hit:0.1816, head mean rank:313.6398, topn:10.
2021-03-02 21:13:15,547 - root - INFO - tail hit:0.5360, tail mean rank:48.4380, topn:10.
2021-03-02 21:13:15,547 - root - INFO - avg hit:0.3588, avg mean rank:181.0389, topn:10.
2021-03-02 21:13:16,439 - root - INFO - head hit:0.1527, head mean rank:311.6499, topn:10.
2021-03-02 21:13:16,439 - root - INFO - tail hit:0.5014, tail mean rank:48.7075, topn:10.
2021-03-02 21:13:16,439 - root - INFO - avg hit:0.3271, avg mean rank:180.1787, topn:10.
2021-03-02 21:13:16,440 - root - INFO - No improvement after one epoch. Lowering learning rate.
2021-03-02 21:15:09,742 - root - INFO - rec train loss:0.0389, kg train loss:0.2295!
2021-03-02 21:15:11,018 - root - INFO - f1:0.3002, p:0.3585, r:0.3433, hit:0.8579, ndcg:0.7479, topn:10.
2021-03-02 21:15:12,312 - root - INFO - f1:0.3262, p:0.5235, r:0.2991, hit:0.9470, ndcg:0.8357, topn:10.
2021-03-02 21:15:12,992 - root - INFO - head hit:0.2478, head mean rank:296.2507, topn:10.
2021-03-02 21:15:12,993 - root - INFO - tail hit:0.6138, tail mean rank:23.5014, topn:10.
2021-03-02 21:15:12,993 - root - INFO - avg hit:0.4308, avg mean rank:159.8761, topn:10.
2021-03-02 21:15:13,914 - root - INFO - head hit:0.2478, head mean rank:297.9553, topn:10.
2021-03-02 21:15:13,914 - root - INFO - tail hit:0.6254, tail mean rank:26.8184, topn:10.
2021-03-02 21:15:13,914 - root - INFO - avg hit:0.4366, avg mean rank:162.3869, topn:10.
2021-03-02 21:15:13,915 - root - INFO - Checkpointing ...
2021-03-02 21:17:06,788 - root - INFO - rec train loss:0.0288, kg train loss:0.1961!
2021-03-02 21:17:08,087 - root - INFO - f1:0.3108, p:0.3684, r:0.3593, hit:0.8685, ndcg:0.7504, topn:10.
2021-03-02 21:17:09,428 - root - INFO - f1:0.3291, p:0.5279, r:0.3003, hit:0.9396, ndcg:0.8346, topn:10.
2021-03-02 21:17:10,055 - root - INFO - head hit:0.2738, head mean rank:293.8963, topn:10.
2021-03-02 21:17:10,055 - root - INFO - tail hit:0.5648, tail mean rank:30.5648, topn:10.
2021-03-02 21:17:10,055 - root - INFO - avg hit:0.4193, avg mean rank:162.2305, topn:10.
2021-03-02 21:17:10,952 - root - INFO - head hit:0.2651, head mean rank:289.4265, topn:10.
2021-03-02 21:17:10,952 - root - INFO - tail hit:0.5159, tail mean rank:34.0893, topn:10.
2021-03-02 21:17:10,952 - root - INFO - avg hit:0.3905, avg mean rank:161.7579, topn:10.
2021-03-02 21:17:10,953 - root - INFO - Checkpointing ...
2021-03-02 21:19:03,259 - root - INFO - rec train loss:0.0290, kg train loss:0.1896!
2021-03-02 21:19:04,624 - root - INFO - f1:0.3137, p:0.3717, r:0.3624, hit:0.8696, ndcg:0.7610, topn:10.
2021-03-02 21:19:05,970 - root - INFO - f1:0.3317, p:0.5321, r:0.3026, hit:0.9406, ndcg:0.8400, topn:10.
2021-03-02 21:19:06,632 - root - INFO - head hit:0.2594, head mean rank:304.1931, topn:10.
2021-03-02 21:19:06,632 - root - INFO - tail hit:0.5677, tail mean rank:29.2334, topn:10.
2021-03-02 21:19:06,632 - root - INFO - avg hit:0.4135, avg mean rank:166.7133, topn:10.
2021-03-02 21:19:07,560 - root - INFO - head hit:0.2464, head mean rank:284.4957, topn:10.
2021-03-02 21:19:07,560 - root - INFO - tail hit:0.5562, tail mean rank:31.0159, topn:10.
2021-03-02 21:19:07,561 - root - INFO - avg hit:0.4013, avg mean rank:157.7558, topn:10.
2021-03-02 21:19:07,562 - root - INFO - Checkpointing ...
2021-03-02 21:20:59,586 - root - INFO - rec train loss:0.0274, kg train loss:0.1769!
2021-03-02 21:21:00,873 - root - INFO - f1:0.3140, p:0.3726, r:0.3613, hit:0.8674, ndcg:0.7624, topn:10.
2021-03-02 21:21:02,234 - root - INFO - f1:0.3375, p:0.5381, r:0.3096, hit:0.9491, ndcg:0.8464, topn:10.
2021-03-02 21:21:02,767 - root - INFO - head hit:0.2334, head mean rank:321.3429, topn:10.
2021-03-02 21:21:02,768 - root - INFO - tail hit:0.6225, tail mean rank:33.1297, topn:10.
2021-03-02 21:21:02,768 - root - INFO - avg hit:0.4280, avg mean rank:177.2363, topn:10.
2021-03-02 21:21:03,687 - root - INFO - head hit:0.2219, head mean rank:296.9697, topn:10.
2021-03-02 21:21:03,687 - root - INFO - tail hit:0.6210, tail mean rank:34.8199, topn:10.
2021-03-02 21:21:03,687 - root - INFO - avg hit:0.4215, avg mean rank:165.8948, topn:10.
2021-03-02 21:21:03,688 - root - INFO - Checkpointing ...
2021-03-02 21:22:56,106 - root - INFO - rec train loss:0.0269, kg train loss:0.1727!
2021-03-02 21:22:57,427 - root - INFO - f1:0.3165, p:0.3748, r:0.3673, hit:0.8759, ndcg:0.7640, topn:10.
2021-03-02 21:22:58,801 - root - INFO - f1:0.3349, p:0.5370, r:0.3053, hit:0.9470, ndcg:0.8454, topn:10.
2021-03-02 21:22:59,338 - root - INFO - head hit:0.2795, head mean rank:288.5101, topn:10.
2021-03-02 21:22:59,338 - root - INFO - tail hit:0.5072, tail mean rank:38.4669, topn:10.
2021-03-02 21:22:59,338 - root - INFO - avg hit:0.3934, avg mean rank:163.4885, topn:10.
2021-03-02 21:23:00,267 - root - INFO - head hit:0.2493, head mean rank:288.4438, topn:10.
2021-03-02 21:23:00,267 - root - INFO - tail hit:0.4899, tail mean rank:37.5807, topn:10.
2021-03-02 21:23:00,268 - root - INFO - avg hit:0.3696, avg mean rank:163.0122, topn:10.
2021-03-02 21:23:00,268 - root - INFO - Checkpointing ...
2021-03-02 21:24:54,501 - root - INFO - rec train loss:0.0280, kg train loss:0.1744!
2021-03-02 21:24:55,855 - root - INFO - f1:0.3199, p:0.3784, r:0.3695, hit:0.8812, ndcg:0.7736, topn:10.
2021-03-02 21:24:57,181 - root - INFO - f1:0.3435, p:0.5466, r:0.3145, hit:0.9502, ndcg:0.8465, topn:10.
2021-03-02 21:24:57,786 - root - INFO - head hit:0.2680, head mean rank:297.6657, topn:10.
2021-03-02 21:24:57,786 - root - INFO - tail hit:0.6571, tail mean rank:23.9452, topn:10.
2021-03-02 21:24:57,787 - root - INFO - avg hit:0.4625, avg mean rank:160.8055, topn:10.
2021-03-02 21:24:58,777 - root - INFO - head hit:0.2349, head mean rank:293.9049, topn:10.
2021-03-02 21:24:58,778 - root - INFO - tail hit:0.6412, tail mean rank:23.9280, topn:10.
2021-03-02 21:24:58,778 - root - INFO - avg hit:0.4380, avg mean rank:158.9164, topn:10.
2021-03-02 21:24:58,779 - root - INFO - Checkpointing ...
2021-03-02 21:26:50,608 - root - INFO - rec train loss:0.0268, kg train loss:0.1750!
2021-03-02 21:26:51,977 - root - INFO - f1:0.3256, p:0.3829, r:0.3805, hit:0.8865, ndcg:0.7790, topn:10.
2021-03-02 21:26:53,232 - root - INFO - f1:0.3419, p:0.5456, r:0.3128, hit:0.9459, ndcg:0.8521, topn:10.
2021-03-02 21:26:53,866 - root - INFO - head hit:0.2450, head mean rank:282.9971, topn:10.
2021-03-02 21:26:53,866 - root - INFO - tail hit:0.6023, tail mean rank:23.8559, topn:10.
2021-03-02 21:26:53,866 - root - INFO - avg hit:0.4236, avg mean rank:153.4265, topn:10.
2021-03-02 21:26:54,787 - root - INFO - head hit:0.2305, head mean rank:301.2565, topn:10.
2021-03-02 21:26:54,787 - root - INFO - tail hit:0.6081, tail mean rank:29.5778, topn:10.
2021-03-02 21:26:54,787 - root - INFO - avg hit:0.4193, avg mean rank:165.4171, topn:10.
2021-03-02 21:26:54,788 - root - INFO - Checkpointing ...
2021-03-02 21:28:46,216 - root - INFO - rec train loss:0.0257, kg train loss:0.1742!
2021-03-02 21:28:47,498 - root - INFO - f1:0.3226, p:0.3810, r:0.3729, hit:0.8791, ndcg:0.7766, topn:10.
2021-03-02 21:28:48,820 - root - INFO - f1:0.3426, p:0.5471, r:0.3121, hit:0.9427, ndcg:0.8555, topn:10.
2021-03-02 21:28:49,421 - root - INFO - head hit:0.2795, head mean rank:267.8098, topn:10.
2021-03-02 21:28:49,421 - root - INFO - tail hit:0.5965, tail mean rank:27.2248, topn:10.
2021-03-02 21:28:49,421 - root - INFO - avg hit:0.4380, avg mean rank:147.5173, topn:10.
2021-03-02 21:28:50,247 - root - INFO - head hit:0.2536, head mean rank:297.1988, topn:10.
2021-03-02 21:28:50,248 - root - INFO - tail hit:0.5490, tail mean rank:33.0432, topn:10.
2021-03-02 21:28:50,248 - root - INFO - avg hit:0.4013, avg mean rank:165.1210, topn:10.
2021-03-02 21:28:50,249 - root - INFO - No improvement after one epoch. Lowering learning rate.
2021-03-02 21:30:42,865 - root - INFO - rec train loss:0.0063, kg train loss:0.0391!
2021-03-02 21:30:44,094 - root - INFO - f1:0.3289, p:0.3883, r:0.3807, hit:0.8802, ndcg:0.7864, topn:10.
2021-03-02 21:30:45,671 - root - INFO - f1:0.3466, p:0.5519, r:0.3161, hit:0.9480, ndcg:0.8600, topn:10.
2021-03-02 21:30:46,280 - root - INFO - head hit:0.3458, head mean rank:279.0749, topn:10.
2021-03-02 21:30:46,280 - root - INFO - tail hit:0.6772, tail mean rank:15.0865, topn:10.
2021-03-02 21:30:46,280 - root - INFO - avg hit:0.5115, avg mean rank:147.0807, topn:10.
2021-03-02 21:30:47,142 - root - INFO - head hit:0.3055, head mean rank:287.2176, topn:10.
2021-03-02 21:30:47,142 - root - INFO - tail hit:0.6916, tail mean rank:18.3963, topn:10.
2021-03-02 21:30:47,143 - root - INFO - avg hit:0.4986, avg mean rank:152.8069, topn:10.
2021-03-02 21:30:47,144 - root - INFO - Checkpointing ...
2021-03-02 21:32:38,962 - root - INFO - rec train loss:0.0037, kg train loss:0.0462!
2021-03-02 21:32:40,270 - root - INFO - f1:0.3305, p:0.3899, r:0.3828, hit:0.8823, ndcg:0.7895, topn:10.
2021-03-02 21:32:41,572 - root - INFO - f1:0.3483, p:0.5554, r:0.3161, hit:0.9449, ndcg:0.8641, topn:10.
2021-03-02 21:32:42,208 - root - INFO - head hit:0.3055, head mean rank:283.8991, topn:10.
2021-03-02 21:32:42,208 - root - INFO - tail hit:0.7320, tail mean rank:14.1268, topn:10.
2021-03-02 21:32:42,208 - root - INFO - avg hit:0.5187, avg mean rank:149.0130, topn:10.
2021-03-02 21:32:43,095 - root - INFO - head hit:0.2594, head mean rank:285.4741, topn:10.
2021-03-02 21:32:43,095 - root - INFO - tail hit:0.7651, tail mean rank:12.2767, topn:10.
2021-03-02 21:32:43,095 - root - INFO - avg hit:0.5122, avg mean rank:148.8754, topn:10.
2021-03-02 21:32:43,096 - root - INFO - Checkpointing ...
2021-03-02 21:34:34,622 - root - INFO - rec train loss:0.0038, kg train loss:0.0386!
2021-03-02 21:34:35,876 - root - INFO - f1:0.3343, p:0.3937, r:0.3877, hit:0.8844, ndcg:0.7922, topn:10.
2021-03-02 21:34:37,127 - root - INFO - f1:0.3537, p:0.5602, r:0.3236, hit:0.9480, ndcg:0.8646, topn:10.
2021-03-02 21:34:37,709 - root - INFO - head hit:0.3084, head mean rank:271.6744, topn:10.
2021-03-02 21:34:37,709 - root - INFO - tail hit:0.7781, tail mean rank:10.5706, topn:10.
2021-03-02 21:34:37,709 - root - INFO - avg hit:0.5432, avg mean rank:141.1225, topn:10.
2021-03-02 21:34:38,577 - root - INFO - head hit:0.2997, head mean rank:275.8271, topn:10.
2021-03-02 21:34:38,578 - root - INFO - tail hit:0.7810, tail mean rank:10.1513, topn:10.
2021-03-02 21:34:38,578 - root - INFO - avg hit:0.5403, avg mean rank:142.9892, topn:10.
2021-03-02 21:34:38,578 - root - INFO - Checkpointing ...
2021-03-02 21:36:30,480 - root - INFO - rec train loss:0.0036, kg train loss:0.0384!
2021-03-02 21:36:31,747 - root - INFO - f1:0.3340, p:0.3943, r:0.3856, hit:0.8834, ndcg:0.7924, topn:10.
2021-03-02 21:36:33,066 - root - INFO - f1:0.3539, p:0.5610, r:0.3227, hit:0.9533, ndcg:0.8694, topn:10.
2021-03-02 21:36:33,671 - root - INFO - head hit:0.3602, head mean rank:270.6167, topn:10.
2021-03-02 21:36:33,671 - root - INFO - tail hit:0.7550, tail mean rank:12.4611, topn:10.
2021-03-02 21:36:33,671 - root - INFO - avg hit:0.5576, avg mean rank:141.5389, topn:10.
2021-03-02 21:36:34,564 - root - INFO - head hit:0.3372, head mean rank:273.0187, topn:10.
2021-03-02 21:36:34,565 - root - INFO - tail hit:0.7767, tail mean rank:11.6657, topn:10.
2021-03-02 21:36:34,565 - root - INFO - avg hit:0.5569, avg mean rank:142.3422, topn:10.
2021-03-02 21:36:34,566 - root - INFO - No improvement after one epoch. Lowering learning rate.
2021-03-02 21:38:26,029 - root - INFO - rec train loss:0.0012, kg train loss:0.0114!
2021-03-02 21:38:27,373 - root - INFO - f1:0.3379, p:0.3979, r:0.3920, hit:0.8865, ndcg:0.7978, topn:10.
2021-03-02 21:38:28,671 - root - INFO - f1:0.3562, p:0.5648, r:0.3240, hit:0.9502, ndcg:0.8735, topn:10.
2021-03-02 21:38:29,310 - root - INFO - head hit:0.3516, head mean rank:266.4035, topn:10.
2021-03-02 21:38:29,311 - root - INFO - tail hit:0.7810, tail mean rank:9.8617, topn:10.
2021-03-02 21:38:29,311 - root - INFO - avg hit:0.5663, avg mean rank:138.1326, topn:10.
2021-03-02 21:38:30,200 - root - INFO - head hit:0.3242, head mean rank:270.3919, topn:10.
2021-03-02 21:38:30,200 - root - INFO - tail hit:0.7867, tail mean rank:8.6110, topn:10.
2021-03-02 21:38:30,200 - root - INFO - avg hit:0.5555, avg mean rank:139.5014, topn:10.
2021-03-02 21:38:30,201 - root - INFO - Checkpointing ...
2021-03-02 21:40:23,873 - root - INFO - rec train loss:0.0006, kg train loss:0.0087!
2021-03-02 21:40:25,234 - root - INFO - f1:0.3402, p:0.4004, r:0.3941, hit:0.8897, ndcg:0.8009, topn:10.
2021-03-02 21:40:26,549 - root - INFO - f1:0.3562, p:0.5647, r:0.3246, hit:0.9502, ndcg:0.8747, topn:10.
2021-03-02 21:40:27,203 - root - INFO - head hit:0.3401, head mean rank:275.3084, topn:10.
2021-03-02 21:40:27,204 - root - INFO - tail hit:0.7810, tail mean rank:8.6369, topn:10.
2021-03-02 21:40:27,204 - root - INFO - avg hit:0.5605, avg mean rank:141.9726, topn:10.
2021-03-02 21:40:28,062 - root - INFO - head hit:0.3429, head mean rank:262.7752, topn:10.
2021-03-02 21:40:28,062 - root - INFO - tail hit:0.8156, tail mean rank:6.9755, topn:10.
2021-03-02 21:40:28,062 - root - INFO - avg hit:0.5793, avg mean rank:134.8754, topn:10.
2021-03-02 21:40:28,062 - root - INFO - Checkpointing ...
2021-03-02 21:42:20,434 - root - INFO - rec train loss:0.0008, kg train loss:0.0073!
2021-03-02 21:42:21,722 - root - INFO - f1:0.3408, p:0.4004, r:0.3964, hit:0.8918, ndcg:0.8030, topn:10.
2021-03-02 21:42:23,116 - root - INFO - f1:0.3584, p:0.5664, r:0.3272, hit:0.9533, ndcg:0.8754, topn:10.
2021-03-02 21:42:23,761 - root - INFO - head hit:0.3372, head mean rank:276.4121, topn:10.
2021-03-02 21:42:23,762 - root - INFO - tail hit:0.7839, tail mean rank:8.6081, topn:10.
2021-03-02 21:42:23,762 - root - INFO - avg hit:0.5605, avg mean rank:142.5101, topn:10.
2021-03-02 21:42:24,668 - root - INFO - head hit:0.3357, head mean rank:261.5908, topn:10.
2021-03-02 21:42:24,668 - root - INFO - tail hit:0.8141, tail mean rank:7.2493, topn:10.
2021-03-02 21:42:24,668 - root - INFO - avg hit:0.5749, avg mean rank:134.4200, topn:10.
2021-03-02 21:42:24,669 - root - INFO - Checkpointing ...
2021-03-02 21:44:16,846 - root - INFO - rec train loss:0.0008, kg train loss:0.0093!
2021-03-02 21:44:18,230 - root - INFO - f1:0.3436, p:0.4042, r:0.3962, hit:0.8887, ndcg:0.7997, topn:10.
2021-03-02 21:44:19,499 - root - INFO - f1:0.3581, p:0.5664, r:0.3274, hit:0.9523, ndcg:0.8774, topn:10.
2021-03-02 21:44:20,070 - root - INFO - head hit:0.3429, head mean rank:276.0259, topn:10.
2021-03-02 21:44:20,070 - root - INFO - tail hit:0.7723, tail mean rank:9.9135, topn:10.
2021-03-02 21:44:20,070 - root - INFO - avg hit:0.5576, avg mean rank:142.9697, topn:10.
2021-03-02 21:44:20,885 - root - INFO - head hit:0.3329, head mean rank:265.0115, topn:10.
2021-03-02 21:44:20,885 - root - INFO - tail hit:0.7983, tail mean rank:8.1268, topn:10.
2021-03-02 21:44:20,885 - root - INFO - avg hit:0.5656, avg mean rank:136.5692, topn:10.
2021-03-02 21:44:20,886 - root - INFO - Checkpointing ...
2021-03-02 21:46:14,417 - root - INFO - rec train loss:0.0009, kg train loss:0.0119!
2021-03-02 21:46:15,735 - root - INFO - f1:0.3436, p:0.4045, r:0.3963, hit:0.8918, ndcg:0.8030, topn:10.
2021-03-02 21:46:17,035 - root - INFO - f1:0.3623, p:0.5712, r:0.3316, hit:0.9544, ndcg:0.8755, topn:10.
2021-03-02 21:46:17,719 - root - INFO - head hit:0.3401, head mean rank:282.8184, topn:10.
2021-03-02 21:46:17,720 - root - INFO - tail hit:0.7925, tail mean rank:7.3141, topn:10.
2021-03-02 21:46:17,720 - root - INFO - avg hit:0.5663, avg mean rank:145.0663, topn:10.
2021-03-02 21:46:18,644 - root - INFO - head hit:0.3357, head mean rank:266.2061, topn:10.
2021-03-02 21:46:18,644 - root - INFO - tail hit:0.8026, tail mean rank:6.4582, topn:10.
2021-03-02 21:46:18,644 - root - INFO - avg hit:0.5692, avg mean rank:136.3321, topn:10.
2021-03-02 21:46:18,645 - root - INFO - Checkpointing ...
2021-03-02 21:48:11,280 - root - INFO - rec train loss:0.0008, kg train loss:0.0076!
2021-03-02 21:48:12,499 - root - INFO - f1:0.3430, p:0.4039, r:0.3964, hit:0.8887, ndcg:0.8011, topn:10.
2021-03-02 21:48:13,778 - root - INFO - f1:0.3601, p:0.5687, r:0.3288, hit:0.9533, ndcg:0.8771, topn:10.
2021-03-02 21:48:14,402 - root - INFO - head hit:0.3545, head mean rank:276.7666, topn:10.
2021-03-02 21:48:14,402 - root - INFO - tail hit:0.8127, tail mean rank:7.3487, topn:10.
2021-03-02 21:48:14,402 - root - INFO - avg hit:0.5836, avg mean rank:142.0576, topn:10.
2021-03-02 21:48:15,302 - root - INFO - head hit:0.3473, head mean rank:263.9280, topn:10.
2021-03-02 21:48:15,303 - root - INFO - tail hit:0.8127, tail mean rank:6.7046, topn:10.
2021-03-02 21:48:15,303 - root - INFO - avg hit:0.5800, avg mean rank:135.3163, topn:10.
2021-03-02 21:48:15,304 - root - INFO - No improvement after one epoch. Lowering learning rate.
2021-03-02 21:50:07,613 - root - INFO - rec train loss:0.0002, kg train loss:0.0023!
2021-03-02 21:50:08,934 - root - INFO - f1:0.3471, p:0.4078, r:0.4009, hit:0.8865, ndcg:0.8033, topn:10.
2021-03-02 21:50:10,248 - root - INFO - f1:0.3616, p:0.5710, r:0.3302, hit:0.9544, ndcg:0.8826, topn:10.
2021-03-02 21:50:10,893 - root - INFO - head hit:0.3573, head mean rank:277.2190, topn:10.
2021-03-02 21:50:10,894 - root - INFO - tail hit:0.8040, tail mean rank:7.1297, topn:10.
2021-03-02 21:50:10,894 - root - INFO - avg hit:0.5807, avg mean rank:142.1744, topn:10.
2021-03-02 21:50:11,773 - root - INFO - head hit:0.3545, head mean rank:264.0144, topn:10.
2021-03-02 21:50:11,774 - root - INFO - tail hit:0.8112, tail mean rank:6.4914, topn:10.
2021-03-02 21:50:11,774 - root - INFO - avg hit:0.5829, avg mean rank:135.2529, topn:10.
2021-03-02 21:50:11,775 - root - INFO - Checkpointing ...
2021-03-02 21:52:03,997 - root - INFO - rec train loss:0.0002, kg train loss:0.0019!
2021-03-02 21:52:05,313 - root - INFO - f1:0.3480, p:0.4089, r:0.4021, hit:0.8887, ndcg:0.8059, topn:10.
2021-03-02 21:52:06,596 - root - INFO - f1:0.3634, p:0.5732, r:0.3317, hit:0.9523, ndcg:0.8826, topn:10.
2021-03-02 21:52:07,230 - root - INFO - head hit:0.3516, head mean rank:274.9251, topn:10.
2021-03-02 21:52:07,231 - root - INFO - tail hit:0.8156, tail mean rank:6.5850, topn:10.
2021-03-02 21:52:07,231 - root - INFO - avg hit:0.5836, avg mean rank:140.7550, topn:10.
2021-03-02 21:52:08,062 - root - INFO - head hit:0.3646, head mean rank:265.9092, topn:10.
2021-03-02 21:52:08,063 - root - INFO - tail hit:0.8228, tail mean rank:6.2003, topn:10.
2021-03-02 21:52:08,063 - root - INFO - avg hit:0.5937, avg mean rank:136.0548, topn:10.
2021-03-02 21:52:08,064 - root - INFO - Checkpointing ...
2021-03-02 21:53:58,840 - root - INFO - rec train loss:0.0005, kg train loss:0.0017!
2021-03-02 21:54:00,204 - root - INFO - f1:0.3482, p:0.4088, r:0.4029, hit:0.8929, ndcg:0.8113, topn:10.
2021-03-02 21:54:01,472 - root - INFO - f1:0.3634, p:0.5735, r:0.3316, hit:0.9523, ndcg:0.8819, topn:10.
2021-03-02 21:54:02,065 - root - INFO - head hit:0.3343, head mean rank:278.9625, topn:10.
2021-03-02 21:54:02,066 - root - INFO - tail hit:0.8156, tail mean rank:6.2882, topn:10.
2021-03-02 21:54:02,066 - root - INFO - avg hit:0.5749, avg mean rank:142.6254, topn:10.
2021-03-02 21:54:03,041 - root - INFO - head hit:0.3487, head mean rank:271.6081, topn:10.
2021-03-02 21:54:03,041 - root - INFO - tail hit:0.8300, tail mean rank:5.7666, topn:10.
2021-03-02 21:54:03,042 - root - INFO - avg hit:0.5893, avg mean rank:138.6873, topn:10.
2021-03-02 21:54:03,042 - root - INFO - Checkpointing ...
2021-03-02 21:55:54,807 - root - INFO - rec train loss:0.0002, kg train loss:0.0031!
2021-03-02 21:55:56,111 - root - INFO - f1:0.3499, p:0.4109, r:0.4043, hit:0.8908, ndcg:0.8109, topn:10.
2021-03-02 21:55:57,387 - root - INFO - f1:0.3642, p:0.5745, r:0.3324, hit:0.9544, ndcg:0.8829, topn:10.
2021-03-02 21:55:58,057 - root - INFO - head hit:0.3458, head mean rank:282.4380, topn:10.
2021-03-02 21:55:58,058 - root - INFO - tail hit:0.8069, tail mean rank:7.0605, topn:10.
2021-03-02 21:55:58,058 - root - INFO - avg hit:0.5764, avg mean rank:144.7493, topn:10.
2021-03-02 21:55:58,937 - root - INFO - head hit:0.3386, head mean rank:271.2608, topn:10.
2021-03-02 21:55:58,938 - root - INFO - tail hit:0.8170, tail mean rank:6.2507, topn:10.
2021-03-02 21:55:58,938 - root - INFO - avg hit:0.5778, avg mean rank:138.7558, topn:10.
2021-03-02 21:55:58,939 - root - INFO - Checkpointing ...
2021-03-02 21:57:50,659 - root - INFO - rec train loss:0.0001, kg train loss:0.0020!
2021-03-02 21:57:51,948 - root - INFO - f1:0.3492, p:0.4103, r:0.4031, hit:0.8908, ndcg:0.8107, topn:10.
2021-03-02 21:57:53,184 - root - INFO - f1:0.3657, p:0.5758, r:0.3345, hit:0.9523, ndcg:0.8821, topn:10.
2021-03-02 21:57:53,774 - root - INFO - head hit:0.3660, head mean rank:284.0749, topn:10.
2021-03-02 21:57:53,774 - root - INFO - tail hit:0.8069, tail mean rank:6.4697, topn:10.
2021-03-02 21:57:53,774 - root - INFO - avg hit:0.5865, avg mean rank:145.2723, topn:10.
2021-03-02 21:57:54,657 - root - INFO - head hit:0.3386, head mean rank:273.4107, topn:10.
2021-03-02 21:57:54,657 - root - INFO - tail hit:0.8285, tail mean rank:5.9697, topn:10.
2021-03-02 21:57:54,657 - root - INFO - avg hit:0.5836, avg mean rank:139.6902, topn:10.
2021-03-02 21:57:54,658 - root - INFO - No improvement after one epoch. Lowering learning rate.
2021-03-02 21:59:46,551 - root - INFO - rec train loss:0.0002, kg train loss:0.0007!
2021-03-02 21:59:47,863 - root - INFO - f1:0.3504, p:0.4116, r:0.4048, hit:0.8918, ndcg:0.8135, topn:10.
2021-03-02 21:59:49,184 - root - INFO - f1:0.3653, p:0.5759, r:0.3335, hit:0.9544, ndcg:0.8845, topn:10.
2021-03-02 21:59:49,773 - root - INFO - head hit:0.3573, head mean rank:281.7896, topn:10.
2021-03-02 21:59:49,773 - root - INFO - tail hit:0.8098, tail mean rank:5.9683, topn:10.
2021-03-02 21:59:49,773 - root - INFO - avg hit:0.5836, avg mean rank:143.8790, topn:10.
2021-03-02 21:59:50,675 - root - INFO - head hit:0.3415, head mean rank:273.9395, topn:10.
2021-03-02 21:59:50,675 - root - INFO - tail hit:0.8401, tail mean rank:5.5836, topn:10.
2021-03-02 21:59:50,676 - root - INFO - avg hit:0.5908, avg mean rank:139.7615, topn:10.
2021-03-02 21:59:50,677 - root - INFO - Checkpointing ...
2021-03-02 22:01:43,350 - root - INFO - rec train loss:0.0001, kg train loss:0.0003!
2021-03-02 22:01:44,670 - root - INFO - f1:0.3492, p:0.4104, r:0.4039, hit:0.8929, ndcg:0.8180, topn:10.
2021-03-02 22:01:45,926 - root - INFO - f1:0.3661, p:0.5766, r:0.3346, hit:0.9555, ndcg:0.8867, topn:10.
2021-03-02 22:01:46,501 - root - INFO - head hit:0.3602, head mean rank:284.9510, topn:10.
2021-03-02 22:01:46,501 - root - INFO - tail hit:0.8069, tail mean rank:6.0086, topn:10.
2021-03-02 22:01:46,501 - root - INFO - avg hit:0.5836, avg mean rank:145.4798, topn:10.
2021-03-02 22:01:47,376 - root - INFO - head hit:0.3415, head mean rank:273.8876, topn:10.
2021-03-02 22:01:47,377 - root - INFO - tail hit:0.8357, tail mean rank:5.5317, topn:10.
2021-03-02 22:01:47,377 - root - INFO - avg hit:0.5886, avg mean rank:139.7097, topn:10.
2021-03-02 22:01:47,377 - root - INFO - No improvement after one epoch. Lowering learning rate.
2021-03-02 22:03:39,914 - root - INFO - rec train loss:0.0001, kg train loss:0.0013!
2021-03-02 22:03:41,213 - root - INFO - f1:0.3501, p:0.4113, r:0.4038, hit:0.8908, ndcg:0.8152, topn:10.
2021-03-02 22:03:42,596 - root - INFO - f1:0.3660, p:0.5761, r:0.3349, hit:0.9555, ndcg:0.8855, topn:10.
2021-03-02 22:03:43,237 - root - INFO - head hit:0.3602, head mean rank:284.3718, topn:10.
2021-03-02 22:03:43,237 - root - INFO - tail hit:0.8127, tail mean rank:6.1700, topn:10.
2021-03-02 22:03:43,237 - root - INFO - avg hit:0.5865, avg mean rank:145.2709, topn:10.
2021-03-02 22:03:44,115 - root - INFO - head hit:0.3386, head mean rank:274.0648, topn:10.
2021-03-02 22:03:44,115 - root - INFO - tail hit:0.8415, tail mean rank:5.7565, topn:10.
2021-03-02 22:03:44,116 - root - INFO - avg hit:0.5901, avg mean rank:139.9107, topn:10.
2021-03-02 22:03:44,116 - root - INFO - No improvement after one epoch. Lowering learning rate.
2021-03-02 22:05:35,768 - root - INFO - rec train loss:0.0001, kg train loss:0.0002!
2021-03-02 22:05:37,083 - root - INFO - f1:0.3497, p:0.4110, r:0.4037, hit:0.8929, ndcg:0.8164, topn:10.
2021-03-02 22:05:38,382 - root - INFO - f1:0.3666, p:0.5769, r:0.3355, hit:0.9555, ndcg:0.8852, topn:10.
2021-03-02 22:05:38,968 - root - INFO - head hit:0.3631, head mean rank:285.1614, topn:10.
2021-03-02 22:05:38,968 - root - INFO - tail hit:0.8213, tail mean rank:5.9597, topn:10.
2021-03-02 22:05:38,968 - root - INFO - avg hit:0.5922, avg mean rank:145.5605, topn:10.
2021-03-02 22:05:39,903 - root - INFO - head hit:0.3386, head mean rank:274.3386, topn:10.
2021-03-02 22:05:39,903 - root - INFO - tail hit:0.8401, tail mean rank:5.5274, topn:10.
2021-03-02 22:05:39,903 - root - INFO - avg hit:0.5893, avg mean rank:139.9330, topn:10.
2021-03-02 22:05:39,904 - root - INFO - No improvement after one epoch. Lowering learning rate.
2021-03-02 22:07:32,630 - root - INFO - rec train loss:0.0001, kg train loss:0.0000!
2021-03-02 22:07:33,971 - root - INFO - f1:0.3501, p:0.4112, r:0.4044, hit:0.8929, ndcg:0.8159, topn:10.
2021-03-02 22:07:35,213 - root - INFO - f1:0.3669, p:0.5773, r:0.3357, hit:0.9555, ndcg:0.8855, topn:10.
2021-03-02 22:07:35,811 - root - INFO - head hit:0.3631, head mean rank:285.4121, topn:10.
2021-03-02 22:07:35,811 - root - INFO - tail hit:0.8242, tail mean rank:5.9020, topn:10.
2021-03-02 22:07:35,812 - root - INFO - avg hit:0.5937, avg mean rank:145.6571, topn:10.
2021-03-02 22:07:36,789 - root - INFO - head hit:0.3372, head mean rank:274.7522, topn:10.
2021-03-02 22:07:36,789 - root - INFO - tail hit:0.8372, tail mean rank:5.4841, topn:10.
2021-03-02 22:07:36,789 - root - INFO - avg hit:0.5872, avg mean rank:140.1182, topn:10.
2021-03-02 22:07:36,791 - root - INFO - No improvement after one epoch. Lowering learning rate.
2021-03-02 22:09:28,300 - root - INFO - rec train loss:0.0000, kg train loss:0.0000!
2021-03-02 22:09:29,625 - root - INFO - f1:0.3503, p:0.4115, r:0.4048, hit:0.8940, ndcg:0.8167, topn:10.
2021-03-02 22:09:30,967 - root - INFO - f1:0.3671, p:0.5774, r:0.3360, hit:0.9555, ndcg:0.8854, topn:10.
2021-03-02 22:09:31,565 - root - INFO - head hit:0.3602, head mean rank:285.4121, topn:10.
2021-03-02 22:09:31,566 - root - INFO - tail hit:0.8213, tail mean rank:5.8963, topn:10.
2021-03-02 22:09:31,566 - root - INFO - avg hit:0.5908, avg mean rank:145.6542, topn:10.
2021-03-02 22:09:32,461 - root - INFO - head hit:0.3386, head mean rank:274.8530, topn:10.
2021-03-02 22:09:32,461 - root - INFO - tail hit:0.8372, tail mean rank:5.4553, topn:10.
2021-03-02 22:09:32,461 - root - INFO - avg hit:0.5879, avg mean rank:140.1542, topn:10.
2021-03-02 22:09:32,462 - root - INFO - No improvement after one epoch. Lowering learning rate.
2021-03-02 22:09:32,499 - root - INFO - No improvement after 51960 steps. Stopping training.
2021-03-02 22:09:34,110 - root - INFO - From CaseRecommender evaluator: {'PREC@10': 0.411453, 'RECALL@10': 0.404831, 'NDCG@10': 0.816691, 'MAP@10': 0.771861, 'MAP': 0.771861}.
2021-03-02 22:09:34,389 - root - INFO - From kg-summ-rec diversity evaluator: {'GENRE_COVERAGE@10': 0.470042, 'GENRE_REDUNDANCY@10': 0.437621, 'ILD_GENRE@10': 0.809355}.
2021-03-02 22:09:36,140 - root - INFO - From CaseRecommender evaluator: {'PREC@10': 0.577413, 'RECALL@10': 0.336048, 'NDCG@10': 0.885383, 'MAP@10': 0.846864, 'MAP': 0.846864}.
2021-03-02 22:09:36,344 - root - INFO - From kg-summ-rec diversity evaluator: {'GENRE_COVERAGE@10': 0.464298, 'GENRE_REDUNDANCY@10': 0.430931, 'ILD_GENRE@10': 0.803957}.
