2021-03-27 21:34:34,832 - root - INFO - Flag Values:
{
    "L1_flag": true,
    "batch_size": 256,
    "ckpt_path": "/home/juarez/git/results/JIIS-revised-exp3/ml-cao_ho_sKG_ig-mv-complex-25/",
    "clipping_max_value": 5.0,
    "data_path": "/home/juarez/git/datasets/JIIS-revised-exp3/ml-cao_ho_sKG_ig-mv-complex-25/cao-format/",
    "dataset": "ml1m",
    "early_stopping_steps_to_wait": 45750,
    "embedding_size": 100,
    "eval_interval_steps": 9150,
    "eval_only_mode": false,
    "experiment_name": "ml1m-transe-1616891674",
    "filter_wrong_corrupted": true,
    "has_visualization": false,
    "is_report": false,
    "joint_ratio": 0.5,
    "kg_lambda": 1.0,
    "kg_test_files": "valid.dat:test.dat",
    "l2_lambda": 0.0,
    "learning_rate": 0.001,
    "learning_rate_decay_when_no_progress": 0.5,
    "load_ckpt_file": null,
    "load_experiment_name": null,
    "log_level": "debug",
    "log_path": "/home/juarez/git/results/JIIS-revised-exp3/ml-cao_ho_sKG_ig-mv-complex-25/",
    "margin": 1.0,
    "max_queue": 10,
    "model_type": "transe",
    "momentum": 0.9,
    "negtive_samples": 1,
    "norm_lambda": 1.0,
    "num_preferences": 4,
    "num_processes": 4,
    "optimizer_type": "Adam",
    "rec_test_files": null,
    "seed": 0,
    "share_embeddings": false,
    "topn": 10,
    "training_steps": 915000,
    "use_st_gumbel": false,
    "visualization_port": 8097
}
2021-03-27 21:34:35,819 - root - INFO - Totally 217086 train triples, 30987,61963 eval triples in files: /home/juarez/git/datasets/JIIS-revised-exp3/ml-cao_ho_sKG_ig-mv-complex-25/cao-format/ml1m/kg/valid.dat;/home/juarez/git/datasets/JIIS-revised-exp3/ml-cao_ho_sKG_ig-mv-complex-25/cao-format/ml1m/kg/test.dat!
2021-03-27 21:34:35,827 - root - INFO - successfully load 7979 entities and 20 relations!
2021-03-27 21:34:36,036 - root - INFO - Building model.
2021-03-27 21:34:37,369 - root - INFO - Architecture: TransEModel(
  (ent_embeddings): Embedding(7979, 100)
  (rel_embeddings): Embedding(20, 100)
)
2021-03-27 21:34:37,370 - root - INFO - Total params: 799900.0
2021-03-27 21:34:37,374 - root - INFO - One epoch is 848 steps.
2021-03-27 21:34:37,374 - root - INFO - Training.
2021-03-27 21:34:37,375 - root - INFO - train loss:0.0000!
2021-03-27 21:35:17,178 - root - INFO - head hit:0.0013, head mean rank:3867.5234, topn:10.
2021-03-27 21:35:17,179 - root - INFO - tail hit:0.0012, tail mean rank:4000.1244, topn:10.
2021-03-27 21:35:17,179 - root - INFO - avg hit:0.0012, avg mean rank:3933.8239, topn:10.
2021-03-27 21:36:14,077 - root - INFO - head hit:0.0012, head mean rank:3884.7172, topn:10.
2021-03-27 21:36:14,078 - root - INFO - tail hit:0.0013, tail mean rank:3991.4590, topn:10.
2021-03-27 21:36:14,078 - root - INFO - avg hit:0.0013, avg mean rank:3938.0881, topn:10.
2021-03-27 21:37:01,744 - root - INFO - train loss:67.8701!
2021-03-27 21:37:35,916 - root - INFO - head hit:0.0576, head mean rank:869.6181, topn:10.
2021-03-27 21:37:35,916 - root - INFO - tail hit:0.1337, tail mean rank:655.7698, topn:10.
2021-03-27 21:37:35,916 - root - INFO - avg hit:0.0957, avg mean rank:762.6940, topn:10.
2021-03-27 21:38:23,863 - root - INFO - head hit:0.0568, head mean rank:867.3216, topn:10.
2021-03-27 21:38:23,864 - root - INFO - tail hit:0.1323, tail mean rank:664.3800, topn:10.
2021-03-27 21:38:23,864 - root - INFO - avg hit:0.0945, avg mean rank:765.8508, topn:10.
2021-03-27 21:38:23,894 - root - INFO - Checkpointing ...
2021-03-27 21:39:12,512 - root - INFO - train loss:27.7371!
2021-03-27 21:39:46,126 - root - INFO - head hit:0.0768, head mean rank:723.6708, topn:10.
2021-03-27 21:39:46,127 - root - INFO - tail hit:0.1619, tail mean rank:561.5817, topn:10.
2021-03-27 21:39:46,127 - root - INFO - avg hit:0.1194, avg mean rank:642.6263, topn:10.
2021-03-27 21:40:33,683 - root - INFO - head hit:0.0775, head mean rank:713.5027, topn:10.
2021-03-27 21:40:33,684 - root - INFO - tail hit:0.1614, tail mean rank:563.6304, topn:10.
2021-03-27 21:40:33,684 - root - INFO - avg hit:0.1194, avg mean rank:638.5665, topn:10.
2021-03-27 21:40:33,718 - root - INFO - Checkpointing ...
2021-03-27 21:41:22,971 - root - INFO - train loss:23.0445!
2021-03-27 21:41:55,753 - root - INFO - head hit:0.0875, head mean rank:676.0295, topn:10.
2021-03-27 21:41:55,754 - root - INFO - tail hit:0.1761, tail mean rank:525.2633, topn:10.
2021-03-27 21:41:55,754 - root - INFO - avg hit:0.1318, avg mean rank:600.6464, topn:10.
2021-03-27 21:42:44,348 - root - INFO - head hit:0.0878, head mean rank:667.7037, topn:10.
2021-03-27 21:42:44,349 - root - INFO - tail hit:0.1793, tail mean rank:531.5598, topn:10.
2021-03-27 21:42:44,349 - root - INFO - avg hit:0.1336, avg mean rank:599.6318, topn:10.
2021-03-27 21:42:44,378 - root - INFO - Checkpointing ...
2021-03-27 21:43:31,960 - root - INFO - train loss:21.0131!
2021-03-27 21:44:05,154 - root - INFO - head hit:0.0927, head mean rank:644.8903, topn:10.
2021-03-27 21:44:05,155 - root - INFO - tail hit:0.1842, tail mean rank:510.7648, topn:10.
2021-03-27 21:44:05,155 - root - INFO - avg hit:0.1385, avg mean rank:577.8276, topn:10.
2021-03-27 21:44:52,156 - root - INFO - head hit:0.0903, head mean rank:648.9920, topn:10.
2021-03-27 21:44:52,156 - root - INFO - tail hit:0.1837, tail mean rank:524.5462, topn:10.
2021-03-27 21:44:52,156 - root - INFO - avg hit:0.1370, avg mean rank:586.7691, topn:10.
2021-03-27 21:44:52,185 - root - INFO - Checkpointing ...
2021-03-27 21:45:40,058 - root - INFO - train loss:20.0311!
2021-03-27 21:46:13,805 - root - INFO - head hit:0.0949, head mean rank:629.7350, topn:10.
2021-03-27 21:46:13,806 - root - INFO - tail hit:0.1895, tail mean rank:493.0833, topn:10.
2021-03-27 21:46:13,806 - root - INFO - avg hit:0.1422, avg mean rank:561.4091, topn:10.
2021-03-27 21:47:00,114 - root - INFO - head hit:0.0942, head mean rank:632.6809, topn:10.
2021-03-27 21:47:00,114 - root - INFO - tail hit:0.1904, tail mean rank:505.9499, topn:10.
2021-03-27 21:47:00,114 - root - INFO - avg hit:0.1423, avg mean rank:569.3154, topn:10.
2021-03-27 21:47:00,145 - root - INFO - Checkpointing ...
2021-03-27 21:47:47,507 - root - INFO - train loss:19.2734!
2021-03-27 21:48:20,578 - root - INFO - head hit:0.0987, head mean rank:616.8222, topn:10.
2021-03-27 21:48:20,578 - root - INFO - tail hit:0.1955, tail mean rank:493.2372, topn:10.
2021-03-27 21:48:20,578 - root - INFO - avg hit:0.1471, avg mean rank:555.0297, topn:10.
2021-03-27 21:49:07,623 - root - INFO - head hit:0.0966, head mean rank:616.8874, topn:10.
2021-03-27 21:49:07,624 - root - INFO - tail hit:0.1916, tail mean rank:501.3511, topn:10.
2021-03-27 21:49:07,624 - root - INFO - avg hit:0.1441, avg mean rank:559.1193, topn:10.
2021-03-27 21:49:07,654 - root - INFO - Checkpointing ...
2021-03-27 21:49:55,915 - root - INFO - train loss:18.7694!
2021-03-27 21:50:29,629 - root - INFO - head hit:0.1022, head mean rank:616.5834, topn:10.
2021-03-27 21:50:29,629 - root - INFO - tail hit:0.1936, tail mean rank:489.1857, topn:10.
2021-03-27 21:50:29,629 - root - INFO - avg hit:0.1479, avg mean rank:552.8846, topn:10.
2021-03-27 21:51:15,718 - root - INFO - head hit:0.0998, head mean rank:621.8558, topn:10.
2021-03-27 21:51:15,719 - root - INFO - tail hit:0.1929, tail mean rank:502.8500, topn:10.
2021-03-27 21:51:15,719 - root - INFO - avg hit:0.1464, avg mean rank:562.3529, topn:10.
2021-03-27 21:51:15,750 - root - INFO - Checkpointing ...
2021-03-27 21:52:03,557 - root - INFO - train loss:18.3773!
2021-03-27 21:52:36,839 - root - INFO - head hit:0.1006, head mean rank:607.2417, topn:10.
2021-03-27 21:52:36,839 - root - INFO - tail hit:0.1917, tail mean rank:479.9927, topn:10.
2021-03-27 21:52:36,839 - root - INFO - avg hit:0.1462, avg mean rank:543.6172, topn:10.
2021-03-27 21:53:24,069 - root - INFO - head hit:0.0992, head mean rank:613.0714, topn:10.
2021-03-27 21:53:24,069 - root - INFO - tail hit:0.1886, tail mean rank:496.5419, topn:10.
2021-03-27 21:53:24,070 - root - INFO - avg hit:0.1439, avg mean rank:554.8067, topn:10.
2021-03-27 21:53:24,103 - root - INFO - No improvement after one epoch. Lowering learning rate.
2021-03-27 21:54:11,741 - root - INFO - train loss:12.3269!
2021-03-27 21:54:44,614 - root - INFO - head hit:0.1294, head mean rank:522.1989, topn:10.
2021-03-27 21:54:44,614 - root - INFO - tail hit:0.2321, tail mean rank:413.6127, topn:10.
2021-03-27 21:54:44,614 - root - INFO - avg hit:0.1808, avg mean rank:467.9058, topn:10.
2021-03-27 21:55:30,869 - root - INFO - head hit:0.1244, head mean rank:526.9989, topn:10.
2021-03-27 21:55:30,870 - root - INFO - tail hit:0.2287, tail mean rank:429.3239, topn:10.
2021-03-27 21:55:30,870 - root - INFO - avg hit:0.1766, avg mean rank:478.1614, topn:10.
2021-03-27 21:55:30,899 - root - INFO - Checkpointing ...
2021-03-27 21:56:18,513 - root - INFO - train loss:10.5633!
2021-03-27 21:56:52,535 - root - INFO - head hit:0.1344, head mean rank:517.3426, topn:10.
2021-03-27 21:56:52,535 - root - INFO - tail hit:0.2314, tail mean rank:417.0879, topn:10.
2021-03-27 21:56:52,535 - root - INFO - avg hit:0.1829, avg mean rank:467.2152, topn:10.
2021-03-27 21:57:38,705 - root - INFO - head hit:0.1288, head mean rank:522.1426, topn:10.
2021-03-27 21:57:38,705 - root - INFO - tail hit:0.2332, tail mean rank:430.2620, topn:10.
2021-03-27 21:57:38,705 - root - INFO - avg hit:0.1810, avg mean rank:476.2023, topn:10.
2021-03-27 21:57:38,735 - root - INFO - Checkpointing ...
2021-03-27 21:58:26,380 - root - INFO - train loss:10.0929!
2021-03-27 21:58:59,224 - root - INFO - head hit:0.1411, head mean rank:513.2886, topn:10.
2021-03-27 21:58:59,224 - root - INFO - tail hit:0.2391, tail mean rank:414.9353, topn:10.
2021-03-27 21:58:59,225 - root - INFO - avg hit:0.1901, avg mean rank:464.1120, topn:10.
2021-03-27 21:59:46,579 - root - INFO - head hit:0.1384, head mean rank:521.0680, topn:10.
2021-03-27 21:59:46,580 - root - INFO - tail hit:0.2355, tail mean rank:433.2751, topn:10.
2021-03-27 21:59:46,580 - root - INFO - avg hit:0.1870, avg mean rank:477.1715, topn:10.
2021-03-27 21:59:46,611 - root - INFO - Checkpointing ...
2021-03-27 22:00:34,631 - root - INFO - train loss:9.8214!
2021-03-27 22:01:07,640 - root - INFO - head hit:0.1364, head mean rank:518.7712, topn:10.
2021-03-27 22:01:07,640 - root - INFO - tail hit:0.2439, tail mean rank:419.9596, topn:10.
2021-03-27 22:01:07,640 - root - INFO - avg hit:0.1902, avg mean rank:469.3654, topn:10.
2021-03-27 22:01:54,436 - root - INFO - head hit:0.1352, head mean rank:524.4924, topn:10.
2021-03-27 22:01:54,436 - root - INFO - tail hit:0.2419, tail mean rank:432.8115, topn:10.
2021-03-27 22:01:54,436 - root - INFO - avg hit:0.1886, avg mean rank:478.6519, topn:10.
2021-03-27 22:01:54,471 - root - INFO - Checkpointing ...
2021-03-27 22:02:42,759 - root - INFO - train loss:9.5798!
2021-03-27 22:03:16,064 - root - INFO - head hit:0.1403, head mean rank:512.8199, topn:10.
2021-03-27 22:03:16,064 - root - INFO - tail hit:0.2433, tail mean rank:414.7993, topn:10.
2021-03-27 22:03:16,065 - root - INFO - avg hit:0.1918, avg mean rank:463.8096, topn:10.
2021-03-27 22:04:02,443 - root - INFO - head hit:0.1376, head mean rank:527.8067, topn:10.
2021-03-27 22:04:02,443 - root - INFO - tail hit:0.2400, tail mean rank:437.1873, topn:10.
2021-03-27 22:04:02,443 - root - INFO - avg hit:0.1888, avg mean rank:482.4970, topn:10.
2021-03-27 22:04:02,472 - root - INFO - Checkpointing ...
2021-03-27 22:04:50,220 - root - INFO - train loss:9.4830!
2021-03-27 22:05:22,362 - root - INFO - head hit:0.1399, head mean rank:518.0371, topn:10.
2021-03-27 22:05:22,362 - root - INFO - tail hit:0.2477, tail mean rank:419.5647, topn:10.
2021-03-27 22:05:22,365 - root - INFO - avg hit:0.1938, avg mean rank:468.8009, topn:10.
2021-03-27 22:06:10,221 - root - INFO - head hit:0.1394, head mean rank:526.2282, topn:10.
2021-03-27 22:06:10,222 - root - INFO - tail hit:0.2434, tail mean rank:434.5851, topn:10.
2021-03-27 22:06:10,222 - root - INFO - avg hit:0.1914, avg mean rank:480.4067, topn:10.
2021-03-27 22:06:10,254 - root - INFO - Checkpointing ...
2021-03-27 22:06:57,907 - root - INFO - train loss:9.4250!
2021-03-27 22:07:31,041 - root - INFO - head hit:0.1424, head mean rank:516.3251, topn:10.
2021-03-27 22:07:31,041 - root - INFO - tail hit:0.2476, tail mean rank:425.0076, topn:10.
2021-03-27 22:07:31,041 - root - INFO - avg hit:0.1950, avg mean rank:470.6664, topn:10.
2021-03-27 22:08:16,893 - root - INFO - head hit:0.1408, head mean rank:527.2963, topn:10.
2021-03-27 22:08:16,893 - root - INFO - tail hit:0.2438, tail mean rank:440.0455, topn:10.
2021-03-27 22:08:16,893 - root - INFO - avg hit:0.1923, avg mean rank:483.6709, topn:10.
2021-03-27 22:08:16,925 - root - INFO - Checkpointing ...
2021-03-27 22:09:04,886 - root - INFO - train loss:9.2612!
2021-03-27 22:09:38,345 - root - INFO - head hit:0.1424, head mean rank:516.4145, topn:10.
2021-03-27 22:09:38,345 - root - INFO - tail hit:0.2430, tail mean rank:421.5870, topn:10.
2021-03-27 22:09:38,345 - root - INFO - avg hit:0.1927, avg mean rank:469.0007, topn:10.
2021-03-27 22:10:24,189 - root - INFO - head hit:0.1413, head mean rank:527.1912, topn:10.
2021-03-27 22:10:24,190 - root - INFO - tail hit:0.2429, tail mean rank:435.5306, topn:10.
2021-03-27 22:10:24,190 - root - INFO - avg hit:0.1921, avg mean rank:481.3609, topn:10.
2021-03-27 22:10:24,220 - root - INFO - No improvement after one epoch. Lowering learning rate.
2021-03-27 22:11:12,153 - root - INFO - train loss:7.2880!
2021-03-27 22:11:45,254 - root - INFO - head hit:0.1607, head mean rank:479.0042, topn:10.
2021-03-27 22:11:45,255 - root - INFO - tail hit:0.2699, tail mean rank:391.6810, topn:10.
2021-03-27 22:11:45,255 - root - INFO - avg hit:0.2153, avg mean rank:435.3426, topn:10.
2021-03-27 22:12:32,481 - root - INFO - head hit:0.1600, head mean rank:489.8107, topn:10.
2021-03-27 22:12:32,481 - root - INFO - tail hit:0.2686, tail mean rank:407.1000, topn:10.
2021-03-27 22:12:32,481 - root - INFO - avg hit:0.2143, avg mean rank:448.4553, topn:10.
2021-03-27 22:12:32,511 - root - INFO - Checkpointing ...
2021-03-27 22:13:20,211 - root - INFO - train loss:6.4237!
2021-03-27 22:13:52,222 - root - INFO - head hit:0.1647, head mean rank:477.2004, topn:10.
2021-03-27 22:13:52,223 - root - INFO - tail hit:0.2723, tail mean rank:390.0838, topn:10.
2021-03-27 22:13:52,223 - root - INFO - avg hit:0.2185, avg mean rank:433.6421, topn:10.
2021-03-27 22:14:38,184 - root - INFO - head hit:0.1610, head mean rank:490.3854, topn:10.
2021-03-27 22:14:38,185 - root - INFO - tail hit:0.2712, tail mean rank:405.1574, topn:10.
2021-03-27 22:14:38,185 - root - INFO - avg hit:0.2161, avg mean rank:447.7714, topn:10.
2021-03-27 22:14:38,216 - root - INFO - Checkpointing ...
2021-03-27 22:15:25,970 - root - INFO - train loss:6.1474!
2021-03-27 22:15:59,048 - root - INFO - head hit:0.1703, head mean rank:477.7842, topn:10.
2021-03-27 22:15:59,048 - root - INFO - tail hit:0.2751, tail mean rank:395.4143, topn:10.
2021-03-27 22:15:59,048 - root - INFO - avg hit:0.2227, avg mean rank:436.5993, topn:10.
2021-03-27 22:16:45,500 - root - INFO - head hit:0.1671, head mean rank:489.6673, topn:10.
2021-03-27 22:16:45,501 - root - INFO - tail hit:0.2738, tail mean rank:410.0163, topn:10.
2021-03-27 22:16:45,501 - root - INFO - avg hit:0.2204, avg mean rank:449.8418, topn:10.
2021-03-27 22:16:45,531 - root - INFO - Checkpointing ...
2021-03-27 22:17:33,101 - root - INFO - train loss:6.0137!
2021-03-27 22:18:05,637 - root - INFO - head hit:0.1716, head mean rank:480.2401, topn:10.
2021-03-27 22:18:05,637 - root - INFO - tail hit:0.2750, tail mean rank:393.1956, topn:10.
2021-03-27 22:18:05,637 - root - INFO - avg hit:0.2233, avg mean rank:436.7178, topn:10.
2021-03-27 22:18:51,892 - root - INFO - head hit:0.1693, head mean rank:491.8073, topn:10.
2021-03-27 22:18:51,893 - root - INFO - tail hit:0.2743, tail mean rank:408.7784, topn:10.
2021-03-27 22:18:51,893 - root - INFO - avg hit:0.2218, avg mean rank:450.2929, topn:10.
2021-03-27 22:18:51,920 - root - INFO - Checkpointing ...
2021-03-27 22:19:39,374 - root - INFO - train loss:5.8969!
2021-03-27 22:20:12,027 - root - INFO - head hit:0.1725, head mean rank:481.8638, topn:10.
2021-03-27 22:20:12,028 - root - INFO - tail hit:0.2772, tail mean rank:394.6582, topn:10.
2021-03-27 22:20:12,028 - root - INFO - avg hit:0.2248, avg mean rank:438.2610, topn:10.
2021-03-27 22:20:57,954 - root - INFO - head hit:0.1679, head mean rank:489.4910, topn:10.
2021-03-27 22:20:57,954 - root - INFO - tail hit:0.2735, tail mean rank:409.9827, topn:10.
2021-03-27 22:20:57,954 - root - INFO - avg hit:0.2207, avg mean rank:449.7368, topn:10.
2021-03-27 22:20:57,984 - root - INFO - Checkpointing ...
2021-03-27 22:21:46,394 - root - INFO - train loss:5.8241!
2021-03-27 22:22:18,385 - root - INFO - head hit:0.1753, head mean rank:482.0067, topn:10.
2021-03-27 22:22:18,385 - root - INFO - tail hit:0.2787, tail mean rank:397.1441, topn:10.
2021-03-27 22:22:18,385 - root - INFO - avg hit:0.2270, avg mean rank:439.5754, topn:10.
2021-03-27 22:23:04,122 - root - INFO - head hit:0.1712, head mean rank:492.8333, topn:10.
2021-03-27 22:23:04,122 - root - INFO - tail hit:0.2767, tail mean rank:410.3726, topn:10.
2021-03-27 22:23:04,122 - root - INFO - avg hit:0.2239, avg mean rank:451.6030, topn:10.
2021-03-27 22:23:04,153 - root - INFO - Checkpointing ...
2021-03-27 22:23:51,576 - root - INFO - train loss:5.7792!
2021-03-27 22:24:24,032 - root - INFO - head hit:0.1755, head mean rank:483.9218, topn:10.
2021-03-27 22:24:24,032 - root - INFO - tail hit:0.2798, tail mean rank:402.1622, topn:10.
2021-03-27 22:24:24,033 - root - INFO - avg hit:0.2276, avg mean rank:443.0420, topn:10.
2021-03-27 22:25:10,361 - root - INFO - head hit:0.1696, head mean rank:492.1419, topn:10.
2021-03-27 22:25:10,361 - root - INFO - tail hit:0.2758, tail mean rank:408.9466, topn:10.
2021-03-27 22:25:10,361 - root - INFO - avg hit:0.2227, avg mean rank:450.5443, topn:10.
2021-03-27 22:25:10,391 - root - INFO - Checkpointing ...
2021-03-27 22:25:58,242 - root - INFO - train loss:5.7154!
2021-03-27 22:26:31,091 - root - INFO - head hit:0.1763, head mean rank:485.9502, topn:10.
2021-03-27 22:26:31,091 - root - INFO - tail hit:0.2817, tail mean rank:401.0685, topn:10.
2021-03-27 22:26:31,091 - root - INFO - avg hit:0.2290, avg mean rank:443.5094, topn:10.
2021-03-27 22:27:18,068 - root - INFO - head hit:0.1732, head mean rank:494.5927, topn:10.
2021-03-27 22:27:18,069 - root - INFO - tail hit:0.2770, tail mean rank:411.0072, topn:10.
2021-03-27 22:27:18,069 - root - INFO - avg hit:0.2251, avg mean rank:452.8000, topn:10.
2021-03-27 22:27:18,098 - root - INFO - Checkpointing ...
2021-03-27 22:28:06,009 - root - INFO - train loss:5.6667!
2021-03-27 22:28:38,861 - root - INFO - head hit:0.1770, head mean rank:484.0992, topn:10.
2021-03-27 22:28:38,861 - root - INFO - tail hit:0.2842, tail mean rank:402.0006, topn:10.
2021-03-27 22:28:38,861 - root - INFO - avg hit:0.2306, avg mean rank:443.0499, topn:10.
2021-03-27 22:29:24,795 - root - INFO - head hit:0.1726, head mean rank:495.1941, topn:10.
2021-03-27 22:29:24,795 - root - INFO - tail hit:0.2805, tail mean rank:414.3129, topn:10.
2021-03-27 22:29:24,796 - root - INFO - avg hit:0.2265, avg mean rank:454.7535, topn:10.
2021-03-27 22:29:24,826 - root - INFO - Checkpointing ...
2021-03-27 22:30:12,582 - root - INFO - train loss:5.6338!
2021-03-27 22:30:45,700 - root - INFO - head hit:0.1743, head mean rank:489.4899, topn:10.
2021-03-27 22:30:45,700 - root - INFO - tail hit:0.2810, tail mean rank:402.3761, topn:10.
2021-03-27 22:30:45,701 - root - INFO - avg hit:0.2276, avg mean rank:445.9330, topn:10.
2021-03-27 22:31:32,689 - root - INFO - head hit:0.1733, head mean rank:497.6587, topn:10.
2021-03-27 22:31:32,689 - root - INFO - tail hit:0.2783, tail mean rank:417.2352, topn:10.
2021-03-27 22:31:32,689 - root - INFO - avg hit:0.2258, avg mean rank:457.4469, topn:10.
2021-03-27 22:31:32,720 - root - INFO - No improvement after one epoch. Lowering learning rate.
2021-03-27 22:32:19,779 - root - INFO - train loss:4.9306!
2021-03-27 22:32:52,557 - root - INFO - head hit:0.1888, head mean rank:469.8102, topn:10.
2021-03-27 22:32:52,557 - root - INFO - tail hit:0.2939, tail mean rank:386.2869, topn:10.
2021-03-27 22:32:52,557 - root - INFO - avg hit:0.2414, avg mean rank:428.0486, topn:10.
2021-03-27 22:33:39,329 - root - INFO - head hit:0.1838, head mean rank:480.0301, topn:10.
2021-03-27 22:33:39,329 - root - INFO - tail hit:0.2904, tail mean rank:402.1229, topn:10.
2021-03-27 22:33:39,329 - root - INFO - avg hit:0.2371, avg mean rank:441.0765, topn:10.
2021-03-27 22:33:39,362 - root - INFO - Checkpointing ...
2021-03-27 22:34:30,965 - root - INFO - train loss:4.5648!
2021-03-27 22:35:03,466 - root - INFO - head hit:0.1913, head mean rank:470.7900, topn:10.
2021-03-27 22:35:03,466 - root - INFO - tail hit:0.2957, tail mean rank:387.6858, topn:10.
2021-03-27 22:35:03,466 - root - INFO - avg hit:0.2435, avg mean rank:429.2379, topn:10.
2021-03-27 22:35:49,664 - root - INFO - head hit:0.1854, head mean rank:482.4008, topn:10.
2021-03-27 22:35:49,664 - root - INFO - tail hit:0.2937, tail mean rank:403.1498, topn:10.
2021-03-27 22:35:49,664 - root - INFO - avg hit:0.2396, avg mean rank:442.7753, topn:10.
2021-03-27 22:35:49,692 - root - INFO - Checkpointing ...
2021-03-27 22:36:40,505 - root - INFO - train loss:4.3950!
2021-03-27 22:37:13,208 - root - INFO - head hit:0.1940, head mean rank:470.1583, topn:10.
2021-03-27 22:37:13,208 - root - INFO - tail hit:0.2966, tail mean rank:387.8722, topn:10.
2021-03-27 22:37:13,209 - root - INFO - avg hit:0.2453, avg mean rank:429.0152, topn:10.
2021-03-27 22:37:59,521 - root - INFO - head hit:0.1889, head mean rank:481.0424, topn:10.
2021-03-27 22:37:59,521 - root - INFO - tail hit:0.2937, tail mean rank:403.1923, topn:10.
2021-03-27 22:37:59,521 - root - INFO - avg hit:0.2413, avg mean rank:442.1173, topn:10.
2021-03-27 22:37:59,552 - root - INFO - Checkpointing ...
2021-03-27 22:38:48,459 - root - INFO - train loss:4.3042!
2021-03-27 22:39:21,807 - root - INFO - head hit:0.1972, head mean rank:468.9904, topn:10.
2021-03-27 22:39:21,807 - root - INFO - tail hit:0.2977, tail mean rank:389.5984, topn:10.
2021-03-27 22:39:21,807 - root - INFO - avg hit:0.2474, avg mean rank:429.2944, topn:10.
2021-03-27 22:40:07,941 - root - INFO - head hit:0.1904, head mean rank:481.9146, topn:10.
2021-03-27 22:40:07,942 - root - INFO - tail hit:0.2951, tail mean rank:405.2284, topn:10.
2021-03-27 22:40:07,942 - root - INFO - avg hit:0.2428, avg mean rank:443.5715, topn:10.
2021-03-27 22:40:07,972 - root - INFO - Checkpointing ...
2021-03-27 22:40:55,131 - root - INFO - train loss:4.2797!
2021-03-27 22:41:26,702 - root - INFO - head hit:0.1957, head mean rank:471.9813, topn:10.
2021-03-27 22:41:26,702 - root - INFO - tail hit:0.3007, tail mean rank:389.2512, topn:10.
2021-03-27 22:41:26,702 - root - INFO - avg hit:0.2482, avg mean rank:430.6162, topn:10.
2021-03-27 22:42:12,825 - root - INFO - head hit:0.1892, head mean rank:482.8871, topn:10.
2021-03-27 22:42:12,825 - root - INFO - tail hit:0.2962, tail mean rank:405.5229, topn:10.
2021-03-27 22:42:12,825 - root - INFO - avg hit:0.2427, avg mean rank:444.2050, topn:10.
2021-03-27 22:42:12,856 - root - INFO - Checkpointing ...
2021-03-27 22:43:00,344 - root - INFO - train loss:4.2150!
2021-03-27 22:43:33,060 - root - INFO - head hit:0.1984, head mean rank:470.1443, topn:10.
2021-03-27 22:43:33,060 - root - INFO - tail hit:0.2999, tail mean rank:390.5914, topn:10.
2021-03-27 22:43:33,060 - root - INFO - avg hit:0.2492, avg mean rank:430.3678, topn:10.
2021-03-27 22:44:18,943 - root - INFO - head hit:0.1916, head mean rank:481.9079, topn:10.
2021-03-27 22:44:18,943 - root - INFO - tail hit:0.2969, tail mean rank:407.5047, topn:10.
2021-03-27 22:44:18,944 - root - INFO - avg hit:0.2443, avg mean rank:444.7063, topn:10.
2021-03-27 22:44:18,973 - root - INFO - Checkpointing ...
2021-03-27 22:45:06,544 - root - INFO - train loss:4.1490!
2021-03-27 22:45:39,688 - root - INFO - head hit:0.1985, head mean rank:471.1898, topn:10.
2021-03-27 22:45:39,689 - root - INFO - tail hit:0.3029, tail mean rank:391.8373, topn:10.
2021-03-27 22:45:39,689 - root - INFO - avg hit:0.2507, avg mean rank:431.5135, topn:10.
2021-03-27 22:46:25,678 - root - INFO - head hit:0.1924, head mean rank:483.5570, topn:10.
2021-03-27 22:46:25,679 - root - INFO - tail hit:0.2984, tail mean rank:407.4555, topn:10.
2021-03-27 22:46:25,679 - root - INFO - avg hit:0.2454, avg mean rank:445.5062, topn:10.
2021-03-27 22:46:25,710 - root - INFO - Checkpointing ...
2021-03-27 22:47:13,012 - root - INFO - train loss:4.1501!
2021-03-27 22:47:46,181 - root - INFO - head hit:0.1976, head mean rank:471.7624, topn:10.
2021-03-27 22:47:46,181 - root - INFO - tail hit:0.2995, tail mean rank:390.8465, topn:10.
2021-03-27 22:47:46,182 - root - INFO - avg hit:0.2485, avg mean rank:431.3044, topn:10.
2021-03-27 22:48:32,143 - root - INFO - head hit:0.1922, head mean rank:483.3272, topn:10.
2021-03-27 22:48:32,143 - root - INFO - tail hit:0.2983, tail mean rank:406.5790, topn:10.
2021-03-27 22:48:32,144 - root - INFO - avg hit:0.2453, avg mean rank:444.9531, topn:10.
2021-03-27 22:48:32,174 - root - INFO - No improvement after one epoch. Lowering learning rate.
2021-03-27 22:49:19,371 - root - INFO - train loss:3.9303!
2021-03-27 22:49:51,943 - root - INFO - head hit:0.2036, head mean rank:465.5083, topn:10.
2021-03-27 22:49:51,943 - root - INFO - tail hit:0.3039, tail mean rank:386.4716, topn:10.
2021-03-27 22:49:51,943 - root - INFO - avg hit:0.2538, avg mean rank:425.9900, topn:10.
2021-03-27 22:50:38,305 - root - INFO - head hit:0.1971, head mean rank:477.3474, topn:10.
2021-03-27 22:50:38,306 - root - INFO - tail hit:0.3013, tail mean rank:402.5374, topn:10.
2021-03-27 22:50:38,306 - root - INFO - avg hit:0.2492, avg mean rank:439.9424, topn:10.
2021-03-27 22:50:38,335 - root - INFO - Checkpointing ...
2021-03-27 22:51:25,528 - root - INFO - train loss:3.7371!
2021-03-27 22:51:58,409 - root - INFO - head hit:0.2044, head mean rank:464.0174, topn:10.
2021-03-27 22:51:58,409 - root - INFO - tail hit:0.3063, tail mean rank:385.9975, topn:10.
2021-03-27 22:51:58,409 - root - INFO - avg hit:0.2553, avg mean rank:425.0074, topn:10.
2021-03-27 22:52:44,381 - root - INFO - head hit:0.1995, head mean rank:475.7251, topn:10.
2021-03-27 22:52:44,381 - root - INFO - tail hit:0.3036, tail mean rank:402.1482, topn:10.
2021-03-27 22:52:44,381 - root - INFO - avg hit:0.2515, avg mean rank:438.9367, topn:10.
2021-03-27 22:52:44,412 - root - INFO - Checkpointing ...
2021-03-27 22:53:31,686 - root - INFO - train loss:3.6338!
2021-03-27 22:54:04,946 - root - INFO - head hit:0.2072, head mean rank:464.6718, topn:10.
2021-03-27 22:54:04,946 - root - INFO - tail hit:0.3075, tail mean rank:386.8982, topn:10.
2021-03-27 22:54:04,946 - root - INFO - avg hit:0.2573, avg mean rank:425.7850, topn:10.
2021-03-27 22:54:51,323 - root - INFO - head hit:0.2018, head mean rank:475.9855, topn:10.
2021-03-27 22:54:51,323 - root - INFO - tail hit:0.3064, tail mean rank:402.6132, topn:10.
2021-03-27 22:54:51,323 - root - INFO - avg hit:0.2541, avg mean rank:439.2994, topn:10.
2021-03-27 22:54:51,354 - root - INFO - Checkpointing ...
2021-03-27 22:55:39,169 - root - INFO - train loss:3.5867!
2021-03-27 22:56:12,576 - root - INFO - head hit:0.2084, head mean rank:464.0936, topn:10.
2021-03-27 22:56:12,576 - root - INFO - tail hit:0.3089, tail mean rank:385.3131, topn:10.
2021-03-27 22:56:12,577 - root - INFO - avg hit:0.2587, avg mean rank:424.7033, topn:10.
2021-03-27 22:56:58,774 - root - INFO - head hit:0.2035, head mean rank:476.5615, topn:10.
2021-03-27 22:56:58,774 - root - INFO - tail hit:0.3058, tail mean rank:400.6634, topn:10.
2021-03-27 22:56:58,774 - root - INFO - avg hit:0.2547, avg mean rank:438.6125, topn:10.
2021-03-27 22:56:58,805 - root - INFO - Checkpointing ...
2021-03-27 22:57:46,396 - root - INFO - train loss:3.5405!
2021-03-27 22:58:19,519 - root - INFO - head hit:0.2088, head mean rank:466.3857, topn:10.
2021-03-27 22:58:19,520 - root - INFO - tail hit:0.3091, tail mean rank:385.4386, topn:10.
2021-03-27 22:58:19,520 - root - INFO - avg hit:0.2589, avg mean rank:425.9121, topn:10.
2021-03-27 22:59:06,024 - root - INFO - head hit:0.2033, head mean rank:478.5774, topn:10.
2021-03-27 22:59:06,024 - root - INFO - tail hit:0.3060, tail mean rank:402.2126, topn:10.
2021-03-27 22:59:06,024 - root - INFO - avg hit:0.2547, avg mean rank:440.3950, topn:10.
2021-03-27 22:59:06,054 - root - INFO - Checkpointing ...
2021-03-27 22:59:53,547 - root - INFO - train loss:3.5060!
2021-03-27 23:00:26,150 - root - INFO - head hit:0.2100, head mean rank:465.8636, topn:10.
2021-03-27 23:00:26,151 - root - INFO - tail hit:0.3081, tail mean rank:388.1148, topn:10.
2021-03-27 23:00:26,151 - root - INFO - avg hit:0.2591, avg mean rank:426.9892, topn:10.
2021-03-27 23:01:13,720 - root - INFO - head hit:0.2043, head mean rank:477.8462, topn:10.
2021-03-27 23:01:13,721 - root - INFO - tail hit:0.3064, tail mean rank:403.0861, topn:10.
2021-03-27 23:01:13,721 - root - INFO - avg hit:0.2553, avg mean rank:440.4661, topn:10.
2021-03-27 23:01:13,755 - root - INFO - Checkpointing ...
2021-03-27 23:02:01,259 - root - INFO - train loss:3.4997!
2021-03-27 23:02:33,845 - root - INFO - head hit:0.2113, head mean rank:467.3303, topn:10.
2021-03-27 23:02:33,845 - root - INFO - tail hit:0.3084, tail mean rank:388.0377, topn:10.
2021-03-27 23:02:33,845 - root - INFO - avg hit:0.2598, avg mean rank:427.6840, topn:10.
2021-03-27 23:03:19,817 - root - INFO - head hit:0.2043, head mean rank:478.6627, topn:10.
2021-03-27 23:03:19,817 - root - INFO - tail hit:0.3072, tail mean rank:403.1062, topn:10.
2021-03-27 23:03:19,817 - root - INFO - avg hit:0.2557, avg mean rank:440.8844, topn:10.
2021-03-27 23:03:19,848 - root - INFO - Checkpointing ...
2021-03-27 23:04:07,450 - root - INFO - train loss:3.4464!
2021-03-27 23:04:40,225 - root - INFO - head hit:0.2111, head mean rank:467.2580, topn:10.
2021-03-27 23:04:40,225 - root - INFO - tail hit:0.3095, tail mean rank:388.1301, topn:10.
2021-03-27 23:04:40,225 - root - INFO - avg hit:0.2603, avg mean rank:427.6941, topn:10.
2021-03-27 23:05:26,865 - root - INFO - head hit:0.2048, head mean rank:478.9173, topn:10.
2021-03-27 23:05:26,865 - root - INFO - tail hit:0.3069, tail mean rank:404.1418, topn:10.
2021-03-27 23:05:26,865 - root - INFO - avg hit:0.2559, avg mean rank:441.5296, topn:10.
2021-03-27 23:05:26,895 - root - INFO - Checkpointing ...
2021-03-27 23:06:14,199 - root - INFO - train loss:3.4777!
2021-03-27 23:06:47,091 - root - INFO - head hit:0.2125, head mean rank:467.8318, topn:10.
2021-03-27 23:06:47,091 - root - INFO - tail hit:0.3114, tail mean rank:388.9331, topn:10.
2021-03-27 23:06:47,091 - root - INFO - avg hit:0.2619, avg mean rank:428.3825, topn:10.
2021-03-27 23:07:33,422 - root - INFO - head hit:0.2055, head mean rank:479.7939, topn:10.
2021-03-27 23:07:33,422 - root - INFO - tail hit:0.3067, tail mean rank:405.0758, topn:10.
2021-03-27 23:07:33,422 - root - INFO - avg hit:0.2561, avg mean rank:442.4349, topn:10.
2021-03-27 23:07:33,453 - root - INFO - Checkpointing ...
2021-03-27 23:08:21,216 - root - INFO - train loss:3.4211!
2021-03-27 23:08:53,577 - root - INFO - head hit:0.2138, head mean rank:466.4695, topn:10.
2021-03-27 23:08:53,577 - root - INFO - tail hit:0.3118, tail mean rank:388.4102, topn:10.
2021-03-27 23:08:53,577 - root - INFO - avg hit:0.2628, avg mean rank:427.4399, topn:10.
2021-03-27 23:09:39,803 - root - INFO - head hit:0.2074, head mean rank:479.4768, topn:10.
2021-03-27 23:09:39,804 - root - INFO - tail hit:0.3075, tail mean rank:405.5470, topn:10.
2021-03-27 23:09:39,804 - root - INFO - avg hit:0.2574, avg mean rank:442.5119, topn:10.
2021-03-27 23:09:39,834 - root - INFO - Checkpointing ...
2021-03-27 23:10:27,594 - root - INFO - train loss:3.4204!
2021-03-27 23:10:59,738 - root - INFO - head hit:0.2114, head mean rank:468.6133, topn:10.
2021-03-27 23:10:59,739 - root - INFO - tail hit:0.3124, tail mean rank:388.0884, topn:10.
2021-03-27 23:10:59,739 - root - INFO - avg hit:0.2619, avg mean rank:428.3509, topn:10.
2021-03-27 23:11:45,355 - root - INFO - head hit:0.2068, head mean rank:481.2420, topn:10.
2021-03-27 23:11:45,355 - root - INFO - tail hit:0.3094, tail mean rank:403.9875, topn:10.
2021-03-27 23:11:45,355 - root - INFO - avg hit:0.2581, avg mean rank:442.6148, topn:10.
2021-03-27 23:11:45,387 - root - INFO - No improvement after one epoch. Lowering learning rate.
2021-03-27 23:12:33,374 - root - INFO - train loss:3.3051!
2021-03-27 23:13:05,615 - root - INFO - head hit:0.2128, head mean rank:465.0276, topn:10.
2021-03-27 23:13:05,615 - root - INFO - tail hit:0.3132, tail mean rank:386.7310, topn:10.
2021-03-27 23:13:05,616 - root - INFO - avg hit:0.2630, avg mean rank:425.8793, topn:10.
2021-03-27 23:13:51,295 - root - INFO - head hit:0.2077, head mean rank:477.6711, topn:10.
2021-03-27 23:13:51,295 - root - INFO - tail hit:0.3101, tail mean rank:402.8491, topn:10.
2021-03-27 23:13:51,295 - root - INFO - avg hit:0.2589, avg mean rank:440.2601, topn:10.
2021-03-27 23:13:51,327 - root - INFO - Checkpointing ...
2021-03-27 23:14:39,233 - root - INFO - train loss:3.2484!
2021-03-27 23:15:12,374 - root - INFO - head hit:0.2142, head mean rank:464.1619, topn:10.
2021-03-27 23:15:12,374 - root - INFO - tail hit:0.3159, tail mean rank:387.0300, topn:10.
2021-03-27 23:15:12,374 - root - INFO - avg hit:0.2651, avg mean rank:425.5959, topn:10.
2021-03-27 23:15:57,879 - root - INFO - head hit:0.2094, head mean rank:477.6579, topn:10.
2021-03-27 23:15:57,879 - root - INFO - tail hit:0.3119, tail mean rank:402.5109, topn:10.
2021-03-27 23:15:57,879 - root - INFO - avg hit:0.2607, avg mean rank:440.0844, topn:10.
2021-03-27 23:15:57,911 - root - INFO - Checkpointing ...
2021-03-27 23:16:45,621 - root - INFO - train loss:3.2146!
2021-03-27 23:17:17,994 - root - INFO - head hit:0.2161, head mean rank:464.7420, topn:10.
2021-03-27 23:17:17,995 - root - INFO - tail hit:0.3175, tail mean rank:386.2100, topn:10.
2021-03-27 23:17:17,995 - root - INFO - avg hit:0.2668, avg mean rank:425.4760, topn:10.
2021-03-27 23:18:04,535 - root - INFO - head hit:0.2101, head mean rank:477.6222, topn:10.
2021-03-27 23:18:04,535 - root - INFO - tail hit:0.3113, tail mean rank:402.5184, topn:10.
2021-03-27 23:18:04,535 - root - INFO - avg hit:0.2607, avg mean rank:440.0703, topn:10.
2021-03-27 23:18:04,564 - root - INFO - Checkpointing ...
2021-03-27 23:18:52,363 - root - INFO - train loss:3.1869!
2021-03-27 23:19:24,792 - root - INFO - head hit:0.2160, head mean rank:465.0792, topn:10.
2021-03-27 23:19:24,793 - root - INFO - tail hit:0.3175, tail mean rank:386.0912, topn:10.
2021-03-27 23:19:24,793 - root - INFO - avg hit:0.2667, avg mean rank:425.5852, topn:10.
2021-03-27 23:20:10,905 - root - INFO - head hit:0.2108, head mean rank:477.7371, topn:10.
2021-03-27 23:20:10,906 - root - INFO - tail hit:0.3123, tail mean rank:402.5713, topn:10.
2021-03-27 23:20:10,906 - root - INFO - avg hit:0.2616, avg mean rank:440.1542, topn:10.
2021-03-27 23:20:10,935 - root - INFO - No improvement after one epoch. Lowering learning rate.
2021-03-27 23:20:58,118 - root - INFO - train loss:3.1484!
2021-03-27 23:21:31,404 - root - INFO - head hit:0.2169, head mean rank:463.7015, topn:10.
2021-03-27 23:21:31,405 - root - INFO - tail hit:0.3184, tail mean rank:385.5012, topn:10.
2021-03-27 23:21:31,405 - root - INFO - avg hit:0.2676, avg mean rank:424.6013, topn:10.
2021-03-27 23:22:18,087 - root - INFO - head hit:0.2117, head mean rank:476.4706, topn:10.
2021-03-27 23:22:18,087 - root - INFO - tail hit:0.3136, tail mean rank:402.2306, topn:10.
2021-03-27 23:22:18,092 - root - INFO - avg hit:0.2626, avg mean rank:439.3506, topn:10.
2021-03-27 23:22:18,127 - root - INFO - Checkpointing ...
2021-03-27 23:23:06,036 - root - INFO - train loss:3.0730!
2021-03-27 23:23:38,994 - root - INFO - head hit:0.2183, head mean rank:463.3514, topn:10.
2021-03-27 23:23:38,995 - root - INFO - tail hit:0.3186, tail mean rank:385.0491, topn:10.
2021-03-27 23:23:38,995 - root - INFO - avg hit:0.2684, avg mean rank:424.2002, topn:10.
2021-03-27 23:24:26,463 - root - INFO - head hit:0.2122, head mean rank:476.0818, topn:10.
2021-03-27 23:24:26,464 - root - INFO - tail hit:0.3139, tail mean rank:401.8801, topn:10.
2021-03-27 23:24:26,464 - root - INFO - avg hit:0.2631, avg mean rank:438.9810, topn:10.
2021-03-27 23:24:26,494 - root - INFO - Checkpointing ...
2021-03-27 23:25:14,220 - root - INFO - train loss:3.1025!
2021-03-27 23:25:47,106 - root - INFO - head hit:0.2191, head mean rank:462.9901, topn:10.
2021-03-27 23:25:47,106 - root - INFO - tail hit:0.3188, tail mean rank:385.5311, topn:10.
2021-03-27 23:25:47,106 - root - INFO - avg hit:0.2690, avg mean rank:424.2606, topn:10.
2021-03-27 23:26:33,380 - root - INFO - head hit:0.2125, head mean rank:475.6372, topn:10.
2021-03-27 23:26:33,380 - root - INFO - tail hit:0.3142, tail mean rank:401.8118, topn:10.
2021-03-27 23:26:33,380 - root - INFO - avg hit:0.2634, avg mean rank:438.7245, topn:10.
2021-03-27 23:26:33,411 - root - INFO - Checkpointing ...
2021-03-27 23:27:21,067 - root - INFO - train loss:3.0476!
2021-03-27 23:27:54,361 - root - INFO - head hit:0.2188, head mean rank:463.1832, topn:10.
2021-03-27 23:27:54,362 - root - INFO - tail hit:0.3201, tail mean rank:385.3342, topn:10.
2021-03-27 23:27:54,362 - root - INFO - avg hit:0.2695, avg mean rank:424.2587, topn:10.
2021-03-27 23:28:40,972 - root - INFO - head hit:0.2132, head mean rank:475.3689, topn:10.
2021-03-27 23:28:40,972 - root - INFO - tail hit:0.3138, tail mean rank:401.8161, topn:10.
2021-03-27 23:28:40,972 - root - INFO - avg hit:0.2635, avg mean rank:438.5925, topn:10.
2021-03-27 23:28:41,001 - root - INFO - Checkpointing ...
2021-03-27 23:29:28,978 - root - INFO - train loss:3.0546!
2021-03-27 23:30:01,790 - root - INFO - head hit:0.2204, head mean rank:463.5232, topn:10.
2021-03-27 23:30:01,790 - root - INFO - tail hit:0.3199, tail mean rank:385.3069, topn:10.
2021-03-27 23:30:01,790 - root - INFO - avg hit:0.2702, avg mean rank:424.4150, topn:10.
2021-03-27 23:30:47,940 - root - INFO - head hit:0.2134, head mean rank:475.9482, topn:10.
2021-03-27 23:30:47,940 - root - INFO - tail hit:0.3149, tail mean rank:401.6932, topn:10.
2021-03-27 23:30:47,940 - root - INFO - avg hit:0.2641, avg mean rank:438.8207, topn:10.
2021-03-27 23:30:47,971 - root - INFO - Checkpointing ...
2021-03-27 23:31:35,969 - root - INFO - train loss:3.0105!
2021-03-27 23:32:07,921 - root - INFO - head hit:0.2202, head mean rank:463.5787, topn:10.
2021-03-27 23:32:07,921 - root - INFO - tail hit:0.3204, tail mean rank:385.5688, topn:10.
2021-03-27 23:32:07,921 - root - INFO - avg hit:0.2703, avg mean rank:424.5738, topn:10.
2021-03-27 23:32:54,672 - root - INFO - head hit:0.2134, head mean rank:475.9917, topn:10.
2021-03-27 23:32:54,672 - root - INFO - tail hit:0.3151, tail mean rank:402.0616, topn:10.
2021-03-27 23:32:54,673 - root - INFO - avg hit:0.2643, avg mean rank:439.0266, topn:10.
2021-03-27 23:32:54,703 - root - INFO - Checkpointing ...
2021-03-27 23:33:41,976 - root - INFO - train loss:3.0344!
2021-03-27 23:34:15,301 - root - INFO - head hit:0.2189, head mean rank:463.7259, topn:10.
2021-03-27 23:34:15,301 - root - INFO - tail hit:0.3207, tail mean rank:385.3927, topn:10.
2021-03-27 23:34:15,301 - root - INFO - avg hit:0.2698, avg mean rank:424.5593, topn:10.
2021-03-27 23:35:01,459 - root - INFO - head hit:0.2135, head mean rank:476.1568, topn:10.
2021-03-27 23:35:01,460 - root - INFO - tail hit:0.3153, tail mean rank:402.2858, topn:10.
2021-03-27 23:35:01,460 - root - INFO - avg hit:0.2644, avg mean rank:439.2213, topn:10.
2021-03-27 23:35:01,489 - root - INFO - No improvement after one epoch. Lowering learning rate.
2021-03-27 23:35:49,309 - root - INFO - train loss:3.0146!
2021-03-27 23:36:22,260 - root - INFO - head hit:0.2211, head mean rank:463.2032, topn:10.
2021-03-27 23:36:22,260 - root - INFO - tail hit:0.3212, tail mean rank:385.1054, topn:10.
2021-03-27 23:36:22,260 - root - INFO - avg hit:0.2711, avg mean rank:424.1543, topn:10.
2021-03-27 23:37:08,969 - root - INFO - head hit:0.2152, head mean rank:475.7448, topn:10.
2021-03-27 23:37:08,970 - root - INFO - tail hit:0.3164, tail mean rank:401.8689, topn:10.
2021-03-27 23:37:08,970 - root - INFO - avg hit:0.2658, avg mean rank:438.8069, topn:10.
2021-03-27 23:37:09,000 - root - INFO - Checkpointing ...
2021-03-27 23:37:56,769 - root - INFO - train loss:2.9986!
2021-03-27 23:38:29,063 - root - INFO - head hit:0.2211, head mean rank:463.1154, topn:10.
2021-03-27 23:38:29,064 - root - INFO - tail hit:0.3218, tail mean rank:385.1206, topn:10.
2021-03-27 23:38:29,064 - root - INFO - avg hit:0.2714, avg mean rank:424.1180, topn:10.
2021-03-27 23:39:14,446 - root - INFO - head hit:0.2154, head mean rank:475.8052, topn:10.
2021-03-27 23:39:14,446 - root - INFO - tail hit:0.3166, tail mean rank:401.8368, topn:10.
2021-03-27 23:39:14,447 - root - INFO - avg hit:0.2660, avg mean rank:438.8210, topn:10.
2021-03-27 23:39:14,477 - root - INFO - Checkpointing ...
2021-03-27 23:40:02,195 - root - INFO - train loss:2.9789!
2021-03-27 23:40:35,360 - root - INFO - head hit:0.2213, head mean rank:463.1247, topn:10.
2021-03-27 23:40:35,361 - root - INFO - tail hit:0.3222, tail mean rank:384.9877, topn:10.
2021-03-27 23:40:35,361 - root - INFO - avg hit:0.2717, avg mean rank:424.0562, topn:10.
2021-03-27 23:41:21,303 - root - INFO - head hit:0.2152, head mean rank:475.8518, topn:10.
2021-03-27 23:41:21,303 - root - INFO - tail hit:0.3164, tail mean rank:401.5102, topn:10.
2021-03-27 23:41:21,304 - root - INFO - avg hit:0.2658, avg mean rank:438.6810, topn:10.
2021-03-27 23:41:21,333 - root - INFO - Checkpointing ...
2021-03-27 23:42:08,857 - root - INFO - train loss:2.9708!
2021-03-27 23:42:40,983 - root - INFO - head hit:0.2215, head mean rank:462.7584, topn:10.
2021-03-27 23:42:40,983 - root - INFO - tail hit:0.3225, tail mean rank:385.0153, topn:10.
2021-03-27 23:42:40,983 - root - INFO - avg hit:0.2720, avg mean rank:423.8868, topn:10.
2021-03-27 23:43:28,284 - root - INFO - head hit:0.2156, head mean rank:475.6204, topn:10.
2021-03-27 23:43:28,284 - root - INFO - tail hit:0.3162, tail mean rank:401.6889, topn:10.
2021-03-27 23:43:28,284 - root - INFO - avg hit:0.2659, avg mean rank:438.6546, topn:10.
2021-03-27 23:43:28,313 - root - INFO - Checkpointing ...
2021-03-27 23:44:15,878 - root - INFO - train loss:2.9778!
2021-03-27 23:44:48,374 - root - INFO - head hit:0.2220, head mean rank:462.4321, topn:10.
2021-03-27 23:44:48,375 - root - INFO - tail hit:0.3223, tail mean rank:385.1224, topn:10.
2021-03-27 23:44:48,375 - root - INFO - avg hit:0.2722, avg mean rank:423.7773, topn:10.
2021-03-27 23:45:34,251 - root - INFO - head hit:0.2159, head mean rank:475.4293, topn:10.
2021-03-27 23:45:34,251 - root - INFO - tail hit:0.3161, tail mean rank:401.7472, topn:10.
2021-03-27 23:45:34,251 - root - INFO - avg hit:0.2660, avg mean rank:438.5883, topn:10.
2021-03-27 23:45:34,281 - root - INFO - Checkpointing ...
2021-03-27 23:46:21,840 - root - INFO - train loss:2.9437!
2021-03-27 23:46:55,149 - root - INFO - head hit:0.2219, head mean rank:462.5079, topn:10.
2021-03-27 23:46:55,149 - root - INFO - tail hit:0.3217, tail mean rank:385.3650, topn:10.
2021-03-27 23:46:55,150 - root - INFO - avg hit:0.2718, avg mean rank:423.9364, topn:10.
2021-03-27 23:47:41,896 - root - INFO - head hit:0.2156, head mean rank:475.4517, topn:10.
2021-03-27 23:47:41,896 - root - INFO - tail hit:0.3163, tail mean rank:401.7776, topn:10.
2021-03-27 23:47:41,896 - root - INFO - avg hit:0.2660, avg mean rank:438.6146, topn:10.
2021-03-27 23:47:41,926 - root - INFO - No improvement after one epoch. Lowering learning rate.
2021-03-27 23:48:29,596 - root - INFO - train loss:2.9651!
2021-03-27 23:49:02,445 - root - INFO - head hit:0.2221, head mean rank:462.3340, topn:10.
2021-03-27 23:49:02,445 - root - INFO - tail hit:0.3224, tail mean rank:385.1765, topn:10.
2021-03-27 23:49:02,445 - root - INFO - avg hit:0.2722, avg mean rank:423.7553, topn:10.
2021-03-27 23:49:49,624 - root - INFO - head hit:0.2155, head mean rank:475.3533, topn:10.
2021-03-27 23:49:49,625 - root - INFO - tail hit:0.3161, tail mean rank:401.7381, topn:10.
2021-03-27 23:49:49,625 - root - INFO - avg hit:0.2658, avg mean rank:438.5457, topn:10.
2021-03-27 23:49:49,659 - root - INFO - Checkpointing ...
2021-03-27 23:50:40,349 - root - INFO - train loss:2.9296!
2021-03-27 23:51:13,370 - root - INFO - head hit:0.2218, head mean rank:462.4251, topn:10.
2021-03-27 23:51:13,370 - root - INFO - tail hit:0.3226, tail mean rank:385.0731, topn:10.
2021-03-27 23:51:13,370 - root - INFO - avg hit:0.2722, avg mean rank:423.7491, topn:10.
2021-03-27 23:51:58,896 - root - INFO - head hit:0.2159, head mean rank:475.4601, topn:10.
2021-03-27 23:51:58,896 - root - INFO - tail hit:0.3164, tail mean rank:401.7564, topn:10.
2021-03-27 23:51:58,896 - root - INFO - avg hit:0.2662, avg mean rank:438.6082, topn:10.
2021-03-27 23:51:58,937 - root - INFO - No improvement after one epoch. Lowering learning rate.
2021-03-27 23:52:46,659 - root - INFO - train loss:2.9528!
2021-03-27 23:53:19,599 - root - INFO - head hit:0.2221, head mean rank:462.2852, topn:10.
2021-03-27 23:53:19,599 - root - INFO - tail hit:0.3225, tail mean rank:385.0320, topn:10.
2021-03-27 23:53:19,599 - root - INFO - avg hit:0.2723, avg mean rank:423.6586, topn:10.
2021-03-27 23:54:06,943 - root - INFO - head hit:0.2159, head mean rank:475.3882, topn:10.
2021-03-27 23:54:06,943 - root - INFO - tail hit:0.3162, tail mean rank:401.7384, topn:10.
2021-03-27 23:54:06,943 - root - INFO - avg hit:0.2660, avg mean rank:438.5633, topn:10.
2021-03-27 23:54:06,974 - root - INFO - Checkpointing ...
2021-03-27 23:54:54,184 - root - INFO - train loss:2.9562!
2021-03-27 23:55:26,522 - root - INFO - head hit:0.2222, head mean rank:462.1961, topn:10.
2021-03-27 23:55:26,522 - root - INFO - tail hit:0.3225, tail mean rank:385.0787, topn:10.
2021-03-27 23:55:26,522 - root - INFO - avg hit:0.2723, avg mean rank:423.6374, topn:10.
2021-03-27 23:56:12,975 - root - INFO - head hit:0.2161, head mean rank:475.2728, topn:10.
2021-03-27 23:56:12,976 - root - INFO - tail hit:0.3165, tail mean rank:401.8078, topn:10.
2021-03-27 23:56:12,976 - root - INFO - avg hit:0.2663, avg mean rank:438.5403, topn:10.
2021-03-27 23:56:13,006 - root - INFO - Checkpointing ...
2021-03-27 23:57:00,730 - root - INFO - train loss:2.9044!
2021-03-27 23:57:34,267 - root - INFO - head hit:0.2221, head mean rank:462.0713, topn:10.
2021-03-27 23:57:34,267 - root - INFO - tail hit:0.3226, tail mean rank:385.0219, topn:10.
2021-03-27 23:57:34,268 - root - INFO - avg hit:0.2724, avg mean rank:423.5466, topn:10.
2021-03-27 23:58:20,145 - root - INFO - head hit:0.2160, head mean rank:475.1076, topn:10.
2021-03-27 23:58:20,145 - root - INFO - tail hit:0.3164, tail mean rank:401.7870, topn:10.
2021-03-27 23:58:20,145 - root - INFO - avg hit:0.2662, avg mean rank:438.4473, topn:10.
2021-03-27 23:58:20,175 - root - INFO - Checkpointing ...
2021-03-27 23:59:07,706 - root - INFO - train loss:2.9136!
2021-03-27 23:59:40,592 - root - INFO - head hit:0.2226, head mean rank:462.1400, topn:10.
2021-03-27 23:59:40,592 - root - INFO - tail hit:0.3225, tail mean rank:384.9958, topn:10.
2021-03-27 23:59:40,593 - root - INFO - avg hit:0.2725, avg mean rank:423.5679, topn:10.
2021-03-28 00:00:27,459 - root - INFO - head hit:0.2160, head mean rank:475.1232, topn:10.
2021-03-28 00:00:27,460 - root - INFO - tail hit:0.3164, tail mean rank:401.6915, topn:10.
2021-03-28 00:00:27,460 - root - INFO - avg hit:0.2662, avg mean rank:438.4073, topn:10.
2021-03-28 00:00:27,491 - root - INFO - Checkpointing ...
2021-03-28 00:01:14,720 - root - INFO - train loss:2.9172!
2021-03-28 00:01:46,761 - root - INFO - head hit:0.2223, head mean rank:462.1473, topn:10.
2021-03-28 00:01:46,761 - root - INFO - tail hit:0.3226, tail mean rank:384.9322, topn:10.
2021-03-28 00:01:46,761 - root - INFO - avg hit:0.2724, avg mean rank:423.5398, topn:10.
2021-03-28 00:02:33,271 - root - INFO - head hit:0.2158, head mean rank:475.1153, topn:10.
2021-03-28 00:02:33,271 - root - INFO - tail hit:0.3166, tail mean rank:401.6737, topn:10.
2021-03-28 00:02:33,272 - root - INFO - avg hit:0.2662, avg mean rank:438.3945, topn:10.
2021-03-28 00:02:33,305 - root - INFO - No improvement after one epoch. Lowering learning rate.
2021-03-28 00:03:21,975 - root - INFO - train loss:2.9361!
2021-03-28 00:03:55,341 - root - INFO - head hit:0.2222, head mean rank:462.1528, topn:10.
2021-03-28 00:03:55,342 - root - INFO - tail hit:0.3226, tail mean rank:384.9205, topn:10.
2021-03-28 00:03:55,342 - root - INFO - avg hit:0.2724, avg mean rank:423.5367, topn:10.
2021-03-28 00:04:41,427 - root - INFO - head hit:0.2157, head mean rank:475.0970, topn:10.
2021-03-28 00:04:41,427 - root - INFO - tail hit:0.3166, tail mean rank:401.6318, topn:10.
2021-03-28 00:04:41,427 - root - INFO - avg hit:0.2661, avg mean rank:438.3644, topn:10.
2021-03-28 00:04:41,458 - root - INFO - No improvement after one epoch. Lowering learning rate.
2021-03-28 00:05:29,191 - root - INFO - train loss:2.8825!
2021-03-28 00:06:02,391 - root - INFO - head hit:0.2222, head mean rank:462.1569, topn:10.
2021-03-28 00:06:02,391 - root - INFO - tail hit:0.3226, tail mean rank:384.8955, topn:10.
2021-03-28 00:06:02,391 - root - INFO - avg hit:0.2724, avg mean rank:423.5262, topn:10.
2021-03-28 00:06:48,583 - root - INFO - head hit:0.2156, head mean rank:475.1044, topn:10.
2021-03-28 00:06:48,583 - root - INFO - tail hit:0.3165, tail mean rank:401.6061, topn:10.
2021-03-28 00:06:48,583 - root - INFO - avg hit:0.2661, avg mean rank:438.3553, topn:10.
2021-03-28 00:06:48,614 - root - INFO - No improvement after one epoch. Lowering learning rate.
2021-03-28 00:07:35,987 - root - INFO - train loss:2.9267!
2021-03-28 00:08:08,681 - root - INFO - head hit:0.2220, head mean rank:462.1494, topn:10.
2021-03-28 00:08:08,682 - root - INFO - tail hit:0.3226, tail mean rank:384.9233, topn:10.
2021-03-28 00:08:08,682 - root - INFO - avg hit:0.2723, avg mean rank:423.5363, topn:10.
2021-03-28 00:08:54,240 - root - INFO - head hit:0.2157, head mean rank:475.0968, topn:10.
2021-03-28 00:08:54,241 - root - INFO - tail hit:0.3166, tail mean rank:401.6296, topn:10.
2021-03-28 00:08:54,241 - root - INFO - avg hit:0.2662, avg mean rank:438.3632, topn:10.
2021-03-28 00:08:54,271 - root - INFO - No improvement after one epoch. Lowering learning rate.
2021-03-28 00:09:41,839 - root - INFO - train loss:2.9157!
2021-03-28 00:10:14,909 - root - INFO - head hit:0.2221, head mean rank:462.1397, topn:10.
2021-03-28 00:10:14,909 - root - INFO - tail hit:0.3225, tail mean rank:384.9109, topn:10.
2021-03-28 00:10:14,909 - root - INFO - avg hit:0.2723, avg mean rank:423.5253, topn:10.
2021-03-28 00:11:00,137 - root - INFO - head hit:0.2157, head mean rank:475.0898, topn:10.
2021-03-28 00:11:00,137 - root - INFO - tail hit:0.3166, tail mean rank:401.6198, topn:10.
2021-03-28 00:11:00,137 - root - INFO - avg hit:0.2662, avg mean rank:438.3548, topn:10.
2021-03-28 00:11:00,167 - root - INFO - No improvement after one epoch. Lowering learning rate.
2021-03-28 00:11:00,181 - root - INFO - No improvement after 45750 steps. Stopping training.
