2021-03-28 00:11:04,100 - root - INFO - Flag Values:
{
    "L1_flag": true,
    "batch_size": 256,
    "ckpt_path": "/home/juarez/git/results/JIIS-revised-exp3/ml-cao_ho_sKG_ig-mv-complex-25/",
    "clipping_max_value": 5.0,
    "data_path": "/home/juarez/git/datasets/JIIS-revised-exp3/ml-cao_ho_sKG_ig-mv-complex-25/cao-format/",
    "dataset": "ml1m",
    "early_stopping_steps_to_wait": 45750,
    "embedding_size": 100,
    "eval_interval_steps": 9150,
    "eval_only_mode": false,
    "experiment_name": "ml1m-transh-1616901064",
    "filter_wrong_corrupted": true,
    "has_visualization": false,
    "is_report": false,
    "joint_ratio": 0.5,
    "kg_lambda": 1.0,
    "kg_test_files": "valid.dat:test.dat",
    "l2_lambda": 0.0,
    "learning_rate": 0.001,
    "learning_rate_decay_when_no_progress": 0.5,
    "load_ckpt_file": "/home/juarez/git/results/JIIS-revised-exp3/ml-cao_ho_sKG_ig-mv-complex-25/ml1m-transe-pretrained.ckpt",
    "load_experiment_name": null,
    "log_level": "debug",
    "log_path": "/home/juarez/git/results/JIIS-revised-exp3/ml-cao_ho_sKG_ig-mv-complex-25/",
    "margin": 1.0,
    "max_queue": 10,
    "model_type": "transh",
    "momentum": 0.9,
    "negtive_samples": 1,
    "norm_lambda": 1.0,
    "num_preferences": 4,
    "num_processes": 4,
    "optimizer_type": "Adam",
    "rec_test_files": null,
    "seed": 0,
    "share_embeddings": false,
    "topn": 10,
    "training_steps": 915000,
    "use_st_gumbel": false,
    "visualization_port": 8097
}
2021-03-28 00:11:05,158 - root - INFO - Totally 217086 train triples, 30987,61963 eval triples in files: /home/juarez/git/datasets/JIIS-revised-exp3/ml-cao_ho_sKG_ig-mv-complex-25/cao-format/ml1m/kg/valid.dat;/home/juarez/git/datasets/JIIS-revised-exp3/ml-cao_ho_sKG_ig-mv-complex-25/cao-format/ml1m/kg/test.dat!
2021-03-28 00:11:05,165 - root - INFO - successfully load 7979 entities and 20 relations!
2021-03-28 00:11:05,373 - root - INFO - Building model.
2021-03-28 00:11:07,002 - root - INFO - Architecture: TransHModel(
  (ent_embeddings): Embedding(7979, 100)
  (rel_embeddings): Embedding(20, 100)
  (norm_embeddings): Embedding(20, 100)
)
2021-03-28 00:11:07,003 - root - INFO - Total params: 801900.0
2021-03-28 00:11:07,003 - root - INFO - One epoch is 848 steps.
2021-03-28 00:11:07,003 - root - INFO - Found checkpoint, restoring pre-trained embeddings.
2021-03-28 00:11:07,013 - root - INFO - Load Embeddings of ent_embeddings.weight, rel_embeddings.weight from /home/juarez/git/results/JIIS-revised-exp3/ml-cao_ho_sKG_ig-mv-complex-25/ml1m-transe-pretrained.ckpt.
2021-03-28 00:11:07,013 - root - INFO - Training.
2021-03-28 00:11:07,013 - root - INFO - train loss:0.0000!
2021-03-28 00:11:46,075 - root - INFO - head hit:0.2139, head mean rank:472.6390, topn:10.
2021-03-28 00:11:46,075 - root - INFO - tail hit:0.3132, tail mean rank:393.3072, topn:10.
2021-03-28 00:11:46,075 - root - INFO - avg hit:0.2635, avg mean rank:432.9731, topn:10.
2021-03-28 00:12:40,338 - root - INFO - head hit:0.2075, head mean rank:485.6141, topn:10.
2021-03-28 00:12:40,338 - root - INFO - tail hit:0.3085, tail mean rank:410.2121, topn:10.
2021-03-28 00:12:40,338 - root - INFO - avg hit:0.2580, avg mean rank:447.9131, topn:10.
2021-03-28 00:13:46,299 - root - INFO - train loss:14.0119!
2021-03-28 00:14:24,455 - root - INFO - head hit:0.1109, head mean rank:604.3151, topn:10.
2021-03-28 00:14:24,455 - root - INFO - tail hit:0.2032, tail mean rank:485.5003, topn:10.
2021-03-28 00:14:24,455 - root - INFO - avg hit:0.1570, avg mean rank:544.9077, topn:10.
2021-03-28 00:15:17,557 - root - INFO - head hit:0.1099, head mean rank:612.7179, topn:10.
2021-03-28 00:15:17,557 - root - INFO - tail hit:0.2027, tail mean rank:505.6314, topn:10.
2021-03-28 00:15:17,558 - root - INFO - avg hit:0.1563, avg mean rank:559.1747, topn:10.
2021-03-28 00:15:17,591 - root - INFO - Checkpointing ...
2021-03-28 00:16:24,680 - root - INFO - train loss:16.4263!
2021-03-28 00:17:03,697 - root - INFO - head hit:0.1119, head mean rank:608.7968, topn:10.
2021-03-28 00:17:03,697 - root - INFO - tail hit:0.2003, tail mean rank:491.2523, topn:10.
2021-03-28 00:17:03,698 - root - INFO - avg hit:0.1561, avg mean rank:550.0245, topn:10.
2021-03-28 00:17:57,306 - root - INFO - head hit:0.1103, head mean rank:602.5924, topn:10.
2021-03-28 00:17:57,306 - root - INFO - tail hit:0.1970, tail mean rank:493.7699, topn:10.
2021-03-28 00:17:57,306 - root - INFO - avg hit:0.1536, avg mean rank:548.1812, topn:10.
2021-03-28 00:17:57,336 - root - INFO - No improvement after one epoch. Lowering learning rate.
2021-03-28 00:19:02,480 - root - INFO - train loss:11.0355!
2021-03-28 00:19:41,489 - root - INFO - head hit:0.1383, head mean rank:514.6626, topn:10.
2021-03-28 00:19:41,490 - root - INFO - tail hit:0.2424, tail mean rank:420.9184, topn:10.
2021-03-28 00:19:41,490 - root - INFO - avg hit:0.1904, avg mean rank:467.7905, topn:10.
2021-03-28 00:20:35,829 - root - INFO - head hit:0.1349, head mean rank:517.9460, topn:10.
2021-03-28 00:20:35,829 - root - INFO - tail hit:0.2372, tail mean rank:425.3388, topn:10.
2021-03-28 00:20:35,829 - root - INFO - avg hit:0.1860, avg mean rank:471.6424, topn:10.
2021-03-28 00:20:35,860 - root - INFO - Checkpointing ...
2021-03-28 00:21:43,485 - root - INFO - train loss:9.5020!
2021-03-28 00:22:21,731 - root - INFO - head hit:0.1415, head mean rank:520.3777, topn:10.
2021-03-28 00:22:21,732 - root - INFO - tail hit:0.2483, tail mean rank:422.7182, topn:10.
2021-03-28 00:22:21,732 - root - INFO - avg hit:0.1949, avg mean rank:471.5480, topn:10.
2021-03-28 00:23:15,008 - root - INFO - head hit:0.1370, head mean rank:521.4176, topn:10.
2021-03-28 00:23:15,008 - root - INFO - tail hit:0.2433, tail mean rank:428.9901, topn:10.
2021-03-28 00:23:15,008 - root - INFO - avg hit:0.1901, avg mean rank:475.2039, topn:10.
2021-03-28 00:23:15,041 - root - INFO - Checkpointing ...
2021-03-28 00:24:22,039 - root - INFO - train loss:9.1493!
2021-03-28 00:25:01,915 - root - INFO - head hit:0.1472, head mean rank:516.0254, topn:10.
2021-03-28 00:25:01,916 - root - INFO - tail hit:0.2481, tail mean rank:426.4928, topn:10.
2021-03-28 00:25:01,916 - root - INFO - avg hit:0.1976, avg mean rank:471.2591, topn:10.
2021-03-28 00:25:55,836 - root - INFO - head hit:0.1418, head mean rank:520.2154, topn:10.
2021-03-28 00:25:55,836 - root - INFO - tail hit:0.2421, tail mean rank:430.0764, topn:10.
2021-03-28 00:25:55,836 - root - INFO - avg hit:0.1919, avg mean rank:475.1459, topn:10.
2021-03-28 00:25:55,858 - root - INFO - Checkpointing ...
2021-03-28 00:27:03,203 - root - INFO - train loss:8.9724!
2021-03-28 00:27:41,356 - root - INFO - head hit:0.1460, head mean rank:517.3503, topn:10.
2021-03-28 00:27:41,356 - root - INFO - tail hit:0.2502, tail mean rank:419.0177, topn:10.
2021-03-28 00:27:41,356 - root - INFO - avg hit:0.1981, avg mean rank:468.1840, topn:10.
2021-03-28 00:28:34,651 - root - INFO - head hit:0.1416, head mean rank:521.6264, topn:10.
2021-03-28 00:28:34,652 - root - INFO - tail hit:0.2471, tail mean rank:429.9391, topn:10.
2021-03-28 00:28:34,652 - root - INFO - avg hit:0.1944, avg mean rank:475.7827, topn:10.
2021-03-28 00:28:34,683 - root - INFO - Checkpointing ...
2021-03-28 00:29:42,725 - root - INFO - train loss:8.8457!
2021-03-28 00:30:21,773 - root - INFO - head hit:0.1468, head mean rank:521.3847, topn:10.
2021-03-28 00:30:21,773 - root - INFO - tail hit:0.2500, tail mean rank:429.7205, topn:10.
2021-03-28 00:30:21,773 - root - INFO - avg hit:0.1984, avg mean rank:475.5526, topn:10.
2021-03-28 00:31:14,803 - root - INFO - head hit:0.1432, head mean rank:524.4915, topn:10.
2021-03-28 00:31:14,804 - root - INFO - tail hit:0.2489, tail mean rank:433.6604, topn:10.
2021-03-28 00:31:14,804 - root - INFO - avg hit:0.1960, avg mean rank:479.0760, topn:10.
2021-03-28 00:31:14,835 - root - INFO - Checkpointing ...
2021-03-28 00:32:21,091 - root - INFO - train loss:8.7685!
2021-03-28 00:32:59,529 - root - INFO - head hit:0.1463, head mean rank:518.1450, topn:10.
2021-03-28 00:32:59,529 - root - INFO - tail hit:0.2500, tail mean rank:427.5426, topn:10.
2021-03-28 00:32:59,529 - root - INFO - avg hit:0.1981, avg mean rank:472.8438, topn:10.
2021-03-28 00:33:53,642 - root - INFO - head hit:0.1447, head mean rank:522.1851, topn:10.
2021-03-28 00:33:53,642 - root - INFO - tail hit:0.2486, tail mean rank:435.1386, topn:10.
2021-03-28 00:33:53,642 - root - INFO - avg hit:0.1967, avg mean rank:478.6618, topn:10.
2021-03-28 00:33:53,671 - root - INFO - No improvement after one epoch. Lowering learning rate.
2021-03-28 00:34:59,887 - root - INFO - train loss:6.8842!
2021-03-28 00:35:38,538 - root - INFO - head hit:0.1683, head mean rank:481.9790, topn:10.
2021-03-28 00:35:38,538 - root - INFO - tail hit:0.2709, tail mean rank:395.6211, topn:10.
2021-03-28 00:35:38,538 - root - INFO - avg hit:0.2196, avg mean rank:438.8000, topn:10.
2021-03-28 00:36:32,225 - root - INFO - head hit:0.1655, head mean rank:485.5236, topn:10.
2021-03-28 00:36:32,225 - root - INFO - tail hit:0.2708, tail mean rank:404.6104, topn:10.
2021-03-28 00:36:32,225 - root - INFO - avg hit:0.2181, avg mean rank:445.0670, topn:10.
2021-03-28 00:36:32,255 - root - INFO - Checkpointing ...
2021-03-28 00:37:38,712 - root - INFO - train loss:6.0461!
2021-03-28 00:38:16,943 - root - INFO - head hit:0.1714, head mean rank:485.3804, topn:10.
2021-03-28 00:38:16,943 - root - INFO - tail hit:0.2745, tail mean rank:398.6234, topn:10.
2021-03-28 00:38:16,943 - root - INFO - avg hit:0.2229, avg mean rank:442.0019, topn:10.
2021-03-28 00:39:10,398 - root - INFO - head hit:0.1692, head mean rank:485.4487, topn:10.
2021-03-28 00:39:10,398 - root - INFO - tail hit:0.2758, tail mean rank:403.8424, topn:10.
2021-03-28 00:39:10,398 - root - INFO - avg hit:0.2225, avg mean rank:444.6455, topn:10.
2021-03-28 00:39:10,423 - root - INFO - Checkpointing ...
2021-03-28 00:40:16,425 - root - INFO - train loss:5.7636!
2021-03-28 00:40:54,989 - root - INFO - head hit:0.1756, head mean rank:482.0798, topn:10.
2021-03-28 00:40:54,989 - root - INFO - tail hit:0.2816, tail mean rank:396.7032, topn:10.
2021-03-28 00:40:54,990 - root - INFO - avg hit:0.2286, avg mean rank:439.3915, topn:10.
2021-03-28 00:41:48,324 - root - INFO - head hit:0.1732, head mean rank:484.8322, topn:10.
2021-03-28 00:41:48,325 - root - INFO - tail hit:0.2796, tail mean rank:405.6081, topn:10.
2021-03-28 00:41:48,325 - root - INFO - avg hit:0.2264, avg mean rank:445.2202, topn:10.
2021-03-28 00:41:48,355 - root - INFO - Checkpointing ...
2021-03-28 00:42:54,061 - root - INFO - train loss:5.6064!
2021-03-28 00:43:32,770 - root - INFO - head hit:0.1771, head mean rank:483.6615, topn:10.
2021-03-28 00:43:32,770 - root - INFO - tail hit:0.2804, tail mean rank:398.8537, topn:10.
2021-03-28 00:43:32,770 - root - INFO - avg hit:0.2287, avg mean rank:441.2576, topn:10.
2021-03-28 00:44:27,059 - root - INFO - head hit:0.1738, head mean rank:484.0282, topn:10.
2021-03-28 00:44:27,059 - root - INFO - tail hit:0.2794, tail mean rank:406.4083, topn:10.
2021-03-28 00:44:27,059 - root - INFO - avg hit:0.2266, avg mean rank:445.2183, topn:10.
2021-03-28 00:44:27,090 - root - INFO - Checkpointing ...
2021-03-28 00:45:32,835 - root - INFO - train loss:5.5525!
2021-03-28 00:46:11,795 - root - INFO - head hit:0.1796, head mean rank:484.5561, topn:10.
2021-03-28 00:46:11,795 - root - INFO - tail hit:0.2814, tail mean rank:399.4371, topn:10.
2021-03-28 00:46:11,795 - root - INFO - avg hit:0.2305, avg mean rank:441.9966, topn:10.
2021-03-28 00:47:05,132 - root - INFO - head hit:0.1761, head mean rank:487.1189, topn:10.
2021-03-28 00:47:05,133 - root - INFO - tail hit:0.2793, tail mean rank:408.9334, topn:10.
2021-03-28 00:47:05,133 - root - INFO - avg hit:0.2277, avg mean rank:448.0261, topn:10.
2021-03-28 00:47:05,162 - root - INFO - Checkpointing ...
2021-03-28 00:48:10,028 - root - INFO - train loss:5.4884!
2021-03-28 00:48:48,709 - root - INFO - head hit:0.1808, head mean rank:485.1054, topn:10.
2021-03-28 00:48:48,709 - root - INFO - tail hit:0.2848, tail mean rank:403.3282, topn:10.
2021-03-28 00:48:48,709 - root - INFO - avg hit:0.2328, avg mean rank:444.2168, topn:10.
2021-03-28 00:49:42,730 - root - INFO - head hit:0.1784, head mean rank:487.7669, topn:10.
2021-03-28 00:49:42,731 - root - INFO - tail hit:0.2823, tail mean rank:413.0719, topn:10.
2021-03-28 00:49:42,731 - root - INFO - avg hit:0.2304, avg mean rank:450.4194, topn:10.
2021-03-28 00:49:42,762 - root - INFO - Checkpointing ...
2021-03-28 00:50:49,811 - root - INFO - train loss:5.4352!
2021-03-28 00:51:28,353 - root - INFO - head hit:0.1794, head mean rank:484.0677, topn:10.
2021-03-28 00:51:28,353 - root - INFO - tail hit:0.2879, tail mean rank:401.5776, topn:10.
2021-03-28 00:51:28,353 - root - INFO - avg hit:0.2336, avg mean rank:442.8227, topn:10.
2021-03-28 00:52:21,325 - root - INFO - head hit:0.1773, head mean rank:490.6882, topn:10.
2021-03-28 00:52:21,325 - root - INFO - tail hit:0.2859, tail mean rank:412.3908, topn:10.
2021-03-28 00:52:21,325 - root - INFO - avg hit:0.2316, avg mean rank:451.5395, topn:10.
2021-03-28 00:52:21,354 - root - INFO - Checkpointing ...
2021-03-28 00:53:28,758 - root - INFO - train loss:5.3557!
2021-03-28 00:54:07,709 - root - INFO - head hit:0.1819, head mean rank:486.8917, topn:10.
2021-03-28 00:54:07,709 - root - INFO - tail hit:0.2859, tail mean rank:403.1465, topn:10.
2021-03-28 00:54:07,710 - root - INFO - avg hit:0.2339, avg mean rank:445.0191, topn:10.
2021-03-28 00:55:01,016 - root - INFO - head hit:0.1782, head mean rank:492.7137, topn:10.
2021-03-28 00:55:01,017 - root - INFO - tail hit:0.2829, tail mean rank:414.4802, topn:10.
2021-03-28 00:55:01,017 - root - INFO - avg hit:0.2306, avg mean rank:453.5970, topn:10.
2021-03-28 00:55:01,046 - root - INFO - Checkpointing ...
2021-03-28 00:56:08,412 - root - INFO - train loss:5.3125!
2021-03-28 00:56:47,137 - root - INFO - head hit:0.1803, head mean rank:488.5246, topn:10.
2021-03-28 00:56:47,137 - root - INFO - tail hit:0.2866, tail mean rank:400.0723, topn:10.
2021-03-28 00:56:47,137 - root - INFO - avg hit:0.2335, avg mean rank:444.2985, topn:10.
2021-03-28 00:57:41,486 - root - INFO - head hit:0.1790, head mean rank:494.3512, topn:10.
2021-03-28 00:57:41,486 - root - INFO - tail hit:0.2827, tail mean rank:413.1518, topn:10.
2021-03-28 00:57:41,486 - root - INFO - avg hit:0.2308, avg mean rank:453.7515, topn:10.
2021-03-28 00:57:41,516 - root - INFO - No improvement after one epoch. Lowering learning rate.
2021-03-28 00:58:47,829 - root - INFO - train loss:4.6718!
2021-03-28 00:59:26,311 - root - INFO - head hit:0.1904, head mean rank:471.4723, topn:10.
2021-03-28 00:59:26,311 - root - INFO - tail hit:0.2958, tail mean rank:389.3834, topn:10.
2021-03-28 00:59:26,311 - root - INFO - avg hit:0.2431, avg mean rank:430.4278, topn:10.
2021-03-28 01:00:20,024 - root - INFO - head hit:0.1909, head mean rank:478.6158, topn:10.
2021-03-28 01:00:20,025 - root - INFO - tail hit:0.2938, tail mean rank:404.0708, topn:10.
2021-03-28 01:00:20,025 - root - INFO - avg hit:0.2423, avg mean rank:441.3433, topn:10.
2021-03-28 01:00:20,052 - root - INFO - Checkpointing ...
2021-03-28 01:01:27,549 - root - INFO - train loss:4.3127!
2021-03-28 01:02:06,939 - root - INFO - head hit:0.1962, head mean rank:467.5315, topn:10.
2021-03-28 01:02:06,940 - root - INFO - tail hit:0.2980, tail mean rank:387.3584, topn:10.
2021-03-28 01:02:06,940 - root - INFO - avg hit:0.2471, avg mean rank:427.4450, topn:10.
2021-03-28 01:03:00,271 - root - INFO - head hit:0.1929, head mean rank:477.9067, topn:10.
2021-03-28 01:03:00,272 - root - INFO - tail hit:0.2963, tail mean rank:403.5818, topn:10.
2021-03-28 01:03:00,272 - root - INFO - avg hit:0.2446, avg mean rank:440.7442, topn:10.
2021-03-28 01:03:00,304 - root - INFO - Checkpointing ...
2021-03-28 01:04:08,304 - root - INFO - train loss:4.1887!
2021-03-28 01:04:46,650 - root - INFO - head hit:0.1993, head mean rank:471.6343, topn:10.
2021-03-28 01:04:46,651 - root - INFO - tail hit:0.3008, tail mean rank:387.0643, topn:10.
2021-03-28 01:04:46,651 - root - INFO - avg hit:0.2501, avg mean rank:429.3493, topn:10.
2021-03-28 01:05:40,622 - root - INFO - head hit:0.1960, head mean rank:477.8737, topn:10.
2021-03-28 01:05:40,623 - root - INFO - tail hit:0.2995, tail mean rank:401.4094, topn:10.
2021-03-28 01:05:40,623 - root - INFO - avg hit:0.2477, avg mean rank:439.6415, topn:10.
2021-03-28 01:05:40,660 - root - INFO - Checkpointing ...
2021-03-28 01:06:46,594 - root - INFO - train loss:4.0543!
2021-03-28 01:07:25,163 - root - INFO - head hit:0.2013, head mean rank:467.5020, topn:10.
2021-03-28 01:07:25,164 - root - INFO - tail hit:0.3043, tail mean rank:388.9611, topn:10.
2021-03-28 01:07:25,164 - root - INFO - avg hit:0.2528, avg mean rank:428.2316, topn:10.
2021-03-28 01:08:18,086 - root - INFO - head hit:0.1972, head mean rank:477.7320, topn:10.
2021-03-28 01:08:18,086 - root - INFO - tail hit:0.2988, tail mean rank:403.4179, topn:10.
2021-03-28 01:08:18,086 - root - INFO - avg hit:0.2480, avg mean rank:440.5749, topn:10.
2021-03-28 01:08:18,114 - root - INFO - Checkpointing ...
2021-03-28 01:09:24,088 - root - INFO - train loss:3.9584!
2021-03-28 01:10:02,251 - root - INFO - head hit:0.1997, head mean rank:470.5493, topn:10.
2021-03-28 01:10:02,251 - root - INFO - tail hit:0.3035, tail mean rank:389.5453, topn:10.
2021-03-28 01:10:02,251 - root - INFO - avg hit:0.2516, avg mean rank:430.0473, topn:10.
2021-03-28 01:10:55,124 - root - INFO - head hit:0.1960, head mean rank:479.2713, topn:10.
2021-03-28 01:10:55,124 - root - INFO - tail hit:0.3010, tail mean rank:404.0858, topn:10.
2021-03-28 01:10:55,124 - root - INFO - avg hit:0.2485, avg mean rank:441.6786, topn:10.
2021-03-28 01:10:55,149 - root - INFO - No improvement after one epoch. Lowering learning rate.
2021-03-28 01:11:59,284 - root - INFO - train loss:3.7391!
2021-03-28 01:12:37,881 - root - INFO - head hit:0.2077, head mean rank:462.5508, topn:10.
2021-03-28 01:12:37,882 - root - INFO - tail hit:0.3082, tail mean rank:383.3774, topn:10.
2021-03-28 01:12:37,882 - root - INFO - avg hit:0.2580, avg mean rank:422.9641, topn:10.
2021-03-28 01:13:32,339 - root - INFO - head hit:0.2028, head mean rank:471.1277, topn:10.
2021-03-28 01:13:32,339 - root - INFO - tail hit:0.3073, tail mean rank:399.4990, topn:10.
2021-03-28 01:13:32,339 - root - INFO - avg hit:0.2550, avg mean rank:435.3133, topn:10.
2021-03-28 01:13:32,369 - root - INFO - Checkpointing ...
2021-03-28 01:14:38,290 - root - INFO - train loss:3.6101!
2021-03-28 01:15:17,285 - root - INFO - head hit:0.2105, head mean rank:462.2736, topn:10.
2021-03-28 01:15:17,285 - root - INFO - tail hit:0.3125, tail mean rank:384.4399, topn:10.
2021-03-28 01:15:17,285 - root - INFO - avg hit:0.2615, avg mean rank:423.3568, topn:10.
2021-03-28 01:16:10,867 - root - INFO - head hit:0.2047, head mean rank:470.7119, topn:10.
2021-03-28 01:16:10,868 - root - INFO - tail hit:0.3090, tail mean rank:398.3993, topn:10.
2021-03-28 01:16:10,868 - root - INFO - avg hit:0.2568, avg mean rank:434.5556, topn:10.
2021-03-28 01:16:10,898 - root - INFO - Checkpointing ...
2021-03-28 01:17:15,972 - root - INFO - train loss:3.4798!
2021-03-28 01:17:54,104 - root - INFO - head hit:0.2109, head mean rank:464.2436, topn:10.
2021-03-28 01:17:54,104 - root - INFO - tail hit:0.3120, tail mean rank:385.3596, topn:10.
2021-03-28 01:17:54,104 - root - INFO - avg hit:0.2614, avg mean rank:424.8016, topn:10.
2021-03-28 01:18:47,854 - root - INFO - head hit:0.2074, head mean rank:471.8876, topn:10.
2021-03-28 01:18:47,854 - root - INFO - tail hit:0.3105, tail mean rank:399.1575, topn:10.
2021-03-28 01:18:47,854 - root - INFO - avg hit:0.2590, avg mean rank:435.5226, topn:10.
2021-03-28 01:18:47,885 - root - INFO - No improvement after one epoch. Lowering learning rate.
2021-03-28 01:19:53,308 - root - INFO - train loss:3.4446!
2021-03-28 01:20:31,572 - root - INFO - head hit:0.2142, head mean rank:460.2885, topn:10.
2021-03-28 01:20:31,573 - root - INFO - tail hit:0.3150, tail mean rank:382.9659, topn:10.
2021-03-28 01:20:31,573 - root - INFO - avg hit:0.2646, avg mean rank:421.6272, topn:10.
2021-03-28 01:21:25,169 - root - INFO - head hit:0.2096, head mean rank:468.2798, topn:10.
2021-03-28 01:21:25,169 - root - INFO - tail hit:0.3120, tail mean rank:396.6008, topn:10.
2021-03-28 01:21:25,169 - root - INFO - avg hit:0.2608, avg mean rank:432.4403, topn:10.
2021-03-28 01:21:25,201 - root - INFO - Checkpointing ...
2021-03-28 01:22:29,860 - root - INFO - train loss:3.2912!
2021-03-28 01:23:08,421 - root - INFO - head hit:0.2156, head mean rank:459.3054, topn:10.
2021-03-28 01:23:08,421 - root - INFO - tail hit:0.3175, tail mean rank:382.3170, topn:10.
2021-03-28 01:23:08,421 - root - INFO - avg hit:0.2665, avg mean rank:420.8112, topn:10.
2021-03-28 01:24:01,691 - root - INFO - head hit:0.2112, head mean rank:467.9570, topn:10.
2021-03-28 01:24:01,691 - root - INFO - tail hit:0.3136, tail mean rank:396.7858, topn:10.
2021-03-28 01:24:01,691 - root - INFO - avg hit:0.2624, avg mean rank:432.3714, topn:10.
2021-03-28 01:24:01,721 - root - INFO - Checkpointing ...
2021-03-28 01:25:07,376 - root - INFO - train loss:3.2260!
2021-03-28 01:25:45,435 - root - INFO - head hit:0.2164, head mean rank:459.2919, topn:10.
2021-03-28 01:25:45,435 - root - INFO - tail hit:0.3184, tail mean rank:381.5838, topn:10.
2021-03-28 01:25:45,435 - root - INFO - avg hit:0.2674, avg mean rank:420.4379, topn:10.
2021-03-28 01:26:39,145 - root - INFO - head hit:0.2114, head mean rank:467.6707, topn:10.
2021-03-28 01:26:39,145 - root - INFO - tail hit:0.3148, tail mean rank:396.1706, topn:10.
2021-03-28 01:26:39,145 - root - INFO - avg hit:0.2631, avg mean rank:431.9207, topn:10.
2021-03-28 01:26:39,176 - root - INFO - Checkpointing ...
2021-03-28 01:27:46,135 - root - INFO - train loss:3.2051!
2021-03-28 01:28:24,747 - root - INFO - head hit:0.2178, head mean rank:460.1018, topn:10.
2021-03-28 01:28:24,747 - root - INFO - tail hit:0.3171, tail mean rank:382.3676, topn:10.
2021-03-28 01:28:24,747 - root - INFO - avg hit:0.2675, avg mean rank:421.2347, topn:10.
2021-03-28 01:29:18,440 - root - INFO - head hit:0.2133, head mean rank:468.4284, topn:10.
2021-03-28 01:29:18,440 - root - INFO - tail hit:0.3143, tail mean rank:396.5407, topn:10.
2021-03-28 01:29:18,441 - root - INFO - avg hit:0.2638, avg mean rank:432.4845, topn:10.
2021-03-28 01:29:18,473 - root - INFO - Checkpointing ...
2021-03-28 01:30:23,525 - root - INFO - train loss:3.1681!
2021-03-28 01:31:02,086 - root - INFO - head hit:0.2169, head mean rank:460.0391, topn:10.
2021-03-28 01:31:02,086 - root - INFO - tail hit:0.3183, tail mean rank:382.9764, topn:10.
2021-03-28 01:31:02,086 - root - INFO - avg hit:0.2676, avg mean rank:421.5078, topn:10.
2021-03-28 01:31:56,060 - root - INFO - head hit:0.2128, head mean rank:467.7373, topn:10.
2021-03-28 01:31:56,061 - root - INFO - tail hit:0.3157, tail mean rank:397.3885, topn:10.
2021-03-28 01:31:56,061 - root - INFO - avg hit:0.2642, avg mean rank:432.5629, topn:10.
2021-03-28 01:31:56,092 - root - INFO - Checkpointing ...
2021-03-28 01:33:04,050 - root - INFO - train loss:3.1263!
2021-03-28 01:33:42,377 - root - INFO - head hit:0.2174, head mean rank:459.3440, topn:10.
2021-03-28 01:33:42,378 - root - INFO - tail hit:0.3184, tail mean rank:382.6888, topn:10.
2021-03-28 01:33:42,378 - root - INFO - avg hit:0.2679, avg mean rank:421.0164, topn:10.
2021-03-28 01:34:36,495 - root - INFO - head hit:0.2148, head mean rank:468.4123, topn:10.
2021-03-28 01:34:36,496 - root - INFO - tail hit:0.3156, tail mean rank:397.6631, topn:10.
2021-03-28 01:34:36,496 - root - INFO - avg hit:0.2652, avg mean rank:433.0377, topn:10.
2021-03-28 01:34:36,527 - root - INFO - Checkpointing ...
2021-03-28 01:35:44,271 - root - INFO - train loss:3.1200!
2021-03-28 01:36:22,947 - root - INFO - head hit:0.2189, head mean rank:459.5473, topn:10.
2021-03-28 01:36:22,947 - root - INFO - tail hit:0.3198, tail mean rank:382.2858, topn:10.
2021-03-28 01:36:22,947 - root - INFO - avg hit:0.2693, avg mean rank:420.9165, topn:10.
2021-03-28 01:37:15,488 - root - INFO - head hit:0.2150, head mean rank:468.2128, topn:10.
2021-03-28 01:37:15,488 - root - INFO - tail hit:0.3171, tail mean rank:397.3389, topn:10.
2021-03-28 01:37:15,488 - root - INFO - avg hit:0.2660, avg mean rank:432.7758, topn:10.
2021-03-28 01:37:15,518 - root - INFO - Checkpointing ...
2021-03-28 01:38:25,237 - root - INFO - train loss:3.0707!
2021-03-28 01:39:04,563 - root - INFO - head hit:0.2216, head mean rank:460.5464, topn:10.
2021-03-28 01:39:04,563 - root - INFO - tail hit:0.3206, tail mean rank:382.2385, topn:10.
2021-03-28 01:39:04,563 - root - INFO - avg hit:0.2711, avg mean rank:421.3924, topn:10.
2021-03-28 01:39:58,530 - root - INFO - head hit:0.2157, head mean rank:468.9511, topn:10.
2021-03-28 01:39:58,531 - root - INFO - tail hit:0.3178, tail mean rank:397.1623, topn:10.
2021-03-28 01:39:58,531 - root - INFO - avg hit:0.2667, avg mean rank:433.0567, topn:10.
2021-03-28 01:39:58,559 - root - INFO - Checkpointing ...
2021-03-28 01:41:04,700 - root - INFO - train loss:3.0903!
2021-03-28 01:41:43,408 - root - INFO - head hit:0.2225, head mean rank:460.8341, topn:10.
2021-03-28 01:41:43,408 - root - INFO - tail hit:0.3212, tail mean rank:382.5660, topn:10.
2021-03-28 01:41:43,408 - root - INFO - avg hit:0.2718, avg mean rank:421.7001, topn:10.
2021-03-28 01:42:37,022 - root - INFO - head hit:0.2174, head mean rank:469.8328, topn:10.
2021-03-28 01:42:37,023 - root - INFO - tail hit:0.3190, tail mean rank:397.1422, topn:10.
2021-03-28 01:42:37,023 - root - INFO - avg hit:0.2682, avg mean rank:433.4875, topn:10.
2021-03-28 01:42:37,054 - root - INFO - Checkpointing ...
2021-03-28 01:43:43,849 - root - INFO - train loss:3.0581!
2021-03-28 01:44:22,477 - root - INFO - head hit:0.2234, head mean rank:461.3047, topn:10.
2021-03-28 01:44:22,477 - root - INFO - tail hit:0.3223, tail mean rank:383.3724, topn:10.
2021-03-28 01:44:22,477 - root - INFO - avg hit:0.2729, avg mean rank:422.3386, topn:10.
2021-03-28 01:45:16,488 - root - INFO - head hit:0.2177, head mean rank:469.6842, topn:10.
2021-03-28 01:45:16,488 - root - INFO - tail hit:0.3190, tail mean rank:397.7985, topn:10.
2021-03-28 01:45:16,488 - root - INFO - avg hit:0.2683, avg mean rank:433.7414, topn:10.
2021-03-28 01:45:16,520 - root - INFO - Checkpointing ...
2021-03-28 01:46:25,351 - root - INFO - train loss:3.0752!
2021-03-28 01:47:04,484 - root - INFO - head hit:0.2222, head mean rank:461.7781, topn:10.
2021-03-28 01:47:04,484 - root - INFO - tail hit:0.3218, tail mean rank:382.6717, topn:10.
2021-03-28 01:47:04,484 - root - INFO - avg hit:0.2720, avg mean rank:422.2249, topn:10.
2021-03-28 01:47:58,353 - root - INFO - head hit:0.2173, head mean rank:470.5189, topn:10.
2021-03-28 01:47:58,354 - root - INFO - tail hit:0.3179, tail mean rank:397.8867, topn:10.
2021-03-28 01:47:58,354 - root - INFO - avg hit:0.2676, avg mean rank:434.2028, topn:10.
2021-03-28 01:47:58,385 - root - INFO - No improvement after one epoch. Lowering learning rate.
2021-03-28 01:49:09,038 - root - INFO - train loss:3.0090!
2021-03-28 01:49:47,603 - root - INFO - head hit:0.2242, head mean rank:460.6800, topn:10.
2021-03-28 01:49:47,603 - root - INFO - tail hit:0.3227, tail mean rank:382.7775, topn:10.
2021-03-28 01:49:47,603 - root - INFO - avg hit:0.2735, avg mean rank:421.7288, topn:10.
2021-03-28 01:50:40,677 - root - INFO - head hit:0.2181, head mean rank:469.4480, topn:10.
2021-03-28 01:50:40,677 - root - INFO - tail hit:0.3187, tail mean rank:397.6711, topn:10.
2021-03-28 01:50:40,677 - root - INFO - avg hit:0.2684, avg mean rank:433.5595, topn:10.
2021-03-28 01:50:40,711 - root - INFO - Checkpointing ...
2021-03-28 01:51:47,541 - root - INFO - train loss:2.9790!
2021-03-28 01:52:25,384 - root - INFO - head hit:0.2245, head mean rank:460.6115, topn:10.
2021-03-28 01:52:25,384 - root - INFO - tail hit:0.3230, tail mean rank:382.1793, topn:10.
2021-03-28 01:52:25,385 - root - INFO - avg hit:0.2738, avg mean rank:421.3954, topn:10.
2021-03-28 01:53:18,992 - root - INFO - head hit:0.2194, head mean rank:468.8872, topn:10.
2021-03-28 01:53:18,992 - root - INFO - tail hit:0.3192, tail mean rank:397.1380, topn:10.
2021-03-28 01:53:18,992 - root - INFO - avg hit:0.2693, avg mean rank:433.0126, topn:10.
2021-03-28 01:53:19,022 - root - INFO - Checkpointing ...
2021-03-28 01:54:30,540 - root - INFO - train loss:2.9761!
2021-03-28 01:55:08,545 - root - INFO - head hit:0.2245, head mean rank:460.3541, topn:10.
2021-03-28 01:55:08,545 - root - INFO - tail hit:0.3233, tail mean rank:382.5497, topn:10.
2021-03-28 01:55:08,547 - root - INFO - avg hit:0.2739, avg mean rank:421.4519, topn:10.
2021-03-28 01:56:03,065 - root - INFO - head hit:0.2196, head mean rank:468.8680, topn:10.
2021-03-28 01:56:03,065 - root - INFO - tail hit:0.3197, tail mean rank:397.4295, topn:10.
2021-03-28 01:56:03,065 - root - INFO - avg hit:0.2696, avg mean rank:433.1488, topn:10.
2021-03-28 01:56:03,095 - root - INFO - Checkpointing ...
2021-03-28 01:57:09,002 - root - INFO - train loss:2.9461!
2021-03-28 01:57:47,249 - root - INFO - head hit:0.2245, head mean rank:460.8710, topn:10.
2021-03-28 01:57:47,249 - root - INFO - tail hit:0.3237, tail mean rank:382.1885, topn:10.
2021-03-28 01:57:47,249 - root - INFO - avg hit:0.2741, avg mean rank:421.5298, topn:10.
2021-03-28 01:58:41,872 - root - INFO - head hit:0.2192, head mean rank:469.1666, topn:10.
2021-03-28 01:58:41,873 - root - INFO - tail hit:0.3195, tail mean rank:396.8635, topn:10.
2021-03-28 01:58:41,873 - root - INFO - avg hit:0.2694, avg mean rank:433.0151, topn:10.
2021-03-28 01:58:41,902 - root - INFO - Checkpointing ...
2021-03-28 01:59:49,828 - root - INFO - train loss:2.9091!
2021-03-28 02:00:28,638 - root - INFO - head hit:0.2246, head mean rank:460.5366, topn:10.
2021-03-28 02:00:28,638 - root - INFO - tail hit:0.3241, tail mean rank:382.3191, topn:10.
2021-03-28 02:00:28,639 - root - INFO - avg hit:0.2743, avg mean rank:421.4278, topn:10.
2021-03-28 02:01:22,595 - root - INFO - head hit:0.2193, head mean rank:468.6972, topn:10.
2021-03-28 02:01:22,595 - root - INFO - tail hit:0.3204, tail mean rank:396.8698, topn:10.
2021-03-28 02:01:22,595 - root - INFO - avg hit:0.2698, avg mean rank:432.7835, topn:10.
2021-03-28 02:01:22,625 - root - INFO - Checkpointing ...
2021-03-28 02:02:28,655 - root - INFO - train loss:2.8945!
2021-03-28 02:03:07,272 - root - INFO - head hit:0.2250, head mean rank:460.8860, topn:10.
2021-03-28 02:03:07,273 - root - INFO - tail hit:0.3237, tail mean rank:382.8249, topn:10.
2021-03-28 02:03:07,273 - root - INFO - avg hit:0.2744, avg mean rank:421.8554, topn:10.
2021-03-28 02:04:01,514 - root - INFO - head hit:0.2197, head mean rank:468.9563, topn:10.
2021-03-28 02:04:01,514 - root - INFO - tail hit:0.3200, tail mean rank:397.0578, topn:10.
2021-03-28 02:04:01,514 - root - INFO - avg hit:0.2698, avg mean rank:433.0071, topn:10.
2021-03-28 02:04:01,544 - root - INFO - Checkpointing ...
2021-03-28 02:05:06,056 - root - INFO - train loss:2.8951!
2021-03-28 02:05:45,113 - root - INFO - head hit:0.2254, head mean rank:460.6553, topn:10.
2021-03-28 02:05:45,113 - root - INFO - tail hit:0.3241, tail mean rank:382.9323, topn:10.
2021-03-28 02:05:45,113 - root - INFO - avg hit:0.2747, avg mean rank:421.7938, topn:10.
2021-03-28 02:06:39,783 - root - INFO - head hit:0.2204, head mean rank:469.0806, topn:10.
2021-03-28 02:06:39,783 - root - INFO - tail hit:0.3208, tail mean rank:397.5662, topn:10.
2021-03-28 02:06:39,783 - root - INFO - avg hit:0.2706, avg mean rank:433.3234, topn:10.
2021-03-28 02:06:39,814 - root - INFO - Checkpointing ...
2021-03-28 02:07:45,518 - root - INFO - train loss:2.9177!
2021-03-28 02:08:24,243 - root - INFO - head hit:0.2257, head mean rank:460.9929, topn:10.
2021-03-28 02:08:24,244 - root - INFO - tail hit:0.3239, tail mean rank:382.9850, topn:10.
2021-03-28 02:08:24,244 - root - INFO - avg hit:0.2748, avg mean rank:421.9890, topn:10.
2021-03-28 02:09:17,619 - root - INFO - head hit:0.2207, head mean rank:469.2776, topn:10.
2021-03-28 02:09:17,620 - root - INFO - tail hit:0.3212, tail mean rank:397.4525, topn:10.
2021-03-28 02:09:17,620 - root - INFO - avg hit:0.2709, avg mean rank:433.3651, topn:10.
2021-03-28 02:09:17,649 - root - INFO - Checkpointing ...
2021-03-28 02:10:23,269 - root - INFO - train loss:2.8841!
2021-03-28 02:11:01,407 - root - INFO - head hit:0.2264, head mean rank:460.9061, topn:10.
2021-03-28 02:11:01,408 - root - INFO - tail hit:0.3240, tail mean rank:383.8882, topn:10.
2021-03-28 02:11:01,408 - root - INFO - avg hit:0.2752, avg mean rank:422.3972, topn:10.
2021-03-28 02:11:54,391 - root - INFO - head hit:0.2213, head mean rank:468.8516, topn:10.
2021-03-28 02:11:54,391 - root - INFO - tail hit:0.3212, tail mean rank:397.9613, topn:10.
2021-03-28 02:11:54,391 - root - INFO - avg hit:0.2712, avg mean rank:433.4065, topn:10.
2021-03-28 02:11:54,422 - root - INFO - Checkpointing ...
2021-03-28 02:13:00,698 - root - INFO - train loss:2.8745!
2021-03-28 02:13:39,054 - root - INFO - head hit:0.2263, head mean rank:461.5909, topn:10.
2021-03-28 02:13:39,054 - root - INFO - tail hit:0.3246, tail mean rank:383.5496, topn:10.
2021-03-28 02:13:39,054 - root - INFO - avg hit:0.2754, avg mean rank:422.5703, topn:10.
2021-03-28 02:14:32,722 - root - INFO - head hit:0.2214, head mean rank:469.8887, topn:10.
2021-03-28 02:14:32,722 - root - INFO - tail hit:0.3217, tail mean rank:398.0553, topn:10.
2021-03-28 02:14:32,722 - root - INFO - avg hit:0.2715, avg mean rank:433.9720, topn:10.
2021-03-28 02:14:32,753 - root - INFO - Checkpointing ...
2021-03-28 02:15:39,925 - root - INFO - train loss:2.8852!
2021-03-28 02:16:18,552 - root - INFO - head hit:0.2264, head mean rank:461.6991, topn:10.
2021-03-28 02:16:18,552 - root - INFO - tail hit:0.3238, tail mean rank:384.0990, topn:10.
2021-03-28 02:16:18,552 - root - INFO - avg hit:0.2751, avg mean rank:422.8991, topn:10.
2021-03-28 02:17:12,604 - root - INFO - head hit:0.2216, head mean rank:469.5037, topn:10.
2021-03-28 02:17:12,604 - root - INFO - tail hit:0.3213, tail mean rank:398.2894, topn:10.
2021-03-28 02:17:12,605 - root - INFO - avg hit:0.2714, avg mean rank:433.8966, topn:10.
2021-03-28 02:17:12,635 - root - INFO - No improvement after one epoch. Lowering learning rate.
2021-03-28 02:18:18,550 - root - INFO - train loss:2.8713!
2021-03-28 02:18:57,041 - root - INFO - head hit:0.2267, head mean rank:461.4261, topn:10.
2021-03-28 02:18:57,041 - root - INFO - tail hit:0.3244, tail mean rank:383.8676, topn:10.
2021-03-28 02:18:57,041 - root - INFO - avg hit:0.2755, avg mean rank:422.6469, topn:10.
2021-03-28 02:19:50,654 - root - INFO - head hit:0.2218, head mean rank:469.3227, topn:10.
2021-03-28 02:19:50,654 - root - INFO - tail hit:0.3219, tail mean rank:397.9885, topn:10.
2021-03-28 02:19:50,655 - root - INFO - avg hit:0.2719, avg mean rank:433.6556, topn:10.
2021-03-28 02:19:50,686 - root - INFO - Checkpointing ...
2021-03-28 02:20:58,508 - root - INFO - train loss:2.8340!
2021-03-28 02:21:36,812 - root - INFO - head hit:0.2268, head mean rank:461.1645, topn:10.
2021-03-28 02:21:36,812 - root - INFO - tail hit:0.3248, tail mean rank:384.0090, topn:10.
2021-03-28 02:21:36,817 - root - INFO - avg hit:0.2758, avg mean rank:422.5867, topn:10.
2021-03-28 02:22:30,305 - root - INFO - head hit:0.2221, head mean rank:469.2387, topn:10.
2021-03-28 02:22:30,306 - root - INFO - tail hit:0.3222, tail mean rank:398.0669, topn:10.
2021-03-28 02:22:30,306 - root - INFO - avg hit:0.2722, avg mean rank:433.6528, topn:10.
2021-03-28 02:22:30,335 - root - INFO - Checkpointing ...
2021-03-28 02:23:34,861 - root - INFO - train loss:2.8306!
2021-03-28 02:24:14,118 - root - INFO - head hit:0.2278, head mean rank:461.2907, topn:10.
2021-03-28 02:24:14,118 - root - INFO - tail hit:0.3256, tail mean rank:383.7236, topn:10.
2021-03-28 02:24:14,118 - root - INFO - avg hit:0.2767, avg mean rank:422.5071, topn:10.
2021-03-28 02:25:07,855 - root - INFO - head hit:0.2230, head mean rank:469.2862, topn:10.
2021-03-28 02:25:07,856 - root - INFO - tail hit:0.3219, tail mean rank:397.9422, topn:10.
2021-03-28 02:25:07,856 - root - INFO - avg hit:0.2725, avg mean rank:433.6142, topn:10.
2021-03-28 02:25:07,887 - root - INFO - Checkpointing ...
2021-03-28 02:26:13,797 - root - INFO - train loss:2.8559!
2021-03-28 02:26:52,170 - root - INFO - head hit:0.2270, head mean rank:461.2993, topn:10.
2021-03-28 02:26:52,170 - root - INFO - tail hit:0.3256, tail mean rank:383.6497, topn:10.
2021-03-28 02:26:52,171 - root - INFO - avg hit:0.2763, avg mean rank:422.4745, topn:10.
2021-03-28 02:27:45,307 - root - INFO - head hit:0.2228, head mean rank:469.1944, topn:10.
2021-03-28 02:27:45,307 - root - INFO - tail hit:0.3224, tail mean rank:397.8718, topn:10.
2021-03-28 02:27:45,307 - root - INFO - avg hit:0.2726, avg mean rank:433.5331, topn:10.
2021-03-28 02:27:45,339 - root - INFO - No improvement after one epoch. Lowering learning rate.
2021-03-28 02:28:53,704 - root - INFO - train loss:2.8287!
2021-03-28 02:29:32,482 - root - INFO - head hit:0.2273, head mean rank:461.2254, topn:10.
2021-03-28 02:29:32,482 - root - INFO - tail hit:0.3250, tail mean rank:383.7170, topn:10.
2021-03-28 02:29:32,482 - root - INFO - avg hit:0.2761, avg mean rank:422.4712, topn:10.
2021-03-28 02:30:26,275 - root - INFO - head hit:0.2230, head mean rank:468.9859, topn:10.
2021-03-28 02:30:26,275 - root - INFO - tail hit:0.3223, tail mean rank:397.9149, topn:10.
2021-03-28 02:30:26,275 - root - INFO - avg hit:0.2726, avg mean rank:433.4504, topn:10.
2021-03-28 02:30:26,303 - root - INFO - No improvement after one epoch. Lowering learning rate.
2021-03-28 02:31:33,675 - root - INFO - train loss:2.8058!
2021-03-28 02:32:12,604 - root - INFO - head hit:0.2273, head mean rank:461.2671, topn:10.
2021-03-28 02:32:12,604 - root - INFO - tail hit:0.3257, tail mean rank:383.6755, topn:10.
2021-03-28 02:32:12,614 - root - INFO - avg hit:0.2765, avg mean rank:422.4713, topn:10.
2021-03-28 02:33:06,644 - root - INFO - head hit:0.2232, head mean rank:469.0099, topn:10.
2021-03-28 02:33:06,645 - root - INFO - tail hit:0.3221, tail mean rank:397.8821, topn:10.
2021-03-28 02:33:06,645 - root - INFO - avg hit:0.2727, avg mean rank:433.4460, topn:10.
2021-03-28 02:33:06,675 - root - INFO - No improvement after one epoch. Lowering learning rate.
2021-03-28 02:34:14,964 - root - INFO - train loss:2.7992!
2021-03-28 02:34:53,652 - root - INFO - head hit:0.2271, head mean rank:461.1436, topn:10.
2021-03-28 02:34:53,652 - root - INFO - tail hit:0.3256, tail mean rank:383.6480, topn:10.
2021-03-28 02:34:53,652 - root - INFO - avg hit:0.2764, avg mean rank:422.3958, topn:10.
2021-03-28 02:35:47,745 - root - INFO - head hit:0.2233, head mean rank:468.9157, topn:10.
2021-03-28 02:35:47,746 - root - INFO - tail hit:0.3222, tail mean rank:397.8279, topn:10.
2021-03-28 02:35:47,746 - root - INFO - avg hit:0.2728, avg mean rank:433.3718, topn:10.
2021-03-28 02:35:47,779 - root - INFO - No improvement after one epoch. Lowering learning rate.
2021-03-28 02:36:53,801 - root - INFO - train loss:2.7644!
2021-03-28 02:37:32,590 - root - INFO - head hit:0.2272, head mean rank:461.1227, topn:10.
2021-03-28 02:37:32,590 - root - INFO - tail hit:0.3256, tail mean rank:383.6244, topn:10.
2021-03-28 02:37:32,590 - root - INFO - avg hit:0.2764, avg mean rank:422.3735, topn:10.
2021-03-28 02:38:26,131 - root - INFO - head hit:0.2232, head mean rank:468.8973, topn:10.
2021-03-28 02:38:26,131 - root - INFO - tail hit:0.3223, tail mean rank:397.7838, topn:10.
2021-03-28 02:38:26,131 - root - INFO - avg hit:0.2728, avg mean rank:433.3406, topn:10.
2021-03-28 02:38:26,159 - root - INFO - No improvement after one epoch. Lowering learning rate.
2021-03-28 02:38:26,176 - root - INFO - No improvement after 45750 steps. Stopping training.
