2021-03-28 04:59:30,881 - root - INFO - Flag Values:
{
    "L1_flag": true,
    "batch_size": 256,
    "ckpt_path": "/home/juarez/git/results/JIIS-revised-exp3/ml-cao_ho_sKG_ig-mv-complex-25/",
    "clipping_max_value": 5.0,
    "data_path": "/home/juarez/git/datasets/JIIS-revised-exp3/ml-cao_ho_sKG_ig-mv-complex-25/cao-format/",
    "dataset": "ml1m",
    "early_stopping_steps_to_wait": 97600,
    "embedding_size": 100,
    "eval_interval_steps": 19520,
    "eval_only_mode": false,
    "experiment_name": "ml1m-cke-1616918370",
    "filter_wrong_corrupted": true,
    "has_visualization": false,
    "is_report": false,
    "joint_ratio": 0.5,
    "kg_lambda": 1.0,
    "kg_test_files": "valid.dat:test.dat",
    "l2_lambda": 0.0,
    "learning_rate": 0.005,
    "learning_rate_decay_when_no_progress": 0.5,
    "load_ckpt_file": "/home/juarez/git/results/JIIS-revised-exp3/ml-cao_ho_sKG_ig-mv-complex-25/ml1m-bprmf-pretrained.ckpt:/home/juarez/git/results/JIIS-revised-exp3/ml-cao_ho_sKG_ig-mv-complex-25/ml1m-transe-pretrained.ckpt",
    "load_experiment_name": null,
    "log_level": "debug",
    "log_path": "/home/juarez/git/results/JIIS-revised-exp3/ml-cao_ho_sKG_ig-mv-complex-25/",
    "margin": 1.0,
    "max_queue": 10,
    "model_type": "cke",
    "momentum": 0.9,
    "negtive_samples": 1,
    "norm_lambda": 1.0,
    "num_preferences": 4,
    "num_processes": 4,
    "optimizer_type": "Adam",
    "rec_test_files": "valid.dat:test.dat",
    "seed": 0,
    "share_embeddings": false,
    "topn": 10,
    "training_steps": 1952000,
    "use_st_gumbel": true,
    "visualization_port": 8097
}
2021-03-28 04:59:32,627 - root - INFO - Totally 701669 train ratings, 103239,193631 eval ratings in files: /home/juarez/git/datasets/JIIS-revised-exp3/ml-cao_ho_sKG_ig-mv-complex-25/cao-format/ml1m/valid.dat;/home/juarez/git/datasets/JIIS-revised-exp3/ml-cao_ho_sKG_ig-mv-complex-25/cao-format/ml1m/test.dat!
2021-03-28 04:59:32,635 - root - INFO - successfully load 6040 users and 3260 items!
2021-03-28 04:59:34,340 - root - INFO - Totally 217086 train triples, 30987,61963 eval triples in files: /home/juarez/git/datasets/JIIS-revised-exp3/ml-cao_ho_sKG_ig-mv-complex-25/cao-format/ml1m/kg/valid.dat;/home/juarez/git/datasets/JIIS-revised-exp3/ml-cao_ho_sKG_ig-mv-complex-25/cao-format/ml1m/kg/test.dat!
2021-03-28 04:59:34,348 - root - INFO - successfully load 7979 entities and 20 relations!
2021-03-28 04:59:34,560 - root - INFO - Find 2932 aligned items and entities!
2021-03-28 04:59:34,561 - root - INFO - Building model.
2021-03-28 04:59:36,293 - root - INFO - Architecture: CKE(
  (user_embeddings): Embedding(6040, 100)
  (item_embeddings): Embedding(3260, 100)
  (ent_embeddings): Embedding(7980, 100, padding_idx=7979)
  (rel_embeddings): Embedding(20, 100)
  (proj_embeddings): Embedding(20, 10000)
)
2021-03-28 04:59:36,294 - root - INFO - Total params: 1930000.0
2021-03-28 04:59:36,294 - root - INFO - One epoch is 5482 steps.
2021-03-28 04:59:36,294 - root - INFO - Found checkpoint, restoring pre-trained embeddings.
2021-03-28 04:59:36,301 - root - INFO - Load Embeddings of user_embeddings.weight, item_embeddings.weight from /home/juarez/git/results/JIIS-revised-exp3/ml-cao_ho_sKG_ig-mv-complex-25/ml1m-bprmf-pretrained.ckpt.
2021-03-28 04:59:36,301 - root - INFO - Found checkpoint, restoring pre-trained embeddings.
2021-03-28 04:59:36,307 - root - INFO - Restored 7979 entities from checkpoint.
2021-03-28 04:59:36,307 - root - INFO - Load Embeddings of ent_embeddings.weight, rel_embeddings.weight from /home/juarez/git/results/JIIS-revised-exp3/ml-cao_ho_sKG_ig-mv-complex-25/ml1m-transe-pretrained.ckpt.
2021-03-28 04:59:36,307 - root - INFO - Training.
2021-03-28 04:59:36,307 - root - INFO - rec train loss:0.0000, kg train loss:0.0000!
2021-03-28 04:59:44,682 - root - INFO - f1:0.0000, p:0.0000, r:0.0000, hit:0.0005, ndcg:0.0002, topn:10.
2021-03-28 04:59:54,643 - root - INFO - f1:0.0001, p:0.0002, r:0.0001, hit:0.0020, ndcg:0.0013, topn:10.
2021-03-28 05:00:48,168 - root - INFO - head hit:0.0094, head mean rank:2530.6862, topn:10.
2021-03-28 05:00:48,168 - root - INFO - tail hit:0.0099, tail mean rank:2666.8597, topn:10.
2021-03-28 05:00:48,169 - root - INFO - avg hit:0.0096, avg mean rank:2598.7729, topn:10.
2021-03-28 05:02:01,729 - root - INFO - head hit:0.0085, head mean rank:2545.6435, topn:10.
2021-03-28 05:02:01,730 - root - INFO - tail hit:0.0087, tail mean rank:2708.4356, topn:10.
2021-03-28 05:02:01,730 - root - INFO - avg hit:0.0086, avg mean rank:2627.0396, topn:10.
2021-03-28 05:07:28,914 - root - INFO - rec train loss:42.6726, kg train loss:171.3679!
2021-03-28 05:07:38,414 - root - INFO - f1:0.0998, p:0.1507, r:0.1026, hit:0.6526, ndcg:0.4147, topn:10.
2021-03-28 05:07:47,005 - root - INFO - f1:0.1098, p:0.2333, r:0.0958, hit:0.7657, ndcg:0.5179, topn:10.
2021-03-28 05:08:36,776 - root - INFO - head hit:0.0155, head mean rank:1440.5106, topn:10.
2021-03-28 05:08:36,776 - root - INFO - tail hit:0.0241, tail mean rank:1388.6627, topn:10.
2021-03-28 05:08:36,776 - root - INFO - avg hit:0.0198, avg mean rank:1414.5866, topn:10.
2021-03-28 05:09:47,436 - root - INFO - head hit:0.0160, head mean rank:1443.6385, topn:10.
2021-03-28 05:09:47,437 - root - INFO - tail hit:0.0236, tail mean rank:1374.9095, topn:10.
2021-03-28 05:09:47,437 - root - INFO - avg hit:0.0198, avg mean rank:1409.2740, topn:10.
2021-03-28 05:09:47,470 - root - INFO - Checkpointing ...
2021-03-28 05:15:16,813 - root - INFO - rec train loss:41.6995, kg train loss:167.3559!
2021-03-28 05:15:25,396 - root - INFO - f1:0.1040, p:0.1572, r:0.1073, hit:0.6689, ndcg:0.4307, topn:10.
2021-03-28 05:15:35,777 - root - INFO - f1:0.1156, p:0.2430, r:0.1013, hit:0.7831, ndcg:0.5336, topn:10.
2021-03-28 05:16:25,902 - root - INFO - head hit:0.0166, head mean rank:1418.2140, topn:10.
2021-03-28 05:16:25,902 - root - INFO - tail hit:0.0218, tail mean rank:1306.7113, topn:10.
2021-03-28 05:16:25,903 - root - INFO - avg hit:0.0192, avg mean rank:1362.4626, topn:10.
2021-03-28 05:17:34,704 - root - INFO - head hit:0.0153, head mean rank:1410.5410, topn:10.
2021-03-28 05:17:34,704 - root - INFO - tail hit:0.0226, tail mean rank:1303.5384, topn:10.
2021-03-28 05:17:34,704 - root - INFO - avg hit:0.0189, avg mean rank:1357.0397, topn:10.
2021-03-28 05:17:34,737 - root - INFO - Checkpointing ...
2021-03-28 05:23:02,686 - root - INFO - rec train loss:42.1779, kg train loss:170.2856!
2021-03-28 05:23:12,541 - root - INFO - f1:0.1078, p:0.1621, r:0.1116, hit:0.6755, ndcg:0.4367, topn:10.
2021-03-28 05:23:21,511 - root - INFO - f1:0.1153, p:0.2441, r:0.1006, hit:0.7768, ndcg:0.5285, topn:10.
2021-03-28 05:24:13,088 - root - INFO - head hit:0.0153, head mean rank:1382.1280, topn:10.
2021-03-28 05:24:13,088 - root - INFO - tail hit:0.0231, tail mean rank:1328.8397, topn:10.
2021-03-28 05:24:13,088 - root - INFO - avg hit:0.0192, avg mean rank:1355.4838, topn:10.
2021-03-28 05:25:21,566 - root - INFO - head hit:0.0158, head mean rank:1378.2014, topn:10.
2021-03-28 05:25:21,567 - root - INFO - tail hit:0.0255, tail mean rank:1314.1952, topn:10.
2021-03-28 05:25:21,567 - root - INFO - avg hit:0.0206, avg mean rank:1346.1983, topn:10.
2021-03-28 05:25:21,598 - root - INFO - Checkpointing ...
2021-03-28 05:30:48,546 - root - INFO - rec train loss:43.2310, kg train loss:172.9200!
2021-03-28 05:30:57,440 - root - INFO - f1:0.1111, p:0.1666, r:0.1152, hit:0.6825, ndcg:0.4417, topn:10.
2021-03-28 05:31:06,188 - root - INFO - f1:0.1222, p:0.2554, r:0.1069, hit:0.7925, ndcg:0.5408, topn:10.
2021-03-28 05:31:56,355 - root - INFO - head hit:0.0158, head mean rank:1390.2447, topn:10.
2021-03-28 05:31:56,355 - root - INFO - tail hit:0.0278, tail mean rank:1294.1943, topn:10.
2021-03-28 05:31:56,355 - root - INFO - avg hit:0.0218, avg mean rank:1342.2195, topn:10.
2021-03-28 05:33:05,328 - root - INFO - head hit:0.0159, head mean rank:1388.0007, topn:10.
2021-03-28 05:33:05,328 - root - INFO - tail hit:0.0274, tail mean rank:1299.3440, topn:10.
2021-03-28 05:33:05,328 - root - INFO - avg hit:0.0216, avg mean rank:1343.6724, topn:10.
2021-03-28 05:33:05,352 - root - INFO - Checkpointing ...
2021-03-28 05:38:29,427 - root - INFO - rec train loss:43.5999, kg train loss:174.9749!
2021-03-28 05:38:38,179 - root - INFO - f1:0.1137, p:0.1709, r:0.1173, hit:0.6907, ndcg:0.4520, topn:10.
2021-03-28 05:38:48,043 - root - INFO - f1:0.1227, p:0.2575, r:0.1070, hit:0.7972, ndcg:0.5447, topn:10.
2021-03-28 05:39:38,943 - root - INFO - head hit:0.0153, head mean rank:1420.3146, topn:10.
2021-03-28 05:39:38,943 - root - INFO - tail hit:0.0228, tail mean rank:1350.0145, topn:10.
2021-03-28 05:39:38,943 - root - INFO - avg hit:0.0190, avg mean rank:1385.1645, topn:10.
2021-03-28 05:40:48,395 - root - INFO - head hit:0.0143, head mean rank:1413.7446, topn:10.
2021-03-28 05:40:48,396 - root - INFO - tail hit:0.0244, tail mean rank:1346.2608, topn:10.
2021-03-28 05:40:48,396 - root - INFO - avg hit:0.0193, avg mean rank:1380.0027, topn:10.
2021-03-28 05:40:48,428 - root - INFO - Checkpointing ...
2021-03-28 05:46:16,835 - root - INFO - rec train loss:43.8551, kg train loss:175.5389!
2021-03-28 05:46:26,174 - root - INFO - f1:0.1178, p:0.1758, r:0.1226, hit:0.7031, ndcg:0.4590, topn:10.
2021-03-28 05:46:34,971 - root - INFO - f1:0.1255, p:0.2632, r:0.1096, hit:0.7957, ndcg:0.5505, topn:10.
2021-03-28 05:47:25,461 - root - INFO - head hit:0.0152, head mean rank:1411.5580, topn:10.
2021-03-28 05:47:25,462 - root - INFO - tail hit:0.0230, tail mean rank:1330.9296, topn:10.
2021-03-28 05:47:25,462 - root - INFO - avg hit:0.0191, avg mean rank:1371.2438, topn:10.
2021-03-28 05:48:34,692 - root - INFO - head hit:0.0152, head mean rank:1406.1228, topn:10.
2021-03-28 05:48:34,692 - root - INFO - tail hit:0.0232, tail mean rank:1316.2680, topn:10.
2021-03-28 05:48:34,692 - root - INFO - avg hit:0.0192, avg mean rank:1361.1954, topn:10.
2021-03-28 05:48:34,721 - root - INFO - Checkpointing ...
2021-03-28 05:54:01,260 - root - INFO - rec train loss:44.0304, kg train loss:176.1962!
2021-03-28 05:54:09,678 - root - INFO - f1:0.1187, p:0.1773, r:0.1236, hit:0.7045, ndcg:0.4611, topn:10.
2021-03-28 05:54:19,112 - root - INFO - f1:0.1262, p:0.2648, r:0.1106, hit:0.7980, ndcg:0.5535, topn:10.
2021-03-28 05:55:09,203 - root - INFO - head hit:0.0168, head mean rank:1385.8362, topn:10.
2021-03-28 05:55:09,203 - root - INFO - tail hit:0.0228, tail mean rank:1300.4869, topn:10.
2021-03-28 05:55:09,203 - root - INFO - avg hit:0.0198, avg mean rank:1343.1616, topn:10.
2021-03-28 05:56:17,846 - root - INFO - head hit:0.0169, head mean rank:1397.9712, topn:10.
2021-03-28 05:56:17,846 - root - INFO - tail hit:0.0246, tail mean rank:1310.2000, topn:10.
2021-03-28 05:56:17,846 - root - INFO - avg hit:0.0208, avg mean rank:1354.0856, topn:10.
2021-03-28 05:56:17,878 - root - INFO - Checkpointing ...
2021-03-28 06:01:44,362 - root - INFO - rec train loss:43.7438, kg train loss:176.4862!
2021-03-28 06:01:53,832 - root - INFO - f1:0.1217, p:0.1808, r:0.1275, hit:0.7164, ndcg:0.4705, topn:10.
2021-03-28 06:02:02,574 - root - INFO - f1:0.1290, p:0.2686, r:0.1135, hit:0.8081, ndcg:0.5621, topn:10.
2021-03-28 06:02:52,646 - root - INFO - head hit:0.0163, head mean rank:1405.1125, topn:10.
2021-03-28 06:02:52,646 - root - INFO - tail hit:0.0225, tail mean rank:1341.2672, topn:10.
2021-03-28 06:02:52,646 - root - INFO - avg hit:0.0194, avg mean rank:1373.1899, topn:10.
2021-03-28 06:04:02,121 - root - INFO - head hit:0.0169, head mean rank:1397.3742, topn:10.
2021-03-28 06:04:02,122 - root - INFO - tail hit:0.0228, tail mean rank:1346.5497, topn:10.
2021-03-28 06:04:02,122 - root - INFO - avg hit:0.0198, avg mean rank:1371.9620, topn:10.
2021-03-28 06:04:02,154 - root - INFO - Checkpointing ...
2021-03-28 06:09:29,123 - root - INFO - rec train loss:44.1860, kg train loss:177.6738!
2021-03-28 06:09:37,986 - root - INFO - f1:0.1220, p:0.1822, r:0.1273, hit:0.7098, ndcg:0.4699, topn:10.
2021-03-28 06:09:47,665 - root - INFO - f1:0.1309, p:0.2727, r:0.1150, hit:0.8099, ndcg:0.5626, topn:10.
2021-03-28 06:10:37,545 - root - INFO - head hit:0.0166, head mean rank:1398.0286, topn:10.
2021-03-28 06:10:37,545 - root - INFO - tail hit:0.0244, tail mean rank:1329.1420, topn:10.
2021-03-28 06:10:37,545 - root - INFO - avg hit:0.0205, avg mean rank:1363.5853, topn:10.
2021-03-28 06:11:47,039 - root - INFO - head hit:0.0162, head mean rank:1390.4692, topn:10.
2021-03-28 06:11:47,039 - root - INFO - tail hit:0.0238, tail mean rank:1328.8449, topn:10.
2021-03-28 06:11:47,039 - root - INFO - avg hit:0.0200, avg mean rank:1359.6570, topn:10.
2021-03-28 06:11:47,070 - root - INFO - Checkpointing ...
2021-03-28 06:17:13,943 - root - INFO - rec train loss:43.9703, kg train loss:177.8480!
2021-03-28 06:17:23,386 - root - INFO - f1:0.1208, p:0.1819, r:0.1248, hit:0.7076, ndcg:0.4623, topn:10.
2021-03-28 06:17:32,207 - root - INFO - f1:0.1308, p:0.2725, r:0.1152, hit:0.8081, ndcg:0.5621, topn:10.
2021-03-28 06:18:22,528 - root - INFO - head hit:0.0157, head mean rank:1415.4641, topn:10.
2021-03-28 06:18:22,528 - root - INFO - tail hit:0.0238, tail mean rank:1321.8123, topn:10.
2021-03-28 06:18:22,528 - root - INFO - avg hit:0.0198, avg mean rank:1368.6382, topn:10.
2021-03-28 06:19:31,578 - root - INFO - head hit:0.0149, head mean rank:1410.6446, topn:10.
2021-03-28 06:19:31,579 - root - INFO - tail hit:0.0231, tail mean rank:1324.8667, topn:10.
2021-03-28 06:19:31,579 - root - INFO - avg hit:0.0190, avg mean rank:1367.7557, topn:10.
2021-03-28 06:19:31,611 - root - INFO - No improvement after one epoch. Lowering learning rate.
2021-03-28 06:24:57,880 - root - INFO - rec train loss:18.6189, kg train loss:74.7675!
2021-03-28 06:25:06,034 - root - INFO - f1:0.1339, p:0.2029, r:0.1377, hit:0.7361, ndcg:0.4907, topn:10.
2021-03-28 06:25:15,528 - root - INFO - f1:0.1414, p:0.2966, r:0.1235, hit:0.8240, ndcg:0.5840, topn:10.
2021-03-28 06:26:04,816 - root - INFO - head hit:0.0317, head mean rank:951.6416, topn:10.
2021-03-28 06:26:04,816 - root - INFO - tail hit:0.0406, tail mean rank:841.0350, topn:10.
2021-03-28 06:26:04,816 - root - INFO - avg hit:0.0362, avg mean rank:896.3383, topn:10.
2021-03-28 06:27:11,404 - root - INFO - head hit:0.0309, head mean rank:956.3989, topn:10.
2021-03-28 06:27:11,405 - root - INFO - tail hit:0.0394, tail mean rank:840.4340, topn:10.
2021-03-28 06:27:11,405 - root - INFO - avg hit:0.0352, avg mean rank:898.4165, topn:10.
2021-03-28 06:27:11,437 - root - INFO - Checkpointing ...
2021-03-28 06:32:36,402 - root - INFO - rec train loss:17.4246, kg train loss:69.6073!
2021-03-28 06:32:45,227 - root - INFO - f1:0.1359, p:0.2059, r:0.1398, hit:0.7356, ndcg:0.4961, topn:10.
2021-03-28 06:32:54,072 - root - INFO - f1:0.1419, p:0.2987, r:0.1240, hit:0.8257, ndcg:0.5835, topn:10.
2021-03-28 06:33:43,033 - root - INFO - head hit:0.0306, head mean rank:942.5409, topn:10.
2021-03-28 06:33:43,033 - root - INFO - tail hit:0.0409, tail mean rank:860.0429, topn:10.
2021-03-28 06:33:43,033 - root - INFO - avg hit:0.0357, avg mean rank:901.2919, topn:10.
2021-03-28 06:34:50,213 - root - INFO - head hit:0.0303, head mean rank:937.4550, topn:10.
2021-03-28 06:34:50,213 - root - INFO - tail hit:0.0420, tail mean rank:849.4190, topn:10.
2021-03-28 06:34:50,213 - root - INFO - avg hit:0.0361, avg mean rank:893.4370, topn:10.
2021-03-28 06:34:50,245 - root - INFO - Checkpointing ...
2021-03-28 06:40:15,727 - root - INFO - rec train loss:17.3182, kg train loss:69.2316!
2021-03-28 06:40:24,729 - root - INFO - f1:0.1371, p:0.2072, r:0.1413, hit:0.7401, ndcg:0.4925, topn:10.
2021-03-28 06:40:33,308 - root - INFO - f1:0.1438, p:0.3029, r:0.1253, hit:0.8248, ndcg:0.5810, topn:10.
2021-03-28 06:41:21,516 - root - INFO - head hit:0.0276, head mean rank:937.5420, topn:10.
2021-03-28 06:41:21,516 - root - INFO - tail hit:0.0471, tail mean rank:830.4774, topn:10.
2021-03-28 06:41:21,517 - root - INFO - avg hit:0.0374, avg mean rank:884.0097, topn:10.
2021-03-28 06:42:29,446 - root - INFO - head hit:0.0278, head mean rank:941.3894, topn:10.
2021-03-28 06:42:29,446 - root - INFO - tail hit:0.0485, tail mean rank:834.8013, topn:10.
2021-03-28 06:42:29,446 - root - INFO - avg hit:0.0381, avg mean rank:888.0953, topn:10.
2021-03-28 06:42:29,477 - root - INFO - Checkpointing ...
2021-03-28 06:47:55,385 - root - INFO - rec train loss:17.1335, kg train loss:68.5105!
2021-03-28 06:48:04,123 - root - INFO - f1:0.1397, p:0.2110, r:0.1437, hit:0.7425, ndcg:0.4986, topn:10.
2021-03-28 06:48:14,069 - root - INFO - f1:0.1443, p:0.3041, r:0.1257, hit:0.8214, ndcg:0.5857, topn:10.
2021-03-28 06:49:03,511 - root - INFO - head hit:0.0319, head mean rank:933.4157, topn:10.
2021-03-28 06:49:03,511 - root - INFO - tail hit:0.0527, tail mean rank:826.8047, topn:10.
2021-03-28 06:49:03,511 - root - INFO - avg hit:0.0423, avg mean rank:880.1102, topn:10.
2021-03-28 06:50:10,865 - root - INFO - head hit:0.0310, head mean rank:935.6458, topn:10.
2021-03-28 06:50:10,865 - root - INFO - tail hit:0.0517, tail mean rank:830.2480, topn:10.
2021-03-28 06:50:10,865 - root - INFO - avg hit:0.0413, avg mean rank:882.9469, topn:10.
2021-03-28 06:50:10,898 - root - INFO - Checkpointing ...
2021-03-28 06:55:34,103 - root - INFO - rec train loss:17.1521, kg train loss:68.4817!
2021-03-28 06:55:43,387 - root - INFO - f1:0.1406, p:0.2124, r:0.1445, hit:0.7474, ndcg:0.5012, topn:10.
2021-03-28 06:55:52,161 - root - INFO - f1:0.1465, p:0.3074, r:0.1275, hit:0.8308, ndcg:0.5893, topn:10.
2021-03-28 06:56:40,881 - root - INFO - head hit:0.0296, head mean rank:941.7290, topn:10.
2021-03-28 06:56:40,881 - root - INFO - tail hit:0.0499, tail mean rank:828.3210, topn:10.
2021-03-28 06:56:40,881 - root - INFO - avg hit:0.0397, avg mean rank:885.0250, topn:10.
2021-03-28 06:57:48,723 - root - INFO - head hit:0.0309, head mean rank:938.0358, topn:10.
2021-03-28 06:57:48,723 - root - INFO - tail hit:0.0512, tail mean rank:830.1601, topn:10.
2021-03-28 06:57:48,724 - root - INFO - avg hit:0.0410, avg mean rank:884.0980, topn:10.
2021-03-28 06:57:48,754 - root - INFO - Checkpointing ...
2021-03-28 07:03:08,578 - root - INFO - rec train loss:17.2186, kg train loss:68.4942!
2021-03-28 07:03:17,273 - root - INFO - f1:0.1425, p:0.2147, r:0.1472, hit:0.7508, ndcg:0.5029, topn:10.
2021-03-28 07:03:26,870 - root - INFO - f1:0.1468, p:0.3088, r:0.1272, hit:0.8280, ndcg:0.5904, topn:10.
2021-03-28 07:04:15,623 - root - INFO - head hit:0.0299, head mean rank:938.1122, topn:10.
2021-03-28 07:04:15,624 - root - INFO - tail hit:0.0435, tail mean rank:841.7795, topn:10.
2021-03-28 07:04:15,624 - root - INFO - avg hit:0.0367, avg mean rank:889.9459, topn:10.
2021-03-28 07:05:22,863 - root - INFO - head hit:0.0296, head mean rank:949.0617, topn:10.
2021-03-28 07:05:22,863 - root - INFO - tail hit:0.0455, tail mean rank:850.6381, topn:10.
2021-03-28 07:05:22,863 - root - INFO - avg hit:0.0375, avg mean rank:899.8499, topn:10.
2021-03-28 07:05:22,897 - root - INFO - Checkpointing ...
2021-03-28 07:10:42,948 - root - INFO - rec train loss:17.3173, kg train loss:68.8242!
2021-03-28 07:10:52,403 - root - INFO - f1:0.1410, p:0.2137, r:0.1445, hit:0.7419, ndcg:0.4994, topn:10.
2021-03-28 07:11:01,342 - root - INFO - f1:0.1477, p:0.3102, r:0.1284, hit:0.8290, ndcg:0.5878, topn:10.
2021-03-28 07:11:51,371 - root - INFO - head hit:0.0301, head mean rank:933.7244, topn:10.
2021-03-28 07:11:51,372 - root - INFO - tail hit:0.0440, tail mean rank:822.3740, topn:10.
2021-03-28 07:11:51,372 - root - INFO - avg hit:0.0370, avg mean rank:878.0492, topn:10.
2021-03-28 07:12:58,835 - root - INFO - head hit:0.0298, head mean rank:933.0190, topn:10.
2021-03-28 07:12:58,836 - root - INFO - tail hit:0.0461, tail mean rank:826.2991, topn:10.
2021-03-28 07:12:58,836 - root - INFO - avg hit:0.0380, avg mean rank:879.6590, topn:10.
2021-03-28 07:12:58,868 - root - INFO - No improvement after one epoch. Lowering learning rate.
2021-03-28 07:18:18,761 - root - INFO - rec train loss:9.9407, kg train loss:39.6372!
2021-03-28 07:18:27,663 - root - INFO - f1:0.1492, p:0.2265, r:0.1529, hit:0.7571, ndcg:0.5141, topn:10.
2021-03-28 07:18:36,339 - root - INFO - f1:0.1530, p:0.3222, r:0.1328, hit:0.8368, ndcg:0.5991, topn:10.
2021-03-28 07:19:24,742 - root - INFO - head hit:0.0487, head mean rank:741.4674, topn:10.
2021-03-28 07:19:24,742 - root - INFO - tail hit:0.0827, tail mean rank:616.4646, topn:10.
2021-03-28 07:19:24,742 - root - INFO - avg hit:0.0657, avg mean rank:678.9660, topn:10.
2021-03-28 07:20:31,253 - root - INFO - head hit:0.0464, head mean rank:745.6865, topn:10.
2021-03-28 07:20:31,253 - root - INFO - tail hit:0.0834, tail mean rank:623.8058, topn:10.
2021-03-28 07:20:31,253 - root - INFO - avg hit:0.0649, avg mean rank:684.7461, topn:10.
2021-03-28 07:20:31,276 - root - INFO - Checkpointing ...
2021-03-28 07:25:50,300 - root - INFO - rec train loss:8.9446, kg train loss:35.4085!
2021-03-28 07:26:00,062 - root - INFO - f1:0.1531, p:0.2327, r:0.1565, hit:0.7669, ndcg:0.5243, topn:10.
2021-03-28 07:26:09,148 - root - INFO - f1:0.1577, p:0.3296, r:0.1378, hit:0.8452, ndcg:0.6050, topn:10.
2021-03-28 07:26:58,779 - root - INFO - head hit:0.0488, head mean rank:727.0942, topn:10.
2021-03-28 07:26:58,779 - root - INFO - tail hit:0.0846, tail mean rank:609.0557, topn:10.
2021-03-28 07:26:58,779 - root - INFO - avg hit:0.0667, avg mean rank:668.0750, topn:10.
2021-03-28 07:28:05,918 - root - INFO - head hit:0.0501, head mean rank:724.3839, topn:10.
2021-03-28 07:28:05,918 - root - INFO - tail hit:0.0863, tail mean rank:611.9418, topn:10.
2021-03-28 07:28:05,918 - root - INFO - avg hit:0.0682, avg mean rank:668.1628, topn:10.
2021-03-28 07:28:05,954 - root - INFO - Checkpointing ...
2021-03-28 07:33:26,047 - root - INFO - rec train loss:8.5516, kg train loss:33.9960!
2021-03-28 07:33:35,353 - root - INFO - f1:0.1538, p:0.2339, r:0.1570, hit:0.7642, ndcg:0.5218, topn:10.
2021-03-28 07:33:44,106 - root - INFO - f1:0.1585, p:0.3329, r:0.1376, hit:0.8424, ndcg:0.6066, topn:10.
2021-03-28 07:34:32,598 - root - INFO - head hit:0.0512, head mean rank:725.1300, topn:10.
2021-03-28 07:34:32,599 - root - INFO - tail hit:0.0914, tail mean rank:613.1003, topn:10.
2021-03-28 07:34:32,599 - root - INFO - avg hit:0.0713, avg mean rank:669.1152, topn:10.
2021-03-28 07:35:40,377 - root - INFO - head hit:0.0499, head mean rank:722.5254, topn:10.
2021-03-28 07:35:40,378 - root - INFO - tail hit:0.0899, tail mean rank:614.8603, topn:10.
2021-03-28 07:35:40,378 - root - INFO - avg hit:0.0699, avg mean rank:668.6929, topn:10.
2021-03-28 07:35:40,411 - root - INFO - Checkpointing ...
2021-03-28 07:40:53,467 - root - INFO - rec train loss:8.1819, kg train loss:33.1425!
2021-03-28 07:41:02,078 - root - INFO - f1:0.1530, p:0.2336, r:0.1556, hit:0.7623, ndcg:0.5225, topn:10.
2021-03-28 07:41:11,895 - root - INFO - f1:0.1569, p:0.3308, r:0.1359, hit:0.8361, ndcg:0.6035, topn:10.
2021-03-28 07:42:01,227 - root - INFO - head hit:0.0567, head mean rank:710.1321, topn:10.
2021-03-28 07:42:01,227 - root - INFO - tail hit:0.0949, tail mean rank:600.5841, topn:10.
2021-03-28 07:42:01,228 - root - INFO - avg hit:0.0758, avg mean rank:655.3581, topn:10.
2021-03-28 07:43:08,077 - root - INFO - head hit:0.0548, head mean rank:710.7258, topn:10.
2021-03-28 07:43:08,077 - root - INFO - tail hit:0.0950, tail mean rank:604.2208, topn:10.
2021-03-28 07:43:08,077 - root - INFO - avg hit:0.0749, avg mean rank:657.4733, topn:10.
2021-03-28 07:43:08,108 - root - INFO - No improvement after one epoch. Lowering learning rate.
2021-03-28 07:48:27,760 - root - INFO - rec train loss:5.1241, kg train loss:20.5173!
2021-03-28 07:48:36,594 - root - INFO - f1:0.1580, p:0.2414, r:0.1604, hit:0.7682, ndcg:0.5293, topn:10.
2021-03-28 07:48:45,224 - root - INFO - f1:0.1619, p:0.3403, r:0.1406, hit:0.8440, ndcg:0.6117, topn:10.
2021-03-28 07:49:32,756 - root - INFO - head hit:0.0761, head mean rank:596.1632, topn:10.
2021-03-28 07:49:32,756 - root - INFO - tail hit:0.1254, tail mean rank:499.8039, topn:10.
2021-03-28 07:49:32,756 - root - INFO - avg hit:0.1007, avg mean rank:547.9836, topn:10.
2021-03-28 07:50:39,229 - root - INFO - head hit:0.0753, head mean rank:592.2779, topn:10.
2021-03-28 07:50:39,229 - root - INFO - tail hit:0.1256, tail mean rank:497.2984, topn:10.
2021-03-28 07:50:39,229 - root - INFO - avg hit:0.1004, avg mean rank:544.7882, topn:10.
2021-03-28 07:50:39,259 - root - INFO - Checkpointing ...
2021-03-28 07:55:59,029 - root - INFO - rec train loss:4.3020, kg train loss:16.9425!
2021-03-28 07:56:07,877 - root - INFO - f1:0.1599, p:0.2442, r:0.1623, hit:0.7712, ndcg:0.5337, topn:10.
2021-03-28 07:56:17,380 - root - INFO - f1:0.1633, p:0.3432, r:0.1416, hit:0.8477, ndcg:0.6164, topn:10.
2021-03-28 07:57:05,792 - root - INFO - head hit:0.0810, head mean rank:585.4892, topn:10.
2021-03-28 07:57:05,792 - root - INFO - tail hit:0.1352, tail mean rank:489.6429, topn:10.
2021-03-28 07:57:05,792 - root - INFO - avg hit:0.1081, avg mean rank:537.5660, topn:10.
2021-03-28 07:58:12,124 - root - INFO - head hit:0.0773, head mean rank:588.9552, topn:10.
2021-03-28 07:58:12,124 - root - INFO - tail hit:0.1312, tail mean rank:496.1134, topn:10.
2021-03-28 07:58:12,124 - root - INFO - avg hit:0.1042, avg mean rank:542.5343, topn:10.
2021-03-28 07:58:12,153 - root - INFO - Checkpointing ...
2021-03-28 08:03:33,454 - root - INFO - rec train loss:4.0086, kg train loss:15.8390!
2021-03-28 08:03:42,939 - root - INFO - f1:0.1614, p:0.2461, r:0.1638, hit:0.7747, ndcg:0.5356, topn:10.
2021-03-28 08:03:51,590 - root - INFO - f1:0.1653, p:0.3461, r:0.1437, hit:0.8525, ndcg:0.6167, topn:10.
2021-03-28 08:04:39,512 - root - INFO - head hit:0.0828, head mean rank:586.0927, topn:10.
2021-03-28 08:04:39,512 - root - INFO - tail hit:0.1356, tail mean rank:498.4582, topn:10.
2021-03-28 08:04:39,512 - root - INFO - avg hit:0.1092, avg mean rank:542.2754, topn:10.
2021-03-28 08:05:46,160 - root - INFO - head hit:0.0789, head mean rank:588.8991, topn:10.
2021-03-28 08:05:46,161 - root - INFO - tail hit:0.1349, tail mean rank:504.1369, topn:10.
2021-03-28 08:05:46,161 - root - INFO - avg hit:0.1069, avg mean rank:546.5180, topn:10.
2021-03-28 08:05:46,193 - root - INFO - Checkpointing ...
2021-03-28 08:11:05,995 - root - INFO - rec train loss:3.8356, kg train loss:15.1015!
2021-03-28 08:11:14,663 - root - INFO - f1:0.1622, p:0.2483, r:0.1642, hit:0.7727, ndcg:0.5357, topn:10.
2021-03-28 08:11:24,218 - root - INFO - f1:0.1665, p:0.3492, r:0.1443, hit:0.8525, ndcg:0.6185, topn:10.
2021-03-28 08:12:12,628 - root - INFO - head hit:0.0839, head mean rank:593.3153, topn:10.
2021-03-28 08:12:12,628 - root - INFO - tail hit:0.1387, tail mean rank:496.3490, topn:10.
2021-03-28 08:12:12,629 - root - INFO - avg hit:0.1113, avg mean rank:544.8322, topn:10.
2021-03-28 08:13:18,399 - root - INFO - head hit:0.0796, head mean rank:586.4739, topn:10.
2021-03-28 08:13:18,399 - root - INFO - tail hit:0.1383, tail mean rank:502.0247, topn:10.
2021-03-28 08:13:18,399 - root - INFO - avg hit:0.1090, avg mean rank:544.2493, topn:10.
2021-03-28 08:13:18,428 - root - INFO - Checkpointing ...
2021-03-28 08:18:37,829 - root - INFO - rec train loss:3.6843, kg train loss:14.7473!
2021-03-28 08:18:47,408 - root - INFO - f1:0.1624, p:0.2490, r:0.1643, hit:0.7742, ndcg:0.5361, topn:10.
2021-03-28 08:18:56,143 - root - INFO - f1:0.1662, p:0.3490, r:0.1440, hit:0.8498, ndcg:0.6171, topn:10.
2021-03-28 08:19:44,896 - root - INFO - head hit:0.0826, head mean rank:593.2479, topn:10.
2021-03-28 08:19:44,897 - root - INFO - tail hit:0.1393, tail mean rank:506.2113, topn:10.
2021-03-28 08:19:44,897 - root - INFO - avg hit:0.1110, avg mean rank:549.7296, topn:10.
2021-03-28 08:20:50,919 - root - INFO - head hit:0.0790, head mean rank:589.7026, topn:10.
2021-03-28 08:20:50,919 - root - INFO - tail hit:0.1368, tail mean rank:509.6899, topn:10.
2021-03-28 08:20:50,919 - root - INFO - avg hit:0.1079, avg mean rank:549.6963, topn:10.
2021-03-28 08:20:50,950 - root - INFO - Checkpointing ...
2021-03-28 08:26:11,208 - root - INFO - rec train loss:3.6222, kg train loss:14.3109!
2021-03-28 08:26:20,995 - root - INFO - f1:0.1631, p:0.2502, r:0.1648, hit:0.7760, ndcg:0.5405, topn:10.
2021-03-28 08:26:29,762 - root - INFO - f1:0.1668, p:0.3508, r:0.1446, hit:0.8502, ndcg:0.6199, topn:10.
2021-03-28 08:27:18,516 - root - INFO - head hit:0.0839, head mean rank:590.7886, topn:10.
2021-03-28 08:27:18,517 - root - INFO - tail hit:0.1358, tail mean rank:503.9526, topn:10.
2021-03-28 08:27:18,517 - root - INFO - avg hit:0.1098, avg mean rank:547.3706, topn:10.
2021-03-28 08:28:25,552 - root - INFO - head hit:0.0828, head mean rank:582.8818, topn:10.
2021-03-28 08:28:25,552 - root - INFO - tail hit:0.1363, tail mean rank:505.4844, topn:10.
2021-03-28 08:28:25,556 - root - INFO - avg hit:0.1095, avg mean rank:544.1831, topn:10.
2021-03-28 08:28:25,586 - root - INFO - Checkpointing ...
2021-03-28 08:33:44,989 - root - INFO - rec train loss:3.5918, kg train loss:14.1596!
2021-03-28 08:33:53,500 - root - INFO - f1:0.1642, p:0.2520, r:0.1660, hit:0.7719, ndcg:0.5397, topn:10.
2021-03-28 08:34:03,383 - root - INFO - f1:0.1672, p:0.3517, r:0.1447, hit:0.8525, ndcg:0.6194, topn:10.
2021-03-28 08:34:51,724 - root - INFO - head hit:0.0899, head mean rank:594.1427, topn:10.
2021-03-28 08:34:51,725 - root - INFO - tail hit:0.1413, tail mean rank:506.4797, topn:10.
2021-03-28 08:34:51,725 - root - INFO - avg hit:0.1156, avg mean rank:550.3112, topn:10.
2021-03-28 08:35:58,728 - root - INFO - head hit:0.0867, head mean rank:589.6092, topn:10.
2021-03-28 08:35:58,729 - root - INFO - tail hit:0.1389, tail mean rank:505.7284, topn:10.
2021-03-28 08:35:58,729 - root - INFO - avg hit:0.1128, avg mean rank:547.6688, topn:10.
2021-03-28 08:35:58,758 - root - INFO - Checkpointing ...
2021-03-28 08:41:19,215 - root - INFO - rec train loss:3.5283, kg train loss:13.8798!
2021-03-28 08:41:28,410 - root - INFO - f1:0.1647, p:0.2523, r:0.1667, hit:0.7772, ndcg:0.5387, topn:10.
2021-03-28 08:41:36,963 - root - INFO - f1:0.1659, p:0.3509, r:0.1430, hit:0.8445, ndcg:0.6195, topn:10.
2021-03-28 08:42:24,923 - root - INFO - head hit:0.0829, head mean rank:595.3660, topn:10.
2021-03-28 08:42:24,923 - root - INFO - tail hit:0.1394, tail mean rank:506.8361, topn:10.
2021-03-28 08:42:24,923 - root - INFO - avg hit:0.1112, avg mean rank:551.1010, topn:10.
2021-03-28 08:43:31,084 - root - INFO - head hit:0.0845, head mean rank:596.4329, topn:10.
2021-03-28 08:43:31,084 - root - INFO - tail hit:0.1371, tail mean rank:512.1053, topn:10.
2021-03-28 08:43:31,084 - root - INFO - avg hit:0.1108, avg mean rank:554.2691, topn:10.
2021-03-28 08:43:31,119 - root - INFO - Checkpointing ...
2021-03-28 08:48:57,808 - root - INFO - rec train loss:3.4496, kg train loss:13.7474!
2021-03-28 08:49:06,487 - root - INFO - f1:0.1646, p:0.2525, r:0.1666, hit:0.7775, ndcg:0.5392, topn:10.
2021-03-28 08:49:16,344 - root - INFO - f1:0.1665, p:0.3517, r:0.1436, hit:0.8485, ndcg:0.6185, topn:10.
2021-03-28 08:50:04,171 - root - INFO - head hit:0.0875, head mean rank:591.5232, topn:10.
2021-03-28 08:50:04,171 - root - INFO - tail hit:0.1427, tail mean rank:505.3781, topn:10.
2021-03-28 08:50:04,171 - root - INFO - avg hit:0.1151, avg mean rank:548.4507, topn:10.
2021-03-28 08:51:10,009 - root - INFO - head hit:0.0875, head mean rank:590.9114, topn:10.
2021-03-28 08:51:10,010 - root - INFO - tail hit:0.1433, tail mean rank:506.5170, topn:10.
2021-03-28 08:51:10,010 - root - INFO - avg hit:0.1154, avg mean rank:548.7142, topn:10.
2021-03-28 08:51:10,040 - root - INFO - No improvement after one epoch. Lowering learning rate.
2021-03-28 08:56:35,666 - root - INFO - rec train loss:2.3579, kg train loss:9.4379!
2021-03-28 08:56:44,953 - root - INFO - f1:0.1666, p:0.2554, r:0.1685, hit:0.7795, ndcg:0.5423, topn:10.
2021-03-28 08:56:53,615 - root - INFO - f1:0.1682, p:0.3543, r:0.1453, hit:0.8490, ndcg:0.6226, topn:10.
2021-03-28 08:57:41,372 - root - INFO - head hit:0.1053, head mean rank:533.3192, topn:10.
2021-03-28 08:57:41,372 - root - INFO - tail hit:0.1645, tail mean rank:447.5080, topn:10.
2021-03-28 08:57:41,372 - root - INFO - avg hit:0.1349, avg mean rank:490.4136, topn:10.
2021-03-28 08:58:47,908 - root - INFO - head hit:0.1023, head mean rank:535.1459, topn:10.
2021-03-28 08:58:47,908 - root - INFO - tail hit:0.1645, tail mean rank:455.9931, topn:10.
2021-03-28 08:58:47,908 - root - INFO - avg hit:0.1334, avg mean rank:495.5695, topn:10.
2021-03-28 08:58:47,939 - root - INFO - Checkpointing ...
2021-03-28 09:04:11,046 - root - INFO - rec train loss:2.0044, kg train loss:7.7374!
2021-03-28 09:04:19,829 - root - INFO - f1:0.1673, p:0.2566, r:0.1688, hit:0.7793, ndcg:0.5429, topn:10.
2021-03-28 09:04:30,687 - root - INFO - f1:0.1687, p:0.3562, r:0.1454, hit:0.8502, ndcg:0.6227, topn:10.
2021-03-28 09:05:19,079 - root - INFO - head hit:0.1090, head mean rank:531.1232, topn:10.
2021-03-28 09:05:19,079 - root - INFO - tail hit:0.1678, tail mean rank:450.7890, topn:10.
2021-03-28 09:05:19,079 - root - INFO - avg hit:0.1384, avg mean rank:490.9561, topn:10.
2021-03-28 09:06:25,242 - root - INFO - head hit:0.1072, head mean rank:534.7164, topn:10.
2021-03-28 09:06:25,243 - root - INFO - tail hit:0.1680, tail mean rank:459.8387, topn:10.
2021-03-28 09:06:25,243 - root - INFO - avg hit:0.1376, avg mean rank:497.2776, topn:10.
2021-03-28 09:06:25,273 - root - INFO - Checkpointing ...
2021-03-28 09:11:49,326 - root - INFO - rec train loss:1.8297, kg train loss:7.1672!
2021-03-28 09:11:59,207 - root - INFO - f1:0.1686, p:0.2584, r:0.1705, hit:0.7831, ndcg:0.5460, topn:10.
2021-03-28 09:12:08,071 - root - INFO - f1:0.1697, p:0.3581, r:0.1464, hit:0.8500, ndcg:0.6250, topn:10.
2021-03-28 09:12:56,887 - root - INFO - head hit:0.1136, head mean rank:532.2495, topn:10.
2021-03-28 09:12:56,887 - root - INFO - tail hit:0.1697, tail mean rank:451.8483, topn:10.
2021-03-28 09:12:56,888 - root - INFO - avg hit:0.1416, avg mean rank:492.0489, topn:10.
2021-03-28 09:14:02,566 - root - INFO - head hit:0.1102, head mean rank:534.1985, topn:10.
2021-03-28 09:14:02,567 - root - INFO - tail hit:0.1693, tail mean rank:459.2969, topn:10.
2021-03-28 09:14:02,567 - root - INFO - avg hit:0.1398, avg mean rank:496.7477, topn:10.
2021-03-28 09:14:02,595 - root - INFO - Checkpointing ...
2021-03-28 09:19:31,869 - root - INFO - rec train loss:1.7296, kg train loss:6.8499!
2021-03-28 09:19:41,169 - root - INFO - f1:0.1686, p:0.2586, r:0.1704, hit:0.7790, ndcg:0.5452, topn:10.
2021-03-28 09:19:50,035 - root - INFO - f1:0.1698, p:0.3585, r:0.1464, hit:0.8515, ndcg:0.6259, topn:10.
2021-03-28 09:20:38,802 - root - INFO - head hit:0.1151, head mean rank:529.4989, topn:10.
2021-03-28 09:20:38,802 - root - INFO - tail hit:0.1725, tail mean rank:456.6752, topn:10.
2021-03-28 09:20:38,802 - root - INFO - avg hit:0.1438, avg mean rank:493.0870, topn:10.
2021-03-28 09:21:44,866 - root - INFO - head hit:0.1111, head mean rank:530.6002, topn:10.
2021-03-28 09:21:44,866 - root - INFO - tail hit:0.1705, tail mean rank:462.7534, topn:10.
2021-03-28 09:21:44,866 - root - INFO - avg hit:0.1408, avg mean rank:496.6768, topn:10.
2021-03-28 09:21:44,895 - root - INFO - No improvement after one epoch. Lowering learning rate.
2021-03-28 09:27:09,209 - root - INFO - rec train loss:1.4134, kg train loss:5.5235!
2021-03-28 09:27:17,722 - root - INFO - f1:0.1705, p:0.2611, r:0.1721, hit:0.7829, ndcg:0.5484, topn:10.
2021-03-28 09:27:27,082 - root - INFO - f1:0.1710, p:0.3605, r:0.1474, hit:0.8523, ndcg:0.6274, topn:10.
2021-03-28 09:28:15,100 - root - INFO - head hit:0.1264, head mean rank:504.7667, topn:10.
2021-03-28 09:28:15,100 - root - INFO - tail hit:0.1869, tail mean rank:430.5274, topn:10.
2021-03-28 09:28:15,101 - root - INFO - avg hit:0.1567, avg mean rank:467.6471, topn:10.
2021-03-28 09:29:21,329 - root - INFO - head hit:0.1233, head mean rank:507.1685, topn:10.
2021-03-28 09:29:21,329 - root - INFO - tail hit:0.1851, tail mean rank:436.9937, topn:10.
2021-03-28 09:29:21,330 - root - INFO - avg hit:0.1542, avg mean rank:472.0811, topn:10.
2021-03-28 09:29:21,358 - root - INFO - Checkpointing ...
2021-03-28 09:34:42,355 - root - INFO - rec train loss:1.2065, kg train loss:4.7206!
2021-03-28 09:34:51,664 - root - INFO - f1:0.1702, p:0.2613, r:0.1716, hit:0.7815, ndcg:0.5460, topn:10.
2021-03-28 09:35:00,405 - root - INFO - f1:0.1713, p:0.3614, r:0.1478, hit:0.8518, ndcg:0.6280, topn:10.
2021-03-28 09:35:48,287 - root - INFO - head hit:0.1281, head mean rank:503.8077, topn:10.
2021-03-28 09:35:48,288 - root - INFO - tail hit:0.1899, tail mean rank:429.9897, topn:10.
2021-03-28 09:35:48,288 - root - INFO - avg hit:0.1590, avg mean rank:466.8987, topn:10.
2021-03-28 09:36:53,800 - root - INFO - head hit:0.1267, head mean rank:505.2985, topn:10.
2021-03-28 09:36:53,801 - root - INFO - tail hit:0.1902, tail mean rank:434.7504, topn:10.
2021-03-28 09:36:53,801 - root - INFO - avg hit:0.1584, avg mean rank:470.0245, topn:10.
2021-03-28 09:36:53,832 - root - INFO - No improvement after one epoch. Lowering learning rate.
2021-03-28 09:42:13,262 - root - INFO - rec train loss:1.0441, kg train loss:4.1176!
2021-03-28 09:42:21,915 - root - INFO - f1:0.1712, p:0.2625, r:0.1729, hit:0.7826, ndcg:0.5481, topn:10.
2021-03-28 09:42:31,631 - root - INFO - f1:0.1719, p:0.3626, r:0.1483, hit:0.8530, ndcg:0.6284, topn:10.
2021-03-28 09:43:19,740 - root - INFO - head hit:0.1359, head mean rank:492.7952, topn:10.
2021-03-28 09:43:19,740 - root - INFO - tail hit:0.1984, tail mean rank:418.5362, topn:10.
2021-03-28 09:43:19,740 - root - INFO - avg hit:0.1672, avg mean rank:455.6657, topn:10.
2021-03-28 09:44:25,730 - root - INFO - head hit:0.1351, head mean rank:493.3274, topn:10.
2021-03-28 09:44:25,731 - root - INFO - tail hit:0.1994, tail mean rank:424.3418, topn:10.
2021-03-28 09:44:25,731 - root - INFO - avg hit:0.1673, avg mean rank:458.8346, topn:10.
2021-03-28 09:44:25,759 - root - INFO - Checkpointing ...
2021-03-28 09:49:46,159 - root - INFO - rec train loss:0.9630, kg train loss:3.6576!
2021-03-28 09:49:55,504 - root - INFO - f1:0.1717, p:0.2635, r:0.1733, hit:0.7841, ndcg:0.5499, topn:10.
2021-03-28 09:50:04,190 - root - INFO - f1:0.1717, p:0.3623, r:0.1483, hit:0.8535, ndcg:0.6293, topn:10.
2021-03-28 09:50:52,151 - root - INFO - head hit:0.1410, head mean rank:490.6068, topn:10.
2021-03-28 09:50:52,151 - root - INFO - tail hit:0.2011, tail mean rank:415.0087, topn:10.
2021-03-28 09:50:52,151 - root - INFO - avg hit:0.1711, avg mean rank:452.8078, topn:10.
2021-03-28 09:51:58,651 - root - INFO - head hit:0.1379, head mean rank:490.3689, topn:10.
2021-03-28 09:51:58,651 - root - INFO - tail hit:0.1994, tail mean rank:421.9675, topn:10.
2021-03-28 09:51:58,651 - root - INFO - avg hit:0.1687, avg mean rank:456.1682, topn:10.
2021-03-28 09:51:58,679 - root - INFO - Checkpointing ...
2021-03-28 09:57:18,467 - root - INFO - rec train loss:0.9089, kg train loss:3.4596!
2021-03-28 09:57:26,540 - root - INFO - f1:0.1726, p:0.2646, r:0.1741, hit:0.7864, ndcg:0.5507, topn:10.
2021-03-28 09:57:36,016 - root - INFO - f1:0.1721, p:0.3633, r:0.1483, hit:0.8525, ndcg:0.6292, topn:10.
2021-03-28 09:58:23,589 - root - INFO - head hit:0.1405, head mean rank:488.3119, topn:10.
2021-03-28 09:58:23,590 - root - INFO - tail hit:0.2035, tail mean rank:415.1909, topn:10.
2021-03-28 09:58:23,590 - root - INFO - avg hit:0.1720, avg mean rank:451.7514, topn:10.
2021-03-28 09:59:28,612 - root - INFO - head hit:0.1400, head mean rank:487.5529, topn:10.
2021-03-28 09:59:28,613 - root - INFO - tail hit:0.2030, tail mean rank:421.0893, topn:10.
2021-03-28 09:59:28,613 - root - INFO - avg hit:0.1715, avg mean rank:454.3211, topn:10.
2021-03-28 09:59:28,641 - root - INFO - Checkpointing ...
2021-03-28 10:04:49,222 - root - INFO - rec train loss:0.8612, kg train loss:3.2794!
2021-03-28 10:04:58,315 - root - INFO - f1:0.1724, p:0.2648, r:0.1736, hit:0.7836, ndcg:0.5501, topn:10.
2021-03-28 10:05:07,145 - root - INFO - f1:0.1726, p:0.3645, r:0.1486, hit:0.8523, ndcg:0.6294, topn:10.
2021-03-28 10:05:55,556 - root - INFO - head hit:0.1476, head mean rank:486.4732, topn:10.
2021-03-28 10:05:55,557 - root - INFO - tail hit:0.2067, tail mean rank:413.6702, topn:10.
2021-03-28 10:05:55,557 - root - INFO - avg hit:0.1772, avg mean rank:450.0717, topn:10.
2021-03-28 10:07:02,024 - root - INFO - head hit:0.1447, head mean rank:487.4325, topn:10.
2021-03-28 10:07:02,024 - root - INFO - tail hit:0.2062, tail mean rank:421.5699, topn:10.
2021-03-28 10:07:02,024 - root - INFO - avg hit:0.1754, avg mean rank:454.5012, topn:10.
2021-03-28 10:07:02,057 - root - INFO - No improvement after one epoch. Lowering learning rate.
2021-03-28 10:12:21,870 - root - INFO - rec train loss:0.8165, kg train loss:3.1362!
2021-03-28 10:12:30,725 - root - INFO - f1:0.1726, p:0.2650, r:0.1737, hit:0.7829, ndcg:0.5504, topn:10.
2021-03-28 10:12:40,291 - root - INFO - f1:0.1725, p:0.3642, r:0.1487, hit:0.8536, ndcg:0.6302, topn:10.
2021-03-28 10:13:28,520 - root - INFO - head hit:0.1486, head mean rank:483.6022, topn:10.
2021-03-28 10:13:28,520 - root - INFO - tail hit:0.2079, tail mean rank:411.1397, topn:10.
2021-03-28 10:13:28,520 - root - INFO - avg hit:0.1783, avg mean rank:447.3709, topn:10.
2021-03-28 10:14:34,018 - root - INFO - head hit:0.1470, head mean rank:484.2359, topn:10.
2021-03-28 10:14:34,018 - root - INFO - tail hit:0.2081, tail mean rank:417.6252, topn:10.
2021-03-28 10:14:34,018 - root - INFO - avg hit:0.1775, avg mean rank:450.9306, topn:10.
2021-03-28 10:14:34,046 - root - INFO - No improvement after one epoch. Lowering learning rate.
2021-03-28 10:19:53,641 - root - INFO - rec train loss:0.7671, kg train loss:2.9597!
2021-03-28 10:20:03,275 - root - INFO - f1:0.1729, p:0.2653, r:0.1743, hit:0.7849, ndcg:0.5509, topn:10.
2021-03-28 10:20:12,071 - root - INFO - f1:0.1728, p:0.3647, r:0.1490, hit:0.8526, ndcg:0.6300, topn:10.
2021-03-28 10:21:00,568 - root - INFO - head hit:0.1509, head mean rank:481.6550, topn:10.
2021-03-28 10:21:00,568 - root - INFO - tail hit:0.2102, tail mean rank:409.5991, topn:10.
2021-03-28 10:21:00,568 - root - INFO - avg hit:0.1805, avg mean rank:445.6271, topn:10.
2021-03-28 10:22:07,118 - root - INFO - head hit:0.1491, head mean rank:482.1766, topn:10.
2021-03-28 10:22:07,118 - root - INFO - tail hit:0.2104, tail mean rank:416.4853, topn:10.
2021-03-28 10:22:07,119 - root - INFO - avg hit:0.1797, avg mean rank:449.3309, topn:10.
2021-03-28 10:22:07,147 - root - INFO - Checkpointing ...
2021-03-28 10:27:27,627 - root - INFO - rec train loss:0.7498, kg train loss:2.8990!
2021-03-28 10:27:36,757 - root - INFO - f1:0.1729, p:0.2654, r:0.1742, hit:0.7856, ndcg:0.5508, topn:10.
2021-03-28 10:27:45,652 - root - INFO - f1:0.1729, p:0.3650, r:0.1490, hit:0.8535, ndcg:0.6304, topn:10.
2021-03-28 10:28:33,672 - root - INFO - head hit:0.1526, head mean rank:480.5051, topn:10.
2021-03-28 10:28:33,673 - root - INFO - tail hit:0.2113, tail mean rank:409.2557, topn:10.
2021-03-28 10:28:33,681 - root - INFO - avg hit:0.1820, avg mean rank:444.8804, topn:10.
2021-03-28 10:29:39,989 - root - INFO - head hit:0.1501, head mean rank:481.0267, topn:10.
2021-03-28 10:29:39,989 - root - INFO - tail hit:0.2114, tail mean rank:415.8116, topn:10.
2021-03-28 10:29:39,989 - root - INFO - avg hit:0.1807, avg mean rank:448.4192, topn:10.
2021-03-28 10:29:40,017 - root - INFO - Checkpointing ...
2021-03-28 10:34:59,803 - root - INFO - rec train loss:0.7297, kg train loss:2.7845!
2021-03-28 10:35:08,576 - root - INFO - f1:0.1730, p:0.2655, r:0.1744, hit:0.7859, ndcg:0.5513, topn:10.
2021-03-28 10:35:18,323 - root - INFO - f1:0.1729, p:0.3651, r:0.1489, hit:0.8531, ndcg:0.6304, topn:10.
2021-03-28 10:36:06,874 - root - INFO - head hit:0.1542, head mean rank:479.6386, topn:10.
2021-03-28 10:36:06,874 - root - INFO - tail hit:0.2124, tail mean rank:408.3993, topn:10.
2021-03-28 10:36:06,874 - root - INFO - avg hit:0.1833, avg mean rank:444.0189, topn:10.
2021-03-28 10:37:13,175 - root - INFO - head hit:0.1523, head mean rank:479.9933, topn:10.
2021-03-28 10:37:13,175 - root - INFO - tail hit:0.2134, tail mean rank:415.4503, topn:10.
2021-03-28 10:37:13,175 - root - INFO - avg hit:0.1829, avg mean rank:447.7218, topn:10.
2021-03-28 10:37:13,203 - root - INFO - Checkpointing ...
2021-03-28 10:42:33,084 - root - INFO - rec train loss:0.7197, kg train loss:2.6725!
2021-03-28 10:42:42,456 - root - INFO - f1:0.1730, p:0.2657, r:0.1742, hit:0.7851, ndcg:0.5513, topn:10.
2021-03-28 10:42:51,454 - root - INFO - f1:0.1729, p:0.3654, r:0.1489, hit:0.8530, ndcg:0.6305, topn:10.
2021-03-28 10:43:40,232 - root - INFO - head hit:0.1554, head mean rank:478.5064, topn:10.
2021-03-28 10:43:40,233 - root - INFO - tail hit:0.2132, tail mean rank:408.2897, topn:10.
2021-03-28 10:43:40,233 - root - INFO - avg hit:0.1843, avg mean rank:443.3980, topn:10.
2021-03-28 10:44:48,287 - root - INFO - head hit:0.1529, head mean rank:479.1766, topn:10.
2021-03-28 10:44:48,287 - root - INFO - tail hit:0.2146, tail mean rank:415.2862, topn:10.
2021-03-28 10:44:48,287 - root - INFO - avg hit:0.1837, avg mean rank:447.2314, topn:10.
2021-03-28 10:44:48,316 - root - INFO - Checkpointing ...
2021-03-28 10:50:08,387 - root - INFO - rec train loss:0.7361, kg train loss:2.7704!
2021-03-28 10:50:17,028 - root - INFO - f1:0.1731, p:0.2658, r:0.1743, hit:0.7859, ndcg:0.5517, topn:10.
2021-03-28 10:50:26,077 - root - INFO - f1:0.1726, p:0.3647, r:0.1486, hit:0.8531, ndcg:0.6306, topn:10.
2021-03-28 10:51:13,735 - root - INFO - head hit:0.1559, head mean rank:478.0627, topn:10.
2021-03-28 10:51:13,735 - root - INFO - tail hit:0.2142, tail mean rank:407.7230, topn:10.
2021-03-28 10:51:13,735 - root - INFO - avg hit:0.1850, avg mean rank:442.8929, topn:10.
2021-03-28 10:52:18,989 - root - INFO - head hit:0.1536, head mean rank:478.8466, topn:10.
2021-03-28 10:52:18,989 - root - INFO - tail hit:0.2156, tail mean rank:415.0801, topn:10.
2021-03-28 10:52:18,989 - root - INFO - avg hit:0.1846, avg mean rank:446.9633, topn:10.
2021-03-28 10:52:19,019 - root - INFO - Checkpointing ...
2021-03-28 10:57:39,278 - root - INFO - rec train loss:0.6948, kg train loss:2.6301!
2021-03-28 10:57:48,950 - root - INFO - f1:0.1733, p:0.2660, r:0.1746, hit:0.7864, ndcg:0.5516, topn:10.
2021-03-28 10:57:57,891 - root - INFO - f1:0.1726, p:0.3649, r:0.1486, hit:0.8530, ndcg:0.6303, topn:10.
2021-03-28 10:58:47,023 - root - INFO - head hit:0.1568, head mean rank:477.8871, topn:10.
2021-03-28 10:58:47,023 - root - INFO - tail hit:0.2149, tail mean rank:407.4102, topn:10.
2021-03-28 10:58:47,023 - root - INFO - avg hit:0.1859, avg mean rank:442.6487, topn:10.
2021-03-28 10:59:52,857 - root - INFO - head hit:0.1550, head mean rank:478.7817, topn:10.
2021-03-28 10:59:52,857 - root - INFO - tail hit:0.2170, tail mean rank:414.6222, topn:10.
2021-03-28 10:59:52,857 - root - INFO - avg hit:0.1860, avg mean rank:446.7020, topn:10.
2021-03-28 10:59:52,893 - root - INFO - Checkpointing ...
2021-03-28 11:05:12,599 - root - INFO - rec train loss:0.6806, kg train loss:2.6077!
2021-03-28 11:05:21,081 - root - INFO - f1:0.1733, p:0.2661, r:0.1745, hit:0.7864, ndcg:0.5520, topn:10.
2021-03-28 11:05:29,664 - root - INFO - f1:0.1727, p:0.3652, r:0.1487, hit:0.8528, ndcg:0.6301, topn:10.
2021-03-28 11:06:18,133 - root - INFO - head hit:0.1582, head mean rank:477.6407, topn:10.
2021-03-28 11:06:18,133 - root - INFO - tail hit:0.2156, tail mean rank:407.8668, topn:10.
2021-03-28 11:06:18,134 - root - INFO - avg hit:0.1869, avg mean rank:442.7537, topn:10.
2021-03-28 11:07:23,519 - root - INFO - head hit:0.1560, head mean rank:478.4310, topn:10.
2021-03-28 11:07:23,519 - root - INFO - tail hit:0.2175, tail mean rank:415.2481, topn:10.
2021-03-28 11:07:23,519 - root - INFO - avg hit:0.1867, avg mean rank:446.8395, topn:10.
2021-03-28 11:07:23,547 - root - INFO - Checkpointing ...
2021-03-28 11:12:33,059 - root - INFO - rec train loss:0.6764, kg train loss:2.5500!
2021-03-28 11:12:42,691 - root - INFO - f1:0.1733, p:0.2663, r:0.1746, hit:0.7858, ndcg:0.5516, topn:10.
2021-03-28 11:12:51,374 - root - INFO - f1:0.1728, p:0.3651, r:0.1487, hit:0.8520, ndcg:0.6295, topn:10.
2021-03-28 11:13:40,136 - root - INFO - head hit:0.1579, head mean rank:477.4406, topn:10.
2021-03-28 11:13:40,136 - root - INFO - tail hit:0.2161, tail mean rank:406.4976, topn:10.
2021-03-28 11:13:40,136 - root - INFO - avg hit:0.1870, avg mean rank:441.9691, topn:10.
2021-03-28 11:14:46,649 - root - INFO - head hit:0.1557, head mean rank:478.6331, topn:10.
2021-03-28 11:14:46,650 - root - INFO - tail hit:0.2177, tail mean rank:414.1369, topn:10.
2021-03-28 11:14:46,650 - root - INFO - avg hit:0.1867, avg mean rank:446.3850, topn:10.
2021-03-28 11:14:46,678 - root - INFO - Checkpointing ...
2021-03-28 11:20:07,303 - root - INFO - rec train loss:0.6874, kg train loss:2.5247!
2021-03-28 11:20:16,253 - root - INFO - f1:0.1732, p:0.2661, r:0.1743, hit:0.7858, ndcg:0.5516, topn:10.
2021-03-28 11:20:24,991 - root - INFO - f1:0.1728, p:0.3653, r:0.1487, hit:0.8530, ndcg:0.6302, topn:10.
2021-03-28 11:21:12,791 - root - INFO - head hit:0.1586, head mean rank:477.2330, topn:10.
2021-03-28 11:21:12,791 - root - INFO - tail hit:0.2175, tail mean rank:406.3227, topn:10.
2021-03-28 11:21:12,791 - root - INFO - avg hit:0.1881, avg mean rank:441.7778, topn:10.
2021-03-28 11:22:19,204 - root - INFO - head hit:0.1571, head mean rank:478.4808, topn:10.
2021-03-28 11:22:19,204 - root - INFO - tail hit:0.2190, tail mean rank:414.2900, topn:10.
2021-03-28 11:22:19,204 - root - INFO - avg hit:0.1881, avg mean rank:446.3854, topn:10.
2021-03-28 11:22:19,231 - root - INFO - No improvement after one epoch. Lowering learning rate.
2021-03-28 11:27:38,484 - root - INFO - rec train loss:0.6530, kg train loss:2.4845!
2021-03-28 11:27:47,314 - root - INFO - f1:0.1734, p:0.2663, r:0.1746, hit:0.7861, ndcg:0.5519, topn:10.
2021-03-28 11:27:57,093 - root - INFO - f1:0.1730, p:0.3655, r:0.1488, hit:0.8528, ndcg:0.6299, topn:10.
2021-03-28 11:28:45,005 - root - INFO - head hit:0.1589, head mean rank:476.5455, topn:10.
2021-03-28 11:28:45,006 - root - INFO - tail hit:0.2189, tail mean rank:406.3269, topn:10.
2021-03-28 11:28:45,006 - root - INFO - avg hit:0.1889, avg mean rank:441.4362, topn:10.
2021-03-28 11:29:51,071 - root - INFO - head hit:0.1577, head mean rank:477.6952, topn:10.
2021-03-28 11:29:51,072 - root - INFO - tail hit:0.2198, tail mean rank:414.1063, topn:10.
2021-03-28 11:29:51,072 - root - INFO - avg hit:0.1887, avg mean rank:445.9007, topn:10.
2021-03-28 11:29:51,101 - root - INFO - Checkpointing ...
2021-03-28 11:35:11,960 - root - INFO - rec train loss:0.6412, kg train loss:2.4060!
2021-03-28 11:35:21,158 - root - INFO - f1:0.1734, p:0.2663, r:0.1747, hit:0.7864, ndcg:0.5523, topn:10.
2021-03-28 11:35:29,999 - root - INFO - f1:0.1731, p:0.3659, r:0.1489, hit:0.8535, ndcg:0.6303, topn:10.
2021-03-28 11:36:18,113 - root - INFO - head hit:0.1601, head mean rank:476.5789, topn:10.
2021-03-28 11:36:18,113 - root - INFO - tail hit:0.2182, tail mean rank:406.1829, topn:10.
2021-03-28 11:36:18,113 - root - INFO - avg hit:0.1891, avg mean rank:441.3809, topn:10.
2021-03-28 11:37:24,326 - root - INFO - head hit:0.1583, head mean rank:477.4357, topn:10.
2021-03-28 11:37:24,326 - root - INFO - tail hit:0.2207, tail mean rank:413.4339, topn:10.
2021-03-28 11:37:24,326 - root - INFO - avg hit:0.1895, avg mean rank:445.4348, topn:10.
2021-03-28 11:37:24,347 - root - INFO - Checkpointing ...
2021-03-28 11:42:43,915 - root - INFO - rec train loss:0.6477, kg train loss:2.3969!
2021-03-28 11:42:52,569 - root - INFO - f1:0.1732, p:0.2663, r:0.1743, hit:0.7853, ndcg:0.5522, topn:10.
2021-03-28 11:43:02,439 - root - INFO - f1:0.1730, p:0.3658, r:0.1488, hit:0.8530, ndcg:0.6303, topn:10.
2021-03-28 11:43:50,535 - root - INFO - head hit:0.1597, head mean rank:476.2379, topn:10.
2021-03-28 11:43:50,536 - root - INFO - tail hit:0.2191, tail mean rank:406.4715, topn:10.
2021-03-28 11:43:50,536 - root - INFO - avg hit:0.1894, avg mean rank:441.3547, topn:10.
2021-03-28 11:44:56,656 - root - INFO - head hit:0.1583, head mean rank:477.3651, topn:10.
2021-03-28 11:44:56,656 - root - INFO - tail hit:0.2212, tail mean rank:413.8571, topn:10.
2021-03-28 11:44:56,656 - root - INFO - avg hit:0.1898, avg mean rank:445.6111, topn:10.
2021-03-28 11:44:56,685 - root - INFO - No improvement after one epoch. Lowering learning rate.
2021-03-28 11:50:17,058 - root - INFO - rec train loss:0.6361, kg train loss:2.4277!
2021-03-28 11:50:25,914 - root - INFO - f1:0.1733, p:0.2662, r:0.1744, hit:0.7864, ndcg:0.5526, topn:10.
2021-03-28 11:50:34,790 - root - INFO - f1:0.1730, p:0.3657, r:0.1488, hit:0.8530, ndcg:0.6304, topn:10.
2021-03-28 11:51:23,126 - root - INFO - head hit:0.1599, head mean rank:476.0404, topn:10.
2021-03-28 11:51:23,126 - root - INFO - tail hit:0.2193, tail mean rank:406.0573, topn:10.
2021-03-28 11:51:23,126 - root - INFO - avg hit:0.1896, avg mean rank:441.0489, topn:10.
2021-03-28 11:52:29,789 - root - INFO - head hit:0.1587, head mean rank:477.0991, topn:10.
2021-03-28 11:52:29,789 - root - INFO - tail hit:0.2214, tail mean rank:413.4032, topn:10.
2021-03-28 11:52:29,790 - root - INFO - avg hit:0.1900, avg mean rank:445.2511, topn:10.
2021-03-28 11:52:29,818 - root - INFO - No improvement after one epoch. Lowering learning rate.
2021-03-28 11:57:49,984 - root - INFO - rec train loss:0.6373, kg train loss:2.3371!
2021-03-28 11:57:58,743 - root - INFO - f1:0.1733, p:0.2663, r:0.1744, hit:0.7861, ndcg:0.5527, topn:10.
2021-03-28 11:58:08,539 - root - INFO - f1:0.1731, p:0.3658, r:0.1489, hit:0.8531, ndcg:0.6304, topn:10.
2021-03-28 11:58:56,494 - root - INFO - head hit:0.1601, head mean rank:476.0076, topn:10.
2021-03-28 11:58:56,495 - root - INFO - tail hit:0.2194, tail mean rank:405.9569, topn:10.
2021-03-28 11:58:56,495 - root - INFO - avg hit:0.1897, avg mean rank:440.9823, topn:10.
2021-03-28 12:00:02,475 - root - INFO - head hit:0.1586, head mean rank:477.0006, topn:10.
2021-03-28 12:00:02,475 - root - INFO - tail hit:0.2219, tail mean rank:413.2568, topn:10.
2021-03-28 12:00:02,475 - root - INFO - avg hit:0.1903, avg mean rank:445.1287, topn:10.
2021-03-28 12:00:02,504 - root - INFO - No improvement after one epoch. Lowering learning rate.
2021-03-28 12:05:23,238 - root - INFO - rec train loss:0.6560, kg train loss:2.3610!
2021-03-28 12:05:32,903 - root - INFO - f1:0.1733, p:0.2664, r:0.1744, hit:0.7861, ndcg:0.5527, topn:10.
2021-03-28 12:05:41,888 - root - INFO - f1:0.1731, p:0.3658, r:0.1489, hit:0.8531, ndcg:0.6304, topn:10.
2021-03-28 12:06:30,416 - root - INFO - head hit:0.1602, head mean rank:475.9427, topn:10.
2021-03-28 12:06:30,417 - root - INFO - tail hit:0.2194, tail mean rank:405.9198, topn:10.
2021-03-28 12:06:30,417 - root - INFO - avg hit:0.1898, avg mean rank:440.9312, topn:10.
2021-03-28 12:07:36,164 - root - INFO - head hit:0.1588, head mean rank:476.9206, topn:10.
2021-03-28 12:07:36,165 - root - INFO - tail hit:0.2221, tail mean rank:413.2063, topn:10.
2021-03-28 12:07:36,165 - root - INFO - avg hit:0.1905, avg mean rank:445.0634, topn:10.
2021-03-28 12:07:36,195 - root - INFO - No improvement after one epoch. Lowering learning rate.
2021-03-28 12:12:54,999 - root - INFO - rec train loss:0.6476, kg train loss:2.3968!
2021-03-28 12:13:04,254 - root - INFO - f1:0.1733, p:0.2664, r:0.1744, hit:0.7859, ndcg:0.5526, topn:10.
2021-03-28 12:13:12,984 - root - INFO - f1:0.1731, p:0.3659, r:0.1490, hit:0.8531, ndcg:0.6304, topn:10.
2021-03-28 12:14:00,422 - root - INFO - head hit:0.1604, head mean rank:475.8933, topn:10.
2021-03-28 12:14:00,423 - root - INFO - tail hit:0.2194, tail mean rank:405.8956, topn:10.
2021-03-28 12:14:00,423 - root - INFO - avg hit:0.1899, avg mean rank:440.8945, topn:10.
2021-03-28 12:15:06,416 - root - INFO - head hit:0.1589, head mean rank:476.8772, topn:10.
2021-03-28 12:15:06,417 - root - INFO - tail hit:0.2221, tail mean rank:413.1796, topn:10.
2021-03-28 12:15:06,417 - root - INFO - avg hit:0.1905, avg mean rank:445.0284, topn:10.
2021-03-28 12:15:06,448 - root - INFO - No improvement after one epoch. Lowering learning rate.
2021-03-28 12:15:06,479 - root - INFO - No improvement after 97600 steps. Stopping training.
2021-03-28 12:15:19,150 - root - INFO - From CaseRecommender evaluator: {'PREC@10': 0.266358, 'RECALL@10': 0.174399, 'NDCG@10': 0.552558, 'MAP@10': 0.44108, 'MAP': 0.44108}.
