2021-03-03 02:42:06,654 - root - INFO - Flag Values:
{
    "L1_flag": true,
    "batch_size": 256,
    "ckpt_path": "/home/juarez/git/results/JIIS-revised-exp1/ml-sun_ho_sfKG_ig-mv-complex-50/",
    "clipping_max_value": 5.0,
    "data_path": "/home/juarez/git/datasets/JIIS-revised-exp1/ml-sun_ho_sfKG_ig-mv-complex-50/cao-format/",
    "dataset": "ml1m",
    "early_stopping_steps_to_wait": 51960,
    "embedding_size": 100,
    "eval_interval_steps": 10392,
    "eval_only_mode": false,
    "experiment_name": "ml1m-jtransup-1614750126",
    "filter_wrong_corrupted": true,
    "has_visualization": false,
    "is_report": false,
    "joint_ratio": 0.5,
    "kg_lambda": 1.0,
    "kg_test_files": "valid.dat:test.dat",
    "l2_lambda": 0.0,
    "learning_rate": 0.005,
    "learning_rate_decay_when_no_progress": 0.5,
    "load_ckpt_file": "/home/juarez/git/results/JIIS-revised-exp1/ml-sun_ho_sfKG_ig-mv-complex-50/ml1m-transup-pretrained.ckpt:/home/juarez/git/results/JIIS-revised-exp1/ml-sun_ho_sfKG_ig-mv-complex-50/ml1m-transh-pretrained.ckpt",
    "load_experiment_name": null,
    "log_level": "debug",
    "log_path": "/home/juarez/git/results/JIIS-revised-exp1/ml-sun_ho_sfKG_ig-mv-complex-50/",
    "margin": 1.0,
    "max_queue": 10,
    "model_type": "jtransup",
    "momentum": 0.9,
    "negtive_samples": 1,
    "norm_lambda": 1.0,
    "num_preferences": 4,
    "num_processes": 4,
    "optimizer_type": "Adam",
    "rec_test_files": "valid.dat:test.dat",
    "seed": 0,
    "share_embeddings": false,
    "topn": 10,
    "training_steps": 1039200,
    "use_st_gumbel": false,
    "visualization_port": 8097
}
2021-03-03 02:42:06,824 - root - INFO - Totally 69982 train ratings, 9998,19995 eval ratings in files: /home/juarez/git/datasets/JIIS-revised-exp1/ml-sun_ho_sfKG_ig-mv-complex-50/cao-format/ml1m/valid.dat;/home/juarez/git/datasets/JIIS-revised-exp1/ml-sun_ho_sfKG_ig-mv-complex-50/cao-format/ml1m/test.dat!
2021-03-03 02:42:06,826 - root - INFO - successfully load 943 users and 1675 items!
2021-03-03 02:42:06,891 - root - INFO - Totally 2715 train triples, 311,580 eval triples in files: /home/juarez/git/datasets/JIIS-revised-exp1/ml-sun_ho_sfKG_ig-mv-complex-50/cao-format/ml1m/kg/valid.dat;/home/juarez/git/datasets/JIIS-revised-exp1/ml-sun_ho_sfKG_ig-mv-complex-50/cao-format/ml1m/kg/test.dat!
2021-03-03 02:42:06,892 - root - INFO - successfully load 1536 entities and 3 relations!
2021-03-03 02:42:06,898 - root - INFO - Find 1498 aligned items and entities!
2021-03-03 02:42:06,898 - root - INFO - Building model.
2021-03-03 02:42:08,245 - root - INFO - Architecture: jTransUPModel(
  (user_embeddings): Embedding(943, 100)
  (item_embeddings): Embedding(1675, 100)
  (pref_embeddings): Embedding(3, 100)
  (pref_norm_embeddings): Embedding(3, 100)
  (ent_embeddings): Embedding(1537, 100, padding_idx=1536)
  (rel_embeddings): Embedding(3, 100)
  (norm_embeddings): Embedding(3, 100)
)
2021-03-03 02:42:08,245 - root - INFO - Total params: 416700.0
2021-03-03 02:42:08,246 - root - INFO - One epoch is 547 steps.
2021-03-03 02:42:08,246 - root - INFO - Found checkpoint, restoring pre-trained embeddings.
2021-03-03 02:42:08,250 - root - INFO - Load Embeddings of user_embeddings.weight, item_embeddings.weight, pref_embeddings.weight, pref_norm_embeddings.weight from /home/juarez/git/results/JIIS-revised-exp1/ml-sun_ho_sfKG_ig-mv-complex-50/ml1m-transup-pretrained.ckpt.
2021-03-03 02:42:08,250 - root - INFO - Found checkpoint, restoring pre-trained embeddings.
2021-03-03 02:42:08,252 - root - INFO - Restored 1536 entities from checkpoint.
2021-03-03 02:42:08,253 - root - INFO - Load Embeddings of ent_embeddings.weight, rel_embeddings.weight, norm_embeddings.weight from /home/juarez/git/results/JIIS-revised-exp1/ml-sun_ho_sfKG_ig-mv-complex-50/ml1m-transh-pretrained.ckpt.
2021-03-03 02:42:08,253 - root - INFO - Training.
2021-03-03 02:42:08,253 - root - INFO - rec train loss:0.0000, kg train loss:0.0000!
2021-03-03 02:42:09,685 - root - INFO - f1:0.0741, p:0.0896, r:0.0872, hit:0.5186, ndcg:0.3489, topn:10.
2021-03-03 02:42:10,956 - root - INFO - f1:0.0917, p:0.1586, r:0.0835, hit:0.6850, ndcg:0.4923, topn:10.
2021-03-03 02:42:11,602 - root - INFO - head hit:0.2894, head mean rank:298.2026, topn:10.
2021-03-03 02:42:11,602 - root - INFO - tail hit:0.8071, tail mean rank:7.3730, topn:10.
2021-03-03 02:42:11,603 - root - INFO - avg hit:0.5482, avg mean rank:152.7878, topn:10.
2021-03-03 02:42:12,542 - root - INFO - head hit:0.3414, head mean rank:277.9569, topn:10.
2021-03-03 02:42:12,543 - root - INFO - tail hit:0.8310, tail mean rank:9.6207, topn:10.
2021-03-03 02:42:12,543 - root - INFO - avg hit:0.5862, avg mean rank:143.7888, topn:10.
2021-03-03 02:44:03,797 - root - INFO - rec train loss:1.9949, kg train loss:9.0754!
2021-03-03 02:44:05,166 - root - INFO - f1:0.1566, p:0.1871, r:0.1888, hit:0.7296, ndcg:0.4899, topn:10.
2021-03-03 02:44:06,601 - root - INFO - f1:0.1951, p:0.3182, r:0.1835, hit:0.8664, ndcg:0.6300, topn:10.
2021-03-03 02:44:07,254 - root - INFO - head hit:0.1190, head mean rank:341.7524, topn:10.
2021-03-03 02:44:07,255 - root - INFO - tail hit:0.2958, tail mean rank:87.6302, topn:10.
2021-03-03 02:44:07,255 - root - INFO - avg hit:0.2074, avg mean rank:214.6913, topn:10.
2021-03-03 02:44:08,165 - root - INFO - head hit:0.1431, head mean rank:283.4741, topn:10.
2021-03-03 02:44:08,166 - root - INFO - tail hit:0.3190, tail mean rank:85.1379, topn:10.
2021-03-03 02:44:08,166 - root - INFO - avg hit:0.2310, avg mean rank:184.3060, topn:10.
2021-03-03 02:44:08,167 - root - INFO - Checkpointing ...
2021-03-03 02:45:58,688 - root - INFO - rec train loss:1.9362, kg train loss:8.7353!
2021-03-03 02:45:59,986 - root - INFO - f1:0.1807, p:0.2151, r:0.2191, hit:0.7826, ndcg:0.5414, topn:10.
2021-03-03 02:46:01,269 - root - INFO - f1:0.2125, p:0.3496, r:0.1992, hit:0.8929, ndcg:0.6448, topn:10.
2021-03-03 02:46:01,941 - root - INFO - head hit:0.1543, head mean rank:304.6720, topn:10.
2021-03-03 02:46:01,942 - root - INFO - tail hit:0.2637, tail mean rank:112.4855, topn:10.
2021-03-03 02:46:01,942 - root - INFO - avg hit:0.2090, avg mean rank:208.5788, topn:10.
2021-03-03 02:46:02,872 - root - INFO - head hit:0.1466, head mean rank:283.4138, topn:10.
2021-03-03 02:46:02,873 - root - INFO - tail hit:0.2586, tail mean rank:122.1172, topn:10.
2021-03-03 02:46:02,873 - root - INFO - avg hit:0.2026, avg mean rank:202.7655, topn:10.
2021-03-03 02:46:02,874 - root - INFO - Checkpointing ...
2021-03-03 02:47:53,760 - root - INFO - rec train loss:1.9532, kg train loss:8.7716!
2021-03-03 02:47:55,029 - root - INFO - f1:0.1919, p:0.2311, r:0.2301, hit:0.7932, ndcg:0.5731, topn:10.
2021-03-03 02:47:56,375 - root - INFO - f1:0.2219, p:0.3655, r:0.2076, hit:0.9099, ndcg:0.6915, topn:10.
2021-03-03 02:47:56,975 - root - INFO - head hit:0.1318, head mean rank:333.8167, topn:10.
2021-03-03 02:47:56,975 - root - INFO - tail hit:0.2926, tail mean rank:103.5273, topn:10.
2021-03-03 02:47:56,975 - root - INFO - avg hit:0.2122, avg mean rank:218.6720, topn:10.
2021-03-03 02:47:57,909 - root - INFO - head hit:0.1397, head mean rank:316.2759, topn:10.
2021-03-03 02:47:57,909 - root - INFO - tail hit:0.3034, tail mean rank:93.3362, topn:10.
2021-03-03 02:47:57,909 - root - INFO - avg hit:0.2216, avg mean rank:204.8060, topn:10.
2021-03-03 02:47:57,910 - root - INFO - Checkpointing ...
2021-03-03 02:49:48,186 - root - INFO - rec train loss:1.9215, kg train loss:8.7736!
2021-03-03 02:49:49,564 - root - INFO - f1:0.2034, p:0.2433, r:0.2413, hit:0.7900, ndcg:0.5780, topn:10.
2021-03-03 02:49:50,961 - root - INFO - f1:0.2283, p:0.3788, r:0.2128, hit:0.8971, ndcg:0.6920, topn:10.
2021-03-03 02:49:51,602 - root - INFO - head hit:0.1415, head mean rank:320.2476, topn:10.
2021-03-03 02:49:51,602 - root - INFO - tail hit:0.3087, tail mean rank:94.6720, topn:10.
2021-03-03 02:49:51,603 - root - INFO - avg hit:0.2251, avg mean rank:207.4598, topn:10.
2021-03-03 02:49:52,479 - root - INFO - head hit:0.1241, head mean rank:298.9483, topn:10.
2021-03-03 02:49:52,479 - root - INFO - tail hit:0.2862, tail mean rank:100.0707, topn:10.
2021-03-03 02:49:52,479 - root - INFO - avg hit:0.2052, avg mean rank:199.5095, topn:10.
2021-03-03 02:49:52,480 - root - INFO - Checkpointing ...
2021-03-03 02:51:43,195 - root - INFO - rec train loss:1.9255, kg train loss:8.7086!
2021-03-03 02:51:44,709 - root - INFO - f1:0.2112, p:0.2545, r:0.2505, hit:0.8102, ndcg:0.6145, topn:10.
2021-03-03 02:51:45,984 - root - INFO - f1:0.2385, p:0.3959, r:0.2202, hit:0.9088, ndcg:0.7102, topn:10.
2021-03-03 02:51:46,630 - root - INFO - head hit:0.0900, head mean rank:303.0997, topn:10.
2021-03-03 02:51:46,630 - root - INFO - tail hit:0.2379, tail mean rank:114.4855, topn:10.
2021-03-03 02:51:46,630 - root - INFO - avg hit:0.1640, avg mean rank:208.7926, topn:10.
2021-03-03 02:51:47,441 - root - INFO - head hit:0.1483, head mean rank:295.7448, topn:10.
2021-03-03 02:51:47,441 - root - INFO - tail hit:0.2500, tail mean rank:100.7172, topn:10.
2021-03-03 02:51:47,441 - root - INFO - avg hit:0.1991, avg mean rank:198.2310, topn:10.
2021-03-03 02:51:47,442 - root - INFO - Checkpointing ...
2021-03-03 02:53:38,530 - root - INFO - rec train loss:1.8804, kg train loss:8.6663!
2021-03-03 02:53:39,874 - root - INFO - f1:0.2156, p:0.2607, r:0.2512, hit:0.8059, ndcg:0.6137, topn:10.
2021-03-03 02:53:41,207 - root - INFO - f1:0.2434, p:0.4050, r:0.2246, hit:0.9024, ndcg:0.7176, topn:10.
2021-03-03 02:53:41,760 - root - INFO - head hit:0.0997, head mean rank:333.7846, topn:10.
2021-03-03 02:53:41,760 - root - INFO - tail hit:0.3215, tail mean rank:88.3119, topn:10.
2021-03-03 02:53:41,760 - root - INFO - avg hit:0.2106, avg mean rank:211.0482, topn:10.
2021-03-03 02:53:42,579 - root - INFO - head hit:0.1190, head mean rank:306.3983, topn:10.
2021-03-03 02:53:42,579 - root - INFO - tail hit:0.3241, tail mean rank:86.2052, topn:10.
2021-03-03 02:53:42,579 - root - INFO - avg hit:0.2216, avg mean rank:196.3017, topn:10.
2021-03-03 02:53:42,580 - root - INFO - Checkpointing ...
2021-03-03 02:55:32,850 - root - INFO - rec train loss:1.9505, kg train loss:8.6524!
2021-03-03 02:55:34,181 - root - INFO - f1:0.2260, p:0.2712, r:0.2674, hit:0.8218, ndcg:0.6277, topn:10.
2021-03-03 02:55:35,566 - root - INFO - f1:0.2550, p:0.4205, r:0.2362, hit:0.9088, ndcg:0.7242, topn:10.
2021-03-03 02:55:36,192 - root - INFO - head hit:0.1125, head mean rank:317.5788, topn:10.
2021-03-03 02:55:36,193 - root - INFO - tail hit:0.3119, tail mean rank:96.3376, topn:10.
2021-03-03 02:55:36,193 - root - INFO - avg hit:0.2122, avg mean rank:206.9582, topn:10.
2021-03-03 02:55:37,057 - root - INFO - head hit:0.1138, head mean rank:304.7466, topn:10.
2021-03-03 02:55:37,058 - root - INFO - tail hit:0.3155, tail mean rank:94.4362, topn:10.
2021-03-03 02:55:37,058 - root - INFO - avg hit:0.2147, avg mean rank:199.5914, topn:10.
2021-03-03 02:55:37,059 - root - INFO - Checkpointing ...
2021-03-03 02:57:27,817 - root - INFO - rec train loss:1.9325, kg train loss:8.6803!
2021-03-03 02:57:29,139 - root - INFO - f1:0.2257, p:0.2738, r:0.2624, hit:0.8028, ndcg:0.6210, topn:10.
2021-03-03 02:57:30,395 - root - INFO - f1:0.2571, p:0.4228, r:0.2399, hit:0.9183, ndcg:0.7342, topn:10.
2021-03-03 02:57:30,961 - root - INFO - head hit:0.1640, head mean rank:339.9582, topn:10.
2021-03-03 02:57:30,961 - root - INFO - tail hit:0.2251, tail mean rank:112.1190, topn:10.
2021-03-03 02:57:30,962 - root - INFO - avg hit:0.1945, avg mean rank:226.0386, topn:10.
2021-03-03 02:57:31,910 - root - INFO - head hit:0.1466, head mean rank:329.3448, topn:10.
2021-03-03 02:57:31,911 - root - INFO - tail hit:0.2569, tail mean rank:115.3017, topn:10.
2021-03-03 02:57:31,911 - root - INFO - avg hit:0.2017, avg mean rank:222.3233, topn:10.
2021-03-03 02:57:31,912 - root - INFO - No improvement after one epoch. Lowering learning rate.
2021-03-03 02:59:22,499 - root - INFO - rec train loss:0.2925, kg train loss:1.4565!
2021-03-03 02:59:23,775 - root - INFO - f1:0.2551, p:0.3073, r:0.2977, hit:0.8346, ndcg:0.6628, topn:10.
2021-03-03 02:59:25,064 - root - INFO - f1:0.2808, p:0.4579, r:0.2615, hit:0.9236, ndcg:0.7686, topn:10.
2021-03-03 02:59:25,718 - root - INFO - head hit:0.1576, head mean rank:308.0740, topn:10.
2021-03-03 02:59:25,718 - root - INFO - tail hit:0.4244, tail mean rank:62.2669, topn:10.
2021-03-03 02:59:25,718 - root - INFO - avg hit:0.2910, avg mean rank:185.1704, topn:10.
2021-03-03 02:59:26,609 - root - INFO - head hit:0.2103, head mean rank:271.7776, topn:10.
2021-03-03 02:59:26,609 - root - INFO - tail hit:0.4793, tail mean rank:59.7069, topn:10.
2021-03-03 02:59:26,609 - root - INFO - avg hit:0.3448, avg mean rank:165.7422, topn:10.
2021-03-03 02:59:26,610 - root - INFO - Checkpointing ...
2021-03-03 03:01:17,035 - root - INFO - rec train loss:0.2839, kg train loss:1.3847!
2021-03-03 03:01:18,412 - root - INFO - f1:0.2634, p:0.3168, r:0.3066, hit:0.8431, ndcg:0.6787, topn:10.
2021-03-03 03:01:19,740 - root - INFO - f1:0.2915, p:0.4739, r:0.2696, hit:0.9364, ndcg:0.7817, topn:10.
2021-03-03 03:01:20,319 - root - INFO - head hit:0.1801, head mean rank:285.0675, topn:10.
2021-03-03 03:01:20,319 - root - INFO - tail hit:0.4502, tail mean rank:50.7395, topn:10.
2021-03-03 03:01:20,320 - root - INFO - avg hit:0.3151, avg mean rank:167.9035, topn:10.
2021-03-03 03:01:21,262 - root - INFO - head hit:0.1931, head mean rank:273.6121, topn:10.
2021-03-03 03:01:21,263 - root - INFO - tail hit:0.4086, tail mean rank:50.6724, topn:10.
2021-03-03 03:01:21,263 - root - INFO - avg hit:0.3009, avg mean rank:162.1422, topn:10.
2021-03-03 03:01:21,264 - root - INFO - Checkpointing ...
2021-03-03 03:03:11,742 - root - INFO - rec train loss:0.2756, kg train loss:1.4086!
2021-03-03 03:03:13,168 - root - INFO - f1:0.2653, p:0.3200, r:0.3051, hit:0.8378, ndcg:0.6856, topn:10.
2021-03-03 03:03:14,508 - root - INFO - f1:0.2927, p:0.4764, r:0.2696, hit:0.9311, ndcg:0.7819, topn:10.
2021-03-03 03:03:15,178 - root - INFO - head hit:0.2444, head mean rank:257.5338, topn:10.
2021-03-03 03:03:15,178 - root - INFO - tail hit:0.4759, tail mean rank:51.1833, topn:10.
2021-03-03 03:03:15,178 - root - INFO - avg hit:0.3601, avg mean rank:154.3585, topn:10.
2021-03-03 03:03:16,143 - root - INFO - head hit:0.2603, head mean rank:254.0086, topn:10.
2021-03-03 03:03:16,144 - root - INFO - tail hit:0.4845, tail mean rank:46.8569, topn:10.
2021-03-03 03:03:16,144 - root - INFO - avg hit:0.3724, avg mean rank:150.4328, topn:10.
2021-03-03 03:03:16,144 - root - INFO - Checkpointing ...
2021-03-03 03:05:06,928 - root - INFO - rec train loss:0.2697, kg train loss:1.3932!
2021-03-03 03:05:08,267 - root - INFO - f1:0.2766, p:0.3308, r:0.3203, hit:0.8558, ndcg:0.7042, topn:10.
2021-03-03 03:05:09,545 - root - INFO - f1:0.3038, p:0.4922, r:0.2796, hit:0.9364, ndcg:0.7894, topn:10.
2021-03-03 03:05:10,085 - root - INFO - head hit:0.2090, head mean rank:266.0932, topn:10.
2021-03-03 03:05:10,086 - root - INFO - tail hit:0.5113, tail mean rank:44.4727, topn:10.
2021-03-03 03:05:10,086 - root - INFO - avg hit:0.3601, avg mean rank:155.2830, topn:10.
2021-03-03 03:05:10,915 - root - INFO - head hit:0.2534, head mean rank:261.8897, topn:10.
2021-03-03 03:05:10,915 - root - INFO - tail hit:0.5017, tail mean rank:45.2983, topn:10.
2021-03-03 03:05:10,915 - root - INFO - avg hit:0.3776, avg mean rank:153.5940, topn:10.
2021-03-03 03:05:10,916 - root - INFO - Checkpointing ...
2021-03-03 03:07:02,665 - root - INFO - rec train loss:0.2715, kg train loss:1.3700!
2021-03-03 03:07:03,966 - root - INFO - f1:0.2778, p:0.3337, r:0.3185, hit:0.8452, ndcg:0.7022, topn:10.
2021-03-03 03:07:05,364 - root - INFO - f1:0.3032, p:0.4925, r:0.2794, hit:0.9343, ndcg:0.8004, topn:10.
2021-03-03 03:07:06,012 - root - INFO - head hit:0.2026, head mean rank:278.4373, topn:10.
2021-03-03 03:07:06,013 - root - INFO - tail hit:0.4534, tail mean rank:55.6077, topn:10.
2021-03-03 03:07:06,013 - root - INFO - avg hit:0.3280, avg mean rank:167.0225, topn:10.
2021-03-03 03:07:06,952 - root - INFO - head hit:0.2155, head mean rank:268.4534, topn:10.
2021-03-03 03:07:06,953 - root - INFO - tail hit:0.4828, tail mean rank:56.5103, topn:10.
2021-03-03 03:07:06,953 - root - INFO - avg hit:0.3491, avg mean rank:162.4819, topn:10.
2021-03-03 03:07:06,954 - root - INFO - Checkpointing ...
2021-03-03 03:08:56,652 - root - INFO - rec train loss:0.2768, kg train loss:1.4068!
2021-03-03 03:08:58,029 - root - INFO - f1:0.2790, p:0.3348, r:0.3216, hit:0.8473, ndcg:0.7025, topn:10.
2021-03-03 03:08:59,385 - root - INFO - f1:0.3053, p:0.4954, r:0.2816, hit:0.9374, ndcg:0.8106, topn:10.
2021-03-03 03:08:59,942 - root - INFO - head hit:0.1511, head mean rank:290.9421, topn:10.
2021-03-03 03:08:59,942 - root - INFO - tail hit:0.5466, tail mean rank:49.1994, topn:10.
2021-03-03 03:08:59,942 - root - INFO - avg hit:0.3489, avg mean rank:170.0707, topn:10.
2021-03-03 03:09:00,819 - root - INFO - head hit:0.1741, head mean rank:260.5448, topn:10.
2021-03-03 03:09:00,820 - root - INFO - tail hit:0.5776, tail mean rank:46.1397, topn:10.
2021-03-03 03:09:00,820 - root - INFO - avg hit:0.3759, avg mean rank:153.3422, topn:10.
2021-03-03 03:09:00,821 - root - INFO - Checkpointing ...
2021-03-03 03:10:49,448 - root - INFO - rec train loss:0.2585, kg train loss:1.4287!
2021-03-03 03:10:50,763 - root - INFO - f1:0.2837, p:0.3405, r:0.3248, hit:0.8346, ndcg:0.7051, topn:10.
2021-03-03 03:10:52,150 - root - INFO - f1:0.3102, p:0.5017, r:0.2856, hit:0.9417, ndcg:0.8171, topn:10.
2021-03-03 03:10:52,819 - root - INFO - head hit:0.1961, head mean rank:263.2058, topn:10.
2021-03-03 03:10:52,820 - root - INFO - tail hit:0.5016, tail mean rank:55.5531, topn:10.
2021-03-03 03:10:52,820 - root - INFO - avg hit:0.3489, avg mean rank:159.3794, topn:10.
2021-03-03 03:10:53,698 - root - INFO - head hit:0.1879, head mean rank:250.8966, topn:10.
2021-03-03 03:10:53,699 - root - INFO - tail hit:0.4948, tail mean rank:54.0741, topn:10.
2021-03-03 03:10:53,699 - root - INFO - avg hit:0.3414, avg mean rank:152.4853, topn:10.
2021-03-03 03:10:53,700 - root - INFO - Checkpointing ...
2021-03-03 03:12:42,603 - root - INFO - rec train loss:0.2658, kg train loss:1.3646!
2021-03-03 03:12:43,999 - root - INFO - f1:0.2861, p:0.3426, r:0.3292, hit:0.8547, ndcg:0.7144, topn:10.
2021-03-03 03:12:45,395 - root - INFO - f1:0.3102, p:0.5020, r:0.2846, hit:0.9396, ndcg:0.8183, topn:10.
2021-03-03 03:12:46,049 - root - INFO - head hit:0.2219, head mean rank:275.4051, topn:10.
2021-03-03 03:12:46,049 - root - INFO - tail hit:0.4277, tail mean rank:58.5209, topn:10.
2021-03-03 03:12:46,049 - root - INFO - avg hit:0.3248, avg mean rank:166.9630, topn:10.
2021-03-03 03:12:46,878 - root - INFO - head hit:0.2121, head mean rank:256.3879, topn:10.
2021-03-03 03:12:46,878 - root - INFO - tail hit:0.4483, tail mean rank:57.0328, topn:10.
2021-03-03 03:12:46,878 - root - INFO - avg hit:0.3302, avg mean rank:156.7103, topn:10.
2021-03-03 03:12:46,879 - root - INFO - Checkpointing ...
2021-03-03 03:14:35,837 - root - INFO - rec train loss:0.2679, kg train loss:1.3918!
2021-03-03 03:14:37,219 - root - INFO - f1:0.2859, p:0.3422, r:0.3307, hit:0.8579, ndcg:0.7225, topn:10.
2021-03-03 03:14:38,691 - root - INFO - f1:0.3114, p:0.5024, r:0.2875, hit:0.9385, ndcg:0.8234, topn:10.
2021-03-03 03:14:39,324 - root - INFO - head hit:0.1833, head mean rank:283.7524, topn:10.
2021-03-03 03:14:39,324 - root - INFO - tail hit:0.4727, tail mean rank:70.0932, topn:10.
2021-03-03 03:14:39,324 - root - INFO - avg hit:0.3280, avg mean rank:176.9228, topn:10.
2021-03-03 03:14:40,259 - root - INFO - head hit:0.1879, head mean rank:251.7138, topn:10.
2021-03-03 03:14:40,259 - root - INFO - tail hit:0.4466, tail mean rank:67.3138, topn:10.
2021-03-03 03:14:40,260 - root - INFO - avg hit:0.3172, avg mean rank:159.5138, topn:10.
2021-03-03 03:14:40,260 - root - INFO - No improvement after one epoch. Lowering learning rate.
2021-03-03 03:16:29,140 - root - INFO - rec train loss:0.0347, kg train loss:0.2023!
2021-03-03 03:16:30,492 - root - INFO - f1:0.2995, p:0.3567, r:0.3480, hit:0.8717, ndcg:0.7339, topn:10.
2021-03-03 03:16:31,902 - root - INFO - f1:0.3224, p:0.5183, r:0.2975, hit:0.9438, ndcg:0.8347, topn:10.
2021-03-03 03:16:32,553 - root - INFO - head hit:0.2894, head mean rank:268.2540, topn:10.
2021-03-03 03:16:32,554 - root - INFO - tail hit:0.6077, tail mean rank:31.5338, topn:10.
2021-03-03 03:16:32,554 - root - INFO - avg hit:0.4486, avg mean rank:149.8939, topn:10.
2021-03-03 03:16:33,483 - root - INFO - head hit:0.2776, head mean rank:254.1897, topn:10.
2021-03-03 03:16:33,484 - root - INFO - tail hit:0.6483, tail mean rank:25.7724, topn:10.
2021-03-03 03:16:33,484 - root - INFO - avg hit:0.4629, avg mean rank:139.9810, topn:10.
2021-03-03 03:16:33,485 - root - INFO - Checkpointing ...
2021-03-03 03:18:22,283 - root - INFO - rec train loss:0.0261, kg train loss:0.1734!
2021-03-03 03:18:23,627 - root - INFO - f1:0.3080, p:0.3665, r:0.3539, hit:0.8738, ndcg:0.7455, topn:10.
2021-03-03 03:18:24,992 - root - INFO - f1:0.3292, p:0.5270, r:0.3030, hit:0.9491, ndcg:0.8413, topn:10.
2021-03-03 03:18:25,616 - root - INFO - head hit:0.2926, head mean rank:255.3987, topn:10.
2021-03-03 03:18:25,616 - root - INFO - tail hit:0.5305, tail mean rank:42.9068, topn:10.
2021-03-03 03:18:25,616 - root - INFO - avg hit:0.4116, avg mean rank:149.1527, topn:10.
2021-03-03 03:18:26,512 - root - INFO - head hit:0.2862, head mean rank:240.3259, topn:10.
2021-03-03 03:18:26,513 - root - INFO - tail hit:0.5500, tail mean rank:41.2155, topn:10.
2021-03-03 03:18:26,513 - root - INFO - avg hit:0.4181, avg mean rank:140.7707, topn:10.
2021-03-03 03:18:26,514 - root - INFO - Checkpointing ...
2021-03-03 03:20:15,091 - root - INFO - rec train loss:0.0247, kg train loss:0.1748!
2021-03-03 03:20:16,368 - root - INFO - f1:0.3097, p:0.3681, r:0.3604, hit:0.8780, ndcg:0.7586, topn:10.
2021-03-03 03:20:17,710 - root - INFO - f1:0.3347, p:0.5344, r:0.3087, hit:0.9512, ndcg:0.8422, topn:10.
2021-03-03 03:20:18,335 - root - INFO - head hit:0.2958, head mean rank:247.6302, topn:10.
2021-03-03 03:20:18,336 - root - INFO - tail hit:0.6109, tail mean rank:29.5756, topn:10.
2021-03-03 03:20:18,336 - root - INFO - avg hit:0.4534, avg mean rank:138.6029, topn:10.
2021-03-03 03:20:19,220 - root - INFO - head hit:0.2810, head mean rank:255.3207, topn:10.
2021-03-03 03:20:19,220 - root - INFO - tail hit:0.5966, tail mean rank:38.1483, topn:10.
2021-03-03 03:20:19,220 - root - INFO - avg hit:0.4388, avg mean rank:146.7345, topn:10.
2021-03-03 03:20:19,221 - root - INFO - Checkpointing ...
2021-03-03 03:22:07,993 - root - INFO - rec train loss:0.0259, kg train loss:0.1603!
2021-03-03 03:22:09,283 - root - INFO - f1:0.3105, p:0.3705, r:0.3568, hit:0.8664, ndcg:0.7636, topn:10.
2021-03-03 03:22:10,567 - root - INFO - f1:0.3364, p:0.5376, r:0.3089, hit:0.9438, ndcg:0.8526, topn:10.
2021-03-03 03:22:11,232 - root - INFO - head hit:0.2572, head mean rank:274.8585, topn:10.
2021-03-03 03:22:11,233 - root - INFO - tail hit:0.5370, tail mean rank:40.5916, topn:10.
2021-03-03 03:22:11,233 - root - INFO - avg hit:0.3971, avg mean rank:157.7251, topn:10.
2021-03-03 03:22:12,120 - root - INFO - head hit:0.2690, head mean rank:239.3466, topn:10.
2021-03-03 03:22:12,120 - root - INFO - tail hit:0.5759, tail mean rank:40.5379, topn:10.
2021-03-03 03:22:12,120 - root - INFO - avg hit:0.4224, avg mean rank:139.9422, topn:10.
2021-03-03 03:22:12,121 - root - INFO - Checkpointing ...
2021-03-03 03:24:00,954 - root - INFO - rec train loss:0.0241, kg train loss:0.1715!
2021-03-03 03:24:02,361 - root - INFO - f1:0.3181, p:0.3772, r:0.3672, hit:0.8749, ndcg:0.7588, topn:10.
2021-03-03 03:24:03,807 - root - INFO - f1:0.3400, p:0.5414, r:0.3136, hit:0.9512, ndcg:0.8575, topn:10.
2021-03-03 03:24:04,423 - root - INFO - head hit:0.2765, head mean rank:258.4469, topn:10.
2021-03-03 03:24:04,424 - root - INFO - tail hit:0.6945, tail mean rank:20.3955, topn:10.
2021-03-03 03:24:04,424 - root - INFO - avg hit:0.4855, avg mean rank:139.4212, topn:10.
2021-03-03 03:24:05,307 - root - INFO - head hit:0.2983, head mean rank:239.9534, topn:10.
2021-03-03 03:24:05,307 - root - INFO - tail hit:0.6983, tail mean rank:20.2828, topn:10.
2021-03-03 03:24:05,307 - root - INFO - avg hit:0.4983, avg mean rank:130.1181, topn:10.
2021-03-03 03:24:05,308 - root - INFO - Checkpointing ...
2021-03-03 03:25:54,152 - root - INFO - rec train loss:0.0246, kg train loss:0.1684!
2021-03-03 03:25:55,521 - root - INFO - f1:0.3173, p:0.3777, r:0.3634, hit:0.8749, ndcg:0.7703, topn:10.
2021-03-03 03:25:56,851 - root - INFO - f1:0.3416, p:0.5449, r:0.3135, hit:0.9470, ndcg:0.8526, topn:10.
2021-03-03 03:25:57,504 - root - INFO - head hit:0.3087, head mean rank:263.3376, topn:10.
2021-03-03 03:25:57,504 - root - INFO - tail hit:0.5852, tail mean rank:28.1994, topn:10.
2021-03-03 03:25:57,504 - root - INFO - avg hit:0.4469, avg mean rank:145.7685, topn:10.
2021-03-03 03:25:58,342 - root - INFO - head hit:0.2828, head mean rank:243.8276, topn:10.
2021-03-03 03:25:58,343 - root - INFO - tail hit:0.6190, tail mean rank:26.5552, topn:10.
2021-03-03 03:25:58,343 - root - INFO - avg hit:0.4509, avg mean rank:135.1914, topn:10.
2021-03-03 03:25:58,344 - root - INFO - No improvement after one epoch. Lowering learning rate.
2021-03-03 03:27:47,269 - root - INFO - rec train loss:0.0057, kg train loss:0.0449!
2021-03-03 03:27:48,637 - root - INFO - f1:0.3247, p:0.3849, r:0.3745, hit:0.8802, ndcg:0.7776, topn:10.
2021-03-03 03:27:49,977 - root - INFO - f1:0.3448, p:0.5485, r:0.3165, hit:0.9533, ndcg:0.8611, topn:10.
2021-03-03 03:27:50,615 - root - INFO - head hit:0.3376, head mean rank:262.4759, topn:10.
2021-03-03 03:27:50,616 - root - INFO - tail hit:0.7814, tail mean rank:14.8264, topn:10.
2021-03-03 03:27:50,616 - root - INFO - avg hit:0.5595, avg mean rank:138.6511, topn:10.
2021-03-03 03:27:51,504 - root - INFO - head hit:0.3517, head mean rank:221.4379, topn:10.
2021-03-03 03:27:51,504 - root - INFO - tail hit:0.8069, tail mean rank:11.1638, topn:10.
2021-03-03 03:27:51,504 - root - INFO - avg hit:0.5793, avg mean rank:116.3009, topn:10.
2021-03-03 03:27:51,505 - root - INFO - Checkpointing ...
2021-03-03 03:29:44,057 - root - INFO - rec train loss:0.0040, kg train loss:0.0409!
2021-03-03 03:29:45,417 - root - INFO - f1:0.3287, p:0.3887, r:0.3812, hit:0.8865, ndcg:0.7803, topn:10.
2021-03-03 03:29:46,728 - root - INFO - f1:0.3500, p:0.5548, r:0.3216, hit:0.9555, ndcg:0.8657, topn:10.
2021-03-03 03:29:47,361 - root - INFO - head hit:0.3087, head mean rank:260.9196, topn:10.
2021-03-03 03:29:47,361 - root - INFO - tail hit:0.6977, tail mean rank:18.3987, topn:10.
2021-03-03 03:29:47,361 - root - INFO - avg hit:0.5032, avg mean rank:139.6592, topn:10.
2021-03-03 03:29:48,337 - root - INFO - head hit:0.3034, head mean rank:226.0431, topn:10.
2021-03-03 03:29:48,337 - root - INFO - tail hit:0.7414, tail mean rank:17.9948, topn:10.
2021-03-03 03:29:48,337 - root - INFO - avg hit:0.5224, avg mean rank:122.0190, topn:10.
2021-03-03 03:29:48,338 - root - INFO - Checkpointing ...
2021-03-03 03:31:40,714 - root - INFO - rec train loss:0.0047, kg train loss:0.0345!
2021-03-03 03:31:42,053 - root - INFO - f1:0.3315, p:0.3919, r:0.3827, hit:0.8897, ndcg:0.7841, topn:10.
2021-03-03 03:31:43,355 - root - INFO - f1:0.3521, p:0.5582, r:0.3227, hit:0.9523, ndcg:0.8681, topn:10.
2021-03-03 03:31:43,991 - root - INFO - head hit:0.2958, head mean rank:250.6399, topn:10.
2021-03-03 03:31:43,992 - root - INFO - tail hit:0.7621, tail mean rank:16.3730, topn:10.
2021-03-03 03:31:43,992 - root - INFO - avg hit:0.5289, avg mean rank:133.5064, topn:10.
2021-03-03 03:31:44,934 - root - INFO - head hit:0.3397, head mean rank:209.4983, topn:10.
2021-03-03 03:31:44,935 - root - INFO - tail hit:0.7879, tail mean rank:13.3724, topn:10.
2021-03-03 03:31:44,935 - root - INFO - avg hit:0.5638, avg mean rank:111.4353, topn:10.
2021-03-03 03:31:44,936 - root - INFO - Checkpointing ...
2021-03-03 03:33:35,575 - root - INFO - rec train loss:0.0034, kg train loss:0.0410!
2021-03-03 03:33:36,837 - root - INFO - f1:0.3305, p:0.3914, r:0.3807, hit:0.8844, ndcg:0.7893, topn:10.
2021-03-03 03:33:38,116 - root - INFO - f1:0.3519, p:0.5585, r:0.3228, hit:0.9523, ndcg:0.8736, topn:10.
2021-03-03 03:33:38,744 - root - INFO - head hit:0.3151, head mean rank:255.9325, topn:10.
2021-03-03 03:33:38,744 - root - INFO - tail hit:0.7942, tail mean rank:10.8778, topn:10.
2021-03-03 03:33:38,745 - root - INFO - avg hit:0.5547, avg mean rank:133.4051, topn:10.
2021-03-03 03:33:39,573 - root - INFO - head hit:0.3517, head mean rank:228.6552, topn:10.
2021-03-03 03:33:39,573 - root - INFO - tail hit:0.8034, tail mean rank:11.7259, topn:10.
2021-03-03 03:33:39,573 - root - INFO - avg hit:0.5776, avg mean rank:120.1905, topn:10.
2021-03-03 03:33:39,574 - root - INFO - No improvement after one epoch. Lowering learning rate.
2021-03-03 03:35:29,719 - root - INFO - rec train loss:0.0010, kg train loss:0.0087!
2021-03-03 03:35:31,042 - root - INFO - f1:0.3340, p:0.3951, r:0.3838, hit:0.8812, ndcg:0.7880, topn:10.
2021-03-03 03:35:32,404 - root - INFO - f1:0.3559, p:0.5629, r:0.3272, hit:0.9544, ndcg:0.8717, topn:10.
2021-03-03 03:35:33,064 - root - INFO - head hit:0.3569, head mean rank:248.4469, topn:10.
2021-03-03 03:35:33,064 - root - INFO - tail hit:0.8167, tail mean rank:10.7910, topn:10.
2021-03-03 03:35:33,064 - root - INFO - avg hit:0.5868, avg mean rank:129.6190, topn:10.
2021-03-03 03:35:33,960 - root - INFO - head hit:0.3724, head mean rank:214.6672, topn:10.
2021-03-03 03:35:33,961 - root - INFO - tail hit:0.8328, tail mean rank:10.5362, topn:10.
2021-03-03 03:35:33,961 - root - INFO - avg hit:0.6026, avg mean rank:112.6017, topn:10.
2021-03-03 03:35:33,962 - root - INFO - Checkpointing ...
2021-03-03 03:37:24,450 - root - INFO - rec train loss:0.0006, kg train loss:0.0115!
2021-03-03 03:37:25,877 - root - INFO - f1:0.3370, p:0.3981, r:0.3889, hit:0.8865, ndcg:0.7914, topn:10.
2021-03-03 03:37:27,260 - root - INFO - f1:0.3580, p:0.5659, r:0.3288, hit:0.9565, ndcg:0.8769, topn:10.
2021-03-03 03:37:27,859 - root - INFO - head hit:0.3344, head mean rank:257.3505, topn:10.
2021-03-03 03:37:27,859 - root - INFO - tail hit:0.8360, tail mean rank:9.0354, topn:10.
2021-03-03 03:37:27,859 - root - INFO - avg hit:0.5852, avg mean rank:133.1929, topn:10.
2021-03-03 03:37:28,672 - root - INFO - head hit:0.3569, head mean rank:220.6483, topn:10.
2021-03-03 03:37:28,672 - root - INFO - tail hit:0.8534, tail mean rank:8.1276, topn:10.
2021-03-03 03:37:28,672 - root - INFO - avg hit:0.6052, avg mean rank:114.3879, topn:10.
2021-03-03 03:37:28,673 - root - INFO - Checkpointing ...
2021-03-03 03:39:19,121 - root - INFO - rec train loss:0.0012, kg train loss:0.0085!
2021-03-03 03:39:20,447 - root - INFO - f1:0.3367, p:0.3980, r:0.3874, hit:0.8887, ndcg:0.7954, topn:10.
2021-03-03 03:39:22,066 - root - INFO - f1:0.3590, p:0.5670, r:0.3296, hit:0.9544, ndcg:0.8751, topn:10.
2021-03-03 03:39:22,678 - root - INFO - head hit:0.3441, head mean rank:255.4662, topn:10.
2021-03-03 03:39:22,679 - root - INFO - tail hit:0.8424, tail mean rank:6.4630, topn:10.
2021-03-03 03:39:22,679 - root - INFO - avg hit:0.5932, avg mean rank:130.9646, topn:10.
2021-03-03 03:39:23,607 - root - INFO - head hit:0.3828, head mean rank:215.6448, topn:10.
2021-03-03 03:39:23,608 - root - INFO - tail hit:0.8483, tail mean rank:7.2517, topn:10.
2021-03-03 03:39:23,608 - root - INFO - avg hit:0.6155, avg mean rank:111.4483, topn:10.
2021-03-03 03:39:23,609 - root - INFO - No improvement after one epoch. Lowering learning rate.
2021-03-03 03:41:13,691 - root - INFO - rec train loss:0.0003, kg train loss:0.0038!
2021-03-03 03:41:15,066 - root - INFO - f1:0.3385, p:0.4001, r:0.3890, hit:0.8876, ndcg:0.7982, topn:10.
2021-03-03 03:41:16,375 - root - INFO - f1:0.3617, p:0.5700, r:0.3329, hit:0.9565, ndcg:0.8780, topn:10.
2021-03-03 03:41:17,001 - root - INFO - head hit:0.3408, head mean rank:253.7942, topn:10.
2021-03-03 03:41:17,002 - root - INFO - tail hit:0.8617, tail mean rank:6.1383, topn:10.
2021-03-03 03:41:17,002 - root - INFO - avg hit:0.6013, avg mean rank:129.9662, topn:10.
2021-03-03 03:41:17,799 - root - INFO - head hit:0.3759, head mean rank:214.0845, topn:10.
2021-03-03 03:41:17,800 - root - INFO - tail hit:0.8690, tail mean rank:6.3638, topn:10.
2021-03-03 03:41:17,800 - root - INFO - avg hit:0.6224, avg mean rank:110.2241, topn:10.
2021-03-03 03:41:17,801 - root - INFO - Checkpointing ...
2021-03-03 03:43:08,328 - root - INFO - rec train loss:0.0002, kg train loss:0.0016!
2021-03-03 03:43:09,692 - root - INFO - f1:0.3406, p:0.4024, r:0.3916, hit:0.8865, ndcg:0.7959, topn:10.
2021-03-03 03:43:11,071 - root - INFO - f1:0.3613, p:0.5696, r:0.3326, hit:0.9565, ndcg:0.8803, topn:10.
2021-03-03 03:43:11,682 - root - INFO - head hit:0.3730, head mean rank:260.5852, topn:10.
2021-03-03 03:43:11,683 - root - INFO - tail hit:0.8585, tail mean rank:6.4469, topn:10.
2021-03-03 03:43:11,683 - root - INFO - avg hit:0.6158, avg mean rank:133.5161, topn:10.
2021-03-03 03:43:12,626 - root - INFO - head hit:0.3948, head mean rank:214.7741, topn:10.
2021-03-03 03:43:12,626 - root - INFO - tail hit:0.8862, tail mean rank:6.1517, topn:10.
2021-03-03 03:43:12,627 - root - INFO - avg hit:0.6405, avg mean rank:110.4629, topn:10.
2021-03-03 03:43:12,628 - root - INFO - Checkpointing ...
2021-03-03 03:45:02,972 - root - INFO - rec train loss:0.0002, kg train loss:0.0036!
2021-03-03 03:45:04,334 - root - INFO - f1:0.3420, p:0.4038, r:0.3933, hit:0.8865, ndcg:0.7971, topn:10.
2021-03-03 03:45:05,732 - root - INFO - f1:0.3615, p:0.5703, r:0.3319, hit:0.9555, ndcg:0.8819, topn:10.
2021-03-03 03:45:06,329 - root - INFO - head hit:0.3376, head mean rank:260.1640, topn:10.
2021-03-03 03:45:06,330 - root - INFO - tail hit:0.8553, tail mean rank:6.2669, topn:10.
2021-03-03 03:45:06,330 - root - INFO - avg hit:0.5965, avg mean rank:133.2154, topn:10.
2021-03-03 03:45:07,204 - root - INFO - head hit:0.3741, head mean rank:214.8034, topn:10.
2021-03-03 03:45:07,204 - root - INFO - tail hit:0.8793, tail mean rank:5.8207, topn:10.
2021-03-03 03:45:07,204 - root - INFO - avg hit:0.6267, avg mean rank:110.3121, topn:10.
2021-03-03 03:45:07,205 - root - INFO - Checkpointing ...
2021-03-03 03:46:57,754 - root - INFO - rec train loss:0.0003, kg train loss:0.0022!
2021-03-03 03:46:59,066 - root - INFO - f1:0.3423, p:0.4041, r:0.3940, hit:0.8897, ndcg:0.7984, topn:10.
2021-03-03 03:47:00,399 - root - INFO - f1:0.3627, p:0.5714, r:0.3340, hit:0.9565, ndcg:0.8805, topn:10.
2021-03-03 03:47:00,955 - root - INFO - head hit:0.3569, head mean rank:260.1608, topn:10.
2021-03-03 03:47:00,955 - root - INFO - tail hit:0.8650, tail mean rank:6.2058, topn:10.
2021-03-03 03:47:00,955 - root - INFO - avg hit:0.6109, avg mean rank:133.1833, topn:10.
2021-03-03 03:47:01,878 - root - INFO - head hit:0.3793, head mean rank:216.4328, topn:10.
2021-03-03 03:47:01,878 - root - INFO - tail hit:0.8914, tail mean rank:5.5276, topn:10.
2021-03-03 03:47:01,878 - root - INFO - avg hit:0.6353, avg mean rank:110.9802, topn:10.
2021-03-03 03:47:01,879 - root - INFO - Checkpointing ...
2021-03-03 03:48:52,860 - root - INFO - rec train loss:0.0004, kg train loss:0.0033!
2021-03-03 03:48:54,223 - root - INFO - f1:0.3415, p:0.4035, r:0.3922, hit:0.8887, ndcg:0.8026, topn:10.
2021-03-03 03:48:55,632 - root - INFO - f1:0.3639, p:0.5734, r:0.3348, hit:0.9586, ndcg:0.8841, topn:10.
2021-03-03 03:48:56,296 - root - INFO - head hit:0.3408, head mean rank:257.9711, topn:10.
2021-03-03 03:48:56,296 - root - INFO - tail hit:0.8714, tail mean rank:5.3794, topn:10.
2021-03-03 03:48:56,296 - root - INFO - avg hit:0.6061, avg mean rank:131.6752, topn:10.
2021-03-03 03:48:57,132 - root - INFO - head hit:0.3655, head mean rank:216.6017, topn:10.
2021-03-03 03:48:57,132 - root - INFO - tail hit:0.8862, tail mean rank:5.0155, topn:10.
2021-03-03 03:48:57,132 - root - INFO - avg hit:0.6259, avg mean rank:110.8086, topn:10.
2021-03-03 03:48:57,133 - root - INFO - No improvement after one epoch. Lowering learning rate.
2021-03-03 03:50:47,183 - root - INFO - rec train loss:0.0001, kg train loss:0.0005!
2021-03-03 03:50:48,470 - root - INFO - f1:0.3430, p:0.4051, r:0.3939, hit:0.8897, ndcg:0.8011, topn:10.
2021-03-03 03:50:49,834 - root - INFO - f1:0.3634, p:0.5727, r:0.3343, hit:0.9565, ndcg:0.8840, topn:10.
2021-03-03 03:50:50,459 - root - INFO - head hit:0.3569, head mean rank:257.7042, topn:10.
2021-03-03 03:50:50,459 - root - INFO - tail hit:0.8714, tail mean rank:5.4598, topn:10.
2021-03-03 03:50:50,459 - root - INFO - avg hit:0.6141, avg mean rank:131.5820, topn:10.
2021-03-03 03:50:51,368 - root - INFO - head hit:0.3690, head mean rank:218.3293, topn:10.
2021-03-03 03:50:51,369 - root - INFO - tail hit:0.8845, tail mean rank:5.0345, topn:10.
2021-03-03 03:50:51,369 - root - INFO - avg hit:0.6267, avg mean rank:111.6819, topn:10.
2021-03-03 03:50:51,370 - root - INFO - Checkpointing ...
2021-03-03 03:52:41,450 - root - INFO - rec train loss:0.0001, kg train loss:0.0001!
2021-03-03 03:52:42,854 - root - INFO - f1:0.3447, p:0.4068, r:0.3959, hit:0.8918, ndcg:0.8016, topn:10.
2021-03-03 03:52:44,223 - root - INFO - f1:0.3638, p:0.5731, r:0.3344, hit:0.9544, ndcg:0.8840, topn:10.
2021-03-03 03:52:44,839 - root - INFO - head hit:0.3698, head mean rank:257.9100, topn:10.
2021-03-03 03:52:44,839 - root - INFO - tail hit:0.8650, tail mean rank:5.4823, topn:10.
2021-03-03 03:52:44,840 - root - INFO - avg hit:0.6174, avg mean rank:131.6961, topn:10.
2021-03-03 03:52:45,677 - root - INFO - head hit:0.3690, head mean rank:217.8569, topn:10.
2021-03-03 03:52:45,678 - root - INFO - tail hit:0.8897, tail mean rank:5.0586, topn:10.
2021-03-03 03:52:45,678 - root - INFO - avg hit:0.6293, avg mean rank:111.4578, topn:10.
2021-03-03 03:52:45,679 - root - INFO - Checkpointing ...
2021-03-03 03:54:36,304 - root - INFO - rec train loss:0.0000, kg train loss:0.0003!
2021-03-03 03:54:37,686 - root - INFO - f1:0.3440, p:0.4063, r:0.3950, hit:0.8908, ndcg:0.8015, topn:10.
2021-03-03 03:54:39,045 - root - INFO - f1:0.3644, p:0.5738, r:0.3357, hit:0.9565, ndcg:0.8842, topn:10.
2021-03-03 03:54:39,714 - root - INFO - head hit:0.3666, head mean rank:256.8907, topn:10.
2021-03-03 03:54:39,715 - root - INFO - tail hit:0.8714, tail mean rank:5.4019, topn:10.
2021-03-03 03:54:39,715 - root - INFO - avg hit:0.6190, avg mean rank:131.1463, topn:10.
2021-03-03 03:54:40,561 - root - INFO - head hit:0.3724, head mean rank:218.2741, topn:10.
2021-03-03 03:54:40,562 - root - INFO - tail hit:0.8931, tail mean rank:4.8759, topn:10.
2021-03-03 03:54:40,562 - root - INFO - avg hit:0.6328, avg mean rank:111.5750, topn:10.
2021-03-03 03:54:40,563 - root - INFO - No improvement after one epoch. Lowering learning rate.
2021-03-03 03:56:30,721 - root - INFO - rec train loss:0.0001, kg train loss:0.0008!
2021-03-03 03:56:32,106 - root - INFO - f1:0.3454, p:0.4076, r:0.3968, hit:0.8897, ndcg:0.8006, topn:10.
2021-03-03 03:56:33,445 - root - INFO - f1:0.3648, p:0.5743, r:0.3359, hit:0.9565, ndcg:0.8858, topn:10.
2021-03-03 03:56:34,068 - root - INFO - head hit:0.3698, head mean rank:258.3987, topn:10.
2021-03-03 03:56:34,068 - root - INFO - tail hit:0.8682, tail mean rank:5.3312, topn:10.
2021-03-03 03:56:34,068 - root - INFO - avg hit:0.6190, avg mean rank:131.8650, topn:10.
2021-03-03 03:56:34,905 - root - INFO - head hit:0.3845, head mean rank:219.0345, topn:10.
2021-03-03 03:56:34,905 - root - INFO - tail hit:0.8983, tail mean rank:4.8707, topn:10.
2021-03-03 03:56:34,905 - root - INFO - avg hit:0.6414, avg mean rank:111.9526, topn:10.
2021-03-03 03:56:34,906 - root - INFO - Checkpointing ...
2021-03-03 03:58:25,203 - root - INFO - rec train loss:0.0001, kg train loss:0.0001!
2021-03-03 03:58:26,566 - root - INFO - f1:0.3462, p:0.4085, r:0.3974, hit:0.8897, ndcg:0.8001, topn:10.
2021-03-03 03:58:27,921 - root - INFO - f1:0.3653, p:0.5750, r:0.3362, hit:0.9544, ndcg:0.8846, topn:10.
2021-03-03 03:58:28,561 - root - INFO - head hit:0.3730, head mean rank:258.1994, topn:10.
2021-03-03 03:58:28,562 - root - INFO - tail hit:0.8617, tail mean rank:5.3698, topn:10.
2021-03-03 03:58:28,562 - root - INFO - avg hit:0.6174, avg mean rank:131.7846, topn:10.
2021-03-03 03:58:29,482 - root - INFO - head hit:0.3793, head mean rank:219.7086, topn:10.
2021-03-03 03:58:29,482 - root - INFO - tail hit:0.8966, tail mean rank:4.9966, topn:10.
2021-03-03 03:58:29,482 - root - INFO - avg hit:0.6379, avg mean rank:112.3526, topn:10.
2021-03-03 03:58:29,483 - root - INFO - Checkpointing ...
2021-03-03 04:00:19,669 - root - INFO - rec train loss:0.0000, kg train loss:0.0002!
2021-03-03 04:00:21,075 - root - INFO - f1:0.3451, p:0.4076, r:0.3957, hit:0.8918, ndcg:0.8029, topn:10.
2021-03-03 04:00:22,391 - root - INFO - f1:0.3661, p:0.5758, r:0.3370, hit:0.9544, ndcg:0.8842, topn:10.
2021-03-03 04:00:23,035 - root - INFO - head hit:0.3826, head mean rank:258.2058, topn:10.
2021-03-03 04:00:23,036 - root - INFO - tail hit:0.8650, tail mean rank:5.2926, topn:10.
2021-03-03 04:00:23,036 - root - INFO - avg hit:0.6238, avg mean rank:131.7492, topn:10.
2021-03-03 04:00:23,978 - root - INFO - head hit:0.3845, head mean rank:221.0293, topn:10.
2021-03-03 04:00:23,978 - root - INFO - tail hit:0.8948, tail mean rank:4.8948, topn:10.
2021-03-03 04:00:23,978 - root - INFO - avg hit:0.6397, avg mean rank:112.9621, topn:10.
2021-03-03 04:00:23,979 - root - INFO - No improvement after one epoch. Lowering learning rate.
2021-03-03 04:02:14,456 - root - INFO - rec train loss:0.0000, kg train loss:0.0002!
2021-03-03 04:02:15,815 - root - INFO - f1:0.3460, p:0.4086, r:0.3970, hit:0.8918, ndcg:0.8029, topn:10.
2021-03-03 04:02:17,144 - root - INFO - f1:0.3660, p:0.5757, r:0.3371, hit:0.9565, ndcg:0.8850, topn:10.
2021-03-03 04:02:17,714 - root - INFO - head hit:0.3730, head mean rank:258.2572, topn:10.
2021-03-03 04:02:17,715 - root - INFO - tail hit:0.8650, tail mean rank:5.3183, topn:10.
2021-03-03 04:02:17,715 - root - INFO - avg hit:0.6190, avg mean rank:131.7878, topn:10.
2021-03-03 04:02:18,586 - root - INFO - head hit:0.3810, head mean rank:221.6414, topn:10.
2021-03-03 04:02:18,586 - root - INFO - tail hit:0.8966, tail mean rank:4.8931, topn:10.
2021-03-03 04:02:18,586 - root - INFO - avg hit:0.6388, avg mean rank:113.2672, topn:10.
2021-03-03 04:02:18,587 - root - INFO - No improvement after one epoch. Lowering learning rate.
2021-03-03 04:04:08,345 - root - INFO - rec train loss:0.0000, kg train loss:0.0000!
2021-03-03 04:04:09,752 - root - INFO - f1:0.3467, p:0.4089, r:0.3984, hit:0.8940, ndcg:0.8029, topn:10.
2021-03-03 04:04:11,082 - root - INFO - f1:0.3662, p:0.5762, r:0.3369, hit:0.9555, ndcg:0.8854, topn:10.
2021-03-03 04:04:11,678 - root - INFO - head hit:0.3762, head mean rank:258.5466, topn:10.
2021-03-03 04:04:11,678 - root - INFO - tail hit:0.8682, tail mean rank:5.2412, topn:10.
2021-03-03 04:04:11,678 - root - INFO - avg hit:0.6222, avg mean rank:131.8939, topn:10.
2021-03-03 04:04:12,490 - root - INFO - head hit:0.3793, head mean rank:221.9897, topn:10.
2021-03-03 04:04:12,490 - root - INFO - tail hit:0.9000, tail mean rank:4.8655, topn:10.
2021-03-03 04:04:12,490 - root - INFO - avg hit:0.6397, avg mean rank:113.4276, topn:10.
2021-03-03 04:04:12,491 - root - INFO - Checkpointing ...
2021-03-03 04:06:02,539 - root - INFO - rec train loss:0.0000, kg train loss:0.0000!
2021-03-03 04:06:03,875 - root - INFO - f1:0.3466, p:0.4089, r:0.3984, hit:0.8918, ndcg:0.8024, topn:10.
2021-03-03 04:06:05,249 - root - INFO - f1:0.3661, p:0.5761, r:0.3370, hit:0.9555, ndcg:0.8854, topn:10.
2021-03-03 04:06:05,885 - root - INFO - head hit:0.3762, head mean rank:258.3666, topn:10.
2021-03-03 04:06:05,885 - root - INFO - tail hit:0.8682, tail mean rank:5.1994, topn:10.
2021-03-03 04:06:05,885 - root - INFO - avg hit:0.6222, avg mean rank:131.7830, topn:10.
2021-03-03 04:06:06,849 - root - INFO - head hit:0.3759, head mean rank:222.0483, topn:10.
2021-03-03 04:06:06,849 - root - INFO - tail hit:0.8966, tail mean rank:4.8552, topn:10.
2021-03-03 04:06:06,849 - root - INFO - avg hit:0.6362, avg mean rank:113.4517, topn:10.
2021-03-03 04:06:06,850 - root - INFO - No improvement after one epoch. Lowering learning rate.
2021-03-03 04:07:57,568 - root - INFO - rec train loss:0.0000, kg train loss:0.0000!
2021-03-03 04:07:58,899 - root - INFO - f1:0.3463, p:0.4087, r:0.3979, hit:0.8918, ndcg:0.8028, topn:10.
2021-03-03 04:08:00,283 - root - INFO - f1:0.3660, p:0.5759, r:0.3368, hit:0.9555, ndcg:0.8863, topn:10.
2021-03-03 04:08:00,892 - root - INFO - head hit:0.3762, head mean rank:258.3183, topn:10.
2021-03-03 04:08:00,893 - root - INFO - tail hit:0.8682, tail mean rank:5.2219, topn:10.
2021-03-03 04:08:00,893 - root - INFO - avg hit:0.6222, avg mean rank:131.7701, topn:10.
2021-03-03 04:08:01,829 - root - INFO - head hit:0.3793, head mean rank:221.8638, topn:10.
2021-03-03 04:08:01,829 - root - INFO - tail hit:0.8966, tail mean rank:4.8707, topn:10.
2021-03-03 04:08:01,829 - root - INFO - avg hit:0.6379, avg mean rank:113.3672, topn:10.
2021-03-03 04:08:01,830 - root - INFO - No improvement after one epoch. Lowering learning rate.
2021-03-03 04:09:52,636 - root - INFO - rec train loss:0.0000, kg train loss:0.0000!
2021-03-03 04:09:53,996 - root - INFO - f1:0.3466, p:0.4090, r:0.3981, hit:0.8918, ndcg:0.8027, topn:10.
2021-03-03 04:09:55,389 - root - INFO - f1:0.3661, p:0.5760, r:0.3369, hit:0.9555, ndcg:0.8860, topn:10.
2021-03-03 04:09:56,025 - root - INFO - head hit:0.3762, head mean rank:258.3762, topn:10.
2021-03-03 04:09:56,026 - root - INFO - tail hit:0.8682, tail mean rank:5.2347, topn:10.
2021-03-03 04:09:56,026 - root - INFO - avg hit:0.6222, avg mean rank:131.8055, topn:10.
2021-03-03 04:09:56,909 - root - INFO - head hit:0.3793, head mean rank:222.0586, topn:10.
2021-03-03 04:09:56,910 - root - INFO - tail hit:0.8966, tail mean rank:4.8776, topn:10.
2021-03-03 04:09:56,910 - root - INFO - avg hit:0.6379, avg mean rank:113.4681, topn:10.
2021-03-03 04:09:56,911 - root - INFO - No improvement after one epoch. Lowering learning rate.
2021-03-03 04:11:47,299 - root - INFO - rec train loss:0.0000, kg train loss:0.0000!
2021-03-03 04:11:48,640 - root - INFO - f1:0.3465, p:0.4089, r:0.3981, hit:0.8918, ndcg:0.8030, topn:10.
2021-03-03 04:11:50,042 - root - INFO - f1:0.3662, p:0.5761, r:0.3370, hit:0.9555, ndcg:0.8859, topn:10.
2021-03-03 04:11:50,649 - root - INFO - head hit:0.3794, head mean rank:258.4469, topn:10.
2021-03-03 04:11:50,649 - root - INFO - tail hit:0.8682, tail mean rank:5.2283, topn:10.
2021-03-03 04:11:50,650 - root - INFO - avg hit:0.6238, avg mean rank:131.8376, topn:10.
2021-03-03 04:11:51,527 - root - INFO - head hit:0.3793, head mean rank:221.9948, topn:10.
2021-03-03 04:11:51,527 - root - INFO - tail hit:0.8966, tail mean rank:4.8724, topn:10.
2021-03-03 04:11:51,527 - root - INFO - avg hit:0.6379, avg mean rank:113.4336, topn:10.
2021-03-03 04:11:51,528 - root - INFO - No improvement after one epoch. Lowering learning rate.
2021-03-03 04:13:41,438 - root - INFO - rec train loss:0.0000, kg train loss:0.0000!
2021-03-03 04:13:42,802 - root - INFO - f1:0.3466, p:0.4090, r:0.3981, hit:0.8918, ndcg:0.8030, topn:10.
2021-03-03 04:13:44,222 - root - INFO - f1:0.3663, p:0.5762, r:0.3371, hit:0.9555, ndcg:0.8858, topn:10.
2021-03-03 04:13:44,886 - root - INFO - head hit:0.3794, head mean rank:258.4373, topn:10.
2021-03-03 04:13:44,887 - root - INFO - tail hit:0.8682, tail mean rank:5.2251, topn:10.
2021-03-03 04:13:44,887 - root - INFO - avg hit:0.6238, avg mean rank:131.8312, topn:10.
2021-03-03 04:13:45,784 - root - INFO - head hit:0.3793, head mean rank:221.9845, topn:10.
2021-03-03 04:13:45,785 - root - INFO - tail hit:0.8966, tail mean rank:4.8759, topn:10.
2021-03-03 04:13:45,785 - root - INFO - avg hit:0.6379, avg mean rank:113.4302, topn:10.
2021-03-03 04:13:45,786 - root - INFO - No improvement after one epoch. Lowering learning rate.
2021-03-03 04:13:45,805 - root - INFO - No improvement after 51960 steps. Stopping training.
2021-03-03 04:13:47,601 - root - INFO - From CaseRecommender evaluator: {'PREC@10': 0.409014, 'RECALL@10': 0.398134, 'NDCG@10': 0.803018, 'MAP@10': 0.754975, 'MAP': 0.754975}.
2021-03-03 04:13:47,795 - root - INFO - From kg-summ-rec diversity evaluator: {'GENRE_COVERAGE@10': 0.47371, 'GENRE_REDUNDANCY@10': 0.439001, 'ILD_GENRE@10': 0.812308}.
2021-03-03 04:13:49,570 - root - INFO - From CaseRecommender evaluator: {'PREC@10': 0.576246, 'RECALL@10': 0.337065, 'NDCG@10': 0.885804, 'MAP@10': 0.844111, 'MAP': 0.844111}.
2021-03-03 04:13:49,857 - root - INFO - From kg-summ-rec diversity evaluator: {'GENRE_COVERAGE@10': 0.464784, 'GENRE_REDUNDANCY@10': 0.430641, 'ILD_GENRE@10': 0.804671}.
