2021-03-06 07:03:06,628 - root - INFO - Flag Values:
{
    "L1_flag": true,
    "batch_size": 256,
    "ckpt_path": "/home/juarez/git/results/JIIS-revised-exp1/ml-sun_ho_sfKG_ig-sv-complex-75/",
    "clipping_max_value": 5.0,
    "data_path": "/home/juarez/git/datasets/JIIS-revised-exp1/ml-sun_ho_sfKG_ig-sv-complex-75/cao-format/",
    "dataset": "ml1m",
    "early_stopping_steps_to_wait": 51960,
    "embedding_size": 100,
    "eval_interval_steps": 10392,
    "eval_only_mode": false,
    "experiment_name": "ml1m-jtransup-1615024986",
    "filter_wrong_corrupted": true,
    "has_visualization": false,
    "is_report": false,
    "joint_ratio": 0.5,
    "kg_lambda": 1.0,
    "kg_test_files": "valid.dat:test.dat",
    "l2_lambda": 0.0,
    "learning_rate": 0.005,
    "learning_rate_decay_when_no_progress": 0.5,
    "load_ckpt_file": "/home/juarez/git/results/JIIS-revised-exp1/ml-sun_ho_sfKG_ig-sv-complex-75/ml1m-transup-pretrained.ckpt:/home/juarez/git/results/JIIS-revised-exp1/ml-sun_ho_sfKG_ig-sv-complex-75/ml1m-transh-pretrained.ckpt",
    "load_experiment_name": null,
    "log_level": "debug",
    "log_path": "/home/juarez/git/results/JIIS-revised-exp1/ml-sun_ho_sfKG_ig-sv-complex-75/",
    "margin": 1.0,
    "max_queue": 10,
    "model_type": "jtransup",
    "momentum": 0.9,
    "negtive_samples": 1,
    "norm_lambda": 1.0,
    "num_preferences": 4,
    "num_processes": 4,
    "optimizer_type": "Adam",
    "rec_test_files": "valid.dat:test.dat",
    "seed": 0,
    "share_embeddings": false,
    "topn": 10,
    "training_steps": 1039200,
    "use_st_gumbel": false,
    "visualization_port": 8097
}
2021-03-06 07:03:06,869 - root - INFO - Totally 69982 train ratings, 9998,19995 eval ratings in files: /home/juarez/git/datasets/JIIS-revised-exp1/ml-sun_ho_sfKG_ig-sv-complex-75/cao-format/ml1m/valid.dat;/home/juarez/git/datasets/JIIS-revised-exp1/ml-sun_ho_sfKG_ig-sv-complex-75/cao-format/ml1m/test.dat!
2021-03-06 07:03:06,872 - root - INFO - successfully load 943 users and 1675 items!
2021-03-06 07:03:06,965 - root - INFO - Totally 2962 train triples, 332,699 eval triples in files: /home/juarez/git/datasets/JIIS-revised-exp1/ml-sun_ho_sfKG_ig-sv-complex-75/cao-format/ml1m/kg/valid.dat;/home/juarez/git/datasets/JIIS-revised-exp1/ml-sun_ho_sfKG_ig-sv-complex-75/cao-format/ml1m/kg/test.dat!
2021-03-06 07:03:06,967 - root - INFO - successfully load 1575 entities and 3 relations!
2021-03-06 07:03:06,974 - root - INFO - Find 1529 aligned items and entities!
2021-03-06 07:03:06,975 - root - INFO - Building model.
2021-03-06 07:03:08,265 - root - INFO - Architecture: jTransUPModel(
  (user_embeddings): Embedding(943, 100)
  (item_embeddings): Embedding(1675, 100)
  (pref_embeddings): Embedding(3, 100)
  (pref_norm_embeddings): Embedding(3, 100)
  (ent_embeddings): Embedding(1576, 100, padding_idx=1575)
  (rel_embeddings): Embedding(3, 100)
  (norm_embeddings): Embedding(3, 100)
)
2021-03-06 07:03:08,266 - root - INFO - Total params: 420600.0
2021-03-06 07:03:08,266 - root - INFO - One epoch is 547 steps.
2021-03-06 07:03:08,267 - root - INFO - Found checkpoint, restoring pre-trained embeddings.
2021-03-06 07:03:08,270 - root - INFO - Load Embeddings of user_embeddings.weight, item_embeddings.weight, pref_embeddings.weight, pref_norm_embeddings.weight from /home/juarez/git/results/JIIS-revised-exp1/ml-sun_ho_sfKG_ig-sv-complex-75/ml1m-transup-pretrained.ckpt.
2021-03-06 07:03:08,270 - root - INFO - Found checkpoint, restoring pre-trained embeddings.
2021-03-06 07:03:08,272 - root - INFO - Restored 1575 entities from checkpoint.
2021-03-06 07:03:08,272 - root - INFO - Load Embeddings of ent_embeddings.weight, rel_embeddings.weight, norm_embeddings.weight from /home/juarez/git/results/JIIS-revised-exp1/ml-sun_ho_sfKG_ig-sv-complex-75/ml1m-transh-pretrained.ckpt.
2021-03-06 07:03:08,273 - root - INFO - Training.
2021-03-06 07:03:08,273 - root - INFO - rec train loss:0.0000, kg train loss:0.0000!
2021-03-06 07:03:09,643 - root - INFO - f1:0.0697, p:0.0852, r:0.0820, hit:0.4825, ndcg:0.3051, topn:10.
2021-03-06 07:03:10,870 - root - INFO - f1:0.0839, p:0.1438, r:0.0782, hit:0.6596, ndcg:0.4345, topn:10.
2021-03-06 07:03:11,497 - root - INFO - head hit:0.2651, head mean rank:377.1506, topn:10.
2021-03-06 07:03:11,497 - root - INFO - tail hit:0.7440, tail mean rank:12.6355, topn:10.
2021-03-06 07:03:11,497 - root - INFO - avg hit:0.5045, avg mean rank:194.8931, topn:10.
2021-03-06 07:03:12,409 - root - INFO - head hit:0.2675, head mean rank:348.6295, topn:10.
2021-03-06 07:03:12,409 - root - INFO - tail hit:0.7482, tail mean rank:13.8856, topn:10.
2021-03-06 07:03:12,409 - root - INFO - avg hit:0.5079, avg mean rank:181.2575, topn:10.
2021-03-06 07:05:02,921 - root - INFO - rec train loss:1.9452, kg train loss:9.0955!
2021-03-06 07:05:04,207 - root - INFO - f1:0.1627, p:0.1918, r:0.2016, hit:0.7466, ndcg:0.5120, topn:10.
2021-03-06 07:05:05,493 - root - INFO - f1:0.1884, p:0.3093, r:0.1772, hit:0.8643, ndcg:0.6131, topn:10.
2021-03-06 07:05:06,102 - root - INFO - head hit:0.1295, head mean rank:330.1205, topn:10.
2021-03-06 07:05:06,103 - root - INFO - tail hit:0.2349, tail mean rank:105.3223, topn:10.
2021-03-06 07:05:06,103 - root - INFO - avg hit:0.1822, avg mean rank:217.7214, topn:10.
2021-03-06 07:05:06,961 - root - INFO - head hit:0.1130, head mean rank:346.9900, topn:10.
2021-03-06 07:05:06,961 - root - INFO - tail hit:0.2432, tail mean rank:98.4335, topn:10.
2021-03-06 07:05:06,961 - root - INFO - avg hit:0.1781, avg mean rank:222.7117, topn:10.
2021-03-06 07:05:06,962 - root - INFO - Checkpointing ...
2021-03-06 07:06:57,049 - root - INFO - rec train loss:1.9529, kg train loss:9.2868!
2021-03-06 07:06:58,323 - root - INFO - f1:0.1834, p:0.2151, r:0.2274, hit:0.7869, ndcg:0.5373, topn:10.
2021-03-06 07:06:59,594 - root - INFO - f1:0.2092, p:0.3440, r:0.1954, hit:0.8887, ndcg:0.6540, topn:10.
2021-03-06 07:07:00,171 - root - INFO - head hit:0.1145, head mean rank:325.4247, topn:10.
2021-03-06 07:07:00,171 - root - INFO - tail hit:0.3163, tail mean rank:86.9849, topn:10.
2021-03-06 07:07:00,171 - root - INFO - avg hit:0.2154, avg mean rank:206.2048, topn:10.
2021-03-06 07:07:01,045 - root - INFO - head hit:0.1202, head mean rank:335.1130, topn:10.
2021-03-06 07:07:01,045 - root - INFO - tail hit:0.2890, tail mean rank:102.0544, topn:10.
2021-03-06 07:07:01,045 - root - INFO - avg hit:0.2046, avg mean rank:218.5837, topn:10.
2021-03-06 07:07:01,046 - root - INFO - Checkpointing ...
2021-03-06 07:08:50,084 - root - INFO - rec train loss:1.9547, kg train loss:9.1855!
2021-03-06 07:08:51,376 - root - INFO - f1:0.1913, p:0.2297, r:0.2283, hit:0.7911, ndcg:0.5638, topn:10.
2021-03-06 07:08:52,705 - root - INFO - f1:0.2168, p:0.3596, r:0.2024, hit:0.9088, ndcg:0.6839, topn:10.
2021-03-06 07:08:53,325 - root - INFO - head hit:0.1205, head mean rank:341.0271, topn:10.
2021-03-06 07:08:53,325 - root - INFO - tail hit:0.2741, tail mean rank:107.0000, topn:10.
2021-03-06 07:08:53,325 - root - INFO - avg hit:0.1973, avg mean rank:224.0136, topn:10.
2021-03-06 07:08:54,293 - root - INFO - head hit:0.1316, head mean rank:333.6953, topn:10.
2021-03-06 07:08:54,293 - root - INFO - tail hit:0.3262, tail mean rank:101.2890, topn:10.
2021-03-06 07:08:54,293 - root - INFO - avg hit:0.2289, avg mean rank:217.4921, topn:10.
2021-03-06 07:08:54,294 - root - INFO - Checkpointing ...
2021-03-06 07:10:43,876 - root - INFO - rec train loss:1.9573, kg train loss:9.3144!
2021-03-06 07:10:45,220 - root - INFO - f1:0.2056, p:0.2475, r:0.2454, hit:0.7985, ndcg:0.5809, topn:10.
2021-03-06 07:10:46,733 - root - INFO - f1:0.2296, p:0.3807, r:0.2130, hit:0.9141, ndcg:0.7079, topn:10.
2021-03-06 07:10:47,335 - root - INFO - head hit:0.0964, head mean rank:336.2922, topn:10.
2021-03-06 07:10:47,335 - root - INFO - tail hit:0.2952, tail mean rank:81.1265, topn:10.
2021-03-06 07:10:47,335 - root - INFO - avg hit:0.1958, avg mean rank:208.7093, topn:10.
2021-03-06 07:10:48,191 - root - INFO - head hit:0.0930, head mean rank:303.7768, topn:10.
2021-03-06 07:10:48,192 - root - INFO - tail hit:0.2976, tail mean rank:91.6910, topn:10.
2021-03-06 07:10:48,192 - root - INFO - avg hit:0.1953, avg mean rank:197.7339, topn:10.
2021-03-06 07:10:48,192 - root - INFO - Checkpointing ...
2021-03-06 07:12:38,482 - root - INFO - rec train loss:1.9401, kg train loss:9.2560!
2021-03-06 07:12:39,742 - root - INFO - f1:0.2118, p:0.2542, r:0.2545, hit:0.8059, ndcg:0.5993, topn:10.
2021-03-06 07:12:41,047 - root - INFO - f1:0.2375, p:0.3931, r:0.2196, hit:0.9014, ndcg:0.7038, topn:10.
2021-03-06 07:12:41,686 - root - INFO - head hit:0.1054, head mean rank:327.1325, topn:10.
2021-03-06 07:12:41,686 - root - INFO - tail hit:0.3223, tail mean rank:77.3313, topn:10.
2021-03-06 07:12:41,686 - root - INFO - avg hit:0.2139, avg mean rank:202.2319, topn:10.
2021-03-06 07:12:42,602 - root - INFO - head hit:0.0959, head mean rank:345.5823, topn:10.
2021-03-06 07:12:42,602 - root - INFO - tail hit:0.3004, tail mean rank:76.0272, topn:10.
2021-03-06 07:12:42,603 - root - INFO - avg hit:0.1981, avg mean rank:210.8047, topn:10.
2021-03-06 07:12:42,603 - root - INFO - Checkpointing ...
2021-03-06 07:14:33,415 - root - INFO - rec train loss:1.9306, kg train loss:9.1410!
2021-03-06 07:14:34,665 - root - INFO - f1:0.2195, p:0.2634, r:0.2623, hit:0.8059, ndcg:0.5953, topn:10.
2021-03-06 07:14:35,892 - root - INFO - f1:0.2430, p:0.4008, r:0.2254, hit:0.9088, ndcg:0.7134, topn:10.
2021-03-06 07:14:36,523 - root - INFO - head hit:0.1145, head mean rank:333.8042, topn:10.
2021-03-06 07:14:36,523 - root - INFO - tail hit:0.2711, tail mean rank:89.5572, topn:10.
2021-03-06 07:14:36,523 - root - INFO - avg hit:0.1928, avg mean rank:211.6807, topn:10.
2021-03-06 07:14:37,436 - root - INFO - head hit:0.1159, head mean rank:330.1860, topn:10.
2021-03-06 07:14:37,436 - root - INFO - tail hit:0.2990, tail mean rank:90.9900, topn:10.
2021-03-06 07:14:37,437 - root - INFO - avg hit:0.2074, avg mean rank:210.5880, topn:10.
2021-03-06 07:14:37,437 - root - INFO - Checkpointing ...
2021-03-06 07:16:29,656 - root - INFO - rec train loss:1.9579, kg train loss:9.0427!
2021-03-06 07:16:30,970 - root - INFO - f1:0.2237, p:0.2702, r:0.2618, hit:0.7953, ndcg:0.6128, topn:10.
2021-03-06 07:16:32,248 - root - INFO - f1:0.2464, p:0.4097, r:0.2265, hit:0.9162, ndcg:0.7343, topn:10.
2021-03-06 07:16:32,851 - root - INFO - head hit:0.1145, head mean rank:335.3886, topn:10.
2021-03-06 07:16:32,852 - root - INFO - tail hit:0.3404, tail mean rank:73.6355, topn:10.
2021-03-06 07:16:32,852 - root - INFO - avg hit:0.2274, avg mean rank:204.5120, topn:10.
2021-03-06 07:16:33,733 - root - INFO - head hit:0.1388, head mean rank:348.2861, topn:10.
2021-03-06 07:16:33,733 - root - INFO - tail hit:0.3362, tail mean rank:87.5637, topn:10.
2021-03-06 07:16:33,733 - root - INFO - avg hit:0.2375, avg mean rank:217.9249, topn:10.
2021-03-06 07:16:33,734 - root - INFO - Checkpointing ...
2021-03-06 07:18:24,188 - root - INFO - rec train loss:1.9150, kg train loss:9.1522!
2021-03-06 07:18:25,464 - root - INFO - f1:0.2252, p:0.2702, r:0.2674, hit:0.8123, ndcg:0.6211, topn:10.
2021-03-06 07:18:26,740 - root - INFO - f1:0.2550, p:0.4191, r:0.2373, hit:0.9300, ndcg:0.7461, topn:10.
2021-03-06 07:18:27,362 - root - INFO - head hit:0.1416, head mean rank:324.1928, topn:10.
2021-03-06 07:18:27,363 - root - INFO - tail hit:0.3645, tail mean rank:88.0120, topn:10.
2021-03-06 07:18:27,363 - root - INFO - avg hit:0.2530, avg mean rank:206.1024, topn:10.
2021-03-06 07:18:28,177 - root - INFO - head hit:0.1302, head mean rank:303.1431, topn:10.
2021-03-06 07:18:28,177 - root - INFO - tail hit:0.3391, tail mean rank:82.4821, topn:10.
2021-03-06 07:18:28,177 - root - INFO - avg hit:0.2346, avg mean rank:192.8126, topn:10.
2021-03-06 07:18:28,178 - root - INFO - Checkpointing ...
2021-03-06 07:20:17,841 - root - INFO - rec train loss:1.9478, kg train loss:9.1894!
2021-03-06 07:20:19,136 - root - INFO - f1:0.2338, p:0.2811, r:0.2734, hit:0.8112, ndcg:0.6148, topn:10.
2021-03-06 07:20:20,388 - root - INFO - f1:0.2546, p:0.4215, r:0.2342, hit:0.9194, ndcg:0.7475, topn:10.
2021-03-06 07:20:20,934 - root - INFO - head hit:0.1265, head mean rank:318.1265, topn:10.
2021-03-06 07:20:20,934 - root - INFO - tail hit:0.2530, tail mean rank:96.7199, topn:10.
2021-03-06 07:20:20,934 - root - INFO - avg hit:0.1898, avg mean rank:207.4232, topn:10.
2021-03-06 07:20:21,809 - root - INFO - head hit:0.1359, head mean rank:322.5093, topn:10.
2021-03-06 07:20:21,810 - root - INFO - tail hit:0.2661, tail mean rank:98.7611, topn:10.
2021-03-06 07:20:21,810 - root - INFO - avg hit:0.2010, avg mean rank:210.6352, topn:10.
2021-03-06 07:20:21,811 - root - INFO - Checkpointing ...
2021-03-06 07:22:12,735 - root - INFO - rec train loss:1.9296, kg train loss:9.2028!
2021-03-06 07:22:14,113 - root - INFO - f1:0.2313, p:0.2790, r:0.2712, hit:0.8176, ndcg:0.6390, topn:10.
2021-03-06 07:22:15,319 - root - INFO - f1:0.2633, p:0.4334, r:0.2436, hit:0.9258, ndcg:0.7565, topn:10.
2021-03-06 07:22:15,884 - root - INFO - head hit:0.1295, head mean rank:366.6476, topn:10.
2021-03-06 07:22:15,885 - root - INFO - tail hit:0.3223, tail mean rank:67.1054, topn:10.
2021-03-06 07:22:15,885 - root - INFO - avg hit:0.2259, avg mean rank:216.8765, topn:10.
2021-03-06 07:22:16,773 - root - INFO - head hit:0.1230, head mean rank:333.8598, topn:10.
2021-03-06 07:22:16,774 - root - INFO - tail hit:0.2876, tail mean rank:79.0944, topn:10.
2021-03-06 07:22:16,774 - root - INFO - avg hit:0.2053, avg mean rank:206.4771, topn:10.
2021-03-06 07:22:16,775 - root - INFO - No improvement after one epoch. Lowering learning rate.
2021-03-06 07:24:07,048 - root - INFO - rec train loss:0.3135, kg train loss:1.6128!
2021-03-06 07:24:08,316 - root - INFO - f1:0.2573, p:0.3101, r:0.2991, hit:0.8367, ndcg:0.6740, topn:10.
2021-03-06 07:24:09,679 - root - INFO - f1:0.2811, p:0.4614, r:0.2576, hit:0.9300, ndcg:0.7860, topn:10.
2021-03-06 07:24:10,304 - root - INFO - head hit:0.1958, head mean rank:307.6355, topn:10.
2021-03-06 07:24:10,304 - root - INFO - tail hit:0.4367, tail mean rank:55.8584, topn:10.
2021-03-06 07:24:10,304 - root - INFO - avg hit:0.3163, avg mean rank:181.7470, topn:10.
2021-03-06 07:24:11,247 - root - INFO - head hit:0.1631, head mean rank:290.4392, topn:10.
2021-03-06 07:24:11,248 - root - INFO - tail hit:0.4192, tail mean rank:55.8355, topn:10.
2021-03-06 07:24:11,248 - root - INFO - avg hit:0.2911, avg mean rank:173.1373, topn:10.
2021-03-06 07:24:11,249 - root - INFO - Checkpointing ...
2021-03-06 07:26:01,455 - root - INFO - rec train loss:0.3104, kg train loss:1.5494!
2021-03-06 07:26:02,665 - root - INFO - f1:0.2629, p:0.3160, r:0.3054, hit:0.8431, ndcg:0.6813, topn:10.
2021-03-06 07:26:03,776 - root - INFO - f1:0.2942, p:0.4776, r:0.2720, hit:0.9385, ndcg:0.7900, topn:10.
2021-03-06 07:26:04,377 - root - INFO - head hit:0.1777, head mean rank:316.7590, topn:10.
2021-03-06 07:26:04,377 - root - INFO - tail hit:0.4398, tail mean rank:53.8193, topn:10.
2021-03-06 07:26:04,377 - root - INFO - avg hit:0.3087, avg mean rank:185.2892, topn:10.
2021-03-06 07:26:05,297 - root - INFO - head hit:0.1631, head mean rank:307.4320, topn:10.
2021-03-06 07:26:05,298 - root - INFO - tail hit:0.4306, tail mean rank:63.4750, topn:10.
2021-03-06 07:26:05,298 - root - INFO - avg hit:0.2969, avg mean rank:185.4535, topn:10.
2021-03-06 07:26:05,299 - root - INFO - Checkpointing ...
2021-03-06 07:27:55,918 - root - INFO - rec train loss:0.3080, kg train loss:1.5218!
2021-03-06 07:27:57,165 - root - INFO - f1:0.2724, p:0.3263, r:0.3169, hit:0.8515, ndcg:0.7020, topn:10.
2021-03-06 07:27:58,401 - root - INFO - f1:0.2978, p:0.4841, r:0.2739, hit:0.9332, ndcg:0.7992, topn:10.
2021-03-06 07:27:58,978 - root - INFO - head hit:0.2169, head mean rank:297.5030, topn:10.
2021-03-06 07:27:58,979 - root - INFO - tail hit:0.4036, tail mean rank:50.1114, topn:10.
2021-03-06 07:27:58,979 - root - INFO - avg hit:0.3102, avg mean rank:173.8072, topn:10.
2021-03-06 07:27:59,857 - root - INFO - head hit:0.1788, head mean rank:292.9027, topn:10.
2021-03-06 07:27:59,858 - root - INFO - tail hit:0.4120, tail mean rank:55.5866, topn:10.
2021-03-06 07:27:59,858 - root - INFO - avg hit:0.2954, avg mean rank:174.2446, topn:10.
2021-03-06 07:27:59,859 - root - INFO - Checkpointing ...
2021-03-06 07:29:50,096 - root - INFO - rec train loss:0.3069, kg train loss:1.5353!
2021-03-06 07:29:51,333 - root - INFO - f1:0.2762, p:0.3296, r:0.3237, hit:0.8579, ndcg:0.7057, topn:10.
2021-03-06 07:29:52,589 - root - INFO - f1:0.3026, p:0.4906, r:0.2788, hit:0.9459, ndcg:0.8126, topn:10.
2021-03-06 07:29:53,185 - root - INFO - head hit:0.1807, head mean rank:337.7922, topn:10.
2021-03-06 07:29:53,185 - root - INFO - tail hit:0.4127, tail mean rank:56.2560, topn:10.
2021-03-06 07:29:53,185 - root - INFO - avg hit:0.2967, avg mean rank:197.0241, topn:10.
2021-03-06 07:29:54,148 - root - INFO - head hit:0.1717, head mean rank:293.8970, topn:10.
2021-03-06 07:29:54,148 - root - INFO - tail hit:0.4549, tail mean rank:48.0300, topn:10.
2021-03-06 07:29:54,148 - root - INFO - avg hit:0.3133, avg mean rank:170.9635, topn:10.
2021-03-06 07:29:54,149 - root - INFO - Checkpointing ...
2021-03-06 07:31:46,166 - root - INFO - rec train loss:0.2941, kg train loss:1.5186!
2021-03-06 07:31:47,417 - root - INFO - f1:0.2815, p:0.3368, r:0.3262, hit:0.8558, ndcg:0.7103, topn:10.
2021-03-06 07:31:48,727 - root - INFO - f1:0.3020, p:0.4915, r:0.2768, hit:0.9353, ndcg:0.8099, topn:10.
2021-03-06 07:31:49,336 - root - INFO - head hit:0.1898, head mean rank:310.2319, topn:10.
2021-03-06 07:31:49,337 - root - INFO - tail hit:0.3946, tail mean rank:46.7500, topn:10.
2021-03-06 07:31:49,337 - root - INFO - avg hit:0.2922, avg mean rank:178.4910, topn:10.
2021-03-06 07:31:50,248 - root - INFO - head hit:0.1760, head mean rank:308.6595, topn:10.
2021-03-06 07:31:50,249 - root - INFO - tail hit:0.4049, tail mean rank:54.7039, topn:10.
2021-03-06 07:31:50,249 - root - INFO - avg hit:0.2904, avg mean rank:181.6817, topn:10.
2021-03-06 07:31:50,250 - root - INFO - Checkpointing ...
2021-03-06 07:33:40,853 - root - INFO - rec train loss:0.2937, kg train loss:1.5455!
2021-03-06 07:33:42,328 - root - INFO - f1:0.2789, p:0.3333, r:0.3225, hit:0.8515, ndcg:0.7165, topn:10.
2021-03-06 07:33:43,572 - root - INFO - f1:0.3086, p:0.4983, r:0.2844, hit:0.9470, ndcg:0.8195, topn:10.
2021-03-06 07:33:44,128 - root - INFO - head hit:0.2169, head mean rank:296.3313, topn:10.
2021-03-06 07:33:44,128 - root - INFO - tail hit:0.4187, tail mean rank:44.3012, topn:10.
2021-03-06 07:33:44,129 - root - INFO - avg hit:0.3178, avg mean rank:170.3163, topn:10.
2021-03-06 07:33:44,982 - root - INFO - head hit:0.1974, head mean rank:315.8011, topn:10.
2021-03-06 07:33:44,982 - root - INFO - tail hit:0.3934, tail mean rank:51.8999, topn:10.
2021-03-06 07:33:44,982 - root - INFO - avg hit:0.2954, avg mean rank:183.8505, topn:10.
2021-03-06 07:33:44,983 - root - INFO - No improvement after one epoch. Lowering learning rate.
2021-03-06 07:35:36,238 - root - INFO - rec train loss:0.0371, kg train loss:0.2291!
2021-03-06 07:35:37,482 - root - INFO - f1:0.2963, p:0.3528, r:0.3423, hit:0.8664, ndcg:0.7331, topn:10.
2021-03-06 07:35:38,722 - root - INFO - f1:0.3209, p:0.5161, r:0.2948, hit:0.9470, ndcg:0.8286, topn:10.
2021-03-06 07:35:39,312 - root - INFO - head hit:0.2771, head mean rank:280.3373, topn:10.
2021-03-06 07:35:39,312 - root - INFO - tail hit:0.6024, tail mean rank:24.1657, topn:10.
2021-03-06 07:35:39,312 - root - INFO - avg hit:0.4398, avg mean rank:152.2515, topn:10.
2021-03-06 07:35:40,192 - root - INFO - head hit:0.2632, head mean rank:300.9671, topn:10.
2021-03-06 07:35:40,192 - root - INFO - tail hit:0.5823, tail mean rank:26.5193, topn:10.
2021-03-06 07:35:40,192 - root - INFO - avg hit:0.4227, avg mean rank:163.7432, topn:10.
2021-03-06 07:35:40,193 - root - INFO - Checkpointing ...
2021-03-06 07:37:32,999 - root - INFO - rec train loss:0.0301, kg train loss:0.1844!
2021-03-06 07:37:34,243 - root - INFO - f1:0.3025, p:0.3594, r:0.3498, hit:0.8664, ndcg:0.7463, topn:10.
2021-03-06 07:37:35,595 - root - INFO - f1:0.3278, p:0.5256, r:0.3011, hit:0.9512, ndcg:0.8400, topn:10.
2021-03-06 07:37:36,146 - root - INFO - head hit:0.2289, head mean rank:286.2259, topn:10.
2021-03-06 07:37:36,146 - root - INFO - tail hit:0.5723, tail mean rank:36.4337, topn:10.
2021-03-06 07:37:36,146 - root - INFO - avg hit:0.4006, avg mean rank:161.3298, topn:10.
2021-03-06 07:37:37,015 - root - INFO - head hit:0.2403, head mean rank:298.6309, topn:10.
2021-03-06 07:37:37,015 - root - INFO - tail hit:0.5608, tail mean rank:36.8741, topn:10.
2021-03-06 07:37:37,015 - root - INFO - avg hit:0.4006, avg mean rank:167.7525, topn:10.
2021-03-06 07:37:37,016 - root - INFO - Checkpointing ...
2021-03-06 07:39:26,689 - root - INFO - rec train loss:0.0277, kg train loss:0.1808!
2021-03-06 07:39:28,051 - root - INFO - f1:0.3042, p:0.3622, r:0.3501, hit:0.8674, ndcg:0.7516, topn:10.
2021-03-06 07:39:29,349 - root - INFO - f1:0.3290, p:0.5265, r:0.3023, hit:0.9523, ndcg:0.8435, topn:10.
2021-03-06 07:39:29,959 - root - INFO - head hit:0.2801, head mean rank:285.1476, topn:10.
2021-03-06 07:39:29,959 - root - INFO - tail hit:0.6476, tail mean rank:28.9006, topn:10.
2021-03-06 07:39:29,959 - root - INFO - avg hit:0.4639, avg mean rank:157.0241, topn:10.
2021-03-06 07:39:30,864 - root - INFO - head hit:0.2532, head mean rank:277.6738, topn:10.
2021-03-06 07:39:30,864 - root - INFO - tail hit:0.6223, tail mean rank:26.3391, topn:10.
2021-03-06 07:39:30,864 - root - INFO - avg hit:0.4378, avg mean rank:152.0064, topn:10.
2021-03-06 07:39:30,865 - root - INFO - Checkpointing ...
2021-03-06 07:41:23,885 - root - INFO - rec train loss:0.0267, kg train loss:0.1786!
2021-03-06 07:41:25,177 - root - INFO - f1:0.3088, p:0.3669, r:0.3567, hit:0.8706, ndcg:0.7624, topn:10.
2021-03-06 07:41:26,460 - root - INFO - f1:0.3321, p:0.5309, r:0.3054, hit:0.9523, ndcg:0.8482, topn:10.
2021-03-06 07:41:26,983 - root - INFO - head hit:0.2440, head mean rank:296.4337, topn:10.
2021-03-06 07:41:26,983 - root - INFO - tail hit:0.6506, tail mean rank:18.9428, topn:10.
2021-03-06 07:41:26,983 - root - INFO - avg hit:0.4473, avg mean rank:157.6883, topn:10.
2021-03-06 07:41:27,940 - root - INFO - head hit:0.2332, head mean rank:291.9814, topn:10.
2021-03-06 07:41:27,941 - root - INFO - tail hit:0.6080, tail mean rank:25.1660, topn:10.
2021-03-06 07:41:27,941 - root - INFO - avg hit:0.4206, avg mean rank:158.5737, topn:10.
2021-03-06 07:41:27,941 - root - INFO - Checkpointing ...
2021-03-06 07:43:17,971 - root - INFO - rec train loss:0.0289, kg train loss:0.1846!
2021-03-06 07:43:19,282 - root - INFO - f1:0.3091, p:0.3666, r:0.3597, hit:0.8759, ndcg:0.7659, topn:10.
2021-03-06 07:43:20,603 - root - INFO - f1:0.3348, p:0.5339, r:0.3081, hit:0.9544, ndcg:0.8511, topn:10.
2021-03-06 07:43:21,202 - root - INFO - head hit:0.2861, head mean rank:282.9337, topn:10.
2021-03-06 07:43:21,202 - root - INFO - tail hit:0.6235, tail mean rank:25.1416, topn:10.
2021-03-06 07:43:21,202 - root - INFO - avg hit:0.4548, avg mean rank:154.0377, topn:10.
2021-03-06 07:43:22,083 - root - INFO - head hit:0.2661, head mean rank:290.2361, topn:10.
2021-03-06 07:43:22,084 - root - INFO - tail hit:0.6223, tail mean rank:27.0272, topn:10.
2021-03-06 07:43:22,084 - root - INFO - avg hit:0.4442, avg mean rank:158.6316, topn:10.
2021-03-06 07:43:22,085 - root - INFO - Checkpointing ...
2021-03-06 07:45:15,875 - root - INFO - rec train loss:0.0275, kg train loss:0.1766!
2021-03-06 07:45:17,230 - root - INFO - f1:0.3083, p:0.3672, r:0.3548, hit:0.8685, ndcg:0.7677, topn:10.
2021-03-06 07:45:18,501 - root - INFO - f1:0.3327, p:0.5315, r:0.3056, hit:0.9523, ndcg:0.8573, topn:10.
2021-03-06 07:45:19,122 - root - INFO - head hit:0.2892, head mean rank:301.6084, topn:10.
2021-03-06 07:45:19,122 - root - INFO - tail hit:0.5994, tail mean rank:35.4669, topn:10.
2021-03-06 07:45:19,122 - root - INFO - avg hit:0.4443, avg mean rank:168.5377, topn:10.
2021-03-06 07:45:19,927 - root - INFO - head hit:0.2475, head mean rank:287.4406, topn:10.
2021-03-06 07:45:19,927 - root - INFO - tail hit:0.5365, tail mean rank:34.6981, topn:10.
2021-03-06 07:45:19,928 - root - INFO - avg hit:0.3920, avg mean rank:161.0694, topn:10.
2021-03-06 07:45:19,928 - root - INFO - No improvement after one epoch. Lowering learning rate.
2021-03-06 07:47:12,364 - root - INFO - rec train loss:0.0058, kg train loss:0.0459!
2021-03-06 07:47:13,674 - root - INFO - f1:0.3170, p:0.3760, r:0.3659, hit:0.8780, ndcg:0.7722, topn:10.
2021-03-06 07:47:15,000 - root - INFO - f1:0.3398, p:0.5416, r:0.3116, hit:0.9576, ndcg:0.8609, topn:10.
2021-03-06 07:47:15,585 - root - INFO - head hit:0.3404, head mean rank:275.1114, topn:10.
2021-03-06 07:47:15,585 - root - INFO - tail hit:0.6627, tail mean rank:23.7410, topn:10.
2021-03-06 07:47:15,585 - root - INFO - avg hit:0.5015, avg mean rank:149.4262, topn:10.
2021-03-06 07:47:16,482 - root - INFO - head hit:0.2761, head mean rank:267.0215, topn:10.
2021-03-06 07:47:16,482 - root - INFO - tail hit:0.6781, tail mean rank:20.5265, topn:10.
2021-03-06 07:47:16,482 - root - INFO - avg hit:0.4771, avg mean rank:143.7740, topn:10.
2021-03-06 07:47:16,483 - root - INFO - Checkpointing ...
2021-03-06 07:49:07,999 - root - INFO - rec train loss:0.0038, kg train loss:0.0363!
2021-03-06 07:49:09,280 - root - INFO - f1:0.3226, p:0.3812, r:0.3744, hit:0.8812, ndcg:0.7753, topn:10.
2021-03-06 07:49:10,557 - root - INFO - f1:0.3448, p:0.5476, r:0.3170, hit:0.9565, ndcg:0.8615, topn:10.
2021-03-06 07:49:11,179 - root - INFO - head hit:0.3404, head mean rank:277.5633, topn:10.
2021-03-06 07:49:11,179 - root - INFO - tail hit:0.7108, tail mean rank:16.2741, topn:10.
2021-03-06 07:49:11,179 - root - INFO - avg hit:0.5256, avg mean rank:146.9187, topn:10.
2021-03-06 07:49:12,132 - root - INFO - head hit:0.2847, head mean rank:271.2818, topn:10.
2021-03-06 07:49:12,133 - root - INFO - tail hit:0.6981, tail mean rank:15.7353, topn:10.
2021-03-06 07:49:12,133 - root - INFO - avg hit:0.4914, avg mean rank:143.5086, topn:10.
2021-03-06 07:49:12,134 - root - INFO - Checkpointing ...
2021-03-06 07:51:04,513 - root - INFO - rec train loss:0.0043, kg train loss:0.0375!
2021-03-06 07:51:05,830 - root - INFO - f1:0.3234, p:0.3821, r:0.3752, hit:0.8823, ndcg:0.7777, topn:10.
2021-03-06 07:51:07,158 - root - INFO - f1:0.3482, p:0.5510, r:0.3216, hit:0.9639, ndcg:0.8694, topn:10.
2021-03-06 07:51:07,772 - root - INFO - head hit:0.3133, head mean rank:294.1536, topn:10.
2021-03-06 07:51:07,773 - root - INFO - tail hit:0.7410, tail mean rank:10.3645, topn:10.
2021-03-06 07:51:07,773 - root - INFO - avg hit:0.5271, avg mean rank:152.2590, topn:10.
2021-03-06 07:51:08,670 - root - INFO - head hit:0.2661, head mean rank:287.6552, topn:10.
2021-03-06 07:51:08,671 - root - INFO - tail hit:0.7754, tail mean rank:10.2718, topn:10.
2021-03-06 07:51:08,671 - root - INFO - avg hit:0.5207, avg mean rank:148.9635, topn:10.
2021-03-06 07:51:08,672 - root - INFO - Checkpointing ...
2021-03-06 07:52:56,303 - root - INFO - rec train loss:0.0036, kg train loss:0.0392!
2021-03-06 07:52:57,593 - root - INFO - f1:0.3258, p:0.3848, r:0.3768, hit:0.8876, ndcg:0.7913, topn:10.
2021-03-06 07:52:58,922 - root - INFO - f1:0.3481, p:0.5516, r:0.3203, hit:0.9629, ndcg:0.8738, topn:10.
2021-03-06 07:52:59,472 - root - INFO - head hit:0.3012, head mean rank:278.6446, topn:10.
2021-03-06 07:52:59,472 - root - INFO - tail hit:0.7560, tail mean rank:10.8705, topn:10.
2021-03-06 07:52:59,473 - root - INFO - avg hit:0.5286, avg mean rank:144.7575, topn:10.
2021-03-06 07:53:00,290 - root - INFO - head hit:0.2790, head mean rank:276.8040, topn:10.
2021-03-06 07:53:00,291 - root - INFO - tail hit:0.7268, tail mean rank:12.3290, topn:10.
2021-03-06 07:53:00,291 - root - INFO - avg hit:0.5029, avg mean rank:144.5665, topn:10.
2021-03-06 07:53:00,291 - root - INFO - Checkpointing ...
2021-03-06 07:54:47,721 - root - INFO - rec train loss:0.0043, kg train loss:0.0381!
2021-03-06 07:54:48,971 - root - INFO - f1:0.3260, p:0.3863, r:0.3744, hit:0.8780, ndcg:0.7830, topn:10.
2021-03-06 07:54:50,443 - root - INFO - f1:0.3474, p:0.5502, r:0.3210, hit:0.9618, ndcg:0.8721, topn:10.
2021-03-06 07:54:50,973 - root - INFO - head hit:0.2801, head mean rank:268.5602, topn:10.
2021-03-06 07:54:50,973 - root - INFO - tail hit:0.8133, tail mean rank:8.3645, topn:10.
2021-03-06 07:54:50,973 - root - INFO - avg hit:0.5467, avg mean rank:138.4623, topn:10.
2021-03-06 07:54:51,896 - root - INFO - head hit:0.2818, head mean rank:272.3991, topn:10.
2021-03-06 07:54:51,896 - root - INFO - tail hit:0.7654, tail mean rank:10.3548, topn:10.
2021-03-06 07:54:51,896 - root - INFO - avg hit:0.5236, avg mean rank:141.3770, topn:10.
2021-03-06 07:54:51,897 - root - INFO - Checkpointing ...
2021-03-06 07:56:39,489 - root - INFO - rec train loss:0.0047, kg train loss:0.0385!
2021-03-06 07:56:40,763 - root - INFO - f1:0.3286, p:0.3883, r:0.3805, hit:0.8834, ndcg:0.7856, topn:10.
2021-03-06 07:56:42,095 - root - INFO - f1:0.3512, p:0.5556, r:0.3229, hit:0.9608, ndcg:0.8738, topn:10.
2021-03-06 07:56:42,715 - root - INFO - head hit:0.3163, head mean rank:266.5873, topn:10.
2021-03-06 07:56:42,715 - root - INFO - tail hit:0.7982, tail mean rank:9.5181, topn:10.
2021-03-06 07:56:42,715 - root - INFO - avg hit:0.5572, avg mean rank:138.0527, topn:10.
2021-03-06 07:56:43,684 - root - INFO - head hit:0.3033, head mean rank:268.4707, topn:10.
2021-03-06 07:56:43,684 - root - INFO - tail hit:0.7725, tail mean rank:12.2604, topn:10.
2021-03-06 07:56:43,684 - root - INFO - avg hit:0.5379, avg mean rank:140.3655, topn:10.
2021-03-06 07:56:43,685 - root - INFO - Checkpointing ...
2021-03-06 07:58:32,140 - root - INFO - rec train loss:0.0036, kg train loss:0.0379!
2021-03-06 07:58:33,376 - root - INFO - f1:0.3286, p:0.3890, r:0.3783, hit:0.8802, ndcg:0.7881, topn:10.
2021-03-06 07:58:34,635 - root - INFO - f1:0.3494, p:0.5542, r:0.3208, hit:0.9576, ndcg:0.8758, topn:10.
2021-03-06 07:58:35,275 - root - INFO - head hit:0.3042, head mean rank:275.4789, topn:10.
2021-03-06 07:58:35,276 - root - INFO - tail hit:0.7500, tail mean rank:9.4428, topn:10.
2021-03-06 07:58:35,276 - root - INFO - avg hit:0.5271, avg mean rank:142.4608, topn:10.
2021-03-06 07:58:36,190 - root - INFO - head hit:0.2990, head mean rank:280.5193, topn:10.
2021-03-06 07:58:36,190 - root - INFO - tail hit:0.7253, tail mean rank:11.1330, topn:10.
2021-03-06 07:58:36,190 - root - INFO - avg hit:0.5122, avg mean rank:145.8262, topn:10.
2021-03-06 07:58:36,191 - root - INFO - Checkpointing ...
2021-03-06 08:00:24,040 - root - INFO - rec train loss:0.0034, kg train loss:0.0458!
2021-03-06 08:00:25,371 - root - INFO - f1:0.3329, p:0.3927, r:0.3850, hit:0.8918, ndcg:0.7915, topn:10.
2021-03-06 08:00:26,717 - root - INFO - f1:0.3516, p:0.5567, r:0.3233, hit:0.9608, ndcg:0.8790, topn:10.
2021-03-06 08:00:27,328 - root - INFO - head hit:0.2681, head mean rank:274.9880, topn:10.
2021-03-06 08:00:27,328 - root - INFO - tail hit:0.7952, tail mean rank:7.8614, topn:10.
2021-03-06 08:00:27,329 - root - INFO - avg hit:0.5316, avg mean rank:141.4247, topn:10.
2021-03-06 08:00:28,273 - root - INFO - head hit:0.2618, head mean rank:273.9185, topn:10.
2021-03-06 08:00:28,273 - root - INFO - tail hit:0.7811, tail mean rank:10.9614, topn:10.
2021-03-06 08:00:28,273 - root - INFO - avg hit:0.5215, avg mean rank:142.4399, topn:10.
2021-03-06 08:00:28,274 - root - INFO - Checkpointing ...
2021-03-06 08:02:16,501 - root - INFO - rec train loss:0.0044, kg train loss:0.0420!
2021-03-06 08:02:17,798 - root - INFO - f1:0.3300, p:0.3900, r:0.3825, hit:0.8844, ndcg:0.7955, topn:10.
2021-03-06 08:02:19,050 - root - INFO - f1:0.3529, p:0.5582, r:0.3246, hit:0.9597, ndcg:0.8773, topn:10.
2021-03-06 08:02:19,625 - root - INFO - head hit:0.3193, head mean rank:272.9247, topn:10.
2021-03-06 08:02:19,625 - root - INFO - tail hit:0.7861, tail mean rank:6.9006, topn:10.
2021-03-06 08:02:19,625 - root - INFO - avg hit:0.5527, avg mean rank:139.9127, topn:10.
2021-03-06 08:02:20,529 - root - INFO - head hit:0.2904, head mean rank:261.1717, topn:10.
2021-03-06 08:02:20,530 - root - INFO - tail hit:0.7740, tail mean rank:8.9657, topn:10.
2021-03-06 08:02:20,530 - root - INFO - avg hit:0.5322, avg mean rank:135.0687, topn:10.
2021-03-06 08:02:20,531 - root - INFO - No improvement after one epoch. Lowering learning rate.
2021-03-06 08:04:08,635 - root - INFO - rec train loss:0.0019, kg train loss:0.0095!
2021-03-06 08:04:09,946 - root - INFO - f1:0.3353, p:0.3951, r:0.3885, hit:0.8865, ndcg:0.7997, topn:10.
2021-03-06 08:04:11,228 - root - INFO - f1:0.3559, p:0.5622, r:0.3276, hit:0.9639, ndcg:0.8833, topn:10.
2021-03-06 08:04:11,800 - root - INFO - head hit:0.3283, head mean rank:250.7078, topn:10.
2021-03-06 08:04:11,801 - root - INFO - tail hit:0.8283, tail mean rank:6.1867, topn:10.
2021-03-06 08:04:11,801 - root - INFO - avg hit:0.5783, avg mean rank:128.4473, topn:10.
2021-03-06 08:04:12,693 - root - INFO - head hit:0.3276, head mean rank:254.8469, topn:10.
2021-03-06 08:04:12,693 - root - INFO - tail hit:0.7926, tail mean rank:8.2103, topn:10.
2021-03-06 08:04:12,693 - root - INFO - avg hit:0.5601, avg mean rank:131.5286, topn:10.
2021-03-06 08:04:12,694 - root - INFO - Checkpointing ...
2021-03-06 08:05:59,843 - root - INFO - rec train loss:0.0012, kg train loss:0.0098!
2021-03-06 08:06:01,147 - root - INFO - f1:0.3370, p:0.3971, r:0.3911, hit:0.8865, ndcg:0.8006, topn:10.
2021-03-06 08:06:02,418 - root - INFO - f1:0.3569, p:0.5631, r:0.3286, hit:0.9597, ndcg:0.8812, topn:10.
2021-03-06 08:06:03,000 - root - INFO - head hit:0.3223, head mean rank:249.4006, topn:10.
2021-03-06 08:06:03,001 - root - INFO - tail hit:0.8554, tail mean rank:5.2078, topn:10.
2021-03-06 08:06:03,001 - root - INFO - avg hit:0.5889, avg mean rank:127.3042, topn:10.
2021-03-06 08:06:03,893 - root - INFO - head hit:0.3276, head mean rank:256.0443, topn:10.
2021-03-06 08:06:03,893 - root - INFO - tail hit:0.7983, tail mean rank:7.5279, topn:10.
2021-03-06 08:06:03,893 - root - INFO - avg hit:0.5629, avg mean rank:131.7861, topn:10.
2021-03-06 08:06:03,894 - root - INFO - Checkpointing ...
2021-03-06 08:07:51,317 - root - INFO - rec train loss:0.0007, kg train loss:0.0102!
2021-03-06 08:07:52,649 - root - INFO - f1:0.3375, p:0.3973, r:0.3923, hit:0.8908, ndcg:0.8070, topn:10.
2021-03-06 08:07:53,969 - root - INFO - f1:0.3585, p:0.5657, r:0.3294, hit:0.9597, ndcg:0.8807, topn:10.
2021-03-06 08:07:54,601 - root - INFO - head hit:0.3223, head mean rank:258.2440, topn:10.
2021-03-06 08:07:54,602 - root - INFO - tail hit:0.8313, tail mean rank:5.9307, topn:10.
2021-03-06 08:07:54,602 - root - INFO - avg hit:0.5768, avg mean rank:132.0873, topn:10.
2021-03-06 08:07:55,520 - root - INFO - head hit:0.3104, head mean rank:260.7539, topn:10.
2021-03-06 08:07:55,521 - root - INFO - tail hit:0.8054, tail mean rank:8.4378, topn:10.
2021-03-06 08:07:55,521 - root - INFO - avg hit:0.5579, avg mean rank:134.5959, topn:10.
2021-03-06 08:07:55,522 - root - INFO - Checkpointing ...
2021-03-06 08:09:42,955 - root - INFO - rec train loss:0.0008, kg train loss:0.0087!
2021-03-06 08:09:44,237 - root - INFO - f1:0.3361, p:0.3967, r:0.3891, hit:0.8865, ndcg:0.8072, topn:10.
2021-03-06 08:09:45,476 - root - INFO - f1:0.3580, p:0.5654, r:0.3292, hit:0.9618, ndcg:0.8853, topn:10.
2021-03-06 08:09:46,133 - root - INFO - head hit:0.3163, head mean rank:258.7470, topn:10.
2021-03-06 08:09:46,134 - root - INFO - tail hit:0.8373, tail mean rank:5.3133, topn:10.
2021-03-06 08:09:46,134 - root - INFO - avg hit:0.5768, avg mean rank:132.0301, topn:10.
2021-03-06 08:09:47,039 - root - INFO - head hit:0.3104, head mean rank:268.3619, topn:10.
2021-03-06 08:09:47,040 - root - INFO - tail hit:0.8169, tail mean rank:7.3247, topn:10.
2021-03-06 08:09:47,040 - root - INFO - avg hit:0.5637, avg mean rank:137.8433, topn:10.
2021-03-06 08:09:47,041 - root - INFO - No improvement after one epoch. Lowering learning rate.
2021-03-06 08:11:34,473 - root - INFO - rec train loss:0.0008, kg train loss:0.0042!
2021-03-06 08:11:35,724 - root - INFO - f1:0.3382, p:0.3989, r:0.3901, hit:0.8834, ndcg:0.8072, topn:10.
2021-03-06 08:11:37,021 - root - INFO - f1:0.3598, p:0.5674, r:0.3306, hit:0.9608, ndcg:0.8879, topn:10.
2021-03-06 08:11:37,652 - root - INFO - head hit:0.3313, head mean rank:256.0241, topn:10.
2021-03-06 08:11:37,652 - root - INFO - tail hit:0.8494, tail mean rank:5.0602, topn:10.
2021-03-06 08:11:37,652 - root - INFO - avg hit:0.5904, avg mean rank:130.5422, topn:10.
2021-03-06 08:11:38,606 - root - INFO - head hit:0.3190, head mean rank:263.9013, topn:10.
2021-03-06 08:11:38,606 - root - INFO - tail hit:0.8283, tail mean rank:6.9313, topn:10.
2021-03-06 08:11:38,607 - root - INFO - avg hit:0.5737, avg mean rank:135.4163, topn:10.
2021-03-06 08:11:38,608 - root - INFO - Checkpointing ...
2021-03-06 08:13:26,039 - root - INFO - rec train loss:0.0003, kg train loss:0.0033!
2021-03-06 08:13:27,321 - root - INFO - f1:0.3397, p:0.4006, r:0.3924, hit:0.8887, ndcg:0.8077, topn:10.
2021-03-06 08:13:28,651 - root - INFO - f1:0.3598, p:0.5672, r:0.3310, hit:0.9597, ndcg:0.8871, topn:10.
2021-03-06 08:13:29,242 - root - INFO - head hit:0.3494, head mean rank:254.1898, topn:10.
2021-03-06 08:13:29,242 - root - INFO - tail hit:0.8524, tail mean rank:4.9337, topn:10.
2021-03-06 08:13:29,243 - root - INFO - avg hit:0.6009, avg mean rank:129.5617, topn:10.
2021-03-06 08:13:30,164 - root - INFO - head hit:0.3319, head mean rank:262.5980, topn:10.
2021-03-06 08:13:30,164 - root - INFO - tail hit:0.8340, tail mean rank:6.6495, topn:10.
2021-03-06 08:13:30,165 - root - INFO - avg hit:0.5830, avg mean rank:134.6237, topn:10.
2021-03-06 08:13:30,165 - root - INFO - Checkpointing ...
2021-03-06 08:15:17,832 - root - INFO - rec train loss:0.0001, kg train loss:0.0019!
2021-03-06 08:15:19,146 - root - INFO - f1:0.3403, p:0.4011, r:0.3924, hit:0.8897, ndcg:0.8113, topn:10.
2021-03-06 08:15:20,469 - root - INFO - f1:0.3595, p:0.5673, r:0.3303, hit:0.9576, ndcg:0.8878, topn:10.
2021-03-06 08:15:21,082 - root - INFO - head hit:0.3614, head mean rank:246.9398, topn:10.
2021-03-06 08:15:21,082 - root - INFO - tail hit:0.8434, tail mean rank:5.2319, topn:10.
2021-03-06 08:15:21,083 - root - INFO - avg hit:0.6024, avg mean rank:126.0858, topn:10.
2021-03-06 08:15:21,965 - root - INFO - head hit:0.3419, head mean rank:265.5422, topn:10.
2021-03-06 08:15:21,966 - root - INFO - tail hit:0.8197, tail mean rank:7.1617, topn:10.
2021-03-06 08:15:21,966 - root - INFO - avg hit:0.5808, avg mean rank:136.3519, topn:10.
2021-03-06 08:15:21,967 - root - INFO - Checkpointing ...
2021-03-06 08:17:10,073 - root - INFO - rec train loss:0.0001, kg train loss:0.0023!
2021-03-06 08:17:11,365 - root - INFO - f1:0.3398, p:0.4008, r:0.3919, hit:0.8897, ndcg:0.8153, topn:10.
2021-03-06 08:17:12,591 - root - INFO - f1:0.3617, p:0.5698, r:0.3325, hit:0.9597, ndcg:0.8901, topn:10.
2021-03-06 08:17:13,158 - root - INFO - head hit:0.3675, head mean rank:249.0602, topn:10.
2021-03-06 08:17:13,158 - root - INFO - tail hit:0.8614, tail mean rank:4.6627, topn:10.
2021-03-06 08:17:13,158 - root - INFO - avg hit:0.6145, avg mean rank:126.8614, topn:10.
2021-03-06 08:17:14,040 - root - INFO - head hit:0.3419, head mean rank:267.4649, topn:10.
2021-03-06 08:17:14,040 - root - INFO - tail hit:0.8326, tail mean rank:6.4220, topn:10.
2021-03-06 08:17:14,040 - root - INFO - avg hit:0.5873, avg mean rank:136.9435, topn:10.
2021-03-06 08:17:14,041 - root - INFO - No improvement after one epoch. Lowering learning rate.
2021-03-06 08:19:02,442 - root - INFO - rec train loss:0.0002, kg train loss:0.0020!
2021-03-06 08:19:03,685 - root - INFO - f1:0.3410, p:0.4020, r:0.3929, hit:0.8855, ndcg:0.8114, topn:10.
2021-03-06 08:19:04,993 - root - INFO - f1:0.3622, p:0.5707, r:0.3326, hit:0.9608, ndcg:0.8905, topn:10.
2021-03-06 08:19:05,562 - root - INFO - head hit:0.3464, head mean rank:248.4187, topn:10.
2021-03-06 08:19:05,563 - root - INFO - tail hit:0.8494, tail mean rank:4.7319, topn:10.
2021-03-06 08:19:05,563 - root - INFO - avg hit:0.5979, avg mean rank:126.5753, topn:10.
2021-03-06 08:19:06,461 - root - INFO - head hit:0.3333, head mean rank:262.8255, topn:10.
2021-03-06 08:19:06,462 - root - INFO - tail hit:0.8326, tail mean rank:6.6123, topn:10.
2021-03-06 08:19:06,462 - root - INFO - avg hit:0.5830, avg mean rank:134.7189, topn:10.
2021-03-06 08:19:06,463 - root - INFO - Checkpointing ...
2021-03-06 08:20:54,342 - root - INFO - rec train loss:0.0001, kg train loss:0.0006!
2021-03-06 08:20:55,564 - root - INFO - f1:0.3412, p:0.4022, r:0.3950, hit:0.8876, ndcg:0.8128, topn:10.
2021-03-06 08:20:56,855 - root - INFO - f1:0.3627, p:0.5709, r:0.3336, hit:0.9650, ndcg:0.8916, topn:10.
2021-03-06 08:20:57,469 - root - INFO - head hit:0.3584, head mean rank:250.8554, topn:10.
2021-03-06 08:20:57,470 - root - INFO - tail hit:0.8524, tail mean rank:4.6295, topn:10.
2021-03-06 08:20:57,470 - root - INFO - avg hit:0.6054, avg mean rank:127.7425, topn:10.
2021-03-06 08:20:58,293 - root - INFO - head hit:0.3348, head mean rank:263.5136, topn:10.
2021-03-06 08:20:58,293 - root - INFO - tail hit:0.8369, tail mean rank:6.4750, topn:10.
2021-03-06 08:20:58,293 - root - INFO - avg hit:0.5858, avg mean rank:134.9943, topn:10.
2021-03-06 08:20:58,294 - root - INFO - Checkpointing ...
2021-03-06 08:22:46,473 - root - INFO - rec train loss:0.0002, kg train loss:0.0010!
2021-03-06 08:22:47,767 - root - INFO - f1:0.3425, p:0.4035, r:0.3951, hit:0.8887, ndcg:0.8137, topn:10.
2021-03-06 08:22:49,065 - root - INFO - f1:0.3629, p:0.5714, r:0.3335, hit:0.9629, ndcg:0.8910, topn:10.
2021-03-06 08:22:49,648 - root - INFO - head hit:0.3464, head mean rank:249.7169, topn:10.
2021-03-06 08:22:49,649 - root - INFO - tail hit:0.8554, tail mean rank:4.5904, topn:10.
2021-03-06 08:22:49,649 - root - INFO - avg hit:0.6009, avg mean rank:127.1536, topn:10.
2021-03-06 08:22:50,631 - root - INFO - head hit:0.3305, head mean rank:266.4878, topn:10.
2021-03-06 08:22:50,632 - root - INFO - tail hit:0.8255, tail mean rank:6.3577, topn:10.
2021-03-06 08:22:50,632 - root - INFO - avg hit:0.5780, avg mean rank:136.4227, topn:10.
2021-03-06 08:22:50,632 - root - INFO - Checkpointing ...
2021-03-06 08:24:37,777 - root - INFO - rec train loss:0.0004, kg train loss:0.0016!
2021-03-06 08:24:38,959 - root - INFO - f1:0.3425, p:0.4036, r:0.3952, hit:0.8887, ndcg:0.8130, topn:10.
2021-03-06 08:24:40,161 - root - INFO - f1:0.3632, p:0.5720, r:0.3336, hit:0.9597, ndcg:0.8900, topn:10.
2021-03-06 08:24:40,743 - root - INFO - head hit:0.3614, head mean rank:248.9940, topn:10.
2021-03-06 08:24:40,744 - root - INFO - tail hit:0.8554, tail mean rank:4.3193, topn:10.
2021-03-06 08:24:40,744 - root - INFO - avg hit:0.6084, avg mean rank:126.6566, topn:10.
2021-03-06 08:24:41,638 - root - INFO - head hit:0.3376, head mean rank:267.3047, topn:10.
2021-03-06 08:24:41,638 - root - INFO - tail hit:0.8484, tail mean rank:6.0300, topn:10.
2021-03-06 08:24:41,638 - root - INFO - avg hit:0.5930, avg mean rank:136.6674, topn:10.
2021-03-06 08:24:41,639 - root - INFO - Checkpointing ...
2021-03-06 08:26:33,521 - root - INFO - rec train loss:0.0005, kg train loss:0.0022!
2021-03-06 08:26:34,820 - root - INFO - f1:0.3432, p:0.4042, r:0.3962, hit:0.8908, ndcg:0.8153, topn:10.
2021-03-06 08:26:36,077 - root - INFO - f1:0.3641, p:0.5726, r:0.3350, hit:0.9629, ndcg:0.8904, topn:10.
2021-03-06 08:26:36,627 - root - INFO - head hit:0.3645, head mean rank:248.8976, topn:10.
2021-03-06 08:26:36,627 - root - INFO - tail hit:0.8524, tail mean rank:4.3795, topn:10.
2021-03-06 08:26:36,627 - root - INFO - avg hit:0.6084, avg mean rank:126.6386, topn:10.
2021-03-06 08:26:37,535 - root - INFO - head hit:0.3319, head mean rank:268.6781, topn:10.
2021-03-06 08:26:37,536 - root - INFO - tail hit:0.8469, tail mean rank:6.2690, topn:10.
2021-03-06 08:26:37,536 - root - INFO - avg hit:0.5894, avg mean rank:137.4735, topn:10.
2021-03-06 08:26:37,536 - root - INFO - Checkpointing ...
2021-03-06 08:28:25,874 - root - INFO - rec train loss:0.0001, kg train loss:0.0004!
2021-03-06 08:28:27,175 - root - INFO - f1:0.3443, p:0.4052, r:0.3982, hit:0.8897, ndcg:0.8129, topn:10.
2021-03-06 08:28:28,405 - root - INFO - f1:0.3638, p:0.5726, r:0.3342, hit:0.9629, ndcg:0.8913, topn:10.
2021-03-06 08:28:28,874 - root - INFO - head hit:0.3645, head mean rank:250.5542, topn:10.
2021-03-06 08:28:28,874 - root - INFO - tail hit:0.8645, tail mean rank:4.3645, topn:10.
2021-03-06 08:28:28,874 - root - INFO - avg hit:0.6145, avg mean rank:127.4593, topn:10.
2021-03-06 08:28:29,687 - root - INFO - head hit:0.3348, head mean rank:269.6195, topn:10.
2021-03-06 08:28:29,688 - root - INFO - tail hit:0.8469, tail mean rank:6.2961, topn:10.
2021-03-06 08:28:29,688 - root - INFO - avg hit:0.5908, avg mean rank:137.9578, topn:10.
2021-03-06 08:28:29,689 - root - INFO - Checkpointing ...
2021-03-06 08:30:19,607 - root - INFO - rec train loss:0.0001, kg train loss:0.0017!
2021-03-06 08:30:20,892 - root - INFO - f1:0.3431, p:0.4041, r:0.3951, hit:0.8897, ndcg:0.8164, topn:10.
2021-03-06 08:30:22,244 - root - INFO - f1:0.3619, p:0.5707, r:0.3320, hit:0.9586, ndcg:0.8935, topn:10.
2021-03-06 08:30:22,822 - root - INFO - head hit:0.3645, head mean rank:253.9006, topn:10.
2021-03-06 08:30:22,822 - root - INFO - tail hit:0.8705, tail mean rank:4.2651, topn:10.
2021-03-06 08:30:22,822 - root - INFO - avg hit:0.6175, avg mean rank:129.0828, topn:10.
2021-03-06 08:30:23,657 - root - INFO - head hit:0.3405, head mean rank:271.2546, topn:10.
2021-03-06 08:30:23,658 - root - INFO - tail hit:0.8469, tail mean rank:5.9485, topn:10.
2021-03-06 08:30:23,658 - root - INFO - avg hit:0.5937, avg mean rank:138.6016, topn:10.
2021-03-06 08:30:23,659 - root - INFO - No improvement after one epoch. Lowering learning rate.
2021-03-06 08:32:12,864 - root - INFO - rec train loss:0.0000, kg train loss:0.0004!
2021-03-06 08:32:14,217 - root - INFO - f1:0.3432, p:0.4042, r:0.3963, hit:0.8897, ndcg:0.8179, topn:10.
2021-03-06 08:32:15,507 - root - INFO - f1:0.3634, p:0.5725, r:0.3336, hit:0.9576, ndcg:0.8913, topn:10.
2021-03-06 08:32:16,154 - root - INFO - head hit:0.3524, head mean rank:254.5000, topn:10.
2021-03-06 08:32:16,154 - root - INFO - tail hit:0.8614, tail mean rank:4.3524, topn:10.
2021-03-06 08:32:16,154 - root - INFO - avg hit:0.6069, avg mean rank:129.4262, topn:10.
2021-03-06 08:32:17,116 - root - INFO - head hit:0.3391, head mean rank:269.4907, topn:10.
2021-03-06 08:32:17,117 - root - INFO - tail hit:0.8441, tail mean rank:6.0200, topn:10.
2021-03-06 08:32:17,117 - root - INFO - avg hit:0.5916, avg mean rank:137.7554, topn:10.
2021-03-06 08:32:17,118 - root - INFO - No improvement after one epoch. Lowering learning rate.
2021-03-06 08:34:04,816 - root - INFO - rec train loss:0.0000, kg train loss:0.0000!
2021-03-06 08:34:06,167 - root - INFO - f1:0.3427, p:0.4039, r:0.3953, hit:0.8897, ndcg:0.8180, topn:10.
2021-03-06 08:34:07,411 - root - INFO - f1:0.3633, p:0.5725, r:0.3334, hit:0.9576, ndcg:0.8924, topn:10.
2021-03-06 08:34:07,996 - root - INFO - head hit:0.3584, head mean rank:253.9729, topn:10.
2021-03-06 08:34:07,997 - root - INFO - tail hit:0.8524, tail mean rank:4.4096, topn:10.
2021-03-06 08:34:07,997 - root - INFO - avg hit:0.6054, avg mean rank:129.1913, topn:10.
2021-03-06 08:34:08,869 - root - INFO - head hit:0.3419, head mean rank:270.4120, topn:10.
2021-03-06 08:34:08,870 - root - INFO - tail hit:0.8441, tail mean rank:6.1059, topn:10.
2021-03-06 08:34:08,870 - root - INFO - avg hit:0.5930, avg mean rank:138.2589, topn:10.
2021-03-06 08:34:08,871 - root - INFO - No improvement after one epoch. Lowering learning rate.
2021-03-06 08:35:57,508 - root - INFO - rec train loss:0.0000, kg train loss:0.0001!
2021-03-06 08:35:58,783 - root - INFO - f1:0.3427, p:0.4038, r:0.3953, hit:0.8908, ndcg:0.8185, topn:10.
2021-03-06 08:36:00,022 - root - INFO - f1:0.3634, p:0.5726, r:0.3335, hit:0.9576, ndcg:0.8922, topn:10.
2021-03-06 08:36:00,617 - root - INFO - head hit:0.3614, head mean rank:254.3404, topn:10.
2021-03-06 08:36:00,617 - root - INFO - tail hit:0.8554, tail mean rank:4.4247, topn:10.
2021-03-06 08:36:00,617 - root - INFO - avg hit:0.6084, avg mean rank:129.3825, topn:10.
2021-03-06 08:36:01,429 - root - INFO - head hit:0.3419, head mean rank:270.3405, topn:10.
2021-03-06 08:36:01,429 - root - INFO - tail hit:0.8455, tail mean rank:6.0930, topn:10.
2021-03-06 08:36:01,429 - root - INFO - avg hit:0.5937, avg mean rank:138.2167, topn:10.
2021-03-06 08:36:01,430 - root - INFO - No improvement after one epoch. Lowering learning rate.
2021-03-06 08:37:49,594 - root - INFO - rec train loss:0.0000, kg train loss:0.0001!
2021-03-06 08:37:50,904 - root - INFO - f1:0.3427, p:0.4038, r:0.3953, hit:0.8908, ndcg:0.8184, topn:10.
2021-03-06 08:37:52,178 - root - INFO - f1:0.3632, p:0.5723, r:0.3334, hit:0.9586, ndcg:0.8926, topn:10.
2021-03-06 08:37:52,791 - root - INFO - head hit:0.3614, head mean rank:254.4337, topn:10.
2021-03-06 08:37:52,791 - root - INFO - tail hit:0.8524, tail mean rank:4.4367, topn:10.
2021-03-06 08:37:52,791 - root - INFO - avg hit:0.6069, avg mean rank:129.4352, topn:10.
2021-03-06 08:37:53,722 - root - INFO - head hit:0.3419, head mean rank:270.3205, topn:10.
2021-03-06 08:37:53,722 - root - INFO - tail hit:0.8441, tail mean rank:6.0715, topn:10.
2021-03-06 08:37:53,723 - root - INFO - avg hit:0.5930, avg mean rank:138.1960, topn:10.
2021-03-06 08:37:53,724 - root - INFO - No improvement after one epoch. Lowering learning rate.
2021-03-06 08:37:53,764 - root - INFO - No improvement after 51960 steps. Stopping training.
2021-03-06 08:37:55,679 - root - INFO - From CaseRecommender evaluator: {'PREC@10': 0.403818, 'RECALL@10': 0.395266, 'NDCG@10': 0.818443, 'MAP@10': 0.772556, 'MAP': 0.772556}.
2021-03-06 08:37:55,878 - root - INFO - From kg-summ-rec diversity evaluator: {'GENRE_COVERAGE@10': 0.471103, 'GENRE_REDUNDANCY@10': 0.43588, 'ILD_GENRE@10': 0.807318}.
2021-03-06 08:37:57,626 - root - INFO - From CaseRecommender evaluator: {'PREC@10': 0.572322, 'RECALL@10': 0.333407, 'NDCG@10': 0.892588, 'MAP@10': 0.855662, 'MAP': 0.855662}.
2021-03-06 08:37:57,784 - root - INFO - From kg-summ-rec diversity evaluator: {'GENRE_COVERAGE@10': 0.465668, 'GENRE_REDUNDANCY@10': 0.430459, 'ILD_GENRE@10': 0.803629}.
