2021-03-06 05:47:36,296 - root - INFO - Flag Values:
{
    "L1_flag": true,
    "batch_size": 256,
    "ckpt_path": "/home/juarez/git/results/JIIS-revised-exp1/ml-sun_ho_sfKG_ig-sv-complex-75/",
    "clipping_max_value": 5.0,
    "data_path": "/home/juarez/git/datasets/JIIS-revised-exp1/ml-sun_ho_sfKG_ig-sv-complex-75/cao-format/",
    "dataset": "ml1m",
    "early_stopping_steps_to_wait": 51960,
    "embedding_size": 100,
    "eval_interval_steps": 10392,
    "eval_only_mode": false,
    "experiment_name": "ml1m-cofm-1615020456",
    "filter_wrong_corrupted": true,
    "has_visualization": false,
    "is_report": false,
    "joint_ratio": 0.5,
    "kg_lambda": 1.0,
    "kg_test_files": "valid.dat:test.dat",
    "l2_lambda": 0.0,
    "learning_rate": 0.005,
    "learning_rate_decay_when_no_progress": 0.5,
    "load_ckpt_file": "/home/juarez/git/results/JIIS-revised-exp1/ml-sun_ho_sfKG_ig-sv-complex-75/ml1m-bprmf-pretrained.ckpt:/home/juarez/git/results/JIIS-revised-exp1/ml-sun_ho_sfKG_ig-sv-complex-75/ml1m-transe-pretrained.ckpt",
    "load_experiment_name": null,
    "log_level": "debug",
    "log_path": "/home/juarez/git/results/JIIS-revised-exp1/ml-sun_ho_sfKG_ig-sv-complex-75/",
    "margin": 1.0,
    "max_queue": 10,
    "model_type": "cofm",
    "momentum": 0.9,
    "negtive_samples": 1,
    "norm_lambda": 1.0,
    "num_preferences": 4,
    "num_processes": 4,
    "optimizer_type": "Adam",
    "rec_test_files": "valid.dat:test.dat",
    "seed": 0,
    "share_embeddings": false,
    "topn": 10,
    "training_steps": 1039200,
    "use_st_gumbel": false,
    "visualization_port": 8097
}
2021-03-06 05:47:36,468 - root - INFO - Totally 69982 train ratings, 9998,19995 eval ratings in files: /home/juarez/git/datasets/JIIS-revised-exp1/ml-sun_ho_sfKG_ig-sv-complex-75/cao-format/ml1m/valid.dat;/home/juarez/git/datasets/JIIS-revised-exp1/ml-sun_ho_sfKG_ig-sv-complex-75/cao-format/ml1m/test.dat!
2021-03-06 05:47:36,470 - root - INFO - successfully load 943 users and 1675 items!
2021-03-06 05:47:36,535 - root - INFO - Totally 2962 train triples, 332,699 eval triples in files: /home/juarez/git/datasets/JIIS-revised-exp1/ml-sun_ho_sfKG_ig-sv-complex-75/cao-format/ml1m/kg/valid.dat;/home/juarez/git/datasets/JIIS-revised-exp1/ml-sun_ho_sfKG_ig-sv-complex-75/cao-format/ml1m/kg/test.dat!
2021-03-06 05:47:36,537 - root - INFO - successfully load 1575 entities and 3 relations!
2021-03-06 05:47:36,542 - root - INFO - Find 1529 aligned items and entities!
2021-03-06 05:47:36,543 - root - INFO - Building model.
2021-03-06 05:47:37,835 - root - INFO - Architecture: coFM(
  (user_embeddings): Embedding(943, 100)
  (user_bias): Embedding(943, 1)
  (item_bias): Embedding(1675, 1)
  (rel_embeddings): Embedding(3, 100)
  (ent_embeddings): Embedding(1575, 100)
  (item_embeddings): Embedding(1675, 100)
)
2021-03-06 05:47:37,836 - root - INFO - Total params: 422219.0
2021-03-06 05:47:37,836 - root - INFO - One epoch is 547 steps.
2021-03-06 05:47:37,836 - root - INFO - Found checkpoint, restoring pre-trained embeddings.
2021-03-06 05:47:37,839 - root - INFO - Load Embeddings of user_embeddings.weight, item_embeddings.weight from /home/juarez/git/results/JIIS-revised-exp1/ml-sun_ho_sfKG_ig-sv-complex-75/ml1m-bprmf-pretrained.ckpt.
2021-03-06 05:47:37,839 - root - INFO - Found checkpoint, restoring pre-trained embeddings.
2021-03-06 05:47:37,841 - root - INFO - Load Embeddings of ent_embeddings.weight, rel_embeddings.weight from /home/juarez/git/results/JIIS-revised-exp1/ml-sun_ho_sfKG_ig-sv-complex-75/ml1m-transe-pretrained.ckpt.
2021-03-06 05:47:37,841 - root - INFO - Training.
2021-03-06 05:47:37,841 - root - INFO - rec train loss:0.0000, kg train loss:0.0000!
2021-03-06 05:47:39,012 - root - INFO - f1:0.1493, p:0.1695, r:0.1919, hit:0.7253, ndcg:0.4904, topn:10.
2021-03-06 05:47:40,079 - root - INFO - f1:0.1775, p:0.2835, r:0.1700, hit:0.8600, ndcg:0.6216, topn:10.
2021-03-06 05:47:40,720 - root - INFO - head hit:0.2982, head mean rank:373.9458, topn:10.
2021-03-06 05:47:40,721 - root - INFO - tail hit:0.7831, tail mean rank:10.3886, topn:10.
2021-03-06 05:47:40,721 - root - INFO - avg hit:0.5407, avg mean rank:192.1672, topn:10.
2021-03-06 05:47:41,696 - root - INFO - head hit:0.2747, head mean rank:372.5908, topn:10.
2021-03-06 05:47:41,696 - root - INFO - tail hit:0.7754, tail mean rank:12.0815, topn:10.
2021-03-06 05:47:41,696 - root - INFO - avg hit:0.5250, avg mean rank:192.3362, topn:10.
2021-03-06 05:48:53,027 - root - INFO - rec train loss:2.8036, kg train loss:7.7378!
2021-03-06 05:48:54,262 - root - INFO - f1:0.1506, p:0.1758, r:0.1850, hit:0.7285, ndcg:0.4878, topn:10.
2021-03-06 05:48:55,382 - root - INFO - f1:0.1768, p:0.2938, r:0.1647, hit:0.8643, ndcg:0.6082, topn:10.
2021-03-06 05:48:55,958 - root - INFO - head hit:0.1536, head mean rank:312.9247, topn:10.
2021-03-06 05:48:55,959 - root - INFO - tail hit:0.3524, tail mean rank:59.1175, topn:10.
2021-03-06 05:48:55,959 - root - INFO - avg hit:0.2530, avg mean rank:186.0211, topn:10.
2021-03-06 05:48:56,915 - root - INFO - head hit:0.1345, head mean rank:323.9056, topn:10.
2021-03-06 05:48:56,915 - root - INFO - tail hit:0.3491, tail mean rank:70.0286, topn:10.
2021-03-06 05:48:56,915 - root - INFO - avg hit:0.2418, avg mean rank:196.9671, topn:10.
2021-03-06 05:48:56,916 - root - INFO - Checkpointing ...
2021-03-06 05:50:09,166 - root - INFO - rec train loss:2.6633, kg train loss:7.5287!
2021-03-06 05:50:10,277 - root - INFO - f1:0.1525, p:0.1772, r:0.1882, hit:0.7317, ndcg:0.4888, topn:10.
2021-03-06 05:50:11,342 - root - INFO - f1:0.1778, p:0.2968, r:0.1643, hit:0.8653, ndcg:0.6129, topn:10.
2021-03-06 05:50:11,955 - root - INFO - head hit:0.1476, head mean rank:327.9337, topn:10.
2021-03-06 05:50:11,955 - root - INFO - tail hit:0.3313, tail mean rank:72.8554, topn:10.
2021-03-06 05:50:11,955 - root - INFO - avg hit:0.2395, avg mean rank:200.3946, topn:10.
2021-03-06 05:50:12,834 - root - INFO - head hit:0.1402, head mean rank:300.9685, topn:10.
2021-03-06 05:50:12,834 - root - INFO - tail hit:0.3305, tail mean rank:78.0672, topn:10.
2021-03-06 05:50:12,834 - root - INFO - avg hit:0.2353, avg mean rank:189.5179, topn:10.
2021-03-06 05:50:12,835 - root - INFO - Checkpointing ...
2021-03-06 05:51:21,883 - root - INFO - rec train loss:2.7006, kg train loss:7.5737!
2021-03-06 05:51:22,974 - root - INFO - f1:0.1610, p:0.1891, r:0.1963, hit:0.7413, ndcg:0.4967, topn:10.
2021-03-06 05:51:24,059 - root - INFO - f1:0.1860, p:0.3087, r:0.1732, hit:0.8706, ndcg:0.6163, topn:10.
2021-03-06 05:51:24,616 - root - INFO - head hit:0.1657, head mean rank:331.5361, topn:10.
2021-03-06 05:51:24,617 - root - INFO - tail hit:0.3283, tail mean rank:72.3283, topn:10.
2021-03-06 05:51:24,617 - root - INFO - avg hit:0.2470, avg mean rank:201.9322, topn:10.
2021-03-06 05:51:25,451 - root - INFO - head hit:0.1459, head mean rank:318.4979, topn:10.
2021-03-06 05:51:25,451 - root - INFO - tail hit:0.3176, tail mean rank:84.5608, topn:10.
2021-03-06 05:51:25,451 - root - INFO - avg hit:0.2318, avg mean rank:201.5293, topn:10.
2021-03-06 05:51:25,452 - root - INFO - Checkpointing ...
2021-03-06 05:52:35,373 - root - INFO - rec train loss:2.6852, kg train loss:7.6084!
2021-03-06 05:52:36,471 - root - INFO - f1:0.1537, p:0.1822, r:0.1830, hit:0.7306, ndcg:0.4976, topn:10.
2021-03-06 05:52:37,755 - root - INFO - f1:0.1815, p:0.3045, r:0.1674, hit:0.8727, ndcg:0.6252, topn:10.
2021-03-06 05:52:38,400 - root - INFO - head hit:0.1265, head mean rank:318.3193, topn:10.
2021-03-06 05:52:38,401 - root - INFO - tail hit:0.3404, tail mean rank:83.2259, topn:10.
2021-03-06 05:52:38,401 - root - INFO - avg hit:0.2334, avg mean rank:200.7726, topn:10.
2021-03-06 05:52:39,351 - root - INFO - head hit:0.1130, head mean rank:325.0443, topn:10.
2021-03-06 05:52:39,352 - root - INFO - tail hit:0.3276, tail mean rank:94.4549, topn:10.
2021-03-06 05:52:39,352 - root - INFO - avg hit:0.2203, avg mean rank:209.7496, topn:10.
2021-03-06 05:52:39,353 - root - INFO - No improvement after one epoch. Lowering learning rate.
2021-03-06 05:53:47,855 - root - INFO - rec train loss:0.7488, kg train loss:1.3377!
2021-03-06 05:53:48,946 - root - INFO - f1:0.1848, p:0.2162, r:0.2265, hit:0.7773, ndcg:0.5603, topn:10.
2021-03-06 05:53:50,060 - root - INFO - f1:0.2103, p:0.3453, r:0.1949, hit:0.8961, ndcg:0.6797, topn:10.
2021-03-06 05:53:50,708 - root - INFO - head hit:0.2139, head mean rank:276.0000, topn:10.
2021-03-06 05:53:50,708 - root - INFO - tail hit:0.4157, tail mean rank:54.6054, topn:10.
2021-03-06 05:53:50,708 - root - INFO - avg hit:0.3148, avg mean rank:165.3027, topn:10.
2021-03-06 05:53:51,590 - root - INFO - head hit:0.1989, head mean rank:285.0658, topn:10.
2021-03-06 05:53:51,590 - root - INFO - tail hit:0.3777, tail mean rank:59.5637, topn:10.
2021-03-06 05:53:51,590 - root - INFO - avg hit:0.2883, avg mean rank:172.3147, topn:10.
2021-03-06 05:53:51,591 - root - INFO - Checkpointing ...
2021-03-06 05:55:02,179 - root - INFO - rec train loss:0.7285, kg train loss:1.2900!
2021-03-06 05:55:03,285 - root - INFO - f1:0.1885, p:0.2220, r:0.2284, hit:0.7815, ndcg:0.5688, topn:10.
2021-03-06 05:55:04,401 - root - INFO - f1:0.2195, p:0.3595, r:0.2031, hit:0.9024, ndcg:0.6951, topn:10.
2021-03-06 05:55:04,983 - root - INFO - head hit:0.2048, head mean rank:283.8946, topn:10.
2021-03-06 05:55:04,983 - root - INFO - tail hit:0.6446, tail mean rank:23.0753, topn:10.
2021-03-06 05:55:04,983 - root - INFO - avg hit:0.4247, avg mean rank:153.4849, topn:10.
2021-03-06 05:55:05,827 - root - INFO - head hit:0.1946, head mean rank:283.8941, topn:10.
2021-03-06 05:55:05,827 - root - INFO - tail hit:0.6352, tail mean rank:30.1688, topn:10.
2021-03-06 05:55:05,827 - root - INFO - avg hit:0.4149, avg mean rank:157.0315, topn:10.
2021-03-06 05:55:05,828 - root - INFO - Checkpointing ...
2021-03-06 05:56:15,381 - root - INFO - rec train loss:0.7273, kg train loss:1.3067!
2021-03-06 05:56:16,506 - root - INFO - f1:0.1916, p:0.2236, r:0.2343, hit:0.7911, ndcg:0.5731, topn:10.
2021-03-06 05:56:17,575 - root - INFO - f1:0.2168, p:0.3555, r:0.2025, hit:0.8950, ndcg:0.6858, topn:10.
2021-03-06 05:56:18,261 - root - INFO - head hit:0.2380, head mean rank:261.5361, topn:10.
2021-03-06 05:56:18,261 - root - INFO - tail hit:0.4940, tail mean rank:42.3494, topn:10.
2021-03-06 05:56:18,261 - root - INFO - avg hit:0.3660, avg mean rank:151.9428, topn:10.
2021-03-06 05:56:19,116 - root - INFO - head hit:0.1917, head mean rank:266.9943, topn:10.
2021-03-06 05:56:19,116 - root - INFO - tail hit:0.4907, tail mean rank:44.9213, topn:10.
2021-03-06 05:56:19,116 - root - INFO - avg hit:0.3412, avg mean rank:155.9578, topn:10.
2021-03-06 05:56:19,117 - root - INFO - Checkpointing ...
2021-03-06 05:57:28,859 - root - INFO - rec train loss:0.7257, kg train loss:1.3032!
2021-03-06 05:57:29,961 - root - INFO - f1:0.1912, p:0.2248, r:0.2311, hit:0.7953, ndcg:0.5765, topn:10.
2021-03-06 05:57:31,143 - root - INFO - f1:0.2162, p:0.3563, r:0.1996, hit:0.9014, ndcg:0.6926, topn:10.
2021-03-06 05:57:31,758 - root - INFO - head hit:0.2108, head mean rank:274.5512, topn:10.
2021-03-06 05:57:31,758 - root - INFO - tail hit:0.4669, tail mean rank:44.5843, topn:10.
2021-03-06 05:57:31,758 - root - INFO - avg hit:0.3389, avg mean rank:159.5678, topn:10.
2021-03-06 05:57:32,744 - root - INFO - head hit:0.2089, head mean rank:274.4421, topn:10.
2021-03-06 05:57:32,744 - root - INFO - tail hit:0.4750, tail mean rank:44.3033, topn:10.
2021-03-06 05:57:32,745 - root - INFO - avg hit:0.3419, avg mean rank:159.3727, topn:10.
2021-03-06 05:57:32,745 - root - INFO - No improvement after one epoch. Lowering learning rate.
2021-03-06 05:58:42,268 - root - INFO - rec train loss:0.2549, kg train loss:0.2771!
2021-03-06 05:58:43,429 - root - INFO - f1:0.2181, p:0.2593, r:0.2616, hit:0.8049, ndcg:0.6030, topn:10.
2021-03-06 05:58:44,539 - root - INFO - f1:0.2424, p:0.3977, r:0.2250, hit:0.9205, ndcg:0.7283, topn:10.
2021-03-06 05:58:45,140 - root - INFO - head hit:0.3012, head mean rank:271.1355, topn:10.
2021-03-06 05:58:45,140 - root - INFO - tail hit:0.6777, tail mean rank:21.1205, topn:10.
2021-03-06 05:58:45,140 - root - INFO - avg hit:0.4895, avg mean rank:146.1280, topn:10.
2021-03-06 05:58:46,013 - root - INFO - head hit:0.2604, head mean rank:265.1888, topn:10.
2021-03-06 05:58:46,014 - root - INFO - tail hit:0.6924, tail mean rank:20.6753, topn:10.
2021-03-06 05:58:46,014 - root - INFO - avg hit:0.4764, avg mean rank:142.9320, topn:10.
2021-03-06 05:58:46,015 - root - INFO - Checkpointing ...
2021-03-06 05:59:53,401 - root - INFO - rec train loss:0.2323, kg train loss:0.2655!
2021-03-06 05:59:54,465 - root - INFO - f1:0.2278, p:0.2710, r:0.2716, hit:0.8123, ndcg:0.6209, topn:10.
2021-03-06 05:59:55,630 - root - INFO - f1:0.2495, p:0.4102, r:0.2301, hit:0.9162, ndcg:0.7319, topn:10.
2021-03-06 05:59:56,242 - root - INFO - head hit:0.2922, head mean rank:249.5361, topn:10.
2021-03-06 05:59:56,242 - root - INFO - tail hit:0.6958, tail mean rank:16.3675, topn:10.
2021-03-06 05:59:56,242 - root - INFO - avg hit:0.4940, avg mean rank:132.9518, topn:10.
2021-03-06 05:59:57,096 - root - INFO - head hit:0.3090, head mean rank:228.5665, topn:10.
2021-03-06 05:59:57,096 - root - INFO - tail hit:0.6953, tail mean rank:16.8398, topn:10.
2021-03-06 05:59:57,096 - root - INFO - avg hit:0.5021, avg mean rank:122.7031, topn:10.
2021-03-06 05:59:57,097 - root - INFO - Checkpointing ...
2021-03-06 06:01:06,316 - root - INFO - rec train loss:0.2269, kg train loss:0.2670!
2021-03-06 06:01:07,490 - root - INFO - f1:0.2380, p:0.2817, r:0.2851, hit:0.8293, ndcg:0.6325, topn:10.
2021-03-06 06:01:08,589 - root - INFO - f1:0.2583, p:0.4215, r:0.2393, hit:0.9215, ndcg:0.7413, topn:10.
2021-03-06 06:01:09,153 - root - INFO - head hit:0.2982, head mean rank:259.4849, topn:10.
2021-03-06 06:01:09,153 - root - INFO - tail hit:0.7169, tail mean rank:16.2560, topn:10.
2021-03-06 06:01:09,153 - root - INFO - avg hit:0.5075, avg mean rank:137.8705, topn:10.
2021-03-06 06:01:10,057 - root - INFO - head hit:0.2690, head mean rank:253.2303, topn:10.
2021-03-06 06:01:10,057 - root - INFO - tail hit:0.7310, tail mean rank:16.9328, topn:10.
2021-03-06 06:01:10,057 - root - INFO - avg hit:0.5000, avg mean rank:135.0815, topn:10.
2021-03-06 06:01:10,058 - root - INFO - Checkpointing ...
2021-03-06 06:02:19,267 - root - INFO - rec train loss:0.2241, kg train loss:0.2661!
2021-03-06 06:02:20,366 - root - INFO - f1:0.2375, p:0.2827, r:0.2833, hit:0.8335, ndcg:0.6363, topn:10.
2021-03-06 06:02:21,409 - root - INFO - f1:0.2552, p:0.4203, r:0.2343, hit:0.9162, ndcg:0.7401, topn:10.
2021-03-06 06:02:22,027 - root - INFO - head hit:0.3072, head mean rank:250.3102, topn:10.
2021-03-06 06:02:22,028 - root - INFO - tail hit:0.6114, tail mean rank:24.4127, topn:10.
2021-03-06 06:02:22,028 - root - INFO - avg hit:0.4593, avg mean rank:137.3614, topn:10.
2021-03-06 06:02:22,957 - root - INFO - head hit:0.2990, head mean rank:257.4521, topn:10.
2021-03-06 06:02:22,957 - root - INFO - tail hit:0.6152, tail mean rank:24.8870, topn:10.
2021-03-06 06:02:22,957 - root - INFO - avg hit:0.4571, avg mean rank:141.1695, topn:10.
2021-03-06 06:02:22,958 - root - INFO - No improvement after one epoch. Lowering learning rate.
2021-03-06 06:03:32,909 - root - INFO - rec train loss:0.1145, kg train loss:0.1078!
2021-03-06 06:03:34,034 - root - INFO - f1:0.2496, p:0.2985, r:0.2947, hit:0.8399, ndcg:0.6489, topn:10.
2021-03-06 06:03:35,177 - root - INFO - f1:0.2693, p:0.4409, r:0.2480, hit:0.9205, ndcg:0.7533, topn:10.
2021-03-06 06:03:35,811 - root - INFO - head hit:0.3946, head mean rank:233.4639, topn:10.
2021-03-06 06:03:35,811 - root - INFO - tail hit:0.7711, tail mean rank:17.1627, topn:10.
2021-03-06 06:03:35,811 - root - INFO - avg hit:0.5828, avg mean rank:125.3133, topn:10.
2021-03-06 06:03:36,752 - root - INFO - head hit:0.3734, head mean rank:232.3834, topn:10.
2021-03-06 06:03:36,752 - root - INFO - tail hit:0.7611, tail mean rank:13.1874, topn:10.
2021-03-06 06:03:36,752 - root - INFO - avg hit:0.5672, avg mean rank:122.7854, topn:10.
2021-03-06 06:03:36,753 - root - INFO - Checkpointing ...
2021-03-06 06:04:47,128 - root - INFO - rec train loss:0.1094, kg train loss:0.1033!
2021-03-06 06:04:48,229 - root - INFO - f1:0.2576, p:0.3072, r:0.3066, hit:0.8462, ndcg:0.6551, topn:10.
2021-03-06 06:04:49,306 - root - INFO - f1:0.2754, p:0.4512, r:0.2531, hit:0.9173, ndcg:0.7602, topn:10.
2021-03-06 06:04:49,912 - root - INFO - head hit:0.4096, head mean rank:219.0331, topn:10.
2021-03-06 06:04:49,912 - root - INFO - tail hit:0.8343, tail mean rank:8.2349, topn:10.
2021-03-06 06:04:49,913 - root - INFO - avg hit:0.6220, avg mean rank:113.6340, topn:10.
2021-03-06 06:04:50,868 - root - INFO - head hit:0.3820, head mean rank:228.6381, topn:10.
2021-03-06 06:04:50,868 - root - INFO - tail hit:0.8326, tail mean rank:8.9242, topn:10.
2021-03-06 06:04:50,868 - root - INFO - avg hit:0.6073, avg mean rank:118.7811, topn:10.
2021-03-06 06:04:50,869 - root - INFO - Checkpointing ...
2021-03-06 06:06:00,576 - root - INFO - rec train loss:0.1070, kg train loss:0.1032!
2021-03-06 06:06:01,701 - root - INFO - f1:0.2631, p:0.3139, r:0.3114, hit:0.8494, ndcg:0.6662, topn:10.
2021-03-06 06:06:02,884 - root - INFO - f1:0.2785, p:0.4544, r:0.2568, hit:0.9279, ndcg:0.7706, topn:10.
2021-03-06 06:06:03,534 - root - INFO - head hit:0.3916, head mean rank:231.1506, topn:10.
2021-03-06 06:06:03,534 - root - INFO - tail hit:0.8434, tail mean rank:6.8825, topn:10.
2021-03-06 06:06:03,534 - root - INFO - avg hit:0.6175, avg mean rank:119.0166, topn:10.
2021-03-06 06:06:04,482 - root - INFO - head hit:0.4006, head mean rank:222.4607, topn:10.
2021-03-06 06:06:04,482 - root - INFO - tail hit:0.8598, tail mean rank:6.1173, topn:10.
2021-03-06 06:06:04,482 - root - INFO - avg hit:0.6302, avg mean rank:114.2890, topn:10.
2021-03-06 06:06:04,483 - root - INFO - Checkpointing ...
2021-03-06 06:07:15,993 - root - INFO - rec train loss:0.1052, kg train loss:0.1036!
2021-03-06 06:07:17,348 - root - INFO - f1:0.2666, p:0.3183, r:0.3156, hit:0.8537, ndcg:0.6715, topn:10.
2021-03-06 06:07:18,503 - root - INFO - f1:0.2794, p:0.4568, r:0.2577, hit:0.9236, ndcg:0.7722, topn:10.
2021-03-06 06:07:19,111 - root - INFO - head hit:0.3886, head mean rank:218.9518, topn:10.
2021-03-06 06:07:19,112 - root - INFO - tail hit:0.8584, tail mean rank:7.4036, topn:10.
2021-03-06 06:07:19,112 - root - INFO - avg hit:0.6235, avg mean rank:113.1777, topn:10.
2021-03-06 06:07:20,103 - root - INFO - head hit:0.3691, head mean rank:212.0215, topn:10.
2021-03-06 06:07:20,103 - root - INFO - tail hit:0.8584, tail mean rank:6.4049, topn:10.
2021-03-06 06:07:20,103 - root - INFO - avg hit:0.6137, avg mean rank:109.2132, topn:10.
2021-03-06 06:07:20,104 - root - INFO - Checkpointing ...
2021-03-06 06:08:28,498 - root - INFO - rec train loss:0.1035, kg train loss:0.1068!
2021-03-06 06:08:29,641 - root - INFO - f1:0.2698, p:0.3221, r:0.3188, hit:0.8505, ndcg:0.6722, topn:10.
2021-03-06 06:08:30,689 - root - INFO - f1:0.2871, p:0.4669, r:0.2650, hit:0.9311, ndcg:0.7737, topn:10.
2021-03-06 06:08:31,308 - root - INFO - head hit:0.3886, head mean rank:221.1898, topn:10.
2021-03-06 06:08:31,308 - root - INFO - tail hit:0.8524, tail mean rank:6.7078, topn:10.
2021-03-06 06:08:31,308 - root - INFO - avg hit:0.6205, avg mean rank:113.9488, topn:10.
2021-03-06 06:08:32,214 - root - INFO - head hit:0.4034, head mean rank:212.2904, topn:10.
2021-03-06 06:08:32,214 - root - INFO - tail hit:0.8269, tail mean rank:7.0501, topn:10.
2021-03-06 06:08:32,214 - root - INFO - avg hit:0.6152, avg mean rank:109.6702, topn:10.
2021-03-06 06:08:32,215 - root - INFO - Checkpointing ...
2021-03-06 06:09:41,339 - root - INFO - rec train loss:0.1029, kg train loss:0.1092!
2021-03-06 06:09:42,448 - root - INFO - f1:0.2743, p:0.3268, r:0.3241, hit:0.8579, ndcg:0.6754, topn:10.
2021-03-06 06:09:43,566 - root - INFO - f1:0.2861, p:0.4670, r:0.2637, hit:0.9374, ndcg:0.7783, topn:10.
2021-03-06 06:09:44,205 - root - INFO - head hit:0.4006, head mean rank:225.1687, topn:10.
2021-03-06 06:09:44,205 - root - INFO - tail hit:0.8343, tail mean rank:6.1386, topn:10.
2021-03-06 06:09:44,206 - root - INFO - avg hit:0.6175, avg mean rank:115.6536, topn:10.
2021-03-06 06:09:45,101 - root - INFO - head hit:0.3877, head mean rank:227.3004, topn:10.
2021-03-06 06:09:45,101 - root - INFO - tail hit:0.8326, tail mean rank:6.0272, topn:10.
2021-03-06 06:09:45,102 - root - INFO - avg hit:0.6102, avg mean rank:116.6638, topn:10.
2021-03-06 06:09:45,103 - root - INFO - Checkpointing ...
2021-03-06 06:10:54,303 - root - INFO - rec train loss:0.1018, kg train loss:0.1107!
2021-03-06 06:10:55,452 - root - INFO - f1:0.2791, p:0.3315, r:0.3323, hit:0.8696, ndcg:0.6821, topn:10.
2021-03-06 06:10:56,584 - root - INFO - f1:0.2900, p:0.4732, r:0.2671, hit:0.9290, ndcg:0.7768, topn:10.
2021-03-06 06:10:57,189 - root - INFO - head hit:0.4187, head mean rank:222.0904, topn:10.
2021-03-06 06:10:57,189 - root - INFO - tail hit:0.8404, tail mean rank:5.6536, topn:10.
2021-03-06 06:10:57,189 - root - INFO - avg hit:0.6295, avg mean rank:113.8720, topn:10.
2021-03-06 06:10:58,161 - root - INFO - head hit:0.4149, head mean rank:224.0629, topn:10.
2021-03-06 06:10:58,161 - root - INFO - tail hit:0.8426, tail mean rank:5.9728, topn:10.
2021-03-06 06:10:58,161 - root - INFO - avg hit:0.6288, avg mean rank:115.0179, topn:10.
2021-03-06 06:10:58,162 - root - INFO - Checkpointing ...
2021-03-06 06:12:05,890 - root - INFO - rec train loss:0.1008, kg train loss:0.1123!
2021-03-06 06:12:06,953 - root - INFO - f1:0.2804, p:0.3341, r:0.3306, hit:0.8600, ndcg:0.6855, topn:10.
2021-03-06 06:12:08,134 - root - INFO - f1:0.2932, p:0.4777, r:0.2698, hit:0.9268, ndcg:0.7798, topn:10.
2021-03-06 06:12:08,733 - root - INFO - head hit:0.4157, head mean rank:225.8946, topn:10.
2021-03-06 06:12:08,734 - root - INFO - tail hit:0.8193, tail mean rank:5.8343, topn:10.
2021-03-06 06:12:08,734 - root - INFO - avg hit:0.6175, avg mean rank:115.8645, topn:10.
2021-03-06 06:12:09,667 - root - INFO - head hit:0.4106, head mean rank:210.7468, topn:10.
2021-03-06 06:12:09,668 - root - INFO - tail hit:0.8484, tail mean rank:5.3677, topn:10.
2021-03-06 06:12:09,668 - root - INFO - avg hit:0.6295, avg mean rank:108.0572, topn:10.
2021-03-06 06:12:09,669 - root - INFO - Checkpointing ...
2021-03-06 06:13:18,142 - root - INFO - rec train loss:0.1007, kg train loss:0.1059!
2021-03-06 06:13:19,209 - root - INFO - f1:0.2821, p:0.3366, r:0.3321, hit:0.8653, ndcg:0.6889, topn:10.
2021-03-06 06:13:20,351 - root - INFO - f1:0.2939, p:0.4791, r:0.2708, hit:0.9321, ndcg:0.7855, topn:10.
2021-03-06 06:13:20,955 - root - INFO - head hit:0.4398, head mean rank:236.2470, topn:10.
2021-03-06 06:13:20,955 - root - INFO - tail hit:0.8705, tail mean rank:5.8133, topn:10.
2021-03-06 06:13:20,955 - root - INFO - avg hit:0.6551, avg mean rank:121.0301, topn:10.
2021-03-06 06:13:21,916 - root - INFO - head hit:0.4564, head mean rank:210.8226, topn:10.
2021-03-06 06:13:21,916 - root - INFO - tail hit:0.8598, tail mean rank:6.0415, topn:10.
2021-03-06 06:13:21,916 - root - INFO - avg hit:0.6581, avg mean rank:108.4320, topn:10.
2021-03-06 06:13:21,917 - root - INFO - Checkpointing ...
2021-03-06 06:14:29,052 - root - INFO - rec train loss:0.1000, kg train loss:0.1104!
2021-03-06 06:14:30,145 - root - INFO - f1:0.2848, p:0.3388, r:0.3360, hit:0.8643, ndcg:0.6947, topn:10.
2021-03-06 06:14:31,268 - root - INFO - f1:0.2943, p:0.4803, r:0.2698, hit:0.9332, ndcg:0.7891, topn:10.
2021-03-06 06:14:31,901 - root - INFO - head hit:0.4066, head mean rank:233.3494, topn:10.
2021-03-06 06:14:31,902 - root - INFO - tail hit:0.8524, tail mean rank:4.8012, topn:10.
2021-03-06 06:14:31,902 - root - INFO - avg hit:0.6295, avg mean rank:119.0753, topn:10.
2021-03-06 06:14:32,851 - root - INFO - head hit:0.4249, head mean rank:221.7854, topn:10.
2021-03-06 06:14:32,851 - root - INFO - tail hit:0.8584, tail mean rank:5.2318, topn:10.
2021-03-06 06:14:32,851 - root - INFO - avg hit:0.6416, avg mean rank:113.5086, topn:10.
2021-03-06 06:14:32,852 - root - INFO - Checkpointing ...
2021-03-06 06:15:39,515 - root - INFO - rec train loss:0.0996, kg train loss:0.1049!
2021-03-06 06:15:40,671 - root - INFO - f1:0.2856, p:0.3402, r:0.3362, hit:0.8621, ndcg:0.6929, topn:10.
2021-03-06 06:15:41,758 - root - INFO - f1:0.2976, p:0.4845, r:0.2736, hit:0.9321, ndcg:0.7899, topn:10.
2021-03-06 06:15:42,380 - root - INFO - head hit:0.3795, head mean rank:231.5753, topn:10.
2021-03-06 06:15:42,380 - root - INFO - tail hit:0.8343, tail mean rank:5.7801, topn:10.
2021-03-06 06:15:42,380 - root - INFO - avg hit:0.6069, avg mean rank:118.6777, topn:10.
2021-03-06 06:15:43,190 - root - INFO - head hit:0.3877, head mean rank:224.8283, topn:10.
2021-03-06 06:15:43,191 - root - INFO - tail hit:0.8441, tail mean rank:5.7496, topn:10.
2021-03-06 06:15:43,191 - root - INFO - avg hit:0.6159, avg mean rank:115.2890, topn:10.
2021-03-06 06:15:43,191 - root - INFO - Checkpointing ...
2021-03-06 06:16:49,881 - root - INFO - rec train loss:0.0987, kg train loss:0.1051!
2021-03-06 06:16:51,030 - root - INFO - f1:0.2886, p:0.3435, r:0.3394, hit:0.8696, ndcg:0.6979, topn:10.
2021-03-06 06:16:52,112 - root - INFO - f1:0.2989, p:0.4857, r:0.2762, hit:0.9343, ndcg:0.7871, topn:10.
2021-03-06 06:16:52,715 - root - INFO - head hit:0.3855, head mean rank:219.9096, topn:10.
2021-03-06 06:16:52,715 - root - INFO - tail hit:0.8072, tail mean rank:5.5723, topn:10.
2021-03-06 06:16:52,716 - root - INFO - avg hit:0.5964, avg mean rank:112.7410, topn:10.
2021-03-06 06:16:53,683 - root - INFO - head hit:0.4292, head mean rank:215.0029, topn:10.
2021-03-06 06:16:53,684 - root - INFO - tail hit:0.8426, tail mean rank:5.5064, topn:10.
2021-03-06 06:16:53,684 - root - INFO - avg hit:0.6359, avg mean rank:110.2546, topn:10.
2021-03-06 06:16:53,685 - root - INFO - Checkpointing ...
2021-03-06 06:18:01,127 - root - INFO - rec train loss:0.0985, kg train loss:0.1159!
2021-03-06 06:18:02,194 - root - INFO - f1:0.2889, p:0.3444, r:0.3377, hit:0.8664, ndcg:0.6961, topn:10.
2021-03-06 06:18:03,302 - root - INFO - f1:0.3009, p:0.4889, r:0.2776, hit:0.9406, ndcg:0.7966, topn:10.
2021-03-06 06:18:03,935 - root - INFO - head hit:0.4157, head mean rank:231.6295, topn:10.
2021-03-06 06:18:03,935 - root - INFO - tail hit:0.8494, tail mean rank:6.6024, topn:10.
2021-03-06 06:18:03,935 - root - INFO - avg hit:0.6325, avg mean rank:119.1160, topn:10.
2021-03-06 06:18:04,890 - root - INFO - head hit:0.3963, head mean rank:213.6996, topn:10.
2021-03-06 06:18:04,891 - root - INFO - tail hit:0.8484, tail mean rank:5.9557, topn:10.
2021-03-06 06:18:04,891 - root - INFO - avg hit:0.6223, avg mean rank:109.8276, topn:10.
2021-03-06 06:18:04,892 - root - INFO - Checkpointing ...
2021-03-06 06:19:12,751 - root - INFO - rec train loss:0.0984, kg train loss:0.1034!
2021-03-06 06:19:13,889 - root - INFO - f1:0.2910, p:0.3463, r:0.3429, hit:0.8717, ndcg:0.7045, topn:10.
2021-03-06 06:19:15,043 - root - INFO - f1:0.3037, p:0.4930, r:0.2793, hit:0.9374, ndcg:0.7955, topn:10.
2021-03-06 06:19:15,610 - root - INFO - head hit:0.4277, head mean rank:219.2922, topn:10.
2021-03-06 06:19:15,611 - root - INFO - tail hit:0.8675, tail mean rank:4.8133, topn:10.
2021-03-06 06:19:15,611 - root - INFO - avg hit:0.6476, avg mean rank:112.0527, topn:10.
2021-03-06 06:19:16,636 - root - INFO - head hit:0.4378, head mean rank:209.9027, topn:10.
2021-03-06 06:19:16,636 - root - INFO - tail hit:0.8584, tail mean rank:5.0544, topn:10.
2021-03-06 06:19:16,637 - root - INFO - avg hit:0.6481, avg mean rank:107.4785, topn:10.
2021-03-06 06:19:16,638 - root - INFO - Checkpointing ...
2021-03-06 06:20:24,535 - root - INFO - rec train loss:0.0979, kg train loss:0.1045!
2021-03-06 06:20:25,674 - root - INFO - f1:0.2916, p:0.3470, r:0.3446, hit:0.8727, ndcg:0.7030, topn:10.
2021-03-06 06:20:26,983 - root - INFO - f1:0.3014, p:0.4902, r:0.2768, hit:0.9364, ndcg:0.7972, topn:10.
2021-03-06 06:20:27,644 - root - INFO - head hit:0.3795, head mean rank:215.4729, topn:10.
2021-03-06 06:20:27,644 - root - INFO - tail hit:0.8494, tail mean rank:5.4759, topn:10.
2021-03-06 06:20:27,644 - root - INFO - avg hit:0.6145, avg mean rank:110.4744, topn:10.
2021-03-06 06:20:28,576 - root - INFO - head hit:0.4092, head mean rank:217.7339, topn:10.
2021-03-06 06:20:28,576 - root - INFO - tail hit:0.8426, tail mean rank:5.8727, topn:10.
2021-03-06 06:20:28,577 - root - INFO - avg hit:0.6259, avg mean rank:111.8033, topn:10.
2021-03-06 06:20:28,577 - root - INFO - Checkpointing ...
2021-03-06 06:21:34,863 - root - INFO - rec train loss:0.0978, kg train loss:0.1018!
2021-03-06 06:21:35,966 - root - INFO - f1:0.2933, p:0.3490, r:0.3452, hit:0.8706, ndcg:0.7088, topn:10.
2021-03-06 06:21:37,092 - root - INFO - f1:0.3065, p:0.4962, r:0.2828, hit:0.9385, ndcg:0.7993, topn:10.
2021-03-06 06:21:37,751 - root - INFO - head hit:0.4036, head mean rank:225.0693, topn:10.
2021-03-06 06:21:37,751 - root - INFO - tail hit:0.8614, tail mean rank:4.6386, topn:10.
2021-03-06 06:21:37,751 - root - INFO - avg hit:0.6325, avg mean rank:114.8539, topn:10.
2021-03-06 06:21:38,604 - root - INFO - head hit:0.4063, head mean rank:219.4220, topn:10.
2021-03-06 06:21:38,604 - root - INFO - tail hit:0.8569, tail mean rank:4.9514, topn:10.
2021-03-06 06:21:38,604 - root - INFO - avg hit:0.6316, avg mean rank:112.1867, topn:10.
2021-03-06 06:21:38,605 - root - INFO - Checkpointing ...
2021-03-06 06:22:45,609 - root - INFO - rec train loss:0.0972, kg train loss:0.1029!
2021-03-06 06:22:46,789 - root - INFO - f1:0.2950, p:0.3505, r:0.3469, hit:0.8738, ndcg:0.7127, topn:10.
2021-03-06 06:22:47,859 - root - INFO - f1:0.3062, p:0.4975, r:0.2815, hit:0.9332, ndcg:0.7995, topn:10.
2021-03-06 06:22:48,454 - root - INFO - head hit:0.3946, head mean rank:216.6446, topn:10.
2021-03-06 06:22:48,455 - root - INFO - tail hit:0.8193, tail mean rank:5.6446, topn:10.
2021-03-06 06:22:48,455 - root - INFO - avg hit:0.6069, avg mean rank:111.1446, topn:10.
2021-03-06 06:22:49,272 - root - INFO - head hit:0.4120, head mean rank:217.1874, topn:10.
2021-03-06 06:22:49,272 - root - INFO - tail hit:0.8526, tail mean rank:5.3605, topn:10.
2021-03-06 06:22:49,273 - root - INFO - avg hit:0.6323, avg mean rank:111.2740, topn:10.
2021-03-06 06:22:49,273 - root - INFO - Checkpointing ...
2021-03-06 06:23:56,643 - root - INFO - rec train loss:0.0966, kg train loss:0.1110!
2021-03-06 06:23:57,790 - root - INFO - f1:0.2960, p:0.3519, r:0.3482, hit:0.8727, ndcg:0.7090, topn:10.
2021-03-06 06:23:58,891 - root - INFO - f1:0.3068, p:0.4986, r:0.2814, hit:0.9353, ndcg:0.7985, topn:10.
2021-03-06 06:23:59,503 - root - INFO - head hit:0.4096, head mean rank:217.6928, topn:10.
2021-03-06 06:23:59,503 - root - INFO - tail hit:0.8102, tail mean rank:7.0663, topn:10.
2021-03-06 06:23:59,503 - root - INFO - avg hit:0.6099, avg mean rank:112.3795, topn:10.
2021-03-06 06:24:00,352 - root - INFO - head hit:0.4120, head mean rank:195.9800, topn:10.
2021-03-06 06:24:00,352 - root - INFO - tail hit:0.8412, tail mean rank:6.8512, topn:10.
2021-03-06 06:24:00,353 - root - INFO - avg hit:0.6266, avg mean rank:101.4156, topn:10.
2021-03-06 06:24:00,353 - root - INFO - Checkpointing ...
2021-03-06 06:25:07,499 - root - INFO - rec train loss:0.0963, kg train loss:0.1021!
2021-03-06 06:25:08,625 - root - INFO - f1:0.2970, p:0.3536, r:0.3471, hit:0.8696, ndcg:0.7072, topn:10.
2021-03-06 06:25:09,747 - root - INFO - f1:0.3082, p:0.5010, r:0.2818, hit:0.9374, ndcg:0.8011, topn:10.
2021-03-06 06:25:10,334 - root - INFO - head hit:0.4157, head mean rank:229.3223, topn:10.
2021-03-06 06:25:10,334 - root - INFO - tail hit:0.8343, tail mean rank:5.6536, topn:10.
2021-03-06 06:25:10,334 - root - INFO - avg hit:0.6250, avg mean rank:117.4880, topn:10.
2021-03-06 06:25:11,271 - root - INFO - head hit:0.4077, head mean rank:208.8755, topn:10.
2021-03-06 06:25:11,272 - root - INFO - tail hit:0.8512, tail mean rank:5.4993, topn:10.
2021-03-06 06:25:11,272 - root - INFO - avg hit:0.6295, avg mean rank:107.1874, topn:10.
2021-03-06 06:25:11,273 - root - INFO - Checkpointing ...
2021-03-06 06:26:17,754 - root - INFO - rec train loss:0.0969, kg train loss:0.0986!
2021-03-06 06:26:18,867 - root - INFO - f1:0.2991, p:0.3558, r:0.3513, hit:0.8791, ndcg:0.7137, topn:10.
2021-03-06 06:26:19,969 - root - INFO - f1:0.3071, p:0.4995, r:0.2811, hit:0.9374, ndcg:0.8059, topn:10.
2021-03-06 06:26:20,581 - root - INFO - head hit:0.3946, head mean rank:226.4127, topn:10.
2021-03-06 06:26:20,581 - root - INFO - tail hit:0.8434, tail mean rank:5.3886, topn:10.
2021-03-06 06:26:20,581 - root - INFO - avg hit:0.6190, avg mean rank:115.9006, topn:10.
2021-03-06 06:26:21,486 - root - INFO - head hit:0.4077, head mean rank:206.2718, topn:10.
2021-03-06 06:26:21,486 - root - INFO - tail hit:0.8555, tail mean rank:4.9785, topn:10.
2021-03-06 06:26:21,487 - root - INFO - avg hit:0.6316, avg mean rank:105.6252, topn:10.
2021-03-06 06:26:21,487 - root - INFO - Checkpointing ...
2021-03-06 06:27:26,362 - root - INFO - rec train loss:0.0960, kg train loss:0.1050!
2021-03-06 06:27:27,557 - root - INFO - f1:0.3009, p:0.3571, r:0.3524, hit:0.8791, ndcg:0.7177, topn:10.
2021-03-06 06:27:28,712 - root - INFO - f1:0.3116, p:0.5049, r:0.2859, hit:0.9406, ndcg:0.8049, topn:10.
2021-03-06 06:27:29,341 - root - INFO - head hit:0.3825, head mean rank:230.4187, topn:10.
2021-03-06 06:27:29,341 - root - INFO - tail hit:0.8404, tail mean rank:4.5422, topn:10.
2021-03-06 06:27:29,341 - root - INFO - avg hit:0.6114, avg mean rank:117.4804, topn:10.
2021-03-06 06:27:30,281 - root - INFO - head hit:0.4349, head mean rank:212.7711, topn:10.
2021-03-06 06:27:30,282 - root - INFO - tail hit:0.8670, tail mean rank:4.8026, topn:10.
2021-03-06 06:27:30,282 - root - INFO - avg hit:0.6509, avg mean rank:108.7868, topn:10.
2021-03-06 06:27:30,283 - root - INFO - Checkpointing ...
2021-03-06 06:28:35,137 - root - INFO - rec train loss:0.0958, kg train loss:0.1016!
2021-03-06 06:28:36,247 - root - INFO - f1:0.3026, p:0.3586, r:0.3567, hit:0.8780, ndcg:0.7172, topn:10.
2021-03-06 06:28:37,337 - root - INFO - f1:0.3121, p:0.5060, r:0.2856, hit:0.9396, ndcg:0.8036, topn:10.
2021-03-06 06:28:37,986 - root - INFO - head hit:0.4066, head mean rank:230.4488, topn:10.
2021-03-06 06:28:37,986 - root - INFO - tail hit:0.8494, tail mean rank:5.0843, topn:10.
2021-03-06 06:28:37,987 - root - INFO - avg hit:0.6280, avg mean rank:117.7666, topn:10.
2021-03-06 06:28:38,914 - root - INFO - head hit:0.4278, head mean rank:217.3562, topn:10.
2021-03-06 06:28:38,914 - root - INFO - tail hit:0.8469, tail mean rank:5.1531, topn:10.
2021-03-06 06:28:38,914 - root - INFO - avg hit:0.6373, avg mean rank:111.2546, topn:10.
2021-03-06 06:28:38,915 - root - INFO - Checkpointing ...
2021-03-06 06:29:43,923 - root - INFO - rec train loss:0.0954, kg train loss:0.1048!
2021-03-06 06:29:45,056 - root - INFO - f1:0.3030, p:0.3600, r:0.3555, hit:0.8812, ndcg:0.7255, topn:10.
2021-03-06 06:29:46,156 - root - INFO - f1:0.3159, p:0.5104, r:0.2900, hit:0.9396, ndcg:0.8078, topn:10.
2021-03-06 06:29:46,795 - root - INFO - head hit:0.4157, head mean rank:223.2139, topn:10.
2021-03-06 06:29:46,795 - root - INFO - tail hit:0.8554, tail mean rank:4.8283, topn:10.
2021-03-06 06:29:46,795 - root - INFO - avg hit:0.6355, avg mean rank:114.0211, topn:10.
2021-03-06 06:29:47,800 - root - INFO - head hit:0.4177, head mean rank:206.7740, topn:10.
2021-03-06 06:29:47,800 - root - INFO - tail hit:0.8641, tail mean rank:4.7310, topn:10.
2021-03-06 06:29:47,800 - root - INFO - avg hit:0.6409, avg mean rank:105.7525, topn:10.
2021-03-06 06:29:47,801 - root - INFO - Checkpointing ...
2021-03-06 06:30:53,263 - root - INFO - rec train loss:0.0958, kg train loss:0.1021!
2021-03-06 06:30:54,446 - root - INFO - f1:0.3047, p:0.3617, r:0.3570, hit:0.8844, ndcg:0.7248, topn:10.
2021-03-06 06:30:55,580 - root - INFO - f1:0.3154, p:0.5091, r:0.2905, hit:0.9385, ndcg:0.8088, topn:10.
2021-03-06 06:30:56,199 - root - INFO - head hit:0.3946, head mean rank:226.7801, topn:10.
2021-03-06 06:30:56,199 - root - INFO - tail hit:0.8584, tail mean rank:4.9398, topn:10.
2021-03-06 06:30:56,200 - root - INFO - avg hit:0.6265, avg mean rank:115.8599, topn:10.
2021-03-06 06:30:57,077 - root - INFO - head hit:0.4421, head mean rank:211.9342, topn:10.
2021-03-06 06:30:57,077 - root - INFO - tail hit:0.8441, tail mean rank:5.5136, topn:10.
2021-03-06 06:30:57,077 - root - INFO - avg hit:0.6431, avg mean rank:108.7239, topn:10.
2021-03-06 06:30:57,078 - root - INFO - Checkpointing ...
2021-03-06 06:32:01,760 - root - INFO - rec train loss:0.0956, kg train loss:0.1014!
2021-03-06 06:32:02,867 - root - INFO - f1:0.3065, p:0.3636, r:0.3593, hit:0.8802, ndcg:0.7271, topn:10.
2021-03-06 06:32:04,010 - root - INFO - f1:0.3159, p:0.5109, r:0.2898, hit:0.9385, ndcg:0.8153, topn:10.
2021-03-06 06:32:04,670 - root - INFO - head hit:0.4006, head mean rank:236.9849, topn:10.
2021-03-06 06:32:04,671 - root - INFO - tail hit:0.8795, tail mean rank:4.4819, topn:10.
2021-03-06 06:32:04,671 - root - INFO - avg hit:0.6401, avg mean rank:120.7334, topn:10.
2021-03-06 06:32:05,632 - root - INFO - head hit:0.4206, head mean rank:226.3176, topn:10.
2021-03-06 06:32:05,632 - root - INFO - tail hit:0.8684, tail mean rank:4.6309, topn:10.
2021-03-06 06:32:05,633 - root - INFO - avg hit:0.6445, avg mean rank:115.4742, topn:10.
2021-03-06 06:32:05,633 - root - INFO - Checkpointing ...
2021-03-06 06:33:10,828 - root - INFO - rec train loss:0.0951, kg train loss:0.1038!
2021-03-06 06:33:11,947 - root - INFO - f1:0.3051, p:0.3626, r:0.3568, hit:0.8780, ndcg:0.7240, topn:10.
2021-03-06 06:33:13,102 - root - INFO - f1:0.3151, p:0.5103, r:0.2888, hit:0.9406, ndcg:0.8133, topn:10.
2021-03-06 06:33:13,707 - root - INFO - head hit:0.4066, head mean rank:239.2530, topn:10.
2021-03-06 06:33:13,707 - root - INFO - tail hit:0.8614, tail mean rank:4.5452, topn:10.
2021-03-06 06:33:13,708 - root - INFO - avg hit:0.6340, avg mean rank:121.8991, topn:10.
2021-03-06 06:33:14,656 - root - INFO - head hit:0.4278, head mean rank:225.5708, topn:10.
2021-03-06 06:33:14,656 - root - INFO - tail hit:0.8627, tail mean rank:4.6452, topn:10.
2021-03-06 06:33:14,656 - root - INFO - avg hit:0.6452, avg mean rank:115.1080, topn:10.
2021-03-06 06:33:14,657 - root - INFO - No improvement after one epoch. Lowering learning rate.
2021-03-06 06:34:19,275 - root - INFO - rec train loss:0.0495, kg train loss:0.0482!
2021-03-06 06:34:20,509 - root - INFO - f1:0.3078, p:0.3659, r:0.3604, hit:0.8770, ndcg:0.7277, topn:10.
2021-03-06 06:34:21,648 - root - INFO - f1:0.3174, p:0.5136, r:0.2906, hit:0.9364, ndcg:0.8141, topn:10.
2021-03-06 06:34:22,274 - root - INFO - head hit:0.4307, head mean rank:228.6717, topn:10.
2021-03-06 06:34:22,274 - root - INFO - tail hit:0.8434, tail mean rank:4.6476, topn:10.
2021-03-06 06:34:22,275 - root - INFO - avg hit:0.6370, avg mean rank:116.6596, topn:10.
2021-03-06 06:34:23,204 - root - INFO - head hit:0.4607, head mean rank:221.3176, topn:10.
2021-03-06 06:34:23,205 - root - INFO - tail hit:0.8555, tail mean rank:4.9070, topn:10.
2021-03-06 06:34:23,205 - root - INFO - avg hit:0.6581, avg mean rank:113.1123, topn:10.
2021-03-06 06:34:23,206 - root - INFO - Checkpointing ...
2021-03-06 06:35:28,183 - root - INFO - rec train loss:0.0490, kg train loss:0.0476!
2021-03-06 06:35:29,337 - root - INFO - f1:0.3115, p:0.3699, r:0.3646, hit:0.8802, ndcg:0.7291, topn:10.
2021-03-06 06:35:30,472 - root - INFO - f1:0.3186, p:0.5153, r:0.2913, hit:0.9374, ndcg:0.8178, topn:10.
2021-03-06 06:35:31,144 - root - INFO - head hit:0.4307, head mean rank:227.0964, topn:10.
2021-03-06 06:35:31,145 - root - INFO - tail hit:0.8645, tail mean rank:3.9398, topn:10.
2021-03-06 06:35:31,145 - root - INFO - avg hit:0.6476, avg mean rank:115.5181, topn:10.
2021-03-06 06:35:32,108 - root - INFO - head hit:0.4778, head mean rank:215.2675, topn:10.
2021-03-06 06:35:32,109 - root - INFO - tail hit:0.8727, tail mean rank:4.2332, topn:10.
2021-03-06 06:35:32,109 - root - INFO - avg hit:0.6753, avg mean rank:109.7504, topn:10.
2021-03-06 06:35:32,109 - root - INFO - Checkpointing ...
2021-03-06 06:36:36,904 - root - INFO - rec train loss:0.0490, kg train loss:0.0476!
2021-03-06 06:36:38,001 - root - INFO - f1:0.3104, p:0.3690, r:0.3621, hit:0.8780, ndcg:0.7300, topn:10.
2021-03-06 06:36:39,060 - root - INFO - f1:0.3201, p:0.5172, r:0.2932, hit:0.9406, ndcg:0.8178, topn:10.
2021-03-06 06:36:39,643 - root - INFO - head hit:0.4518, head mean rank:230.6777, topn:10.
2021-03-06 06:36:39,644 - root - INFO - tail hit:0.8614, tail mean rank:4.1777, topn:10.
2021-03-06 06:36:39,644 - root - INFO - avg hit:0.6566, avg mean rank:117.4277, topn:10.
2021-03-06 06:36:40,548 - root - INFO - head hit:0.4821, head mean rank:215.4835, topn:10.
2021-03-06 06:36:40,548 - root - INFO - tail hit:0.8598, tail mean rank:4.1602, topn:10.
2021-03-06 06:36:40,549 - root - INFO - avg hit:0.6710, avg mean rank:109.8219, topn:10.
2021-03-06 06:36:40,549 - root - INFO - No improvement after one epoch. Lowering learning rate.
2021-03-06 06:37:45,382 - root - INFO - rec train loss:0.0262, kg train loss:0.0240!
2021-03-06 06:37:46,487 - root - INFO - f1:0.3137, p:0.3720, r:0.3669, hit:0.8802, ndcg:0.7294, topn:10.
2021-03-06 06:37:47,678 - root - INFO - f1:0.3215, p:0.5192, r:0.2945, hit:0.9417, ndcg:0.8196, topn:10.
2021-03-06 06:37:48,317 - root - INFO - head hit:0.4669, head mean rank:231.3795, topn:10.
2021-03-06 06:37:48,317 - root - INFO - tail hit:0.8614, tail mean rank:3.9488, topn:10.
2021-03-06 06:37:48,318 - root - INFO - avg hit:0.6642, avg mean rank:117.6642, topn:10.
2021-03-06 06:37:49,233 - root - INFO - head hit:0.4936, head mean rank:214.0429, topn:10.
2021-03-06 06:37:49,233 - root - INFO - tail hit:0.8698, tail mean rank:3.9213, topn:10.
2021-03-06 06:37:49,234 - root - INFO - avg hit:0.6817, avg mean rank:108.9821, topn:10.
2021-03-06 06:37:49,235 - root - INFO - Checkpointing ...
2021-03-06 06:38:54,327 - root - INFO - rec train loss:0.0261, kg train loss:0.0239!
2021-03-06 06:38:55,482 - root - INFO - f1:0.3140, p:0.3726, r:0.3661, hit:0.8802, ndcg:0.7292, topn:10.
2021-03-06 06:38:56,568 - root - INFO - f1:0.3226, p:0.5201, r:0.2963, hit:0.9406, ndcg:0.8198, topn:10.
2021-03-06 06:38:57,211 - root - INFO - head hit:0.4608, head mean rank:228.9819, topn:10.
2021-03-06 06:38:57,211 - root - INFO - tail hit:0.8825, tail mean rank:3.6265, topn:10.
2021-03-06 06:38:57,211 - root - INFO - avg hit:0.6717, avg mean rank:116.3042, topn:10.
2021-03-06 06:38:58,016 - root - INFO - head hit:0.5007, head mean rank:211.9886, topn:10.
2021-03-06 06:38:58,016 - root - INFO - tail hit:0.8770, tail mean rank:3.6094, topn:10.
2021-03-06 06:38:58,016 - root - INFO - avg hit:0.6888, avg mean rank:107.7990, topn:10.
2021-03-06 06:38:58,017 - root - INFO - Checkpointing ...
2021-03-06 06:40:02,956 - root - INFO - rec train loss:0.0259, kg train loss:0.0239!
2021-03-06 06:40:04,041 - root - INFO - f1:0.3155, p:0.3747, r:0.3669, hit:0.8802, ndcg:0.7327, topn:10.
2021-03-06 06:40:05,145 - root - INFO - f1:0.3225, p:0.5207, r:0.2954, hit:0.9427, ndcg:0.8199, topn:10.
2021-03-06 06:40:05,784 - root - INFO - head hit:0.4789, head mean rank:227.1446, topn:10.
2021-03-06 06:40:05,785 - root - INFO - tail hit:0.8705, tail mean rank:3.6867, topn:10.
2021-03-06 06:40:05,785 - root - INFO - avg hit:0.6747, avg mean rank:115.4157, topn:10.
2021-03-06 06:40:06,788 - root - INFO - head hit:0.4950, head mean rank:211.2661, topn:10.
2021-03-06 06:40:06,788 - root - INFO - tail hit:0.8741, tail mean rank:3.7582, topn:10.
2021-03-06 06:40:06,789 - root - INFO - avg hit:0.6845, avg mean rank:107.5122, topn:10.
2021-03-06 06:40:06,790 - root - INFO - Checkpointing ...
2021-03-06 06:41:11,561 - root - INFO - rec train loss:0.0259, kg train loss:0.0238!
2021-03-06 06:41:12,675 - root - INFO - f1:0.3153, p:0.3744, r:0.3682, hit:0.8802, ndcg:0.7347, topn:10.
2021-03-06 06:41:13,797 - root - INFO - f1:0.3240, p:0.5225, r:0.2968, hit:0.9438, ndcg:0.8204, topn:10.
2021-03-06 06:41:14,456 - root - INFO - head hit:0.4699, head mean rank:221.1114, topn:10.
2021-03-06 06:41:14,456 - root - INFO - tail hit:0.8645, tail mean rank:3.9548, topn:10.
2021-03-06 06:41:14,456 - root - INFO - avg hit:0.6672, avg mean rank:112.5331, topn:10.
2021-03-06 06:41:15,370 - root - INFO - head hit:0.5036, head mean rank:209.2904, topn:10.
2021-03-06 06:41:15,370 - root - INFO - tail hit:0.8641, tail mean rank:4.1402, topn:10.
2021-03-06 06:41:15,370 - root - INFO - avg hit:0.6838, avg mean rank:106.7153, topn:10.
2021-03-06 06:41:15,371 - root - INFO - No improvement after one epoch. Lowering learning rate.
2021-03-06 06:42:20,267 - root - INFO - rec train loss:0.0146, kg train loss:0.0124!
2021-03-06 06:42:21,352 - root - INFO - f1:0.3155, p:0.3747, r:0.3686, hit:0.8812, ndcg:0.7351, topn:10.
2021-03-06 06:42:22,503 - root - INFO - f1:0.3238, p:0.5226, r:0.2966, hit:0.9427, ndcg:0.8204, topn:10.
2021-03-06 06:42:23,075 - root - INFO - head hit:0.4759, head mean rank:222.0783, topn:10.
2021-03-06 06:42:23,075 - root - INFO - tail hit:0.8705, tail mean rank:3.7078, topn:10.
2021-03-06 06:42:23,076 - root - INFO - avg hit:0.6732, avg mean rank:112.8931, topn:10.
2021-03-06 06:42:23,941 - root - INFO - head hit:0.5050, head mean rank:210.7725, topn:10.
2021-03-06 06:42:23,941 - root - INFO - tail hit:0.8627, tail mean rank:3.9242, topn:10.
2021-03-06 06:42:23,941 - root - INFO - avg hit:0.6838, avg mean rank:107.3484, topn:10.
2021-03-06 06:42:23,942 - root - INFO - Checkpointing ...
2021-03-06 06:43:29,162 - root - INFO - rec train loss:0.0146, kg train loss:0.0124!
2021-03-06 06:43:30,249 - root - INFO - f1:0.3155, p:0.3749, r:0.3679, hit:0.8823, ndcg:0.7356, topn:10.
2021-03-06 06:43:31,383 - root - INFO - f1:0.3232, p:0.5221, r:0.2960, hit:0.9417, ndcg:0.8201, topn:10.
2021-03-06 06:43:32,071 - root - INFO - head hit:0.4699, head mean rank:222.6566, topn:10.
2021-03-06 06:43:32,072 - root - INFO - tail hit:0.8735, tail mean rank:3.7349, topn:10.
2021-03-06 06:43:32,072 - root - INFO - avg hit:0.6717, avg mean rank:113.1958, topn:10.
2021-03-06 06:43:33,032 - root - INFO - head hit:0.5021, head mean rank:211.4192, topn:10.
2021-03-06 06:43:33,033 - root - INFO - tail hit:0.8655, tail mean rank:3.9127, topn:10.
2021-03-06 06:43:33,033 - root - INFO - avg hit:0.6838, avg mean rank:107.6660, topn:10.
2021-03-06 06:43:33,034 - root - INFO - Checkpointing ...
2021-03-06 06:44:38,291 - root - INFO - rec train loss:0.0145, kg train loss:0.0123!
2021-03-06 06:44:39,323 - root - INFO - f1:0.3158, p:0.3752, r:0.3677, hit:0.8812, ndcg:0.7351, topn:10.
2021-03-06 06:44:40,434 - root - INFO - f1:0.3240, p:0.5231, r:0.2967, hit:0.9417, ndcg:0.8214, topn:10.
2021-03-06 06:44:41,016 - root - INFO - head hit:0.4639, head mean rank:223.2470, topn:10.
2021-03-06 06:44:41,017 - root - INFO - tail hit:0.8705, tail mean rank:3.7500, topn:10.
2021-03-06 06:44:41,017 - root - INFO - avg hit:0.6672, avg mean rank:113.4985, topn:10.
2021-03-06 06:44:41,822 - root - INFO - head hit:0.5050, head mean rank:211.4235, topn:10.
2021-03-06 06:44:41,823 - root - INFO - tail hit:0.8670, tail mean rank:3.8770, topn:10.
2021-03-06 06:44:41,823 - root - INFO - avg hit:0.6860, avg mean rank:107.6502, topn:10.
2021-03-06 06:44:41,823 - root - INFO - Checkpointing ...
2021-03-06 06:45:46,830 - root - INFO - rec train loss:0.0145, kg train loss:0.0124!
2021-03-06 06:45:47,936 - root - INFO - f1:0.3162, p:0.3760, r:0.3678, hit:0.8802, ndcg:0.7351, topn:10.
2021-03-06 06:45:49,019 - root - INFO - f1:0.3253, p:0.5245, r:0.2981, hit:0.9427, ndcg:0.8220, topn:10.
2021-03-06 06:45:49,624 - root - INFO - head hit:0.4669, head mean rank:223.1747, topn:10.
2021-03-06 06:45:49,625 - root - INFO - tail hit:0.8705, tail mean rank:3.7349, topn:10.
2021-03-06 06:45:49,625 - root - INFO - avg hit:0.6687, avg mean rank:113.4548, topn:10.
2021-03-06 06:45:50,520 - root - INFO - head hit:0.5021, head mean rank:211.2876, topn:10.
2021-03-06 06:45:50,520 - root - INFO - tail hit:0.8655, tail mean rank:3.8541, topn:10.
2021-03-06 06:45:50,520 - root - INFO - avg hit:0.6838, avg mean rank:107.5708, topn:10.
2021-03-06 06:45:50,521 - root - INFO - Checkpointing ...
2021-03-06 06:46:55,116 - root - INFO - rec train loss:0.0145, kg train loss:0.0123!
2021-03-06 06:46:56,228 - root - INFO - f1:0.3162, p:0.3758, r:0.3680, hit:0.8812, ndcg:0.7385, topn:10.
2021-03-06 06:46:57,317 - root - INFO - f1:0.3256, p:0.5247, r:0.2984, hit:0.9406, ndcg:0.8218, topn:10.
2021-03-06 06:46:57,915 - root - INFO - head hit:0.4669, head mean rank:224.4699, topn:10.
2021-03-06 06:46:57,916 - root - INFO - tail hit:0.8765, tail mean rank:3.5753, topn:10.
2021-03-06 06:46:57,916 - root - INFO - avg hit:0.6717, avg mean rank:114.0226, topn:10.
2021-03-06 06:46:58,910 - root - INFO - head hit:0.5064, head mean rank:211.5451, topn:10.
2021-03-06 06:46:58,910 - root - INFO - tail hit:0.8684, tail mean rank:3.7096, topn:10.
2021-03-06 06:46:58,910 - root - INFO - avg hit:0.6874, avg mean rank:107.6273, topn:10.
2021-03-06 06:46:58,911 - root - INFO - No improvement after one epoch. Lowering learning rate.
2021-03-06 06:48:04,129 - root - INFO - rec train loss:0.0088, kg train loss:0.0066!
2021-03-06 06:48:05,446 - root - INFO - f1:0.3166, p:0.3762, r:0.3687, hit:0.8812, ndcg:0.7379, topn:10.
2021-03-06 06:48:06,594 - root - INFO - f1:0.3260, p:0.5250, r:0.2991, hit:0.9427, ndcg:0.8214, topn:10.
2021-03-06 06:48:07,202 - root - INFO - head hit:0.4608, head mean rank:224.4157, topn:10.
2021-03-06 06:48:07,202 - root - INFO - tail hit:0.8765, tail mean rank:3.6024, topn:10.
2021-03-06 06:48:07,202 - root - INFO - avg hit:0.6687, avg mean rank:114.0090, topn:10.
2021-03-06 06:48:08,150 - root - INFO - head hit:0.5036, head mean rank:211.6652, topn:10.
2021-03-06 06:48:08,150 - root - INFO - tail hit:0.8684, tail mean rank:3.6838, topn:10.
2021-03-06 06:48:08,150 - root - INFO - avg hit:0.6860, avg mean rank:107.6745, topn:10.
2021-03-06 06:48:08,151 - root - INFO - Checkpointing ...
2021-03-06 06:49:12,778 - root - INFO - rec train loss:0.0088, kg train loss:0.0066!
2021-03-06 06:49:13,931 - root - INFO - f1:0.3169, p:0.3762, r:0.3693, hit:0.8823, ndcg:0.7376, topn:10.
2021-03-06 06:49:15,059 - root - INFO - f1:0.3259, p:0.5249, r:0.2988, hit:0.9417, ndcg:0.8212, topn:10.
2021-03-06 06:49:15,669 - root - INFO - head hit:0.4578, head mean rank:224.4910, topn:10.
2021-03-06 06:49:15,670 - root - INFO - tail hit:0.8765, tail mean rank:3.5873, topn:10.
2021-03-06 06:49:15,670 - root - INFO - avg hit:0.6672, avg mean rank:114.0392, topn:10.
2021-03-06 06:49:16,544 - root - INFO - head hit:0.5036, head mean rank:211.5665, topn:10.
2021-03-06 06:49:16,544 - root - INFO - tail hit:0.8698, tail mean rank:3.6824, topn:10.
2021-03-06 06:49:16,544 - root - INFO - avg hit:0.6867, avg mean rank:107.6245, topn:10.
2021-03-06 06:49:16,545 - root - INFO - Checkpointing ...
2021-03-06 06:50:21,767 - root - INFO - rec train loss:0.0088, kg train loss:0.0066!
2021-03-06 06:50:22,925 - root - INFO - f1:0.3168, p:0.3765, r:0.3687, hit:0.8834, ndcg:0.7379, topn:10.
2021-03-06 06:50:24,101 - root - INFO - f1:0.3261, p:0.5252, r:0.2990, hit:0.9417, ndcg:0.8211, topn:10.
2021-03-06 06:50:24,732 - root - INFO - head hit:0.4608, head mean rank:224.5211, topn:10.
2021-03-06 06:50:24,732 - root - INFO - tail hit:0.8765, tail mean rank:3.6054, topn:10.
2021-03-06 06:50:24,732 - root - INFO - avg hit:0.6687, avg mean rank:114.0633, topn:10.
2021-03-06 06:50:25,654 - root - INFO - head hit:0.5050, head mean rank:211.4950, topn:10.
2021-03-06 06:50:25,654 - root - INFO - tail hit:0.8670, tail mean rank:3.7010, topn:10.
2021-03-06 06:50:25,654 - root - INFO - avg hit:0.6860, avg mean rank:107.5980, topn:10.
2021-03-06 06:50:25,655 - root - INFO - No improvement after one epoch. Lowering learning rate.
2021-03-06 06:51:30,343 - root - INFO - rec train loss:0.0061, kg train loss:0.0037!
2021-03-06 06:51:31,443 - root - INFO - f1:0.3167, p:0.3765, r:0.3686, hit:0.8834, ndcg:0.7387, topn:10.
2021-03-06 06:51:32,523 - root - INFO - f1:0.3258, p:0.5250, r:0.2988, hit:0.9417, ndcg:0.8215, topn:10.
2021-03-06 06:51:33,071 - root - INFO - head hit:0.4608, head mean rank:224.5873, topn:10.
2021-03-06 06:51:33,071 - root - INFO - tail hit:0.8765, tail mean rank:3.6054, topn:10.
2021-03-06 06:51:33,071 - root - INFO - avg hit:0.6687, avg mean rank:114.0964, topn:10.
2021-03-06 06:51:33,970 - root - INFO - head hit:0.5064, head mean rank:211.6237, topn:10.
2021-03-06 06:51:33,971 - root - INFO - tail hit:0.8684, tail mean rank:3.7010, topn:10.
2021-03-06 06:51:33,971 - root - INFO - avg hit:0.6874, avg mean rank:107.6624, topn:10.
2021-03-06 06:51:33,972 - root - INFO - No improvement after one epoch. Lowering learning rate.
2021-03-06 06:52:39,483 - root - INFO - rec train loss:0.0045, kg train loss:0.0023!
2021-03-06 06:52:40,629 - root - INFO - f1:0.3169, p:0.3766, r:0.3696, hit:0.8844, ndcg:0.7390, topn:10.
2021-03-06 06:52:41,761 - root - INFO - f1:0.3258, p:0.5250, r:0.2988, hit:0.9417, ndcg:0.8217, topn:10.
2021-03-06 06:52:42,411 - root - INFO - head hit:0.4608, head mean rank:224.5964, topn:10.
2021-03-06 06:52:42,412 - root - INFO - tail hit:0.8765, tail mean rank:3.5994, topn:10.
2021-03-06 06:52:42,412 - root - INFO - avg hit:0.6687, avg mean rank:114.0979, topn:10.
2021-03-06 06:52:43,355 - root - INFO - head hit:0.5064, head mean rank:211.5837, topn:10.
2021-03-06 06:52:43,356 - root - INFO - tail hit:0.8670, tail mean rank:3.6910, topn:10.
2021-03-06 06:52:43,356 - root - INFO - avg hit:0.6867, avg mean rank:107.6373, topn:10.
2021-03-06 06:52:43,357 - root - INFO - Checkpointing ...
2021-03-06 06:53:48,517 - root - INFO - rec train loss:0.0045, kg train loss:0.0022!
2021-03-06 06:53:49,662 - root - INFO - f1:0.3170, p:0.3766, r:0.3697, hit:0.8844, ndcg:0.7388, topn:10.
2021-03-06 06:53:50,661 - root - INFO - f1:0.3261, p:0.5252, r:0.2990, hit:0.9417, ndcg:0.8215, topn:10.
2021-03-06 06:53:51,256 - root - INFO - head hit:0.4608, head mean rank:224.6235, topn:10.
2021-03-06 06:53:51,257 - root - INFO - tail hit:0.8765, tail mean rank:3.6054, topn:10.
2021-03-06 06:53:51,257 - root - INFO - avg hit:0.6687, avg mean rank:114.1145, topn:10.
2021-03-06 06:53:52,167 - root - INFO - head hit:0.5064, head mean rank:211.6323, topn:10.
2021-03-06 06:53:52,168 - root - INFO - tail hit:0.8670, tail mean rank:3.6896, topn:10.
2021-03-06 06:53:52,168 - root - INFO - avg hit:0.6867, avg mean rank:107.6609, topn:10.
2021-03-06 06:53:52,169 - root - INFO - Checkpointing ...
2021-03-06 06:54:57,211 - root - INFO - rec train loss:0.0046, kg train loss:0.0022!
2021-03-06 06:54:58,383 - root - INFO - f1:0.3170, p:0.3766, r:0.3697, hit:0.8844, ndcg:0.7390, topn:10.
2021-03-06 06:54:59,488 - root - INFO - f1:0.3260, p:0.5252, r:0.2989, hit:0.9417, ndcg:0.8213, topn:10.
2021-03-06 06:55:00,120 - root - INFO - head hit:0.4608, head mean rank:224.6235, topn:10.
2021-03-06 06:55:00,120 - root - INFO - tail hit:0.8765, tail mean rank:3.6054, topn:10.
2021-03-06 06:55:00,120 - root - INFO - avg hit:0.6687, avg mean rank:114.1145, topn:10.
2021-03-06 06:55:01,095 - root - INFO - head hit:0.5064, head mean rank:211.6495, topn:10.
2021-03-06 06:55:01,095 - root - INFO - tail hit:0.8670, tail mean rank:3.6924, topn:10.
2021-03-06 06:55:01,096 - root - INFO - avg hit:0.6867, avg mean rank:107.6710, topn:10.
2021-03-06 06:55:01,096 - root - INFO - No improvement after one epoch. Lowering learning rate.
2021-03-06 06:56:06,584 - root - INFO - rec train loss:0.0039, kg train loss:0.0015!
2021-03-06 06:56:07,768 - root - INFO - f1:0.3170, p:0.3766, r:0.3697, hit:0.8844, ndcg:0.7392, topn:10.
2021-03-06 06:56:08,932 - root - INFO - f1:0.3260, p:0.5252, r:0.2990, hit:0.9417, ndcg:0.8213, topn:10.
2021-03-06 06:56:09,531 - root - INFO - head hit:0.4608, head mean rank:224.5873, topn:10.
2021-03-06 06:56:09,532 - root - INFO - tail hit:0.8765, tail mean rank:3.6054, topn:10.
2021-03-06 06:56:09,532 - root - INFO - avg hit:0.6687, avg mean rank:114.0964, topn:10.
2021-03-06 06:56:10,431 - root - INFO - head hit:0.5064, head mean rank:211.6767, topn:10.
2021-03-06 06:56:10,432 - root - INFO - tail hit:0.8670, tail mean rank:3.6953, topn:10.
2021-03-06 06:56:10,432 - root - INFO - avg hit:0.6867, avg mean rank:107.6860, topn:10.
2021-03-06 06:56:10,433 - root - INFO - No improvement after one epoch. Lowering learning rate.
2021-03-06 06:57:15,150 - root - INFO - rec train loss:0.0035, kg train loss:0.0012!
2021-03-06 06:57:16,229 - root - INFO - f1:0.3172, p:0.3768, r:0.3700, hit:0.8844, ndcg:0.7391, topn:10.
2021-03-06 06:57:17,363 - root - INFO - f1:0.3261, p:0.5255, r:0.2990, hit:0.9417, ndcg:0.8214, topn:10.
2021-03-06 06:57:17,986 - root - INFO - head hit:0.4608, head mean rank:224.5813, topn:10.
2021-03-06 06:57:17,986 - root - INFO - tail hit:0.8765, tail mean rank:3.6054, topn:10.
2021-03-06 06:57:17,986 - root - INFO - avg hit:0.6687, avg mean rank:114.0934, topn:10.
2021-03-06 06:57:18,916 - root - INFO - head hit:0.5064, head mean rank:211.6724, topn:10.
2021-03-06 06:57:18,916 - root - INFO - tail hit:0.8670, tail mean rank:3.6910, topn:10.
2021-03-06 06:57:18,916 - root - INFO - avg hit:0.6867, avg mean rank:107.6817, topn:10.
2021-03-06 06:57:18,917 - root - INFO - Checkpointing ...
2021-03-06 06:58:23,751 - root - INFO - rec train loss:0.0035, kg train loss:0.0011!
2021-03-06 06:58:24,833 - root - INFO - f1:0.3171, p:0.3767, r:0.3698, hit:0.8844, ndcg:0.7394, topn:10.
2021-03-06 06:58:25,949 - root - INFO - f1:0.3261, p:0.5255, r:0.2990, hit:0.9417, ndcg:0.8216, topn:10.
2021-03-06 06:58:26,576 - root - INFO - head hit:0.4608, head mean rank:224.5843, topn:10.
2021-03-06 06:58:26,576 - root - INFO - tail hit:0.8765, tail mean rank:3.6054, topn:10.
2021-03-06 06:58:26,577 - root - INFO - avg hit:0.6687, avg mean rank:114.0949, topn:10.
2021-03-06 06:58:27,508 - root - INFO - head hit:0.5064, head mean rank:211.6710, topn:10.
2021-03-06 06:58:27,508 - root - INFO - tail hit:0.8670, tail mean rank:3.6924, topn:10.
2021-03-06 06:58:27,508 - root - INFO - avg hit:0.6867, avg mean rank:107.6817, topn:10.
2021-03-06 06:58:27,509 - root - INFO - No improvement after one epoch. Lowering learning rate.
2021-03-06 06:59:32,599 - root - INFO - rec train loss:0.0033, kg train loss:0.0010!
2021-03-06 06:59:33,751 - root - INFO - f1:0.3172, p:0.3768, r:0.3700, hit:0.8844, ndcg:0.7394, topn:10.
2021-03-06 06:59:34,791 - root - INFO - f1:0.3261, p:0.5255, r:0.2990, hit:0.9417, ndcg:0.8217, topn:10.
2021-03-06 06:59:35,384 - root - INFO - head hit:0.4608, head mean rank:224.5934, topn:10.
2021-03-06 06:59:35,384 - root - INFO - tail hit:0.8765, tail mean rank:3.6054, topn:10.
2021-03-06 06:59:35,384 - root - INFO - avg hit:0.6687, avg mean rank:114.0994, topn:10.
2021-03-06 06:59:36,228 - root - INFO - head hit:0.5064, head mean rank:211.6867, topn:10.
2021-03-06 06:59:36,229 - root - INFO - tail hit:0.8670, tail mean rank:3.6924, topn:10.
2021-03-06 06:59:36,229 - root - INFO - avg hit:0.6867, avg mean rank:107.6896, topn:10.
2021-03-06 06:59:36,230 - root - INFO - No improvement after one epoch. Lowering learning rate.
2021-03-06 07:00:40,470 - root - INFO - rec train loss:0.0033, kg train loss:0.0009!
2021-03-06 07:00:41,582 - root - INFO - f1:0.3172, p:0.3768, r:0.3699, hit:0.8844, ndcg:0.7394, topn:10.
2021-03-06 07:00:42,872 - root - INFO - f1:0.3261, p:0.5253, r:0.2990, hit:0.9417, ndcg:0.8217, topn:10.
2021-03-06 07:00:43,477 - root - INFO - head hit:0.4608, head mean rank:224.5964, topn:10.
2021-03-06 07:00:43,478 - root - INFO - tail hit:0.8765, tail mean rank:3.6054, topn:10.
2021-03-06 07:00:43,478 - root - INFO - avg hit:0.6687, avg mean rank:114.1009, topn:10.
2021-03-06 07:00:44,384 - root - INFO - head hit:0.5064, head mean rank:211.6910, topn:10.
2021-03-06 07:00:44,384 - root - INFO - tail hit:0.8670, tail mean rank:3.6924, topn:10.
2021-03-06 07:00:44,384 - root - INFO - avg hit:0.6867, avg mean rank:107.6917, topn:10.
2021-03-06 07:00:44,385 - root - INFO - No improvement after one epoch. Lowering learning rate.
2021-03-06 07:01:47,555 - root - INFO - rec train loss:0.0032, kg train loss:0.0008!
2021-03-06 07:01:48,697 - root - INFO - f1:0.3171, p:0.3767, r:0.3698, hit:0.8844, ndcg:0.7394, topn:10.
2021-03-06 07:01:49,844 - root - INFO - f1:0.3261, p:0.5253, r:0.2990, hit:0.9417, ndcg:0.8216, topn:10.
2021-03-06 07:01:50,510 - root - INFO - head hit:0.4608, head mean rank:224.5964, topn:10.
2021-03-06 07:01:50,510 - root - INFO - tail hit:0.8765, tail mean rank:3.6054, topn:10.
2021-03-06 07:01:50,510 - root - INFO - avg hit:0.6687, avg mean rank:114.1009, topn:10.
2021-03-06 07:01:51,499 - root - INFO - head hit:0.5064, head mean rank:211.6938, topn:10.
2021-03-06 07:01:51,499 - root - INFO - tail hit:0.8670, tail mean rank:3.6924, topn:10.
2021-03-06 07:01:51,500 - root - INFO - avg hit:0.6867, avg mean rank:107.6931, topn:10.
2021-03-06 07:01:51,500 - root - INFO - No improvement after one epoch. Lowering learning rate.
2021-03-06 07:02:55,769 - root - INFO - rec train loss:0.0032, kg train loss:0.0008!
2021-03-06 07:02:56,912 - root - INFO - f1:0.3171, p:0.3767, r:0.3698, hit:0.8844, ndcg:0.7394, topn:10.
2021-03-06 07:02:58,067 - root - INFO - f1:0.3261, p:0.5253, r:0.2990, hit:0.9417, ndcg:0.8217, topn:10.
2021-03-06 07:02:58,671 - root - INFO - head hit:0.4608, head mean rank:224.6024, topn:10.
2021-03-06 07:02:58,672 - root - INFO - tail hit:0.8765, tail mean rank:3.6054, topn:10.
2021-03-06 07:02:58,672 - root - INFO - avg hit:0.6687, avg mean rank:114.1039, topn:10.
2021-03-06 07:02:59,576 - root - INFO - head hit:0.5064, head mean rank:211.6953, topn:10.
2021-03-06 07:02:59,576 - root - INFO - tail hit:0.8670, tail mean rank:3.6924, topn:10.
2021-03-06 07:02:59,576 - root - INFO - avg hit:0.6867, avg mean rank:107.6938, topn:10.
2021-03-06 07:02:59,577 - root - INFO - No improvement after one epoch. Lowering learning rate.
2021-03-06 07:02:59,592 - root - INFO - No improvement after 51960 steps. Stopping training.
2021-03-06 07:03:01,070 - root - INFO - From CaseRecommender evaluator: {'PREC@10': 0.37667, 'RECALL@10': 0.369846, 'NDCG@10': 0.739404, 'MAP@10': 0.669231, 'MAP': 0.669231}.
2021-03-06 07:03:01,277 - root - INFO - From kg-summ-rec diversity evaluator: {'GENRE_COVERAGE@10': 0.45418, 'GENRE_REDUNDANCY@10': 0.416186, 'ILD_GENRE@10': 0.791653}.
2021-03-06 07:03:02,942 - root - INFO - From CaseRecommender evaluator: {'PREC@10': 0.525345, 'RECALL@10': 0.298965, 'NDCG@10': 0.821734, 'MAP@10': 0.75763, 'MAP': 0.75763}.
2021-03-06 07:03:03,150 - root - INFO - From kg-summ-rec diversity evaluator: {'GENRE_COVERAGE@10': 0.446934, 'GENRE_REDUNDANCY@10': 0.412789, 'ILD_GENRE@10': 0.790356}.
