2021-03-06 02:46:18,900 - root - INFO - Flag Values:
{
    "L1_flag": true,
    "batch_size": 256,
    "ckpt_path": "/home/juarez/git/results/JIIS-revised-exp1/ml-sun_ho_sfKG_ig-sv-complex-75/",
    "clipping_max_value": 5.0,
    "data_path": "/home/juarez/git/datasets/JIIS-revised-exp1/ml-sun_ho_sfKG_ig-sv-complex-75/cao-format/",
    "dataset": "ml1m",
    "early_stopping_steps_to_wait": 51960,
    "embedding_size": 100,
    "eval_interval_steps": 10392,
    "eval_only_mode": false,
    "experiment_name": "ml1m-cke-1615009578",
    "filter_wrong_corrupted": true,
    "has_visualization": false,
    "is_report": false,
    "joint_ratio": 0.5,
    "kg_lambda": 1.0,
    "kg_test_files": "valid.dat:test.dat",
    "l2_lambda": 0.0,
    "learning_rate": 0.005,
    "learning_rate_decay_when_no_progress": 0.5,
    "load_ckpt_file": "/home/juarez/git/results/JIIS-revised-exp1/ml-sun_ho_sfKG_ig-sv-complex-75/ml1m-bprmf-pretrained.ckpt:/home/juarez/git/results/JIIS-revised-exp1/ml-sun_ho_sfKG_ig-sv-complex-75/ml1m-transe-pretrained.ckpt",
    "load_experiment_name": null,
    "log_level": "debug",
    "log_path": "/home/juarez/git/results/JIIS-revised-exp1/ml-sun_ho_sfKG_ig-sv-complex-75/",
    "margin": 1.0,
    "max_queue": 10,
    "model_type": "cke",
    "momentum": 0.9,
    "negtive_samples": 1,
    "norm_lambda": 1.0,
    "num_preferences": 4,
    "num_processes": 4,
    "optimizer_type": "Adam",
    "rec_test_files": "valid.dat:test.dat",
    "seed": 0,
    "share_embeddings": false,
    "topn": 10,
    "training_steps": 1039200,
    "use_st_gumbel": true,
    "visualization_port": 8097
}
2021-03-06 02:46:19,142 - root - INFO - Totally 69982 train ratings, 9998,19995 eval ratings in files: /home/juarez/git/datasets/JIIS-revised-exp1/ml-sun_ho_sfKG_ig-sv-complex-75/cao-format/ml1m/valid.dat;/home/juarez/git/datasets/JIIS-revised-exp1/ml-sun_ho_sfKG_ig-sv-complex-75/cao-format/ml1m/test.dat!
2021-03-06 02:46:19,145 - root - INFO - successfully load 943 users and 1675 items!
2021-03-06 02:46:19,238 - root - INFO - Totally 2962 train triples, 332,699 eval triples in files: /home/juarez/git/datasets/JIIS-revised-exp1/ml-sun_ho_sfKG_ig-sv-complex-75/cao-format/ml1m/kg/valid.dat;/home/juarez/git/datasets/JIIS-revised-exp1/ml-sun_ho_sfKG_ig-sv-complex-75/cao-format/ml1m/kg/test.dat!
2021-03-06 02:46:19,240 - root - INFO - successfully load 1575 entities and 3 relations!
2021-03-06 02:46:19,248 - root - INFO - Find 1529 aligned items and entities!
2021-03-06 02:46:19,248 - root - INFO - Building model.
2021-03-06 02:46:20,546 - root - INFO - Architecture: CKE(
  (user_embeddings): Embedding(943, 100)
  (item_embeddings): Embedding(1675, 100)
  (ent_embeddings): Embedding(1576, 100, padding_idx=1575)
  (rel_embeddings): Embedding(3, 100)
  (proj_embeddings): Embedding(3, 10000)
)
2021-03-06 02:46:20,546 - root - INFO - Total params: 449700.0
2021-03-06 02:46:20,547 - root - INFO - One epoch is 547 steps.
2021-03-06 02:46:20,547 - root - INFO - Found checkpoint, restoring pre-trained embeddings.
2021-03-06 02:46:20,550 - root - INFO - Load Embeddings of user_embeddings.weight, item_embeddings.weight from /home/juarez/git/results/JIIS-revised-exp1/ml-sun_ho_sfKG_ig-sv-complex-75/ml1m-bprmf-pretrained.ckpt.
2021-03-06 02:46:20,550 - root - INFO - Found checkpoint, restoring pre-trained embeddings.
2021-03-06 02:46:20,552 - root - INFO - Restored 1575 entities from checkpoint.
2021-03-06 02:46:20,552 - root - INFO - Load Embeddings of ent_embeddings.weight, rel_embeddings.weight from /home/juarez/git/results/JIIS-revised-exp1/ml-sun_ho_sfKG_ig-sv-complex-75/ml1m-transe-pretrained.ckpt.
2021-03-06 02:46:20,552 - root - INFO - Training.
2021-03-06 02:46:20,553 - root - INFO - rec train loss:0.0000, kg train loss:0.0000!
2021-03-06 02:46:21,563 - root - INFO - f1:0.0000, p:0.0000, r:0.0000, hit:0.0000, ndcg:0.0000, topn:10.
2021-03-06 02:46:22,584 - root - INFO - f1:0.0002, p:0.0003, r:0.0002, hit:0.0032, ndcg:0.0012, topn:10.
2021-03-06 02:46:23,322 - root - INFO - head hit:0.0211, head mean rank:576.2349, topn:10.
2021-03-06 02:46:23,323 - root - INFO - tail hit:0.0000, tail mean rank:750.2651, topn:10.
2021-03-06 02:46:23,323 - root - INFO - avg hit:0.0105, avg mean rank:663.2500, topn:10.
2021-03-06 02:46:24,306 - root - INFO - head hit:0.0029, head mean rank:586.7911, topn:10.
2021-03-06 02:46:24,307 - root - INFO - tail hit:0.0000, tail mean rank:747.1617, topn:10.
2021-03-06 02:46:24,307 - root - INFO - avg hit:0.0014, avg mean rank:666.9764, topn:10.
2021-03-06 02:49:02,019 - root - INFO - rec train loss:3.3177, kg train loss:15.0188!
2021-03-06 02:49:03,080 - root - INFO - f1:0.1944, p:0.2288, r:0.2339, hit:0.7805, ndcg:0.5515, topn:10.
2021-03-06 02:49:04,155 - root - INFO - f1:0.2144, p:0.3536, r:0.2010, hit:0.8844, ndcg:0.6600, topn:10.
2021-03-06 02:49:04,801 - root - INFO - head hit:0.1536, head mean rank:340.8464, topn:10.
2021-03-06 02:49:04,801 - root - INFO - tail hit:0.0512, tail mean rank:291.1446, topn:10.
2021-03-06 02:49:04,802 - root - INFO - avg hit:0.1024, avg mean rank:315.9955, topn:10.
2021-03-06 02:49:05,744 - root - INFO - head hit:0.1388, head mean rank:349.5808, topn:10.
2021-03-06 02:49:05,745 - root - INFO - tail hit:0.0587, tail mean rank:313.8498, topn:10.
2021-03-06 02:49:05,745 - root - INFO - avg hit:0.0987, avg mean rank:331.7153, topn:10.
2021-03-06 02:49:05,746 - root - INFO - Checkpointing ...
2021-03-06 02:51:46,820 - root - INFO - rec train loss:2.6303, kg train loss:11.8029!
2021-03-06 02:51:47,919 - root - INFO - f1:0.2113, p:0.2526, r:0.2529, hit:0.7996, ndcg:0.5905, topn:10.
2021-03-06 02:51:49,022 - root - INFO - f1:0.2331, p:0.3842, r:0.2163, hit:0.8971, ndcg:0.6799, topn:10.
2021-03-06 02:51:49,664 - root - INFO - head hit:0.1476, head mean rank:350.0452, topn:10.
2021-03-06 02:51:49,664 - root - INFO - tail hit:0.0843, tail mean rank:255.6506, topn:10.
2021-03-06 02:51:49,664 - root - INFO - avg hit:0.1160, avg mean rank:302.8479, topn:10.
2021-03-06 02:51:50,715 - root - INFO - head hit:0.1059, head mean rank:358.4306, topn:10.
2021-03-06 02:51:50,716 - root - INFO - tail hit:0.0572, tail mean rank:296.2318, topn:10.
2021-03-06 02:51:50,716 - root - INFO - avg hit:0.0815, avg mean rank:327.3312, topn:10.
2021-03-06 02:51:50,717 - root - INFO - Checkpointing ...
2021-03-06 02:54:30,471 - root - INFO - rec train loss:2.7141, kg train loss:11.5837!
2021-03-06 02:54:31,571 - root - INFO - f1:0.2170, p:0.2619, r:0.2580, hit:0.7964, ndcg:0.6036, topn:10.
2021-03-06 02:54:32,671 - root - INFO - f1:0.2419, p:0.3998, r:0.2249, hit:0.9046, ndcg:0.7003, topn:10.
2021-03-06 02:54:33,363 - root - INFO - head hit:0.1114, head mean rank:412.8012, topn:10.
2021-03-06 02:54:33,363 - root - INFO - tail hit:0.0482, tail mean rank:292.3313, topn:10.
2021-03-06 02:54:33,363 - root - INFO - avg hit:0.0798, avg mean rank:352.5663, topn:10.
2021-03-06 02:54:34,267 - root - INFO - head hit:0.1388, head mean rank:347.2947, topn:10.
2021-03-06 02:54:34,268 - root - INFO - tail hit:0.0715, tail mean rank:290.3505, topn:10.
2021-03-06 02:54:34,268 - root - INFO - avg hit:0.1052, avg mean rank:318.8226, topn:10.
2021-03-06 02:54:34,269 - root - INFO - Checkpointing ...
2021-03-06 02:57:11,725 - root - INFO - rec train loss:2.6344, kg train loss:11.4645!
2021-03-06 02:57:12,840 - root - INFO - f1:0.2258, p:0.2726, r:0.2662, hit:0.7964, ndcg:0.6076, topn:10.
2021-03-06 02:57:14,202 - root - INFO - f1:0.2506, p:0.4151, r:0.2309, hit:0.9035, ndcg:0.7178, topn:10.
2021-03-06 02:57:14,802 - root - INFO - head hit:0.1024, head mean rank:384.0120, topn:10.
2021-03-06 02:57:14,802 - root - INFO - tail hit:0.0452, tail mean rank:316.0482, topn:10.
2021-03-06 02:57:14,802 - root - INFO - avg hit:0.0738, avg mean rank:350.0301, topn:10.
2021-03-06 02:57:15,802 - root - INFO - head hit:0.0858, head mean rank:383.0114, topn:10.
2021-03-06 02:57:15,802 - root - INFO - tail hit:0.0329, tail mean rank:355.1631, topn:10.
2021-03-06 02:57:15,802 - root - INFO - avg hit:0.0594, avg mean rank:369.0873, topn:10.
2021-03-06 02:57:15,803 - root - INFO - Checkpointing ...
2021-03-06 02:59:52,652 - root - INFO - rec train loss:2.7014, kg train loss:11.5539!
2021-03-06 02:59:53,653 - root - INFO - f1:0.2342, p:0.2805, r:0.2785, hit:0.8144, ndcg:0.6345, topn:10.
2021-03-06 02:59:54,717 - root - INFO - f1:0.2527, p:0.4207, r:0.2326, hit:0.9067, ndcg:0.7308, topn:10.
2021-03-06 02:59:55,331 - root - INFO - head hit:0.0783, head mean rank:368.9488, topn:10.
2021-03-06 02:59:55,332 - root - INFO - tail hit:0.0542, tail mean rank:275.3373, topn:10.
2021-03-06 02:59:55,332 - root - INFO - avg hit:0.0663, avg mean rank:322.1431, topn:10.
2021-03-06 02:59:56,270 - root - INFO - head hit:0.1187, head mean rank:380.5379, topn:10.
2021-03-06 02:59:56,270 - root - INFO - tail hit:0.0744, tail mean rank:308.1946, topn:10.
2021-03-06 02:59:56,270 - root - INFO - avg hit:0.0966, avg mean rank:344.3662, topn:10.
2021-03-06 02:59:56,271 - root - INFO - Checkpointing ...
2021-03-06 03:02:32,786 - root - INFO - rec train loss:2.6461, kg train loss:11.5610!
2021-03-06 03:02:33,836 - root - INFO - f1:0.2385, p:0.2873, r:0.2843, hit:0.8229, ndcg:0.6416, topn:10.
2021-03-06 03:02:34,927 - root - INFO - f1:0.2582, p:0.4288, r:0.2377, hit:0.9099, ndcg:0.7396, topn:10.
2021-03-06 03:02:35,560 - root - INFO - head hit:0.1054, head mean rank:367.0512, topn:10.
2021-03-06 03:02:35,560 - root - INFO - tail hit:0.0602, tail mean rank:267.7681, topn:10.
2021-03-06 03:02:35,560 - root - INFO - avg hit:0.0828, avg mean rank:317.4096, topn:10.
2021-03-06 03:02:36,522 - root - INFO - head hit:0.0858, head mean rank:398.5293, topn:10.
2021-03-06 03:02:36,522 - root - INFO - tail hit:0.0658, tail mean rank:308.3920, topn:10.
2021-03-06 03:02:36,522 - root - INFO - avg hit:0.0758, avg mean rank:353.4607, topn:10.
2021-03-06 03:02:36,523 - root - INFO - Checkpointing ...
2021-03-06 03:05:15,323 - root - INFO - rec train loss:2.6112, kg train loss:11.6399!
2021-03-06 03:05:16,439 - root - INFO - f1:0.2424, p:0.2899, r:0.2894, hit:0.8208, ndcg:0.6569, topn:10.
2021-03-06 03:05:17,472 - root - INFO - f1:0.2665, p:0.4393, r:0.2457, hit:0.9247, ndcg:0.7624, topn:10.
2021-03-06 03:05:18,110 - root - INFO - head hit:0.1265, head mean rank:375.1536, topn:10.
2021-03-06 03:05:18,111 - root - INFO - tail hit:0.0452, tail mean rank:284.6325, topn:10.
2021-03-06 03:05:18,111 - root - INFO - avg hit:0.0858, avg mean rank:329.8931, topn:10.
2021-03-06 03:05:19,072 - root - INFO - head hit:0.1259, head mean rank:381.5136, topn:10.
2021-03-06 03:05:19,072 - root - INFO - tail hit:0.0672, tail mean rank:304.4392, topn:10.
2021-03-06 03:05:19,072 - root - INFO - avg hit:0.0966, avg mean rank:342.9764, topn:10.
2021-03-06 03:05:19,073 - root - INFO - Checkpointing ...
2021-03-06 03:07:55,464 - root - INFO - rec train loss:2.5994, kg train loss:11.7181!
2021-03-06 03:07:56,592 - root - INFO - f1:0.2460, p:0.2945, r:0.2938, hit:0.8229, ndcg:0.6555, topn:10.
2021-03-06 03:07:57,651 - root - INFO - f1:0.2666, p:0.4409, r:0.2446, hit:0.9141, ndcg:0.7605, topn:10.
2021-03-06 03:07:58,296 - root - INFO - head hit:0.0934, head mean rank:376.7440, topn:10.
2021-03-06 03:07:58,297 - root - INFO - tail hit:0.0542, tail mean rank:280.4428, topn:10.
2021-03-06 03:07:58,297 - root - INFO - avg hit:0.0738, avg mean rank:328.5934, topn:10.
2021-03-06 03:07:59,264 - root - INFO - head hit:0.0787, head mean rank:386.1702, topn:10.
2021-03-06 03:07:59,264 - root - INFO - tail hit:0.0701, tail mean rank:303.9771, topn:10.
2021-03-06 03:07:59,264 - root - INFO - avg hit:0.0744, avg mean rank:345.0737, topn:10.
2021-03-06 03:07:59,265 - root - INFO - Checkpointing ...
2021-03-06 03:10:38,382 - root - INFO - rec train loss:2.6171, kg train loss:11.5847!
2021-03-06 03:10:39,431 - root - INFO - f1:0.2478, p:0.2979, r:0.2916, hit:0.8314, ndcg:0.6635, topn:10.
2021-03-06 03:10:40,502 - root - INFO - f1:0.2731, p:0.4505, r:0.2508, hit:0.9215, ndcg:0.7630, topn:10.
2021-03-06 03:10:41,125 - root - INFO - head hit:0.0843, head mean rank:365.1687, topn:10.
2021-03-06 03:10:41,125 - root - INFO - tail hit:0.0452, tail mean rank:274.0361, topn:10.
2021-03-06 03:10:41,125 - root - INFO - avg hit:0.0648, avg mean rank:319.6024, topn:10.
2021-03-06 03:10:42,074 - root - INFO - head hit:0.0987, head mean rank:390.0558, topn:10.
2021-03-06 03:10:42,074 - root - INFO - tail hit:0.0501, tail mean rank:311.2418, topn:10.
2021-03-06 03:10:42,074 - root - INFO - avg hit:0.0744, avg mean rank:350.6488, topn:10.
2021-03-06 03:10:42,075 - root - INFO - Checkpointing ...
2021-03-06 03:13:18,318 - root - INFO - rec train loss:2.5695, kg train loss:11.9380!
2021-03-06 03:13:19,414 - root - INFO - f1:0.2494, p:0.3002, r:0.2940, hit:0.8303, ndcg:0.6697, topn:10.
2021-03-06 03:13:20,477 - root - INFO - f1:0.2735, p:0.4517, r:0.2507, hit:0.9183, ndcg:0.7692, topn:10.
2021-03-06 03:13:21,094 - root - INFO - head hit:0.0994, head mean rank:381.8855, topn:10.
2021-03-06 03:13:21,094 - root - INFO - tail hit:0.0241, tail mean rank:294.5753, topn:10.
2021-03-06 03:13:21,094 - root - INFO - avg hit:0.0617, avg mean rank:338.2304, topn:10.
2021-03-06 03:13:22,081 - root - INFO - head hit:0.0887, head mean rank:381.0629, topn:10.
2021-03-06 03:13:22,081 - root - INFO - tail hit:0.0544, tail mean rank:320.9242, topn:10.
2021-03-06 03:13:22,081 - root - INFO - avg hit:0.0715, avg mean rank:350.9936, topn:10.
2021-03-06 03:13:22,082 - root - INFO - Checkpointing ...
2021-03-06 03:15:59,371 - root - INFO - rec train loss:2.7322, kg train loss:11.5520!
2021-03-06 03:16:00,464 - root - INFO - f1:0.2540, p:0.3041, r:0.3022, hit:0.8314, ndcg:0.6745, topn:10.
2021-03-06 03:16:01,558 - root - INFO - f1:0.2755, p:0.4543, r:0.2535, hit:0.9215, ndcg:0.7745, topn:10.
2021-03-06 03:16:02,210 - root - INFO - head hit:0.0633, head mean rank:400.7139, topn:10.
2021-03-06 03:16:02,210 - root - INFO - tail hit:0.0301, tail mean rank:311.2952, topn:10.
2021-03-06 03:16:02,211 - root - INFO - avg hit:0.0467, avg mean rank:356.0045, topn:10.
2021-03-06 03:16:03,154 - root - INFO - head hit:0.0930, head mean rank:377.1989, topn:10.
2021-03-06 03:16:03,154 - root - INFO - tail hit:0.0401, tail mean rank:320.0844, topn:10.
2021-03-06 03:16:03,155 - root - INFO - avg hit:0.0665, avg mean rank:348.6416, topn:10.
2021-03-06 03:16:03,155 - root - INFO - Checkpointing ...
2021-03-06 03:18:40,633 - root - INFO - rec train loss:2.7385, kg train loss:11.7029!
2021-03-06 03:18:41,665 - root - INFO - f1:0.2567, p:0.3064, r:0.3059, hit:0.8378, ndcg:0.6916, topn:10.
2021-03-06 03:18:42,721 - root - INFO - f1:0.2806, p:0.4620, r:0.2579, hit:0.9226, ndcg:0.7850, topn:10.
2021-03-06 03:18:43,395 - root - INFO - head hit:0.1114, head mean rank:378.6295, topn:10.
2021-03-06 03:18:43,396 - root - INFO - tail hit:0.0482, tail mean rank:286.9428, topn:10.
2021-03-06 03:18:43,396 - root - INFO - avg hit:0.0798, avg mean rank:332.7861, topn:10.
2021-03-06 03:18:44,374 - root - INFO - head hit:0.1044, head mean rank:392.9857, topn:10.
2021-03-06 03:18:44,374 - root - INFO - tail hit:0.0715, tail mean rank:296.1259, topn:10.
2021-03-06 03:18:44,374 - root - INFO - avg hit:0.0880, avg mean rank:344.5558, topn:10.
2021-03-06 03:18:44,375 - root - INFO - Checkpointing ...
2021-03-06 03:21:21,746 - root - INFO - rec train loss:2.5819, kg train loss:11.3772!
2021-03-06 03:21:22,844 - root - INFO - f1:0.2626, p:0.3134, r:0.3129, hit:0.8568, ndcg:0.6992, topn:10.
2021-03-06 03:21:23,914 - root - INFO - f1:0.2827, p:0.4632, r:0.2609, hit:0.9311, ndcg:0.7871, topn:10.
2021-03-06 03:21:24,558 - root - INFO - head hit:0.0843, head mean rank:391.6627, topn:10.
2021-03-06 03:21:24,558 - root - INFO - tail hit:0.0452, tail mean rank:293.8705, topn:10.
2021-03-06 03:21:24,558 - root - INFO - avg hit:0.0648, avg mean rank:342.7666, topn:10.
2021-03-06 03:21:25,582 - root - INFO - head hit:0.0959, head mean rank:409.5308, topn:10.
2021-03-06 03:21:25,583 - root - INFO - tail hit:0.0372, tail mean rank:317.7711, topn:10.
2021-03-06 03:21:25,583 - root - INFO - avg hit:0.0665, avg mean rank:363.6509, topn:10.
2021-03-06 03:21:25,584 - root - INFO - Checkpointing ...
2021-03-06 03:24:02,004 - root - INFO - rec train loss:2.5796, kg train loss:11.5405!
2021-03-06 03:24:03,053 - root - INFO - f1:0.2600, p:0.3116, r:0.3105, hit:0.8441, ndcg:0.6991, topn:10.
2021-03-06 03:24:04,143 - root - INFO - f1:0.2885, p:0.4723, r:0.2659, hit:0.9374, ndcg:0.7949, topn:10.
2021-03-06 03:24:04,777 - root - INFO - head hit:0.0964, head mean rank:393.1054, topn:10.
2021-03-06 03:24:04,777 - root - INFO - tail hit:0.0392, tail mean rank:319.8524, topn:10.
2021-03-06 03:24:04,778 - root - INFO - avg hit:0.0678, avg mean rank:356.4789, topn:10.
2021-03-06 03:24:05,700 - root - INFO - head hit:0.0830, head mean rank:385.9428, topn:10.
2021-03-06 03:24:05,701 - root - INFO - tail hit:0.0429, tail mean rank:323.7926, topn:10.
2021-03-06 03:24:05,701 - root - INFO - avg hit:0.0629, avg mean rank:354.8677, topn:10.
2021-03-06 03:24:05,702 - root - INFO - No improvement after one epoch. Lowering learning rate.
2021-03-06 03:26:43,043 - root - INFO - rec train loss:0.5729, kg train loss:2.6284!
2021-03-06 03:26:44,095 - root - INFO - f1:0.2773, p:0.3310, r:0.3281, hit:0.8568, ndcg:0.7175, topn:10.
2021-03-06 03:26:45,189 - root - INFO - f1:0.3014, p:0.4909, r:0.2772, hit:0.9406, ndcg:0.8126, topn:10.
2021-03-06 03:26:45,843 - root - INFO - head hit:0.1506, head mean rank:371.2500, topn:10.
2021-03-06 03:26:45,843 - root - INFO - tail hit:0.1325, tail mean rank:226.9096, topn:10.
2021-03-06 03:26:45,843 - root - INFO - avg hit:0.1416, avg mean rank:299.0798, topn:10.
2021-03-06 03:26:46,880 - root - INFO - head hit:0.1416, head mean rank:376.6667, topn:10.
2021-03-06 03:26:46,880 - root - INFO - tail hit:0.1445, tail mean rank:250.3290, topn:10.
2021-03-06 03:26:46,880 - root - INFO - avg hit:0.1431, avg mean rank:313.4979, topn:10.
2021-03-06 03:26:46,880 - root - INFO - Checkpointing ...
2021-03-06 03:29:26,475 - root - INFO - rec train loss:0.4452, kg train loss:2.2138!
2021-03-06 03:29:27,699 - root - INFO - f1:0.2852, p:0.3401, r:0.3365, hit:0.8632, ndcg:0.7332, topn:10.
2021-03-06 03:29:28,801 - root - INFO - f1:0.3081, p:0.5013, r:0.2825, hit:0.9385, ndcg:0.8163, topn:10.
2021-03-06 03:29:29,434 - root - INFO - head hit:0.1355, head mean rank:382.5693, topn:10.
2021-03-06 03:29:29,434 - root - INFO - tail hit:0.1717, tail mean rank:216.5693, topn:10.
2021-03-06 03:29:29,434 - root - INFO - avg hit:0.1536, avg mean rank:299.5693, topn:10.
2021-03-06 03:29:30,428 - root - INFO - head hit:0.1087, head mean rank:372.3190, topn:10.
2021-03-06 03:29:30,428 - root - INFO - tail hit:0.1660, tail mean rank:236.8684, topn:10.
2021-03-06 03:29:30,428 - root - INFO - avg hit:0.1373, avg mean rank:304.5937, topn:10.
2021-03-06 03:29:30,430 - root - INFO - Checkpointing ...
2021-03-06 03:32:08,242 - root - INFO - rec train loss:0.4557, kg train loss:2.0911!
2021-03-06 03:32:09,345 - root - INFO - f1:0.2941, p:0.3496, r:0.3474, hit:0.8727, ndcg:0.7428, topn:10.
2021-03-06 03:32:10,429 - root - INFO - f1:0.3123, p:0.5071, r:0.2857, hit:0.9396, ndcg:0.8293, topn:10.
2021-03-06 03:32:11,063 - root - INFO - head hit:0.1355, head mean rank:394.8675, topn:10.
2021-03-06 03:32:11,064 - root - INFO - tail hit:0.1536, tail mean rank:221.9970, topn:10.
2021-03-06 03:32:11,064 - root - INFO - avg hit:0.1446, avg mean rank:308.4322, topn:10.
2021-03-06 03:32:11,997 - root - INFO - head hit:0.1173, head mean rank:381.0801, topn:10.
2021-03-06 03:32:11,997 - root - INFO - tail hit:0.1717, tail mean rank:232.6323, topn:10.
2021-03-06 03:32:11,998 - root - INFO - avg hit:0.1445, avg mean rank:306.8562, topn:10.
2021-03-06 03:32:11,998 - root - INFO - Checkpointing ...
2021-03-06 03:34:49,746 - root - INFO - rec train loss:0.4209, kg train loss:2.0326!
2021-03-06 03:34:50,744 - root - INFO - f1:0.2972, p:0.3539, r:0.3498, hit:0.8696, ndcg:0.7462, topn:10.
2021-03-06 03:34:51,862 - root - INFO - f1:0.3148, p:0.5104, r:0.2882, hit:0.9417, ndcg:0.8399, topn:10.
2021-03-06 03:34:52,478 - root - INFO - head hit:0.1506, head mean rank:395.1295, topn:10.
2021-03-06 03:34:52,478 - root - INFO - tail hit:0.1807, tail mean rank:209.4849, topn:10.
2021-03-06 03:34:52,479 - root - INFO - avg hit:0.1657, avg mean rank:302.3072, topn:10.
2021-03-06 03:34:53,459 - root - INFO - head hit:0.0887, head mean rank:395.1030, topn:10.
2021-03-06 03:34:53,459 - root - INFO - tail hit:0.1459, tail mean rank:229.8283, topn:10.
2021-03-06 03:34:53,460 - root - INFO - avg hit:0.1173, avg mean rank:312.4657, topn:10.
2021-03-06 03:34:53,460 - root - INFO - Checkpointing ...
2021-03-06 03:37:32,147 - root - INFO - rec train loss:0.4244, kg train loss:1.9133!
2021-03-06 03:37:33,227 - root - INFO - f1:0.3031, p:0.3602, r:0.3558, hit:0.8653, ndcg:0.7534, topn:10.
2021-03-06 03:37:34,354 - root - INFO - f1:0.3208, p:0.5182, r:0.2934, hit:0.9459, ndcg:0.8441, topn:10.
2021-03-06 03:37:34,947 - root - INFO - head hit:0.1416, head mean rank:403.0000, topn:10.
2021-03-06 03:37:34,947 - root - INFO - tail hit:0.1295, tail mean rank:204.4036, topn:10.
2021-03-06 03:37:34,948 - root - INFO - avg hit:0.1355, avg mean rank:303.7018, topn:10.
2021-03-06 03:37:35,955 - root - INFO - head hit:0.1116, head mean rank:381.4850, topn:10.
2021-03-06 03:37:35,955 - root - INFO - tail hit:0.1316, tail mean rank:244.5966, topn:10.
2021-03-06 03:37:35,955 - root - INFO - avg hit:0.1216, avg mean rank:313.0408, topn:10.
2021-03-06 03:37:35,956 - root - INFO - Checkpointing ...
2021-03-06 03:40:14,477 - root - INFO - rec train loss:0.4263, kg train loss:2.0135!
2021-03-06 03:40:15,509 - root - INFO - f1:0.3062, p:0.3642, r:0.3583, hit:0.8696, ndcg:0.7612, topn:10.
2021-03-06 03:40:16,606 - root - INFO - f1:0.3243, p:0.5223, r:0.2972, hit:0.9449, ndcg:0.8466, topn:10.
2021-03-06 03:40:17,242 - root - INFO - head hit:0.1355, head mean rank:388.6596, topn:10.
2021-03-06 03:40:17,242 - root - INFO - tail hit:0.1687, tail mean rank:193.4578, topn:10.
2021-03-06 03:40:17,242 - root - INFO - avg hit:0.1521, avg mean rank:291.0587, topn:10.
2021-03-06 03:40:18,197 - root - INFO - head hit:0.1187, head mean rank:383.5808, topn:10.
2021-03-06 03:40:18,197 - root - INFO - tail hit:0.1602, tail mean rank:226.8884, topn:10.
2021-03-06 03:40:18,198 - root - INFO - avg hit:0.1395, avg mean rank:305.2346, topn:10.
2021-03-06 03:40:18,199 - root - INFO - Checkpointing ...
2021-03-06 03:42:55,186 - root - INFO - rec train loss:0.4388, kg train loss:1.9904!
2021-03-06 03:42:56,195 - root - INFO - f1:0.3106, p:0.3674, r:0.3660, hit:0.8749, ndcg:0.7679, topn:10.
2021-03-06 03:42:57,240 - root - INFO - f1:0.3281, p:0.5276, r:0.3000, hit:0.9480, ndcg:0.8518, topn:10.
2021-03-06 03:42:57,872 - root - INFO - head hit:0.1506, head mean rank:372.7380, topn:10.
2021-03-06 03:42:57,872 - root - INFO - tail hit:0.1928, tail mean rank:171.8946, topn:10.
2021-03-06 03:42:57,872 - root - INFO - avg hit:0.1717, avg mean rank:272.3163, topn:10.
2021-03-06 03:42:58,867 - root - INFO - head hit:0.1202, head mean rank:400.2289, topn:10.
2021-03-06 03:42:58,867 - root - INFO - tail hit:0.1717, tail mean rank:202.5379, topn:10.
2021-03-06 03:42:58,867 - root - INFO - avg hit:0.1459, avg mean rank:301.3834, topn:10.
2021-03-06 03:42:58,868 - root - INFO - Checkpointing ...
2021-03-06 03:45:35,777 - root - INFO - rec train loss:0.4211, kg train loss:1.9888!
2021-03-06 03:45:36,841 - root - INFO - f1:0.3108, p:0.3683, r:0.3637, hit:0.8759, ndcg:0.7719, topn:10.
2021-03-06 03:45:37,958 - root - INFO - f1:0.3309, p:0.5311, r:0.3027, hit:0.9449, ndcg:0.8552, topn:10.
2021-03-06 03:45:38,464 - root - INFO - head hit:0.1446, head mean rank:392.0693, topn:10.
2021-03-06 03:45:38,465 - root - INFO - tail hit:0.1687, tail mean rank:206.1175, topn:10.
2021-03-06 03:45:38,465 - root - INFO - avg hit:0.1566, avg mean rank:299.0934, topn:10.
2021-03-06 03:45:39,356 - root - INFO - head hit:0.1116, head mean rank:384.7668, topn:10.
2021-03-06 03:45:39,357 - root - INFO - tail hit:0.1316, tail mean rank:220.5365, topn:10.
2021-03-06 03:45:39,357 - root - INFO - avg hit:0.1216, avg mean rank:302.6516, topn:10.
2021-03-06 03:45:39,357 - root - INFO - Checkpointing ...
2021-03-06 03:48:16,965 - root - INFO - rec train loss:0.3678, kg train loss:2.0143!
2021-03-06 03:48:18,081 - root - INFO - f1:0.3135, p:0.3713, r:0.3674, hit:0.8780, ndcg:0.7810, topn:10.
2021-03-06 03:48:19,180 - root - INFO - f1:0.3320, p:0.5324, r:0.3039, hit:0.9480, ndcg:0.8589, topn:10.
2021-03-06 03:48:19,790 - root - INFO - head hit:0.1295, head mean rank:363.5693, topn:10.
2021-03-06 03:48:19,790 - root - INFO - tail hit:0.1627, tail mean rank:208.4578, topn:10.
2021-03-06 03:48:19,791 - root - INFO - avg hit:0.1461, avg mean rank:286.0136, topn:10.
2021-03-06 03:48:20,746 - root - INFO - head hit:0.1187, head mean rank:380.8441, topn:10.
2021-03-06 03:48:20,746 - root - INFO - tail hit:0.1288, tail mean rank:243.7239, topn:10.
2021-03-06 03:48:20,747 - root - INFO - avg hit:0.1237, avg mean rank:312.2840, topn:10.
2021-03-06 03:48:20,747 - root - INFO - Checkpointing ...
2021-03-06 03:50:59,277 - root - INFO - rec train loss:0.3991, kg train loss:1.8805!
2021-03-06 03:51:00,347 - root - INFO - f1:0.3170, p:0.3744, r:0.3724, hit:0.8759, ndcg:0.7773, topn:10.
2021-03-06 03:51:01,354 - root - INFO - f1:0.3344, p:0.5346, r:0.3071, hit:0.9512, ndcg:0.8629, topn:10.
2021-03-06 03:51:01,992 - root - INFO - head hit:0.1114, head mean rank:359.1446, topn:10.
2021-03-06 03:51:01,992 - root - INFO - tail hit:0.1777, tail mean rank:171.5753, topn:10.
2021-03-06 03:51:01,992 - root - INFO - avg hit:0.1446, avg mean rank:265.3599, topn:10.
2021-03-06 03:51:02,946 - root - INFO - head hit:0.0858, head mean rank:399.9156, topn:10.
2021-03-06 03:51:02,946 - root - INFO - tail hit:0.1631, tail mean rank:228.3534, topn:10.
2021-03-06 03:51:02,946 - root - INFO - avg hit:0.1245, avg mean rank:314.1345, topn:10.
2021-03-06 03:51:02,947 - root - INFO - Checkpointing ...
2021-03-06 03:53:40,558 - root - INFO - rec train loss:0.3319, kg train loss:1.9604!
2021-03-06 03:53:41,588 - root - INFO - f1:0.3176, p:0.3754, r:0.3724, hit:0.8802, ndcg:0.7837, topn:10.
2021-03-06 03:53:42,651 - root - INFO - f1:0.3351, p:0.5361, r:0.3082, hit:0.9502, ndcg:0.8659, topn:10.
2021-03-06 03:53:43,219 - root - INFO - head hit:0.1295, head mean rank:385.9127, topn:10.
2021-03-06 03:53:43,219 - root - INFO - tail hit:0.2139, tail mean rank:160.4458, topn:10.
2021-03-06 03:53:43,219 - root - INFO - avg hit:0.1717, avg mean rank:273.1792, topn:10.
2021-03-06 03:53:44,248 - root - INFO - head hit:0.1245, head mean rank:379.3662, topn:10.
2021-03-06 03:53:44,248 - root - INFO - tail hit:0.1989, tail mean rank:197.0043, topn:10.
2021-03-06 03:53:44,248 - root - INFO - avg hit:0.1617, avg mean rank:288.1853, topn:10.
2021-03-06 03:53:44,249 - root - INFO - Checkpointing ...
2021-03-06 03:56:21,904 - root - INFO - rec train loss:0.4264, kg train loss:1.9186!
2021-03-06 03:56:23,017 - root - INFO - f1:0.3192, p:0.3767, r:0.3738, hit:0.8823, ndcg:0.7848, topn:10.
2021-03-06 03:56:24,070 - root - INFO - f1:0.3363, p:0.5379, r:0.3082, hit:0.9502, ndcg:0.8689, topn:10.
2021-03-06 03:56:24,725 - root - INFO - head hit:0.1295, head mean rank:361.6867, topn:10.
2021-03-06 03:56:24,726 - root - INFO - tail hit:0.0873, tail mean rank:252.6145, topn:10.
2021-03-06 03:56:24,726 - root - INFO - avg hit:0.1084, avg mean rank:307.1506, topn:10.
2021-03-06 03:56:25,721 - root - INFO - head hit:0.1187, head mean rank:371.8755, topn:10.
2021-03-06 03:56:25,721 - root - INFO - tail hit:0.0873, tail mean rank:271.5508, topn:10.
2021-03-06 03:56:25,722 - root - INFO - avg hit:0.1030, avg mean rank:321.7132, topn:10.
2021-03-06 03:56:25,722 - root - INFO - Checkpointing ...
2021-03-06 03:59:03,092 - root - INFO - rec train loss:0.3526, kg train loss:1.8919!
2021-03-06 03:59:04,145 - root - INFO - f1:0.3215, p:0.3787, r:0.3780, hit:0.8802, ndcg:0.7878, topn:10.
2021-03-06 03:59:05,407 - root - INFO - f1:0.3408, p:0.5429, r:0.3136, hit:0.9502, ndcg:0.8703, topn:10.
2021-03-06 03:59:06,003 - root - INFO - head hit:0.1265, head mean rank:394.8464, topn:10.
2021-03-06 03:59:06,004 - root - INFO - tail hit:0.1657, tail mean rank:193.7771, topn:10.
2021-03-06 03:59:06,004 - root - INFO - avg hit:0.1461, avg mean rank:294.3117, topn:10.
2021-03-06 03:59:06,879 - root - INFO - head hit:0.1116, head mean rank:402.6252, topn:10.
2021-03-06 03:59:06,879 - root - INFO - tail hit:0.1631, tail mean rank:223.0472, topn:10.
2021-03-06 03:59:06,879 - root - INFO - avg hit:0.1373, avg mean rank:312.8362, topn:10.
2021-03-06 03:59:06,880 - root - INFO - Checkpointing ...
2021-03-06 04:01:44,558 - root - INFO - rec train loss:0.4815, kg train loss:1.8940!
2021-03-06 04:01:45,696 - root - INFO - f1:0.3229, p:0.3802, r:0.3794, hit:0.8844, ndcg:0.7972, topn:10.
2021-03-06 04:01:46,775 - root - INFO - f1:0.3395, p:0.5417, r:0.3122, hit:0.9512, ndcg:0.8762, topn:10.
2021-03-06 04:01:47,383 - root - INFO - head hit:0.0934, head mean rank:380.5271, topn:10.
2021-03-06 04:01:47,383 - root - INFO - tail hit:0.1024, tail mean rank:225.0572, topn:10.
2021-03-06 04:01:47,383 - root - INFO - avg hit:0.0979, avg mean rank:302.7922, topn:10.
2021-03-06 04:01:48,354 - root - INFO - head hit:0.1230, head mean rank:381.5193, topn:10.
2021-03-06 04:01:48,355 - root - INFO - tail hit:0.1173, tail mean rank:250.3133, topn:10.
2021-03-06 04:01:48,355 - root - INFO - avg hit:0.1202, avg mean rank:315.9163, topn:10.
2021-03-06 04:01:48,356 - root - INFO - Checkpointing ...
2021-03-06 04:04:27,366 - root - INFO - rec train loss:0.3923, kg train loss:1.8638!
2021-03-06 04:04:28,473 - root - INFO - f1:0.3190, p:0.3762, r:0.3740, hit:0.8844, ndcg:0.7990, topn:10.
2021-03-06 04:04:29,571 - root - INFO - f1:0.3436, p:0.5468, r:0.3158, hit:0.9512, ndcg:0.8765, topn:10.
2021-03-06 04:04:30,219 - root - INFO - head hit:0.1235, head mean rank:407.1145, topn:10.
2021-03-06 04:04:30,220 - root - INFO - tail hit:0.1988, tail mean rank:192.6145, topn:10.
2021-03-06 04:04:30,220 - root - INFO - avg hit:0.1611, avg mean rank:299.8645, topn:10.
2021-03-06 04:04:31,237 - root - INFO - head hit:0.1187, head mean rank:391.4320, topn:10.
2021-03-06 04:04:31,238 - root - INFO - tail hit:0.2060, tail mean rank:208.1817, topn:10.
2021-03-06 04:04:31,238 - root - INFO - avg hit:0.1624, avg mean rank:299.8069, topn:10.
2021-03-06 04:04:31,239 - root - INFO - No improvement after one epoch. Lowering learning rate.
2021-03-06 04:07:10,150 - root - INFO - rec train loss:0.1163, kg train loss:0.5812!
2021-03-06 04:07:11,280 - root - INFO - f1:0.3251, p:0.3830, r:0.3817, hit:0.8823, ndcg:0.8026, topn:10.
2021-03-06 04:07:12,381 - root - INFO - f1:0.3465, p:0.5512, r:0.3179, hit:0.9576, ndcg:0.8871, topn:10.
2021-03-06 04:07:13,076 - root - INFO - head hit:0.1325, head mean rank:398.6867, topn:10.
2021-03-06 04:07:13,078 - root - INFO - tail hit:0.2620, tail mean rank:162.9729, topn:10.
2021-03-06 04:07:13,079 - root - INFO - avg hit:0.1973, avg mean rank:280.8298, topn:10.
2021-03-06 04:07:14,049 - root - INFO - head hit:0.1302, head mean rank:385.9599, topn:10.
2021-03-06 04:07:14,049 - root - INFO - tail hit:0.2718, tail mean rank:170.4578, topn:10.
2021-03-06 04:07:14,049 - root - INFO - avg hit:0.2010, avg mean rank:278.2089, topn:10.
2021-03-06 04:07:14,050 - root - INFO - Checkpointing ...
2021-03-06 04:09:52,186 - root - INFO - rec train loss:0.0717, kg train loss:0.4213!
2021-03-06 04:09:53,210 - root - INFO - f1:0.3281, p:0.3862, r:0.3844, hit:0.8855, ndcg:0.8026, topn:10.
2021-03-06 04:09:54,335 - root - INFO - f1:0.3497, p:0.5552, r:0.3209, hit:0.9565, ndcg:0.8871, topn:10.
2021-03-06 04:09:54,972 - root - INFO - head hit:0.1988, head mean rank:365.5392, topn:10.
2021-03-06 04:09:54,972 - root - INFO - tail hit:0.2620, tail mean rank:165.5331, topn:10.
2021-03-06 04:09:54,972 - root - INFO - avg hit:0.2304, avg mean rank:265.5361, topn:10.
2021-03-06 04:09:55,962 - root - INFO - head hit:0.1845, head mean rank:372.1645, topn:10.
2021-03-06 04:09:55,962 - root - INFO - tail hit:0.2346, tail mean rank:178.1545, topn:10.
2021-03-06 04:09:55,962 - root - INFO - avg hit:0.2096, avg mean rank:275.1595, topn:10.
2021-03-06 04:09:55,963 - root - INFO - Checkpointing ...
2021-03-06 04:12:33,465 - root - INFO - rec train loss:0.1041, kg train loss:0.4942!
2021-03-06 04:12:34,609 - root - INFO - f1:0.3302, p:0.3893, r:0.3858, hit:0.8844, ndcg:0.8100, topn:10.
2021-03-06 04:12:35,646 - root - INFO - f1:0.3506, p:0.5567, r:0.3221, hit:0.9576, ndcg:0.8898, topn:10.
2021-03-06 04:12:36,271 - root - INFO - head hit:0.1446, head mean rank:420.2952, topn:10.
2021-03-06 04:12:36,272 - root - INFO - tail hit:0.2139, tail mean rank:186.3163, topn:10.
2021-03-06 04:12:36,272 - root - INFO - avg hit:0.1792, avg mean rank:303.3057, topn:10.
2021-03-06 04:12:37,284 - root - INFO - head hit:0.1531, head mean rank:384.9013, topn:10.
2021-03-06 04:12:37,284 - root - INFO - tail hit:0.2217, tail mean rank:192.5680, topn:10.
2021-03-06 04:12:37,284 - root - INFO - avg hit:0.1874, avg mean rank:288.7346, topn:10.
2021-03-06 04:12:37,285 - root - INFO - Checkpointing ...
2021-03-06 04:15:17,990 - root - INFO - rec train loss:0.1122, kg train loss:0.4123!
2021-03-06 04:15:19,064 - root - INFO - f1:0.3343, p:0.3933, r:0.3896, hit:0.8834, ndcg:0.8086, topn:10.
2021-03-06 04:15:20,118 - root - INFO - f1:0.3528, p:0.5592, r:0.3240, hit:0.9544, ndcg:0.8899, topn:10.
2021-03-06 04:15:20,743 - root - INFO - head hit:0.1506, head mean rank:403.4006, topn:10.
2021-03-06 04:15:20,744 - root - INFO - tail hit:0.2651, tail mean rank:161.5151, topn:10.
2021-03-06 04:15:20,744 - root - INFO - avg hit:0.2078, avg mean rank:282.4578, topn:10.
2021-03-06 04:15:21,680 - root - INFO - head hit:0.1674, head mean rank:380.2203, topn:10.
2021-03-06 04:15:21,681 - root - INFO - tail hit:0.2704, tail mean rank:172.9728, topn:10.
2021-03-06 04:15:21,681 - root - INFO - avg hit:0.2189, avg mean rank:276.5966, topn:10.
2021-03-06 04:15:21,682 - root - INFO - Checkpointing ...
2021-03-06 04:17:59,026 - root - INFO - rec train loss:0.0726, kg train loss:0.4028!
2021-03-06 04:18:00,046 - root - INFO - f1:0.3355, p:0.3945, r:0.3921, hit:0.8855, ndcg:0.8153, topn:10.
2021-03-06 04:18:01,146 - root - INFO - f1:0.3548, p:0.5617, r:0.3267, hit:0.9576, ndcg:0.8948, topn:10.
2021-03-06 04:18:01,704 - root - INFO - head hit:0.1506, head mean rank:405.7139, topn:10.
2021-03-06 04:18:01,704 - root - INFO - tail hit:0.2861, tail mean rank:141.2018, topn:10.
2021-03-06 04:18:01,704 - root - INFO - avg hit:0.2184, avg mean rank:273.4578, topn:10.
2021-03-06 04:18:02,655 - root - INFO - head hit:0.1588, head mean rank:377.4192, topn:10.
2021-03-06 04:18:02,655 - root - INFO - tail hit:0.2904, tail mean rank:144.8040, topn:10.
2021-03-06 04:18:02,655 - root - INFO - avg hit:0.2246, avg mean rank:261.1116, topn:10.
2021-03-06 04:18:02,656 - root - INFO - Checkpointing ...
2021-03-06 04:20:40,637 - root - INFO - rec train loss:0.0660, kg train loss:0.3915!
2021-03-06 04:20:41,758 - root - INFO - f1:0.3374, p:0.3968, r:0.3938, hit:0.8887, ndcg:0.8167, topn:10.
2021-03-06 04:20:42,808 - root - INFO - f1:0.3554, p:0.5626, r:0.3271, hit:0.9576, ndcg:0.8975, topn:10.
2021-03-06 04:20:43,480 - root - INFO - head hit:0.1657, head mean rank:392.4428, topn:10.
2021-03-06 04:20:43,481 - root - INFO - tail hit:0.2048, tail mean rank:158.2440, topn:10.
2021-03-06 04:20:43,481 - root - INFO - avg hit:0.1852, avg mean rank:275.3434, topn:10.
2021-03-06 04:20:44,433 - root - INFO - head hit:0.1645, head mean rank:373.5737, topn:10.
2021-03-06 04:20:44,433 - root - INFO - tail hit:0.2346, tail mean rank:177.2189, topn:10.
2021-03-06 04:20:44,433 - root - INFO - avg hit:0.1996, avg mean rank:275.3963, topn:10.
2021-03-06 04:20:44,434 - root - INFO - Checkpointing ...
2021-03-06 04:23:22,865 - root - INFO - rec train loss:0.0633, kg train loss:0.4523!
2021-03-06 04:23:23,899 - root - INFO - f1:0.3392, p:0.3989, r:0.3952, hit:0.8865, ndcg:0.8190, topn:10.
2021-03-06 04:23:24,995 - root - INFO - f1:0.3568, p:0.5645, r:0.3280, hit:0.9565, ndcg:0.8988, topn:10.
2021-03-06 04:23:25,598 - root - INFO - head hit:0.1506, head mean rank:405.3133, topn:10.
2021-03-06 04:23:25,599 - root - INFO - tail hit:0.1988, tail mean rank:175.3434, topn:10.
2021-03-06 04:23:25,599 - root - INFO - avg hit:0.1747, avg mean rank:290.3283, topn:10.
2021-03-06 04:23:26,573 - root - INFO - head hit:0.1574, head mean rank:401.5980, topn:10.
2021-03-06 04:23:26,573 - root - INFO - tail hit:0.1917, tail mean rank:190.7611, topn:10.
2021-03-06 04:23:26,573 - root - INFO - avg hit:0.1745, avg mean rank:296.1795, topn:10.
2021-03-06 04:23:26,574 - root - INFO - Checkpointing ...
2021-03-06 04:26:05,271 - root - INFO - rec train loss:0.0908, kg train loss:0.3565!
2021-03-06 04:26:06,380 - root - INFO - f1:0.3415, p:0.4011, r:0.3986, hit:0.8897, ndcg:0.8199, topn:10.
2021-03-06 04:26:07,461 - root - INFO - f1:0.3576, p:0.5650, r:0.3292, hit:0.9565, ndcg:0.8984, topn:10.
2021-03-06 04:26:08,135 - root - INFO - head hit:0.1657, head mean rank:381.2741, topn:10.
2021-03-06 04:26:08,136 - root - INFO - tail hit:0.2711, tail mean rank:161.1325, topn:10.
2021-03-06 04:26:08,136 - root - INFO - avg hit:0.2184, avg mean rank:271.2033, topn:10.
2021-03-06 04:26:09,138 - root - INFO - head hit:0.1688, head mean rank:373.6896, topn:10.
2021-03-06 04:26:09,138 - root - INFO - tail hit:0.2747, tail mean rank:175.5908, topn:10.
2021-03-06 04:26:09,138 - root - INFO - avg hit:0.2217, avg mean rank:274.6402, topn:10.
2021-03-06 04:26:09,139 - root - INFO - Checkpointing ...
2021-03-06 04:28:48,914 - root - INFO - rec train loss:0.0559, kg train loss:0.3703!
2021-03-06 04:28:49,943 - root - INFO - f1:0.3428, p:0.4032, r:0.3991, hit:0.8844, ndcg:0.8188, topn:10.
2021-03-06 04:28:51,007 - root - INFO - f1:0.3590, p:0.5664, r:0.3311, hit:0.9586, ndcg:0.8999, topn:10.
2021-03-06 04:28:51,714 - root - INFO - head hit:0.1988, head mean rank:379.5964, topn:10.
2021-03-06 04:28:51,714 - root - INFO - tail hit:0.2711, tail mean rank:151.0783, topn:10.
2021-03-06 04:28:51,714 - root - INFO - avg hit:0.2349, avg mean rank:265.3373, topn:10.
2021-03-06 04:28:52,685 - root - INFO - head hit:0.1831, head mean rank:372.3534, topn:10.
2021-03-06 04:28:52,685 - root - INFO - tail hit:0.2890, tail mean rank:168.8927, topn:10.
2021-03-06 04:28:52,685 - root - INFO - avg hit:0.2361, avg mean rank:270.6230, topn:10.
2021-03-06 04:28:52,686 - root - INFO - Checkpointing ...
2021-03-06 04:31:32,800 - root - INFO - rec train loss:0.0825, kg train loss:0.3975!
2021-03-06 04:31:33,940 - root - INFO - f1:0.3440, p:0.4041, r:0.4009, hit:0.8876, ndcg:0.8222, topn:10.
2021-03-06 04:31:34,999 - root - INFO - f1:0.3601, p:0.5683, r:0.3316, hit:0.9586, ndcg:0.9009, topn:10.
2021-03-06 04:31:35,593 - root - INFO - head hit:0.1446, head mean rank:429.6265, topn:10.
2021-03-06 04:31:35,593 - root - INFO - tail hit:0.1325, tail mean rank:211.4880, topn:10.
2021-03-06 04:31:35,593 - root - INFO - avg hit:0.1386, avg mean rank:320.5572, topn:10.
2021-03-06 04:31:36,623 - root - INFO - head hit:0.1645, head mean rank:402.2575, topn:10.
2021-03-06 04:31:36,623 - root - INFO - tail hit:0.1602, tail mean rank:217.7983, topn:10.
2021-03-06 04:31:36,623 - root - INFO - avg hit:0.1624, avg mean rank:310.0279, topn:10.
2021-03-06 04:31:36,624 - root - INFO - Checkpointing ...
2021-03-06 04:34:14,491 - root - INFO - rec train loss:0.0746, kg train loss:0.3718!
2021-03-06 04:34:15,610 - root - INFO - f1:0.3468, p:0.4072, r:0.4043, hit:0.8876, ndcg:0.8269, topn:10.
2021-03-06 04:34:16,696 - root - INFO - f1:0.3616, p:0.5705, r:0.3326, hit:0.9555, ndcg:0.9012, topn:10.
2021-03-06 04:34:17,320 - root - INFO - head hit:0.1747, head mean rank:387.7681, topn:10.
2021-03-06 04:34:17,320 - root - INFO - tail hit:0.2199, tail mean rank:164.6657, topn:10.
2021-03-06 04:34:17,320 - root - INFO - avg hit:0.1973, avg mean rank:276.2169, topn:10.
2021-03-06 04:34:18,300 - root - INFO - head hit:0.1559, head mean rank:376.9041, topn:10.
2021-03-06 04:34:18,300 - root - INFO - tail hit:0.2318, tail mean rank:177.8541, topn:10.
2021-03-06 04:34:18,301 - root - INFO - avg hit:0.1938, avg mean rank:277.3791, topn:10.
2021-03-06 04:34:18,301 - root - INFO - Checkpointing ...
2021-03-06 04:37:00,495 - root - INFO - rec train loss:0.0738, kg train loss:0.3278!
2021-03-06 04:37:01,601 - root - INFO - f1:0.3464, p:0.4068, r:0.4035, hit:0.8876, ndcg:0.8293, topn:10.
2021-03-06 04:37:02,704 - root - INFO - f1:0.3625, p:0.5714, r:0.3337, hit:0.9576, ndcg:0.9054, topn:10.
2021-03-06 04:37:03,374 - root - INFO - head hit:0.1596, head mean rank:388.0964, topn:10.
2021-03-06 04:37:03,375 - root - INFO - tail hit:0.2711, tail mean rank:146.1928, topn:10.
2021-03-06 04:37:03,375 - root - INFO - avg hit:0.2154, avg mean rank:267.1446, topn:10.
2021-03-06 04:37:04,344 - root - INFO - head hit:0.1516, head mean rank:402.8398, topn:10.
2021-03-06 04:37:04,345 - root - INFO - tail hit:0.2804, tail mean rank:158.0744, topn:10.
2021-03-06 04:37:04,345 - root - INFO - avg hit:0.2160, avg mean rank:280.4571, topn:10.
2021-03-06 04:37:04,346 - root - INFO - No improvement after one epoch. Lowering learning rate.
2021-03-06 04:39:46,106 - root - INFO - rec train loss:0.0544, kg train loss:0.1480!
2021-03-06 04:39:47,172 - root - INFO - f1:0.3471, p:0.4078, r:0.4040, hit:0.8887, ndcg:0.8333, topn:10.
2021-03-06 04:39:48,296 - root - INFO - f1:0.3638, p:0.5732, r:0.3344, hit:0.9576, ndcg:0.9064, topn:10.
2021-03-06 04:39:48,924 - root - INFO - head hit:0.2078, head mean rank:370.8795, topn:10.
2021-03-06 04:39:48,924 - root - INFO - tail hit:0.2620, tail mean rank:145.8976, topn:10.
2021-03-06 04:39:48,924 - root - INFO - avg hit:0.2349, avg mean rank:258.3886, topn:10.
2021-03-06 04:39:49,915 - root - INFO - head hit:0.1960, head mean rank:375.1288, topn:10.
2021-03-06 04:39:49,916 - root - INFO - tail hit:0.2775, tail mean rank:157.8870, topn:10.
2021-03-06 04:39:49,916 - root - INFO - avg hit:0.2368, avg mean rank:266.5079, topn:10.
2021-03-06 04:39:49,917 - root - INFO - Checkpointing ...
2021-03-06 04:42:29,687 - root - INFO - rec train loss:0.0245, kg train loss:0.1162!
2021-03-06 04:42:30,733 - root - INFO - f1:0.3484, p:0.4093, r:0.4054, hit:0.8918, ndcg:0.8352, topn:10.
2021-03-06 04:42:31,819 - root - INFO - f1:0.3655, p:0.5752, r:0.3366, hit:0.9597, ndcg:0.9107, topn:10.
2021-03-06 04:42:32,436 - root - INFO - head hit:0.1928, head mean rank:386.3825, topn:10.
2021-03-06 04:42:32,437 - root - INFO - tail hit:0.3404, tail mean rank:135.8042, topn:10.
2021-03-06 04:42:32,437 - root - INFO - avg hit:0.2666, avg mean rank:261.0934, topn:10.
2021-03-06 04:42:33,416 - root - INFO - head hit:0.1860, head mean rank:374.1474, topn:10.
2021-03-06 04:42:33,416 - root - INFO - tail hit:0.3562, tail mean rank:134.7382, topn:10.
2021-03-06 04:42:33,416 - root - INFO - avg hit:0.2711, avg mean rank:254.4428, topn:10.
2021-03-06 04:42:33,417 - root - INFO - Checkpointing ...
2021-03-06 04:45:12,736 - root - INFO - rec train loss:0.0233, kg train loss:0.1226!
2021-03-06 04:45:13,673 - root - INFO - f1:0.3492, p:0.4100, r:0.4065, hit:0.8908, ndcg:0.8354, topn:10.
2021-03-06 04:45:14,554 - root - INFO - f1:0.3665, p:0.5764, r:0.3376, hit:0.9586, ndcg:0.9091, topn:10.
2021-03-06 04:45:15,230 - root - INFO - head hit:0.1777, head mean rank:366.4789, topn:10.
2021-03-06 04:45:15,231 - root - INFO - tail hit:0.3253, tail mean rank:129.0693, topn:10.
2021-03-06 04:45:15,231 - root - INFO - avg hit:0.2515, avg mean rank:247.7741, topn:10.
2021-03-06 04:45:16,272 - root - INFO - head hit:0.1574, head mean rank:382.4063, topn:10.
2021-03-06 04:45:16,272 - root - INFO - tail hit:0.3162, tail mean rank:144.8112, topn:10.
2021-03-06 04:45:16,273 - root - INFO - avg hit:0.2368, avg mean rank:263.6087, topn:10.
2021-03-06 04:45:16,274 - root - INFO - Checkpointing ...
2021-03-06 04:47:54,851 - root - INFO - rec train loss:0.0282, kg train loss:0.1021!
2021-03-06 04:47:55,871 - root - INFO - f1:0.3503, p:0.4111, r:0.4081, hit:0.8908, ndcg:0.8370, topn:10.
2021-03-06 04:47:57,024 - root - INFO - f1:0.3661, p:0.5762, r:0.3368, hit:0.9576, ndcg:0.9110, topn:10.
2021-03-06 04:47:57,720 - root - INFO - head hit:0.2018, head mean rank:376.6114, topn:10.
2021-03-06 04:47:57,721 - root - INFO - tail hit:0.3645, tail mean rank:129.6958, topn:10.
2021-03-06 04:47:57,721 - root - INFO - avg hit:0.2831, avg mean rank:253.1536, topn:10.
2021-03-06 04:47:58,765 - root - INFO - head hit:0.1974, head mean rank:382.8097, topn:10.
2021-03-06 04:47:58,765 - root - INFO - tail hit:0.3391, tail mean rank:138.0730, topn:10.
2021-03-06 04:47:58,766 - root - INFO - avg hit:0.2682, avg mean rank:260.4413, topn:10.
2021-03-06 04:47:58,766 - root - INFO - Checkpointing ...
2021-03-06 04:50:37,196 - root - INFO - rec train loss:0.0161, kg train loss:0.1083!
2021-03-06 04:50:38,279 - root - INFO - f1:0.3506, p:0.4116, r:0.4082, hit:0.8929, ndcg:0.8395, topn:10.
2021-03-06 04:50:39,397 - root - INFO - f1:0.3669, p:0.5772, r:0.3379, hit:0.9597, ndcg:0.9115, topn:10.
2021-03-06 04:50:40,038 - root - INFO - head hit:0.1988, head mean rank:374.0482, topn:10.
2021-03-06 04:50:40,039 - root - INFO - tail hit:0.3645, tail mean rank:123.1717, topn:10.
2021-03-06 04:50:40,039 - root - INFO - avg hit:0.2816, avg mean rank:248.6099, topn:10.
2021-03-06 04:50:41,033 - root - INFO - head hit:0.1817, head mean rank:387.3691, topn:10.
2021-03-06 04:50:41,033 - root - INFO - tail hit:0.3348, tail mean rank:136.1860, topn:10.
2021-03-06 04:50:41,033 - root - INFO - avg hit:0.2582, avg mean rank:261.7775, topn:10.
2021-03-06 04:50:41,034 - root - INFO - Checkpointing ...
2021-03-06 04:53:20,177 - root - INFO - rec train loss:0.0181, kg train loss:0.0716!
2021-03-06 04:53:21,264 - root - INFO - f1:0.3512, p:0.4123, r:0.4087, hit:0.8929, ndcg:0.8411, topn:10.
2021-03-06 04:53:22,344 - root - INFO - f1:0.3678, p:0.5780, r:0.3388, hit:0.9597, ndcg:0.9115, topn:10.
2021-03-06 04:53:22,990 - root - INFO - head hit:0.2410, head mean rank:374.9789, topn:10.
2021-03-06 04:53:22,990 - root - INFO - tail hit:0.3434, tail mean rank:128.1446, topn:10.
2021-03-06 04:53:22,990 - root - INFO - avg hit:0.2922, avg mean rank:251.5617, topn:10.
2021-03-06 04:53:23,957 - root - INFO - head hit:0.2046, head mean rank:374.6309, topn:10.
2021-03-06 04:53:23,958 - root - INFO - tail hit:0.3362, tail mean rank:141.0787, topn:10.
2021-03-06 04:53:23,958 - root - INFO - avg hit:0.2704, avg mean rank:257.8548, topn:10.
2021-03-06 04:53:23,959 - root - INFO - Checkpointing ...
2021-03-06 04:56:02,443 - root - INFO - rec train loss:0.0091, kg train loss:0.0892!
2021-03-06 04:56:03,465 - root - INFO - f1:0.3510, p:0.4120, r:0.4086, hit:0.8940, ndcg:0.8416, topn:10.
2021-03-06 04:56:04,579 - root - INFO - f1:0.3678, p:0.5785, r:0.3384, hit:0.9597, ndcg:0.9143, topn:10.
2021-03-06 04:56:05,213 - root - INFO - head hit:0.1898, head mean rank:385.7922, topn:10.
2021-03-06 04:56:05,213 - root - INFO - tail hit:0.2711, tail mean rank:146.0783, topn:10.
2021-03-06 04:56:05,213 - root - INFO - avg hit:0.2304, avg mean rank:265.9352, topn:10.
2021-03-06 04:56:06,194 - root - INFO - head hit:0.1917, head mean rank:388.1760, topn:10.
2021-03-06 04:56:06,194 - root - INFO - tail hit:0.2647, tail mean rank:161.8670, topn:10.
2021-03-06 04:56:06,194 - root - INFO - avg hit:0.2282, avg mean rank:275.0215, topn:10.
2021-03-06 04:56:06,195 - root - INFO - No improvement after one epoch. Lowering learning rate.
2021-03-06 04:58:44,635 - root - INFO - rec train loss:0.0131, kg train loss:0.0424!
2021-03-06 04:58:45,728 - root - INFO - f1:0.3518, p:0.4128, r:0.4094, hit:0.8929, ndcg:0.8409, topn:10.
2021-03-06 04:58:46,851 - root - INFO - f1:0.3681, p:0.5788, r:0.3386, hit:0.9597, ndcg:0.9154, topn:10.
2021-03-06 04:58:47,480 - root - INFO - head hit:0.2229, head mean rank:369.5512, topn:10.
2021-03-06 04:58:47,481 - root - INFO - tail hit:0.4518, tail mean rank:99.7681, topn:10.
2021-03-06 04:58:47,481 - root - INFO - avg hit:0.3373, avg mean rank:234.6596, topn:10.
2021-03-06 04:58:48,524 - root - INFO - head hit:0.2132, head mean rank:392.9442, topn:10.
2021-03-06 04:58:48,525 - root - INFO - tail hit:0.4177, tail mean rank:120.7711, topn:10.
2021-03-06 04:58:48,525 - root - INFO - avg hit:0.3155, avg mean rank:256.8577, topn:10.
2021-03-06 04:58:48,526 - root - INFO - Checkpointing ...
2021-03-06 05:01:26,886 - root - INFO - rec train loss:0.0035, kg train loss:0.0347!
2021-03-06 05:01:27,973 - root - INFO - f1:0.3524, p:0.4135, r:0.4103, hit:0.8929, ndcg:0.8402, topn:10.
2021-03-06 05:01:29,055 - root - INFO - f1:0.3690, p:0.5796, r:0.3398, hit:0.9597, ndcg:0.9158, topn:10.
2021-03-06 05:01:29,666 - root - INFO - head hit:0.1988, head mean rank:359.5783, topn:10.
2021-03-06 05:01:29,667 - root - INFO - tail hit:0.4036, tail mean rank:107.9367, topn:10.
2021-03-06 05:01:29,667 - root - INFO - avg hit:0.3012, avg mean rank:233.7575, topn:10.
2021-03-06 05:01:30,655 - root - INFO - head hit:0.1946, head mean rank:379.9170, topn:10.
2021-03-06 05:01:30,656 - root - INFO - tail hit:0.4020, tail mean rank:124.0544, topn:10.
2021-03-06 05:01:30,656 - root - INFO - avg hit:0.2983, avg mean rank:251.9857, topn:10.
2021-03-06 05:01:30,657 - root - INFO - Checkpointing ...
2021-03-06 05:04:08,879 - root - INFO - rec train loss:0.0034, kg train loss:0.0311!
2021-03-06 05:04:10,133 - root - INFO - f1:0.3525, p:0.4137, r:0.4100, hit:0.8929, ndcg:0.8415, topn:10.
2021-03-06 05:04:11,148 - root - INFO - f1:0.3688, p:0.5797, r:0.3393, hit:0.9597, ndcg:0.9159, topn:10.
2021-03-06 05:04:11,751 - root - INFO - head hit:0.2108, head mean rank:362.0934, topn:10.
2021-03-06 05:04:11,752 - root - INFO - tail hit:0.3946, tail mean rank:112.9096, topn:10.
2021-03-06 05:04:11,752 - root - INFO - avg hit:0.3027, avg mean rank:237.5015, topn:10.
2021-03-06 05:04:12,675 - root - INFO - head hit:0.1989, head mean rank:391.6195, topn:10.
2021-03-06 05:04:12,675 - root - INFO - tail hit:0.3748, tail mean rank:125.6280, topn:10.
2021-03-06 05:04:12,675 - root - INFO - avg hit:0.2868, avg mean rank:258.6237, topn:10.
2021-03-06 05:04:12,676 - root - INFO - Checkpointing ...
2021-03-06 05:06:51,126 - root - INFO - rec train loss:0.0037, kg train loss:0.0409!
2021-03-06 05:06:52,125 - root - INFO - f1:0.3527, p:0.4138, r:0.4103, hit:0.8929, ndcg:0.8412, topn:10.
2021-03-06 05:06:53,165 - root - INFO - f1:0.3683, p:0.5794, r:0.3386, hit:0.9597, ndcg:0.9171, topn:10.
2021-03-06 05:06:53,782 - root - INFO - head hit:0.2169, head mean rank:370.9608, topn:10.
2021-03-06 05:06:53,783 - root - INFO - tail hit:0.3765, tail mean rank:118.7590, topn:10.
2021-03-06 05:06:53,783 - root - INFO - avg hit:0.2967, avg mean rank:244.8599, topn:10.
2021-03-06 05:06:54,789 - root - INFO - head hit:0.2003, head mean rank:382.0401, topn:10.
2021-03-06 05:06:54,789 - root - INFO - tail hit:0.3820, tail mean rank:132.9442, topn:10.
2021-03-06 05:06:54,789 - root - INFO - avg hit:0.2911, avg mean rank:257.4921, topn:10.
2021-03-06 05:06:54,790 - root - INFO - Checkpointing ...
2021-03-06 05:09:34,421 - root - INFO - rec train loss:0.0055, kg train loss:0.0162!
2021-03-06 05:09:35,443 - root - INFO - f1:0.3531, p:0.4145, r:0.4106, hit:0.8929, ndcg:0.8430, topn:10.
2021-03-06 05:09:36,477 - root - INFO - f1:0.3683, p:0.5796, r:0.3385, hit:0.9608, ndcg:0.9190, topn:10.
2021-03-06 05:09:37,125 - root - INFO - head hit:0.1988, head mean rank:369.0361, topn:10.
2021-03-06 05:09:37,125 - root - INFO - tail hit:0.3584, tail mean rank:112.7199, topn:10.
2021-03-06 05:09:37,125 - root - INFO - avg hit:0.2786, avg mean rank:240.8780, topn:10.
2021-03-06 05:09:38,074 - root - INFO - head hit:0.1774, head mean rank:386.1903, topn:10.
2021-03-06 05:09:38,074 - root - INFO - tail hit:0.3505, tail mean rank:127.4435, topn:10.
2021-03-06 05:09:38,074 - root - INFO - avg hit:0.2639, avg mean rank:256.8169, topn:10.
2021-03-06 05:09:38,075 - root - INFO - Checkpointing ...
2021-03-06 05:12:16,730 - root - INFO - rec train loss:0.0125, kg train loss:0.0083!
2021-03-06 05:12:17,751 - root - INFO - f1:0.3533, p:0.4145, r:0.4111, hit:0.8940, ndcg:0.8441, topn:10.
2021-03-06 05:12:18,816 - root - INFO - f1:0.3690, p:0.5804, r:0.3391, hit:0.9597, ndcg:0.9193, topn:10.
2021-03-06 05:12:19,434 - root - INFO - head hit:0.2048, head mean rank:383.1807, topn:10.
2021-03-06 05:12:19,435 - root - INFO - tail hit:0.4006, tail mean rank:116.4367, topn:10.
2021-03-06 05:12:19,435 - root - INFO - avg hit:0.3027, avg mean rank:249.8087, topn:10.
2021-03-06 05:12:20,362 - root - INFO - head hit:0.1946, head mean rank:399.0858, topn:10.
2021-03-06 05:12:20,362 - root - INFO - tail hit:0.3705, tail mean rank:131.3705, topn:10.
2021-03-06 05:12:20,362 - root - INFO - avg hit:0.2825, avg mean rank:265.2282, topn:10.
2021-03-06 05:12:20,363 - root - INFO - Checkpointing ...
2021-03-06 05:14:58,693 - root - INFO - rec train loss:0.0022, kg train loss:0.0105!
2021-03-06 05:14:59,738 - root - INFO - f1:0.3531, p:0.4146, r:0.4096, hit:0.8918, ndcg:0.8443, topn:10.
2021-03-06 05:15:00,822 - root - INFO - f1:0.3693, p:0.5807, r:0.3395, hit:0.9597, ndcg:0.9183, topn:10.
2021-03-06 05:15:01,483 - root - INFO - head hit:0.2289, head mean rank:365.4819, topn:10.
2021-03-06 05:15:01,483 - root - INFO - tail hit:0.3675, tail mean rank:119.9066, topn:10.
2021-03-06 05:15:01,483 - root - INFO - avg hit:0.2982, avg mean rank:242.6943, topn:10.
2021-03-06 05:15:02,516 - root - INFO - head hit:0.2275, head mean rank:385.2618, topn:10.
2021-03-06 05:15:02,516 - root - INFO - tail hit:0.3605, tail mean rank:137.7711, topn:10.
2021-03-06 05:15:02,516 - root - INFO - avg hit:0.2940, avg mean rank:261.5165, topn:10.
2021-03-06 05:15:02,517 - root - INFO - No improvement after one epoch. Lowering learning rate.
2021-03-06 05:17:41,123 - root - INFO - rec train loss:0.0090, kg train loss:0.0140!
2021-03-06 05:17:42,136 - root - INFO - f1:0.3531, p:0.4146, r:0.4094, hit:0.8908, ndcg:0.8448, topn:10.
2021-03-06 05:17:43,215 - root - INFO - f1:0.3695, p:0.5810, r:0.3397, hit:0.9586, ndcg:0.9189, topn:10.
2021-03-06 05:17:43,864 - root - INFO - head hit:0.2319, head mean rank:369.3404, topn:10.
2021-03-06 05:17:43,864 - root - INFO - tail hit:0.4428, tail mean rank:95.7199, topn:10.
2021-03-06 05:17:43,865 - root - INFO - avg hit:0.3373, avg mean rank:232.5301, topn:10.
2021-03-06 05:17:44,863 - root - INFO - head hit:0.2175, head mean rank:384.9871, topn:10.
2021-03-06 05:17:44,863 - root - INFO - tail hit:0.4292, tail mean rank:111.4235, topn:10.
2021-03-06 05:17:44,863 - root - INFO - avg hit:0.3233, avg mean rank:248.2053, topn:10.
2021-03-06 05:17:44,864 - root - INFO - No improvement after one epoch. Lowering learning rate.
2021-03-06 05:20:22,409 - root - INFO - rec train loss:0.0038, kg train loss:0.0206!
2021-03-06 05:20:23,518 - root - INFO - f1:0.3531, p:0.4147, r:0.4094, hit:0.8918, ndcg:0.8462, topn:10.
2021-03-06 05:20:24,640 - root - INFO - f1:0.3692, p:0.5807, r:0.3394, hit:0.9597, ndcg:0.9201, topn:10.
2021-03-06 05:20:25,346 - root - INFO - head hit:0.2289, head mean rank:368.8373, topn:10.
2021-03-06 05:20:25,346 - root - INFO - tail hit:0.4488, tail mean rank:96.2319, topn:10.
2021-03-06 05:20:25,346 - root - INFO - avg hit:0.3389, avg mean rank:232.5346, topn:10.
2021-03-06 05:20:26,325 - root - INFO - head hit:0.2318, head mean rank:388.1116, topn:10.
2021-03-06 05:20:26,325 - root - INFO - tail hit:0.4263, tail mean rank:111.4936, topn:10.
2021-03-06 05:20:26,325 - root - INFO - avg hit:0.3290, avg mean rank:249.8026, topn:10.
2021-03-06 05:20:26,326 - root - INFO - No improvement after one epoch. Lowering learning rate.
2021-03-06 05:23:06,080 - root - INFO - rec train loss:0.0004, kg train loss:0.0158!
2021-03-06 05:23:07,225 - root - INFO - f1:0.3532, p:0.4147, r:0.4103, hit:0.8918, ndcg:0.8468, topn:10.
2021-03-06 05:23:08,376 - root - INFO - f1:0.3694, p:0.5808, r:0.3397, hit:0.9597, ndcg:0.9205, topn:10.
2021-03-06 05:23:09,053 - root - INFO - head hit:0.2349, head mean rank:368.5120, topn:10.
2021-03-06 05:23:09,053 - root - INFO - tail hit:0.4458, tail mean rank:97.3614, topn:10.
2021-03-06 05:23:09,053 - root - INFO - avg hit:0.3404, avg mean rank:232.9367, topn:10.
2021-03-06 05:23:10,016 - root - INFO - head hit:0.2289, head mean rank:388.1717, topn:10.
2021-03-06 05:23:10,016 - root - INFO - tail hit:0.4235, tail mean rank:112.8255, topn:10.
2021-03-06 05:23:10,016 - root - INFO - avg hit:0.3262, avg mean rank:250.4986, topn:10.
2021-03-06 05:23:10,017 - root - INFO - No improvement after one epoch. Lowering learning rate.
2021-03-06 05:25:48,876 - root - INFO - rec train loss:0.0000, kg train loss:0.0185!
2021-03-06 05:25:49,937 - root - INFO - f1:0.3533, p:0.4148, r:0.4104, hit:0.8918, ndcg:0.8465, topn:10.
2021-03-06 05:25:51,013 - root - INFO - f1:0.3692, p:0.5807, r:0.3394, hit:0.9597, ndcg:0.9208, topn:10.
2021-03-06 05:25:51,629 - root - INFO - head hit:0.2349, head mean rank:367.9789, topn:10.
2021-03-06 05:25:51,630 - root - INFO - tail hit:0.4458, tail mean rank:97.6476, topn:10.
2021-03-06 05:25:51,630 - root - INFO - avg hit:0.3404, avg mean rank:232.8133, topn:10.
2021-03-06 05:25:52,582 - root - INFO - head hit:0.2289, head mean rank:387.4721, topn:10.
2021-03-06 05:25:52,583 - root - INFO - tail hit:0.4206, tail mean rank:113.0873, topn:10.
2021-03-06 05:25:52,583 - root - INFO - avg hit:0.3247, avg mean rank:250.2797, topn:10.
2021-03-06 05:25:52,583 - root - INFO - Checkpointing ...
2021-03-06 05:28:30,036 - root - INFO - rec train loss:0.0053, kg train loss:0.0065!
2021-03-06 05:28:31,142 - root - INFO - f1:0.3534, p:0.4150, r:0.4105, hit:0.8929, ndcg:0.8469, topn:10.
2021-03-06 05:28:32,266 - root - INFO - f1:0.3694, p:0.5808, r:0.3396, hit:0.9597, ndcg:0.9205, topn:10.
2021-03-06 05:28:32,881 - root - INFO - head hit:0.2349, head mean rank:367.9759, topn:10.
2021-03-06 05:28:32,881 - root - INFO - tail hit:0.4458, tail mean rank:97.7259, topn:10.
2021-03-06 05:28:32,882 - root - INFO - avg hit:0.3404, avg mean rank:232.8509, topn:10.
2021-03-06 05:28:33,810 - root - INFO - head hit:0.2289, head mean rank:387.5336, topn:10.
2021-03-06 05:28:33,810 - root - INFO - tail hit:0.4206, tail mean rank:113.2361, topn:10.
2021-03-06 05:28:33,810 - root - INFO - avg hit:0.3247, avg mean rank:250.3848, topn:10.
2021-03-06 05:28:33,811 - root - INFO - Checkpointing ...
2021-03-06 05:31:12,928 - root - INFO - rec train loss:0.0059, kg train loss:0.0063!
2021-03-06 05:31:14,015 - root - INFO - f1:0.3536, p:0.4152, r:0.4108, hit:0.8929, ndcg:0.8469, topn:10.
2021-03-06 05:31:15,096 - root - INFO - f1:0.3694, p:0.5809, r:0.3396, hit:0.9597, ndcg:0.9205, topn:10.
2021-03-06 05:31:15,749 - root - INFO - head hit:0.2380, head mean rank:368.0000, topn:10.
2021-03-06 05:31:15,749 - root - INFO - tail hit:0.4578, tail mean rank:96.7741, topn:10.
2021-03-06 05:31:15,750 - root - INFO - avg hit:0.3479, avg mean rank:232.3870, topn:10.
2021-03-06 05:31:16,758 - root - INFO - head hit:0.2246, head mean rank:387.6881, topn:10.
2021-03-06 05:31:16,759 - root - INFO - tail hit:0.4249, tail mean rank:111.9471, topn:10.
2021-03-06 05:31:16,759 - root - INFO - avg hit:0.3247, avg mean rank:249.8176, topn:10.
2021-03-06 05:31:16,760 - root - INFO - Checkpointing ...
2021-03-06 05:33:55,588 - root - INFO - rec train loss:0.0001, kg train loss:0.0107!
2021-03-06 05:33:56,701 - root - INFO - f1:0.3537, p:0.4153, r:0.4109, hit:0.8929, ndcg:0.8464, topn:10.
2021-03-06 05:33:57,988 - root - INFO - f1:0.3694, p:0.5809, r:0.3396, hit:0.9597, ndcg:0.9206, topn:10.
2021-03-06 05:33:58,664 - root - INFO - head hit:0.2319, head mean rank:369.3554, topn:10.
2021-03-06 05:33:58,665 - root - INFO - tail hit:0.4488, tail mean rank:96.8102, topn:10.
2021-03-06 05:33:58,665 - root - INFO - avg hit:0.3404, avg mean rank:233.0828, topn:10.
2021-03-06 05:33:59,636 - root - INFO - head hit:0.2260, head mean rank:388.3262, topn:10.
2021-03-06 05:33:59,636 - root - INFO - tail hit:0.4220, tail mean rank:112.1173, topn:10.
2021-03-06 05:33:59,636 - root - INFO - avg hit:0.3240, avg mean rank:250.2217, topn:10.
2021-03-06 05:33:59,637 - root - INFO - Checkpointing ...
2021-03-06 05:36:38,067 - root - INFO - rec train loss:0.0079, kg train loss:0.0167!
2021-03-06 05:36:39,129 - root - INFO - f1:0.3535, p:0.4151, r:0.4098, hit:0.8918, ndcg:0.8465, topn:10.
2021-03-06 05:36:40,279 - root - INFO - f1:0.3694, p:0.5809, r:0.3396, hit:0.9597, ndcg:0.9206, topn:10.
2021-03-06 05:36:40,892 - root - INFO - head hit:0.2319, head mean rank:368.6928, topn:10.
2021-03-06 05:36:40,893 - root - INFO - tail hit:0.4578, tail mean rank:96.9608, topn:10.
2021-03-06 05:36:40,893 - root - INFO - avg hit:0.3449, avg mean rank:232.8268, topn:10.
2021-03-06 05:36:41,887 - root - INFO - head hit:0.2232, head mean rank:387.9871, topn:10.
2021-03-06 05:36:41,887 - root - INFO - tail hit:0.4220, tail mean rank:112.0944, topn:10.
2021-03-06 05:36:41,887 - root - INFO - avg hit:0.3226, avg mean rank:250.0408, topn:10.
2021-03-06 05:36:41,888 - root - INFO - No improvement after one epoch. Lowering learning rate.
2021-03-06 05:39:19,773 - root - INFO - rec train loss:0.0000, kg train loss:0.0143!
2021-03-06 05:39:20,877 - root - INFO - f1:0.3535, p:0.4151, r:0.4098, hit:0.8918, ndcg:0.8466, topn:10.
2021-03-06 05:39:21,935 - root - INFO - f1:0.3694, p:0.5809, r:0.3396, hit:0.9597, ndcg:0.9206, topn:10.
2021-03-06 05:39:22,622 - root - INFO - head hit:0.2319, head mean rank:368.6777, topn:10.
2021-03-06 05:39:22,623 - root - INFO - tail hit:0.4578, tail mean rank:97.0392, topn:10.
2021-03-06 05:39:22,623 - root - INFO - avg hit:0.3449, avg mean rank:232.8584, topn:10.
2021-03-06 05:39:23,576 - root - INFO - head hit:0.2232, head mean rank:387.9771, topn:10.
2021-03-06 05:39:23,576 - root - INFO - tail hit:0.4220, tail mean rank:112.1187, topn:10.
2021-03-06 05:39:23,576 - root - INFO - avg hit:0.3226, avg mean rank:250.0479, topn:10.
2021-03-06 05:39:23,577 - root - INFO - No improvement after one epoch. Lowering learning rate.
2021-03-06 05:42:02,709 - root - INFO - rec train loss:0.0000, kg train loss:0.0057!
2021-03-06 05:42:03,798 - root - INFO - f1:0.3534, p:0.4150, r:0.4097, hit:0.8918, ndcg:0.8466, topn:10.
2021-03-06 05:42:04,914 - root - INFO - f1:0.3694, p:0.5809, r:0.3396, hit:0.9597, ndcg:0.9206, topn:10.
2021-03-06 05:42:05,552 - root - INFO - head hit:0.2319, head mean rank:368.6988, topn:10.
2021-03-06 05:42:05,552 - root - INFO - tail hit:0.4578, tail mean rank:97.0482, topn:10.
2021-03-06 05:42:05,552 - root - INFO - avg hit:0.3449, avg mean rank:232.8735, topn:10.
2021-03-06 05:42:06,485 - root - INFO - head hit:0.2260, head mean rank:387.9828, topn:10.
2021-03-06 05:42:06,485 - root - INFO - tail hit:0.4220, tail mean rank:112.1144, topn:10.
2021-03-06 05:42:06,485 - root - INFO - avg hit:0.3240, avg mean rank:250.0486, topn:10.
2021-03-06 05:42:06,486 - root - INFO - No improvement after one epoch. Lowering learning rate.
2021-03-06 05:44:44,772 - root - INFO - rec train loss:0.0046, kg train loss:0.0017!
2021-03-06 05:44:45,844 - root - INFO - f1:0.3534, p:0.4150, r:0.4097, hit:0.8918, ndcg:0.8466, topn:10.
2021-03-06 05:44:46,878 - root - INFO - f1:0.3694, p:0.5809, r:0.3396, hit:0.9597, ndcg:0.9206, topn:10.
2021-03-06 05:44:47,553 - root - INFO - head hit:0.2319, head mean rank:368.8404, topn:10.
2021-03-06 05:44:47,553 - root - INFO - tail hit:0.4578, tail mean rank:96.9940, topn:10.
2021-03-06 05:44:47,553 - root - INFO - avg hit:0.3449, avg mean rank:232.9172, topn:10.
2021-03-06 05:44:48,555 - root - INFO - head hit:0.2260, head mean rank:388.0100, topn:10.
2021-03-06 05:44:48,555 - root - INFO - tail hit:0.4220, tail mean rank:112.0372, topn:10.
2021-03-06 05:44:48,555 - root - INFO - avg hit:0.3240, avg mean rank:250.0236, topn:10.
2021-03-06 05:44:48,556 - root - INFO - No improvement after one epoch. Lowering learning rate.
2021-03-06 05:47:25,378 - root - INFO - rec train loss:0.0002, kg train loss:0.0204!
2021-03-06 05:47:26,443 - root - INFO - f1:0.3534, p:0.4150, r:0.4097, hit:0.8918, ndcg:0.8466, topn:10.
2021-03-06 05:47:27,540 - root - INFO - f1:0.3694, p:0.5809, r:0.3396, hit:0.9597, ndcg:0.9206, topn:10.
2021-03-06 05:47:28,179 - root - INFO - head hit:0.2319, head mean rank:368.7229, topn:10.
2021-03-06 05:47:28,180 - root - INFO - tail hit:0.4548, tail mean rank:97.0211, topn:10.
2021-03-06 05:47:28,180 - root - INFO - avg hit:0.3434, avg mean rank:232.8720, topn:10.
2021-03-06 05:47:29,202 - root - INFO - head hit:0.2260, head mean rank:387.9828, topn:10.
2021-03-06 05:47:29,202 - root - INFO - tail hit:0.4220, tail mean rank:112.0730, topn:10.
2021-03-06 05:47:29,202 - root - INFO - avg hit:0.3240, avg mean rank:250.0279, topn:10.
2021-03-06 05:47:29,203 - root - INFO - No improvement after one epoch. Lowering learning rate.
2021-03-06 05:47:29,240 - root - INFO - No improvement after 51960 steps. Stopping training.
2021-03-06 05:47:30,746 - root - INFO - From CaseRecommender evaluator: {'PREC@10': 0.414952, 'RECALL@10': 0.40969, 'NDCG@10': 0.84663, 'MAP@10': 0.820766, 'MAP': 0.820766}.
2021-03-06 05:47:30,956 - root - INFO - From kg-summ-rec diversity evaluator: {'GENRE_COVERAGE@10': 0.467038, 'GENRE_REDUNDANCY@10': 0.439356, 'ILD_GENRE@10': 0.805929}.
2021-03-06 05:47:32,523 - root - INFO - From CaseRecommender evaluator: {'PREC@10': 0.580912, 'RECALL@10': 0.339626, 'NDCG@10': 0.92059, 'MAP@10': 0.896995, 'MAP': 0.896995}.
2021-03-06 05:47:32,865 - root - INFO - From kg-summ-rec diversity evaluator: {'GENRE_COVERAGE@10': 0.459084, 'GENRE_REDUNDANCY@10': 0.428504, 'ILD_GENRE@10': 0.800991}.
