2021-03-06 02:00:04,243 - root - INFO - Flag Values:
{
    "L1_flag": false,
    "batch_size": 256,
    "ckpt_path": "/home/juarez/git/results/JIIS-revised-exp1/ml-sun_ho_sfKG_ig-sv-complex-75/",
    "clipping_max_value": 5.0,
    "data_path": "/home/juarez/git/datasets/JIIS-revised-exp1/ml-sun_ho_sfKG_ig-sv-complex-75/cao-format/",
    "dataset": "ml1m",
    "early_stopping_steps_to_wait": 1331,
    "embedding_size": 100,
    "eval_interval_steps": 266,
    "eval_only_mode": false,
    "experiment_name": "ml1m-bprmf-1615006804",
    "filter_wrong_corrupted": true,
    "has_visualization": false,
    "is_report": false,
    "joint_ratio": 0.5,
    "kg_lambda": 1.0,
    "kg_test_files": null,
    "l2_lambda": 1e-05,
    "learning_rate": 0.005,
    "learning_rate_decay_when_no_progress": 0.5,
    "load_ckpt_file": null,
    "load_experiment_name": null,
    "log_level": "debug",
    "log_path": "/home/juarez/git/results/JIIS-revised-exp1/ml-sun_ho_sfKG_ig-sv-complex-75/",
    "margin": 1.0,
    "max_queue": 10,
    "model_type": "bprmf",
    "momentum": 0.9,
    "negtive_samples": 1,
    "norm_lambda": 1.0,
    "num_preferences": 4,
    "num_processes": 4,
    "optimizer_type": "Adagrad",
    "rec_test_files": "valid.dat:test.dat",
    "seed": 0,
    "share_embeddings": false,
    "topn": 10,
    "training_steps": 26630,
    "use_st_gumbel": false,
    "visualization_port": 8097
}
2021-03-06 02:00:04,428 - root - INFO - Totally 69982 train ratings, 9998,19995 eval ratings in files: /home/juarez/git/datasets/JIIS-revised-exp1/ml-sun_ho_sfKG_ig-sv-complex-75/cao-format/ml1m/valid.dat;/home/juarez/git/datasets/JIIS-revised-exp1/ml-sun_ho_sfKG_ig-sv-complex-75/cao-format/ml1m/test.dat!
2021-03-06 02:00:04,430 - root - INFO - successfully load 943 users and 1675 items!
2021-03-06 02:00:04,487 - root - INFO - Building model.
2021-03-06 02:00:05,914 - root - INFO - Architecture: BPRMF(
  (user_embeddings): Embedding(943, 100)
  (item_embeddings): Embedding(1675, 100)
)
2021-03-06 02:00:05,914 - root - INFO - Total params: 261800.0
2021-03-06 02:00:05,914 - root - INFO - One epoch is 274 steps.
2021-03-06 02:00:05,915 - root - INFO - Training.
2021-03-06 02:00:05,915 - root - INFO - train loss:0.0000!
2021-03-06 02:00:07,050 - root - INFO - f1:0.0058, p:0.0072, r:0.0073, hit:0.0700, ndcg:0.0381, topn:10.
2021-03-06 02:00:08,059 - root - INFO - f1:0.0095, p:0.0164, r:0.0090, hit:0.1453, ndcg:0.0789, topn:10.
2021-03-06 02:00:09,522 - root - INFO - train loss:0.6944!
2021-03-06 02:00:10,550 - root - INFO - f1:0.0083, p:0.0104, r:0.0098, hit:0.0965, ndcg:0.0549, topn:10.
2021-03-06 02:00:11,595 - root - INFO - f1:0.0115, p:0.0211, r:0.0104, hit:0.1792, ndcg:0.0955, topn:10.
2021-03-06 02:00:11,599 - root - INFO - Checkpointing ...
2021-03-06 02:00:13,474 - root - INFO - train loss:0.6864!
2021-03-06 02:00:14,489 - root - INFO - f1:0.0089, p:0.0110, r:0.0106, hit:0.1007, ndcg:0.0580, topn:10.
2021-03-06 02:00:15,602 - root - INFO - f1:0.0125, p:0.0233, r:0.0112, hit:0.1930, ndcg:0.1052, topn:10.
2021-03-06 02:00:15,608 - root - INFO - Checkpointing ...
2021-03-06 02:00:17,348 - root - INFO - train loss:0.6818!
2021-03-06 02:00:18,366 - root - INFO - f1:0.0102, p:0.0127, r:0.0119, hit:0.1124, ndcg:0.0652, topn:10.
2021-03-06 02:00:19,416 - root - INFO - f1:0.0140, p:0.0266, r:0.0124, hit:0.2110, ndcg:0.1170, topn:10.
2021-03-06 02:00:19,421 - root - INFO - Checkpointing ...
2021-03-06 02:00:21,084 - root - INFO - train loss:0.6771!
2021-03-06 02:00:22,095 - root - INFO - f1:0.0118, p:0.0152, r:0.0132, hit:0.1357, ndcg:0.0761, topn:10.
2021-03-06 02:00:23,151 - root - INFO - f1:0.0171, p:0.0332, r:0.0150, hit:0.2428, ndcg:0.1363, topn:10.
2021-03-06 02:00:23,155 - root - INFO - Checkpointing ...
2021-03-06 02:00:24,689 - root - INFO - train loss:0.6714!
2021-03-06 02:00:25,689 - root - INFO - f1:0.0141, p:0.0186, r:0.0151, hit:0.1580, ndcg:0.0891, topn:10.
2021-03-06 02:00:26,724 - root - INFO - f1:0.0205, p:0.0413, r:0.0175, hit:0.2757, ndcg:0.1577, topn:10.
2021-03-06 02:00:26,729 - root - INFO - Checkpointing ...
2021-03-06 02:00:28,247 - root - INFO - train loss:0.6660!
2021-03-06 02:00:29,308 - root - INFO - f1:0.0173, p:0.0234, r:0.0178, hit:0.1877, ndcg:0.1060, topn:10.
2021-03-06 02:00:30,301 - root - INFO - f1:0.0247, p:0.0507, r:0.0208, hit:0.3160, ndcg:0.1812, topn:10.
2021-03-06 02:00:30,304 - root - INFO - Checkpointing ...
2021-03-06 02:00:31,633 - root - INFO - train loss:0.6593!
2021-03-06 02:00:32,855 - root - INFO - f1:0.0213, p:0.0290, r:0.0225, hit:0.2142, ndcg:0.1260, topn:10.
2021-03-06 02:00:33,832 - root - INFO - f1:0.0301, p:0.0619, r:0.0253, hit:0.3595, ndcg:0.2114, topn:10.
2021-03-06 02:00:33,836 - root - INFO - Checkpointing ...
2021-03-06 02:00:35,787 - root - INFO - train loss:0.6514!
2021-03-06 02:00:36,779 - root - INFO - f1:0.0277, p:0.0371, r:0.0303, hit:0.2566, ndcg:0.1517, topn:10.
2021-03-06 02:00:37,799 - root - INFO - f1:0.0363, p:0.0753, r:0.0300, hit:0.3966, ndcg:0.2353, topn:10.
2021-03-06 02:00:37,805 - root - INFO - Checkpointing ...
2021-03-06 02:00:39,501 - root - INFO - train loss:0.6427!
2021-03-06 02:00:40,540 - root - INFO - f1:0.0326, p:0.0439, r:0.0349, hit:0.2800, ndcg:0.1709, topn:10.
2021-03-06 02:00:41,553 - root - INFO - f1:0.0431, p:0.0893, r:0.0352, hit:0.4348, ndcg:0.2676, topn:10.
2021-03-06 02:00:41,557 - root - INFO - Checkpointing ...
2021-03-06 02:00:43,129 - root - INFO - train loss:0.6325!
2021-03-06 02:00:44,199 - root - INFO - f1:0.0386, p:0.0521, r:0.0416, hit:0.3171, ndcg:0.1918, topn:10.
2021-03-06 02:00:45,284 - root - INFO - f1:0.0511, p:0.1036, r:0.0419, hit:0.4708, ndcg:0.2913, topn:10.
2021-03-06 02:00:45,289 - root - INFO - Checkpointing ...
2021-03-06 02:00:47,256 - root - INFO - train loss:0.6220!
2021-03-06 02:00:48,214 - root - INFO - f1:0.0443, p:0.0592, r:0.0476, hit:0.3457, ndcg:0.2085, topn:10.
2021-03-06 02:00:49,213 - root - INFO - f1:0.0578, p:0.1161, r:0.0475, hit:0.5069, ndcg:0.3182, topn:10.
2021-03-06 02:00:49,217 - root - INFO - Checkpointing ...
2021-03-06 02:00:51,009 - root - INFO - train loss:0.6092!
2021-03-06 02:00:52,069 - root - INFO - f1:0.0502, p:0.0672, r:0.0543, hit:0.3796, ndcg:0.2301, topn:10.
2021-03-06 02:00:53,165 - root - INFO - f1:0.0652, p:0.1297, r:0.0540, hit:0.5408, ndcg:0.3407, topn:10.
2021-03-06 02:00:53,168 - root - INFO - Checkpointing ...
2021-03-06 02:00:55,177 - root - INFO - train loss:0.5971!
2021-03-06 02:00:56,284 - root - INFO - f1:0.0568, p:0.0758, r:0.0611, hit:0.4093, ndcg:0.2458, topn:10.
2021-03-06 02:00:57,308 - root - INFO - f1:0.0718, p:0.1422, r:0.0590, hit:0.5705, ndcg:0.3616, topn:10.
2021-03-06 02:00:57,311 - root - INFO - Checkpointing ...
2021-03-06 02:00:58,974 - root - INFO - train loss:0.5826!
2021-03-06 02:01:00,071 - root - INFO - f1:0.0621, p:0.0818, r:0.0685, hit:0.4390, ndcg:0.2649, topn:10.
2021-03-06 02:01:01,139 - root - INFO - f1:0.0788, p:0.1537, r:0.0651, hit:0.5938, ndcg:0.3815, topn:10.
2021-03-06 02:01:01,142 - root - INFO - Checkpointing ...
2021-03-06 02:01:03,057 - root - INFO - train loss:0.5686!
2021-03-06 02:01:04,146 - root - INFO - f1:0.0681, p:0.0889, r:0.0751, hit:0.4634, ndcg:0.2796, topn:10.
2021-03-06 02:01:05,218 - root - INFO - f1:0.0849, p:0.1644, r:0.0709, hit:0.6066, ndcg:0.3958, topn:10.
2021-03-06 02:01:05,222 - root - INFO - Checkpointing ...
2021-03-06 02:01:06,991 - root - INFO - train loss:0.5543!
2021-03-06 02:01:08,074 - root - INFO - f1:0.0725, p:0.0940, r:0.0808, hit:0.4804, ndcg:0.2926, topn:10.
2021-03-06 02:01:09,123 - root - INFO - f1:0.0911, p:0.1745, r:0.0765, hit:0.6214, ndcg:0.4063, topn:10.
2021-03-06 02:01:09,126 - root - INFO - Checkpointing ...
2021-03-06 02:01:10,839 - root - INFO - train loss:0.5392!
2021-03-06 02:01:11,925 - root - INFO - f1:0.0773, p:0.0989, r:0.0875, hit:0.5069, ndcg:0.3091, topn:10.
2021-03-06 02:01:12,970 - root - INFO - f1:0.0953, p:0.1815, r:0.0802, hit:0.6373, ndcg:0.4214, topn:10.
2021-03-06 02:01:12,974 - root - INFO - Checkpointing ...
2021-03-06 02:01:14,662 - root - INFO - train loss:0.5255!
2021-03-06 02:01:15,683 - root - INFO - f1:0.0822, p:0.1046, r:0.0934, hit:0.5270, ndcg:0.3264, topn:10.
2021-03-06 02:01:16,555 - root - INFO - f1:0.0992, p:0.1866, r:0.0841, hit:0.6522, ndcg:0.4319, topn:10.
2021-03-06 02:01:16,559 - root - INFO - Checkpointing ...
2021-03-06 02:01:18,257 - root - INFO - train loss:0.5096!
2021-03-06 02:01:19,343 - root - INFO - f1:0.0863, p:0.1089, r:0.0986, hit:0.5419, ndcg:0.3342, topn:10.
2021-03-06 02:01:20,429 - root - INFO - f1:0.1046, p:0.1940, r:0.0896, hit:0.6744, ndcg:0.4454, topn:10.
2021-03-06 02:01:20,434 - root - INFO - Checkpointing ...
2021-03-06 02:01:22,129 - root - INFO - train loss:0.4963!
2021-03-06 02:01:23,142 - root - INFO - f1:0.0880, p:0.1106, r:0.1004, hit:0.5472, ndcg:0.3444, topn:10.
2021-03-06 02:01:24,378 - root - INFO - f1:0.1080, p:0.1983, r:0.0931, hit:0.6946, ndcg:0.4595, topn:10.
2021-03-06 02:01:24,382 - root - INFO - Checkpointing ...
2021-03-06 02:01:26,072 - root - INFO - train loss:0.4828!
2021-03-06 02:01:27,211 - root - INFO - f1:0.0907, p:0.1129, r:0.1049, hit:0.5578, ndcg:0.3531, topn:10.
2021-03-06 02:01:28,247 - root - INFO - f1:0.1112, p:0.2025, r:0.0966, hit:0.6999, ndcg:0.4686, topn:10.
2021-03-06 02:01:28,252 - root - INFO - Checkpointing ...
2021-03-06 02:01:29,849 - root - INFO - train loss:0.4695!
2021-03-06 02:01:30,903 - root - INFO - f1:0.0936, p:0.1161, r:0.1082, hit:0.5663, ndcg:0.3597, topn:10.
2021-03-06 02:01:31,961 - root - INFO - f1:0.1140, p:0.2065, r:0.0995, hit:0.7126, ndcg:0.4793, topn:10.
2021-03-06 02:01:31,965 - root - INFO - Checkpointing ...
2021-03-06 02:01:33,442 - root - INFO - train loss:0.4572!
2021-03-06 02:01:34,568 - root - INFO - f1:0.0969, p:0.1195, r:0.1122, hit:0.5726, ndcg:0.3621, topn:10.
2021-03-06 02:01:35,654 - root - INFO - f1:0.1162, p:0.2086, r:0.1020, hit:0.7169, ndcg:0.4850, topn:10.
2021-03-06 02:01:35,658 - root - INFO - Checkpointing ...
2021-03-06 02:01:37,501 - root - INFO - train loss:0.4462!
2021-03-06 02:01:38,540 - root - INFO - f1:0.0992, p:0.1220, r:0.1152, hit:0.5779, ndcg:0.3678, topn:10.
2021-03-06 02:01:39,539 - root - INFO - f1:0.1181, p:0.2108, r:0.1042, hit:0.7200, ndcg:0.4907, topn:10.
2021-03-06 02:01:39,543 - root - INFO - Checkpointing ...
2021-03-06 02:01:40,970 - root - INFO - train loss:0.4346!
2021-03-06 02:01:41,920 - root - INFO - f1:0.1017, p:0.1243, r:0.1189, hit:0.5832, ndcg:0.3714, topn:10.
2021-03-06 02:01:42,973 - root - INFO - f1:0.1220, p:0.2158, r:0.1079, hit:0.7306, ndcg:0.4953, topn:10.
2021-03-06 02:01:42,976 - root - INFO - Checkpointing ...
2021-03-06 02:01:44,367 - root - INFO - train loss:0.4251!
2021-03-06 02:01:45,439 - root - INFO - f1:0.1028, p:0.1253, r:0.1214, hit:0.5875, ndcg:0.3783, topn:10.
2021-03-06 02:01:46,558 - root - INFO - f1:0.1228, p:0.2170, r:0.1093, hit:0.7359, ndcg:0.5036, topn:10.
2021-03-06 02:01:46,563 - root - INFO - Checkpointing ...
2021-03-06 02:01:48,050 - root - INFO - train loss:0.4167!
2021-03-06 02:01:49,082 - root - INFO - f1:0.1045, p:0.1267, r:0.1240, hit:0.5917, ndcg:0.3820, topn:10.
2021-03-06 02:01:50,131 - root - INFO - f1:0.1245, p:0.2192, r:0.1112, hit:0.7423, ndcg:0.5092, topn:10.
2021-03-06 02:01:50,134 - root - INFO - Checkpointing ...
2021-03-06 02:01:51,358 - root - INFO - train loss:0.4078!
2021-03-06 02:01:52,381 - root - INFO - f1:0.1057, p:0.1276, r:0.1257, hit:0.5949, ndcg:0.3852, topn:10.
2021-03-06 02:01:53,431 - root - INFO - f1:0.1273, p:0.2225, r:0.1141, hit:0.7508, ndcg:0.5160, topn:10.
2021-03-06 02:01:53,435 - root - INFO - Checkpointing ...
2021-03-06 02:01:55,252 - root - INFO - train loss:0.3998!
2021-03-06 02:01:56,357 - root - INFO - f1:0.1071, p:0.1288, r:0.1291, hit:0.6013, ndcg:0.3899, topn:10.
2021-03-06 02:01:57,381 - root - INFO - f1:0.1286, p:0.2240, r:0.1156, hit:0.7540, ndcg:0.5207, topn:10.
2021-03-06 02:01:57,385 - root - INFO - Checkpointing ...
2021-03-06 02:01:59,167 - root - INFO - train loss:0.3920!
2021-03-06 02:02:00,189 - root - INFO - f1:0.1079, p:0.1299, r:0.1300, hit:0.6034, ndcg:0.3939, topn:10.
2021-03-06 02:02:01,233 - root - INFO - f1:0.1297, p:0.2255, r:0.1167, hit:0.7614, ndcg:0.5249, topn:10.
2021-03-06 02:02:01,237 - root - INFO - Checkpointing ...
2021-03-06 02:02:02,674 - root - INFO - train loss:0.3846!
2021-03-06 02:02:03,691 - root - INFO - f1:0.1088, p:0.1308, r:0.1313, hit:0.6055, ndcg:0.3983, topn:10.
2021-03-06 02:02:04,771 - root - INFO - f1:0.1312, p:0.2268, r:0.1187, hit:0.7678, ndcg:0.5310, topn:10.
2021-03-06 02:02:04,775 - root - INFO - Checkpointing ...
2021-03-06 02:02:06,249 - root - INFO - train loss:0.3799!
2021-03-06 02:02:07,317 - root - INFO - f1:0.1106, p:0.1326, r:0.1336, hit:0.6087, ndcg:0.4010, topn:10.
2021-03-06 02:02:08,344 - root - INFO - f1:0.1324, p:0.2286, r:0.1198, hit:0.7678, ndcg:0.5326, topn:10.
2021-03-06 02:02:08,348 - root - INFO - Checkpointing ...
2021-03-06 02:02:10,009 - root - INFO - train loss:0.3745!
2021-03-06 02:02:11,053 - root - INFO - f1:0.1124, p:0.1340, r:0.1369, hit:0.6193, ndcg:0.4065, topn:10.
2021-03-06 02:02:12,341 - root - INFO - f1:0.1337, p:0.2304, r:0.1212, hit:0.7699, ndcg:0.5352, topn:10.
2021-03-06 02:02:12,346 - root - INFO - Checkpointing ...
2021-03-06 02:02:14,161 - root - INFO - train loss:0.3685!
2021-03-06 02:02:15,260 - root - INFO - f1:0.1133, p:0.1352, r:0.1377, hit:0.6193, ndcg:0.4076, topn:10.
2021-03-06 02:02:16,327 - root - INFO - f1:0.1362, p:0.2333, r:0.1240, hit:0.7794, ndcg:0.5395, topn:10.
2021-03-06 02:02:16,331 - root - INFO - Checkpointing ...
2021-03-06 02:02:18,240 - root - INFO - train loss:0.3639!
2021-03-06 02:02:19,343 - root - INFO - f1:0.1143, p:0.1358, r:0.1395, hit:0.6225, ndcg:0.4091, topn:10.
2021-03-06 02:02:20,470 - root - INFO - f1:0.1376, p:0.2351, r:0.1257, hit:0.7805, ndcg:0.5434, topn:10.
2021-03-06 02:02:20,474 - root - INFO - Checkpointing ...
2021-03-06 02:02:22,402 - root - INFO - train loss:0.3571!
2021-03-06 02:02:23,507 - root - INFO - f1:0.1161, p:0.1376, r:0.1419, hit:0.6278, ndcg:0.4132, topn:10.
2021-03-06 02:02:24,537 - root - INFO - f1:0.1387, p:0.2365, r:0.1267, hit:0.7784, ndcg:0.5440, topn:10.
2021-03-06 02:02:24,541 - root - INFO - Checkpointing ...
2021-03-06 02:02:26,503 - root - INFO - train loss:0.3530!
2021-03-06 02:02:27,618 - root - INFO - f1:0.1167, p:0.1384, r:0.1421, hit:0.6257, ndcg:0.4141, topn:10.
2021-03-06 02:02:28,688 - root - INFO - f1:0.1393, p:0.2376, r:0.1272, hit:0.7805, ndcg:0.5471, topn:10.
2021-03-06 02:02:28,692 - root - INFO - Checkpointing ...
2021-03-06 02:02:30,493 - root - INFO - train loss:0.3485!
2021-03-06 02:02:31,524 - root - INFO - f1:0.1184, p:0.1400, r:0.1446, hit:0.6341, ndcg:0.4177, topn:10.
2021-03-06 02:02:32,594 - root - INFO - f1:0.1412, p:0.2394, r:0.1295, hit:0.7858, ndcg:0.5496, topn:10.
2021-03-06 02:02:32,598 - root - INFO - Checkpointing ...
2021-03-06 02:02:34,458 - root - INFO - train loss:0.3461!
2021-03-06 02:02:35,498 - root - INFO - f1:0.1192, p:0.1405, r:0.1460, hit:0.6394, ndcg:0.4221, topn:10.
2021-03-06 02:02:36,585 - root - INFO - f1:0.1425, p:0.2413, r:0.1307, hit:0.7911, ndcg:0.5550, topn:10.
2021-03-06 02:02:36,589 - root - INFO - Checkpointing ...
2021-03-06 02:02:38,695 - root - INFO - train loss:0.3431!
2021-03-06 02:02:39,768 - root - INFO - f1:0.1199, p:0.1414, r:0.1467, hit:0.6394, ndcg:0.4238, topn:10.
2021-03-06 02:02:40,822 - root - INFO - f1:0.1437, p:0.2424, r:0.1318, hit:0.7964, ndcg:0.5597, topn:10.
2021-03-06 02:02:40,826 - root - INFO - Checkpointing ...
2021-03-06 02:02:42,436 - root - INFO - train loss:0.3378!
2021-03-06 02:02:43,361 - root - INFO - f1:0.1205, p:0.1419, r:0.1483, hit:0.6416, ndcg:0.4262, topn:10.
2021-03-06 02:02:44,419 - root - INFO - f1:0.1446, p:0.2433, r:0.1333, hit:0.7985, ndcg:0.5603, topn:10.
2021-03-06 02:02:44,424 - root - INFO - Checkpointing ...
2021-03-06 02:02:46,205 - root - INFO - train loss:0.3344!
2021-03-06 02:02:47,284 - root - INFO - f1:0.1212, p:0.1426, r:0.1496, hit:0.6426, ndcg:0.4280, topn:10.
2021-03-06 02:02:48,380 - root - INFO - f1:0.1461, p:0.2448, r:0.1354, hit:0.8038, ndcg:0.5614, topn:10.
2021-03-06 02:02:48,385 - root - INFO - Checkpointing ...
2021-03-06 02:02:50,195 - root - INFO - train loss:0.3302!
2021-03-06 02:02:51,298 - root - INFO - f1:0.1221, p:0.1434, r:0.1505, hit:0.6458, ndcg:0.4320, topn:10.
2021-03-06 02:02:52,425 - root - INFO - f1:0.1466, p:0.2456, r:0.1357, hit:0.8028, ndcg:0.5637, topn:10.
2021-03-06 02:02:52,428 - root - INFO - Checkpointing ...
2021-03-06 02:02:53,895 - root - INFO - train loss:0.3300!
2021-03-06 02:02:55,044 - root - INFO - f1:0.1236, p:0.1449, r:0.1531, hit:0.6501, ndcg:0.4348, topn:10.
2021-03-06 02:02:56,107 - root - INFO - f1:0.1477, p:0.2471, r:0.1369, hit:0.8038, ndcg:0.5655, topn:10.
2021-03-06 02:02:56,112 - root - INFO - Checkpointing ...
2021-03-06 02:02:57,709 - root - INFO - train loss:0.3278!
2021-03-06 02:02:58,756 - root - INFO - f1:0.1248, p:0.1461, r:0.1548, hit:0.6543, ndcg:0.4376, topn:10.
2021-03-06 02:02:59,815 - root - INFO - f1:0.1491, p:0.2490, r:0.1383, hit:0.8081, ndcg:0.5679, topn:10.
2021-03-06 02:02:59,820 - root - INFO - Checkpointing ...
2021-03-06 02:03:01,500 - root - INFO - train loss:0.3226!
2021-03-06 02:03:02,547 - root - INFO - f1:0.1256, p:0.1468, r:0.1562, hit:0.6585, ndcg:0.4396, topn:10.
2021-03-06 02:03:03,615 - root - INFO - f1:0.1501, p:0.2497, r:0.1394, hit:0.8123, ndcg:0.5706, topn:10.
2021-03-06 02:03:03,618 - root - INFO - Checkpointing ...
2021-03-06 02:03:05,352 - root - INFO - train loss:0.3207!
2021-03-06 02:03:06,631 - root - INFO - f1:0.1265, p:0.1474, r:0.1573, hit:0.6628, ndcg:0.4411, topn:10.
2021-03-06 02:03:07,674 - root - INFO - f1:0.1500, p:0.2491, r:0.1394, hit:0.8112, ndcg:0.5718, topn:10.
2021-03-06 02:03:07,678 - root - INFO - Checkpointing ...
2021-03-06 02:03:09,655 - root - INFO - train loss:0.3177!
2021-03-06 02:03:10,728 - root - INFO - f1:0.1270, p:0.1480, r:0.1578, hit:0.6628, ndcg:0.4433, topn:10.
2021-03-06 02:03:11,755 - root - INFO - f1:0.1506, p:0.2498, r:0.1400, hit:0.8102, ndcg:0.5718, topn:10.
2021-03-06 02:03:11,759 - root - INFO - Checkpointing ...
2021-03-06 02:03:13,575 - root - INFO - train loss:0.3173!
2021-03-06 02:03:14,648 - root - INFO - f1:0.1276, p:0.1485, r:0.1586, hit:0.6638, ndcg:0.4430, topn:10.
2021-03-06 02:03:15,737 - root - INFO - f1:0.1514, p:0.2510, r:0.1410, hit:0.8102, ndcg:0.5746, topn:10.
2021-03-06 02:03:15,742 - root - INFO - Checkpointing ...
2021-03-06 02:03:17,405 - root - INFO - train loss:0.3119!
2021-03-06 02:03:18,459 - root - INFO - f1:0.1279, p:0.1489, r:0.1595, hit:0.6638, ndcg:0.4452, topn:10.
2021-03-06 02:03:19,511 - root - INFO - f1:0.1527, p:0.2526, r:0.1422, hit:0.8091, ndcg:0.5765, topn:10.
2021-03-06 02:03:19,516 - root - INFO - Checkpointing ...
2021-03-06 02:03:21,043 - root - INFO - train loss:0.3113!
2021-03-06 02:03:22,072 - root - INFO - f1:0.1293, p:0.1503, r:0.1613, hit:0.6681, ndcg:0.4466, topn:10.
2021-03-06 02:03:23,180 - root - INFO - f1:0.1535, p:0.2539, r:0.1431, hit:0.8102, ndcg:0.5770, topn:10.
2021-03-06 02:03:23,184 - root - INFO - Checkpointing ...
2021-03-06 02:03:24,768 - root - INFO - train loss:0.3090!
2021-03-06 02:03:25,855 - root - INFO - f1:0.1296, p:0.1505, r:0.1614, hit:0.6691, ndcg:0.4469, topn:10.
2021-03-06 02:03:26,891 - root - INFO - f1:0.1539, p:0.2538, r:0.1438, hit:0.8123, ndcg:0.5786, topn:10.
2021-03-06 02:03:26,894 - root - INFO - Checkpointing ...
2021-03-06 02:03:28,517 - root - INFO - train loss:0.3084!
2021-03-06 02:03:29,535 - root - INFO - f1:0.1303, p:0.1511, r:0.1619, hit:0.6713, ndcg:0.4490, topn:10.
2021-03-06 02:03:30,588 - root - INFO - f1:0.1545, p:0.2547, r:0.1444, hit:0.8155, ndcg:0.5805, topn:10.
2021-03-06 02:03:30,591 - root - INFO - Checkpointing ...
2021-03-06 02:03:32,112 - root - INFO - train loss:0.3055!
2021-03-06 02:03:33,225 - root - INFO - f1:0.1301, p:0.1512, r:0.1616, hit:0.6713, ndcg:0.4503, topn:10.
2021-03-06 02:03:34,278 - root - INFO - f1:0.1552, p:0.2557, r:0.1451, hit:0.8176, ndcg:0.5818, topn:10.
2021-03-06 02:03:35,860 - root - INFO - train loss:0.3029!
2021-03-06 02:03:36,918 - root - INFO - f1:0.1308, p:0.1519, r:0.1628, hit:0.6744, ndcg:0.4523, topn:10.
2021-03-06 02:03:37,910 - root - INFO - f1:0.1549, p:0.2551, r:0.1452, hit:0.8144, ndcg:0.5810, topn:10.
2021-03-06 02:03:37,915 - root - INFO - Checkpointing ...
2021-03-06 02:03:39,639 - root - INFO - train loss:0.3029!
2021-03-06 02:03:40,753 - root - INFO - f1:0.1316, p:0.1526, r:0.1638, hit:0.6787, ndcg:0.4547, topn:10.
2021-03-06 02:03:41,831 - root - INFO - f1:0.1563, p:0.2569, r:0.1467, hit:0.8176, ndcg:0.5821, topn:10.
2021-03-06 02:03:41,835 - root - INFO - Checkpointing ...
2021-03-06 02:03:43,516 - root - INFO - train loss:0.2994!
2021-03-06 02:03:44,615 - root - INFO - f1:0.1324, p:0.1532, r:0.1650, hit:0.6797, ndcg:0.4569, topn:10.
2021-03-06 02:03:45,681 - root - INFO - f1:0.1569, p:0.2578, r:0.1473, hit:0.8165, ndcg:0.5823, topn:10.
2021-03-06 02:03:45,685 - root - INFO - Checkpointing ...
2021-03-06 02:03:47,197 - root - INFO - train loss:0.2986!
2021-03-06 02:03:48,219 - root - INFO - f1:0.1333, p:0.1543, r:0.1660, hit:0.6840, ndcg:0.4579, topn:10.
2021-03-06 02:03:49,270 - root - INFO - f1:0.1579, p:0.2592, r:0.1483, hit:0.8208, ndcg:0.5853, topn:10.
2021-03-06 02:03:49,274 - root - INFO - Checkpointing ...
2021-03-06 02:03:50,935 - root - INFO - train loss:0.2967!
2021-03-06 02:03:51,967 - root - INFO - f1:0.1342, p:0.1550, r:0.1674, hit:0.6861, ndcg:0.4598, topn:10.
2021-03-06 02:03:53,030 - root - INFO - f1:0.1586, p:0.2598, r:0.1492, hit:0.8218, ndcg:0.5847, topn:10.
2021-03-06 02:03:53,035 - root - INFO - Checkpointing ...
2021-03-06 02:03:54,518 - root - INFO - train loss:0.2933!
2021-03-06 02:03:55,734 - root - INFO - f1:0.1348, p:0.1555, r:0.1682, hit:0.6882, ndcg:0.4600, topn:10.
2021-03-06 02:03:56,740 - root - INFO - f1:0.1592, p:0.2609, r:0.1495, hit:0.8240, ndcg:0.5854, topn:10.
2021-03-06 02:03:56,744 - root - INFO - Checkpointing ...
2021-03-06 02:03:58,824 - root - INFO - train loss:0.2933!
2021-03-06 02:03:59,905 - root - INFO - f1:0.1351, p:0.1558, r:0.1688, hit:0.6914, ndcg:0.4612, topn:10.
2021-03-06 02:04:01,007 - root - INFO - f1:0.1599, p:0.2614, r:0.1505, hit:0.8261, ndcg:0.5866, topn:10.
2021-03-06 02:04:01,013 - root - INFO - Checkpointing ...
2021-03-06 02:04:02,546 - root - INFO - train loss:0.2913!
2021-03-06 02:04:03,602 - root - INFO - f1:0.1350, p:0.1558, r:0.1687, hit:0.6882, ndcg:0.4600, topn:10.
2021-03-06 02:04:04,644 - root - INFO - f1:0.1606, p:0.2621, r:0.1512, hit:0.8261, ndcg:0.5887, topn:10.
2021-03-06 02:04:06,089 - root - INFO - train loss:0.2893!
2021-03-06 02:04:07,024 - root - INFO - f1:0.1356, p:0.1565, r:0.1692, hit:0.6893, ndcg:0.4603, topn:10.
2021-03-06 02:04:07,923 - root - INFO - f1:0.1609, p:0.2622, r:0.1518, hit:0.8271, ndcg:0.5896, topn:10.
2021-03-06 02:04:07,927 - root - INFO - Checkpointing ...
2021-03-06 02:04:09,707 - root - INFO - train loss:0.2887!
2021-03-06 02:04:10,818 - root - INFO - f1:0.1356, p:0.1566, r:0.1692, hit:0.6903, ndcg:0.4623, topn:10.
2021-03-06 02:04:11,824 - root - INFO - f1:0.1622, p:0.2641, r:0.1532, hit:0.8293, ndcg:0.5920, topn:10.
2021-03-06 02:04:11,828 - root - INFO - Checkpointing ...
2021-03-06 02:04:13,494 - root - INFO - train loss:0.2871!
2021-03-06 02:04:14,443 - root - INFO - f1:0.1364, p:0.1575, r:0.1701, hit:0.6935, ndcg:0.4651, topn:10.
2021-03-06 02:04:15,506 - root - INFO - f1:0.1623, p:0.2638, r:0.1533, hit:0.8303, ndcg:0.5924, topn:10.
2021-03-06 02:04:15,511 - root - INFO - Checkpointing ...
2021-03-06 02:04:17,232 - root - INFO - train loss:0.2875!
2021-03-06 02:04:18,268 - root - INFO - f1:0.1367, p:0.1577, r:0.1708, hit:0.6935, ndcg:0.4674, topn:10.
2021-03-06 02:04:19,241 - root - INFO - f1:0.1631, p:0.2652, r:0.1538, hit:0.8293, ndcg:0.5912, topn:10.
2021-03-06 02:04:19,244 - root - INFO - Checkpointing ...
2021-03-06 02:04:20,828 - root - INFO - train loss:0.2849!
2021-03-06 02:04:21,874 - root - INFO - f1:0.1370, p:0.1581, r:0.1710, hit:0.6935, ndcg:0.4680, topn:10.
2021-03-06 02:04:22,997 - root - INFO - f1:0.1638, p:0.2655, r:0.1552, hit:0.8335, ndcg:0.5935, topn:10.
2021-03-06 02:04:23,001 - root - INFO - Checkpointing ...
2021-03-06 02:04:24,859 - root - INFO - train loss:0.2849!
2021-03-06 02:04:25,940 - root - INFO - f1:0.1371, p:0.1581, r:0.1712, hit:0.6946, ndcg:0.4688, topn:10.
2021-03-06 02:04:26,965 - root - INFO - f1:0.1642, p:0.2667, r:0.1549, hit:0.8324, ndcg:0.5936, topn:10.
2021-03-06 02:04:26,969 - root - INFO - Checkpointing ...
2021-03-06 02:04:28,637 - root - INFO - train loss:0.2811!
2021-03-06 02:04:29,707 - root - INFO - f1:0.1379, p:0.1590, r:0.1722, hit:0.6967, ndcg:0.4699, topn:10.
2021-03-06 02:04:30,786 - root - INFO - f1:0.1642, p:0.2668, r:0.1547, hit:0.8324, ndcg:0.5951, topn:10.
2021-03-06 02:04:30,791 - root - INFO - Checkpointing ...
2021-03-06 02:04:32,331 - root - INFO - train loss:0.2795!
2021-03-06 02:04:33,386 - root - INFO - f1:0.1389, p:0.1600, r:0.1733, hit:0.6978, ndcg:0.4704, topn:10.
2021-03-06 02:04:34,431 - root - INFO - f1:0.1652, p:0.2679, r:0.1561, hit:0.8346, ndcg:0.5959, topn:10.
2021-03-06 02:04:34,435 - root - INFO - Checkpointing ...
2021-03-06 02:04:35,927 - root - INFO - train loss:0.2813!
2021-03-06 02:04:36,938 - root - INFO - f1:0.1390, p:0.1602, r:0.1733, hit:0.6967, ndcg:0.4698, topn:10.
2021-03-06 02:04:38,033 - root - INFO - f1:0.1662, p:0.2694, r:0.1571, hit:0.8367, ndcg:0.5974, topn:10.
2021-03-06 02:04:38,038 - root - INFO - Checkpointing ...
2021-03-06 02:04:39,495 - root - INFO - train loss:0.2780!
2021-03-06 02:04:40,614 - root - INFO - f1:0.1390, p:0.1603, r:0.1735, hit:0.6999, ndcg:0.4711, topn:10.
2021-03-06 02:04:41,665 - root - INFO - f1:0.1664, p:0.2694, r:0.1574, hit:0.8346, ndcg:0.5965, topn:10.
2021-03-06 02:04:41,668 - root - INFO - Checkpointing ...
2021-03-06 02:04:42,932 - root - INFO - train loss:0.2804!
2021-03-06 02:04:43,905 - root - INFO - f1:0.1391, p:0.1604, r:0.1736, hit:0.7031, ndcg:0.4740, topn:10.
2021-03-06 02:04:45,167 - root - INFO - f1:0.1670, p:0.2702, r:0.1581, hit:0.8346, ndcg:0.5968, topn:10.
2021-03-06 02:04:45,171 - root - INFO - Checkpointing ...
2021-03-06 02:04:46,756 - root - INFO - train loss:0.2753!
2021-03-06 02:04:47,794 - root - INFO - f1:0.1388, p:0.1601, r:0.1734, hit:0.6988, ndcg:0.4729, topn:10.
2021-03-06 02:04:48,785 - root - INFO - f1:0.1674, p:0.2709, r:0.1581, hit:0.8335, ndcg:0.5958, topn:10.
2021-03-06 02:04:50,359 - root - INFO - train loss:0.2754!
2021-03-06 02:04:51,401 - root - INFO - f1:0.1389, p:0.1604, r:0.1733, hit:0.6978, ndcg:0.4734, topn:10.
2021-03-06 02:04:52,460 - root - INFO - f1:0.1676, p:0.2713, r:0.1584, hit:0.8346, ndcg:0.5978, topn:10.
2021-03-06 02:04:52,463 - root - INFO - No improvement after one epoch. Lowering learning rate.
2021-03-06 02:04:53,976 - root - INFO - train loss:0.2748!
2021-03-06 02:04:54,982 - root - INFO - f1:0.1416, p:0.1624, r:0.1779, hit:0.7041, ndcg:0.4715, topn:10.
2021-03-06 02:04:56,011 - root - INFO - f1:0.1696, p:0.2724, r:0.1611, hit:0.8484, ndcg:0.6003, topn:10.
2021-03-06 02:04:56,015 - root - INFO - Checkpointing ...
2021-03-06 02:04:57,612 - root - INFO - train loss:0.2654!
2021-03-06 02:04:58,653 - root - INFO - f1:0.1428, p:0.1634, r:0.1800, hit:0.7073, ndcg:0.4735, topn:10.
2021-03-06 02:04:59,674 - root - INFO - f1:0.1718, p:0.2754, r:0.1626, hit:0.8473, ndcg:0.6025, topn:10.
2021-03-06 02:04:59,678 - root - INFO - Checkpointing ...
2021-03-06 02:05:01,046 - root - INFO - train loss:0.2648!
2021-03-06 02:05:02,124 - root - INFO - f1:0.1441, p:0.1644, r:0.1834, hit:0.7137, ndcg:0.4769, topn:10.
2021-03-06 02:05:03,220 - root - INFO - f1:0.1724, p:0.2771, r:0.1633, hit:0.8473, ndcg:0.6036, topn:10.
2021-03-06 02:05:03,224 - root - INFO - Checkpointing ...
2021-03-06 02:05:04,640 - root - INFO - train loss:0.2617!
2021-03-06 02:05:05,594 - root - INFO - f1:0.1456, p:0.1660, r:0.1854, hit:0.7169, ndcg:0.4762, topn:10.
2021-03-06 02:05:06,732 - root - INFO - f1:0.1729, p:0.2776, r:0.1639, hit:0.8515, ndcg:0.6060, topn:10.
2021-03-06 02:05:06,737 - root - INFO - Checkpointing ...
2021-03-06 02:05:08,129 - root - INFO - train loss:0.2598!
2021-03-06 02:05:09,234 - root - INFO - f1:0.1454, p:0.1660, r:0.1851, hit:0.7147, ndcg:0.4771, topn:10.
2021-03-06 02:05:10,347 - root - INFO - f1:0.1733, p:0.2783, r:0.1642, hit:0.8526, ndcg:0.6066, topn:10.
2021-03-06 02:05:11,946 - root - INFO - train loss:0.2568!
2021-03-06 02:05:13,003 - root - INFO - f1:0.1453, p:0.1655, r:0.1852, hit:0.7147, ndcg:0.4789, topn:10.
2021-03-06 02:05:14,017 - root - INFO - f1:0.1747, p:0.2803, r:0.1658, hit:0.8515, ndcg:0.6064, topn:10.
2021-03-06 02:05:14,020 - root - INFO - No improvement after one epoch. Lowering learning rate.
2021-03-06 02:05:15,467 - root - INFO - train loss:0.2535!
2021-03-06 02:05:16,566 - root - INFO - f1:0.1465, p:0.1671, r:0.1861, hit:0.7158, ndcg:0.4803, topn:10.
2021-03-06 02:05:17,689 - root - INFO - f1:0.1747, p:0.2801, r:0.1660, hit:0.8494, ndcg:0.6096, topn:10.
2021-03-06 02:05:17,692 - root - INFO - Checkpointing ...
2021-03-06 02:05:19,057 - root - INFO - train loss:0.2518!
2021-03-06 02:05:20,102 - root - INFO - f1:0.1475, p:0.1681, r:0.1877, hit:0.7158, ndcg:0.4805, topn:10.
2021-03-06 02:05:21,140 - root - INFO - f1:0.1753, p:0.2808, r:0.1667, hit:0.8494, ndcg:0.6115, topn:10.
2021-03-06 02:05:21,144 - root - INFO - Checkpointing ...
2021-03-06 02:05:22,797 - root - INFO - train loss:0.2520!
2021-03-06 02:05:23,886 - root - INFO - f1:0.1473, p:0.1680, r:0.1874, hit:0.7158, ndcg:0.4815, topn:10.
2021-03-06 02:05:24,947 - root - INFO - f1:0.1757, p:0.2813, r:0.1670, hit:0.8515, ndcg:0.6114, topn:10.
2021-03-06 02:05:26,539 - root - INFO - train loss:0.2526!
2021-03-06 02:05:27,537 - root - INFO - f1:0.1478, p:0.1684, r:0.1880, hit:0.7158, ndcg:0.4828, topn:10.
2021-03-06 02:05:28,592 - root - INFO - f1:0.1765, p:0.2826, r:0.1681, hit:0.8547, ndcg:0.6122, topn:10.
2021-03-06 02:05:28,596 - root - INFO - Checkpointing ...
2021-03-06 02:05:30,066 - root - INFO - train loss:0.2493!
2021-03-06 02:05:31,153 - root - INFO - f1:0.1482, p:0.1689, r:0.1884, hit:0.7137, ndcg:0.4820, topn:10.
2021-03-06 02:05:32,391 - root - INFO - f1:0.1771, p:0.2832, r:0.1688, hit:0.8558, ndcg:0.6143, topn:10.
2021-03-06 02:05:32,396 - root - INFO - Checkpointing ...
2021-03-06 02:05:34,280 - root - INFO - train loss:0.2501!
2021-03-06 02:05:35,340 - root - INFO - f1:0.1486, p:0.1696, r:0.1887, hit:0.7147, ndcg:0.4827, topn:10.
2021-03-06 02:05:36,426 - root - INFO - f1:0.1774, p:0.2839, r:0.1690, hit:0.8558, ndcg:0.6140, topn:10.
2021-03-06 02:05:36,429 - root - INFO - Checkpointing ...
2021-03-06 02:05:37,906 - root - INFO - train loss:0.2484!
2021-03-06 02:05:38,888 - root - INFO - f1:0.1485, p:0.1694, r:0.1887, hit:0.7169, ndcg:0.4840, topn:10.
2021-03-06 02:05:39,888 - root - INFO - f1:0.1777, p:0.2844, r:0.1692, hit:0.8547, ndcg:0.6144, topn:10.
2021-03-06 02:05:41,659 - root - INFO - train loss:0.2466!
2021-03-06 02:05:42,768 - root - INFO - f1:0.1488, p:0.1696, r:0.1894, hit:0.7179, ndcg:0.4854, topn:10.
2021-03-06 02:05:43,793 - root - INFO - f1:0.1785, p:0.2856, r:0.1701, hit:0.8568, ndcg:0.6154, topn:10.
2021-03-06 02:05:43,796 - root - INFO - Checkpointing ...
2021-03-06 02:05:45,701 - root - INFO - train loss:0.2452!
2021-03-06 02:05:46,781 - root - INFO - f1:0.1490, p:0.1699, r:0.1895, hit:0.7190, ndcg:0.4851, topn:10.
2021-03-06 02:05:47,862 - root - INFO - f1:0.1783, p:0.2853, r:0.1700, hit:0.8558, ndcg:0.6148, topn:10.
2021-03-06 02:05:47,865 - root - INFO - Checkpointing ...
2021-03-06 02:05:49,579 - root - INFO - train loss:0.2453!
2021-03-06 02:05:50,573 - root - INFO - f1:0.1493, p:0.1702, r:0.1900, hit:0.7179, ndcg:0.4850, topn:10.
2021-03-06 02:05:51,652 - root - INFO - f1:0.1782, p:0.2852, r:0.1695, hit:0.8547, ndcg:0.6146, topn:10.
2021-03-06 02:05:51,657 - root - INFO - Checkpointing ...
2021-03-06 02:05:53,352 - root - INFO - train loss:0.2447!
2021-03-06 02:05:54,400 - root - INFO - f1:0.1497, p:0.1707, r:0.1904, hit:0.7200, ndcg:0.4864, topn:10.
2021-03-06 02:05:55,481 - root - INFO - f1:0.1787, p:0.2858, r:0.1702, hit:0.8568, ndcg:0.6148, topn:10.
2021-03-06 02:05:55,486 - root - INFO - Checkpointing ...
2021-03-06 02:05:57,126 - root - INFO - train loss:0.2462!
2021-03-06 02:05:58,170 - root - INFO - f1:0.1498, p:0.1709, r:0.1905, hit:0.7200, ndcg:0.4856, topn:10.
2021-03-06 02:05:59,183 - root - INFO - f1:0.1791, p:0.2862, r:0.1706, hit:0.8579, ndcg:0.6153, topn:10.
2021-03-06 02:05:59,187 - root - INFO - Checkpointing ...
2021-03-06 02:06:00,888 - root - INFO - train loss:0.2439!
2021-03-06 02:06:02,010 - root - INFO - f1:0.1497, p:0.1708, r:0.1904, hit:0.7190, ndcg:0.4851, topn:10.
2021-03-06 02:06:03,102 - root - INFO - f1:0.1795, p:0.2867, r:0.1711, hit:0.8590, ndcg:0.6160, topn:10.
2021-03-06 02:06:04,850 - root - INFO - train loss:0.2432!
2021-03-06 02:06:05,973 - root - INFO - f1:0.1498, p:0.1708, r:0.1906, hit:0.7190, ndcg:0.4849, topn:10.
2021-03-06 02:06:07,075 - root - INFO - f1:0.1793, p:0.2865, r:0.1709, hit:0.8579, ndcg:0.6170, topn:10.
2021-03-06 02:06:07,079 - root - INFO - No improvement after one epoch. Lowering learning rate.
2021-03-06 02:06:08,729 - root - INFO - train loss:0.2431!
2021-03-06 02:06:09,801 - root - INFO - f1:0.1496, p:0.1705, r:0.1900, hit:0.7179, ndcg:0.4840, topn:10.
2021-03-06 02:06:10,912 - root - INFO - f1:0.1806, p:0.2881, r:0.1725, hit:0.8600, ndcg:0.6152, topn:10.
2021-03-06 02:06:10,917 - root - INFO - No improvement after one epoch. Lowering learning rate.
2021-03-06 02:06:12,539 - root - INFO - train loss:0.2395!
2021-03-06 02:06:13,612 - root - INFO - f1:0.1500, p:0.1709, r:0.1911, hit:0.7169, ndcg:0.4842, topn:10.
2021-03-06 02:06:14,689 - root - INFO - f1:0.1806, p:0.2887, r:0.1720, hit:0.8590, ndcg:0.6158, topn:10.
2021-03-06 02:06:14,694 - root - INFO - Checkpointing ...
2021-03-06 02:06:16,510 - root - INFO - train loss:0.2427!
2021-03-06 02:06:17,608 - root - INFO - f1:0.1496, p:0.1706, r:0.1906, hit:0.7158, ndcg:0.4843, topn:10.
2021-03-06 02:06:18,656 - root - INFO - f1:0.1807, p:0.2888, r:0.1722, hit:0.8600, ndcg:0.6161, topn:10.
2021-03-06 02:06:20,295 - root - INFO - train loss:0.2393!
2021-03-06 02:06:21,333 - root - INFO - f1:0.1497, p:0.1706, r:0.1906, hit:0.7158, ndcg:0.4846, topn:10.
2021-03-06 02:06:22,400 - root - INFO - f1:0.1812, p:0.2896, r:0.1726, hit:0.8621, ndcg:0.6167, topn:10.
2021-03-06 02:06:22,404 - root - INFO - No improvement after one epoch. Lowering learning rate.
2021-03-06 02:06:24,066 - root - INFO - train loss:0.2431!
2021-03-06 02:06:25,326 - root - INFO - f1:0.1495, p:0.1705, r:0.1904, hit:0.7147, ndcg:0.4839, topn:10.
2021-03-06 02:06:26,318 - root - INFO - f1:0.1811, p:0.2895, r:0.1728, hit:0.8600, ndcg:0.6162, topn:10.
2021-03-06 02:06:26,320 - root - INFO - No improvement after one epoch. Lowering learning rate.
2021-03-06 02:06:27,655 - root - INFO - From CaseRecommender evaluator: {'PREC@10': 0.170838, 'RECALL@10': 0.190679, 'NDCG@10': 0.483663, 'MAP@10': 0.373734, 'MAP': 0.373734}.
2021-03-06 02:06:27,798 - root - INFO - From kg-summ-rec diversity evaluator: {'GENRE_COVERAGE@10': 0.482989, 'GENRE_REDUNDANCY@10': 0.423998, 'ILD_GENRE@10': 0.818755}.
2021-03-06 02:06:29,054 - root - INFO - From CaseRecommender evaluator: {'PREC@10': 0.289396, 'RECALL@10': 0.172953, 'NDCG@10': 0.616551, 'MAP@10': 0.502881, 'MAP': 0.502881}.
2021-03-06 02:06:29,215 - root - INFO - From kg-summ-rec diversity evaluator: {'GENRE_COVERAGE@10': 0.478526, 'GENRE_REDUNDANCY@10': 0.417855, 'ILD_GENRE@10': 0.816702}.
