2021-03-02 02:11:33,059 - root - INFO - Flag Values:
{
    "L1_flag": true,
    "batch_size": 256,
    "ckpt_path": "/home/juarez/git/results/JIIS-revised-exp1/ml-sun_ho_oKG/",
    "clipping_max_value": 5.0,
    "data_path": "/home/juarez/git/datasets/JIIS-revised-exp1/ml-sun_ho_oKG/cao-format/",
    "dataset": "ml1m",
    "early_stopping_steps_to_wait": 51960,
    "embedding_size": 100,
    "eval_interval_steps": 10392,
    "eval_only_mode": false,
    "experiment_name": "ml1m-jtransup-1614661893",
    "filter_wrong_corrupted": true,
    "has_visualization": false,
    "is_report": false,
    "joint_ratio": 0.5,
    "kg_lambda": 1.0,
    "kg_test_files": "valid.dat:test.dat",
    "l2_lambda": 0.0,
    "learning_rate": 0.005,
    "learning_rate_decay_when_no_progress": 0.5,
    "load_ckpt_file": "/home/juarez/git/results/JIIS-revised-exp1/ml-sun_ho_oKG/ml1m-transup-pretrained.ckpt:/home/juarez/git/results/JIIS-revised-exp1/ml-sun_ho_oKG/ml1m-transh-pretrained.ckpt",
    "load_experiment_name": null,
    "log_level": "debug",
    "log_path": "/home/juarez/git/results/JIIS-revised-exp1/ml-sun_ho_oKG/",
    "margin": 1.0,
    "max_queue": 10,
    "model_type": "jtransup",
    "momentum": 0.9,
    "negtive_samples": 1,
    "norm_lambda": 1.0,
    "num_preferences": 4,
    "num_processes": 4,
    "optimizer_type": "Adam",
    "rec_test_files": "valid.dat:test.dat",
    "seed": 0,
    "share_embeddings": false,
    "topn": 10,
    "training_steps": 1039200,
    "use_st_gumbel": false,
    "visualization_port": 8097
}
2021-03-02 02:11:33,297 - root - INFO - Totally 69982 train ratings, 9998,19995 eval ratings in files: /home/juarez/git/datasets/JIIS-revised-exp1/ml-sun_ho_oKG/cao-format/ml1m/valid.dat;/home/juarez/git/datasets/JIIS-revised-exp1/ml-sun_ho_oKG/cao-format/ml1m/test.dat!
2021-03-02 02:11:33,300 - root - INFO - successfully load 943 users and 1675 items!
2021-03-02 02:11:33,418 - root - INFO - Totally 8618 train triples, 783,1631 eval triples in files: /home/juarez/git/datasets/JIIS-revised-exp1/ml-sun_ho_oKG/cao-format/ml1m/kg/valid.dat;/home/juarez/git/datasets/JIIS-revised-exp1/ml-sun_ho_oKG/cao-format/ml1m/kg/test.dat!
2021-03-02 02:11:33,425 - root - INFO - successfully load 5606 entities and 3 relations!
2021-03-02 02:11:33,443 - root - INFO - Find 1673 aligned items and entities!
2021-03-02 02:11:33,443 - root - INFO - Building model.
2021-03-02 02:11:35,070 - root - INFO - Architecture: jTransUPModel(
  (user_embeddings): Embedding(943, 100)
  (item_embeddings): Embedding(1675, 100)
  (pref_embeddings): Embedding(3, 100)
  (pref_norm_embeddings): Embedding(3, 100)
  (ent_embeddings): Embedding(5607, 100, padding_idx=5606)
  (rel_embeddings): Embedding(3, 100)
  (norm_embeddings): Embedding(3, 100)
)
2021-03-02 02:11:35,071 - root - INFO - Total params: 823700.0
2021-03-02 02:11:35,071 - root - INFO - One epoch is 547 steps.
2021-03-02 02:11:35,072 - root - INFO - Found checkpoint, restoring pre-trained embeddings.
2021-03-02 02:11:35,077 - root - INFO - Load Embeddings of user_embeddings.weight, item_embeddings.weight, pref_embeddings.weight, pref_norm_embeddings.weight from /home/juarez/git/results/JIIS-revised-exp1/ml-sun_ho_oKG/ml1m-transup-pretrained.ckpt.
2021-03-02 02:11:35,077 - root - INFO - Found checkpoint, restoring pre-trained embeddings.
2021-03-02 02:11:35,083 - root - INFO - Restored 5606 entities from checkpoint.
2021-03-02 02:11:35,083 - root - INFO - Load Embeddings of ent_embeddings.weight, rel_embeddings.weight, norm_embeddings.weight from /home/juarez/git/results/JIIS-revised-exp1/ml-sun_ho_oKG/ml1m-transh-pretrained.ckpt.
2021-03-02 02:11:35,083 - root - INFO - Training.
2021-03-02 02:11:35,083 - root - INFO - rec train loss:0.0000, kg train loss:0.0000!
2021-03-02 02:11:36,495 - root - INFO - f1:0.1167, p:0.1384, r:0.1403, hit:0.6490, ndcg:0.4008, topn:10.
2021-03-02 02:11:37,764 - root - INFO - f1:0.1393, p:0.2337, r:0.1307, hit:0.7975, ndcg:0.5212, topn:10.
2021-03-02 02:11:39,569 - root - INFO - head hit:0.1545, head mean rank:776.0077, topn:10.
2021-03-02 02:11:39,570 - root - INFO - tail hit:0.3755, tail mean rank:605.5632, topn:10.
2021-03-02 02:11:39,570 - root - INFO - avg hit:0.2650, avg mean rank:690.7854, topn:10.
2021-03-02 02:11:42,914 - root - INFO - head hit:0.1398, head mean rank:830.8093, topn:10.
2021-03-02 02:11:42,915 - root - INFO - tail hit:0.3685, tail mean rank:550.0773, topn:10.
2021-03-02 02:11:42,915 - root - INFO - avg hit:0.2541, avg mean rank:690.4433, topn:10.
2021-03-02 02:13:32,843 - root - INFO - rec train loss:8.0660, kg train loss:33.7203!
2021-03-02 02:13:34,117 - root - INFO - f1:0.1658, p:0.1949, r:0.2036, hit:0.7582, ndcg:0.5024, topn:10.
2021-03-02 02:13:35,641 - root - INFO - f1:0.1868, p:0.3083, r:0.1774, hit:0.8749, ndcg:0.6189, topn:10.
2021-03-02 02:13:37,486 - root - INFO - head hit:0.0204, head mean rank:1073.8212, topn:10.
2021-03-02 02:13:37,486 - root - INFO - tail hit:0.1226, tail mean rank:933.1584, topn:10.
2021-03-02 02:13:37,486 - root - INFO - avg hit:0.0715, avg mean rank:1003.4898, topn:10.
2021-03-02 02:13:41,008 - root - INFO - head hit:0.0264, head mean rank:981.5622, topn:10.
2021-03-02 02:13:41,008 - root - INFO - tail hit:0.1416, tail mean rank:790.3599, topn:10.
2021-03-02 02:13:41,008 - root - INFO - avg hit:0.0840, avg mean rank:885.9611, topn:10.
2021-03-02 02:13:41,009 - root - INFO - Checkpointing ...
2021-03-02 02:15:31,143 - root - INFO - rec train loss:7.9112, kg train loss:33.0064!
2021-03-02 02:15:32,388 - root - INFO - f1:0.1809, p:0.2169, r:0.2168, hit:0.7561, ndcg:0.5316, topn:10.
2021-03-02 02:15:33,632 - root - INFO - f1:0.2052, p:0.3401, r:0.1918, hit:0.8844, ndcg:0.6535, topn:10.
2021-03-02 02:15:35,538 - root - INFO - head hit:0.0294, head mean rank:1035.0409, topn:10.
2021-03-02 02:15:35,538 - root - INFO - tail hit:0.1290, tail mean rank:949.6245, topn:10.
2021-03-02 02:15:35,538 - root - INFO - avg hit:0.0792, avg mean rank:992.3327, topn:10.
2021-03-02 02:15:39,033 - root - INFO - head hit:0.0178, head mean rank:1043.8105, topn:10.
2021-03-02 02:15:39,033 - root - INFO - tail hit:0.1275, tail mean rank:885.1625, topn:10.
2021-03-02 02:15:39,033 - root - INFO - avg hit:0.0727, avg mean rank:964.4865, topn:10.
2021-03-02 02:15:39,035 - root - INFO - Checkpointing ...
2021-03-02 02:17:29,863 - root - INFO - rec train loss:7.8290, kg train loss:33.0532!
2021-03-02 02:17:31,208 - root - INFO - f1:0.1933, p:0.2299, r:0.2352, hit:0.7858, ndcg:0.5624, topn:10.
2021-03-02 02:17:32,495 - root - INFO - f1:0.2181, p:0.3618, r:0.2033, hit:0.8844, ndcg:0.6684, topn:10.
2021-03-02 02:17:34,364 - root - INFO - head hit:0.0243, head mean rank:1179.8889, topn:10.
2021-03-02 02:17:34,364 - root - INFO - tail hit:0.2120, tail mean rank:903.4955, topn:10.
2021-03-02 02:17:34,364 - root - INFO - avg hit:0.1181, avg mean rank:1041.6922, topn:10.
2021-03-02 02:17:37,857 - root - INFO - head hit:0.0264, head mean rank:1158.0006, topn:10.
2021-03-02 02:17:37,858 - root - INFO - tail hit:0.1987, tail mean rank:793.0331, topn:10.
2021-03-02 02:17:37,858 - root - INFO - avg hit:0.1125, avg mean rank:975.5169, topn:10.
2021-03-02 02:17:37,860 - root - INFO - Checkpointing ...
2021-03-02 02:19:27,919 - root - INFO - rec train loss:7.8445, kg train loss:32.9101!
2021-03-02 02:19:29,156 - root - INFO - f1:0.2051, p:0.2464, r:0.2461, hit:0.7805, ndcg:0.5746, topn:10.
2021-03-02 02:19:30,480 - root - INFO - f1:0.2222, p:0.3733, r:0.2036, hit:0.8887, ndcg:0.6918, topn:10.
2021-03-02 02:19:32,213 - root - INFO - head hit:0.0345, head mean rank:1084.9310, topn:10.
2021-03-02 02:19:32,214 - root - INFO - tail hit:0.1673, tail mean rank:878.6513, topn:10.
2021-03-02 02:19:32,214 - root - INFO - avg hit:0.1009, avg mean rank:981.7912, topn:10.
2021-03-02 02:19:35,570 - root - INFO - head hit:0.0245, head mean rank:1123.9154, topn:10.
2021-03-02 02:19:35,571 - root - INFO - tail hit:0.1594, tail mean rank:799.3200, topn:10.
2021-03-02 02:19:35,571 - root - INFO - avg hit:0.0920, avg mean rank:961.6177, topn:10.
2021-03-02 02:19:35,572 - root - INFO - Checkpointing ...
2021-03-02 02:21:26,035 - root - INFO - rec train loss:7.8722, kg train loss:32.9110!
2021-03-02 02:21:27,372 - root - INFO - f1:0.2130, p:0.2568, r:0.2494, hit:0.7943, ndcg:0.5984, topn:10.
2021-03-02 02:21:28,663 - root - INFO - f1:0.2395, p:0.3977, r:0.2218, hit:0.9003, ndcg:0.7077, topn:10.
2021-03-02 02:21:30,504 - root - INFO - head hit:0.0230, head mean rank:1086.0038, topn:10.
2021-03-02 02:21:30,504 - root - INFO - tail hit:0.1711, tail mean rank:875.0894, topn:10.
2021-03-02 02:21:30,505 - root - INFO - avg hit:0.0971, avg mean rank:980.5466, topn:10.
2021-03-02 02:21:33,971 - root - INFO - head hit:0.0245, head mean rank:1091.7394, topn:10.
2021-03-02 02:21:33,972 - root - INFO - tail hit:0.1723, tail mean rank:795.4372, topn:10.
2021-03-02 02:21:33,972 - root - INFO - avg hit:0.0984, avg mean rank:943.5883, topn:10.
2021-03-02 02:21:33,973 - root - INFO - Checkpointing ...
2021-03-02 02:23:23,537 - root - INFO - rec train loss:7.8351, kg train loss:32.7230!
2021-03-02 02:23:24,816 - root - INFO - f1:0.2189, p:0.2618, r:0.2622, hit:0.8091, ndcg:0.6112, topn:10.
2021-03-02 02:23:26,189 - root - INFO - f1:0.2455, p:0.4065, r:0.2258, hit:0.9173, ndcg:0.7227, topn:10.
2021-03-02 02:23:28,010 - root - INFO - head hit:0.0140, head mean rank:1085.4802, topn:10.
2021-03-02 02:23:28,011 - root - INFO - tail hit:0.1545, tail mean rank:851.0294, topn:10.
2021-03-02 02:23:28,011 - root - INFO - avg hit:0.0843, avg mean rank:968.2548, topn:10.
2021-03-02 02:23:31,518 - root - INFO - head hit:0.0251, head mean rank:1028.4053, topn:10.
2021-03-02 02:23:31,519 - root - INFO - tail hit:0.1576, tail mean rank:775.0123, topn:10.
2021-03-02 02:23:31,519 - root - INFO - avg hit:0.0914, avg mean rank:901.7088, topn:10.
2021-03-02 02:23:31,520 - root - INFO - Checkpointing ...
2021-03-02 02:25:22,819 - root - INFO - rec train loss:7.8456, kg train loss:32.8284!
2021-03-02 02:25:24,126 - root - INFO - f1:0.2307, p:0.2761, r:0.2715, hit:0.8187, ndcg:0.6175, topn:10.
2021-03-02 02:25:25,398 - root - INFO - f1:0.2501, p:0.4112, r:0.2314, hit:0.9183, ndcg:0.7256, topn:10.
2021-03-02 02:25:27,306 - root - INFO - head hit:0.0243, head mean rank:993.7114, topn:10.
2021-03-02 02:25:27,306 - root - INFO - tail hit:0.1469, tail mean rank:877.6232, topn:10.
2021-03-02 02:25:27,306 - root - INFO - avg hit:0.0856, avg mean rank:935.6673, topn:10.
2021-03-02 02:25:30,665 - root - INFO - head hit:0.0233, head mean rank:1046.2649, topn:10.
2021-03-02 02:25:30,665 - root - INFO - tail hit:0.1453, tail mean rank:806.7492, topn:10.
2021-03-02 02:25:30,666 - root - INFO - avg hit:0.0843, avg mean rank:926.5071, topn:10.
2021-03-02 02:25:30,667 - root - INFO - Checkpointing ...
2021-03-02 02:27:19,429 - root - INFO - rec train loss:7.7803, kg train loss:32.8951!
2021-03-02 02:27:20,765 - root - INFO - f1:0.2262, p:0.2714, r:0.2651, hit:0.8176, ndcg:0.6229, topn:10.
2021-03-02 02:27:22,038 - root - INFO - f1:0.2459, p:0.4086, r:0.2262, hit:0.9099, ndcg:0.7265, topn:10.
2021-03-02 02:27:24,039 - root - INFO - head hit:0.0268, head mean rank:1084.0498, topn:10.
2021-03-02 02:27:24,040 - root - INFO - tail hit:0.1545, tail mean rank:902.6220, topn:10.
2021-03-02 02:27:24,040 - root - INFO - avg hit:0.0907, avg mean rank:993.3359, topn:10.
2021-03-02 02:27:27,627 - root - INFO - head hit:0.0282, head mean rank:1057.1588, topn:10.
2021-03-02 02:27:27,627 - root - INFO - tail hit:0.1588, tail mean rank:774.8731, topn:10.
2021-03-02 02:27:27,628 - root - INFO - avg hit:0.0935, avg mean rank:916.0159, topn:10.
2021-03-02 02:27:27,630 - root - INFO - No improvement after one epoch. Lowering learning rate.
2021-03-02 02:29:16,541 - root - INFO - rec train loss:1.3631, kg train loss:5.7702!
2021-03-02 02:29:17,907 - root - INFO - f1:0.2602, p:0.3122, r:0.3048, hit:0.8378, ndcg:0.6688, topn:10.
2021-03-02 02:29:19,391 - root - INFO - f1:0.2770, p:0.4554, r:0.2546, hit:0.9311, ndcg:0.7647, topn:10.
2021-03-02 02:29:21,332 - root - INFO - head hit:0.0434, head mean rank:1008.8927, topn:10.
2021-03-02 02:29:21,333 - root - INFO - tail hit:0.1711, tail mean rank:885.6679, topn:10.
2021-03-02 02:29:21,333 - root - INFO - avg hit:0.1073, avg mean rank:947.2803, topn:10.
2021-03-02 02:29:24,928 - root - INFO - head hit:0.0392, head mean rank:952.0190, topn:10.
2021-03-02 02:29:24,929 - root - INFO - tail hit:0.1619, tail mean rank:798.9834, topn:10.
2021-03-02 02:29:24,929 - root - INFO - avg hit:0.1006, avg mean rank:875.5012, topn:10.
2021-03-02 02:29:24,931 - root - INFO - Checkpointing ...
2021-03-02 02:31:13,793 - root - INFO - rec train loss:1.3154, kg train loss:5.4307!
2021-03-02 02:31:15,147 - root - INFO - f1:0.2663, p:0.3211, r:0.3076, hit:0.8346, ndcg:0.6700, topn:10.
2021-03-02 02:31:16,482 - root - INFO - f1:0.2839, p:0.4663, r:0.2603, hit:0.9343, ndcg:0.7779, topn:10.
2021-03-02 02:31:18,356 - root - INFO - head hit:0.0307, head mean rank:980.6143, topn:10.
2021-03-02 02:31:18,357 - root - INFO - tail hit:0.1852, tail mean rank:779.0511, topn:10.
2021-03-02 02:31:18,357 - root - INFO - avg hit:0.1079, avg mean rank:879.8327, topn:10.
2021-03-02 02:31:21,817 - root - INFO - head hit:0.0454, head mean rank:944.0797, topn:10.
2021-03-02 02:31:21,818 - root - INFO - tail hit:0.2066, tail mean rank:737.2109, topn:10.
2021-03-02 02:31:21,818 - root - INFO - avg hit:0.1260, avg mean rank:840.6453, topn:10.
2021-03-02 02:31:21,819 - root - INFO - Checkpointing ...
2021-03-02 02:33:11,334 - root - INFO - rec train loss:1.2940, kg train loss:5.4116!
2021-03-02 02:33:12,680 - root - INFO - f1:0.2721, p:0.3252, r:0.3164, hit:0.8399, ndcg:0.6783, topn:10.
2021-03-02 02:33:14,033 - root - INFO - f1:0.2882, p:0.4734, r:0.2631, hit:0.9385, ndcg:0.7824, topn:10.
2021-03-02 02:33:16,000 - root - INFO - head hit:0.0358, head mean rank:989.4559, topn:10.
2021-03-02 02:33:16,000 - root - INFO - tail hit:0.1788, tail mean rank:802.0026, topn:10.
2021-03-02 02:33:16,000 - root - INFO - avg hit:0.1073, avg mean rank:895.7292, topn:10.
2021-03-02 02:33:19,444 - root - INFO - head hit:0.0343, head mean rank:959.6131, topn:10.
2021-03-02 02:33:19,445 - root - INFO - tail hit:0.1698, tail mean rank:764.7351, topn:10.
2021-03-02 02:33:19,445 - root - INFO - avg hit:0.1021, avg mean rank:862.1741, topn:10.
2021-03-02 02:33:19,446 - root - INFO - Checkpointing ...
2021-03-02 02:35:08,381 - root - INFO - rec train loss:1.2674, kg train loss:5.4289!
2021-03-02 02:35:09,736 - root - INFO - f1:0.2819, p:0.3371, r:0.3257, hit:0.8462, ndcg:0.6921, topn:10.
2021-03-02 02:35:10,997 - root - INFO - f1:0.2989, p:0.4866, r:0.2741, hit:0.9311, ndcg:0.7950, topn:10.
2021-03-02 02:35:12,984 - root - INFO - head hit:0.0485, head mean rank:1019.3589, topn:10.
2021-03-02 02:35:12,984 - root - INFO - tail hit:0.1737, tail mean rank:838.0421, topn:10.
2021-03-02 02:35:12,984 - root - INFO - avg hit:0.1111, avg mean rank:928.7005, topn:10.
2021-03-02 02:35:16,376 - root - INFO - head hit:0.0405, head mean rank:1034.6812, topn:10.
2021-03-02 02:35:16,376 - root - INFO - tail hit:0.1533, tail mean rank:822.1435, topn:10.
2021-03-02 02:35:16,376 - root - INFO - avg hit:0.0969, avg mean rank:928.4123, topn:10.
2021-03-02 02:35:16,377 - root - INFO - Checkpointing ...
2021-03-02 02:37:05,800 - root - INFO - rec train loss:1.2703, kg train loss:5.3468!
2021-03-02 02:37:07,051 - root - INFO - f1:0.2790, p:0.3347, r:0.3197, hit:0.8420, ndcg:0.6885, topn:10.
2021-03-02 02:37:08,349 - root - INFO - f1:0.2981, p:0.4860, r:0.2741, hit:0.9364, ndcg:0.7974, topn:10.
2021-03-02 02:37:10,316 - root - INFO - head hit:0.0549, head mean rank:873.8480, topn:10.
2021-03-02 02:37:10,316 - root - INFO - tail hit:0.1648, tail mean rank:884.5824, topn:10.
2021-03-02 02:37:10,317 - root - INFO - avg hit:0.1098, avg mean rank:879.2152, topn:10.
2021-03-02 02:37:13,766 - root - INFO - head hit:0.0454, head mean rank:965.6567, topn:10.
2021-03-02 02:37:13,767 - root - INFO - tail hit:0.1416, tail mean rank:813.9914, topn:10.
2021-03-02 02:37:13,767 - root - INFO - avg hit:0.0935, avg mean rank:889.8240, topn:10.
2021-03-02 02:37:13,769 - root - INFO - No improvement after one epoch. Lowering learning rate.
2021-03-02 02:39:02,177 - root - INFO - rec train loss:0.1736, kg train loss:0.7708!
2021-03-02 02:39:03,513 - root - INFO - f1:0.2971, p:0.3554, r:0.3431, hit:0.8568, ndcg:0.7208, topn:10.
2021-03-02 02:39:04,842 - root - INFO - f1:0.3151, p:0.5084, r:0.2899, hit:0.9438, ndcg:0.8197, topn:10.
2021-03-02 02:39:06,787 - root - INFO - head hit:0.0971, head mean rank:800.2644, topn:10.
2021-03-02 02:39:06,787 - root - INFO - tail hit:0.2337, tail mean rank:775.2401, topn:10.
2021-03-02 02:39:06,787 - root - INFO - avg hit:0.1654, avg mean rank:787.7522, topn:10.
2021-03-02 02:39:10,133 - root - INFO - head hit:0.0877, head mean rank:839.8952, topn:10.
2021-03-02 02:39:10,133 - root - INFO - tail hit:0.2158, tail mean rank:678.7603, topn:10.
2021-03-02 02:39:10,133 - root - INFO - avg hit:0.1517, avg mean rank:759.3277, topn:10.
2021-03-02 02:39:10,135 - root - INFO - Checkpointing ...
2021-03-02 02:40:58,507 - root - INFO - rec train loss:0.1250, kg train loss:0.5218!
2021-03-02 02:40:59,765 - root - INFO - f1:0.3005, p:0.3594, r:0.3468, hit:0.8579, ndcg:0.7308, topn:10.
2021-03-02 02:41:01,008 - root - INFO - f1:0.3204, p:0.5155, r:0.2940, hit:0.9491, ndcg:0.8196, topn:10.
2021-03-02 02:41:02,859 - root - INFO - head hit:0.0971, head mean rank:799.1443, topn:10.
2021-03-02 02:41:02,859 - root - INFO - tail hit:0.1928, tail mean rank:792.6833, topn:10.
2021-03-02 02:41:02,859 - root - INFO - avg hit:0.1450, avg mean rank:795.9138, topn:10.
2021-03-02 02:41:06,329 - root - INFO - head hit:0.0871, head mean rank:824.8185, topn:10.
2021-03-02 02:41:06,330 - root - INFO - tail hit:0.1913, tail mean rank:717.4341, topn:10.
2021-03-02 02:41:06,330 - root - INFO - avg hit:0.1392, avg mean rank:771.1263, topn:10.
2021-03-02 02:41:06,331 - root - INFO - Checkpointing ...
2021-03-02 02:42:55,141 - root - INFO - rec train loss:0.1160, kg train loss:0.4770!
2021-03-02 02:42:56,716 - root - INFO - f1:0.3082, p:0.3672, r:0.3569, hit:0.8664, ndcg:0.7401, topn:10.
2021-03-02 02:42:57,975 - root - INFO - f1:0.3226, p:0.5197, r:0.2954, hit:0.9512, ndcg:0.8265, topn:10.
2021-03-02 02:42:59,861 - root - INFO - head hit:0.0907, head mean rank:743.4483, topn:10.
2021-03-02 02:42:59,861 - root - INFO - tail hit:0.2363, tail mean rank:746.9080, topn:10.
2021-03-02 02:42:59,862 - root - INFO - avg hit:0.1635, avg mean rank:745.1782, topn:10.
2021-03-02 02:43:03,336 - root - INFO - head hit:0.0828, head mean rank:804.2170, topn:10.
2021-03-02 02:43:03,336 - root - INFO - tail hit:0.2078, tail mean rank:662.4782, topn:10.
2021-03-02 02:43:03,336 - root - INFO - avg hit:0.1453, avg mean rank:733.3476, topn:10.
2021-03-02 02:43:03,338 - root - INFO - Checkpointing ...
2021-03-02 02:44:51,594 - root - INFO - rec train loss:0.1032, kg train loss:0.4573!
2021-03-02 02:44:52,888 - root - INFO - f1:0.3100, p:0.3698, r:0.3577, hit:0.8685, ndcg:0.7431, topn:10.
2021-03-02 02:44:54,170 - root - INFO - f1:0.3287, p:0.5271, r:0.3018, hit:0.9438, ndcg:0.8321, topn:10.
2021-03-02 02:44:56,149 - root - INFO - head hit:0.1098, head mean rank:806.9310, topn:10.
2021-03-02 02:44:56,149 - root - INFO - tail hit:0.2631, tail mean rank:694.7931, topn:10.
2021-03-02 02:44:56,149 - root - INFO - avg hit:0.1865, avg mean rank:750.8621, topn:10.
2021-03-02 02:44:59,596 - root - INFO - head hit:0.0932, head mean rank:812.8712, topn:10.
2021-03-02 02:44:59,597 - root - INFO - tail hit:0.2667, tail mean rank:652.5162, topn:10.
2021-03-02 02:44:59,597 - root - INFO - avg hit:0.1800, avg mean rank:732.6937, topn:10.
2021-03-02 02:44:59,599 - root - INFO - Checkpointing ...
2021-03-02 02:46:48,562 - root - INFO - rec train loss:0.1045, kg train loss:0.4628!
2021-03-02 02:46:49,845 - root - INFO - f1:0.3127, p:0.3722, r:0.3605, hit:0.8653, ndcg:0.7493, topn:10.
2021-03-02 02:46:51,141 - root - INFO - f1:0.3339, p:0.5331, r:0.3077, hit:0.9533, ndcg:0.8371, topn:10.
2021-03-02 02:46:52,992 - root - INFO - head hit:0.0945, head mean rank:785.4151, topn:10.
2021-03-02 02:46:52,993 - root - INFO - tail hit:0.2197, tail mean rank:719.4521, topn:10.
2021-03-02 02:46:52,993 - root - INFO - avg hit:0.1571, avg mean rank:752.4336, topn:10.
2021-03-02 02:46:56,320 - root - INFO - head hit:0.0877, head mean rank:819.7204, topn:10.
2021-03-02 02:46:56,320 - root - INFO - tail hit:0.2152, tail mean rank:713.1944, topn:10.
2021-03-02 02:46:56,321 - root - INFO - avg hit:0.1514, avg mean rank:766.4574, topn:10.
2021-03-02 02:46:56,322 - root - INFO - Checkpointing ...
2021-03-02 02:48:46,133 - root - INFO - rec train loss:0.0995, kg train loss:0.4225!
2021-03-02 02:48:47,512 - root - INFO - f1:0.3183, p:0.3779, r:0.3662, hit:0.8727, ndcg:0.7550, topn:10.
2021-03-02 02:48:48,798 - root - INFO - f1:0.3355, p:0.5351, r:0.3090, hit:0.9480, ndcg:0.8439, topn:10.
2021-03-02 02:48:50,558 - root - INFO - head hit:0.0881, head mean rank:794.8033, topn:10.
2021-03-02 02:48:50,558 - root - INFO - tail hit:0.1660, tail mean rank:767.6769, topn:10.
2021-03-02 02:48:50,558 - root - INFO - avg hit:0.1271, avg mean rank:781.2401, topn:10.
2021-03-02 02:48:53,855 - root - INFO - head hit:0.0895, head mean rank:803.4525, topn:10.
2021-03-02 02:48:53,855 - root - INFO - tail hit:0.1968, tail mean rank:719.0215, topn:10.
2021-03-02 02:48:53,855 - root - INFO - avg hit:0.1432, avg mean rank:761.2370, topn:10.
2021-03-02 02:48:53,857 - root - INFO - Checkpointing ...
2021-03-02 02:50:41,758 - root - INFO - rec train loss:0.1011, kg train loss:0.4489!
2021-03-02 02:50:43,111 - root - INFO - f1:0.3159, p:0.3752, r:0.3642, hit:0.8727, ndcg:0.7578, topn:10.
2021-03-02 02:50:44,401 - root - INFO - f1:0.3355, p:0.5352, r:0.3085, hit:0.9544, ndcg:0.8447, topn:10.
2021-03-02 02:50:46,348 - root - INFO - head hit:0.0920, head mean rank:825.8978, topn:10.
2021-03-02 02:50:46,348 - root - INFO - tail hit:0.2158, tail mean rank:728.5760, topn:10.
2021-03-02 02:50:46,348 - root - INFO - avg hit:0.1539, avg mean rank:777.2369, topn:10.
2021-03-02 02:50:49,754 - root - INFO - head hit:0.0852, head mean rank:791.8578, topn:10.
2021-03-02 02:50:49,755 - root - INFO - tail hit:0.2275, tail mean rank:656.0208, topn:10.
2021-03-02 02:50:49,755 - root - INFO - avg hit:0.1563, avg mean rank:723.9393, topn:10.
2021-03-02 02:50:49,756 - root - INFO - No improvement after one epoch. Lowering learning rate.
2021-03-02 02:52:35,913 - root - INFO - rec train loss:0.0279, kg train loss:0.1293!
2021-03-02 02:52:37,206 - root - INFO - f1:0.3204, p:0.3807, r:0.3672, hit:0.8664, ndcg:0.7615, topn:10.
2021-03-02 02:52:38,518 - root - INFO - f1:0.3413, p:0.5419, r:0.3152, hit:0.9544, ndcg:0.8494, topn:10.
2021-03-02 02:52:40,430 - root - INFO - head hit:0.1456, head mean rank:793.9451, topn:10.
2021-03-02 02:52:40,430 - root - INFO - tail hit:0.2554, tail mean rank:699.3806, topn:10.
2021-03-02 02:52:40,430 - root - INFO - avg hit:0.2005, avg mean rank:746.6628, topn:10.
2021-03-02 02:52:43,778 - root - INFO - head hit:0.1196, head mean rank:784.0607, topn:10.
2021-03-02 02:52:43,778 - root - INFO - tail hit:0.2600, tail mean rank:649.2777, topn:10.
2021-03-02 02:52:43,779 - root - INFO - avg hit:0.1898, avg mean rank:716.6692, topn:10.
2021-03-02 02:52:43,780 - root - INFO - Checkpointing ...
2021-03-02 02:54:30,392 - root - INFO - rec train loss:0.0170, kg train loss:0.0766!
2021-03-02 02:54:31,707 - root - INFO - f1:0.3260, p:0.3870, r:0.3735, hit:0.8727, ndcg:0.7699, topn:10.
2021-03-02 02:54:32,981 - root - INFO - f1:0.3444, p:0.5466, r:0.3179, hit:0.9544, ndcg:0.8528, topn:10.
2021-03-02 02:54:34,772 - root - INFO - head hit:0.1277, head mean rank:702.4994, topn:10.
2021-03-02 02:54:34,773 - root - INFO - tail hit:0.3001, tail mean rank:659.0051, topn:10.
2021-03-02 02:54:34,773 - root - INFO - avg hit:0.2139, avg mean rank:680.7522, topn:10.
2021-03-02 02:54:38,079 - root - INFO - head hit:0.1134, head mean rank:727.6125, topn:10.
2021-03-02 02:54:38,079 - root - INFO - tail hit:0.3121, tail mean rank:599.7112, topn:10.
2021-03-02 02:54:38,079 - root - INFO - avg hit:0.2128, avg mean rank:663.6619, topn:10.
2021-03-02 02:54:38,081 - root - INFO - Checkpointing ...
2021-03-02 02:56:16,263 - root - INFO - rec train loss:0.0120, kg train loss:0.0662!
2021-03-02 02:56:17,468 - root - INFO - f1:0.3287, p:0.3895, r:0.3780, hit:0.8770, ndcg:0.7691, topn:10.
2021-03-02 02:56:18,986 - root - INFO - f1:0.3463, p:0.5489, r:0.3196, hit:0.9555, ndcg:0.8562, topn:10.
2021-03-02 02:56:20,789 - root - INFO - head hit:0.1367, head mean rank:702.1430, topn:10.
2021-03-02 02:56:20,789 - root - INFO - tail hit:0.3001, tail mean rank:634.2861, topn:10.
2021-03-02 02:56:20,789 - root - INFO - avg hit:0.2184, avg mean rank:668.2146, topn:10.
2021-03-02 02:56:24,239 - root - INFO - head hit:0.1343, head mean rank:713.3470, topn:10.
2021-03-02 02:56:24,239 - root - INFO - tail hit:0.3292, tail mean rank:576.2992, topn:10.
2021-03-02 02:56:24,239 - root - INFO - avg hit:0.2318, avg mean rank:644.8231, topn:10.
2021-03-02 02:56:24,241 - root - INFO - Checkpointing ...
2021-03-02 02:58:04,606 - root - INFO - rec train loss:0.0100, kg train loss:0.0606!
2021-03-02 02:58:05,876 - root - INFO - f1:0.3314, p:0.3918, r:0.3829, hit:0.8802, ndcg:0.7781, topn:10.
2021-03-02 02:58:07,230 - root - INFO - f1:0.3461, p:0.5488, r:0.3192, hit:0.9544, ndcg:0.8626, topn:10.
2021-03-02 02:58:09,150 - root - INFO - head hit:0.1252, head mean rank:710.7599, topn:10.
2021-03-02 02:58:09,150 - root - INFO - tail hit:0.3001, tail mean rank:664.0881, topn:10.
2021-03-02 02:58:09,150 - root - INFO - avg hit:0.2126, avg mean rank:687.4240, topn:10.
2021-03-02 02:58:12,550 - root - INFO - head hit:0.1257, head mean rank:708.3194, topn:10.
2021-03-02 02:58:12,550 - root - INFO - tail hit:0.3207, tail mean rank:570.0509, topn:10.
2021-03-02 02:58:12,550 - root - INFO - avg hit:0.2232, avg mean rank:639.1852, topn:10.
2021-03-02 02:58:12,552 - root - INFO - Checkpointing ...
2021-03-02 02:59:59,058 - root - INFO - rec train loss:0.0117, kg train loss:0.0560!
2021-03-02 03:00:00,413 - root - INFO - f1:0.3317, p:0.3924, r:0.3840, hit:0.8823, ndcg:0.7784, topn:10.
2021-03-02 03:00:01,685 - root - INFO - f1:0.3486, p:0.5525, r:0.3207, hit:0.9544, ndcg:0.8645, topn:10.
2021-03-02 03:00:03,604 - root - INFO - head hit:0.1367, head mean rank:706.6475, topn:10.
2021-03-02 03:00:03,604 - root - INFO - tail hit:0.3142, tail mean rank:655.3499, topn:10.
2021-03-02 03:00:03,605 - root - INFO - avg hit:0.2254, avg mean rank:680.9987, topn:10.
2021-03-02 03:00:06,933 - root - INFO - head hit:0.1245, head mean rank:700.2416, topn:10.
2021-03-02 03:00:06,933 - root - INFO - tail hit:0.3305, tail mean rank:562.6235, topn:10.
2021-03-02 03:00:06,934 - root - INFO - avg hit:0.2275, avg mean rank:631.4326, topn:10.
2021-03-02 03:00:06,935 - root - INFO - Checkpointing ...
2021-03-02 03:01:53,578 - root - INFO - rec train loss:0.0110, kg train loss:0.0581!
2021-03-02 03:01:54,969 - root - INFO - f1:0.3331, p:0.3944, r:0.3837, hit:0.8749, ndcg:0.7760, topn:10.
2021-03-02 03:01:56,269 - root - INFO - f1:0.3521, p:0.5554, r:0.3254, hit:0.9597, ndcg:0.8666, topn:10.
2021-03-02 03:01:58,023 - root - INFO - head hit:0.1303, head mean rank:681.9527, topn:10.
2021-03-02 03:01:58,023 - root - INFO - tail hit:0.3346, tail mean rank:644.1609, topn:10.
2021-03-02 03:01:58,023 - root - INFO - avg hit:0.2324, avg mean rank:663.0568, topn:10.
2021-03-02 03:02:01,317 - root - INFO - head hit:0.1410, head mean rank:674.5868, topn:10.
2021-03-02 03:02:01,317 - root - INFO - tail hit:0.3562, tail mean rank:559.3397, topn:10.
2021-03-02 03:02:01,317 - root - INFO - avg hit:0.2486, avg mean rank:616.9632, topn:10.
2021-03-02 03:02:01,319 - root - INFO - Checkpointing ...
2021-03-02 03:03:48,413 - root - INFO - rec train loss:0.0109, kg train loss:0.0546!
2021-03-02 03:03:49,780 - root - INFO - f1:0.3373, p:0.3982, r:0.3887, hit:0.8791, ndcg:0.7829, topn:10.
2021-03-02 03:03:51,133 - root - INFO - f1:0.3522, p:0.5567, r:0.3245, hit:0.9555, ndcg:0.8742, topn:10.
2021-03-02 03:03:52,932 - root - INFO - head hit:0.1609, head mean rank:659.8327, topn:10.
2021-03-02 03:03:52,932 - root - INFO - tail hit:0.3231, tail mean rank:623.5479, topn:10.
2021-03-02 03:03:52,932 - root - INFO - avg hit:0.2420, avg mean rank:641.6903, topn:10.
2021-03-02 03:03:56,247 - root - INFO - head hit:0.1361, head mean rank:672.0773, topn:10.
2021-03-02 03:03:56,247 - root - INFO - tail hit:0.3335, tail mean rank:552.2269, topn:10.
2021-03-02 03:03:56,247 - root - INFO - avg hit:0.2348, avg mean rank:612.1521, topn:10.
2021-03-02 03:03:56,249 - root - INFO - Checkpointing ...
2021-03-02 03:05:42,768 - root - INFO - rec train loss:0.0107, kg train loss:0.0562!
2021-03-02 03:05:44,006 - root - INFO - f1:0.3358, p:0.3975, r:0.3858, hit:0.8780, ndcg:0.7868, topn:10.
2021-03-02 03:05:45,280 - root - INFO - f1:0.3541, p:0.5595, r:0.3260, hit:0.9576, ndcg:0.8711, topn:10.
2021-03-02 03:05:47,164 - root - INFO - head hit:0.1456, head mean rank:631.3078, topn:10.
2021-03-02 03:05:47,164 - root - INFO - tail hit:0.3103, tail mean rank:628.3665, topn:10.
2021-03-02 03:05:47,164 - root - INFO - avg hit:0.2280, avg mean rank:629.8372, topn:10.
2021-03-02 03:05:50,481 - root - INFO - head hit:0.1429, head mean rank:657.5763, topn:10.
2021-03-02 03:05:50,481 - root - INFO - tail hit:0.3366, tail mean rank:562.6720, topn:10.
2021-03-02 03:05:50,481 - root - INFO - avg hit:0.2397, avg mean rank:610.1242, topn:10.
2021-03-02 03:05:50,483 - root - INFO - No improvement after one epoch. Lowering learning rate.
2021-03-02 03:07:37,391 - root - INFO - rec train loss:0.0062, kg train loss:0.0266!
2021-03-02 03:07:38,684 - root - INFO - f1:0.3399, p:0.4014, r:0.3911, hit:0.8823, ndcg:0.7883, topn:10.
2021-03-02 03:07:40,021 - root - INFO - f1:0.3561, p:0.5619, r:0.3280, hit:0.9586, ndcg:0.8744, topn:10.
2021-03-02 03:07:41,878 - root - INFO - head hit:0.1584, head mean rank:637.1826, topn:10.
2021-03-02 03:07:41,878 - root - INFO - tail hit:0.3806, tail mean rank:581.1622, topn:10.
2021-03-02 03:07:41,878 - root - INFO - avg hit:0.2695, avg mean rank:609.1724, topn:10.
2021-03-02 03:07:45,217 - root - INFO - head hit:0.1521, head mean rank:664.1153, topn:10.
2021-03-02 03:07:45,218 - root - INFO - tail hit:0.3948, tail mean rank:525.9123, topn:10.
2021-03-02 03:07:45,218 - root - INFO - avg hit:0.2735, avg mean rank:595.0138, topn:10.
2021-03-02 03:07:45,219 - root - INFO - Checkpointing ...
2021-03-02 03:09:31,671 - root - INFO - rec train loss:0.0040, kg train loss:0.0215!
2021-03-02 03:09:33,001 - root - INFO - f1:0.3413, p:0.4025, r:0.3931, hit:0.8812, ndcg:0.7901, topn:10.
2021-03-02 03:09:34,364 - root - INFO - f1:0.3548, p:0.5604, r:0.3269, hit:0.9565, ndcg:0.8771, topn:10.
2021-03-02 03:09:36,239 - root - INFO - head hit:0.1584, head mean rank:620.6309, topn:10.
2021-03-02 03:09:36,239 - root - INFO - tail hit:0.3589, tail mean rank:584.4917, topn:10.
2021-03-02 03:09:36,239 - root - INFO - avg hit:0.2586, avg mean rank:602.5613, topn:10.
2021-03-02 03:09:39,848 - root - INFO - head hit:0.1619, head mean rank:641.8246, topn:10.
2021-03-02 03:09:39,849 - root - INFO - tail hit:0.3654, tail mean rank:525.4053, topn:10.
2021-03-02 03:09:39,849 - root - INFO - avg hit:0.2636, avg mean rank:583.6150, topn:10.
2021-03-02 03:09:39,851 - root - INFO - Checkpointing ...
2021-03-02 03:11:26,346 - root - INFO - rec train loss:0.0030, kg train loss:0.0168!
2021-03-02 03:11:27,726 - root - INFO - f1:0.3424, p:0.4037, r:0.3952, hit:0.8770, ndcg:0.7868, topn:10.
2021-03-02 03:11:29,043 - root - INFO - f1:0.3575, p:0.5637, r:0.3290, hit:0.9555, ndcg:0.8767, topn:10.
2021-03-02 03:11:30,867 - root - INFO - head hit:0.1686, head mean rank:652.2963, topn:10.
2021-03-02 03:11:30,867 - root - INFO - tail hit:0.3806, tail mean rank:578.3806, topn:10.
2021-03-02 03:11:30,867 - root - INFO - avg hit:0.2746, avg mean rank:615.3384, topn:10.
2021-03-02 03:11:34,201 - root - INFO - head hit:0.1551, head mean rank:665.2029, topn:10.
2021-03-02 03:11:34,201 - root - INFO - tail hit:0.4004, tail mean rank:516.9424, topn:10.
2021-03-02 03:11:34,201 - root - INFO - avg hit:0.2777, avg mean rank:591.0727, topn:10.
2021-03-02 03:11:34,203 - root - INFO - Checkpointing ...
2021-03-02 03:13:20,471 - root - INFO - rec train loss:0.0027, kg train loss:0.0145!
2021-03-02 03:13:21,785 - root - INFO - f1:0.3433, p:0.4048, r:0.3962, hit:0.8834, ndcg:0.7952, topn:10.
2021-03-02 03:13:23,111 - root - INFO - f1:0.3571, p:0.5636, r:0.3285, hit:0.9555, ndcg:0.8818, topn:10.
2021-03-02 03:13:24,934 - root - INFO - head hit:0.1750, head mean rank:623.3474, topn:10.
2021-03-02 03:13:24,934 - root - INFO - tail hit:0.3716, tail mean rank:587.4432, topn:10.
2021-03-02 03:13:24,934 - root - INFO - avg hit:0.2733, avg mean rank:605.3953, topn:10.
2021-03-02 03:13:28,366 - root - INFO - head hit:0.1655, head mean rank:647.8161, topn:10.
2021-03-02 03:13:28,366 - root - INFO - tail hit:0.3961, tail mean rank:531.5230, topn:10.
2021-03-02 03:13:28,366 - root - INFO - avg hit:0.2808, avg mean rank:589.6695, topn:10.
2021-03-02 03:13:28,368 - root - INFO - Checkpointing ...
2021-03-02 03:15:13,962 - root - INFO - rec train loss:0.0028, kg train loss:0.0133!
2021-03-02 03:15:15,254 - root - INFO - f1:0.3452, p:0.4060, r:0.3998, hit:0.8876, ndcg:0.7936, topn:10.
2021-03-02 03:15:16,443 - root - INFO - f1:0.3614, p:0.5677, r:0.3341, hit:0.9586, ndcg:0.8808, topn:10.
2021-03-02 03:15:18,307 - root - INFO - head hit:0.1788, head mean rank:631.1852, topn:10.
2021-03-02 03:15:18,307 - root - INFO - tail hit:0.3959, tail mean rank:584.4381, topn:10.
2021-03-02 03:15:18,307 - root - INFO - avg hit:0.2874, avg mean rank:607.8116, topn:10.
2021-03-02 03:15:21,796 - root - INFO - head hit:0.1668, head mean rank:651.8020, topn:10.
2021-03-02 03:15:21,796 - root - INFO - tail hit:0.4071, tail mean rank:525.5334, topn:10.
2021-03-02 03:15:21,797 - root - INFO - avg hit:0.2869, avg mean rank:588.6677, topn:10.
2021-03-02 03:15:21,799 - root - INFO - Checkpointing ...
2021-03-02 03:17:08,409 - root - INFO - rec train loss:0.0021, kg train loss:0.0140!
2021-03-02 03:17:09,726 - root - INFO - f1:0.3441, p:0.4052, r:0.3982, hit:0.8855, ndcg:0.7941, topn:10.
2021-03-02 03:17:11,026 - root - INFO - f1:0.3601, p:0.5669, r:0.3323, hit:0.9565, ndcg:0.8795, topn:10.
2021-03-02 03:17:12,860 - root - INFO - head hit:0.1724, head mean rank:651.4010, topn:10.
2021-03-02 03:17:12,861 - root - INFO - tail hit:0.3883, tail mean rank:591.1367, topn:10.
2021-03-02 03:17:12,861 - root - INFO - avg hit:0.2803, avg mean rank:621.2688, topn:10.
2021-03-02 03:17:16,254 - root - INFO - head hit:0.1594, head mean rank:659.8099, topn:10.
2021-03-02 03:17:16,254 - root - INFO - tail hit:0.4175, tail mean rank:527.1171, topn:10.
2021-03-02 03:17:16,254 - root - INFO - avg hit:0.2885, avg mean rank:593.4635, topn:10.
2021-03-02 03:17:16,255 - root - INFO - No improvement after one epoch. Lowering learning rate.
2021-03-02 03:19:02,400 - root - INFO - rec train loss:0.0022, kg train loss:0.0088!
2021-03-02 03:19:03,659 - root - INFO - f1:0.3469, p:0.4081, r:0.4008, hit:0.8865, ndcg:0.7978, topn:10.
2021-03-02 03:19:04,995 - root - INFO - f1:0.3636, p:0.5708, r:0.3356, hit:0.9586, ndcg:0.8816, topn:10.
2021-03-02 03:19:06,771 - root - INFO - head hit:0.1737, head mean rank:636.1673, topn:10.
2021-03-02 03:19:06,772 - root - INFO - tail hit:0.4023, tail mean rank:575.5057, topn:10.
2021-03-02 03:19:06,772 - root - INFO - avg hit:0.2880, avg mean rank:605.8365, topn:10.
2021-03-02 03:19:10,231 - root - INFO - head hit:0.1655, head mean rank:651.4188, topn:10.
2021-03-02 03:19:10,231 - root - INFO - tail hit:0.4237, tail mean rank:519.6505, topn:10.
2021-03-02 03:19:10,231 - root - INFO - avg hit:0.2946, avg mean rank:585.5346, topn:10.
2021-03-02 03:19:10,233 - root - INFO - Checkpointing ...
2021-03-02 03:20:56,406 - root - INFO - rec train loss:0.0017, kg train loss:0.0078!
2021-03-02 03:20:57,674 - root - INFO - f1:0.3466, p:0.4081, r:0.4008, hit:0.8865, ndcg:0.7985, topn:10.
2021-03-02 03:20:58,968 - root - INFO - f1:0.3627, p:0.5703, r:0.3341, hit:0.9586, ndcg:0.8840, topn:10.
2021-03-02 03:21:00,831 - root - INFO - head hit:0.1826, head mean rank:630.8608, topn:10.
2021-03-02 03:21:00,831 - root - INFO - tail hit:0.4049, tail mean rank:576.0690, topn:10.
2021-03-02 03:21:00,831 - root - INFO - avg hit:0.2937, avg mean rank:603.4649, topn:10.
2021-03-02 03:21:04,207 - root - INFO - head hit:0.1680, head mean rank:656.4108, topn:10.
2021-03-02 03:21:04,207 - root - INFO - tail hit:0.4378, tail mean rank:523.4911, topn:10.
2021-03-02 03:21:04,207 - root - INFO - avg hit:0.3029, avg mean rank:589.9510, topn:10.
2021-03-02 03:21:04,208 - root - INFO - No improvement after one epoch. Lowering learning rate.
2021-03-02 03:22:50,592 - root - INFO - rec train loss:0.0019, kg train loss:0.0057!
2021-03-02 03:22:51,915 - root - INFO - f1:0.3471, p:0.4086, r:0.4000, hit:0.8844, ndcg:0.7985, topn:10.
2021-03-02 03:22:53,218 - root - INFO - f1:0.3634, p:0.5713, r:0.3348, hit:0.9608, ndcg:0.8850, topn:10.
2021-03-02 03:22:55,190 - root - INFO - head hit:0.1890, head mean rank:629.6833, topn:10.
2021-03-02 03:22:55,191 - root - INFO - tail hit:0.4023, tail mean rank:574.2158, topn:10.
2021-03-02 03:22:55,191 - root - INFO - avg hit:0.2957, avg mean rank:601.9496, topn:10.
2021-03-02 03:22:58,528 - root - INFO - head hit:0.1815, head mean rank:652.1845, topn:10.
2021-03-02 03:22:58,529 - root - INFO - tail hit:0.4347, tail mean rank:521.4568, topn:10.
2021-03-02 03:22:58,529 - root - INFO - avg hit:0.3081, avg mean rank:586.8207, topn:10.
2021-03-02 03:22:58,530 - root - INFO - Checkpointing ...
2021-03-02 03:24:44,455 - root - INFO - rec train loss:0.0009, kg train loss:0.0041!
2021-03-02 03:24:45,767 - root - INFO - f1:0.3475, p:0.4092, r:0.4002, hit:0.8844, ndcg:0.8002, topn:10.
2021-03-02 03:24:47,074 - root - INFO - f1:0.3638, p:0.5716, r:0.3352, hit:0.9618, ndcg:0.8878, topn:10.
2021-03-02 03:24:49,039 - root - INFO - head hit:0.1967, head mean rank:625.6245, topn:10.
2021-03-02 03:24:49,039 - root - INFO - tail hit:0.4100, tail mean rank:571.5032, topn:10.
2021-03-02 03:24:49,039 - root - INFO - avg hit:0.3033, avg mean rank:598.5639, topn:10.
2021-03-02 03:24:52,526 - root - INFO - head hit:0.1876, head mean rank:649.3084, topn:10.
2021-03-02 03:24:52,527 - root - INFO - tail hit:0.4353, tail mean rank:521.7597, topn:10.
2021-03-02 03:24:52,527 - root - INFO - avg hit:0.3115, avg mean rank:585.5340, topn:10.
2021-03-02 03:24:52,529 - root - INFO - Checkpointing ...
2021-03-02 03:26:38,546 - root - INFO - rec train loss:0.0006, kg train loss:0.0044!
2021-03-02 03:26:39,855 - root - INFO - f1:0.3487, p:0.4105, r:0.4017, hit:0.8876, ndcg:0.8018, topn:10.
2021-03-02 03:26:41,155 - root - INFO - f1:0.3645, p:0.5723, r:0.3362, hit:0.9618, ndcg:0.8859, topn:10.
2021-03-02 03:26:43,008 - root - INFO - head hit:0.1852, head mean rank:635.8238, topn:10.
2021-03-02 03:26:43,008 - root - INFO - tail hit:0.4112, tail mean rank:567.1481, topn:10.
2021-03-02 03:26:43,009 - root - INFO - avg hit:0.2982, avg mean rank:601.4860, topn:10.
2021-03-02 03:26:46,253 - root - INFO - head hit:0.1729, head mean rank:663.9822, topn:10.
2021-03-02 03:26:46,253 - root - INFO - tail hit:0.4408, tail mean rank:519.2974, topn:10.
2021-03-02 03:26:46,253 - root - INFO - avg hit:0.3069, avg mean rank:591.6398, topn:10.
2021-03-02 03:26:46,255 - root - INFO - Checkpointing ...
2021-03-02 03:28:33,105 - root - INFO - rec train loss:0.0010, kg train loss:0.0033!
2021-03-02 03:28:34,418 - root - INFO - f1:0.3485, p:0.4105, r:0.4013, hit:0.8855, ndcg:0.8014, topn:10.
2021-03-02 03:28:35,589 - root - INFO - f1:0.3637, p:0.5716, r:0.3349, hit:0.9618, ndcg:0.8883, topn:10.
2021-03-02 03:28:37,375 - root - INFO - head hit:0.1890, head mean rank:641.0651, topn:10.
2021-03-02 03:28:37,375 - root - INFO - tail hit:0.4202, tail mean rank:566.9336, topn:10.
2021-03-02 03:28:37,375 - root - INFO - avg hit:0.3046, avg mean rank:603.9994, topn:10.
2021-03-02 03:28:40,527 - root - INFO - head hit:0.1766, head mean rank:667.7928, topn:10.
2021-03-02 03:28:40,528 - root - INFO - tail hit:0.4421, tail mean rank:516.1110, topn:10.
2021-03-02 03:28:40,528 - root - INFO - avg hit:0.3093, avg mean rank:591.9519, topn:10.
2021-03-02 03:28:40,529 - root - INFO - No improvement after one epoch. Lowering learning rate.
2021-03-02 03:30:26,737 - root - INFO - rec train loss:0.0002, kg train loss:0.0021!
2021-03-02 03:30:28,027 - root - INFO - f1:0.3488, p:0.4107, r:0.4018, hit:0.8855, ndcg:0.8033, topn:10.
2021-03-02 03:30:29,308 - root - INFO - f1:0.3637, p:0.5717, r:0.3348, hit:0.9608, ndcg:0.8881, topn:10.
2021-03-02 03:30:31,218 - root - INFO - head hit:0.1928, head mean rank:640.9272, topn:10.
2021-03-02 03:30:31,219 - root - INFO - tail hit:0.4176, tail mean rank:564.6411, topn:10.
2021-03-02 03:30:31,219 - root - INFO - avg hit:0.3052, avg mean rank:602.7842, topn:10.
2021-03-02 03:30:34,642 - root - INFO - head hit:0.1766, head mean rank:668.4862, topn:10.
2021-03-02 03:30:34,643 - root - INFO - tail hit:0.4390, tail mean rank:512.4972, topn:10.
2021-03-02 03:30:34,643 - root - INFO - avg hit:0.3078, avg mean rank:590.4917, topn:10.
2021-03-02 03:30:34,645 - root - INFO - Checkpointing ...
2021-03-02 03:32:20,928 - root - INFO - rec train loss:0.0007, kg train loss:0.0027!
2021-03-02 03:32:22,245 - root - INFO - f1:0.3489, p:0.4110, r:0.4017, hit:0.8844, ndcg:0.8013, topn:10.
2021-03-02 03:32:23,586 - root - INFO - f1:0.3650, p:0.5730, r:0.3365, hit:0.9597, ndcg:0.8876, topn:10.
2021-03-02 03:32:25,401 - root - INFO - head hit:0.1954, head mean rank:644.6462, topn:10.
2021-03-02 03:32:25,401 - root - INFO - tail hit:0.4202, tail mean rank:564.5147, topn:10.
2021-03-02 03:32:25,401 - root - INFO - avg hit:0.3078, avg mean rank:604.5805, topn:10.
2021-03-02 03:32:28,819 - root - INFO - head hit:0.1747, head mean rank:671.1551, topn:10.
2021-03-02 03:32:28,820 - root - INFO - tail hit:0.4396, tail mean rank:510.9957, topn:10.
2021-03-02 03:32:28,820 - root - INFO - avg hit:0.3072, avg mean rank:591.0754, topn:10.
2021-03-02 03:32:28,822 - root - INFO - Checkpointing ...
2021-03-02 03:34:14,735 - root - INFO - rec train loss:0.0007, kg train loss:0.0022!
2021-03-02 03:34:15,972 - root - INFO - f1:0.3493, p:0.4116, r:0.4018, hit:0.8855, ndcg:0.8020, topn:10.
2021-03-02 03:34:17,232 - root - INFO - f1:0.3646, p:0.5726, r:0.3359, hit:0.9618, ndcg:0.8892, topn:10.
2021-03-02 03:34:19,049 - root - INFO - head hit:0.1941, head mean rank:644.8110, topn:10.
2021-03-02 03:34:19,049 - root - INFO - tail hit:0.4215, tail mean rank:565.5530, topn:10.
2021-03-02 03:34:19,049 - root - INFO - avg hit:0.3078, avg mean rank:605.1820, topn:10.
2021-03-02 03:34:22,473 - root - INFO - head hit:0.1729, head mean rank:673.3458, topn:10.
2021-03-02 03:34:22,473 - root - INFO - tail hit:0.4372, tail mean rank:511.6039, topn:10.
2021-03-02 03:34:22,473 - root - INFO - avg hit:0.3050, avg mean rank:592.4749, topn:10.
2021-03-02 03:34:22,475 - root - INFO - Checkpointing ...
2021-03-02 03:36:08,097 - root - INFO - rec train loss:0.0007, kg train loss:0.0020!
2021-03-02 03:36:09,431 - root - INFO - f1:0.3499, p:0.4120, r:0.4028, hit:0.8855, ndcg:0.8012, topn:10.
2021-03-02 03:36:10,975 - root - INFO - f1:0.3647, p:0.5730, r:0.3359, hit:0.9618, ndcg:0.8890, topn:10.
2021-03-02 03:36:12,715 - root - INFO - head hit:0.1967, head mean rank:645.5223, topn:10.
2021-03-02 03:36:12,715 - root - INFO - tail hit:0.4176, tail mean rank:564.7778, topn:10.
2021-03-02 03:36:12,715 - root - INFO - avg hit:0.3072, avg mean rank:605.1501, topn:10.
2021-03-02 03:36:15,985 - root - INFO - head hit:0.1729, head mean rank:672.6052, topn:10.
2021-03-02 03:36:15,985 - root - INFO - tail hit:0.4433, tail mean rank:510.6530, topn:10.
2021-03-02 03:36:15,985 - root - INFO - avg hit:0.3081, avg mean rank:591.6291, topn:10.
2021-03-02 03:36:15,987 - root - INFO - Checkpointing ...
2021-03-02 03:38:01,213 - root - INFO - rec train loss:0.0003, kg train loss:0.0030!
2021-03-02 03:38:02,568 - root - INFO - f1:0.3498, p:0.4120, r:0.4025, hit:0.8855, ndcg:0.8007, topn:10.
2021-03-02 03:38:03,782 - root - INFO - f1:0.3649, p:0.5730, r:0.3363, hit:0.9618, ndcg:0.8890, topn:10.
2021-03-02 03:38:05,634 - root - INFO - head hit:0.1954, head mean rank:642.6386, topn:10.
2021-03-02 03:38:05,635 - root - INFO - tail hit:0.4138, tail mean rank:565.4163, topn:10.
2021-03-02 03:38:05,635 - root - INFO - avg hit:0.3046, avg mean rank:604.0275, topn:10.
2021-03-02 03:38:09,073 - root - INFO - head hit:0.1747, head mean rank:670.4513, topn:10.
2021-03-02 03:38:09,074 - root - INFO - tail hit:0.4421, tail mean rank:511.1993, topn:10.
2021-03-02 03:38:09,074 - root - INFO - avg hit:0.3084, avg mean rank:590.8253, topn:10.
2021-03-02 03:38:09,075 - root - INFO - No improvement after one epoch. Lowering learning rate.
2021-03-02 03:39:54,711 - root - INFO - rec train loss:0.0015, kg train loss:0.0017!
2021-03-02 03:39:56,012 - root - INFO - f1:0.3493, p:0.4115, r:0.4021, hit:0.8844, ndcg:0.8001, topn:10.
2021-03-02 03:39:57,255 - root - INFO - f1:0.3656, p:0.5737, r:0.3370, hit:0.9618, ndcg:0.8878, topn:10.
2021-03-02 03:39:59,091 - root - INFO - head hit:0.1967, head mean rank:642.6564, topn:10.
2021-03-02 03:39:59,091 - root - INFO - tail hit:0.4163, tail mean rank:565.1328, topn:10.
2021-03-02 03:39:59,091 - root - INFO - avg hit:0.3065, avg mean rank:603.8946, topn:10.
2021-03-02 03:40:02,409 - root - INFO - head hit:0.1729, head mean rank:671.1668, topn:10.
2021-03-02 03:40:02,409 - root - INFO - tail hit:0.4439, tail mean rank:511.6726, topn:10.
2021-03-02 03:40:02,409 - root - INFO - avg hit:0.3084, avg mean rank:591.4197, topn:10.
2021-03-02 03:40:02,411 - root - INFO - No improvement after one epoch. Lowering learning rate.
2021-03-02 03:41:48,880 - root - INFO - rec train loss:0.0002, kg train loss:0.0025!
2021-03-02 03:41:50,197 - root - INFO - f1:0.3495, p:0.4117, r:0.4021, hit:0.8834, ndcg:0.8008, topn:10.
2021-03-02 03:41:51,488 - root - INFO - f1:0.3656, p:0.5737, r:0.3372, hit:0.9618, ndcg:0.8880, topn:10.
2021-03-02 03:41:53,286 - root - INFO - head hit:0.1954, head mean rank:644.2414, topn:10.
2021-03-02 03:41:53,287 - root - INFO - tail hit:0.4151, tail mean rank:565.2273, topn:10.
2021-03-02 03:41:53,287 - root - INFO - avg hit:0.3052, avg mean rank:604.7344, topn:10.
2021-03-02 03:41:56,454 - root - INFO - head hit:0.1729, head mean rank:671.9926, topn:10.
2021-03-02 03:41:56,455 - root - INFO - tail hit:0.4445, tail mean rank:511.4684, topn:10.
2021-03-02 03:41:56,455 - root - INFO - avg hit:0.3087, avg mean rank:591.7305, topn:10.
2021-03-02 03:41:56,456 - root - INFO - No improvement after one epoch. Lowering learning rate.
2021-03-02 03:43:42,766 - root - INFO - rec train loss:0.0004, kg train loss:0.0027!
2021-03-02 03:43:44,009 - root - INFO - f1:0.3496, p:0.4119, r:0.4021, hit:0.8834, ndcg:0.8009, topn:10.
2021-03-02 03:43:45,325 - root - INFO - f1:0.3658, p:0.5739, r:0.3373, hit:0.9618, ndcg:0.8877, topn:10.
2021-03-02 03:43:47,246 - root - INFO - head hit:0.1954, head mean rank:644.1648, topn:10.
2021-03-02 03:43:47,246 - root - INFO - tail hit:0.4151, tail mean rank:564.8276, topn:10.
2021-03-02 03:43:47,246 - root - INFO - avg hit:0.3052, avg mean rank:604.4962, topn:10.
2021-03-02 03:43:50,576 - root - INFO - head hit:0.1729, head mean rank:671.9712, topn:10.
2021-03-02 03:43:50,577 - root - INFO - tail hit:0.4445, tail mean rank:511.1625, topn:10.
2021-03-02 03:43:50,577 - root - INFO - avg hit:0.3087, avg mean rank:591.5668, topn:10.
2021-03-02 03:43:50,578 - root - INFO - No improvement after one epoch. Lowering learning rate.
2021-03-02 03:45:36,995 - root - INFO - rec train loss:0.0007, kg train loss:0.0025!
2021-03-02 03:45:38,320 - root - INFO - f1:0.3497, p:0.4120, r:0.4023, hit:0.8844, ndcg:0.8010, topn:10.
2021-03-02 03:45:39,634 - root - INFO - f1:0.3657, p:0.5739, r:0.3370, hit:0.9618, ndcg:0.8878, topn:10.
2021-03-02 03:45:41,511 - root - INFO - head hit:0.1954, head mean rank:644.0626, topn:10.
2021-03-02 03:45:41,512 - root - INFO - tail hit:0.4151, tail mean rank:564.6143, topn:10.
2021-03-02 03:45:41,512 - root - INFO - avg hit:0.3052, avg mean rank:604.3384, topn:10.
2021-03-02 03:45:44,852 - root - INFO - head hit:0.1729, head mean rank:671.7909, topn:10.
2021-03-02 03:45:44,852 - root - INFO - tail hit:0.4457, tail mean rank:511.0417, topn:10.
2021-03-02 03:45:44,852 - root - INFO - avg hit:0.3093, avg mean rank:591.4163, topn:10.
2021-03-02 03:45:44,854 - root - INFO - No improvement after one epoch. Lowering learning rate.
2021-03-02 03:45:44,874 - root - INFO - No improvement after 51960 steps. Stopping training.
2021-03-02 03:45:46,581 - root - INFO - From CaseRecommender evaluator: {'PREC@10': 0.411983, 'RECALL@10': 0.402303, 'NDCG@10': 0.80105, 'MAP@10': 0.755385, 'MAP': 0.755385}.
2021-03-02 03:45:46,865 - root - INFO - From kg-summ-rec diversity evaluator: {'GENRE_COVERAGE@10': 0.466552, 'GENRE_REDUNDANCY@10': 0.43405, 'ILD_GENRE@10': 0.806031}.
2021-03-02 03:45:48,604 - root - INFO - From CaseRecommender evaluator: {'PREC@10': 0.573913, 'RECALL@10': 0.337046, 'NDCG@10': 0.8878, 'MAP@10': 0.845839, 'MAP': 0.845839}.
2021-03-02 03:45:48,808 - root - INFO - From kg-summ-rec diversity evaluator: {'GENRE_COVERAGE@10': 0.460543, 'GENRE_REDUNDANCY@10': 0.428106, 'ILD_GENRE@10': 0.800829}.
