2021-03-01 22:04:12,981 - root - INFO - Flag Values:
{
    "L1_flag": false,
    "batch_size": 256,
    "ckpt_path": "/home/juarez/git/results/JIIS-revised-exp1/ml-sun_ho_oKG/",
    "clipping_max_value": 5.0,
    "data_path": "/home/juarez/git/datasets/JIIS-revised-exp1/ml-sun_ho_oKG/cao-format/",
    "dataset": "ml1m",
    "early_stopping_steps_to_wait": 1331,
    "embedding_size": 100,
    "eval_interval_steps": 266,
    "eval_only_mode": false,
    "experiment_name": "ml1m-bprmf-1614647052",
    "filter_wrong_corrupted": true,
    "has_visualization": false,
    "is_report": false,
    "joint_ratio": 0.5,
    "kg_lambda": 1.0,
    "kg_test_files": null,
    "l2_lambda": 1e-05,
    "learning_rate": 0.005,
    "learning_rate_decay_when_no_progress": 0.5,
    "load_ckpt_file": null,
    "load_experiment_name": null,
    "log_level": "debug",
    "log_path": "/home/juarez/git/results/JIIS-revised-exp1/ml-sun_ho_oKG/",
    "margin": 1.0,
    "max_queue": 10,
    "model_type": "bprmf",
    "momentum": 0.9,
    "negtive_samples": 1,
    "norm_lambda": 1.0,
    "num_preferences": 4,
    "num_processes": 4,
    "optimizer_type": "Adagrad",
    "rec_test_files": "valid.dat:test.dat",
    "seed": 0,
    "share_embeddings": false,
    "topn": 10,
    "training_steps": 26630,
    "use_st_gumbel": false,
    "visualization_port": 8097
}
2021-03-01 22:04:13,163 - root - INFO - Totally 69982 train ratings, 9998,19995 eval ratings in files: /home/juarez/git/datasets/JIIS-revised-exp1/ml-sun_ho_oKG/cao-format/ml1m/valid.dat;/home/juarez/git/datasets/JIIS-revised-exp1/ml-sun_ho_oKG/cao-format/ml1m/test.dat!
2021-03-01 22:04:13,165 - root - INFO - successfully load 943 users and 1675 items!
2021-03-01 22:04:13,222 - root - INFO - Building model.
2021-03-01 22:04:14,482 - root - INFO - Architecture: BPRMF(
  (user_embeddings): Embedding(943, 100)
  (item_embeddings): Embedding(1675, 100)
)
2021-03-01 22:04:14,483 - root - INFO - Total params: 261800.0
2021-03-01 22:04:14,483 - root - INFO - One epoch is 274 steps.
2021-03-01 22:04:14,483 - root - INFO - Training.
2021-03-01 22:04:14,484 - root - INFO - train loss:0.0000!
2021-03-01 22:04:15,556 - root - INFO - f1:0.0056, p:0.0072, r:0.0056, hit:0.0689, ndcg:0.0368, topn:10.
2021-03-01 22:04:16,460 - root - INFO - f1:0.0070, p:0.0144, r:0.0056, hit:0.1273, ndcg:0.0640, topn:10.
2021-03-01 22:04:18,019 - root - INFO - train loss:0.6946!
2021-03-01 22:04:18,978 - root - INFO - f1:0.0076, p:0.0098, r:0.0077, hit:0.0901, ndcg:0.0481, topn:10.
2021-03-01 22:04:19,938 - root - INFO - f1:0.0091, p:0.0186, r:0.0074, hit:0.1569, ndcg:0.0796, topn:10.
2021-03-01 22:04:19,942 - root - INFO - Checkpointing ...
2021-03-01 22:04:21,690 - root - INFO - train loss:0.6872!
2021-03-01 22:04:22,681 - root - INFO - f1:0.0087, p:0.0113, r:0.0086, hit:0.1018, ndcg:0.0540, topn:10.
2021-03-01 22:04:23,642 - root - INFO - f1:0.0105, p:0.0212, r:0.0084, hit:0.1750, ndcg:0.0898, topn:10.
2021-03-01 22:04:23,646 - root - INFO - Checkpointing ...
2021-03-01 22:04:25,116 - root - INFO - train loss:0.6821!
2021-03-01 22:04:25,972 - root - INFO - f1:0.0095, p:0.0126, r:0.0097, hit:0.1103, ndcg:0.0623, topn:10.
2021-03-01 22:04:26,931 - root - INFO - f1:0.0116, p:0.0238, r:0.0093, hit:0.1919, ndcg:0.1019, topn:10.
2021-03-01 22:04:26,936 - root - INFO - Checkpointing ...
2021-03-01 22:04:28,369 - root - INFO - train loss:0.6776!
2021-03-01 22:04:29,322 - root - INFO - f1:0.0110, p:0.0148, r:0.0109, hit:0.1241, ndcg:0.0722, topn:10.
2021-03-01 22:04:30,281 - root - INFO - f1:0.0138, p:0.0288, r:0.0108, hit:0.2153, ndcg:0.1162, topn:10.
2021-03-01 22:04:30,284 - root - INFO - Checkpointing ...
2021-03-01 22:04:31,658 - root - INFO - train loss:0.6728!
2021-03-01 22:04:32,599 - root - INFO - f1:0.0137, p:0.0188, r:0.0133, hit:0.1506, ndcg:0.0882, topn:10.
2021-03-01 22:04:33,507 - root - INFO - f1:0.0168, p:0.0351, r:0.0135, hit:0.2471, ndcg:0.1385, topn:10.
2021-03-01 22:04:33,510 - root - INFO - Checkpointing ...
2021-03-01 22:04:34,831 - root - INFO - train loss:0.6674!
2021-03-01 22:04:35,754 - root - INFO - f1:0.0169, p:0.0234, r:0.0163, hit:0.1718, ndcg:0.1039, topn:10.
2021-03-01 22:04:36,721 - root - INFO - f1:0.0201, p:0.0423, r:0.0159, hit:0.2757, ndcg:0.1631, topn:10.
2021-03-01 22:04:36,726 - root - INFO - Checkpointing ...
2021-03-01 22:04:38,104 - root - INFO - train loss:0.6611!
2021-03-01 22:04:39,254 - root - INFO - f1:0.0208, p:0.0286, r:0.0199, hit:0.2025, ndcg:0.1231, topn:10.
2021-03-01 22:04:40,220 - root - INFO - f1:0.0263, p:0.0557, r:0.0204, hit:0.3245, ndcg:0.1897, topn:10.
2021-03-01 22:04:40,224 - root - INFO - Checkpointing ...
2021-03-01 22:04:41,806 - root - INFO - train loss:0.6540!
2021-03-01 22:04:42,650 - root - INFO - f1:0.0253, p:0.0347, r:0.0249, hit:0.2397, ndcg:0.1421, topn:10.
2021-03-01 22:04:43,609 - root - INFO - f1:0.0312, p:0.0668, r:0.0243, hit:0.3669, ndcg:0.2187, topn:10.
2021-03-01 22:04:43,613 - root - INFO - Checkpointing ...
2021-03-01 22:04:45,043 - root - INFO - train loss:0.6455!
2021-03-01 22:04:45,950 - root - INFO - f1:0.0314, p:0.0433, r:0.0309, hit:0.2715, ndcg:0.1607, topn:10.
2021-03-01 22:04:46,908 - root - INFO - f1:0.0383, p:0.0820, r:0.0296, hit:0.4062, ndcg:0.2464, topn:10.
2021-03-01 22:04:46,912 - root - INFO - Checkpointing ...
2021-03-01 22:04:48,337 - root - INFO - train loss:0.6369!
2021-03-01 22:04:49,280 - root - INFO - f1:0.0375, p:0.0515, r:0.0376, hit:0.3075, ndcg:0.1800, topn:10.
2021-03-01 22:04:50,243 - root - INFO - f1:0.0456, p:0.0961, r:0.0357, hit:0.4517, ndcg:0.2699, topn:10.
2021-03-01 22:04:50,245 - root - INFO - Checkpointing ...
2021-03-01 22:04:51,928 - root - INFO - train loss:0.6265!
2021-03-01 22:04:52,894 - root - INFO - f1:0.0439, p:0.0606, r:0.0437, hit:0.3393, ndcg:0.2076, topn:10.
2021-03-01 22:04:53,927 - root - INFO - f1:0.0537, p:0.1119, r:0.0422, hit:0.4867, ndcg:0.2936, topn:10.
2021-03-01 22:04:53,932 - root - INFO - Checkpointing ...
2021-03-01 22:04:55,565 - root - INFO - train loss:0.6155!
2021-03-01 22:04:56,558 - root - INFO - f1:0.0498, p:0.0685, r:0.0509, hit:0.3690, ndcg:0.2239, topn:10.
2021-03-01 22:04:57,533 - root - INFO - f1:0.0617, p:0.1265, r:0.0493, hit:0.5207, ndcg:0.3167, topn:10.
2021-03-01 22:04:57,537 - root - INFO - Checkpointing ...
2021-03-01 22:04:58,989 - root - INFO - train loss:0.6033!
2021-03-01 22:04:59,871 - root - INFO - f1:0.0568, p:0.0772, r:0.0584, hit:0.4019, ndcg:0.2482, topn:10.
2021-03-01 22:05:00,747 - root - INFO - f1:0.0688, p:0.1394, r:0.0552, hit:0.5429, ndcg:0.3399, topn:10.
2021-03-01 22:05:00,749 - root - INFO - Checkpointing ...
2021-03-01 22:05:02,181 - root - INFO - train loss:0.5898!
2021-03-01 22:05:03,143 - root - INFO - f1:0.0642, p:0.0857, r:0.0673, hit:0.4358, ndcg:0.2660, topn:10.
2021-03-01 22:05:04,145 - root - INFO - f1:0.0752, p:0.1503, r:0.0617, hit:0.5737, ndcg:0.3664, topn:10.
2021-03-01 22:05:04,150 - root - INFO - Checkpointing ...
2021-03-01 22:05:05,766 - root - INFO - train loss:0.5765!
2021-03-01 22:05:06,730 - root - INFO - f1:0.0704, p:0.0928, r:0.0746, hit:0.4602, ndcg:0.2821, topn:10.
2021-03-01 22:05:07,707 - root - INFO - f1:0.0806, p:0.1593, r:0.0663, hit:0.5992, ndcg:0.3868, topn:10.
2021-03-01 22:05:07,711 - root - INFO - Checkpointing ...
2021-03-01 22:05:09,295 - root - INFO - train loss:0.5628!
2021-03-01 22:05:10,253 - root - INFO - f1:0.0759, p:0.0990, r:0.0815, hit:0.4825, ndcg:0.2976, topn:10.
2021-03-01 22:05:11,288 - root - INFO - f1:0.0876, p:0.1704, r:0.0728, hit:0.6246, ndcg:0.4017, topn:10.
2021-03-01 22:05:11,292 - root - INFO - Checkpointing ...
2021-03-01 22:05:13,018 - root - INFO - train loss:0.5475!
2021-03-01 22:05:14,014 - root - INFO - f1:0.0796, p:0.1037, r:0.0853, hit:0.4942, ndcg:0.3079, topn:10.
2021-03-01 22:05:14,915 - root - INFO - f1:0.0923, p:0.1767, r:0.0780, hit:0.6458, ndcg:0.4202, topn:10.
2021-03-01 22:05:14,918 - root - INFO - Checkpointing ...
2021-03-01 22:05:16,445 - root - INFO - train loss:0.5340!
2021-03-01 22:05:17,402 - root - INFO - f1:0.0833, p:0.1076, r:0.0907, hit:0.5058, ndcg:0.3191, topn:10.
2021-03-01 22:05:18,413 - root - INFO - f1:0.0973, p:0.1836, r:0.0834, hit:0.6660, ndcg:0.4384, topn:10.
2021-03-01 22:05:18,418 - root - INFO - Checkpointing ...
2021-03-01 22:05:19,920 - root - INFO - train loss:0.5192!
2021-03-01 22:05:20,933 - root - INFO - f1:0.0869, p:0.1111, r:0.0955, hit:0.5228, ndcg:0.3311, topn:10.
2021-03-01 22:05:21,885 - root - INFO - f1:0.1016, p:0.1896, r:0.0878, hit:0.6872, ndcg:0.4549, topn:10.
2021-03-01 22:05:21,890 - root - INFO - Checkpointing ...
2021-03-01 22:05:23,322 - root - INFO - train loss:0.5058!
2021-03-01 22:05:24,300 - root - INFO - f1:0.0913, p:0.1157, r:0.1011, hit:0.5408, ndcg:0.3411, topn:10.
2021-03-01 22:05:25,500 - root - INFO - f1:0.1067, p:0.1962, r:0.0932, hit:0.7041, ndcg:0.4685, topn:10.
2021-03-01 22:05:25,504 - root - INFO - Checkpointing ...
2021-03-01 22:05:27,169 - root - INFO - train loss:0.4917!
2021-03-01 22:05:28,178 - root - INFO - f1:0.0931, p:0.1174, r:0.1037, hit:0.5504, ndcg:0.3509, topn:10.
2021-03-01 22:05:29,159 - root - INFO - f1:0.1107, p:0.2014, r:0.0974, hit:0.7126, ndcg:0.4816, topn:10.
2021-03-01 22:05:29,163 - root - INFO - Checkpointing ...
2021-03-01 22:05:30,682 - root - INFO - train loss:0.4785!
2021-03-01 22:05:31,641 - root - INFO - f1:0.0960, p:0.1206, r:0.1073, hit:0.5610, ndcg:0.3557, topn:10.
2021-03-01 22:05:32,648 - root - INFO - f1:0.1133, p:0.2051, r:0.1004, hit:0.7179, ndcg:0.4909, topn:10.
2021-03-01 22:05:32,651 - root - INFO - Checkpointing ...
2021-03-01 22:05:34,171 - root - INFO - train loss:0.4662!
2021-03-01 22:05:35,201 - root - INFO - f1:0.0991, p:0.1230, r:0.1122, hit:0.5748, ndcg:0.3641, topn:10.
2021-03-01 22:05:36,215 - root - INFO - f1:0.1161, p:0.2088, r:0.1037, hit:0.7232, ndcg:0.4999, topn:10.
2021-03-01 22:05:36,219 - root - INFO - Checkpointing ...
2021-03-01 22:05:37,635 - root - INFO - train loss:0.4554!
2021-03-01 22:05:38,625 - root - INFO - f1:0.0998, p:0.1235, r:0.1134, hit:0.5737, ndcg:0.3683, topn:10.
2021-03-01 22:05:39,602 - root - INFO - f1:0.1193, p:0.2125, r:0.1071, hit:0.7359, ndcg:0.5094, topn:10.
2021-03-01 22:05:39,606 - root - INFO - Checkpointing ...
2021-03-01 22:05:41,098 - root - INFO - train loss:0.4439!
2021-03-01 22:05:42,115 - root - INFO - f1:0.1016, p:0.1249, r:0.1165, hit:0.5790, ndcg:0.3717, topn:10.
2021-03-01 22:05:43,089 - root - INFO - f1:0.1216, p:0.2156, r:0.1094, hit:0.7370, ndcg:0.5155, topn:10.
2021-03-01 22:05:43,093 - root - INFO - Checkpointing ...
2021-03-01 22:05:44,549 - root - INFO - train loss:0.4332!
2021-03-01 22:05:45,597 - root - INFO - f1:0.1043, p:0.1274, r:0.1208, hit:0.5896, ndcg:0.3766, topn:10.
2021-03-01 22:05:46,555 - root - INFO - f1:0.1244, p:0.2188, r:0.1126, hit:0.7413, ndcg:0.5197, topn:10.
2021-03-01 22:05:46,560 - root - INFO - Checkpointing ...
2021-03-01 22:05:48,080 - root - INFO - train loss:0.4239!
2021-03-01 22:05:49,081 - root - INFO - f1:0.1063, p:0.1290, r:0.1243, hit:0.5992, ndcg:0.3816, topn:10.
2021-03-01 22:05:50,077 - root - INFO - f1:0.1265, p:0.2211, r:0.1151, hit:0.7466, ndcg:0.5249, topn:10.
2021-03-01 22:05:50,081 - root - INFO - Checkpointing ...
2021-03-01 22:05:51,556 - root - INFO - train loss:0.4160!
2021-03-01 22:05:52,548 - root - INFO - f1:0.1080, p:0.1305, r:0.1271, hit:0.6066, ndcg:0.3869, topn:10.
2021-03-01 22:05:53,497 - root - INFO - f1:0.1279, p:0.2224, r:0.1170, hit:0.7508, ndcg:0.5298, topn:10.
2021-03-01 22:05:53,501 - root - INFO - Checkpointing ...
2021-03-01 22:05:55,218 - root - INFO - train loss:0.4070!
2021-03-01 22:05:56,209 - root - INFO - f1:0.1097, p:0.1320, r:0.1297, hit:0.6087, ndcg:0.3911, topn:10.
2021-03-01 22:05:57,168 - root - INFO - f1:0.1307, p:0.2256, r:0.1202, hit:0.7550, ndcg:0.5339, topn:10.
2021-03-01 22:05:57,171 - root - INFO - Checkpointing ...
2021-03-01 22:05:58,603 - root - INFO - train loss:0.3992!
2021-03-01 22:05:59,521 - root - INFO - f1:0.1106, p:0.1330, r:0.1304, hit:0.6119, ndcg:0.3964, topn:10.
2021-03-01 22:06:00,455 - root - INFO - f1:0.1321, p:0.2278, r:0.1215, hit:0.7603, ndcg:0.5376, topn:10.
2021-03-01 22:06:00,459 - root - INFO - Checkpointing ...
2021-03-01 22:06:01,736 - root - INFO - train loss:0.3921!
2021-03-01 22:06:02,719 - root - INFO - f1:0.1116, p:0.1338, r:0.1325, hit:0.6161, ndcg:0.4007, topn:10.
2021-03-01 22:06:03,714 - root - INFO - f1:0.1332, p:0.2290, r:0.1231, hit:0.7614, ndcg:0.5403, topn:10.
2021-03-01 22:06:03,718 - root - INFO - Checkpointing ...
2021-03-01 22:06:05,305 - root - INFO - train loss:0.3840!
2021-03-01 22:06:06,244 - root - INFO - f1:0.1127, p:0.1349, r:0.1341, hit:0.6193, ndcg:0.4026, topn:10.
2021-03-01 22:06:07,270 - root - INFO - f1:0.1346, p:0.2308, r:0.1248, hit:0.7688, ndcg:0.5473, topn:10.
2021-03-01 22:06:07,274 - root - INFO - Checkpointing ...
2021-03-01 22:06:08,718 - root - INFO - train loss:0.3797!
2021-03-01 22:06:09,708 - root - INFO - f1:0.1137, p:0.1358, r:0.1359, hit:0.6235, ndcg:0.4069, topn:10.
2021-03-01 22:06:10,955 - root - INFO - f1:0.1361, p:0.2321, r:0.1268, hit:0.7720, ndcg:0.5514, topn:10.
2021-03-01 22:06:10,960 - root - INFO - Checkpointing ...
2021-03-01 22:06:12,786 - root - INFO - train loss:0.3736!
2021-03-01 22:06:13,735 - root - INFO - f1:0.1153, p:0.1374, r:0.1381, hit:0.6288, ndcg:0.4112, topn:10.
2021-03-01 22:06:14,792 - root - INFO - f1:0.1380, p:0.2340, r:0.1290, hit:0.7794, ndcg:0.5561, topn:10.
2021-03-01 22:06:14,796 - root - INFO - Checkpointing ...
2021-03-01 22:06:16,429 - root - INFO - train loss:0.3683!
2021-03-01 22:06:17,372 - root - INFO - f1:0.1178, p:0.1396, r:0.1421, hit:0.6352, ndcg:0.4173, topn:10.
2021-03-01 22:06:18,387 - root - INFO - f1:0.1384, p:0.2349, r:0.1290, hit:0.7805, ndcg:0.5588, topn:10.
2021-03-01 22:06:18,391 - root - INFO - Checkpointing ...
2021-03-01 22:06:19,795 - root - INFO - train loss:0.3634!
2021-03-01 22:06:20,794 - root - INFO - f1:0.1190, p:0.1403, r:0.1441, hit:0.6363, ndcg:0.4183, topn:10.
2021-03-01 22:06:21,806 - root - INFO - f1:0.1405, p:0.2370, r:0.1314, hit:0.7847, ndcg:0.5609, topn:10.
2021-03-01 22:06:21,811 - root - INFO - Checkpointing ...
2021-03-01 22:06:23,462 - root - INFO - train loss:0.3579!
2021-03-01 22:06:24,472 - root - INFO - f1:0.1195, p:0.1408, r:0.1449, hit:0.6363, ndcg:0.4202, topn:10.
2021-03-01 22:06:25,415 - root - INFO - f1:0.1416, p:0.2384, r:0.1323, hit:0.7869, ndcg:0.5625, topn:10.
2021-03-01 22:06:25,420 - root - INFO - Checkpointing ...
2021-03-01 22:06:26,995 - root - INFO - train loss:0.3552!
2021-03-01 22:06:27,953 - root - INFO - f1:0.1200, p:0.1415, r:0.1455, hit:0.6352, ndcg:0.4210, topn:10.
2021-03-01 22:06:28,959 - root - INFO - f1:0.1419, p:0.2387, r:0.1327, hit:0.7900, ndcg:0.5663, topn:10.
2021-03-01 22:06:28,963 - root - INFO - Checkpointing ...
2021-03-01 22:06:30,591 - root - INFO - train loss:0.3490!
2021-03-01 22:06:31,565 - root - INFO - f1:0.1213, p:0.1427, r:0.1478, hit:0.6394, ndcg:0.4257, topn:10.
2021-03-01 22:06:32,556 - root - INFO - f1:0.1430, p:0.2403, r:0.1338, hit:0.7922, ndcg:0.5665, topn:10.
2021-03-01 22:06:32,560 - root - INFO - Checkpointing ...
2021-03-01 22:06:33,991 - root - INFO - train loss:0.3460!
2021-03-01 22:06:34,987 - root - INFO - f1:0.1225, p:0.1436, r:0.1496, hit:0.6469, ndcg:0.4298, topn:10.
2021-03-01 22:06:35,916 - root - INFO - f1:0.1445, p:0.2418, r:0.1358, hit:0.7953, ndcg:0.5685, topn:10.
2021-03-01 22:06:35,920 - root - INFO - Checkpointing ...
2021-03-01 22:06:37,394 - root - INFO - train loss:0.3424!
2021-03-01 22:06:38,379 - root - INFO - f1:0.1231, p:0.1443, r:0.1503, hit:0.6437, ndcg:0.4288, topn:10.
2021-03-01 22:06:39,414 - root - INFO - f1:0.1454, p:0.2427, r:0.1368, hit:0.7964, ndcg:0.5685, topn:10.
2021-03-01 22:06:39,419 - root - INFO - Checkpointing ...
2021-03-01 22:06:40,905 - root - INFO - train loss:0.3391!
2021-03-01 22:06:41,846 - root - INFO - f1:0.1241, p:0.1451, r:0.1521, hit:0.6479, ndcg:0.4323, topn:10.
2021-03-01 22:06:42,827 - root - INFO - f1:0.1463, p:0.2440, r:0.1377, hit:0.7985, ndcg:0.5694, topn:10.
2021-03-01 22:06:42,831 - root - INFO - Checkpointing ...
2021-03-01 22:06:44,285 - root - INFO - train loss:0.3369!
2021-03-01 22:06:45,260 - root - INFO - f1:0.1248, p:0.1458, r:0.1527, hit:0.6501, ndcg:0.4339, topn:10.
2021-03-01 22:06:46,261 - root - INFO - f1:0.1468, p:0.2444, r:0.1383, hit:0.8006, ndcg:0.5699, topn:10.
2021-03-01 22:06:46,265 - root - INFO - Checkpointing ...
2021-03-01 22:06:47,725 - root - INFO - train loss:0.3326!
2021-03-01 22:06:48,660 - root - INFO - f1:0.1258, p:0.1469, r:0.1541, hit:0.6532, ndcg:0.4361, topn:10.
2021-03-01 22:06:49,624 - root - INFO - f1:0.1487, p:0.2468, r:0.1402, hit:0.8038, ndcg:0.5725, topn:10.
2021-03-01 22:06:49,629 - root - INFO - Checkpointing ...
2021-03-01 22:06:51,098 - root - INFO - train loss:0.3296!
2021-03-01 22:06:52,117 - root - INFO - f1:0.1266, p:0.1476, r:0.1553, hit:0.6554, ndcg:0.4393, topn:10.
2021-03-01 22:06:53,089 - root - INFO - f1:0.1495, p:0.2475, r:0.1410, hit:0.8049, ndcg:0.5729, topn:10.
2021-03-01 22:06:53,093 - root - INFO - Checkpointing ...
2021-03-01 22:06:54,595 - root - INFO - train loss:0.3272!
2021-03-01 22:06:55,538 - root - INFO - f1:0.1273, p:0.1483, r:0.1561, hit:0.6607, ndcg:0.4443, topn:10.
2021-03-01 22:06:56,564 - root - INFO - f1:0.1501, p:0.2483, r:0.1415, hit:0.8070, ndcg:0.5742, topn:10.
2021-03-01 22:06:56,567 - root - INFO - Checkpointing ...
2021-03-01 22:06:57,902 - root - INFO - train loss:0.3259!
2021-03-01 22:06:59,017 - root - INFO - f1:0.1273, p:0.1481, r:0.1559, hit:0.6607, ndcg:0.4449, topn:10.
2021-03-01 22:06:59,915 - root - INFO - f1:0.1506, p:0.2487, r:0.1421, hit:0.8112, ndcg:0.5764, topn:10.
2021-03-01 22:07:01,353 - root - INFO - train loss:0.3231!
2021-03-01 22:07:02,303 - root - INFO - f1:0.1279, p:0.1486, r:0.1580, hit:0.6638, ndcg:0.4477, topn:10.
2021-03-01 22:07:03,281 - root - INFO - f1:0.1511, p:0.2492, r:0.1426, hit:0.8134, ndcg:0.5764, topn:10.
2021-03-01 22:07:03,286 - root - INFO - Checkpointing ...
2021-03-01 22:07:04,890 - root - INFO - train loss:0.3188!
2021-03-01 22:07:05,870 - root - INFO - f1:0.1286, p:0.1492, r:0.1588, hit:0.6649, ndcg:0.4481, topn:10.
2021-03-01 22:07:06,879 - root - INFO - f1:0.1523, p:0.2504, r:0.1439, hit:0.8165, ndcg:0.5783, topn:10.
2021-03-01 22:07:06,883 - root - INFO - Checkpointing ...
2021-03-01 22:07:08,256 - root - INFO - train loss:0.3158!
2021-03-01 22:07:09,182 - root - INFO - f1:0.1291, p:0.1495, r:0.1604, hit:0.6681, ndcg:0.4508, topn:10.
2021-03-01 22:07:10,168 - root - INFO - f1:0.1532, p:0.2514, r:0.1449, hit:0.8165, ndcg:0.5791, topn:10.
2021-03-01 22:07:10,172 - root - INFO - Checkpointing ...
2021-03-01 22:07:11,794 - root - INFO - train loss:0.3153!
2021-03-01 22:07:12,774 - root - INFO - f1:0.1297, p:0.1498, r:0.1616, hit:0.6691, ndcg:0.4509, topn:10.
2021-03-01 22:07:13,780 - root - INFO - f1:0.1541, p:0.2529, r:0.1457, hit:0.8176, ndcg:0.5813, topn:10.
2021-03-01 22:07:13,784 - root - INFO - Checkpointing ...
2021-03-01 22:07:15,441 - root - INFO - train loss:0.3122!
2021-03-01 22:07:16,412 - root - INFO - f1:0.1302, p:0.1504, r:0.1626, hit:0.6713, ndcg:0.4529, topn:10.
2021-03-01 22:07:17,355 - root - INFO - f1:0.1556, p:0.2543, r:0.1473, hit:0.8218, ndcg:0.5834, topn:10.
2021-03-01 22:07:17,359 - root - INFO - Checkpointing ...
2021-03-01 22:07:19,256 - root - INFO - train loss:0.3111!
2021-03-01 22:07:20,201 - root - INFO - f1:0.1308, p:0.1512, r:0.1633, hit:0.6723, ndcg:0.4555, topn:10.
2021-03-01 22:07:21,135 - root - INFO - f1:0.1565, p:0.2556, r:0.1482, hit:0.8240, ndcg:0.5841, topn:10.
2021-03-01 22:07:21,139 - root - INFO - Checkpointing ...
2021-03-01 22:07:22,901 - root - INFO - train loss:0.3079!
2021-03-01 22:07:23,909 - root - INFO - f1:0.1317, p:0.1520, r:0.1653, hit:0.6766, ndcg:0.4575, topn:10.
2021-03-01 22:07:24,926 - root - INFO - f1:0.1578, p:0.2566, r:0.1499, hit:0.8240, ndcg:0.5849, topn:10.
2021-03-01 22:07:24,930 - root - INFO - Checkpointing ...
2021-03-01 22:07:26,659 - root - INFO - train loss:0.3082!
2021-03-01 22:07:27,629 - root - INFO - f1:0.1321, p:0.1523, r:0.1659, hit:0.6766, ndcg:0.4581, topn:10.
2021-03-01 22:07:28,623 - root - INFO - f1:0.1583, p:0.2577, r:0.1503, hit:0.8218, ndcg:0.5856, topn:10.
2021-03-01 22:07:28,627 - root - INFO - Checkpointing ...
2021-03-01 22:07:30,360 - root - INFO - train loss:0.3060!
2021-03-01 22:07:31,370 - root - INFO - f1:0.1326, p:0.1527, r:0.1669, hit:0.6776, ndcg:0.4593, topn:10.
2021-03-01 22:07:32,342 - root - INFO - f1:0.1592, p:0.2589, r:0.1512, hit:0.8250, ndcg:0.5879, topn:10.
2021-03-01 22:07:32,347 - root - INFO - Checkpointing ...
2021-03-01 22:07:33,905 - root - INFO - train loss:0.3022!
2021-03-01 22:07:34,894 - root - INFO - f1:0.1326, p:0.1529, r:0.1668, hit:0.6755, ndcg:0.4597, topn:10.
2021-03-01 22:07:35,835 - root - INFO - f1:0.1593, p:0.2592, r:0.1512, hit:0.8250, ndcg:0.5889, topn:10.
2021-03-01 22:07:35,838 - root - INFO - Checkpointing ...
2021-03-01 22:07:37,352 - root - INFO - train loss:0.3025!
2021-03-01 22:07:38,345 - root - INFO - f1:0.1328, p:0.1530, r:0.1671, hit:0.6776, ndcg:0.4612, topn:10.
2021-03-01 22:07:39,364 - root - INFO - f1:0.1599, p:0.2602, r:0.1517, hit:0.8250, ndcg:0.5896, topn:10.
2021-03-01 22:07:39,367 - root - INFO - Checkpointing ...
2021-03-01 22:07:41,078 - root - INFO - train loss:0.2996!
2021-03-01 22:07:42,080 - root - INFO - f1:0.1336, p:0.1537, r:0.1685, hit:0.6808, ndcg:0.4625, topn:10.
2021-03-01 22:07:43,066 - root - INFO - f1:0.1607, p:0.2611, r:0.1528, hit:0.8271, ndcg:0.5894, topn:10.
2021-03-01 22:07:43,071 - root - INFO - Checkpointing ...
2021-03-01 22:07:44,561 - root - INFO - train loss:0.2996!
2021-03-01 22:07:45,765 - root - INFO - f1:0.1336, p:0.1538, r:0.1682, hit:0.6797, ndcg:0.4621, topn:10.
2021-03-01 22:07:46,704 - root - INFO - f1:0.1625, p:0.2630, r:0.1550, hit:0.8303, ndcg:0.5911, topn:10.
2021-03-01 22:07:48,291 - root - INFO - train loss:0.2987!
2021-03-01 22:07:49,153 - root - INFO - f1:0.1342, p:0.1543, r:0.1692, hit:0.6819, ndcg:0.4632, topn:10.
2021-03-01 22:07:50,176 - root - INFO - f1:0.1630, p:0.2634, r:0.1554, hit:0.8303, ndcg:0.5922, topn:10.
2021-03-01 22:07:50,180 - root - INFO - Checkpointing ...
2021-03-01 22:07:51,945 - root - INFO - train loss:0.2935!
2021-03-01 22:07:52,944 - root - INFO - f1:0.1352, p:0.1551, r:0.1708, hit:0.6850, ndcg:0.4641, topn:10.
2021-03-01 22:07:53,874 - root - INFO - f1:0.1635, p:0.2641, r:0.1561, hit:0.8303, ndcg:0.5929, topn:10.
2021-03-01 22:07:53,878 - root - INFO - Checkpointing ...
2021-03-01 22:07:55,752 - root - INFO - train loss:0.2922!
2021-03-01 22:07:56,751 - root - INFO - f1:0.1350, p:0.1549, r:0.1706, hit:0.6872, ndcg:0.4665, topn:10.
2021-03-01 22:07:57,750 - root - INFO - f1:0.1640, p:0.2645, r:0.1567, hit:0.8335, ndcg:0.5950, topn:10.
2021-03-01 22:07:59,633 - root - INFO - train loss:0.2943!
2021-03-01 22:08:00,584 - root - INFO - f1:0.1353, p:0.1551, r:0.1713, hit:0.6893, ndcg:0.4676, topn:10.
2021-03-01 22:08:01,555 - root - INFO - f1:0.1643, p:0.2648, r:0.1569, hit:0.8346, ndcg:0.5961, topn:10.
2021-03-01 22:08:01,559 - root - INFO - Checkpointing ...
2021-03-01 22:08:03,019 - root - INFO - train loss:0.2881!
2021-03-01 22:08:03,989 - root - INFO - f1:0.1362, p:0.1560, r:0.1725, hit:0.6893, ndcg:0.4693, topn:10.
2021-03-01 22:08:04,991 - root - INFO - f1:0.1648, p:0.2655, r:0.1577, hit:0.8367, ndcg:0.5974, topn:10.
2021-03-01 22:08:04,995 - root - INFO - Checkpointing ...
2021-03-01 22:08:06,446 - root - INFO - train loss:0.2895!
2021-03-01 22:08:07,473 - root - INFO - f1:0.1368, p:0.1565, r:0.1742, hit:0.6893, ndcg:0.4697, topn:10.
2021-03-01 22:08:08,483 - root - INFO - f1:0.1652, p:0.2659, r:0.1581, hit:0.8356, ndcg:0.5983, topn:10.
2021-03-01 22:08:08,488 - root - INFO - Checkpointing ...
2021-03-01 22:08:10,125 - root - INFO - train loss:0.2890!
2021-03-01 22:08:11,060 - root - INFO - f1:0.1369, p:0.1567, r:0.1739, hit:0.6914, ndcg:0.4721, topn:10.
2021-03-01 22:08:12,082 - root - INFO - f1:0.1657, p:0.2670, r:0.1584, hit:0.8346, ndcg:0.5991, topn:10.
2021-03-01 22:08:12,088 - root - INFO - Checkpointing ...
2021-03-01 22:08:13,619 - root - INFO - train loss:0.2864!
2021-03-01 22:08:14,549 - root - INFO - f1:0.1377, p:0.1575, r:0.1754, hit:0.6914, ndcg:0.4709, topn:10.
2021-03-01 22:08:15,544 - root - INFO - f1:0.1665, p:0.2677, r:0.1592, hit:0.8367, ndcg:0.6007, topn:10.
2021-03-01 22:08:15,549 - root - INFO - Checkpointing ...
2021-03-01 22:08:17,030 - root - INFO - train loss:0.2846!
2021-03-01 22:08:18,030 - root - INFO - f1:0.1379, p:0.1577, r:0.1751, hit:0.6925, ndcg:0.4719, topn:10.
2021-03-01 22:08:18,999 - root - INFO - f1:0.1668, p:0.2684, r:0.1595, hit:0.8367, ndcg:0.6009, topn:10.
2021-03-01 22:08:19,003 - root - INFO - Checkpointing ...
2021-03-01 22:08:20,400 - root - INFO - train loss:0.2807!
2021-03-01 22:08:21,392 - root - INFO - f1:0.1377, p:0.1576, r:0.1747, hit:0.6914, ndcg:0.4728, topn:10.
2021-03-01 22:08:22,409 - root - INFO - f1:0.1667, p:0.2683, r:0.1593, hit:0.8367, ndcg:0.6008, topn:10.
2021-03-01 22:08:23,928 - root - INFO - train loss:0.2829!
2021-03-01 22:08:24,897 - root - INFO - f1:0.1378, p:0.1577, r:0.1756, hit:0.6925, ndcg:0.4749, topn:10.
2021-03-01 22:08:25,874 - root - INFO - f1:0.1670, p:0.2691, r:0.1595, hit:0.8388, ndcg:0.6020, topn:10.
2021-03-01 22:08:25,878 - root - INFO - No improvement after one epoch. Lowering learning rate.
2021-03-01 22:08:27,303 - root - INFO - train loss:0.2824!
2021-03-01 22:08:28,216 - root - INFO - f1:0.1400, p:0.1595, r:0.1789, hit:0.6988, ndcg:0.4728, topn:10.
2021-03-01 22:08:29,197 - root - INFO - f1:0.1664, p:0.2685, r:0.1586, hit:0.8367, ndcg:0.5997, topn:10.
2021-03-01 22:08:29,201 - root - INFO - Checkpointing ...
2021-03-01 22:08:30,667 - root - INFO - train loss:0.2756!
2021-03-01 22:08:31,673 - root - INFO - f1:0.1412, p:0.1610, r:0.1808, hit:0.7010, ndcg:0.4752, topn:10.
2021-03-01 22:08:32,880 - root - INFO - f1:0.1678, p:0.2701, r:0.1602, hit:0.8431, ndcg:0.6064, topn:10.
2021-03-01 22:08:32,884 - root - INFO - Checkpointing ...
2021-03-01 22:08:34,387 - root - INFO - train loss:0.2698!
2021-03-01 22:08:35,289 - root - INFO - f1:0.1426, p:0.1619, r:0.1834, hit:0.7073, ndcg:0.4792, topn:10.
2021-03-01 22:08:36,269 - root - INFO - f1:0.1691, p:0.2729, r:0.1610, hit:0.8462, ndcg:0.6094, topn:10.
2021-03-01 22:08:36,274 - root - INFO - Checkpointing ...
2021-03-01 22:08:37,812 - root - INFO - train loss:0.2677!
2021-03-01 22:08:38,783 - root - INFO - f1:0.1438, p:0.1633, r:0.1845, hit:0.7084, ndcg:0.4801, topn:10.
2021-03-01 22:08:39,787 - root - INFO - f1:0.1701, p:0.2740, r:0.1620, hit:0.8473, ndcg:0.6112, topn:10.
2021-03-01 22:08:39,791 - root - INFO - Checkpointing ...
2021-03-01 22:08:41,359 - root - INFO - train loss:0.2657!
2021-03-01 22:08:42,329 - root - INFO - f1:0.1445, p:0.1642, r:0.1851, hit:0.7094, ndcg:0.4812, topn:10.
2021-03-01 22:08:43,272 - root - INFO - f1:0.1707, p:0.2751, r:0.1625, hit:0.8473, ndcg:0.6116, topn:10.
2021-03-01 22:08:43,276 - root - INFO - Checkpointing ...
2021-03-01 22:08:44,833 - root - INFO - train loss:0.2657!
2021-03-01 22:08:45,830 - root - INFO - f1:0.1462, p:0.1657, r:0.1877, hit:0.7147, ndcg:0.4834, topn:10.
2021-03-01 22:08:46,808 - root - INFO - f1:0.1723, p:0.2773, r:0.1644, hit:0.8494, ndcg:0.6143, topn:10.
2021-03-01 22:08:46,811 - root - INFO - Checkpointing ...
2021-03-01 22:08:48,464 - root - INFO - train loss:0.2612!
2021-03-01 22:08:49,382 - root - INFO - f1:0.1459, p:0.1657, r:0.1872, hit:0.7137, ndcg:0.4841, topn:10.
2021-03-01 22:08:50,423 - root - INFO - f1:0.1723, p:0.2774, r:0.1642, hit:0.8484, ndcg:0.6162, topn:10.
2021-03-01 22:08:52,144 - root - INFO - train loss:0.2608!
2021-03-01 22:08:53,075 - root - INFO - f1:0.1461, p:0.1660, r:0.1871, hit:0.7147, ndcg:0.4853, topn:10.
2021-03-01 22:08:54,052 - root - INFO - f1:0.1735, p:0.2790, r:0.1654, hit:0.8484, ndcg:0.6158, topn:10.
2021-03-01 22:08:54,056 - root - INFO - No improvement after one epoch. Lowering learning rate.
2021-03-01 22:08:55,695 - root - INFO - train loss:0.2599!
2021-03-01 22:08:56,677 - root - INFO - f1:0.1460, p:0.1662, r:0.1868, hit:0.7116, ndcg:0.4833, topn:10.
2021-03-01 22:08:57,682 - root - INFO - f1:0.1745, p:0.2788, r:0.1670, hit:0.8537, ndcg:0.6152, topn:10.
2021-03-01 22:08:57,685 - root - INFO - No improvement after one epoch. Lowering learning rate.
2021-03-01 22:08:59,171 - root - INFO - train loss:0.2602!
2021-03-01 22:09:00,155 - root - INFO - f1:0.1468, p:0.1671, r:0.1878, hit:0.7169, ndcg:0.4852, topn:10.
2021-03-01 22:09:01,157 - root - INFO - f1:0.1745, p:0.2792, r:0.1670, hit:0.8537, ndcg:0.6167, topn:10.
2021-03-01 22:09:01,161 - root - INFO - Checkpointing ...
2021-03-01 22:09:02,798 - root - INFO - train loss:0.2593!
2021-03-01 22:09:03,811 - root - INFO - f1:0.1471, p:0.1674, r:0.1879, hit:0.7169, ndcg:0.4857, topn:10.
2021-03-01 22:09:04,790 - root - INFO - f1:0.1755, p:0.2806, r:0.1680, hit:0.8558, ndcg:0.6164, topn:10.
2021-03-01 22:09:04,793 - root - INFO - Checkpointing ...
2021-03-01 22:09:06,397 - root - INFO - train loss:0.2527!
2021-03-01 22:09:07,427 - root - INFO - f1:0.1468, p:0.1669, r:0.1879, hit:0.7169, ndcg:0.4861, topn:10.
2021-03-01 22:09:08,418 - root - INFO - f1:0.1754, p:0.2808, r:0.1677, hit:0.8547, ndcg:0.6177, topn:10.
2021-03-01 22:09:10,035 - root - INFO - train loss:0.2548!
2021-03-01 22:09:11,051 - root - INFO - f1:0.1473, p:0.1678, r:0.1883, hit:0.7179, ndcg:0.4864, topn:10.
2021-03-01 22:09:12,032 - root - INFO - f1:0.1761, p:0.2815, r:0.1685, hit:0.8558, ndcg:0.6180, topn:10.
2021-03-01 22:09:12,036 - root - INFO - Checkpointing ...
2021-03-01 22:09:13,552 - root - INFO - train loss:0.2549!
2021-03-01 22:09:14,524 - root - INFO - f1:0.1471, p:0.1672, r:0.1881, hit:0.7179, ndcg:0.4873, topn:10.
2021-03-01 22:09:15,461 - root - INFO - f1:0.1761, p:0.2814, r:0.1686, hit:0.8558, ndcg:0.6190, topn:10.
2021-03-01 22:09:16,819 - root - INFO - train loss:0.2543!
2021-03-01 22:09:17,781 - root - INFO - f1:0.1476, p:0.1678, r:0.1888, hit:0.7190, ndcg:0.4869, topn:10.
2021-03-01 22:09:18,955 - root - INFO - f1:0.1761, p:0.2818, r:0.1685, hit:0.8558, ndcg:0.6195, topn:10.
2021-03-01 22:09:18,959 - root - INFO - Checkpointing ...
2021-03-01 22:09:20,489 - root - INFO - train loss:0.2536!
2021-03-01 22:09:21,429 - root - INFO - f1:0.1476, p:0.1678, r:0.1888, hit:0.7190, ndcg:0.4873, topn:10.
2021-03-01 22:09:22,478 - root - INFO - f1:0.1763, p:0.2820, r:0.1685, hit:0.8547, ndcg:0.6190, topn:10.
2021-03-01 22:09:23,873 - root - INFO - train loss:0.2535!
2021-03-01 22:09:24,897 - root - INFO - f1:0.1482, p:0.1686, r:0.1894, hit:0.7211, ndcg:0.4883, topn:10.
2021-03-01 22:09:25,853 - root - INFO - f1:0.1761, p:0.2819, r:0.1683, hit:0.8537, ndcg:0.6193, topn:10.
2021-03-01 22:09:25,858 - root - INFO - Checkpointing ...
2021-03-01 22:09:27,371 - root - INFO - train loss:0.2525!
2021-03-01 22:09:28,358 - root - INFO - f1:0.1485, p:0.1688, r:0.1901, hit:0.7222, ndcg:0.4891, topn:10.
2021-03-01 22:09:29,344 - root - INFO - f1:0.1761, p:0.2818, r:0.1685, hit:0.8558, ndcg:0.6204, topn:10.
2021-03-01 22:09:29,348 - root - INFO - Checkpointing ...
2021-03-01 22:09:30,816 - root - INFO - train loss:0.2546!
2021-03-01 22:09:31,830 - root - INFO - f1:0.1488, p:0.1690, r:0.1907, hit:0.7232, ndcg:0.4893, topn:10.
2021-03-01 22:09:32,829 - root - INFO - f1:0.1770, p:0.2827, r:0.1694, hit:0.8590, ndcg:0.6211, topn:10.
2021-03-01 22:09:32,833 - root - INFO - Checkpointing ...
2021-03-01 22:09:34,310 - root - INFO - train loss:0.2525!
2021-03-01 22:09:35,339 - root - INFO - f1:0.1487, p:0.1689, r:0.1906, hit:0.7232, ndcg:0.4889, topn:10.
2021-03-01 22:09:36,328 - root - INFO - f1:0.1773, p:0.2832, r:0.1698, hit:0.8600, ndcg:0.6216, topn:10.
2021-03-01 22:09:37,903 - root - INFO - train loss:0.2531!
2021-03-01 22:09:38,913 - root - INFO - f1:0.1491, p:0.1694, r:0.1913, hit:0.7243, ndcg:0.4892, topn:10.
2021-03-01 22:09:39,810 - root - INFO - f1:0.1776, p:0.2835, r:0.1701, hit:0.8600, ndcg:0.6218, topn:10.
2021-03-01 22:09:39,814 - root - INFO - Checkpointing ...
2021-03-01 22:09:41,226 - root - INFO - train loss:0.2498!
2021-03-01 22:09:42,139 - root - INFO - f1:0.1493, p:0.1695, r:0.1919, hit:0.7253, ndcg:0.4904, topn:10.
2021-03-01 22:09:43,045 - root - INFO - f1:0.1775, p:0.2835, r:0.1700, hit:0.8600, ndcg:0.6216, topn:10.
2021-03-01 22:09:43,047 - root - INFO - Checkpointing ...
2021-03-01 22:09:44,309 - root - INFO - train loss:0.2503!
2021-03-01 22:09:45,285 - root - INFO - f1:0.1492, p:0.1695, r:0.1918, hit:0.7253, ndcg:0.4909, topn:10.
2021-03-01 22:09:46,300 - root - INFO - f1:0.1776, p:0.2837, r:0.1701, hit:0.8600, ndcg:0.6214, topn:10.
2021-03-01 22:09:47,856 - root - INFO - train loss:0.2502!
2021-03-01 22:09:48,841 - root - INFO - f1:0.1490, p:0.1692, r:0.1916, hit:0.7253, ndcg:0.4910, topn:10.
2021-03-01 22:09:49,839 - root - INFO - f1:0.1776, p:0.2836, r:0.1701, hit:0.8590, ndcg:0.6217, topn:10.
2021-03-01 22:09:49,844 - root - INFO - No improvement after one epoch. Lowering learning rate.
2021-03-01 22:09:51,240 - root - INFO - train loss:0.2480!
2021-03-01 22:09:52,212 - root - INFO - f1:0.1490, p:0.1695, r:0.1912, hit:0.7253, ndcg:0.4919, topn:10.
2021-03-01 22:09:53,211 - root - INFO - f1:0.1776, p:0.2835, r:0.1700, hit:0.8558, ndcg:0.6228, topn:10.
2021-03-01 22:09:53,215 - root - INFO - No improvement after one epoch. Lowering learning rate.
2021-03-01 22:09:54,830 - root - INFO - train loss:0.2516!
2021-03-01 22:09:55,841 - root - INFO - f1:0.1493, p:0.1697, r:0.1913, hit:0.7253, ndcg:0.4918, topn:10.
2021-03-01 22:09:56,782 - root - INFO - f1:0.1774, p:0.2832, r:0.1699, hit:0.8558, ndcg:0.6234, topn:10.
2021-03-01 22:09:56,785 - root - INFO - No improvement after one epoch. Lowering learning rate.
2021-03-01 22:09:58,189 - root - INFO - train loss:0.2481!
2021-03-01 22:09:59,126 - root - INFO - f1:0.1491, p:0.1697, r:0.1908, hit:0.7243, ndcg:0.4916, topn:10.
2021-03-01 22:10:00,189 - root - INFO - f1:0.1774, p:0.2832, r:0.1698, hit:0.8547, ndcg:0.6233, topn:10.
2021-03-01 22:10:00,192 - root - INFO - No improvement after one epoch. Lowering learning rate.
2021-03-01 22:10:00,212 - root - INFO - No improvement after 1331 steps. Stopping training.
2021-03-01 22:10:01,514 - root - INFO - From CaseRecommender evaluator: {'PREC@10': 0.169565, 'RECALL@10': 0.190794, 'NDCG@10': 0.491663, 'MAP@10': 0.378447, 'MAP': 0.378447}.
2021-03-01 22:10:01,712 - root - INFO - From kg-summ-rec diversity evaluator: {'GENRE_COVERAGE@10': 0.478084, 'GENRE_REDUNDANCY@10': 0.421184, 'ILD_GENRE@10': 0.81673}.
2021-03-01 22:10:03,096 - root - INFO - From CaseRecommender evaluator: {'PREC@10': 0.283563, 'RECALL@10': 0.169909, 'NDCG@10': 0.623166, 'MAP@10': 0.508862, 'MAP': 0.508862}.
2021-03-01 22:10:03,295 - root - INFO - From kg-summ-rec diversity evaluator: {'GENRE_COVERAGE@10': 0.475566, 'GENRE_REDUNDANCY@10': 0.41772, 'ILD_GENRE@10': 0.816614}.
