2021-03-01 22:59:43,342 - root - INFO - Flag Values:
{
    "L1_flag": true,
    "batch_size": 256,
    "ckpt_path": "/home/juarez/git/results/JIIS-revised-exp1/ml-sun_ho_oKG/",
    "clipping_max_value": 5.0,
    "data_path": "/home/juarez/git/datasets/JIIS-revised-exp1/ml-sun_ho_oKG/cao-format/",
    "dataset": "ml1m",
    "early_stopping_steps_to_wait": 51960,
    "embedding_size": 100,
    "eval_interval_steps": 10392,
    "eval_only_mode": false,
    "experiment_name": "ml1m-cke-1614650383",
    "filter_wrong_corrupted": true,
    "has_visualization": false,
    "is_report": false,
    "joint_ratio": 0.5,
    "kg_lambda": 1.0,
    "kg_test_files": "valid.dat:test.dat",
    "l2_lambda": 0.0,
    "learning_rate": 0.005,
    "learning_rate_decay_when_no_progress": 0.5,
    "load_ckpt_file": "/home/juarez/git/results/JIIS-revised-exp1/ml-sun_ho_oKG/ml1m-bprmf-pretrained.ckpt:/home/juarez/git/results/JIIS-revised-exp1/ml-sun_ho_oKG/ml1m-transe-pretrained.ckpt",
    "load_experiment_name": null,
    "log_level": "debug",
    "log_path": "/home/juarez/git/results/JIIS-revised-exp1/ml-sun_ho_oKG/",
    "margin": 1.0,
    "max_queue": 10,
    "model_type": "cke",
    "momentum": 0.9,
    "negtive_samples": 1,
    "norm_lambda": 1.0,
    "num_preferences": 4,
    "num_processes": 4,
    "optimizer_type": "Adam",
    "rec_test_files": "valid.dat:test.dat",
    "seed": 0,
    "share_embeddings": false,
    "topn": 10,
    "training_steps": 1039200,
    "use_st_gumbel": true,
    "visualization_port": 8097
}
2021-03-01 22:59:43,577 - root - INFO - Totally 69982 train ratings, 9998,19995 eval ratings in files: /home/juarez/git/datasets/JIIS-revised-exp1/ml-sun_ho_oKG/cao-format/ml1m/valid.dat;/home/juarez/git/datasets/JIIS-revised-exp1/ml-sun_ho_oKG/cao-format/ml1m/test.dat!
2021-03-01 22:59:43,580 - root - INFO - successfully load 943 users and 1675 items!
2021-03-01 22:59:43,696 - root - INFO - Totally 8618 train triples, 783,1631 eval triples in files: /home/juarez/git/datasets/JIIS-revised-exp1/ml-sun_ho_oKG/cao-format/ml1m/kg/valid.dat;/home/juarez/git/datasets/JIIS-revised-exp1/ml-sun_ho_oKG/cao-format/ml1m/kg/test.dat!
2021-03-01 22:59:43,703 - root - INFO - successfully load 5606 entities and 3 relations!
2021-03-01 22:59:43,720 - root - INFO - Find 1673 aligned items and entities!
2021-03-01 22:59:43,721 - root - INFO - Building model.
2021-03-01 22:59:45,033 - root - INFO - Architecture: CKE(
  (user_embeddings): Embedding(943, 100)
  (item_embeddings): Embedding(1675, 100)
  (ent_embeddings): Embedding(5607, 100, padding_idx=5606)
  (rel_embeddings): Embedding(3, 100)
  (proj_embeddings): Embedding(3, 10000)
)
2021-03-01 22:59:45,034 - root - INFO - Total params: 852800.0
2021-03-01 22:59:45,034 - root - INFO - One epoch is 547 steps.
2021-03-01 22:59:45,034 - root - INFO - Found checkpoint, restoring pre-trained embeddings.
2021-03-01 22:59:45,038 - root - INFO - Load Embeddings of user_embeddings.weight, item_embeddings.weight from /home/juarez/git/results/JIIS-revised-exp1/ml-sun_ho_oKG/ml1m-bprmf-pretrained.ckpt.
2021-03-01 22:59:45,038 - root - INFO - Found checkpoint, restoring pre-trained embeddings.
2021-03-01 22:59:45,042 - root - INFO - Restored 5606 entities from checkpoint.
2021-03-01 22:59:45,042 - root - INFO - Load Embeddings of ent_embeddings.weight, rel_embeddings.weight from /home/juarez/git/results/JIIS-revised-exp1/ml-sun_ho_oKG/ml1m-transe-pretrained.ckpt.
2021-03-01 22:59:45,042 - root - INFO - Training.
2021-03-01 22:59:45,042 - root - INFO - rec train loss:0.0000, kg train loss:0.0000!
2021-03-01 22:59:46,145 - root - INFO - f1:0.0001, p:0.0002, r:0.0001, hit:0.0021, ndcg:0.0014, topn:10.
2021-03-01 22:59:47,112 - root - INFO - f1:0.0001, p:0.0002, r:0.0000, hit:0.0021, ndcg:0.0014, topn:10.
2021-03-01 22:59:49,478 - root - INFO - head hit:0.0038, head mean rank:2193.6858, topn:10.
2021-03-01 22:59:49,479 - root - INFO - tail hit:0.0000, tail mean rank:2890.6603, topn:10.
2021-03-01 22:59:49,479 - root - INFO - avg hit:0.0019, avg mean rank:2542.1731, topn:10.
2021-03-01 22:59:53,811 - root - INFO - head hit:0.0025, head mean rank:2149.5389, topn:10.
2021-03-01 22:59:53,811 - root - INFO - tail hit:0.0025, tail mean rank:2781.2128, topn:10.
2021-03-01 22:59:53,811 - root - INFO - avg hit:0.0025, avg mean rank:2465.3758, topn:10.
2021-03-01 23:02:22,381 - root - INFO - rec train loss:12.4584, kg train loss:50.2089!
2021-03-01 23:02:23,437 - root - INFO - f1:0.1868, p:0.2224, r:0.2239, hit:0.7784, ndcg:0.5408, topn:10.
2021-03-01 23:02:24,759 - root - INFO - f1:0.2157, p:0.3544, r:0.2017, hit:0.8929, ndcg:0.6574, topn:10.
2021-03-01 23:02:26,972 - root - INFO - head hit:0.0255, head mean rank:1486.5326, topn:10.
2021-03-01 23:02:26,973 - root - INFO - tail hit:0.0383, tail mean rank:1559.0524, topn:10.
2021-03-01 23:02:26,973 - root - INFO - avg hit:0.0319, avg mean rank:1522.7925, topn:10.
2021-03-01 23:02:31,043 - root - INFO - head hit:0.0190, head mean rank:1387.2612, topn:10.
2021-03-01 23:02:31,043 - root - INFO - tail hit:0.0325, tail mean rank:1473.3501, topn:10.
2021-03-01 23:02:31,043 - root - INFO - avg hit:0.0258, avg mean rank:1430.3056, topn:10.
2021-03-01 23:02:31,045 - root - INFO - Checkpointing ...
2021-03-01 23:04:57,848 - root - INFO - rec train loss:10.1913, kg train loss:41.1468!
2021-03-01 23:04:58,893 - root - INFO - f1:0.2023, p:0.2434, r:0.2428, hit:0.7943, ndcg:0.5691, topn:10.
2021-03-01 23:04:59,924 - root - INFO - f1:0.2297, p:0.3812, r:0.2123, hit:0.9003, ndcg:0.6857, topn:10.
2021-03-01 23:05:02,052 - root - INFO - head hit:0.0217, head mean rank:1431.2554, topn:10.
2021-03-01 23:05:02,052 - root - INFO - tail hit:0.0294, tail mean rank:1544.5338, topn:10.
2021-03-01 23:05:02,052 - root - INFO - avg hit:0.0255, avg mean rank:1487.8946, topn:10.
2021-03-01 23:05:06,010 - root - INFO - head hit:0.0227, head mean rank:1359.8001, topn:10.
2021-03-01 23:05:06,011 - root - INFO - tail hit:0.0337, tail mean rank:1420.4243, topn:10.
2021-03-01 23:05:06,011 - root - INFO - avg hit:0.0282, avg mean rank:1390.1122, topn:10.
2021-03-01 23:05:06,012 - root - INFO - Checkpointing ...
2021-03-01 23:07:32,361 - root - INFO - rec train loss:9.7577, kg train loss:39.2425!
2021-03-01 23:07:33,457 - root - INFO - f1:0.2148, p:0.2584, r:0.2554, hit:0.8081, ndcg:0.5963, topn:10.
2021-03-01 23:07:34,495 - root - INFO - f1:0.2433, p:0.4037, r:0.2248, hit:0.9120, ndcg:0.7101, topn:10.
2021-03-01 23:07:36,654 - root - INFO - head hit:0.0153, head mean rank:1388.1992, topn:10.
2021-03-01 23:07:36,654 - root - INFO - tail hit:0.0179, tail mean rank:1538.8761, topn:10.
2021-03-01 23:07:36,654 - root - INFO - avg hit:0.0166, avg mean rank:1463.5377, topn:10.
2021-03-01 23:07:40,593 - root - INFO - head hit:0.0288, head mean rank:1354.9142, topn:10.
2021-03-01 23:07:40,593 - root - INFO - tail hit:0.0343, tail mean rank:1492.1514, topn:10.
2021-03-01 23:07:40,593 - root - INFO - avg hit:0.0316, avg mean rank:1423.5328, topn:10.
2021-03-01 23:07:40,595 - root - INFO - Checkpointing ...
2021-03-01 23:10:08,240 - root - INFO - rec train loss:9.7775, kg train loss:38.8972!
2021-03-01 23:10:09,299 - root - INFO - f1:0.2265, p:0.2737, r:0.2672, hit:0.8165, ndcg:0.6179, topn:10.
2021-03-01 23:10:10,345 - root - INFO - f1:0.2472, p:0.4120, r:0.2268, hit:0.9183, ndcg:0.7253, topn:10.
2021-03-01 23:10:12,580 - root - INFO - head hit:0.0255, head mean rank:1349.1839, topn:10.
2021-03-01 23:10:12,580 - root - INFO - tail hit:0.0243, tail mean rank:1512.7637, topn:10.
2021-03-01 23:10:12,580 - root - INFO - avg hit:0.0249, avg mean rank:1430.9738, topn:10.
2021-03-01 23:10:16,534 - root - INFO - head hit:0.0300, head mean rank:1321.6383, topn:10.
2021-03-01 23:10:16,534 - root - INFO - tail hit:0.0227, tail mean rank:1439.8627, topn:10.
2021-03-01 23:10:16,534 - root - INFO - avg hit:0.0264, avg mean rank:1380.7505, topn:10.
2021-03-01 23:10:16,536 - root - INFO - Checkpointing ...
2021-03-01 23:12:42,967 - root - INFO - rec train loss:9.5991, kg train loss:38.4611!
2021-03-01 23:12:43,936 - root - INFO - f1:0.2338, p:0.2818, r:0.2767, hit:0.8218, ndcg:0.6254, topn:10.
2021-03-01 23:12:44,995 - root - INFO - f1:0.2546, p:0.4234, r:0.2329, hit:0.9130, ndcg:0.7278, topn:10.
2021-03-01 23:12:47,124 - root - INFO - head hit:0.0243, head mean rank:1357.3883, topn:10.
2021-03-01 23:12:47,124 - root - INFO - tail hit:0.0140, tail mean rank:1355.5926, topn:10.
2021-03-01 23:12:47,124 - root - INFO - avg hit:0.0192, avg mean rank:1356.4904, topn:10.
2021-03-01 23:12:51,029 - root - INFO - head hit:0.0251, head mean rank:1353.8185, topn:10.
2021-03-01 23:12:51,029 - root - INFO - tail hit:0.0319, tail mean rank:1360.1459, topn:10.
2021-03-01 23:12:51,029 - root - INFO - avg hit:0.0285, avg mean rank:1356.9822, topn:10.
2021-03-01 23:12:51,031 - root - INFO - Checkpointing ...
2021-03-01 23:15:17,112 - root - INFO - rec train loss:9.5695, kg train loss:38.3682!
2021-03-01 23:15:18,122 - root - INFO - f1:0.2366, p:0.2867, r:0.2742, hit:0.8134, ndcg:0.6375, topn:10.
2021-03-01 23:15:19,155 - root - INFO - f1:0.2585, p:0.4296, r:0.2363, hit:0.9183, ndcg:0.7415, topn:10.
2021-03-01 23:15:21,413 - root - INFO - head hit:0.0204, head mean rank:1408.9783, topn:10.
2021-03-01 23:15:21,414 - root - INFO - tail hit:0.0255, tail mean rank:1357.3436, topn:10.
2021-03-01 23:15:21,414 - root - INFO - avg hit:0.0230, avg mean rank:1383.1609, topn:10.
2021-03-01 23:15:25,329 - root - INFO - head hit:0.0264, head mean rank:1342.0196, topn:10.
2021-03-01 23:15:25,329 - root - INFO - tail hit:0.0331, tail mean rank:1329.0828, topn:10.
2021-03-01 23:15:25,330 - root - INFO - avg hit:0.0297, avg mean rank:1335.5512, topn:10.
2021-03-01 23:15:25,331 - root - INFO - Checkpointing ...
2021-03-01 23:17:51,731 - root - INFO - rec train loss:9.3448, kg train loss:38.6598!
2021-03-01 23:17:52,777 - root - INFO - f1:0.2398, p:0.2897, r:0.2803, hit:0.8240, ndcg:0.6457, topn:10.
2021-03-01 23:17:53,843 - root - INFO - f1:0.2629, p:0.4364, r:0.2403, hit:0.9130, ndcg:0.7496, topn:10.
2021-03-01 23:17:55,993 - root - INFO - head hit:0.0179, head mean rank:1350.1341, topn:10.
2021-03-01 23:17:55,994 - root - INFO - tail hit:0.0230, tail mean rank:1434.2631, topn:10.
2021-03-01 23:17:55,994 - root - INFO - avg hit:0.0204, avg mean rank:1392.1986, topn:10.
2021-03-01 23:17:59,918 - root - INFO - head hit:0.0190, head mean rank:1327.4568, topn:10.
2021-03-01 23:17:59,918 - root - INFO - tail hit:0.0196, tail mean rank:1391.2170, topn:10.
2021-03-01 23:17:59,918 - root - INFO - avg hit:0.0193, avg mean rank:1359.3369, topn:10.
2021-03-01 23:17:59,920 - root - INFO - Checkpointing ...
2021-03-01 23:20:27,616 - root - INFO - rec train loss:9.4956, kg train loss:38.5670!
2021-03-01 23:20:28,645 - root - INFO - f1:0.2448, p:0.2958, r:0.2840, hit:0.8346, ndcg:0.6593, topn:10.
2021-03-01 23:20:29,719 - root - INFO - f1:0.2681, p:0.4442, r:0.2438, hit:0.9088, ndcg:0.7551, topn:10.
2021-03-01 23:20:31,968 - root - INFO - head hit:0.0255, head mean rank:1406.8429, topn:10.
2021-03-01 23:20:31,969 - root - INFO - tail hit:0.0179, tail mean rank:1502.8327, topn:10.
2021-03-01 23:20:31,969 - root - INFO - avg hit:0.0217, avg mean rank:1454.8378, topn:10.
2021-03-01 23:20:36,016 - root - INFO - head hit:0.0319, head mean rank:1294.5978, topn:10.
2021-03-01 23:20:36,017 - root - INFO - tail hit:0.0300, tail mean rank:1392.9467, topn:10.
2021-03-01 23:20:36,017 - root - INFO - avg hit:0.0310, avg mean rank:1343.7722, topn:10.
2021-03-01 23:20:36,018 - root - INFO - Checkpointing ...
2021-03-01 23:23:02,497 - root - INFO - rec train loss:9.5739, kg train loss:38.8861!
2021-03-01 23:23:03,541 - root - INFO - f1:0.2468, p:0.2975, r:0.2875, hit:0.8303, ndcg:0.6589, topn:10.
2021-03-01 23:23:04,471 - root - INFO - f1:0.2763, p:0.4522, r:0.2547, hit:0.9226, ndcg:0.7671, topn:10.
2021-03-01 23:23:06,633 - root - INFO - head hit:0.0243, head mean rank:1369.2810, topn:10.
2021-03-01 23:23:06,634 - root - INFO - tail hit:0.0217, tail mean rank:1492.5734, topn:10.
2021-03-01 23:23:06,634 - root - INFO - avg hit:0.0230, avg mean rank:1430.9272, topn:10.
2021-03-01 23:23:10,646 - root - INFO - head hit:0.0313, head mean rank:1263.0693, topn:10.
2021-03-01 23:23:10,646 - root - INFO - tail hit:0.0264, tail mean rank:1386.0865, topn:10.
2021-03-01 23:23:10,646 - root - INFO - avg hit:0.0288, avg mean rank:1324.5779, topn:10.
2021-03-01 23:23:10,648 - root - INFO - Checkpointing ...
2021-03-01 23:25:36,874 - root - INFO - rec train loss:9.4761, kg train loss:38.9340!
2021-03-01 23:25:38,108 - root - INFO - f1:0.2509, p:0.3023, r:0.2929, hit:0.8303, ndcg:0.6751, topn:10.
2021-03-01 23:25:39,171 - root - INFO - f1:0.2783, p:0.4575, r:0.2556, hit:0.9300, ndcg:0.7764, topn:10.
2021-03-01 23:25:41,321 - root - INFO - head hit:0.0268, head mean rank:1387.8467, topn:10.
2021-03-01 23:25:41,321 - root - INFO - tail hit:0.0179, tail mean rank:1483.0881, topn:10.
2021-03-01 23:25:41,321 - root - INFO - avg hit:0.0223, avg mean rank:1435.4674, topn:10.
2021-03-01 23:25:45,257 - root - INFO - head hit:0.0245, head mean rank:1249.8142, topn:10.
2021-03-01 23:25:45,257 - root - INFO - tail hit:0.0245, tail mean rank:1366.2495, topn:10.
2021-03-01 23:25:45,257 - root - INFO - avg hit:0.0245, avg mean rank:1308.0319, topn:10.
2021-03-01 23:25:45,258 - root - INFO - Checkpointing ...
2021-03-01 23:28:11,063 - root - INFO - rec train loss:9.5130, kg train loss:39.2091!
2021-03-01 23:28:12,137 - root - INFO - f1:0.2596, p:0.3113, r:0.3054, hit:0.8441, ndcg:0.6833, topn:10.
2021-03-01 23:28:13,117 - root - INFO - f1:0.2818, p:0.4627, r:0.2579, hit:0.9321, ndcg:0.7823, topn:10.
2021-03-01 23:28:15,348 - root - INFO - head hit:0.0370, head mean rank:1357.0766, topn:10.
2021-03-01 23:28:15,348 - root - INFO - tail hit:0.0307, tail mean rank:1483.1494, topn:10.
2021-03-01 23:28:15,348 - root - INFO - avg hit:0.0338, avg mean rank:1420.1130, topn:10.
2021-03-01 23:28:19,422 - root - INFO - head hit:0.0288, head mean rank:1284.7474, topn:10.
2021-03-01 23:28:19,422 - root - INFO - tail hit:0.0258, tail mean rank:1337.9920, topn:10.
2021-03-01 23:28:19,423 - root - INFO - avg hit:0.0273, avg mean rank:1311.3697, topn:10.
2021-03-01 23:28:19,424 - root - INFO - Checkpointing ...
2021-03-01 23:30:45,919 - root - INFO - rec train loss:9.5973, kg train loss:39.0368!
2021-03-01 23:30:46,921 - root - INFO - f1:0.2581, p:0.3109, r:0.2980, hit:0.8388, ndcg:0.6867, topn:10.
2021-03-01 23:30:47,945 - root - INFO - f1:0.2843, p:0.4662, r:0.2593, hit:0.9247, ndcg:0.7886, topn:10.
2021-03-01 23:30:50,190 - root - INFO - head hit:0.0204, head mean rank:1376.9361, topn:10.
2021-03-01 23:30:50,190 - root - INFO - tail hit:0.0192, tail mean rank:1502.5096, topn:10.
2021-03-01 23:30:50,191 - root - INFO - avg hit:0.0198, avg mean rank:1439.7229, topn:10.
2021-03-01 23:30:54,229 - root - INFO - head hit:0.0239, head mean rank:1360.9166, topn:10.
2021-03-01 23:30:54,229 - root - INFO - tail hit:0.0172, tail mean rank:1478.1447, topn:10.
2021-03-01 23:30:54,229 - root - INFO - avg hit:0.0205, avg mean rank:1419.5307, topn:10.
2021-03-01 23:30:54,231 - root - INFO - No improvement after one epoch. Lowering learning rate.
2021-03-01 23:33:20,414 - root - INFO - rec train loss:1.8094, kg train loss:7.4462!
2021-03-01 23:33:21,455 - root - INFO - f1:0.2752, p:0.3314, r:0.3165, hit:0.8505, ndcg:0.7090, topn:10.
2021-03-01 23:33:22,526 - root - INFO - f1:0.3013, p:0.4909, r:0.2749, hit:0.9311, ndcg:0.8017, topn:10.
2021-03-01 23:33:24,774 - root - INFO - head hit:0.0409, head mean rank:1265.5734, topn:10.
2021-03-01 23:33:24,774 - root - INFO - tail hit:0.0255, tail mean rank:1340.6692, topn:10.
2021-03-01 23:33:24,774 - root - INFO - avg hit:0.0332, avg mean rank:1303.1213, topn:10.
2021-03-01 23:33:28,783 - root - INFO - head hit:0.0411, head mean rank:1223.1447, topn:10.
2021-03-01 23:33:28,783 - root - INFO - tail hit:0.0380, tail mean rank:1268.8645, topn:10.
2021-03-01 23:33:28,783 - root - INFO - avg hit:0.0395, avg mean rank:1246.0046, topn:10.
2021-03-01 23:33:28,785 - root - INFO - Checkpointing ...
2021-03-01 23:35:54,994 - root - INFO - rec train loss:1.4632, kg train loss:6.2182!
2021-03-01 23:35:56,036 - root - INFO - f1:0.2801, p:0.3372, r:0.3223, hit:0.8505, ndcg:0.7192, topn:10.
2021-03-01 23:35:57,051 - root - INFO - f1:0.3059, p:0.4983, r:0.2787, hit:0.9332, ndcg:0.8141, topn:10.
2021-03-01 23:35:59,234 - root - INFO - head hit:0.0421, head mean rank:1251.0536, topn:10.
2021-03-01 23:35:59,234 - root - INFO - tail hit:0.0268, tail mean rank:1384.2286, topn:10.
2021-03-01 23:35:59,234 - root - INFO - avg hit:0.0345, avg mean rank:1317.6411, topn:10.
2021-03-01 23:36:03,259 - root - INFO - head hit:0.0490, head mean rank:1189.5984, topn:10.
2021-03-01 23:36:03,259 - root - INFO - tail hit:0.0448, tail mean rank:1328.7284, topn:10.
2021-03-01 23:36:03,260 - root - INFO - avg hit:0.0469, avg mean rank:1259.1634, topn:10.
2021-03-01 23:36:03,262 - root - INFO - Checkpointing ...
2021-03-01 23:38:29,571 - root - INFO - rec train loss:1.4683, kg train loss:6.2399!
2021-03-01 23:38:30,607 - root - INFO - f1:0.2892, p:0.3475, r:0.3319, hit:0.8600, ndcg:0.7328, topn:10.
2021-03-01 23:38:31,637 - root - INFO - f1:0.3103, p:0.5049, r:0.2819, hit:0.9343, ndcg:0.8209, topn:10.
2021-03-01 23:38:33,766 - root - INFO - head hit:0.0268, head mean rank:1308.3218, topn:10.
2021-03-01 23:38:33,766 - root - INFO - tail hit:0.0370, tail mean rank:1392.1149, topn:10.
2021-03-01 23:38:33,767 - root - INFO - avg hit:0.0319, avg mean rank:1350.2184, topn:10.
2021-03-01 23:38:37,704 - root - INFO - head hit:0.0423, head mean rank:1231.7376, topn:10.
2021-03-01 23:38:37,705 - root - INFO - tail hit:0.0417, tail mean rank:1284.7333, topn:10.
2021-03-01 23:38:37,705 - root - INFO - avg hit:0.0420, avg mean rank:1258.2354, topn:10.
2021-03-01 23:38:37,707 - root - INFO - Checkpointing ...
2021-03-01 23:41:04,381 - root - INFO - rec train loss:1.5890, kg train loss:6.0261!
2021-03-01 23:41:05,443 - root - INFO - f1:0.2909, p:0.3497, r:0.3350, hit:0.8653, ndcg:0.7417, topn:10.
2021-03-01 23:41:06,553 - root - INFO - f1:0.3137, p:0.5106, r:0.2839, hit:0.9364, ndcg:0.8296, topn:10.
2021-03-01 23:41:08,705 - root - INFO - head hit:0.0498, head mean rank:1255.8582, topn:10.
2021-03-01 23:41:08,705 - root - INFO - tail hit:0.0319, tail mean rank:1341.3934, topn:10.
2021-03-01 23:41:08,705 - root - INFO - avg hit:0.0409, avg mean rank:1298.6258, topn:10.
2021-03-01 23:41:12,647 - root - INFO - head hit:0.0460, head mean rank:1218.3292, topn:10.
2021-03-01 23:41:12,648 - root - INFO - tail hit:0.0454, tail mean rank:1260.8112, topn:10.
2021-03-01 23:41:12,648 - root - INFO - avg hit:0.0457, avg mean rank:1239.5702, topn:10.
2021-03-01 23:41:12,649 - root - INFO - Checkpointing ...
2021-03-01 23:43:39,237 - root - INFO - rec train loss:1.5085, kg train loss:5.9059!
2021-03-01 23:43:40,317 - root - INFO - f1:0.2988, p:0.3584, r:0.3413, hit:0.8621, ndcg:0.7477, topn:10.
2021-03-01 23:43:41,604 - root - INFO - f1:0.3184, p:0.5158, r:0.2895, hit:0.9427, ndcg:0.8328, topn:10.
2021-03-01 23:43:43,775 - root - INFO - head hit:0.0319, head mean rank:1261.7931, topn:10.
2021-03-01 23:43:43,776 - root - INFO - tail hit:0.0294, tail mean rank:1331.6450, topn:10.
2021-03-01 23:43:43,776 - root - INFO - avg hit:0.0307, avg mean rank:1296.7190, topn:10.
2021-03-01 23:43:47,726 - root - INFO - head hit:0.0349, head mean rank:1243.0926, topn:10.
2021-03-01 23:43:47,726 - root - INFO - tail hit:0.0368, tail mean rank:1283.2036, topn:10.
2021-03-01 23:43:47,726 - root - INFO - avg hit:0.0359, avg mean rank:1263.1481, topn:10.
2021-03-01 23:43:47,728 - root - INFO - Checkpointing ...
2021-03-01 23:46:14,821 - root - INFO - rec train loss:1.4817, kg train loss:5.9103!
2021-03-01 23:46:15,876 - root - INFO - f1:0.2999, p:0.3592, r:0.3442, hit:0.8600, ndcg:0.7475, topn:10.
2021-03-01 23:46:16,943 - root - INFO - f1:0.3212, p:0.5195, r:0.2921, hit:0.9438, ndcg:0.8423, topn:10.
2021-03-01 23:46:19,104 - root - INFO - head hit:0.0281, head mean rank:1220.2950, topn:10.
2021-03-01 23:46:19,104 - root - INFO - tail hit:0.0383, tail mean rank:1293.0038, topn:10.
2021-03-01 23:46:19,105 - root - INFO - avg hit:0.0332, avg mean rank:1256.6494, topn:10.
2021-03-01 23:46:22,986 - root - INFO - head hit:0.0399, head mean rank:1228.7517, topn:10.
2021-03-01 23:46:22,986 - root - INFO - tail hit:0.0386, tail mean rank:1326.9148, topn:10.
2021-03-01 23:46:22,986 - root - INFO - avg hit:0.0392, avg mean rank:1277.8332, topn:10.
2021-03-01 23:46:22,988 - root - INFO - Checkpointing ...
2021-03-01 23:48:49,265 - root - INFO - rec train loss:1.4260, kg train loss:5.9819!
2021-03-01 23:48:50,345 - root - INFO - f1:0.3040, p:0.3628, r:0.3509, hit:0.8643, ndcg:0.7533, topn:10.
2021-03-01 23:48:51,429 - root - INFO - f1:0.3255, p:0.5247, r:0.2964, hit:0.9406, ndcg:0.8455, topn:10.
2021-03-01 23:48:53,652 - root - INFO - head hit:0.0396, head mean rank:1297.3333, topn:10.
2021-03-01 23:48:53,652 - root - INFO - tail hit:0.0485, tail mean rank:1267.5964, topn:10.
2021-03-01 23:48:53,652 - root - INFO - avg hit:0.0441, avg mean rank:1282.4649, topn:10.
2021-03-01 23:48:57,609 - root - INFO - head hit:0.0380, head mean rank:1290.9847, topn:10.
2021-03-01 23:48:57,609 - root - INFO - tail hit:0.0399, tail mean rank:1256.6573, topn:10.
2021-03-01 23:48:57,609 - root - INFO - avg hit:0.0389, avg mean rank:1273.8210, topn:10.
2021-03-01 23:48:57,611 - root - INFO - Checkpointing ...
2021-03-01 23:51:24,604 - root - INFO - rec train loss:1.4605, kg train loss:5.9987!
2021-03-01 23:51:25,731 - root - INFO - f1:0.3046, p:0.3637, r:0.3520, hit:0.8706, ndcg:0.7653, topn:10.
2021-03-01 23:51:26,750 - root - INFO - f1:0.3264, p:0.5260, r:0.2970, hit:0.9449, ndcg:0.8511, topn:10.
2021-03-01 23:51:28,938 - root - INFO - head hit:0.0473, head mean rank:1262.5083, topn:10.
2021-03-01 23:51:28,939 - root - INFO - tail hit:0.0549, tail mean rank:1222.2644, topn:10.
2021-03-01 23:51:28,939 - root - INFO - avg hit:0.0511, avg mean rank:1242.3863, topn:10.
2021-03-01 23:51:32,977 - root - INFO - head hit:0.0417, head mean rank:1264.7517, topn:10.
2021-03-01 23:51:32,977 - root - INFO - tail hit:0.0515, tail mean rank:1214.4611, topn:10.
2021-03-01 23:51:32,977 - root - INFO - avg hit:0.0466, avg mean rank:1239.6064, topn:10.
2021-03-01 23:51:32,979 - root - INFO - Checkpointing ...
2021-03-01 23:53:57,607 - root - INFO - rec train loss:1.4961, kg train loss:6.0705!
2021-03-01 23:53:58,711 - root - INFO - f1:0.3069, p:0.3662, r:0.3542, hit:0.8696, ndcg:0.7701, topn:10.
2021-03-01 23:53:59,739 - root - INFO - f1:0.3264, p:0.5268, r:0.2958, hit:0.9427, ndcg:0.8537, topn:10.
2021-03-01 23:54:01,899 - root - INFO - head hit:0.0421, head mean rank:1272.3448, topn:10.
2021-03-01 23:54:01,900 - root - INFO - tail hit:0.0345, tail mean rank:1305.3997, topn:10.
2021-03-01 23:54:01,900 - root - INFO - avg hit:0.0383, avg mean rank:1288.8723, topn:10.
2021-03-01 23:54:05,784 - root - INFO - head hit:0.0460, head mean rank:1273.9362, topn:10.
2021-03-01 23:54:05,784 - root - INFO - tail hit:0.0362, tail mean rank:1275.0650, topn:10.
2021-03-01 23:54:05,785 - root - INFO - avg hit:0.0411, avg mean rank:1274.5006, topn:10.
2021-03-01 23:54:05,786 - root - INFO - Checkpointing ...
2021-03-01 23:56:30,773 - root - INFO - rec train loss:1.4906, kg train loss:6.0488!
2021-03-01 23:56:31,827 - root - INFO - f1:0.3097, p:0.3684, r:0.3591, hit:0.8706, ndcg:0.7676, topn:10.
2021-03-01 23:56:32,842 - root - INFO - f1:0.3294, p:0.5308, r:0.2985, hit:0.9480, ndcg:0.8643, topn:10.
2021-03-01 23:56:35,094 - root - INFO - head hit:0.0409, head mean rank:1284.8621, topn:10.
2021-03-01 23:56:35,094 - root - INFO - tail hit:0.0358, tail mean rank:1371.2120, topn:10.
2021-03-01 23:56:35,094 - root - INFO - avg hit:0.0383, avg mean rank:1328.0370, topn:10.
2021-03-01 23:56:39,069 - root - INFO - head hit:0.0429, head mean rank:1233.5340, topn:10.
2021-03-01 23:56:39,069 - root - INFO - tail hit:0.0386, tail mean rank:1275.1318, topn:10.
2021-03-01 23:56:39,069 - root - INFO - avg hit:0.0408, avg mean rank:1254.3329, topn:10.
2021-03-01 23:56:39,070 - root - INFO - Checkpointing ...
2021-03-01 23:59:03,857 - root - INFO - rec train loss:1.5515, kg train loss:5.9914!
2021-03-01 23:59:04,918 - root - INFO - f1:0.3078, p:0.3670, r:0.3563, hit:0.8759, ndcg:0.7771, topn:10.
2021-03-01 23:59:05,944 - root - INFO - f1:0.3289, p:0.5312, r:0.2970, hit:0.9343, ndcg:0.8572, topn:10.
2021-03-01 23:59:08,206 - root - INFO - head hit:0.0345, head mean rank:1357.7612, topn:10.
2021-03-01 23:59:08,207 - root - INFO - tail hit:0.0268, tail mean rank:1466.4891, topn:10.
2021-03-01 23:59:08,207 - root - INFO - avg hit:0.0307, avg mean rank:1412.1252, topn:10.
2021-03-01 23:59:12,245 - root - INFO - head hit:0.0423, head mean rank:1225.1619, topn:10.
2021-03-01 23:59:12,245 - root - INFO - tail hit:0.0349, tail mean rank:1282.1079, topn:10.
2021-03-01 23:59:12,245 - root - INFO - avg hit:0.0386, avg mean rank:1253.6349, topn:10.
2021-03-01 23:59:12,246 - root - INFO - No improvement after one epoch. Lowering learning rate.
2021-03-02 00:01:35,992 - root - INFO - rec train loss:0.5361, kg train loss:2.1839!
2021-03-02 00:01:37,062 - root - INFO - f1:0.3157, p:0.3759, r:0.3644, hit:0.8727, ndcg:0.7815, topn:10.
2021-03-02 00:01:38,059 - root - INFO - f1:0.3333, p:0.5376, r:0.3012, hit:0.9406, ndcg:0.8673, topn:10.
2021-03-02 00:01:40,212 - root - INFO - head hit:0.0447, head mean rank:1254.1826, topn:10.
2021-03-02 00:01:40,213 - root - INFO - tail hit:0.0587, tail mean rank:1298.6130, topn:10.
2021-03-02 00:01:40,213 - root - INFO - avg hit:0.0517, avg mean rank:1276.3978, topn:10.
2021-03-02 00:01:44,115 - root - INFO - head hit:0.0423, head mean rank:1112.2262, topn:10.
2021-03-02 00:01:44,116 - root - INFO - tail hit:0.0693, tail mean rank:1128.2140, topn:10.
2021-03-02 00:01:44,116 - root - INFO - avg hit:0.0558, avg mean rank:1120.2201, topn:10.
2021-03-02 00:01:44,117 - root - INFO - Checkpointing ...
2021-03-02 00:04:07,510 - root - INFO - rec train loss:0.3571, kg train loss:1.3946!
2021-03-02 00:04:08,528 - root - INFO - f1:0.3203, p:0.3811, r:0.3697, hit:0.8823, ndcg:0.7876, topn:10.
2021-03-02 00:04:09,601 - root - INFO - f1:0.3365, p:0.5420, r:0.3041, hit:0.9396, ndcg:0.8717, topn:10.
2021-03-02 00:04:11,743 - root - INFO - head hit:0.0524, head mean rank:1206.0409, topn:10.
2021-03-02 00:04:11,743 - root - INFO - tail hit:0.0460, tail mean rank:1291.8748, topn:10.
2021-03-02 00:04:11,744 - root - INFO - avg hit:0.0492, avg mean rank:1248.9579, topn:10.
2021-03-02 00:04:15,821 - root - INFO - head hit:0.0546, head mean rank:1114.4598, topn:10.
2021-03-02 00:04:15,821 - root - INFO - tail hit:0.0503, tail mean rank:1151.2452, topn:10.
2021-03-02 00:04:15,822 - root - INFO - avg hit:0.0524, avg mean rank:1132.8525, topn:10.
2021-03-02 00:04:15,823 - root - INFO - Checkpointing ...
2021-03-02 00:06:39,375 - root - INFO - rec train loss:0.3141, kg train loss:1.3897!
2021-03-02 00:06:40,471 - root - INFO - f1:0.3216, p:0.3831, r:0.3692, hit:0.8717, ndcg:0.7892, topn:10.
2021-03-02 00:06:41,551 - root - INFO - f1:0.3401, p:0.5473, r:0.3071, hit:0.9396, ndcg:0.8779, topn:10.
2021-03-02 00:06:43,751 - root - INFO - head hit:0.0639, head mean rank:1185.2937, topn:10.
2021-03-02 00:06:43,751 - root - INFO - tail hit:0.0575, tail mean rank:1260.3665, topn:10.
2021-03-02 00:06:43,751 - root - INFO - avg hit:0.0607, avg mean rank:1222.8301, topn:10.
2021-03-02 00:06:47,715 - root - INFO - head hit:0.0638, head mean rank:1126.3084, topn:10.
2021-03-02 00:06:47,715 - root - INFO - tail hit:0.0558, tail mean rank:1177.9258, topn:10.
2021-03-02 00:06:47,715 - root - INFO - avg hit:0.0598, avg mean rank:1152.1171, topn:10.
2021-03-02 00:06:47,716 - root - INFO - Checkpointing ...
2021-03-02 00:09:12,517 - root - INFO - rec train loss:0.3676, kg train loss:1.2990!
2021-03-02 00:09:13,528 - root - INFO - f1:0.3246, p:0.3862, r:0.3729, hit:0.8770, ndcg:0.7949, topn:10.
2021-03-02 00:09:14,609 - root - INFO - f1:0.3424, p:0.5493, r:0.3094, hit:0.9449, ndcg:0.8822, topn:10.
2021-03-02 00:09:16,785 - root - INFO - head hit:0.0639, head mean rank:1218.3793, topn:10.
2021-03-02 00:09:16,786 - root - INFO - tail hit:0.0511, tail mean rank:1200.3448, topn:10.
2021-03-02 00:09:16,786 - root - INFO - avg hit:0.0575, avg mean rank:1209.3621, topn:10.
2021-03-02 00:09:20,686 - root - INFO - head hit:0.0632, head mean rank:1125.1416, topn:10.
2021-03-02 00:09:20,687 - root - INFO - tail hit:0.0576, tail mean rank:1124.9804, topn:10.
2021-03-02 00:09:20,687 - root - INFO - avg hit:0.0604, avg mean rank:1125.0610, topn:10.
2021-03-02 00:09:20,689 - root - INFO - Checkpointing ...
2021-03-02 00:11:44,465 - root - INFO - rec train loss:0.2882, kg train loss:1.2548!
2021-03-02 00:11:45,444 - root - INFO - f1:0.3285, p:0.3899, r:0.3782, hit:0.8834, ndcg:0.7978, topn:10.
2021-03-02 00:11:46,497 - root - INFO - f1:0.3469, p:0.5542, r:0.3145, hit:0.9491, ndcg:0.8853, topn:10.
2021-03-02 00:11:48,734 - root - INFO - head hit:0.0536, head mean rank:1142.1558, topn:10.
2021-03-02 00:11:48,734 - root - INFO - tail hit:0.0600, tail mean rank:1208.3461, topn:10.
2021-03-02 00:11:48,735 - root - INFO - avg hit:0.0568, avg mean rank:1175.2510, topn:10.
2021-03-02 00:11:52,719 - root - INFO - head hit:0.0619, head mean rank:1086.9601, topn:10.
2021-03-02 00:11:52,719 - root - INFO - tail hit:0.0638, tail mean rank:1122.9418, topn:10.
2021-03-02 00:11:52,719 - root - INFO - avg hit:0.0628, avg mean rank:1104.9510, topn:10.
2021-03-02 00:11:52,721 - root - INFO - Checkpointing ...
2021-03-02 00:14:18,321 - root - INFO - rec train loss:0.2958, kg train loss:1.2453!
2021-03-02 00:14:19,316 - root - INFO - f1:0.3324, p:0.3935, r:0.3834, hit:0.8887, ndcg:0.8008, topn:10.
2021-03-02 00:14:20,373 - root - INFO - f1:0.3476, p:0.5556, r:0.3147, hit:0.9491, ndcg:0.8882, topn:10.
2021-03-02 00:14:22,517 - root - INFO - head hit:0.0702, head mean rank:1183.9808, topn:10.
2021-03-02 00:14:22,518 - root - INFO - tail hit:0.0613, tail mean rank:1197.7190, topn:10.
2021-03-02 00:14:22,518 - root - INFO - avg hit:0.0658, avg mean rank:1190.8499, topn:10.
2021-03-02 00:14:26,497 - root - INFO - head hit:0.0687, head mean rank:1101.3427, topn:10.
2021-03-02 00:14:26,498 - root - INFO - tail hit:0.0570, tail mean rank:1102.2704, topn:10.
2021-03-02 00:14:26,498 - root - INFO - avg hit:0.0628, avg mean rank:1101.8066, topn:10.
2021-03-02 00:14:26,500 - root - INFO - Checkpointing ...
2021-03-02 00:16:54,073 - root - INFO - rec train loss:0.2893, kg train loss:1.0992!
2021-03-02 00:16:55,178 - root - INFO - f1:0.3338, p:0.3958, r:0.3837, hit:0.8823, ndcg:0.8011, topn:10.
2021-03-02 00:16:56,212 - root - INFO - f1:0.3504, p:0.5587, r:0.3176, hit:0.9502, ndcg:0.8920, topn:10.
2021-03-02 00:16:58,353 - root - INFO - head hit:0.0651, head mean rank:1162.9630, topn:10.
2021-03-02 00:16:58,353 - root - INFO - tail hit:0.0690, tail mean rank:1204.0345, topn:10.
2021-03-02 00:16:58,354 - root - INFO - avg hit:0.0670, avg mean rank:1183.4987, topn:10.
2021-03-02 00:17:02,412 - root - INFO - head hit:0.0613, head mean rank:1079.1551, topn:10.
2021-03-02 00:17:02,412 - root - INFO - tail hit:0.0662, tail mean rank:1111.5445, topn:10.
2021-03-02 00:17:02,412 - root - INFO - avg hit:0.0638, avg mean rank:1095.3498, topn:10.
2021-03-02 00:17:02,413 - root - INFO - Checkpointing ...
2021-03-02 00:19:29,047 - root - INFO - rec train loss:0.2269, kg train loss:1.0603!
2021-03-02 00:19:30,048 - root - INFO - f1:0.3352, p:0.3964, r:0.3872, hit:0.8876, ndcg:0.8083, topn:10.
2021-03-02 00:19:31,123 - root - INFO - f1:0.3526, p:0.5616, r:0.3195, hit:0.9502, ndcg:0.8897, topn:10.
2021-03-02 00:19:33,251 - root - INFO - head hit:0.0600, head mean rank:1158.7292, topn:10.
2021-03-02 00:19:33,251 - root - INFO - tail hit:0.0677, tail mean rank:1170.1494, topn:10.
2021-03-02 00:19:33,251 - root - INFO - avg hit:0.0639, avg mean rank:1164.4393, topn:10.
2021-03-02 00:19:37,115 - root - INFO - head hit:0.0564, head mean rank:1107.2784, topn:10.
2021-03-02 00:19:37,116 - root - INFO - tail hit:0.0674, tail mean rank:1098.0049, topn:10.
2021-03-02 00:19:37,116 - root - INFO - avg hit:0.0619, avg mean rank:1102.6416, topn:10.
2021-03-02 00:19:37,117 - root - INFO - Checkpointing ...
2021-03-02 00:22:03,815 - root - INFO - rec train loss:0.2503, kg train loss:1.1027!
2021-03-02 00:22:04,833 - root - INFO - f1:0.3384, p:0.4000, r:0.3903, hit:0.8887, ndcg:0.8095, topn:10.
2021-03-02 00:22:05,896 - root - INFO - f1:0.3524, p:0.5619, r:0.3187, hit:0.9512, ndcg:0.8939, topn:10.
2021-03-02 00:22:08,100 - root - INFO - head hit:0.0651, head mean rank:1145.2861, topn:10.
2021-03-02 00:22:08,101 - root - INFO - tail hit:0.0511, tail mean rank:1220.0881, topn:10.
2021-03-02 00:22:08,101 - root - INFO - avg hit:0.0581, avg mean rank:1182.6871, topn:10.
2021-03-02 00:22:11,965 - root - INFO - head hit:0.0693, head mean rank:1107.3611, topn:10.
2021-03-02 00:22:11,966 - root - INFO - tail hit:0.0533, tail mean rank:1162.8712, topn:10.
2021-03-02 00:22:11,966 - root - INFO - avg hit:0.0613, avg mean rank:1135.1162, topn:10.
2021-03-02 00:22:11,967 - root - INFO - Checkpointing ...
2021-03-02 00:24:39,230 - root - INFO - rec train loss:0.2532, kg train loss:1.0749!
2021-03-02 00:24:40,214 - root - INFO - f1:0.3408, p:0.4032, r:0.3909, hit:0.8865, ndcg:0.8109, topn:10.
2021-03-02 00:24:41,270 - root - INFO - f1:0.3553, p:0.5653, r:0.3219, hit:0.9523, ndcg:0.8986, topn:10.
2021-03-02 00:24:43,459 - root - INFO - head hit:0.0485, head mean rank:1211.0358, topn:10.
2021-03-02 00:24:43,459 - root - INFO - tail hit:0.0651, tail mean rank:1207.0587, topn:10.
2021-03-02 00:24:43,459 - root - INFO - avg hit:0.0568, avg mean rank:1209.0473, topn:10.
2021-03-02 00:24:47,459 - root - INFO - head hit:0.0533, head mean rank:1132.0490, topn:10.
2021-03-02 00:24:47,459 - root - INFO - tail hit:0.0809, tail mean rank:1100.7468, topn:10.
2021-03-02 00:24:47,459 - root - INFO - avg hit:0.0671, avg mean rank:1116.3979, topn:10.
2021-03-02 00:24:47,461 - root - INFO - Checkpointing ...
2021-03-02 00:27:15,061 - root - INFO - rec train loss:0.2459, kg train loss:1.1248!
2021-03-02 00:27:16,115 - root - INFO - f1:0.3404, p:0.4032, r:0.3891, hit:0.8855, ndcg:0.8162, topn:10.
2021-03-02 00:27:17,156 - root - INFO - f1:0.3547, p:0.5645, r:0.3217, hit:0.9512, ndcg:0.8974, topn:10.
2021-03-02 00:27:19,266 - root - INFO - head hit:0.0587, head mean rank:1145.1047, topn:10.
2021-03-02 00:27:19,266 - root - INFO - tail hit:0.0498, tail mean rank:1222.1456, topn:10.
2021-03-02 00:27:19,266 - root - INFO - avg hit:0.0543, avg mean rank:1183.6252, topn:10.
2021-03-02 00:27:23,128 - root - INFO - head hit:0.0662, head mean rank:1085.3041, topn:10.
2021-03-02 00:27:23,128 - root - INFO - tail hit:0.0527, tail mean rank:1169.8909, topn:10.
2021-03-02 00:27:23,128 - root - INFO - avg hit:0.0595, avg mean rank:1127.5975, topn:10.
2021-03-02 00:27:23,130 - root - INFO - No improvement after one epoch. Lowering learning rate.
2021-03-02 00:29:50,238 - root - INFO - rec train loss:0.1523, kg train loss:0.6251!
2021-03-02 00:29:51,338 - root - INFO - f1:0.3401, p:0.4030, r:0.3886, hit:0.8823, ndcg:0.8177, topn:10.
2021-03-02 00:29:52,409 - root - INFO - f1:0.3561, p:0.5662, r:0.3231, hit:0.9512, ndcg:0.8992, topn:10.
2021-03-02 00:29:54,573 - root - INFO - head hit:0.0830, head mean rank:1100.8851, topn:10.
2021-03-02 00:29:54,573 - root - INFO - tail hit:0.0754, tail mean rank:1116.8633, topn:10.
2021-03-02 00:29:54,573 - root - INFO - avg hit:0.0792, avg mean rank:1108.8742, topn:10.
2021-03-02 00:29:58,515 - root - INFO - head hit:0.0730, head mean rank:1052.9687, topn:10.
2021-03-02 00:29:58,516 - root - INFO - tail hit:0.0791, tail mean rank:1048.3458, topn:10.
2021-03-02 00:29:58,516 - root - INFO - avg hit:0.0760, avg mean rank:1050.6573, topn:10.
2021-03-02 00:29:58,517 - root - INFO - No improvement after one epoch. Lowering learning rate.
2021-03-02 00:32:25,391 - root - INFO - rec train loss:0.1070, kg train loss:0.4312!
2021-03-02 00:32:26,404 - root - INFO - f1:0.3411, p:0.4041, r:0.3898, hit:0.8823, ndcg:0.8190, topn:10.
2021-03-02 00:32:27,481 - root - INFO - f1:0.3579, p:0.5686, r:0.3244, hit:0.9512, ndcg:0.9026, topn:10.
2021-03-02 00:32:29,686 - root - INFO - head hit:0.0932, head mean rank:1064.6948, topn:10.
2021-03-02 00:32:29,686 - root - INFO - tail hit:0.1111, tail mean rank:1071.6309, topn:10.
2021-03-02 00:32:29,686 - root - INFO - avg hit:0.1022, avg mean rank:1068.1628, topn:10.
2021-03-02 00:32:33,612 - root - INFO - head hit:0.0834, head mean rank:1020.7695, topn:10.
2021-03-02 00:32:33,612 - root - INFO - tail hit:0.1024, tail mean rank:1012.2992, topn:10.
2021-03-02 00:32:33,612 - root - INFO - avg hit:0.0929, avg mean rank:1016.5343, topn:10.
2021-03-02 00:32:33,614 - root - INFO - Checkpointing ...
2021-03-02 00:35:00,141 - root - INFO - rec train loss:0.0965, kg train loss:0.3616!
2021-03-02 00:35:01,224 - root - INFO - f1:0.3424, p:0.4057, r:0.3910, hit:0.8855, ndcg:0.8213, topn:10.
2021-03-02 00:35:02,314 - root - INFO - f1:0.3586, p:0.5694, r:0.3256, hit:0.9512, ndcg:0.9038, topn:10.
2021-03-02 00:35:04,439 - root - INFO - head hit:0.0881, head mean rank:1049.2056, topn:10.
2021-03-02 00:35:04,440 - root - INFO - tail hit:0.1264, tail mean rank:1054.9336, topn:10.
2021-03-02 00:35:04,440 - root - INFO - avg hit:0.1073, avg mean rank:1052.0696, topn:10.
2021-03-02 00:35:08,549 - root - INFO - head hit:0.0803, head mean rank:1005.9381, topn:10.
2021-03-02 00:35:08,550 - root - INFO - tail hit:0.1251, tail mean rank:990.5138, topn:10.
2021-03-02 00:35:08,550 - root - INFO - avg hit:0.1027, avg mean rank:998.2259, topn:10.
2021-03-02 00:35:08,552 - root - INFO - Checkpointing ...
2021-03-02 00:37:32,161 - root - INFO - rec train loss:0.0864, kg train loss:0.2626!
2021-03-02 00:37:33,167 - root - INFO - f1:0.3444, p:0.4075, r:0.3937, hit:0.8876, ndcg:0.8228, topn:10.
2021-03-02 00:37:34,259 - root - INFO - f1:0.3594, p:0.5706, r:0.3260, hit:0.9523, ndcg:0.9064, topn:10.
2021-03-02 00:37:36,466 - root - INFO - head hit:0.0894, head mean rank:1037.6590, topn:10.
2021-03-02 00:37:36,466 - root - INFO - tail hit:0.1303, tail mean rank:1047.5824, topn:10.
2021-03-02 00:37:36,466 - root - INFO - avg hit:0.1098, avg mean rank:1042.6207, topn:10.
2021-03-02 00:37:40,347 - root - INFO - head hit:0.0852, head mean rank:992.8522, topn:10.
2021-03-02 00:37:40,347 - root - INFO - tail hit:0.1367, tail mean rank:979.7443, topn:10.
2021-03-02 00:37:40,348 - root - INFO - avg hit:0.1110, avg mean rank:986.2983, topn:10.
2021-03-02 00:37:40,349 - root - INFO - Checkpointing ...
2021-03-02 00:40:03,964 - root - INFO - rec train loss:0.0780, kg train loss:0.2567!
2021-03-02 00:40:05,011 - root - INFO - f1:0.3451, p:0.4084, r:0.3939, hit:0.8865, ndcg:0.8254, topn:10.
2021-03-02 00:40:06,104 - root - INFO - f1:0.3605, p:0.5722, r:0.3264, hit:0.9512, ndcg:0.9081, topn:10.
2021-03-02 00:40:08,243 - root - INFO - head hit:0.0958, head mean rank:1017.8557, topn:10.
2021-03-02 00:40:08,243 - root - INFO - tail hit:0.1239, tail mean rank:1057.8710, topn:10.
2021-03-02 00:40:08,243 - root - INFO - avg hit:0.1098, avg mean rank:1037.8633, topn:10.
2021-03-02 00:40:12,052 - root - INFO - head hit:0.0920, head mean rank:977.1999, topn:10.
2021-03-02 00:40:12,052 - root - INFO - tail hit:0.1447, tail mean rank:982.4549, topn:10.
2021-03-02 00:40:12,052 - root - INFO - avg hit:0.1183, avg mean rank:979.8274, topn:10.
2021-03-02 00:40:12,054 - root - INFO - Checkpointing ...
2021-03-02 00:42:35,755 - root - INFO - rec train loss:0.0509, kg train loss:0.2192!
2021-03-02 00:42:36,826 - root - INFO - f1:0.3462, p:0.4093, r:0.3953, hit:0.8865, ndcg:0.8244, topn:10.
2021-03-02 00:42:37,893 - root - INFO - f1:0.3602, p:0.5719, r:0.3259, hit:0.9523, ndcg:0.9099, topn:10.
2021-03-02 00:42:40,020 - root - INFO - head hit:0.1060, head mean rank:989.8685, topn:10.
2021-03-02 00:42:40,020 - root - INFO - tail hit:0.1596, tail mean rank:1008.4904, topn:10.
2021-03-02 00:42:40,020 - root - INFO - avg hit:0.1328, avg mean rank:999.1794, topn:10.
2021-03-02 00:42:43,885 - root - INFO - head hit:0.0969, head mean rank:949.4948, topn:10.
2021-03-02 00:42:43,885 - root - INFO - tail hit:0.1545, tail mean rank:952.0846, topn:10.
2021-03-02 00:42:43,885 - root - INFO - avg hit:0.1257, avg mean rank:950.7897, topn:10.
2021-03-02 00:42:43,886 - root - INFO - Checkpointing ...
2021-03-02 00:45:07,747 - root - INFO - rec train loss:0.0583, kg train loss:0.1942!
2021-03-02 00:45:08,779 - root - INFO - f1:0.3468, p:0.4099, r:0.3965, hit:0.8908, ndcg:0.8285, topn:10.
2021-03-02 00:45:09,875 - root - INFO - f1:0.3614, p:0.5733, r:0.3273, hit:0.9533, ndcg:0.9094, topn:10.
2021-03-02 00:45:12,021 - root - INFO - head hit:0.1009, head mean rank:983.1801, topn:10.
2021-03-02 00:45:12,022 - root - INFO - tail hit:0.1596, tail mean rank:1010.5364, topn:10.
2021-03-02 00:45:12,022 - root - INFO - avg hit:0.1303, avg mean rank:996.8582, topn:10.
2021-03-02 00:45:15,951 - root - INFO - head hit:0.0907, head mean rank:930.4917, topn:10.
2021-03-02 00:45:15,951 - root - INFO - tail hit:0.1766, tail mean rank:943.3170, topn:10.
2021-03-02 00:45:15,952 - root - INFO - avg hit:0.1337, avg mean rank:936.9044, topn:10.
2021-03-02 00:45:15,954 - root - INFO - Checkpointing ...
2021-03-02 00:47:39,663 - root - INFO - rec train loss:0.0461, kg train loss:0.1785!
2021-03-02 00:47:40,747 - root - INFO - f1:0.3479, p:0.4113, r:0.3975, hit:0.8876, ndcg:0.8285, topn:10.
2021-03-02 00:47:41,795 - root - INFO - f1:0.3618, p:0.5739, r:0.3276, hit:0.9533, ndcg:0.9109, topn:10.
2021-03-02 00:47:43,905 - root - INFO - head hit:0.1098, head mean rank:966.2848, topn:10.
2021-03-02 00:47:43,905 - root - INFO - tail hit:0.1596, tail mean rank:1007.3397, topn:10.
2021-03-02 00:47:43,906 - root - INFO - avg hit:0.1347, avg mean rank:986.8123, topn:10.
2021-03-02 00:47:47,751 - root - INFO - head hit:0.0969, head mean rank:925.1147, topn:10.
2021-03-02 00:47:47,751 - root - INFO - tail hit:0.1809, tail mean rank:943.6358, topn:10.
2021-03-02 00:47:47,752 - root - INFO - avg hit:0.1389, avg mean rank:934.3752, topn:10.
2021-03-02 00:47:47,753 - root - INFO - Checkpointing ...
2021-03-02 00:50:11,591 - root - INFO - rec train loss:0.0399, kg train loss:0.1583!
2021-03-02 00:50:12,687 - root - INFO - f1:0.3474, p:0.4108, r:0.3968, hit:0.8876, ndcg:0.8299, topn:10.
2021-03-02 00:50:13,727 - root - INFO - f1:0.3620, p:0.5747, r:0.3275, hit:0.9523, ndcg:0.9122, topn:10.
2021-03-02 00:50:15,883 - root - INFO - head hit:0.0971, head mean rank:962.3040, topn:10.
2021-03-02 00:50:15,883 - root - INFO - tail hit:0.1533, tail mean rank:1013.2018, topn:10.
2021-03-02 00:50:15,883 - root - INFO - avg hit:0.1252, avg mean rank:987.7529, topn:10.
2021-03-02 00:50:19,825 - root - INFO - head hit:0.1024, head mean rank:923.6824, topn:10.
2021-03-02 00:50:19,825 - root - INFO - tail hit:0.1766, tail mean rank:951.7137, topn:10.
2021-03-02 00:50:19,826 - root - INFO - avg hit:0.1395, avg mean rank:937.6980, topn:10.
2021-03-02 00:50:19,827 - root - INFO - No improvement after one epoch. Lowering learning rate.
2021-03-02 00:52:44,110 - root - INFO - rec train loss:0.0381, kg train loss:0.0923!
2021-03-02 00:52:45,198 - root - INFO - f1:0.3472, p:0.4107, r:0.3964, hit:0.8876, ndcg:0.8306, topn:10.
2021-03-02 00:52:46,260 - root - INFO - f1:0.3622, p:0.5749, r:0.3277, hit:0.9523, ndcg:0.9119, topn:10.
2021-03-02 00:52:48,414 - root - INFO - head hit:0.1073, head mean rank:941.2312, topn:10.
2021-03-02 00:52:48,414 - root - INFO - tail hit:0.2056, tail mean rank:955.8582, topn:10.
2021-03-02 00:52:48,414 - root - INFO - avg hit:0.1564, avg mean rank:948.5447, topn:10.
2021-03-02 00:52:52,195 - root - INFO - head hit:0.1055, head mean rank:907.2771, topn:10.
2021-03-02 00:52:52,195 - root - INFO - tail hit:0.2342, tail mean rank:898.8118, topn:10.
2021-03-02 00:52:52,195 - root - INFO - avg hit:0.1698, avg mean rank:903.0445, topn:10.
2021-03-02 00:52:52,197 - root - INFO - No improvement after one epoch. Lowering learning rate.
2021-03-02 00:55:16,487 - root - INFO - rec train loss:0.0406, kg train loss:0.0967!
2021-03-02 00:55:17,490 - root - INFO - f1:0.3476, p:0.4111, r:0.3971, hit:0.8887, ndcg:0.8307, topn:10.
2021-03-02 00:55:18,745 - root - INFO - f1:0.3624, p:0.5751, r:0.3278, hit:0.9523, ndcg:0.9127, topn:10.
2021-03-02 00:55:20,765 - root - INFO - head hit:0.1098, head mean rank:932.0779, topn:10.
2021-03-02 00:55:20,766 - root - INFO - tail hit:0.2248, tail mean rank:957.5364, topn:10.
2021-03-02 00:55:20,766 - root - INFO - avg hit:0.1673, avg mean rank:944.8072, topn:10.
2021-03-02 00:55:24,606 - root - INFO - head hit:0.1079, head mean rank:896.5126, topn:10.
2021-03-02 00:55:24,607 - root - INFO - tail hit:0.2557, tail mean rank:899.4224, topn:10.
2021-03-02 00:55:24,607 - root - INFO - avg hit:0.1818, avg mean rank:897.9675, topn:10.
2021-03-02 00:55:24,608 - root - INFO - No improvement after one epoch. Lowering learning rate.
2021-03-02 00:57:48,734 - root - INFO - rec train loss:0.0350, kg train loss:0.0840!
2021-03-02 00:57:49,785 - root - INFO - f1:0.3477, p:0.4111, r:0.3971, hit:0.8887, ndcg:0.8309, topn:10.
2021-03-02 00:57:50,798 - root - INFO - f1:0.3627, p:0.5754, r:0.3281, hit:0.9523, ndcg:0.9120, topn:10.
2021-03-02 00:57:53,000 - root - INFO - head hit:0.1239, head mean rank:923.9834, topn:10.
2021-03-02 00:57:53,000 - root - INFO - tail hit:0.2337, tail mean rank:956.8263, topn:10.
2021-03-02 00:57:53,000 - root - INFO - avg hit:0.1788, avg mean rank:940.4049, topn:10.
2021-03-02 00:57:56,945 - root - INFO - head hit:0.1128, head mean rank:887.9742, topn:10.
2021-03-02 00:57:56,945 - root - INFO - tail hit:0.2618, tail mean rank:897.9411, topn:10.
2021-03-02 00:57:56,945 - root - INFO - avg hit:0.1873, avg mean rank:892.9577, topn:10.
2021-03-02 00:57:56,947 - root - INFO - No improvement after one epoch. Lowering learning rate.
2021-03-02 01:00:20,714 - root - INFO - rec train loss:0.0344, kg train loss:0.0977!
2021-03-02 01:00:21,768 - root - INFO - f1:0.3481, p:0.4116, r:0.3975, hit:0.8887, ndcg:0.8306, topn:10.
2021-03-02 01:00:22,816 - root - INFO - f1:0.3626, p:0.5753, r:0.3281, hit:0.9523, ndcg:0.9121, topn:10.
2021-03-02 01:00:24,989 - root - INFO - head hit:0.1226, head mean rank:920.3831, topn:10.
2021-03-02 01:00:24,990 - root - INFO - tail hit:0.2388, tail mean rank:949.1392, topn:10.
2021-03-02 01:00:24,990 - root - INFO - avg hit:0.1807, avg mean rank:934.7612, topn:10.
2021-03-02 01:00:28,831 - root - INFO - head hit:0.1153, head mean rank:884.8982, topn:10.
2021-03-02 01:00:28,831 - root - INFO - tail hit:0.2655, tail mean rank:890.7633, topn:10.
2021-03-02 01:00:28,832 - root - INFO - avg hit:0.1904, avg mean rank:887.8308, topn:10.
2021-03-02 01:00:28,833 - root - INFO - Checkpointing ...
2021-03-02 01:02:52,540 - root - INFO - rec train loss:0.0138, kg train loss:0.1000!
2021-03-02 01:02:53,574 - root - INFO - f1:0.3482, p:0.4117, r:0.3976, hit:0.8887, ndcg:0.8305, topn:10.
2021-03-02 01:02:54,664 - root - INFO - f1:0.3626, p:0.5753, r:0.3280, hit:0.9523, ndcg:0.9122, topn:10.
2021-03-02 01:02:56,836 - root - INFO - head hit:0.1239, head mean rank:918.8966, topn:10.
2021-03-02 01:02:56,836 - root - INFO - tail hit:0.2452, tail mean rank:948.7688, topn:10.
2021-03-02 01:02:56,837 - root - INFO - avg hit:0.1845, avg mean rank:933.8327, topn:10.
2021-03-02 01:03:00,647 - root - INFO - head hit:0.1128, head mean rank:882.9123, topn:10.
2021-03-02 01:03:00,647 - root - INFO - tail hit:0.2753, tail mean rank:886.7137, topn:10.
2021-03-02 01:03:00,648 - root - INFO - avg hit:0.1941, avg mean rank:884.8130, topn:10.
2021-03-02 01:03:00,650 - root - INFO - Checkpointing ...
2021-03-02 01:05:24,328 - root - INFO - rec train loss:0.0334, kg train loss:0.1264!
2021-03-02 01:05:25,388 - root - INFO - f1:0.3485, p:0.4121, r:0.3979, hit:0.8887, ndcg:0.8308, topn:10.
2021-03-02 01:05:26,421 - root - INFO - f1:0.3627, p:0.5754, r:0.3282, hit:0.9523, ndcg:0.9116, topn:10.
2021-03-02 01:05:28,550 - root - INFO - head hit:0.1239, head mean rank:918.5581, topn:10.
2021-03-02 01:05:28,550 - root - INFO - tail hit:0.2503, tail mean rank:948.2478, topn:10.
2021-03-02 01:05:28,551 - root - INFO - avg hit:0.1871, avg mean rank:933.4029, topn:10.
2021-03-02 01:05:32,479 - root - INFO - head hit:0.1140, head mean rank:882.3617, topn:10.
2021-03-02 01:05:32,479 - root - INFO - tail hit:0.2796, tail mean rank:885.1845, topn:10.
2021-03-02 01:05:32,480 - root - INFO - avg hit:0.1968, avg mean rank:883.7731, topn:10.
2021-03-02 01:05:32,481 - root - INFO - Checkpointing ...
2021-03-02 01:07:56,128 - root - INFO - rec train loss:0.0201, kg train loss:0.0793!
2021-03-02 01:07:57,183 - root - INFO - f1:0.3482, p:0.4118, r:0.3975, hit:0.8887, ndcg:0.8311, topn:10.
2021-03-02 01:07:58,205 - root - INFO - f1:0.3627, p:0.5754, r:0.3281, hit:0.9523, ndcg:0.9119, topn:10.
2021-03-02 01:08:00,253 - root - INFO - head hit:0.1226, head mean rank:917.9004, topn:10.
2021-03-02 01:08:00,253 - root - INFO - tail hit:0.2567, tail mean rank:943.6117, topn:10.
2021-03-02 01:08:00,253 - root - INFO - avg hit:0.1897, avg mean rank:930.7561, topn:10.
2021-03-02 01:08:04,002 - root - INFO - head hit:0.1159, head mean rank:881.3458, topn:10.
2021-03-02 01:08:04,002 - root - INFO - tail hit:0.2808, tail mean rank:881.6101, topn:10.
2021-03-02 01:08:04,002 - root - INFO - avg hit:0.1983, avg mean rank:881.4779, topn:10.
2021-03-02 01:08:04,004 - root - INFO - No improvement after one epoch. Lowering learning rate.
2021-03-02 01:10:27,612 - root - INFO - rec train loss:0.0293, kg train loss:0.0937!
2021-03-02 01:10:28,601 - root - INFO - f1:0.3482, p:0.4118, r:0.3977, hit:0.8887, ndcg:0.8306, topn:10.
2021-03-02 01:10:29,646 - root - INFO - f1:0.3627, p:0.5755, r:0.3282, hit:0.9523, ndcg:0.9119, topn:10.
2021-03-02 01:10:31,896 - root - INFO - head hit:0.1213, head mean rank:916.5134, topn:10.
2021-03-02 01:10:31,896 - root - INFO - tail hit:0.2554, tail mean rank:941.1341, topn:10.
2021-03-02 01:10:31,896 - root - INFO - avg hit:0.1884, avg mean rank:928.8238, topn:10.
2021-03-02 01:10:35,797 - root - INFO - head hit:0.1147, head mean rank:880.3102, topn:10.
2021-03-02 01:10:35,797 - root - INFO - tail hit:0.2820, tail mean rank:879.7725, topn:10.
2021-03-02 01:10:35,797 - root - INFO - avg hit:0.1983, avg mean rank:880.0414, topn:10.
2021-03-02 01:10:35,798 - root - INFO - No improvement after one epoch. Lowering learning rate.
2021-03-02 01:12:59,405 - root - INFO - rec train loss:0.0216, kg train loss:0.0944!
2021-03-02 01:13:00,475 - root - INFO - f1:0.3482, p:0.4118, r:0.3977, hit:0.8887, ndcg:0.8307, topn:10.
2021-03-02 01:13:01,537 - root - INFO - f1:0.3626, p:0.5754, r:0.3280, hit:0.9523, ndcg:0.9123, topn:10.
2021-03-02 01:13:03,669 - root - INFO - head hit:0.1226, head mean rank:916.2286, topn:10.
2021-03-02 01:13:03,669 - root - INFO - tail hit:0.2567, tail mean rank:940.6973, topn:10.
2021-03-02 01:13:03,670 - root - INFO - avg hit:0.1897, avg mean rank:928.4630, topn:10.
2021-03-02 01:13:07,521 - root - INFO - head hit:0.1140, head mean rank:879.9430, topn:10.
2021-03-02 01:13:07,521 - root - INFO - tail hit:0.2820, tail mean rank:879.2771, topn:10.
2021-03-02 01:13:07,521 - root - INFO - avg hit:0.1980, avg mean rank:879.6101, topn:10.
2021-03-02 01:13:07,522 - root - INFO - No improvement after one epoch. Lowering learning rate.
2021-03-02 01:15:31,727 - root - INFO - rec train loss:0.0292, kg train loss:0.1247!
2021-03-02 01:15:32,712 - root - INFO - f1:0.3482, p:0.4118, r:0.3977, hit:0.8887, ndcg:0.8307, topn:10.
2021-03-02 01:15:33,809 - root - INFO - f1:0.3626, p:0.5754, r:0.3280, hit:0.9523, ndcg:0.9123, topn:10.
2021-03-02 01:15:35,984 - root - INFO - head hit:0.1239, head mean rank:916.0664, topn:10.
2021-03-02 01:15:35,984 - root - INFO - tail hit:0.2567, tail mean rank:940.2976, topn:10.
2021-03-02 01:15:35,984 - root - INFO - avg hit:0.1903, avg mean rank:928.1820, topn:10.
2021-03-02 01:15:39,709 - root - INFO - head hit:0.1140, head mean rank:879.8467, topn:10.
2021-03-02 01:15:39,710 - root - INFO - tail hit:0.2839, tail mean rank:878.9473, topn:10.
2021-03-02 01:15:39,710 - root - INFO - avg hit:0.1990, avg mean rank:879.3970, topn:10.
2021-03-02 01:15:39,711 - root - INFO - No improvement after one epoch. Lowering learning rate.
2021-03-02 01:18:03,482 - root - INFO - rec train loss:0.0236, kg train loss:0.0968!
2021-03-02 01:18:04,524 - root - INFO - f1:0.3482, p:0.4118, r:0.3977, hit:0.8887, ndcg:0.8307, topn:10.
2021-03-02 01:18:05,551 - root - INFO - f1:0.3626, p:0.5754, r:0.3280, hit:0.9523, ndcg:0.9123, topn:10.
2021-03-02 01:18:07,752 - root - INFO - head hit:0.1239, head mean rank:915.9400, topn:10.
2021-03-02 01:18:07,753 - root - INFO - tail hit:0.2567, tail mean rank:940.0690, topn:10.
2021-03-02 01:18:07,753 - root - INFO - avg hit:0.1903, avg mean rank:928.0045, topn:10.
2021-03-02 01:18:11,613 - root - INFO - head hit:0.1153, head mean rank:879.6757, topn:10.
2021-03-02 01:18:11,613 - root - INFO - tail hit:0.2839, tail mean rank:878.6996, topn:10.
2021-03-02 01:18:11,613 - root - INFO - avg hit:0.1996, avg mean rank:879.1876, topn:10.
2021-03-02 01:18:11,615 - root - INFO - No improvement after one epoch. Lowering learning rate.
2021-03-02 01:18:11,639 - root - INFO - No improvement after 51960 steps. Stopping training.
2021-03-02 01:18:13,103 - root - INFO - From CaseRecommender evaluator: {'PREC@10': 0.411771, 'RECALL@10': 0.397659, 'NDCG@10': 0.830746, 'MAP@10': 0.80128, 'MAP': 0.80128}.
2021-03-02 01:18:13,300 - root - INFO - From kg-summ-rec diversity evaluator: {'GENRE_COVERAGE@10': 0.467435, 'GENRE_REDUNDANCY@10': 0.437468, 'ILD_GENRE@10': 0.806651}.
2021-03-02 01:18:14,864 - root - INFO - From CaseRecommender evaluator: {'PREC@10': 0.575398, 'RECALL@10': 0.32802, 'NDCG@10': 0.912349, 'MAP@10': 0.888711, 'MAP': 0.888711}.
2021-03-02 01:18:15,139 - root - INFO - From kg-summ-rec diversity evaluator: {'GENRE_COVERAGE@10': 0.46231, 'GENRE_REDUNDANCY@10': 0.430944, 'ILD_GENRE@10': 0.80279}.
