2021-03-01 21:39:25,380 - root - INFO - Flag Values:
{
    "L1_flag": true,
    "batch_size": 256,
    "ckpt_path": "/home/juarez/git/results/JIIS-revised-exp1/ml-sun_ho_oKG/",
    "clipping_max_value": 5.0,
    "data_path": "/home/juarez/git/datasets/JIIS-revised-exp1/ml-sun_ho_oKG/cao-format/",
    "dataset": "ml1m",
    "early_stopping_steps_to_wait": 24363,
    "embedding_size": 100,
    "eval_interval_steps": 4873,
    "eval_only_mode": false,
    "experiment_name": "ml1m-transe-1614645565",
    "filter_wrong_corrupted": true,
    "has_visualization": false,
    "is_report": false,
    "joint_ratio": 0.5,
    "kg_lambda": 1.0,
    "kg_test_files": "valid.dat:test.dat",
    "l2_lambda": 0.0,
    "learning_rate": 0.001,
    "learning_rate_decay_when_no_progress": 0.5,
    "load_ckpt_file": null,
    "load_experiment_name": null,
    "log_level": "debug",
    "log_path": "/home/juarez/git/results/JIIS-revised-exp1/ml-sun_ho_oKG/",
    "margin": 1.0,
    "max_queue": 10,
    "model_type": "transe",
    "momentum": 0.9,
    "negtive_samples": 1,
    "norm_lambda": 1.0,
    "num_preferences": 4,
    "num_processes": 4,
    "optimizer_type": "Adam",
    "rec_test_files": null,
    "seed": 0,
    "share_embeddings": false,
    "topn": 10,
    "training_steps": 487300,
    "use_st_gumbel": false,
    "visualization_port": 8097
}
2021-03-01 21:39:25,434 - root - INFO - Totally 8618 train triples, 783,1631 eval triples in files: /home/juarez/git/datasets/JIIS-revised-exp1/ml-sun_ho_oKG/cao-format/ml1m/kg/valid.dat;/home/juarez/git/datasets/JIIS-revised-exp1/ml-sun_ho_oKG/cao-format/ml1m/kg/test.dat!
2021-03-01 21:39:25,441 - root - INFO - successfully load 5606 entities and 3 relations!
2021-03-01 21:39:25,455 - root - INFO - Building model.
2021-03-01 21:39:26,786 - root - INFO - Architecture: TransEModel(
  (ent_embeddings): Embedding(5606, 100)
  (rel_embeddings): Embedding(3, 100)
)
2021-03-01 21:39:26,786 - root - INFO - Total params: 560900.0
2021-03-01 21:39:26,787 - root - INFO - One epoch is 34 steps.
2021-03-01 21:39:26,787 - root - INFO - Training.
2021-03-01 21:39:26,787 - root - INFO - train loss:0.0000!
2021-03-01 21:39:28,569 - root - INFO - head hit:0.0000, head mean rank:2704.7944, topn:10.
2021-03-01 21:39:28,569 - root - INFO - tail hit:0.0000, tail mean rank:2582.4444, topn:10.
2021-03-01 21:39:28,570 - root - INFO - avg hit:0.0000, avg mean rank:2643.6194, topn:10.
2021-03-01 21:39:31,859 - root - INFO - head hit:0.0018, head mean rank:2697.6481, topn:10.
2021-03-01 21:39:31,859 - root - INFO - tail hit:0.0006, tail mean rank:2692.9368, topn:10.
2021-03-01 21:39:31,859 - root - INFO - avg hit:0.0012, avg mean rank:2695.2925, topn:10.
2021-03-01 21:39:58,884 - root - INFO - train loss:10.1716!
2021-03-01 21:40:00,384 - root - INFO - head hit:0.0421, head mean rank:1114.0217, topn:10.
2021-03-01 21:40:00,384 - root - INFO - tail hit:0.1724, tail mean rank:851.7292, topn:10.
2021-03-01 21:40:00,384 - root - INFO - avg hit:0.1073, avg mean rank:982.8755, topn:10.
2021-03-01 21:40:03,185 - root - INFO - head hit:0.0466, head mean rank:1146.3961, topn:10.
2021-03-01 21:40:03,185 - root - INFO - tail hit:0.1919, tail mean rank:843.9651, topn:10.
2021-03-01 21:40:03,185 - root - INFO - avg hit:0.1193, avg mean rank:995.1806, topn:10.
2021-03-01 21:40:03,186 - root - INFO - Checkpointing ...
2021-03-01 21:40:28,911 - root - INFO - train loss:0.5463!
2021-03-01 21:40:30,425 - root - INFO - head hit:0.0702, head mean rank:1051.4215, topn:10.
2021-03-01 21:40:30,426 - root - INFO - tail hit:0.2516, tail mean rank:831.0562, topn:10.
2021-03-01 21:40:30,426 - root - INFO - avg hit:0.1609, avg mean rank:941.2388, topn:10.
2021-03-01 21:40:33,239 - root - INFO - head hit:0.0595, head mean rank:1052.0803, topn:10.
2021-03-01 21:40:33,239 - root - INFO - tail hit:0.2477, tail mean rank:759.7051, topn:10.
2021-03-01 21:40:33,240 - root - INFO - avg hit:0.1536, avg mean rank:905.8927, topn:10.
2021-03-01 21:40:33,241 - root - INFO - Checkpointing ...
2021-03-01 21:40:59,066 - root - INFO - train loss:0.3458!
2021-03-01 21:41:00,613 - root - INFO - head hit:0.0690, head mean rank:990.6143, topn:10.
2021-03-01 21:41:00,614 - root - INFO - tail hit:0.2324, tail mean rank:754.8378, topn:10.
2021-03-01 21:41:00,614 - root - INFO - avg hit:0.1507, avg mean rank:872.7261, topn:10.
2021-03-01 21:41:03,455 - root - INFO - head hit:0.0625, head mean rank:1008.8933, topn:10.
2021-03-01 21:41:03,455 - root - INFO - tail hit:0.2434, tail mean rank:693.2888, topn:10.
2021-03-01 21:41:03,455 - root - INFO - avg hit:0.1530, avg mean rank:851.0910, topn:10.
2021-03-01 21:41:03,457 - root - INFO - No improvement after one epoch. Lowering learning rate.
2021-03-01 21:41:28,341 - root - INFO - train loss:0.1075!
2021-03-01 21:41:29,876 - root - INFO - head hit:0.1009, head mean rank:906.8736, topn:10.
2021-03-01 21:41:29,877 - root - INFO - tail hit:0.2937, tail mean rank:690.6322, topn:10.
2021-03-01 21:41:29,877 - root - INFO - avg hit:0.1973, avg mean rank:798.7529, topn:10.
2021-03-01 21:41:32,737 - root - INFO - head hit:0.0926, head mean rank:939.0693, topn:10.
2021-03-01 21:41:32,738 - root - INFO - tail hit:0.2802, tail mean rank:645.6058, topn:10.
2021-03-01 21:41:32,738 - root - INFO - avg hit:0.1864, avg mean rank:792.3375, topn:10.
2021-03-01 21:41:32,739 - root - INFO - Checkpointing ...
2021-03-01 21:41:57,632 - root - INFO - train loss:0.0502!
2021-03-01 21:41:59,163 - root - INFO - head hit:0.1149, head mean rank:890.1686, topn:10.
2021-03-01 21:41:59,164 - root - INFO - tail hit:0.3103, tail mean rank:686.4074, topn:10.
2021-03-01 21:41:59,164 - root - INFO - avg hit:0.2126, avg mean rank:788.2880, topn:10.
2021-03-01 21:42:01,882 - root - INFO - head hit:0.1006, head mean rank:938.2698, topn:10.
2021-03-01 21:42:01,882 - root - INFO - tail hit:0.2869, tail mean rank:635.7541, topn:10.
2021-03-01 21:42:01,882 - root - INFO - avg hit:0.1937, avg mean rank:787.0120, topn:10.
2021-03-01 21:42:01,883 - root - INFO - Checkpointing ...
2021-03-01 21:42:26,623 - root - INFO - train loss:0.0359!
2021-03-01 21:42:28,128 - root - INFO - head hit:0.1239, head mean rank:869.2452, topn:10.
2021-03-01 21:42:28,128 - root - INFO - tail hit:0.2989, tail mean rank:678.6603, topn:10.
2021-03-01 21:42:28,129 - root - INFO - avg hit:0.2114, avg mean rank:773.9527, topn:10.
2021-03-01 21:42:30,769 - root - INFO - head hit:0.1067, head mean rank:908.0178, topn:10.
2021-03-01 21:42:30,770 - root - INFO - tail hit:0.2955, tail mean rank:607.5800, topn:10.
2021-03-01 21:42:30,770 - root - INFO - avg hit:0.2011, avg mean rank:757.7989, topn:10.
2021-03-01 21:42:30,772 - root - INFO - No improvement after one epoch. Lowering learning rate.
2021-03-01 21:42:55,502 - root - INFO - train loss:0.0212!
2021-03-01 21:42:56,998 - root - INFO - head hit:0.1379, head mean rank:860.4163, topn:10.
2021-03-01 21:42:56,998 - root - INFO - tail hit:0.3461, tail mean rank:667.2478, topn:10.
2021-03-01 21:42:56,998 - root - INFO - avg hit:0.2420, avg mean rank:763.8321, topn:10.
2021-03-01 21:42:59,628 - root - INFO - head hit:0.1208, head mean rank:898.3151, topn:10.
2021-03-01 21:42:59,629 - root - INFO - tail hit:0.3243, tail mean rank:604.5193, topn:10.
2021-03-01 21:42:59,629 - root - INFO - avg hit:0.2226, avg mean rank:751.4172, topn:10.
2021-03-01 21:42:59,631 - root - INFO - Checkpointing ...
2021-03-01 21:43:23,513 - root - INFO - train loss:0.0134!
2021-03-01 21:43:25,061 - root - INFO - head hit:0.1341, head mean rank:861.3257, topn:10.
2021-03-01 21:43:25,062 - root - INFO - tail hit:0.3512, tail mean rank:660.1877, topn:10.
2021-03-01 21:43:25,062 - root - INFO - avg hit:0.2427, avg mean rank:760.7567, topn:10.
2021-03-01 21:43:27,895 - root - INFO - head hit:0.1177, head mean rank:907.6413, topn:10.
2021-03-01 21:43:27,896 - root - INFO - tail hit:0.3268, tail mean rank:593.3709, topn:10.
2021-03-01 21:43:27,896 - root - INFO - avg hit:0.2223, avg mean rank:750.5061, topn:10.
2021-03-01 21:43:27,897 - root - INFO - Checkpointing ...
2021-03-01 21:43:52,183 - root - INFO - train loss:0.0099!
2021-03-01 21:43:53,740 - root - INFO - head hit:0.1520, head mean rank:846.6909, topn:10.
2021-03-01 21:43:53,740 - root - INFO - tail hit:0.3614, tail mean rank:660.9425, topn:10.
2021-03-01 21:43:53,741 - root - INFO - avg hit:0.2567, avg mean rank:753.8167, topn:10.
2021-03-01 21:43:56,502 - root - INFO - head hit:0.1208, head mean rank:899.4856, topn:10.
2021-03-01 21:43:56,503 - root - INFO - tail hit:0.3354, tail mean rank:595.7370, topn:10.
2021-03-01 21:43:56,503 - root - INFO - avg hit:0.2281, avg mean rank:747.6113, topn:10.
2021-03-01 21:43:56,504 - root - INFO - Checkpointing ...
2021-03-01 21:44:21,589 - root - INFO - train loss:0.0080!
2021-03-01 21:44:23,145 - root - INFO - head hit:0.1430, head mean rank:854.3193, topn:10.
2021-03-01 21:44:23,145 - root - INFO - tail hit:0.3716, tail mean rank:662.7407, topn:10.
2021-03-01 21:44:23,145 - root - INFO - avg hit:0.2573, avg mean rank:758.5300, topn:10.
2021-03-01 21:44:25,951 - root - INFO - head hit:0.1251, head mean rank:897.8050, topn:10.
2021-03-01 21:44:25,951 - root - INFO - tail hit:0.3513, tail mean rank:593.7830, topn:10.
2021-03-01 21:44:25,951 - root - INFO - avg hit:0.2382, avg mean rank:745.7940, topn:10.
2021-03-01 21:44:25,953 - root - INFO - Checkpointing ...
2021-03-01 21:44:50,744 - root - INFO - train loss:0.0068!
2021-03-01 21:44:52,287 - root - INFO - head hit:0.1418, head mean rank:844.7471, topn:10.
2021-03-01 21:44:52,287 - root - INFO - tail hit:0.3614, tail mean rank:668.6156, topn:10.
2021-03-01 21:44:52,287 - root - INFO - avg hit:0.2516, avg mean rank:756.6814, topn:10.
2021-03-01 21:44:55,004 - root - INFO - head hit:0.1269, head mean rank:887.7364, topn:10.
2021-03-01 21:44:55,005 - root - INFO - tail hit:0.3360, tail mean rank:604.2716, topn:10.
2021-03-01 21:44:55,005 - root - INFO - avg hit:0.2315, avg mean rank:746.0040, topn:10.
2021-03-01 21:44:55,006 - root - INFO - No improvement after one epoch. Lowering learning rate.
2021-03-01 21:45:19,818 - root - INFO - train loss:0.0048!
2021-03-01 21:45:21,231 - root - INFO - head hit:0.1456, head mean rank:828.4508, topn:10.
2021-03-01 21:45:21,231 - root - INFO - tail hit:0.3589, tail mean rank:648.4649, topn:10.
2021-03-01 21:45:21,231 - root - INFO - avg hit:0.2522, avg mean rank:738.4579, topn:10.
2021-03-01 21:45:23,997 - root - INFO - head hit:0.1269, head mean rank:869.4365, topn:10.
2021-03-01 21:45:23,997 - root - INFO - tail hit:0.3403, tail mean rank:589.4831, topn:10.
2021-03-01 21:45:23,997 - root - INFO - avg hit:0.2336, avg mean rank:729.4598, topn:10.
2021-03-01 21:45:23,998 - root - INFO - No improvement after one epoch. Lowering learning rate.
2021-03-01 21:45:48,017 - root - INFO - train loss:0.0037!
2021-03-01 21:45:49,494 - root - INFO - head hit:0.1494, head mean rank:831.0971, topn:10.
2021-03-01 21:45:49,494 - root - INFO - tail hit:0.3653, tail mean rank:648.5607, topn:10.
2021-03-01 21:45:49,494 - root - INFO - avg hit:0.2573, avg mean rank:739.8289, topn:10.
2021-03-01 21:45:52,308 - root - INFO - head hit:0.1294, head mean rank:873.2477, topn:10.
2021-03-01 21:45:52,308 - root - INFO - tail hit:0.3415, tail mean rank:589.4488, topn:10.
2021-03-01 21:45:52,309 - root - INFO - avg hit:0.2354, avg mean rank:731.3483, topn:10.
2021-03-01 21:45:52,310 - root - INFO - No improvement after one epoch. Lowering learning rate.
2021-03-01 21:46:16,642 - root - INFO - train loss:0.0039!
2021-03-01 21:46:18,178 - root - INFO - head hit:0.1507, head mean rank:831.4802, topn:10.
2021-03-01 21:46:18,179 - root - INFO - tail hit:0.3653, tail mean rank:647.2069, topn:10.
2021-03-01 21:46:18,179 - root - INFO - avg hit:0.2580, avg mean rank:739.3436, topn:10.
2021-03-01 21:46:20,818 - root - INFO - head hit:0.1343, head mean rank:873.2017, topn:10.
2021-03-01 21:46:20,819 - root - INFO - tail hit:0.3440, tail mean rank:587.3262, topn:10.
2021-03-01 21:46:20,819 - root - INFO - avg hit:0.2391, avg mean rank:730.2639, topn:10.
2021-03-01 21:46:20,820 - root - INFO - Checkpointing ...
2021-03-01 21:46:45,212 - root - INFO - train loss:0.0030!
2021-03-01 21:46:46,666 - root - INFO - head hit:0.1533, head mean rank:831.9183, topn:10.
2021-03-01 21:46:46,666 - root - INFO - tail hit:0.3678, tail mean rank:648.5773, topn:10.
2021-03-01 21:46:46,667 - root - INFO - avg hit:0.2605, avg mean rank:740.2478, topn:10.
2021-03-01 21:46:49,469 - root - INFO - head hit:0.1373, head mean rank:873.7928, topn:10.
2021-03-01 21:46:49,469 - root - INFO - tail hit:0.3464, tail mean rank:588.6726, topn:10.
2021-03-01 21:46:49,469 - root - INFO - avg hit:0.2419, avg mean rank:731.2327, topn:10.
2021-03-01 21:46:49,471 - root - INFO - Checkpointing ...
2021-03-01 21:47:14,064 - root - INFO - train loss:0.0025!
2021-03-01 21:47:15,604 - root - INFO - head hit:0.1545, head mean rank:831.1992, topn:10.
2021-03-01 21:47:15,605 - root - INFO - tail hit:0.3716, tail mean rank:648.6679, topn:10.
2021-03-01 21:47:15,605 - root - INFO - avg hit:0.2631, avg mean rank:739.9336, topn:10.
2021-03-01 21:47:18,585 - root - INFO - head hit:0.1367, head mean rank:874.0699, topn:10.
2021-03-01 21:47:18,586 - root - INFO - tail hit:0.3507, tail mean rank:588.4059, topn:10.
2021-03-01 21:47:18,586 - root - INFO - avg hit:0.2437, avg mean rank:731.2379, topn:10.
2021-03-01 21:47:18,587 - root - INFO - Checkpointing ...
2021-03-01 21:47:43,165 - root - INFO - train loss:0.0023!
2021-03-01 21:47:44,682 - root - INFO - head hit:0.1571, head mean rank:834.6935, topn:10.
2021-03-01 21:47:44,682 - root - INFO - tail hit:0.3768, tail mean rank:649.2631, topn:10.
2021-03-01 21:47:44,683 - root - INFO - avg hit:0.2669, avg mean rank:741.9783, topn:10.
2021-03-01 21:47:47,374 - root - INFO - head hit:0.1349, head mean rank:877.4439, topn:10.
2021-03-01 21:47:47,374 - root - INFO - tail hit:0.3513, tail mean rank:588.2465, topn:10.
2021-03-01 21:47:47,374 - root - INFO - avg hit:0.2431, avg mean rank:732.8452, topn:10.
2021-03-01 21:47:47,376 - root - INFO - Checkpointing ...
2021-03-01 21:48:12,763 - root - INFO - train loss:0.0021!
2021-03-01 21:48:14,270 - root - INFO - head hit:0.1571, head mean rank:832.5607, topn:10.
2021-03-01 21:48:14,270 - root - INFO - tail hit:0.3755, tail mean rank:649.5466, topn:10.
2021-03-01 21:48:14,271 - root - INFO - avg hit:0.2663, avg mean rank:741.0536, topn:10.
2021-03-01 21:48:17,140 - root - INFO - head hit:0.1349, head mean rank:875.2121, topn:10.
2021-03-01 21:48:17,141 - root - INFO - tail hit:0.3538, tail mean rank:587.4188, topn:10.
2021-03-01 21:48:17,141 - root - INFO - avg hit:0.2443, avg mean rank:731.3155, topn:10.
2021-03-01 21:48:17,143 - root - INFO - No improvement after one epoch. Lowering learning rate.
2021-03-01 21:48:41,553 - root - INFO - train loss:0.0020!
2021-03-01 21:48:43,083 - root - INFO - head hit:0.1545, head mean rank:833.4955, topn:10.
2021-03-01 21:48:43,083 - root - INFO - tail hit:0.3793, tail mean rank:649.1635, topn:10.
2021-03-01 21:48:43,084 - root - INFO - avg hit:0.2669, avg mean rank:741.3295, topn:10.
2021-03-01 21:48:45,744 - root - INFO - head hit:0.1318, head mean rank:876.5610, topn:10.
2021-03-01 21:48:45,744 - root - INFO - tail hit:0.3532, tail mean rank:587.0098, topn:10.
2021-03-01 21:48:45,744 - root - INFO - avg hit:0.2425, avg mean rank:731.7854, topn:10.
2021-03-01 21:48:45,746 - root - INFO - No improvement after one epoch. Lowering learning rate.
2021-03-01 21:49:10,107 - root - INFO - train loss:0.0015!
2021-03-01 21:49:11,618 - root - INFO - head hit:0.1558, head mean rank:832.9911, topn:10.
2021-03-01 21:49:11,618 - root - INFO - tail hit:0.3793, tail mean rank:649.1801, topn:10.
2021-03-01 21:49:11,618 - root - INFO - avg hit:0.2676, avg mean rank:741.0856, topn:10.
2021-03-01 21:49:14,386 - root - INFO - head hit:0.1324, head mean rank:876.1735, topn:10.
2021-03-01 21:49:14,386 - root - INFO - tail hit:0.3532, tail mean rank:586.6162, topn:10.
2021-03-01 21:49:14,386 - root - INFO - avg hit:0.2428, avg mean rank:731.3948, topn:10.
2021-03-01 21:49:14,388 - root - INFO - Checkpointing ...
2021-03-01 21:49:38,811 - root - INFO - train loss:0.0025!
2021-03-01 21:49:40,265 - root - INFO - head hit:0.1558, head mean rank:832.7178, topn:10.
2021-03-01 21:49:40,265 - root - INFO - tail hit:0.3806, tail mean rank:648.9298, topn:10.
2021-03-01 21:49:40,266 - root - INFO - avg hit:0.2682, avg mean rank:740.8238, topn:10.
2021-03-01 21:49:42,841 - root - INFO - head hit:0.1343, head mean rank:876.0950, topn:10.
2021-03-01 21:49:42,841 - root - INFO - tail hit:0.3532, tail mean rank:586.5199, topn:10.
2021-03-01 21:49:42,841 - root - INFO - avg hit:0.2437, avg mean rank:731.3075, topn:10.
2021-03-01 21:49:42,842 - root - INFO - Checkpointing ...
2021-03-01 21:50:07,892 - root - INFO - train loss:0.0020!
2021-03-01 21:50:09,357 - root - INFO - head hit:0.1545, head mean rank:832.6513, topn:10.
2021-03-01 21:50:09,358 - root - INFO - tail hit:0.3793, tail mean rank:648.4470, topn:10.
2021-03-01 21:50:09,358 - root - INFO - avg hit:0.2669, avg mean rank:740.5492, topn:10.
2021-03-01 21:50:12,072 - root - INFO - head hit:0.1337, head mean rank:876.3268, topn:10.
2021-03-01 21:50:12,072 - root - INFO - tail hit:0.3538, tail mean rank:586.0822, topn:10.
2021-03-01 21:50:12,073 - root - INFO - avg hit:0.2437, avg mean rank:731.2045, topn:10.
2021-03-01 21:50:12,074 - root - INFO - No improvement after one epoch. Lowering learning rate.
2021-03-01 21:50:36,707 - root - INFO - train loss:0.0016!
2021-03-01 21:50:38,232 - root - INFO - head hit:0.1545, head mean rank:832.4176, topn:10.
2021-03-01 21:50:38,233 - root - INFO - tail hit:0.3793, tail mean rank:648.3142, topn:10.
2021-03-01 21:50:38,233 - root - INFO - avg hit:0.2669, avg mean rank:740.3659, topn:10.
2021-03-01 21:50:40,966 - root - INFO - head hit:0.1337, head mean rank:876.2446, topn:10.
2021-03-01 21:50:40,966 - root - INFO - tail hit:0.3538, tail mean rank:585.9044, topn:10.
2021-03-01 21:50:40,966 - root - INFO - avg hit:0.2437, avg mean rank:731.0745, topn:10.
2021-03-01 21:50:40,968 - root - INFO - No improvement after one epoch. Lowering learning rate.
2021-03-01 21:51:06,322 - root - INFO - train loss:0.0021!
2021-03-01 21:51:07,836 - root - INFO - head hit:0.1545, head mean rank:832.4623, topn:10.
2021-03-01 21:51:07,837 - root - INFO - tail hit:0.3793, tail mean rank:648.2133, topn:10.
2021-03-01 21:51:07,837 - root - INFO - avg hit:0.2669, avg mean rank:740.3378, topn:10.
2021-03-01 21:51:10,637 - root - INFO - head hit:0.1337, head mean rank:876.2814, topn:10.
2021-03-01 21:51:10,637 - root - INFO - tail hit:0.3538, tail mean rank:585.7897, topn:10.
2021-03-01 21:51:10,637 - root - INFO - avg hit:0.2437, avg mean rank:731.0356, topn:10.
2021-03-01 21:51:10,638 - root - INFO - No improvement after one epoch. Lowering learning rate.
2021-03-01 21:51:34,896 - root - INFO - train loss:0.0014!
2021-03-01 21:51:36,396 - root - INFO - head hit:0.1545, head mean rank:832.4904, topn:10.
2021-03-01 21:51:36,396 - root - INFO - tail hit:0.3793, tail mean rank:648.2146, topn:10.
2021-03-01 21:51:36,397 - root - INFO - avg hit:0.2669, avg mean rank:740.3525, topn:10.
2021-03-01 21:51:39,177 - root - INFO - head hit:0.1337, head mean rank:876.2544, topn:10.
2021-03-01 21:51:39,178 - root - INFO - tail hit:0.3544, tail mean rank:585.7032, topn:10.
2021-03-01 21:51:39,178 - root - INFO - avg hit:0.2440, avg mean rank:730.9788, topn:10.
2021-03-01 21:51:39,179 - root - INFO - No improvement after one epoch. Lowering learning rate.
2021-03-01 21:52:04,015 - root - INFO - No improvement after 24363 steps. Stopping training.
