2021-03-26 09:12:04,929 - root - INFO - Flag Values:
{
    "L1_flag": true,
    "batch_size": 256,
    "ckpt_path": "/home/juarez/git/results/JIIS-revised-exp3/ml-cao_ho_sKG_ig-sv-complex-25/",
    "clipping_max_value": 5.0,
    "data_path": "/home/juarez/git/datasets/JIIS-revised-exp3/ml-cao_ho_sKG_ig-sv-complex-25/cao-format/",
    "dataset": "ml1m",
    "early_stopping_steps_to_wait": 45750,
    "embedding_size": 100,
    "eval_interval_steps": 9150,
    "eval_only_mode": false,
    "experiment_name": "ml1m-transe-1616760724",
    "filter_wrong_corrupted": true,
    "has_visualization": false,
    "is_report": false,
    "joint_ratio": 0.5,
    "kg_lambda": 1.0,
    "kg_test_files": "valid.dat:test.dat",
    "l2_lambda": 0.0,
    "learning_rate": 0.001,
    "learning_rate_decay_when_no_progress": 0.5,
    "load_ckpt_file": null,
    "load_experiment_name": null,
    "log_level": "debug",
    "log_path": "/home/juarez/git/results/JIIS-revised-exp3/ml-cao_ho_sKG_ig-sv-complex-25/",
    "margin": 1.0,
    "max_queue": 10,
    "model_type": "transe",
    "momentum": 0.9,
    "negtive_samples": 1,
    "norm_lambda": 1.0,
    "num_preferences": 4,
    "num_processes": 4,
    "optimizer_type": "Adam",
    "rec_test_files": null,
    "seed": 0,
    "share_embeddings": false,
    "topn": 10,
    "training_steps": 915000,
    "use_st_gumbel": false,
    "visualization_port": 8097
}
2021-03-26 09:12:06,018 - root - INFO - Totally 221711 train triples, 31673,63342 eval triples in files: /home/juarez/git/datasets/JIIS-revised-exp3/ml-cao_ho_sKG_ig-sv-complex-25/cao-format/ml1m/kg/valid.dat;/home/juarez/git/datasets/JIIS-revised-exp3/ml-cao_ho_sKG_ig-sv-complex-25/cao-format/ml1m/kg/test.dat!
2021-03-26 09:12:06,024 - root - INFO - successfully load 6122 entities and 20 relations!
2021-03-26 09:12:06,235 - root - INFO - Building model.
2021-03-26 09:12:07,648 - root - INFO - Architecture: TransEModel(
  (ent_embeddings): Embedding(6122, 100)
  (rel_embeddings): Embedding(20, 100)
)
2021-03-26 09:12:07,648 - root - INFO - Total params: 614200.0
2021-03-26 09:12:07,648 - root - INFO - One epoch is 867 steps.
2021-03-26 09:12:07,648 - root - INFO - Training.
2021-03-26 09:12:07,648 - root - INFO - train loss:0.0000!
2021-03-26 09:12:43,252 - root - INFO - head hit:0.0018, head mean rank:2956.6439, topn:10.
2021-03-26 09:12:43,252 - root - INFO - tail hit:0.0015, tail mean rank:3000.2905, topn:10.
2021-03-26 09:12:43,252 - root - INFO - avg hit:0.0017, avg mean rank:2978.4672, topn:10.
2021-03-26 09:13:34,679 - root - INFO - head hit:0.0014, head mean rank:2944.7164, topn:10.
2021-03-26 09:13:34,679 - root - INFO - tail hit:0.0015, tail mean rank:2976.1623, topn:10.
2021-03-26 09:13:34,679 - root - INFO - avg hit:0.0014, avg mean rank:2960.4393, topn:10.
2021-03-26 09:14:27,311 - root - INFO - train loss:74.5336!
2021-03-26 09:14:58,007 - root - INFO - head hit:0.0838, head mean rank:640.9500, topn:10.
2021-03-26 09:14:58,007 - root - INFO - tail hit:0.1629, tail mean rank:524.3537, topn:10.
2021-03-26 09:14:58,007 - root - INFO - avg hit:0.1234, avg mean rank:582.6519, topn:10.
2021-03-26 09:15:42,417 - root - INFO - head hit:0.0841, head mean rank:639.9782, topn:10.
2021-03-26 09:15:42,417 - root - INFO - tail hit:0.1607, tail mean rank:532.7197, topn:10.
2021-03-26 09:15:42,417 - root - INFO - avg hit:0.1224, avg mean rank:586.3489, topn:10.
2021-03-26 09:15:42,449 - root - INFO - Checkpointing ...
2021-03-26 09:16:32,469 - root - INFO - train loss:28.8827!
2021-03-26 09:17:03,503 - root - INFO - head hit:0.1096, head mean rank:513.0619, topn:10.
2021-03-26 09:17:03,503 - root - INFO - tail hit:0.1950, tail mean rank:433.3226, topn:10.
2021-03-26 09:17:03,503 - root - INFO - avg hit:0.1523, avg mean rank:473.1922, topn:10.
2021-03-26 09:17:47,210 - root - INFO - head hit:0.1118, head mean rank:513.1641, topn:10.
2021-03-26 09:17:47,210 - root - INFO - tail hit:0.1941, tail mean rank:439.2881, topn:10.
2021-03-26 09:17:47,210 - root - INFO - avg hit:0.1530, avg mean rank:476.2261, topn:10.
2021-03-26 09:17:47,239 - root - INFO - Checkpointing ...
2021-03-26 09:18:36,487 - root - INFO - train loss:24.0979!
2021-03-26 09:19:06,695 - root - INFO - head hit:0.1249, head mean rank:467.0112, topn:10.
2021-03-26 09:19:06,695 - root - INFO - tail hit:0.2091, tail mean rank:406.9189, topn:10.
2021-03-26 09:19:06,695 - root - INFO - avg hit:0.1670, avg mean rank:436.9651, topn:10.
2021-03-26 09:19:51,200 - root - INFO - head hit:0.1278, head mean rank:469.1870, topn:10.
2021-03-26 09:19:51,201 - root - INFO - tail hit:0.2071, tail mean rank:413.8899, topn:10.
2021-03-26 09:19:51,201 - root - INFO - avg hit:0.1675, avg mean rank:441.5385, topn:10.
2021-03-26 09:19:51,232 - root - INFO - Checkpointing ...
2021-03-26 09:20:44,440 - root - INFO - train loss:22.2866!
2021-03-26 09:21:15,435 - root - INFO - head hit:0.1337, head mean rank:455.5998, topn:10.
2021-03-26 09:21:15,435 - root - INFO - tail hit:0.2256, tail mean rank:400.1052, topn:10.
2021-03-26 09:21:15,435 - root - INFO - avg hit:0.1797, avg mean rank:427.8525, topn:10.
2021-03-26 09:21:58,717 - root - INFO - head hit:0.1341, head mean rank:455.9256, topn:10.
2021-03-26 09:21:58,717 - root - INFO - tail hit:0.2247, tail mean rank:405.4433, topn:10.
2021-03-26 09:21:58,717 - root - INFO - avg hit:0.1794, avg mean rank:430.6845, topn:10.
2021-03-26 09:21:58,749 - root - INFO - Checkpointing ...
2021-03-26 09:22:50,975 - root - INFO - train loss:21.2193!
2021-03-26 09:23:22,102 - root - INFO - head hit:0.1382, head mean rank:447.9100, topn:10.
2021-03-26 09:23:22,102 - root - INFO - tail hit:0.2276, tail mean rank:388.2734, topn:10.
2021-03-26 09:23:22,102 - root - INFO - avg hit:0.1829, avg mean rank:418.0917, topn:10.
2021-03-26 09:24:06,274 - root - INFO - head hit:0.1416, head mean rank:452.2845, topn:10.
2021-03-26 09:24:06,274 - root - INFO - tail hit:0.2300, tail mean rank:397.4356, topn:10.
2021-03-26 09:24:06,278 - root - INFO - avg hit:0.1858, avg mean rank:424.8601, topn:10.
2021-03-26 09:24:06,307 - root - INFO - Checkpointing ...
2021-03-26 09:24:59,069 - root - INFO - train loss:20.5931!
2021-03-26 09:25:29,940 - root - INFO - head hit:0.1450, head mean rank:443.1630, topn:10.
2021-03-26 09:25:29,941 - root - INFO - tail hit:0.2273, tail mean rank:392.0523, topn:10.
2021-03-26 09:25:29,941 - root - INFO - avg hit:0.1862, avg mean rank:417.6076, topn:10.
2021-03-26 09:26:14,291 - root - INFO - head hit:0.1469, head mean rank:445.6284, topn:10.
2021-03-26 09:26:14,292 - root - INFO - tail hit:0.2274, tail mean rank:402.0678, topn:10.
2021-03-26 09:26:14,292 - root - INFO - avg hit:0.1872, avg mean rank:423.8481, topn:10.
2021-03-26 09:26:14,323 - root - INFO - Checkpointing ...
2021-03-26 09:27:06,213 - root - INFO - train loss:20.1798!
2021-03-26 09:27:36,285 - root - INFO - head hit:0.1426, head mean rank:442.2205, topn:10.
2021-03-26 09:27:36,285 - root - INFO - tail hit:0.2265, tail mean rank:385.2299, topn:10.
2021-03-26 09:27:36,285 - root - INFO - avg hit:0.1845, avg mean rank:413.7252, topn:10.
2021-03-26 09:28:19,672 - root - INFO - head hit:0.1462, head mean rank:440.0378, topn:10.
2021-03-26 09:28:19,672 - root - INFO - tail hit:0.2311, tail mean rank:388.2639, topn:10.
2021-03-26 09:28:19,672 - root - INFO - avg hit:0.1887, avg mean rank:414.1509, topn:10.
2021-03-26 09:28:19,703 - root - INFO - No improvement after one epoch. Lowering learning rate.
2021-03-26 09:29:08,002 - root - INFO - train loss:13.6116!
2021-03-26 09:29:38,482 - root - INFO - head hit:0.1827, head mean rank:374.2959, topn:10.
2021-03-26 09:29:38,483 - root - INFO - tail hit:0.2746, tail mean rank:336.7440, topn:10.
2021-03-26 09:29:38,483 - root - INFO - avg hit:0.2286, avg mean rank:355.5200, topn:10.
2021-03-26 09:30:21,939 - root - INFO - head hit:0.1870, head mean rank:368.5387, topn:10.
2021-03-26 09:30:21,939 - root - INFO - tail hit:0.2813, tail mean rank:339.8563, topn:10.
2021-03-26 09:30:21,939 - root - INFO - avg hit:0.2341, avg mean rank:354.1975, topn:10.
2021-03-26 09:30:21,969 - root - INFO - Checkpointing ...
2021-03-26 09:31:12,489 - root - INFO - train loss:11.9586!
2021-03-26 09:31:42,757 - root - INFO - head hit:0.1943, head mean rank:368.0625, topn:10.
2021-03-26 09:31:42,758 - root - INFO - tail hit:0.2885, tail mean rank:332.4828, topn:10.
2021-03-26 09:31:42,758 - root - INFO - avg hit:0.2414, avg mean rank:350.2726, topn:10.
2021-03-26 09:32:26,026 - root - INFO - head hit:0.1953, head mean rank:365.3985, topn:10.
2021-03-26 09:32:26,026 - root - INFO - tail hit:0.2856, tail mean rank:338.9608, topn:10.
2021-03-26 09:32:26,026 - root - INFO - avg hit:0.2404, avg mean rank:352.1797, topn:10.
2021-03-26 09:32:26,058 - root - INFO - Checkpointing ...
2021-03-26 09:33:15,544 - root - INFO - train loss:11.4359!
2021-03-26 09:33:46,474 - root - INFO - head hit:0.1940, head mean rank:367.9854, topn:10.
2021-03-26 09:33:46,475 - root - INFO - tail hit:0.2870, tail mean rank:334.3103, topn:10.
2021-03-26 09:33:46,475 - root - INFO - avg hit:0.2405, avg mean rank:351.1479, topn:10.
2021-03-26 09:34:29,321 - root - INFO - head hit:0.1977, head mean rank:362.1193, topn:10.
2021-03-26 09:34:29,321 - root - INFO - tail hit:0.2917, tail mean rank:336.5456, topn:10.
2021-03-26 09:34:29,322 - root - INFO - avg hit:0.2447, avg mean rank:349.3324, topn:10.
2021-03-26 09:34:29,346 - root - INFO - No improvement after one epoch. Lowering learning rate.
2021-03-26 09:35:19,897 - root - INFO - train loss:8.9279!
2021-03-26 09:35:50,427 - root - INFO - head hit:0.2225, head mean rank:337.8480, topn:10.
2021-03-26 09:35:50,428 - root - INFO - tail hit:0.3186, tail mean rank:311.6265, topn:10.
2021-03-26 09:35:50,428 - root - INFO - avg hit:0.2705, avg mean rank:324.7373, topn:10.
2021-03-26 09:36:34,419 - root - INFO - head hit:0.2250, head mean rank:337.6138, topn:10.
2021-03-26 09:36:34,419 - root - INFO - tail hit:0.3212, tail mean rank:314.9831, topn:10.
2021-03-26 09:36:34,419 - root - INFO - avg hit:0.2731, avg mean rank:326.2984, topn:10.
2021-03-26 09:36:34,450 - root - INFO - Checkpointing ...
2021-03-26 09:37:26,548 - root - INFO - train loss:8.0039!
2021-03-26 09:37:56,728 - root - INFO - head hit:0.2305, head mean rank:336.9038, topn:10.
2021-03-26 09:37:56,728 - root - INFO - tail hit:0.3259, tail mean rank:311.4218, topn:10.
2021-03-26 09:37:56,728 - root - INFO - avg hit:0.2782, avg mean rank:324.1628, topn:10.
2021-03-26 09:38:39,682 - root - INFO - head hit:0.2321, head mean rank:336.0005, topn:10.
2021-03-26 09:38:39,682 - root - INFO - tail hit:0.3314, tail mean rank:313.9219, topn:10.
2021-03-26 09:38:39,682 - root - INFO - avg hit:0.2818, avg mean rank:324.9612, topn:10.
2021-03-26 09:38:39,712 - root - INFO - Checkpointing ...
2021-03-26 09:39:30,370 - root - INFO - train loss:7.6992!
2021-03-26 09:40:00,674 - root - INFO - head hit:0.2366, head mean rank:338.8802, topn:10.
2021-03-26 09:40:00,674 - root - INFO - tail hit:0.3339, tail mean rank:315.1240, topn:10.
2021-03-26 09:40:00,674 - root - INFO - avg hit:0.2852, avg mean rank:327.0021, topn:10.
2021-03-26 09:40:44,198 - root - INFO - head hit:0.2379, head mean rank:335.4127, topn:10.
2021-03-26 09:40:44,198 - root - INFO - tail hit:0.3348, tail mean rank:315.3502, topn:10.
2021-03-26 09:40:44,198 - root - INFO - avg hit:0.2863, avg mean rank:325.3815, topn:10.
2021-03-26 09:40:44,228 - root - INFO - Checkpointing ...
2021-03-26 09:41:32,960 - root - INFO - train loss:7.5002!
2021-03-26 09:42:03,500 - root - INFO - head hit:0.2400, head mean rank:339.1364, topn:10.
2021-03-26 09:42:03,500 - root - INFO - tail hit:0.3374, tail mean rank:314.9263, topn:10.
2021-03-26 09:42:03,500 - root - INFO - avg hit:0.2887, avg mean rank:327.0314, topn:10.
2021-03-26 09:42:46,406 - root - INFO - head hit:0.2365, head mean rank:334.8619, topn:10.
2021-03-26 09:42:46,406 - root - INFO - tail hit:0.3382, tail mean rank:316.0087, topn:10.
2021-03-26 09:42:46,406 - root - INFO - avg hit:0.2874, avg mean rank:325.4353, topn:10.
2021-03-26 09:42:46,436 - root - INFO - Checkpointing ...
2021-03-26 09:43:38,856 - root - INFO - train loss:7.4045!
2021-03-26 09:44:08,828 - root - INFO - head hit:0.2426, head mean rank:338.4889, topn:10.
2021-03-26 09:44:08,829 - root - INFO - tail hit:0.3368, tail mean rank:313.1567, topn:10.
2021-03-26 09:44:08,829 - root - INFO - avg hit:0.2897, avg mean rank:325.8228, topn:10.
2021-03-26 09:44:51,973 - root - INFO - head hit:0.2409, head mean rank:337.4740, topn:10.
2021-03-26 09:44:51,973 - root - INFO - tail hit:0.3382, tail mean rank:316.4958, topn:10.
2021-03-26 09:44:51,973 - root - INFO - avg hit:0.2896, avg mean rank:326.9849, topn:10.
2021-03-26 09:44:52,004 - root - INFO - Checkpointing ...
2021-03-26 09:45:41,364 - root - INFO - train loss:7.2767!
2021-03-26 09:46:11,437 - root - INFO - head hit:0.2455, head mean rank:336.5096, topn:10.
2021-03-26 09:46:11,437 - root - INFO - tail hit:0.3399, tail mean rank:314.5466, topn:10.
2021-03-26 09:46:11,437 - root - INFO - avg hit:0.2927, avg mean rank:325.5281, topn:10.
2021-03-26 09:46:54,365 - root - INFO - head hit:0.2429, head mean rank:335.9120, topn:10.
2021-03-26 09:46:54,365 - root - INFO - tail hit:0.3414, tail mean rank:317.0271, topn:10.
2021-03-26 09:46:54,365 - root - INFO - avg hit:0.2921, avg mean rank:326.4695, topn:10.
2021-03-26 09:46:54,396 - root - INFO - Checkpointing ...
2021-03-26 09:47:44,151 - root - INFO - train loss:7.1729!
2021-03-26 09:48:14,010 - root - INFO - head hit:0.2475, head mean rank:336.9155, topn:10.
2021-03-26 09:48:14,010 - root - INFO - tail hit:0.3432, tail mean rank:315.0931, topn:10.
2021-03-26 09:48:14,010 - root - INFO - avg hit:0.2953, avg mean rank:326.0043, topn:10.
2021-03-26 09:48:58,938 - root - INFO - head hit:0.2464, head mean rank:336.6949, topn:10.
2021-03-26 09:48:58,938 - root - INFO - tail hit:0.3435, tail mean rank:318.6007, topn:10.
2021-03-26 09:48:58,938 - root - INFO - avg hit:0.2949, avg mean rank:327.6478, topn:10.
2021-03-26 09:48:58,970 - root - INFO - Checkpointing ...
2021-03-26 09:49:47,362 - root - INFO - train loss:7.0964!
2021-03-26 09:50:17,467 - root - INFO - head hit:0.2501, head mean rank:339.1205, topn:10.
2021-03-26 09:50:17,467 - root - INFO - tail hit:0.3428, tail mean rank:316.2277, topn:10.
2021-03-26 09:50:17,467 - root - INFO - avg hit:0.2965, avg mean rank:327.6741, topn:10.
2021-03-26 09:51:00,959 - root - INFO - head hit:0.2489, head mean rank:337.3522, topn:10.
2021-03-26 09:51:00,959 - root - INFO - tail hit:0.3435, tail mean rank:318.4633, topn:10.
2021-03-26 09:51:00,959 - root - INFO - avg hit:0.2962, avg mean rank:327.9077, topn:10.
2021-03-26 09:51:00,989 - root - INFO - Checkpointing ...
2021-03-26 09:51:52,341 - root - INFO - train loss:7.0422!
2021-03-26 09:52:23,078 - root - INFO - head hit:0.2500, head mean rank:339.0422, topn:10.
2021-03-26 09:52:23,078 - root - INFO - tail hit:0.3450, tail mean rank:316.0677, topn:10.
2021-03-26 09:52:23,078 - root - INFO - avg hit:0.2975, avg mean rank:327.5550, topn:10.
2021-03-26 09:53:06,323 - root - INFO - head hit:0.2480, head mean rank:337.2377, topn:10.
2021-03-26 09:53:06,324 - root - INFO - tail hit:0.3465, tail mean rank:318.9412, topn:10.
2021-03-26 09:53:06,324 - root - INFO - avg hit:0.2972, avg mean rank:328.0894, topn:10.
2021-03-26 09:53:06,355 - root - INFO - Checkpointing ...
2021-03-26 09:53:58,214 - root - INFO - train loss:7.0192!
2021-03-26 09:54:28,345 - root - INFO - head hit:0.2526, head mean rank:339.6850, topn:10.
2021-03-26 09:54:28,345 - root - INFO - tail hit:0.3451, tail mean rank:316.2716, topn:10.
2021-03-26 09:54:28,345 - root - INFO - avg hit:0.2989, avg mean rank:327.9783, topn:10.
2021-03-26 09:55:12,506 - root - INFO - head hit:0.2491, head mean rank:337.8437, topn:10.
2021-03-26 09:55:12,506 - root - INFO - tail hit:0.3463, tail mean rank:319.8084, topn:10.
2021-03-26 09:55:12,506 - root - INFO - avg hit:0.2977, avg mean rank:328.8260, topn:10.
2021-03-26 09:55:12,538 - root - INFO - Checkpointing ...
2021-03-26 09:56:01,022 - root - INFO - train loss:6.9648!
2021-03-26 09:56:30,909 - root - INFO - head hit:0.2532, head mean rank:340.9757, topn:10.
2021-03-26 09:56:30,909 - root - INFO - tail hit:0.3471, tail mean rank:315.6555, topn:10.
2021-03-26 09:56:30,909 - root - INFO - avg hit:0.3002, avg mean rank:328.3156, topn:10.
2021-03-26 09:57:12,965 - root - INFO - head hit:0.2531, head mean rank:338.3292, topn:10.
2021-03-26 09:57:12,965 - root - INFO - tail hit:0.3477, tail mean rank:319.3487, topn:10.
2021-03-26 09:57:12,965 - root - INFO - avg hit:0.3004, avg mean rank:328.8390, topn:10.
2021-03-26 09:57:12,996 - root - INFO - Checkpointing ...
2021-03-26 09:58:06,427 - root - INFO - train loss:6.8754!
2021-03-26 09:58:36,781 - root - INFO - head hit:0.2519, head mean rank:340.1161, topn:10.
2021-03-26 09:58:36,781 - root - INFO - tail hit:0.3470, tail mean rank:318.9363, topn:10.
2021-03-26 09:58:36,781 - root - INFO - avg hit:0.2995, avg mean rank:329.5262, topn:10.
2021-03-26 09:59:20,288 - root - INFO - head hit:0.2528, head mean rank:338.9196, topn:10.
2021-03-26 09:59:20,288 - root - INFO - tail hit:0.3474, tail mean rank:322.3325, topn:10.
2021-03-26 09:59:20,288 - root - INFO - avg hit:0.3001, avg mean rank:330.6260, topn:10.
2021-03-26 09:59:20,318 - root - INFO - No improvement after one epoch. Lowering learning rate.
2021-03-26 10:00:12,962 - root - INFO - train loss:6.0208!
2021-03-26 10:00:43,012 - root - INFO - head hit:0.2665, head mean rank:329.3432, topn:10.
2021-03-26 10:00:43,012 - root - INFO - tail hit:0.3642, tail mean rank:307.8881, topn:10.
2021-03-26 10:00:43,012 - root - INFO - avg hit:0.3153, avg mean rank:318.6157, topn:10.
2021-03-26 10:01:26,676 - root - INFO - head hit:0.2698, head mean rank:327.4787, topn:10.
2021-03-26 10:01:26,676 - root - INFO - tail hit:0.3645, tail mean rank:310.9367, topn:10.
2021-03-26 10:01:26,676 - root - INFO - avg hit:0.3172, avg mean rank:319.2077, topn:10.
2021-03-26 10:01:26,706 - root - INFO - Checkpointing ...
2021-03-26 10:02:18,537 - root - INFO - train loss:5.6114!
2021-03-26 10:02:48,337 - root - INFO - head hit:0.2748, head mean rank:329.8941, topn:10.
2021-03-26 10:02:48,338 - root - INFO - tail hit:0.3687, tail mean rank:308.0684, topn:10.
2021-03-26 10:02:48,338 - root - INFO - avg hit:0.3217, avg mean rank:318.9813, topn:10.
2021-03-26 10:03:31,962 - root - INFO - head hit:0.2742, head mean rank:327.2781, topn:10.
2021-03-26 10:03:31,962 - root - INFO - tail hit:0.3686, tail mean rank:309.3111, topn:10.
2021-03-26 10:03:31,962 - root - INFO - avg hit:0.3214, avg mean rank:318.2946, topn:10.
2021-03-26 10:03:31,994 - root - INFO - Checkpointing ...
2021-03-26 10:04:22,726 - root - INFO - train loss:5.4994!
2021-03-26 10:04:53,063 - root - INFO - head hit:0.2770, head mean rank:328.4988, topn:10.
2021-03-26 10:04:53,063 - root - INFO - tail hit:0.3711, tail mean rank:308.2997, topn:10.
2021-03-26 10:04:53,064 - root - INFO - avg hit:0.3240, avg mean rank:318.3993, topn:10.
2021-03-26 10:05:35,824 - root - INFO - head hit:0.2782, head mean rank:326.4691, topn:10.
2021-03-26 10:05:35,825 - root - INFO - tail hit:0.3735, tail mean rank:311.1953, topn:10.
2021-03-26 10:05:35,825 - root - INFO - avg hit:0.3259, avg mean rank:318.8322, topn:10.
2021-03-26 10:05:35,855 - root - INFO - Checkpointing ...
2021-03-26 10:06:26,590 - root - INFO - train loss:5.3679!
2021-03-26 10:06:56,149 - root - INFO - head hit:0.2773, head mean rank:329.4384, topn:10.
2021-03-26 10:06:56,149 - root - INFO - tail hit:0.3731, tail mean rank:308.5216, topn:10.
2021-03-26 10:06:56,149 - root - INFO - avg hit:0.3252, avg mean rank:318.9800, topn:10.
2021-03-26 10:07:40,086 - root - INFO - head hit:0.2804, head mean rank:326.7241, topn:10.
2021-03-26 10:07:40,087 - root - INFO - tail hit:0.3747, tail mean rank:310.4339, topn:10.
2021-03-26 10:07:40,087 - root - INFO - avg hit:0.3275, avg mean rank:318.5790, topn:10.
2021-03-26 10:07:40,118 - root - INFO - Checkpointing ...
2021-03-26 10:08:29,508 - root - INFO - train loss:5.3355!
2021-03-26 10:08:59,884 - root - INFO - head hit:0.2826, head mean rank:329.3723, topn:10.
2021-03-26 10:08:59,884 - root - INFO - tail hit:0.3770, tail mean rank:308.7047, topn:10.
2021-03-26 10:08:59,884 - root - INFO - avg hit:0.3298, avg mean rank:319.0385, topn:10.
2021-03-26 10:09:42,943 - root - INFO - head hit:0.2814, head mean rank:326.7778, topn:10.
2021-03-26 10:09:42,943 - root - INFO - tail hit:0.3768, tail mean rank:311.0688, topn:10.
2021-03-26 10:09:42,943 - root - INFO - avg hit:0.3291, avg mean rank:318.9233, topn:10.
2021-03-26 10:09:42,974 - root - INFO - Checkpointing ...
2021-03-26 10:10:33,415 - root - INFO - train loss:5.3100!
2021-03-26 10:11:03,646 - root - INFO - head hit:0.2820, head mean rank:329.4216, topn:10.
2021-03-26 10:11:03,647 - root - INFO - tail hit:0.3791, tail mean rank:309.7157, topn:10.
2021-03-26 10:11:03,647 - root - INFO - avg hit:0.3306, avg mean rank:319.5686, topn:10.
2021-03-26 10:11:46,467 - root - INFO - head hit:0.2837, head mean rank:327.8650, topn:10.
2021-03-26 10:11:46,468 - root - INFO - tail hit:0.3775, tail mean rank:311.6996, topn:10.
2021-03-26 10:11:46,468 - root - INFO - avg hit:0.3306, avg mean rank:319.7823, topn:10.
2021-03-26 10:11:46,498 - root - INFO - Checkpointing ...
2021-03-26 10:12:37,454 - root - INFO - train loss:5.2581!
2021-03-26 10:13:07,770 - root - INFO - head hit:0.2849, head mean rank:330.4267, topn:10.
2021-03-26 10:13:07,770 - root - INFO - tail hit:0.3807, tail mean rank:309.5227, topn:10.
2021-03-26 10:13:07,770 - root - INFO - avg hit:0.3328, avg mean rank:319.9747, topn:10.
2021-03-26 10:13:51,874 - root - INFO - head hit:0.2864, head mean rank:328.2590, topn:10.
2021-03-26 10:13:51,875 - root - INFO - tail hit:0.3794, tail mean rank:312.8496, topn:10.
2021-03-26 10:13:51,875 - root - INFO - avg hit:0.3329, avg mean rank:320.5543, topn:10.
2021-03-26 10:13:51,905 - root - INFO - Checkpointing ...
2021-03-26 10:14:44,091 - root - INFO - train loss:5.1758!
2021-03-26 10:15:13,797 - root - INFO - head hit:0.2839, head mean rank:330.3121, topn:10.
2021-03-26 10:15:13,797 - root - INFO - tail hit:0.3788, tail mean rank:309.7716, topn:10.
2021-03-26 10:15:13,797 - root - INFO - avg hit:0.3313, avg mean rank:320.0418, topn:10.
2021-03-26 10:15:57,217 - root - INFO - head hit:0.2861, head mean rank:327.8816, topn:10.
2021-03-26 10:15:57,217 - root - INFO - tail hit:0.3810, tail mean rank:312.9355, topn:10.
2021-03-26 10:15:57,217 - root - INFO - avg hit:0.3335, avg mean rank:320.4086, topn:10.
2021-03-26 10:15:57,249 - root - INFO - No improvement after one epoch. Lowering learning rate.
2021-03-26 10:16:49,642 - root - INFO - train loss:4.8867!
2021-03-26 10:17:20,059 - root - INFO - head hit:0.2916, head mean rank:325.7015, topn:10.
2021-03-26 10:17:20,059 - root - INFO - tail hit:0.3866, tail mean rank:307.5184, topn:10.
2021-03-26 10:17:20,059 - root - INFO - avg hit:0.3391, avg mean rank:316.6100, topn:10.
2021-03-26 10:18:03,988 - root - INFO - head hit:0.2939, head mean rank:323.0923, topn:10.
2021-03-26 10:18:03,989 - root - INFO - tail hit:0.3875, tail mean rank:309.8159, topn:10.
2021-03-26 10:18:03,989 - root - INFO - avg hit:0.3407, avg mean rank:316.4541, topn:10.
2021-03-26 10:18:04,019 - root - INFO - Checkpointing ...
2021-03-26 10:18:55,371 - root - INFO - train loss:4.7172!
2021-03-26 10:19:25,642 - root - INFO - head hit:0.2982, head mean rank:324.5085, topn:10.
2021-03-26 10:19:25,643 - root - INFO - tail hit:0.3887, tail mean rank:306.5839, topn:10.
2021-03-26 10:19:25,643 - root - INFO - avg hit:0.3435, avg mean rank:315.5462, topn:10.
2021-03-26 10:20:08,631 - root - INFO - head hit:0.2978, head mean rank:322.2209, topn:10.
2021-03-26 10:20:08,631 - root - INFO - tail hit:0.3900, tail mean rank:309.1622, topn:10.
2021-03-26 10:20:08,632 - root - INFO - avg hit:0.3439, avg mean rank:315.6915, topn:10.
2021-03-26 10:20:08,659 - root - INFO - Checkpointing ...
2021-03-26 10:20:57,168 - root - INFO - train loss:4.6205!
2021-03-26 10:21:27,009 - root - INFO - head hit:0.2991, head mean rank:325.5308, topn:10.
2021-03-26 10:21:27,009 - root - INFO - tail hit:0.3898, tail mean rank:306.4942, topn:10.
2021-03-26 10:21:27,009 - root - INFO - avg hit:0.3444, avg mean rank:316.0125, topn:10.
2021-03-26 10:22:09,950 - root - INFO - head hit:0.3009, head mean rank:322.3782, topn:10.
2021-03-26 10:22:09,950 - root - INFO - tail hit:0.3926, tail mean rank:308.0885, topn:10.
2021-03-26 10:22:09,950 - root - INFO - avg hit:0.3467, avg mean rank:315.2334, topn:10.
2021-03-26 10:22:09,981 - root - INFO - Checkpointing ...
2021-03-26 10:22:57,602 - root - INFO - train loss:4.5553!
2021-03-26 10:23:28,653 - root - INFO - head hit:0.2992, head mean rank:325.9337, topn:10.
2021-03-26 10:23:28,653 - root - INFO - tail hit:0.3919, tail mean rank:306.1712, topn:10.
2021-03-26 10:23:28,653 - root - INFO - avg hit:0.3455, avg mean rank:316.0524, topn:10.
2021-03-26 10:24:12,072 - root - INFO - head hit:0.3009, head mean rank:323.1803, topn:10.
2021-03-26 10:24:12,072 - root - INFO - tail hit:0.3932, tail mean rank:308.7627, topn:10.
2021-03-26 10:24:12,072 - root - INFO - avg hit:0.3471, avg mean rank:315.9715, topn:10.
2021-03-26 10:24:12,104 - root - INFO - Checkpointing ...
2021-03-26 10:25:01,037 - root - INFO - train loss:4.5261!
2021-03-26 10:25:31,717 - root - INFO - head hit:0.3029, head mean rank:324.6380, topn:10.
2021-03-26 10:25:31,717 - root - INFO - tail hit:0.3931, tail mean rank:307.1402, topn:10.
2021-03-26 10:25:31,717 - root - INFO - avg hit:0.3480, avg mean rank:315.8891, topn:10.
2021-03-26 10:26:14,933 - root - INFO - head hit:0.3025, head mean rank:321.8948, topn:10.
2021-03-26 10:26:14,934 - root - INFO - tail hit:0.3942, tail mean rank:309.7444, topn:10.
2021-03-26 10:26:14,938 - root - INFO - avg hit:0.3484, avg mean rank:315.8196, topn:10.
2021-03-26 10:26:14,971 - root - INFO - Checkpointing ...
2021-03-26 10:27:05,408 - root - INFO - train loss:4.4917!
2021-03-26 10:27:36,089 - root - INFO - head hit:0.3032, head mean rank:325.2402, topn:10.
2021-03-26 10:27:36,089 - root - INFO - tail hit:0.3956, tail mean rank:307.2793, topn:10.
2021-03-26 10:27:36,089 - root - INFO - avg hit:0.3494, avg mean rank:316.2597, topn:10.
2021-03-26 10:28:18,875 - root - INFO - head hit:0.3039, head mean rank:322.8915, topn:10.
2021-03-26 10:28:18,875 - root - INFO - tail hit:0.3960, tail mean rank:310.6536, topn:10.
2021-03-26 10:28:18,875 - root - INFO - avg hit:0.3500, avg mean rank:316.7726, topn:10.
2021-03-26 10:28:18,905 - root - INFO - Checkpointing ...
2021-03-26 10:29:05,756 - root - INFO - train loss:4.4060!
2021-03-26 10:29:35,865 - root - INFO - head hit:0.3060, head mean rank:326.4302, topn:10.
2021-03-26 10:29:35,866 - root - INFO - tail hit:0.3950, tail mean rank:307.7068, topn:10.
2021-03-26 10:29:35,866 - root - INFO - avg hit:0.3505, avg mean rank:317.0685, topn:10.
2021-03-26 10:30:18,855 - root - INFO - head hit:0.3044, head mean rank:323.3644, topn:10.
2021-03-26 10:30:18,855 - root - INFO - tail hit:0.3958, tail mean rank:311.4982, topn:10.
2021-03-26 10:30:18,855 - root - INFO - avg hit:0.3501, avg mean rank:317.4313, topn:10.
2021-03-26 10:30:18,877 - root - INFO - Checkpointing ...
2021-03-26 10:31:08,698 - root - INFO - train loss:4.4383!
2021-03-26 10:31:39,190 - root - INFO - head hit:0.3077, head mean rank:325.3272, topn:10.
2021-03-26 10:31:39,191 - root - INFO - tail hit:0.3965, tail mean rank:307.4651, topn:10.
2021-03-26 10:31:39,191 - root - INFO - avg hit:0.3521, avg mean rank:316.3961, topn:10.
2021-03-26 10:32:22,387 - root - INFO - head hit:0.3058, head mean rank:322.7864, topn:10.
2021-03-26 10:32:22,387 - root - INFO - tail hit:0.3966, tail mean rank:311.2294, topn:10.
2021-03-26 10:32:22,387 - root - INFO - avg hit:0.3512, avg mean rank:317.0079, topn:10.
2021-03-26 10:32:22,419 - root - INFO - Checkpointing ...
2021-03-26 10:33:10,660 - root - INFO - train loss:4.4129!
2021-03-26 10:33:40,702 - root - INFO - head hit:0.3097, head mean rank:326.6240, topn:10.
2021-03-26 10:33:40,703 - root - INFO - tail hit:0.3964, tail mean rank:308.1831, topn:10.
2021-03-26 10:33:40,703 - root - INFO - avg hit:0.3531, avg mean rank:317.4035, topn:10.
2021-03-26 10:34:23,601 - root - INFO - head hit:0.3061, head mean rank:323.4584, topn:10.
2021-03-26 10:34:23,601 - root - INFO - tail hit:0.3974, tail mean rank:311.3896, topn:10.
2021-03-26 10:34:23,609 - root - INFO - avg hit:0.3518, avg mean rank:317.4240, topn:10.
2021-03-26 10:34:23,640 - root - INFO - Checkpointing ...
2021-03-26 10:35:13,714 - root - INFO - train loss:4.3727!
2021-03-26 10:35:44,154 - root - INFO - head hit:0.3058, head mean rank:325.2670, topn:10.
2021-03-26 10:35:44,154 - root - INFO - tail hit:0.3968, tail mean rank:307.2461, topn:10.
2021-03-26 10:35:44,154 - root - INFO - avg hit:0.3513, avg mean rank:316.2565, topn:10.
2021-03-26 10:36:26,985 - root - INFO - head hit:0.3060, head mean rank:323.2006, topn:10.
2021-03-26 10:36:26,985 - root - INFO - tail hit:0.3983, tail mean rank:311.0730, topn:10.
2021-03-26 10:36:26,985 - root - INFO - avg hit:0.3521, avg mean rank:317.1368, topn:10.
2021-03-26 10:36:27,016 - root - INFO - No improvement after one epoch. Lowering learning rate.
2021-03-26 10:37:17,794 - root - INFO - train loss:4.2779!
2021-03-26 10:37:48,456 - root - INFO - head hit:0.3107, head mean rank:322.9768, topn:10.
2021-03-26 10:37:48,457 - root - INFO - tail hit:0.3995, tail mean rank:305.3823, topn:10.
2021-03-26 10:37:48,457 - root - INFO - avg hit:0.3551, avg mean rank:314.1795, topn:10.
2021-03-26 10:38:31,704 - root - INFO - head hit:0.3110, head mean rank:321.0640, topn:10.
2021-03-26 10:38:31,705 - root - INFO - tail hit:0.4011, tail mean rank:309.0152, topn:10.
2021-03-26 10:38:31,705 - root - INFO - avg hit:0.3561, avg mean rank:315.0396, topn:10.
2021-03-26 10:38:31,736 - root - INFO - Checkpointing ...
2021-03-26 10:39:24,198 - root - INFO - train loss:4.1878!
2021-03-26 10:39:54,589 - root - INFO - head hit:0.3130, head mean rank:323.6482, topn:10.
2021-03-26 10:39:54,590 - root - INFO - tail hit:0.3989, tail mean rank:305.4738, topn:10.
2021-03-26 10:39:54,590 - root - INFO - avg hit:0.3560, avg mean rank:314.5610, topn:10.
2021-03-26 10:40:37,593 - root - INFO - head hit:0.3135, head mean rank:321.0787, topn:10.
2021-03-26 10:40:37,594 - root - INFO - tail hit:0.4015, tail mean rank:309.1069, topn:10.
2021-03-26 10:40:37,594 - root - INFO - avg hit:0.3575, avg mean rank:315.0928, topn:10.
2021-03-26 10:40:37,619 - root - INFO - Checkpointing ...
2021-03-26 10:41:28,546 - root - INFO - train loss:4.1321!
2021-03-26 10:41:59,206 - root - INFO - head hit:0.3144, head mean rank:324.0135, topn:10.
2021-03-26 10:41:59,206 - root - INFO - tail hit:0.3999, tail mean rank:305.9614, topn:10.
2021-03-26 10:41:59,206 - root - INFO - avg hit:0.3571, avg mean rank:314.9874, topn:10.
2021-03-26 10:42:42,733 - root - INFO - head hit:0.3136, head mean rank:321.0887, topn:10.
2021-03-26 10:42:42,733 - root - INFO - tail hit:0.4019, tail mean rank:309.4682, topn:10.
2021-03-26 10:42:42,733 - root - INFO - avg hit:0.3577, avg mean rank:315.2784, topn:10.
2021-03-26 10:42:42,760 - root - INFO - Checkpointing ...
2021-03-26 10:43:34,683 - root - INFO - train loss:4.1449!
2021-03-26 10:44:04,872 - root - INFO - head hit:0.3132, head mean rank:324.0409, topn:10.
2021-03-26 10:44:04,873 - root - INFO - tail hit:0.4002, tail mean rank:306.1560, topn:10.
2021-03-26 10:44:04,873 - root - INFO - avg hit:0.3567, avg mean rank:315.0984, topn:10.
2021-03-26 10:44:47,457 - root - INFO - head hit:0.3141, head mean rank:320.9558, topn:10.
2021-03-26 10:44:47,457 - root - INFO - tail hit:0.4029, tail mean rank:309.1494, topn:10.
2021-03-26 10:44:47,457 - root - INFO - avg hit:0.3585, avg mean rank:315.0526, topn:10.
2021-03-26 10:44:47,488 - root - INFO - No improvement after one epoch. Lowering learning rate.
2021-03-26 10:45:37,788 - root - INFO - train loss:4.0965!
2021-03-26 10:46:09,446 - root - INFO - head hit:0.3135, head mean rank:323.6415, topn:10.
2021-03-26 10:46:09,446 - root - INFO - tail hit:0.4008, tail mean rank:305.5769, topn:10.
2021-03-26 10:46:09,446 - root - INFO - avg hit:0.3571, avg mean rank:314.6092, topn:10.
2021-03-26 10:46:52,459 - root - INFO - head hit:0.3157, head mean rank:320.5999, topn:10.
2021-03-26 10:46:52,460 - root - INFO - tail hit:0.4037, tail mean rank:308.4046, topn:10.
2021-03-26 10:46:52,460 - root - INFO - avg hit:0.3597, avg mean rank:314.5022, topn:10.
2021-03-26 10:46:52,490 - root - INFO - No improvement after one epoch. Lowering learning rate.
2021-03-26 10:47:39,584 - root - INFO - train loss:4.0154!
2021-03-26 10:48:09,727 - root - INFO - head hit:0.3147, head mean rank:323.1405, topn:10.
2021-03-26 10:48:09,728 - root - INFO - tail hit:0.4023, tail mean rank:305.3499, topn:10.
2021-03-26 10:48:09,728 - root - INFO - avg hit:0.3585, avg mean rank:314.2452, topn:10.
2021-03-26 10:48:53,749 - root - INFO - head hit:0.3164, head mean rank:320.2452, topn:10.
2021-03-26 10:48:53,750 - root - INFO - tail hit:0.4051, tail mean rank:308.1406, topn:10.
2021-03-26 10:48:53,750 - root - INFO - avg hit:0.3607, avg mean rank:314.1929, topn:10.
2021-03-26 10:48:53,780 - root - INFO - Checkpointing ...
2021-03-26 10:49:43,055 - root - INFO - train loss:3.9838!
2021-03-26 10:50:13,117 - root - INFO - head hit:0.3164, head mean rank:322.7796, topn:10.
2021-03-26 10:50:13,117 - root - INFO - tail hit:0.4027, tail mean rank:304.9734, topn:10.
2021-03-26 10:50:13,117 - root - INFO - avg hit:0.3596, avg mean rank:313.8765, topn:10.
2021-03-26 10:50:56,172 - root - INFO - head hit:0.3174, head mean rank:320.0712, topn:10.
2021-03-26 10:50:56,172 - root - INFO - tail hit:0.4053, tail mean rank:307.9242, topn:10.
2021-03-26 10:50:56,173 - root - INFO - avg hit:0.3614, avg mean rank:313.9977, topn:10.
2021-03-26 10:50:56,203 - root - INFO - Checkpointing ...
2021-03-26 10:51:45,957 - root - INFO - train loss:4.0011!
2021-03-26 10:52:16,351 - root - INFO - head hit:0.3162, head mean rank:322.5016, topn:10.
2021-03-26 10:52:16,352 - root - INFO - tail hit:0.4031, tail mean rank:304.9900, topn:10.
2021-03-26 10:52:16,352 - root - INFO - avg hit:0.3596, avg mean rank:313.7458, topn:10.
2021-03-26 10:53:00,008 - root - INFO - head hit:0.3174, head mean rank:319.8679, topn:10.
2021-03-26 10:53:00,009 - root - INFO - tail hit:0.4061, tail mean rank:307.7890, topn:10.
2021-03-26 10:53:00,009 - root - INFO - avg hit:0.3618, avg mean rank:313.8284, topn:10.
2021-03-26 10:53:00,041 - root - INFO - Checkpointing ...
2021-03-26 10:53:48,120 - root - INFO - train loss:3.9439!
2021-03-26 10:54:18,212 - root - INFO - head hit:0.3164, head mean rank:322.4002, topn:10.
2021-03-26 10:54:18,213 - root - INFO - tail hit:0.4030, tail mean rank:304.9124, topn:10.
2021-03-26 10:54:18,213 - root - INFO - avg hit:0.3597, avg mean rank:313.6563, topn:10.
2021-03-26 10:55:01,842 - root - INFO - head hit:0.3180, head mean rank:319.5119, topn:10.
2021-03-26 10:55:01,843 - root - INFO - tail hit:0.4061, tail mean rank:307.6212, topn:10.
2021-03-26 10:55:01,843 - root - INFO - avg hit:0.3620, avg mean rank:313.5665, topn:10.
2021-03-26 10:55:01,874 - root - INFO - Checkpointing ...
2021-03-26 10:55:55,164 - root - INFO - train loss:3.9466!
2021-03-26 10:56:25,606 - root - INFO - head hit:0.3179, head mean rank:322.2923, topn:10.
2021-03-26 10:56:25,607 - root - INFO - tail hit:0.4032, tail mean rank:304.8560, topn:10.
2021-03-26 10:56:25,607 - root - INFO - avg hit:0.3605, avg mean rank:313.5741, topn:10.
2021-03-26 10:57:07,744 - root - INFO - head hit:0.3177, head mean rank:319.5526, topn:10.
2021-03-26 10:57:07,744 - root - INFO - tail hit:0.4058, tail mean rank:307.7583, topn:10.
2021-03-26 10:57:07,744 - root - INFO - avg hit:0.3618, avg mean rank:313.6554, topn:10.
2021-03-26 10:57:07,775 - root - INFO - Checkpointing ...
2021-03-26 10:58:03,337 - root - INFO - train loss:3.9216!
2021-03-26 10:58:33,427 - root - INFO - head hit:0.3185, head mean rank:322.2652, topn:10.
2021-03-26 10:58:33,427 - root - INFO - tail hit:0.4030, tail mean rank:304.5803, topn:10.
2021-03-26 10:58:33,428 - root - INFO - avg hit:0.3607, avg mean rank:313.4228, topn:10.
2021-03-26 10:59:17,278 - root - INFO - head hit:0.3175, head mean rank:319.6013, topn:10.
2021-03-26 10:59:17,278 - root - INFO - tail hit:0.4062, tail mean rank:307.5258, topn:10.
2021-03-26 10:59:17,278 - root - INFO - avg hit:0.3618, avg mean rank:313.5635, topn:10.
2021-03-26 10:59:17,308 - root - INFO - Checkpointing ...
2021-03-26 11:00:09,640 - root - INFO - train loss:3.9079!
2021-03-26 11:00:39,897 - root - INFO - head hit:0.3181, head mean rank:322.1415, topn:10.
2021-03-26 11:00:39,897 - root - INFO - tail hit:0.4039, tail mean rank:304.6947, topn:10.
2021-03-26 11:00:39,897 - root - INFO - avg hit:0.3610, avg mean rank:313.4181, topn:10.
2021-03-26 11:01:23,000 - root - INFO - head hit:0.3178, head mean rank:319.4637, topn:10.
2021-03-26 11:01:23,000 - root - INFO - tail hit:0.4071, tail mean rank:307.6820, topn:10.
2021-03-26 11:01:23,000 - root - INFO - avg hit:0.3624, avg mean rank:313.5729, topn:10.
2021-03-26 11:01:23,032 - root - INFO - Checkpointing ...
2021-03-26 11:02:15,514 - root - INFO - train loss:3.9065!
2021-03-26 11:02:45,830 - root - INFO - head hit:0.3184, head mean rank:322.0670, topn:10.
2021-03-26 11:02:45,830 - root - INFO - tail hit:0.4038, tail mean rank:304.8090, topn:10.
2021-03-26 11:02:45,831 - root - INFO - avg hit:0.3611, avg mean rank:313.4380, topn:10.
2021-03-26 11:03:29,042 - root - INFO - head hit:0.3184, head mean rank:319.5534, topn:10.
2021-03-26 11:03:29,042 - root - INFO - tail hit:0.4067, tail mean rank:307.6777, topn:10.
2021-03-26 11:03:29,043 - root - INFO - avg hit:0.3626, avg mean rank:313.6156, topn:10.
2021-03-26 11:03:29,074 - root - INFO - Checkpointing ...
2021-03-26 11:04:19,250 - root - INFO - train loss:3.8911!
2021-03-26 11:04:49,617 - root - INFO - head hit:0.3181, head mean rank:322.1933, topn:10.
2021-03-26 11:04:49,617 - root - INFO - tail hit:0.4045, tail mean rank:305.0571, topn:10.
2021-03-26 11:04:49,617 - root - INFO - avg hit:0.3613, avg mean rank:313.6252, topn:10.
2021-03-26 11:05:33,361 - root - INFO - head hit:0.3185, head mean rank:319.5075, topn:10.
2021-03-26 11:05:33,361 - root - INFO - tail hit:0.4069, tail mean rank:307.7863, topn:10.
2021-03-26 11:05:33,362 - root - INFO - avg hit:0.3627, avg mean rank:313.6469, topn:10.
2021-03-26 11:05:33,398 - root - INFO - Checkpointing ...
2021-03-26 11:06:23,543 - root - INFO - train loss:3.8540!
2021-03-26 11:06:53,736 - root - INFO - head hit:0.3178, head mean rank:322.2712, topn:10.
2021-03-26 11:06:53,737 - root - INFO - tail hit:0.4037, tail mean rank:304.9677, topn:10.
2021-03-26 11:06:53,737 - root - INFO - avg hit:0.3607, avg mean rank:313.6195, topn:10.
2021-03-26 11:07:37,052 - root - INFO - head hit:0.3191, head mean rank:319.4536, topn:10.
2021-03-26 11:07:37,052 - root - INFO - tail hit:0.4069, tail mean rank:307.7397, topn:10.
2021-03-26 11:07:37,053 - root - INFO - avg hit:0.3630, avg mean rank:313.5966, topn:10.
2021-03-26 11:07:37,083 - root - INFO - No improvement after one epoch. Lowering learning rate.
2021-03-26 11:08:29,052 - root - INFO - train loss:3.8426!
2021-03-26 11:08:59,348 - root - INFO - head hit:0.3187, head mean rank:322.1219, topn:10.
2021-03-26 11:08:59,348 - root - INFO - tail hit:0.4043, tail mean rank:304.9088, topn:10.
2021-03-26 11:08:59,348 - root - INFO - avg hit:0.3615, avg mean rank:313.5154, topn:10.
2021-03-26 11:09:42,765 - root - INFO - head hit:0.3195, head mean rank:319.3419, topn:10.
2021-03-26 11:09:42,765 - root - INFO - tail hit:0.4076, tail mean rank:307.6756, topn:10.
2021-03-26 11:09:42,765 - root - INFO - avg hit:0.3635, avg mean rank:313.5087, topn:10.
2021-03-26 11:09:42,797 - root - INFO - Checkpointing ...
2021-03-26 11:10:34,093 - root - INFO - train loss:3.8984!
2021-03-26 11:11:04,225 - root - INFO - head hit:0.3190, head mean rank:322.0295, topn:10.
2021-03-26 11:11:04,225 - root - INFO - tail hit:0.4043, tail mean rank:304.7563, topn:10.
2021-03-26 11:11:04,225 - root - INFO - avg hit:0.3616, avg mean rank:313.3929, topn:10.
2021-03-26 11:11:47,970 - root - INFO - head hit:0.3200, head mean rank:319.2997, topn:10.
2021-03-26 11:11:47,970 - root - INFO - tail hit:0.4074, tail mean rank:307.5749, topn:10.
2021-03-26 11:11:47,970 - root - INFO - avg hit:0.3637, avg mean rank:313.4373, topn:10.
2021-03-26 11:11:48,001 - root - INFO - Checkpointing ...
2021-03-26 11:12:36,561 - root - INFO - train loss:3.8453!
2021-03-26 11:13:06,733 - root - INFO - head hit:0.3185, head mean rank:322.0105, topn:10.
2021-03-26 11:13:06,734 - root - INFO - tail hit:0.4048, tail mean rank:304.7481, topn:10.
2021-03-26 11:13:06,734 - root - INFO - avg hit:0.3617, avg mean rank:313.3793, topn:10.
2021-03-26 11:13:50,068 - root - INFO - head hit:0.3201, head mean rank:319.2819, topn:10.
2021-03-26 11:13:50,068 - root - INFO - tail hit:0.4072, tail mean rank:307.6486, topn:10.
2021-03-26 11:13:50,068 - root - INFO - avg hit:0.3636, avg mean rank:313.4653, topn:10.
2021-03-26 11:13:50,120 - root - INFO - Checkpointing ...
2021-03-26 11:14:41,775 - root - INFO - train loss:3.8494!
2021-03-26 11:15:12,050 - root - INFO - head hit:0.3190, head mean rank:321.9824, topn:10.
2021-03-26 11:15:12,050 - root - INFO - tail hit:0.4048, tail mean rank:304.6557, topn:10.
2021-03-26 11:15:12,050 - root - INFO - avg hit:0.3619, avg mean rank:313.3191, topn:10.
2021-03-26 11:15:55,291 - root - INFO - head hit:0.3197, head mean rank:319.1953, topn:10.
2021-03-26 11:15:55,291 - root - INFO - tail hit:0.4079, tail mean rank:307.6309, topn:10.
2021-03-26 11:15:55,291 - root - INFO - avg hit:0.3638, avg mean rank:313.4131, topn:10.
2021-03-26 11:15:55,323 - root - INFO - Checkpointing ...
2021-03-26 11:16:46,718 - root - INFO - train loss:3.8696!
2021-03-26 11:17:17,166 - root - INFO - head hit:0.3191, head mean rank:321.9054, topn:10.
2021-03-26 11:17:17,167 - root - INFO - tail hit:0.4042, tail mean rank:304.7367, topn:10.
2021-03-26 11:17:17,167 - root - INFO - avg hit:0.3616, avg mean rank:313.3211, topn:10.
2021-03-26 11:18:00,108 - root - INFO - head hit:0.3201, head mean rank:319.1236, topn:10.
2021-03-26 11:18:00,108 - root - INFO - tail hit:0.4077, tail mean rank:307.7003, topn:10.
2021-03-26 11:18:00,108 - root - INFO - avg hit:0.3639, avg mean rank:313.4120, topn:10.
2021-03-26 11:18:00,139 - root - INFO - No improvement after one epoch. Lowering learning rate.
2021-03-26 11:18:49,430 - root - INFO - train loss:3.8194!
2021-03-26 11:19:19,240 - root - INFO - head hit:0.3191, head mean rank:321.9369, topn:10.
2021-03-26 11:19:19,240 - root - INFO - tail hit:0.4043, tail mean rank:304.6996, topn:10.
2021-03-26 11:19:19,240 - root - INFO - avg hit:0.3617, avg mean rank:313.3183, topn:10.
2021-03-26 11:20:02,473 - root - INFO - head hit:0.3209, head mean rank:319.1223, topn:10.
2021-03-26 11:20:02,473 - root - INFO - tail hit:0.4078, tail mean rank:307.6306, topn:10.
2021-03-26 11:20:02,473 - root - INFO - avg hit:0.3644, avg mean rank:313.3764, topn:10.
2021-03-26 11:20:02,504 - root - INFO - No improvement after one epoch. Lowering learning rate.
2021-03-26 11:20:52,709 - root - INFO - train loss:3.8723!
2021-03-26 11:21:23,007 - root - INFO - head hit:0.3198, head mean rank:321.9528, topn:10.
2021-03-26 11:21:23,007 - root - INFO - tail hit:0.4043, tail mean rank:304.6652, topn:10.
2021-03-26 11:21:23,007 - root - INFO - avg hit:0.3620, avg mean rank:313.3090, topn:10.
2021-03-26 11:22:06,141 - root - INFO - head hit:0.3208, head mean rank:319.1337, topn:10.
2021-03-26 11:22:06,141 - root - INFO - tail hit:0.4079, tail mean rank:307.5962, topn:10.
2021-03-26 11:22:06,141 - root - INFO - avg hit:0.3643, avg mean rank:313.3649, topn:10.
2021-03-26 11:22:06,171 - root - INFO - Checkpointing ...
2021-03-26 11:22:52,757 - root - INFO - train loss:3.8695!
2021-03-26 11:23:22,541 - root - INFO - head hit:0.3193, head mean rank:321.9447, topn:10.
2021-03-26 11:23:22,541 - root - INFO - tail hit:0.4044, tail mean rank:304.6664, topn:10.
2021-03-26 11:23:22,541 - root - INFO - avg hit:0.3618, avg mean rank:313.3056, topn:10.
2021-03-26 11:24:06,486 - root - INFO - head hit:0.3209, head mean rank:319.1445, topn:10.
2021-03-26 11:24:06,486 - root - INFO - tail hit:0.4081, tail mean rank:307.5989, topn:10.
2021-03-26 11:24:06,486 - root - INFO - avg hit:0.3645, avg mean rank:313.3717, topn:10.
2021-03-26 11:24:06,517 - root - INFO - No improvement after one epoch. Lowering learning rate.
2021-03-26 11:24:57,408 - root - INFO - train loss:3.8467!
2021-03-26 11:25:28,192 - root - INFO - head hit:0.3190, head mean rank:321.9625, topn:10.
2021-03-26 11:25:28,193 - root - INFO - tail hit:0.4044, tail mean rank:304.6387, topn:10.
2021-03-26 11:25:28,193 - root - INFO - avg hit:0.3617, avg mean rank:313.3006, topn:10.
2021-03-26 11:26:11,424 - root - INFO - head hit:0.3207, head mean rank:319.1530, topn:10.
2021-03-26 11:26:11,424 - root - INFO - tail hit:0.4081, tail mean rank:307.5847, topn:10.
2021-03-26 11:26:11,424 - root - INFO - avg hit:0.3644, avg mean rank:313.3689, topn:10.
2021-03-26 11:26:11,455 - root - INFO - No improvement after one epoch. Lowering learning rate.
2021-03-26 11:26:59,104 - root - INFO - train loss:3.8245!
2021-03-26 11:27:29,572 - root - INFO - head hit:0.3192, head mean rank:321.9520, topn:10.
2021-03-26 11:27:29,573 - root - INFO - tail hit:0.4045, tail mean rank:304.6402, topn:10.
2021-03-26 11:27:29,573 - root - INFO - avg hit:0.3619, avg mean rank:313.2961, topn:10.
2021-03-26 11:28:12,835 - root - INFO - head hit:0.3208, head mean rank:319.1359, topn:10.
2021-03-26 11:28:12,835 - root - INFO - tail hit:0.4082, tail mean rank:307.5733, topn:10.
2021-03-26 11:28:12,835 - root - INFO - avg hit:0.3645, avg mean rank:313.3546, topn:10.
2021-03-26 11:28:12,865 - root - INFO - No improvement after one epoch. Lowering learning rate.
2021-03-26 11:29:03,784 - root - INFO - train loss:3.8536!
2021-03-26 11:29:33,929 - root - INFO - head hit:0.3192, head mean rank:321.9495, topn:10.
2021-03-26 11:29:33,929 - root - INFO - tail hit:0.4045, tail mean rank:304.6333, topn:10.
2021-03-26 11:29:33,929 - root - INFO - avg hit:0.3619, avg mean rank:313.2914, topn:10.
2021-03-26 11:30:17,077 - root - INFO - head hit:0.3208, head mean rank:319.1343, topn:10.
2021-03-26 11:30:17,077 - root - INFO - tail hit:0.4082, tail mean rank:307.5707, topn:10.
2021-03-26 11:30:17,078 - root - INFO - avg hit:0.3645, avg mean rank:313.3525, topn:10.
2021-03-26 11:30:17,108 - root - INFO - No improvement after one epoch. Lowering learning rate.
2021-03-26 11:31:09,133 - root - INFO - train loss:3.8041!
2021-03-26 11:31:39,454 - root - INFO - head hit:0.3192, head mean rank:321.9471, topn:10.
2021-03-26 11:31:39,455 - root - INFO - tail hit:0.4045, tail mean rank:304.6327, topn:10.
2021-03-26 11:31:39,455 - root - INFO - avg hit:0.3618, avg mean rank:313.2899, topn:10.
2021-03-26 11:32:23,066 - root - INFO - head hit:0.3208, head mean rank:319.1315, topn:10.
2021-03-26 11:32:23,066 - root - INFO - tail hit:0.4081, tail mean rank:307.5670, topn:10.
2021-03-26 11:32:23,066 - root - INFO - avg hit:0.3645, avg mean rank:313.3492, topn:10.
2021-03-26 11:32:23,099 - root - INFO - No improvement after one epoch. Lowering learning rate.
2021-03-26 11:32:23,114 - root - INFO - No improvement after 45750 steps. Stopping training.
