2021-03-27 13:40:06,511 - root - INFO - Flag Values:
{
    "L1_flag": true,
    "batch_size": 256,
    "ckpt_path": "/home/juarez/git/results/JIIS-revised-exp3/ml-cao_ho_sKG_ig-sv-complex-25/",
    "clipping_max_value": 5.0,
    "data_path": "/home/juarez/git/datasets/JIIS-revised-exp3/ml-cao_ho_sKG_ig-sv-complex-25/cao-format/",
    "dataset": "ml1m",
    "early_stopping_steps_to_wait": 97600,
    "embedding_size": 100,
    "eval_interval_steps": 19520,
    "eval_only_mode": false,
    "experiment_name": "ml1m-jtransup-1616863206",
    "filter_wrong_corrupted": true,
    "has_visualization": false,
    "is_report": false,
    "joint_ratio": 0.5,
    "kg_lambda": 1.0,
    "kg_test_files": "valid.dat:test.dat",
    "l2_lambda": 0.0,
    "learning_rate": 0.005,
    "learning_rate_decay_when_no_progress": 0.5,
    "load_ckpt_file": "/home/juarez/git/results/JIIS-revised-exp3/ml-cao_ho_sKG_ig-sv-complex-25/ml1m-transup-pretrained.ckpt:/home/juarez/git/results/JIIS-revised-exp3/ml-cao_ho_sKG_ig-sv-complex-25/ml1m-transh-pretrained.ckpt",
    "load_experiment_name": null,
    "log_level": "debug",
    "log_path": "/home/juarez/git/results/JIIS-revised-exp3/ml-cao_ho_sKG_ig-sv-complex-25/",
    "margin": 1.0,
    "max_queue": 10,
    "model_type": "jtransup",
    "momentum": 0.9,
    "negtive_samples": 1,
    "norm_lambda": 1.0,
    "num_preferences": 4,
    "num_processes": 4,
    "optimizer_type": "Adam",
    "rec_test_files": "valid.dat:test.dat",
    "seed": 0,
    "share_embeddings": false,
    "topn": 10,
    "training_steps": 1952000,
    "use_st_gumbel": false,
    "visualization_port": 8097
}
2021-03-27 13:40:08,220 - root - INFO - Totally 701669 train ratings, 103239,193631 eval ratings in files: /home/juarez/git/datasets/JIIS-revised-exp3/ml-cao_ho_sKG_ig-sv-complex-25/cao-format/ml1m/valid.dat;/home/juarez/git/datasets/JIIS-revised-exp3/ml-cao_ho_sKG_ig-sv-complex-25/cao-format/ml1m/test.dat!
2021-03-27 13:40:08,227 - root - INFO - successfully load 6040 users and 3260 items!
2021-03-27 13:40:09,915 - root - INFO - Totally 221711 train triples, 31673,63342 eval triples in files: /home/juarez/git/datasets/JIIS-revised-exp3/ml-cao_ho_sKG_ig-sv-complex-25/cao-format/ml1m/kg/valid.dat;/home/juarez/git/datasets/JIIS-revised-exp3/ml-cao_ho_sKG_ig-sv-complex-25/cao-format/ml1m/kg/test.dat!
2021-03-27 13:40:09,921 - root - INFO - successfully load 6122 entities and 20 relations!
2021-03-27 13:40:10,138 - root - INFO - Find 2931 aligned items and entities!
2021-03-27 13:40:10,139 - root - INFO - Building model.
2021-03-27 13:40:11,621 - root - INFO - Architecture: jTransUPModel(
  (user_embeddings): Embedding(6040, 100)
  (item_embeddings): Embedding(3260, 100)
  (pref_embeddings): Embedding(20, 100)
  (pref_norm_embeddings): Embedding(20, 100)
  (ent_embeddings): Embedding(6123, 100, padding_idx=6122)
  (rel_embeddings): Embedding(20, 100)
  (norm_embeddings): Embedding(20, 100)
)
2021-03-27 13:40:11,622 - root - INFO - Total params: 1550300.0
2021-03-27 13:40:11,622 - root - INFO - One epoch is 5482 steps.
2021-03-27 13:40:11,622 - root - INFO - Found checkpoint, restoring pre-trained embeddings.
2021-03-27 13:40:11,628 - root - INFO - Load Embeddings of user_embeddings.weight, item_embeddings.weight, pref_embeddings.weight, pref_norm_embeddings.weight from /home/juarez/git/results/JIIS-revised-exp3/ml-cao_ho_sKG_ig-sv-complex-25/ml1m-transup-pretrained.ckpt.
2021-03-27 13:40:11,628 - root - INFO - Found checkpoint, restoring pre-trained embeddings.
2021-03-27 13:40:11,632 - root - INFO - Restored 6122 entities from checkpoint.
2021-03-27 13:40:11,633 - root - INFO - Load Embeddings of ent_embeddings.weight, rel_embeddings.weight, norm_embeddings.weight from /home/juarez/git/results/JIIS-revised-exp3/ml-cao_ho_sKG_ig-sv-complex-25/ml1m-transh-pretrained.ckpt.
2021-03-27 13:40:11,633 - root - INFO - Training.
2021-03-27 13:40:11,633 - root - INFO - rec train loss:0.0000, kg train loss:0.0000!
2021-03-27 13:40:23,443 - root - INFO - f1:0.0305, p:0.0501, r:0.0298, hit:0.3374, ndcg:0.2291, topn:10.
2021-03-27 13:40:36,903 - root - INFO - f1:0.0359, p:0.0883, r:0.0292, hit:0.4760, ndcg:0.3280, topn:10.
2021-03-27 13:41:16,098 - root - INFO - head hit:0.3244, head mean rank:324.9762, topn:10.
2021-03-27 13:41:16,098 - root - INFO - tail hit:0.4125, tail mean rank:307.5535, topn:10.
2021-03-27 13:41:16,098 - root - INFO - avg hit:0.3684, avg mean rank:316.2648, topn:10.
2021-03-27 13:42:11,660 - root - INFO - head hit:0.3250, head mean rank:324.4741, topn:10.
2021-03-27 13:42:11,660 - root - INFO - tail hit:0.4111, tail mean rank:312.4233, topn:10.
2021-03-27 13:42:11,660 - root - INFO - avg hit:0.3680, avg mean rank:318.4487, topn:10.
2021-03-27 13:46:24,709 - root - INFO - rec train loss:33.1664, kg train loss:132.7794!
2021-03-27 13:46:37,429 - root - INFO - f1:0.0666, p:0.1046, r:0.0675, hit:0.5325, ndcg:0.3213, topn:10.
2021-03-27 13:46:49,642 - root - INFO - f1:0.0745, p:0.1680, r:0.0633, hit:0.6518, ndcg:0.4095, topn:10.
2021-03-27 13:47:31,555 - root - INFO - head hit:0.0234, head mean rank:1390.1365, topn:10.
2021-03-27 13:47:31,555 - root - INFO - tail hit:0.0499, tail mean rank:1183.7618, topn:10.
2021-03-27 13:47:31,556 - root - INFO - avg hit:0.0366, avg mean rank:1286.9492, topn:10.
2021-03-27 13:48:28,957 - root - INFO - head hit:0.0250, head mean rank:1389.5025, topn:10.
2021-03-27 13:48:28,957 - root - INFO - tail hit:0.0518, tail mean rank:1177.5158, topn:10.
2021-03-27 13:48:28,957 - root - INFO - avg hit:0.0384, avg mean rank:1283.5092, topn:10.
2021-03-27 13:48:28,990 - root - INFO - Checkpointing ...
2021-03-27 13:52:46,553 - root - INFO - rec train loss:33.4159, kg train loss:134.0524!
2021-03-27 13:52:59,091 - root - INFO - f1:0.0781, p:0.1221, r:0.0784, hit:0.5758, ndcg:0.3529, topn:10.
2021-03-27 13:53:11,311 - root - INFO - f1:0.0856, p:0.1898, r:0.0737, hit:0.7030, ndcg:0.4444, topn:10.
2021-03-27 13:53:52,509 - root - INFO - head hit:0.0242, head mean rank:1379.7550, topn:10.
2021-03-27 13:53:52,510 - root - INFO - tail hit:0.0448, tail mean rank:1167.4007, topn:10.
2021-03-27 13:53:52,510 - root - INFO - avg hit:0.0345, avg mean rank:1273.5779, topn:10.
2021-03-27 13:54:51,942 - root - INFO - head hit:0.0251, head mean rank:1377.0291, topn:10.
2021-03-27 13:54:51,942 - root - INFO - tail hit:0.0441, tail mean rank:1175.5473, topn:10.
2021-03-27 13:54:51,942 - root - INFO - avg hit:0.0346, avg mean rank:1276.2882, topn:10.
2021-03-27 13:54:51,976 - root - INFO - Checkpointing ...
2021-03-27 13:59:10,160 - root - INFO - rec train loss:33.4879, kg train loss:133.9250!
2021-03-27 13:59:22,240 - root - INFO - f1:0.0813, p:0.1267, r:0.0825, hit:0.5848, ndcg:0.3609, topn:10.
2021-03-27 13:59:35,153 - root - INFO - f1:0.0902, p:0.1990, r:0.0780, hit:0.7116, ndcg:0.4636, topn:10.
2021-03-27 14:00:16,289 - root - INFO - head hit:0.0224, head mean rank:1383.0707, topn:10.
2021-03-27 14:00:16,289 - root - INFO - tail hit:0.0468, tail mean rank:1169.4872, topn:10.
2021-03-27 14:00:16,289 - root - INFO - avg hit:0.0346, avg mean rank:1276.2789, topn:10.
2021-03-27 14:01:14,016 - root - INFO - head hit:0.0238, head mean rank:1353.4487, topn:10.
2021-03-27 14:01:14,016 - root - INFO - tail hit:0.0492, tail mean rank:1165.2162, topn:10.
2021-03-27 14:01:14,017 - root - INFO - avg hit:0.0365, avg mean rank:1259.3325, topn:10.
2021-03-27 14:01:14,049 - root - INFO - Checkpointing ...
2021-03-27 14:05:29,132 - root - INFO - rec train loss:33.4499, kg train loss:133.9372!
2021-03-27 14:05:40,973 - root - INFO - f1:0.0866, p:0.1345, r:0.0884, hit:0.6068, ndcg:0.3789, topn:10.
2021-03-27 14:05:54,165 - root - INFO - f1:0.0954, p:0.2099, r:0.0821, hit:0.7240, ndcg:0.4693, topn:10.
2021-03-27 14:06:36,424 - root - INFO - head hit:0.0242, head mean rank:1397.4979, topn:10.
2021-03-27 14:06:36,425 - root - INFO - tail hit:0.0474, tail mean rank:1185.3885, topn:10.
2021-03-27 14:06:36,425 - root - INFO - avg hit:0.0358, avg mean rank:1291.4432, topn:10.
2021-03-27 14:07:36,348 - root - INFO - head hit:0.0250, head mean rank:1382.1734, topn:10.
2021-03-27 14:07:36,349 - root - INFO - tail hit:0.0503, tail mean rank:1179.3651, topn:10.
2021-03-27 14:07:36,349 - root - INFO - avg hit:0.0376, avg mean rank:1280.7693, topn:10.
2021-03-27 14:07:36,380 - root - INFO - Checkpointing ...
2021-03-27 14:11:54,628 - root - INFO - rec train loss:33.3886, kg train loss:133.7193!
2021-03-27 14:12:06,619 - root - INFO - f1:0.0917, p:0.1427, r:0.0932, hit:0.6227, ndcg:0.3885, topn:10.
2021-03-27 14:12:20,050 - root - INFO - f1:0.1011, p:0.2213, r:0.0871, hit:0.7396, ndcg:0.4857, topn:10.
2021-03-27 14:13:02,071 - root - INFO - head hit:0.0229, head mean rank:1398.3748, topn:10.
2021-03-27 14:13:02,071 - root - INFO - tail hit:0.0487, tail mean rank:1158.3024, topn:10.
2021-03-27 14:13:02,071 - root - INFO - avg hit:0.0358, avg mean rank:1278.3386, topn:10.
2021-03-27 14:14:00,891 - root - INFO - head hit:0.0229, head mean rank:1399.7250, topn:10.
2021-03-27 14:14:00,891 - root - INFO - tail hit:0.0466, tail mean rank:1178.7272, topn:10.
2021-03-27 14:14:00,891 - root - INFO - avg hit:0.0347, avg mean rank:1289.2261, topn:10.
2021-03-27 14:14:00,922 - root - INFO - Checkpointing ...
2021-03-27 14:18:16,373 - root - INFO - rec train loss:33.4036, kg train loss:133.5087!
2021-03-27 14:18:28,519 - root - INFO - f1:0.0930, p:0.1441, r:0.0955, hit:0.6310, ndcg:0.4002, topn:10.
2021-03-27 14:18:41,562 - root - INFO - f1:0.1041, p:0.2255, r:0.0903, hit:0.7551, ndcg:0.5008, topn:10.
2021-03-27 14:19:23,048 - root - INFO - head hit:0.0248, head mean rank:1365.5498, topn:10.
2021-03-27 14:19:23,048 - root - INFO - tail hit:0.0511, tail mean rank:1171.7308, topn:10.
2021-03-27 14:19:23,048 - root - INFO - avg hit:0.0380, avg mean rank:1268.6403, topn:10.
2021-03-27 14:20:22,125 - root - INFO - head hit:0.0242, head mean rank:1365.2052, topn:10.
2021-03-27 14:20:22,125 - root - INFO - tail hit:0.0512, tail mean rank:1166.2875, topn:10.
2021-03-27 14:20:22,125 - root - INFO - avg hit:0.0377, avg mean rank:1265.7463, topn:10.
2021-03-27 14:20:22,157 - root - INFO - Checkpointing ...
2021-03-27 14:24:36,923 - root - INFO - rec train loss:33.3316, kg train loss:133.6025!
2021-03-27 14:24:49,006 - root - INFO - f1:0.0975, p:0.1507, r:0.0992, hit:0.6467, ndcg:0.4132, topn:10.
2021-03-27 14:25:01,859 - root - INFO - f1:0.1045, p:0.2290, r:0.0903, hit:0.7492, ndcg:0.5008, topn:10.
2021-03-27 14:25:43,556 - root - INFO - head hit:0.0240, head mean rank:1391.9214, topn:10.
2021-03-27 14:25:43,556 - root - INFO - tail hit:0.0470, tail mean rank:1168.4194, topn:10.
2021-03-27 14:25:43,556 - root - INFO - avg hit:0.0355, avg mean rank:1280.1704, topn:10.
2021-03-27 14:26:41,909 - root - INFO - head hit:0.0251, head mean rank:1383.9455, topn:10.
2021-03-27 14:26:41,909 - root - INFO - tail hit:0.0487, tail mean rank:1165.2386, topn:10.
2021-03-27 14:26:41,910 - root - INFO - avg hit:0.0369, avg mean rank:1274.5921, topn:10.
2021-03-27 14:26:41,938 - root - INFO - Checkpointing ...
2021-03-27 14:30:57,996 - root - INFO - rec train loss:33.3032, kg train loss:133.4030!
2021-03-27 14:31:10,215 - root - INFO - f1:0.0999, p:0.1552, r:0.1016, hit:0.6474, ndcg:0.4138, topn:10.
2021-03-27 14:31:23,315 - root - INFO - f1:0.1076, p:0.2350, r:0.0934, hit:0.7614, ndcg:0.5091, topn:10.
2021-03-27 14:32:05,261 - root - INFO - head hit:0.0241, head mean rank:1373.2057, topn:10.
2021-03-27 14:32:05,261 - root - INFO - tail hit:0.0498, tail mean rank:1142.6280, topn:10.
2021-03-27 14:32:05,261 - root - INFO - avg hit:0.0369, avg mean rank:1257.9169, topn:10.
2021-03-27 14:33:04,517 - root - INFO - head hit:0.0256, head mean rank:1365.5479, topn:10.
2021-03-27 14:33:04,518 - root - INFO - tail hit:0.0510, tail mean rank:1146.4875, topn:10.
2021-03-27 14:33:04,518 - root - INFO - avg hit:0.0383, avg mean rank:1256.0177, topn:10.
2021-03-27 14:33:04,550 - root - INFO - Checkpointing ...
2021-03-27 14:37:22,042 - root - INFO - rec train loss:33.2479, kg train loss:133.5015!
2021-03-27 14:37:34,100 - root - INFO - f1:0.1008, p:0.1570, r:0.1023, hit:0.6523, ndcg:0.4207, topn:10.
2021-03-27 14:37:47,054 - root - INFO - f1:0.1114, p:0.2412, r:0.0967, hit:0.7661, ndcg:0.5163, topn:10.
2021-03-27 14:38:29,033 - root - INFO - head hit:0.0245, head mean rank:1380.5046, topn:10.
2021-03-27 14:38:29,034 - root - INFO - tail hit:0.0515, tail mean rank:1166.3452, topn:10.
2021-03-27 14:38:29,034 - root - INFO - avg hit:0.0380, avg mean rank:1273.4249, topn:10.
2021-03-27 14:39:27,349 - root - INFO - head hit:0.0254, head mean rank:1377.5757, topn:10.
2021-03-27 14:39:27,349 - root - INFO - tail hit:0.0514, tail mean rank:1177.1753, topn:10.
2021-03-27 14:39:27,350 - root - INFO - avg hit:0.0384, avg mean rank:1277.3755, topn:10.
2021-03-27 14:39:27,379 - root - INFO - Checkpointing ...
2021-03-27 14:43:44,116 - root - INFO - rec train loss:33.2900, kg train loss:133.4780!
2021-03-27 14:43:55,975 - root - INFO - f1:0.1021, p:0.1589, r:0.1035, hit:0.6571, ndcg:0.4228, topn:10.
2021-03-27 14:44:09,251 - root - INFO - f1:0.1115, p:0.2422, r:0.0961, hit:0.7677, ndcg:0.5168, topn:10.
2021-03-27 14:44:51,197 - root - INFO - head hit:0.0269, head mean rank:1365.7692, topn:10.
2021-03-27 14:44:51,198 - root - INFO - tail hit:0.0491, tail mean rank:1160.7974, topn:10.
2021-03-27 14:44:51,198 - root - INFO - avg hit:0.0380, avg mean rank:1263.2833, topn:10.
2021-03-27 14:45:50,516 - root - INFO - head hit:0.0279, head mean rank:1375.9860, topn:10.
2021-03-27 14:45:50,516 - root - INFO - tail hit:0.0492, tail mean rank:1169.9078, topn:10.
2021-03-27 14:45:50,516 - root - INFO - avg hit:0.0386, avg mean rank:1272.9469, topn:10.
2021-03-27 14:45:50,550 - root - INFO - Checkpointing ...
2021-03-27 14:50:07,374 - root - INFO - rec train loss:33.3419, kg train loss:133.5626!
2021-03-27 14:50:19,532 - root - INFO - f1:0.1039, p:0.1609, r:0.1060, hit:0.6588, ndcg:0.4252, topn:10.
2021-03-27 14:50:32,424 - root - INFO - f1:0.1138, p:0.2470, r:0.0985, hit:0.7747, ndcg:0.5217, topn:10.
2021-03-27 14:51:13,694 - root - INFO - head hit:0.0233, head mean rank:1377.8377, topn:10.
2021-03-27 14:51:13,694 - root - INFO - tail hit:0.0483, tail mean rank:1169.1919, topn:10.
2021-03-27 14:51:13,694 - root - INFO - avg hit:0.0358, avg mean rank:1273.5148, topn:10.
2021-03-27 14:52:12,342 - root - INFO - head hit:0.0249, head mean rank:1376.3838, topn:10.
2021-03-27 14:52:12,342 - root - INFO - tail hit:0.0511, tail mean rank:1156.1282, topn:10.
2021-03-27 14:52:12,343 - root - INFO - avg hit:0.0380, avg mean rank:1266.2560, topn:10.
2021-03-27 14:52:12,373 - root - INFO - Checkpointing ...
2021-03-27 14:56:29,340 - root - INFO - rec train loss:33.3687, kg train loss:133.5126!
2021-03-27 14:56:41,435 - root - INFO - f1:0.1064, p:0.1645, r:0.1087, hit:0.6646, ndcg:0.4311, topn:10.
2021-03-27 14:56:54,431 - root - INFO - f1:0.1162, p:0.2506, r:0.1008, hit:0.7826, ndcg:0.5310, topn:10.
2021-03-27 14:57:36,190 - root - INFO - head hit:0.0223, head mean rank:1375.4338, topn:10.
2021-03-27 14:57:36,190 - root - INFO - tail hit:0.0502, tail mean rank:1184.0832, topn:10.
2021-03-27 14:57:36,190 - root - INFO - avg hit:0.0363, avg mean rank:1279.7585, topn:10.
2021-03-27 14:58:35,365 - root - INFO - head hit:0.0252, head mean rank:1386.6076, topn:10.
2021-03-27 14:58:35,365 - root - INFO - tail hit:0.0491, tail mean rank:1180.1084, topn:10.
2021-03-27 14:58:35,365 - root - INFO - avg hit:0.0372, avg mean rank:1283.3580, topn:10.
2021-03-27 14:58:35,396 - root - INFO - Checkpointing ...
2021-03-27 15:02:52,263 - root - INFO - rec train loss:33.1480, kg train loss:133.4802!
2021-03-27 15:03:04,479 - root - INFO - f1:0.1074, p:0.1673, r:0.1095, hit:0.6690, ndcg:0.4382, topn:10.
2021-03-27 15:03:17,732 - root - INFO - f1:0.1170, p:0.2539, r:0.1011, hit:0.7798, ndcg:0.5337, topn:10.
2021-03-27 15:03:59,330 - root - INFO - head hit:0.0233, head mean rank:1374.0045, topn:10.
2021-03-27 15:03:59,330 - root - INFO - tail hit:0.0455, tail mean rank:1147.3298, topn:10.
2021-03-27 15:03:59,330 - root - INFO - avg hit:0.0344, avg mean rank:1260.6672, topn:10.
2021-03-27 15:04:57,302 - root - INFO - head hit:0.0224, head mean rank:1380.5539, topn:10.
2021-03-27 15:04:57,302 - root - INFO - tail hit:0.0464, tail mean rank:1156.4792, topn:10.
2021-03-27 15:04:57,302 - root - INFO - avg hit:0.0344, avg mean rank:1268.5165, topn:10.
2021-03-27 15:04:57,333 - root - INFO - Checkpointing ...
2021-03-27 15:09:13,150 - root - INFO - rec train loss:33.3656, kg train loss:133.5246!
2021-03-27 15:09:25,128 - root - INFO - f1:0.1108, p:0.1708, r:0.1130, hit:0.6783, ndcg:0.4430, topn:10.
2021-03-27 15:09:38,000 - root - INFO - f1:0.1187, p:0.2565, r:0.1025, hit:0.7820, ndcg:0.5343, topn:10.
2021-03-27 15:10:19,524 - root - INFO - head hit:0.0221, head mean rank:1360.6220, topn:10.
2021-03-27 15:10:19,525 - root - INFO - tail hit:0.0418, tail mean rank:1203.6531, topn:10.
2021-03-27 15:10:19,525 - root - INFO - avg hit:0.0320, avg mean rank:1282.1376, topn:10.
2021-03-27 15:11:18,575 - root - INFO - head hit:0.0227, head mean rank:1359.2113, topn:10.
2021-03-27 15:11:18,575 - root - INFO - tail hit:0.0419, tail mean rank:1198.8259, topn:10.
2021-03-27 15:11:18,575 - root - INFO - avg hit:0.0323, avg mean rank:1279.0186, topn:10.
2021-03-27 15:11:18,610 - root - INFO - Checkpointing ...
2021-03-27 15:15:33,004 - root - INFO - rec train loss:33.3129, kg train loss:133.3971!
2021-03-27 15:15:44,948 - root - INFO - f1:0.1100, p:0.1708, r:0.1115, hit:0.6704, ndcg:0.4412, topn:10.
2021-03-27 15:15:58,027 - root - INFO - f1:0.1190, p:0.2580, r:0.1026, hit:0.7853, ndcg:0.5382, topn:10.
2021-03-27 15:16:40,032 - root - INFO - head hit:0.0247, head mean rank:1405.1548, topn:10.
2021-03-27 15:16:40,032 - root - INFO - tail hit:0.0414, tail mean rank:1167.4869, topn:10.
2021-03-27 15:16:40,041 - root - INFO - avg hit:0.0330, avg mean rank:1286.3209, topn:10.
2021-03-27 15:17:38,284 - root - INFO - head hit:0.0245, head mean rank:1396.6899, topn:10.
2021-03-27 15:17:38,285 - root - INFO - tail hit:0.0435, tail mean rank:1168.9163, topn:10.
2021-03-27 15:17:38,285 - root - INFO - avg hit:0.0340, avg mean rank:1282.8031, topn:10.
2021-03-27 15:17:38,320 - root - INFO - No improvement after one epoch. Lowering learning rate.
2021-03-27 15:21:56,547 - root - INFO - rec train loss:16.6088, kg train loss:65.4129!
2021-03-27 15:22:08,417 - root - INFO - f1:0.1202, p:0.1875, r:0.1215, hit:0.6947, ndcg:0.4631, topn:10.
2021-03-27 15:22:21,536 - root - INFO - f1:0.1282, p:0.2769, r:0.1104, hit:0.7992, ndcg:0.5614, topn:10.
2021-03-27 15:23:02,252 - root - INFO - head hit:0.0544, head mean rank:861.2257, topn:10.
2021-03-27 15:23:02,253 - root - INFO - tail hit:0.0989, tail mean rank:700.3953, topn:10.
2021-03-27 15:23:02,254 - root - INFO - avg hit:0.0767, avg mean rank:780.8105, topn:10.
2021-03-27 15:23:59,111 - root - INFO - head hit:0.0554, head mean rank:854.3300, topn:10.
2021-03-27 15:23:59,112 - root - INFO - tail hit:0.1021, tail mean rank:703.7794, topn:10.
2021-03-27 15:23:59,112 - root - INFO - avg hit:0.0788, avg mean rank:779.0547, topn:10.
2021-03-27 15:23:59,145 - root - INFO - Checkpointing ...
2021-03-27 15:28:16,688 - root - INFO - rec train loss:15.5626, kg train loss:62.0197!
2021-03-27 15:28:28,647 - root - INFO - f1:0.1246, p:0.1940, r:0.1257, hit:0.7089, ndcg:0.4770, topn:10.
2021-03-27 15:28:41,616 - root - INFO - f1:0.1317, p:0.2838, r:0.1135, hit:0.8075, ndcg:0.5697, topn:10.
2021-03-27 15:29:22,574 - root - INFO - head hit:0.0565, head mean rank:841.0928, topn:10.
2021-03-27 15:29:22,575 - root - INFO - tail hit:0.1001, tail mean rank:703.3277, topn:10.
2021-03-27 15:29:22,575 - root - INFO - avg hit:0.0783, avg mean rank:772.2103, topn:10.
2021-03-27 15:30:18,781 - root - INFO - head hit:0.0562, head mean rank:851.1816, topn:10.
2021-03-27 15:30:18,781 - root - INFO - tail hit:0.0995, tail mean rank:706.5813, topn:10.
2021-03-27 15:30:18,781 - root - INFO - avg hit:0.0778, avg mean rank:778.8814, topn:10.
2021-03-27 15:30:18,813 - root - INFO - Checkpointing ...
2021-03-27 15:34:37,188 - root - INFO - rec train loss:15.5526, kg train loss:61.8147!
2021-03-27 15:34:49,271 - root - INFO - f1:0.1255, p:0.1957, r:0.1264, hit:0.7106, ndcg:0.4793, topn:10.
2021-03-27 15:35:02,365 - root - INFO - f1:0.1336, p:0.2883, r:0.1151, hit:0.8104, ndcg:0.5696, topn:10.
2021-03-27 15:35:42,851 - root - INFO - head hit:0.0541, head mean rank:852.2858, topn:10.
2021-03-27 15:35:42,851 - root - INFO - tail hit:0.1009, tail mean rank:689.3300, topn:10.
2021-03-27 15:35:42,851 - root - INFO - avg hit:0.0775, avg mean rank:770.8079, topn:10.
2021-03-27 15:36:40,145 - root - INFO - head hit:0.0537, head mean rank:844.9307, topn:10.
2021-03-27 15:36:40,146 - root - INFO - tail hit:0.1002, tail mean rank:698.1106, topn:10.
2021-03-27 15:36:40,146 - root - INFO - avg hit:0.0769, avg mean rank:771.5207, topn:10.
2021-03-27 15:36:40,178 - root - INFO - Checkpointing ...
2021-03-27 15:40:55,151 - root - INFO - rec train loss:15.5109, kg train loss:61.6888!
2021-03-27 15:41:07,286 - root - INFO - f1:0.1269, p:0.1984, r:0.1273, hit:0.7121, ndcg:0.4815, topn:10.
2021-03-27 15:41:20,352 - root - INFO - f1:0.1364, p:0.2929, r:0.1180, hit:0.8169, ndcg:0.5760, topn:10.
2021-03-27 15:42:00,764 - root - INFO - head hit:0.0558, head mean rank:841.8004, topn:10.
2021-03-27 15:42:00,764 - root - INFO - tail hit:0.1055, tail mean rank:700.4343, topn:10.
2021-03-27 15:42:00,764 - root - INFO - avg hit:0.0806, avg mean rank:771.1174, topn:10.
2021-03-27 15:42:56,616 - root - INFO - head hit:0.0568, head mean rank:846.2600, topn:10.
2021-03-27 15:42:56,616 - root - INFO - tail hit:0.1032, tail mean rank:708.0389, topn:10.
2021-03-27 15:42:56,616 - root - INFO - avg hit:0.0800, avg mean rank:777.1494, topn:10.
2021-03-27 15:42:56,647 - root - INFO - Checkpointing ...
2021-03-27 15:47:11,318 - root - INFO - rec train loss:15.4272, kg train loss:61.6416!
2021-03-27 15:47:23,381 - root - INFO - f1:0.1300, p:0.2030, r:0.1306, hit:0.7209, ndcg:0.4903, topn:10.
2021-03-27 15:47:36,361 - root - INFO - f1:0.1377, p:0.2957, r:0.1189, hit:0.8164, ndcg:0.5811, topn:10.
2021-03-27 15:48:17,126 - root - INFO - head hit:0.0568, head mean rank:852.4592, topn:10.
2021-03-27 15:48:17,126 - root - INFO - tail hit:0.1053, tail mean rank:695.9914, topn:10.
2021-03-27 15:48:17,126 - root - INFO - avg hit:0.0810, avg mean rank:774.2253, topn:10.
2021-03-27 15:49:13,953 - root - INFO - head hit:0.0592, head mean rank:841.3742, topn:10.
2021-03-27 15:49:13,954 - root - INFO - tail hit:0.1083, tail mean rank:703.5716, topn:10.
2021-03-27 15:49:13,954 - root - INFO - avg hit:0.0837, avg mean rank:772.4729, topn:10.
2021-03-27 15:49:13,986 - root - INFO - Checkpointing ...
2021-03-27 15:53:32,231 - root - INFO - rec train loss:15.4385, kg train loss:61.7773!
2021-03-27 15:53:44,464 - root - INFO - f1:0.1315, p:0.2043, r:0.1324, hit:0.7225, ndcg:0.4908, topn:10.
2021-03-27 15:53:57,430 - root - INFO - f1:0.1390, p:0.2980, r:0.1199, hit:0.8179, ndcg:0.5828, topn:10.
2021-03-27 15:54:38,143 - root - INFO - head hit:0.0528, head mean rank:847.4509, topn:10.
2021-03-27 15:54:38,143 - root - INFO - tail hit:0.1063, tail mean rank:698.8791, topn:10.
2021-03-27 15:54:38,143 - root - INFO - avg hit:0.0795, avg mean rank:773.1650, topn:10.
2021-03-27 15:55:35,406 - root - INFO - head hit:0.0532, head mean rank:840.8163, topn:10.
2021-03-27 15:55:35,407 - root - INFO - tail hit:0.1067, tail mean rank:707.5820, topn:10.
2021-03-27 15:55:35,407 - root - INFO - avg hit:0.0799, avg mean rank:774.1992, topn:10.
2021-03-27 15:55:35,446 - root - INFO - Checkpointing ...
2021-03-27 15:59:52,301 - root - INFO - rec train loss:15.5141, kg train loss:61.7265!
2021-03-27 16:00:03,776 - root - INFO - f1:0.1305, p:0.2034, r:0.1313, hit:0.7227, ndcg:0.4899, topn:10.
2021-03-27 16:00:16,540 - root - INFO - f1:0.1392, p:0.2991, r:0.1199, hit:0.8177, ndcg:0.5817, topn:10.
2021-03-27 16:00:57,447 - root - INFO - head hit:0.0561, head mean rank:837.5234, topn:10.
2021-03-27 16:00:57,447 - root - INFO - tail hit:0.0947, tail mean rank:706.3684, topn:10.
2021-03-27 16:00:57,447 - root - INFO - avg hit:0.0754, avg mean rank:771.9459, topn:10.
2021-03-27 16:01:53,667 - root - INFO - head hit:0.0540, head mean rank:835.5003, topn:10.
2021-03-27 16:01:53,668 - root - INFO - tail hit:0.0948, tail mean rank:709.2070, topn:10.
2021-03-27 16:01:53,668 - root - INFO - avg hit:0.0744, avg mean rank:772.3536, topn:10.
2021-03-27 16:01:53,699 - root - INFO - No improvement after one epoch. Lowering learning rate.
2021-03-27 16:06:06,773 - root - INFO - rec train loss:8.2015, kg train loss:32.6618!
2021-03-27 16:06:18,953 - root - INFO - f1:0.1373, p:0.2137, r:0.1377, hit:0.7321, ndcg:0.5007, topn:10.
2021-03-27 16:06:32,003 - root - INFO - f1:0.1445, p:0.3102, r:0.1243, hit:0.8270, ndcg:0.5953, topn:10.
2021-03-27 16:07:11,427 - root - INFO - head hit:0.0965, head mean rank:561.1509, topn:10.
2021-03-27 16:07:11,427 - root - INFO - tail hit:0.1712, tail mean rank:474.0463, topn:10.
2021-03-27 16:07:11,427 - root - INFO - avg hit:0.1339, avg mean rank:517.5986, topn:10.
2021-03-27 16:08:07,580 - root - INFO - head hit:0.0966, head mean rank:565.7697, topn:10.
2021-03-27 16:08:07,580 - root - INFO - tail hit:0.1712, tail mean rank:475.7660, topn:10.
2021-03-27 16:08:07,580 - root - INFO - avg hit:0.1339, avg mean rank:520.7679, topn:10.
2021-03-27 16:08:07,609 - root - INFO - Checkpointing ...
2021-03-27 16:12:24,748 - root - INFO - rec train loss:7.2877, kg train loss:28.8024!
2021-03-27 16:12:36,795 - root - INFO - f1:0.1395, p:0.2178, r:0.1396, hit:0.7392, ndcg:0.5091, topn:10.
2021-03-27 16:12:49,923 - root - INFO - f1:0.1468, p:0.3144, r:0.1268, hit:0.8310, ndcg:0.6009, topn:10.
2021-03-27 16:13:30,528 - root - INFO - head hit:0.1049, head mean rank:557.9929, topn:10.
2021-03-27 16:13:30,528 - root - INFO - tail hit:0.1740, tail mean rank:469.4050, topn:10.
2021-03-27 16:13:30,529 - root - INFO - avg hit:0.1394, avg mean rank:513.6990, topn:10.
2021-03-27 16:14:27,332 - root - INFO - head hit:0.1041, head mean rank:561.1217, topn:10.
2021-03-27 16:14:27,332 - root - INFO - tail hit:0.1723, tail mean rank:472.3722, topn:10.
2021-03-27 16:14:27,337 - root - INFO - avg hit:0.1382, avg mean rank:516.7469, topn:10.
2021-03-27 16:14:27,385 - root - INFO - Checkpointing ...
2021-03-27 16:18:44,597 - root - INFO - rec train loss:7.1074, kg train loss:28.1640!
2021-03-27 16:18:56,932 - root - INFO - f1:0.1422, p:0.2224, r:0.1425, hit:0.7356, ndcg:0.5106, topn:10.
2021-03-27 16:19:09,986 - root - INFO - f1:0.1489, p:0.3196, r:0.1282, hit:0.8343, ndcg:0.6069, topn:10.
2021-03-27 16:19:49,741 - root - INFO - head hit:0.1031, head mean rank:542.0326, topn:10.
2021-03-27 16:19:49,742 - root - INFO - tail hit:0.1730, tail mean rank:461.2406, topn:10.
2021-03-27 16:19:49,742 - root - INFO - avg hit:0.1381, avg mean rank:501.6366, topn:10.
2021-03-27 16:20:46,121 - root - INFO - head hit:0.1044, head mean rank:546.2360, topn:10.
2021-03-27 16:20:46,121 - root - INFO - tail hit:0.1748, tail mean rank:471.5173, topn:10.
2021-03-27 16:20:46,122 - root - INFO - avg hit:0.1396, avg mean rank:508.8766, topn:10.
2021-03-27 16:20:46,153 - root - INFO - Checkpointing ...
2021-03-27 16:25:05,993 - root - INFO - rec train loss:7.0061, kg train loss:27.6781!
2021-03-27 16:25:18,483 - root - INFO - f1:0.1417, p:0.2220, r:0.1412, hit:0.7366, ndcg:0.5140, topn:10.
2021-03-27 16:25:31,600 - root - INFO - f1:0.1500, p:0.3216, r:0.1289, hit:0.8348, ndcg:0.6090, topn:10.
2021-03-27 16:26:12,116 - root - INFO - head hit:0.1016, head mean rank:545.6601, topn:10.
2021-03-27 16:26:12,117 - root - INFO - tail hit:0.1712, tail mean rank:475.0995, topn:10.
2021-03-27 16:26:12,117 - root - INFO - avg hit:0.1364, avg mean rank:510.3798, topn:10.
2021-03-27 16:27:09,377 - root - INFO - head hit:0.1060, head mean rank:542.0744, topn:10.
2021-03-27 16:27:09,378 - root - INFO - tail hit:0.1748, tail mean rank:470.6209, topn:10.
2021-03-27 16:27:09,378 - root - INFO - avg hit:0.1404, avg mean rank:506.3477, topn:10.
2021-03-27 16:27:09,411 - root - INFO - No improvement after one epoch. Lowering learning rate.
2021-03-27 16:31:27,092 - root - INFO - rec train loss:4.1857, kg train loss:16.3603!
2021-03-27 16:31:39,245 - root - INFO - f1:0.1479, p:0.2316, r:0.1471, hit:0.7502, ndcg:0.5239, topn:10.
2021-03-27 16:31:52,321 - root - INFO - f1:0.1539, p:0.3300, r:0.1326, hit:0.8397, ndcg:0.6170, topn:10.
2021-03-27 16:32:32,249 - root - INFO - head hit:0.1488, head mean rank:423.6184, topn:10.
2021-03-27 16:32:32,250 - root - INFO - tail hit:0.2397, tail mean rank:375.3978, topn:10.
2021-03-27 16:32:32,250 - root - INFO - avg hit:0.1943, avg mean rank:399.5081, topn:10.
2021-03-27 16:33:27,925 - root - INFO - head hit:0.1507, head mean rank:416.6955, topn:10.
2021-03-27 16:33:27,926 - root - INFO - tail hit:0.2401, tail mean rank:376.1763, topn:10.
2021-03-27 16:33:27,926 - root - INFO - avg hit:0.1954, avg mean rank:396.4359, topn:10.
2021-03-27 16:33:27,957 - root - INFO - Checkpointing ...
2021-03-27 16:37:39,136 - root - INFO - rec train loss:3.6047, kg train loss:14.0653!
2021-03-27 16:37:51,326 - root - INFO - f1:0.1488, p:0.2332, r:0.1482, hit:0.7502, ndcg:0.5234, topn:10.
2021-03-27 16:38:04,790 - root - INFO - f1:0.1549, p:0.3321, r:0.1333, hit:0.8414, ndcg:0.6170, topn:10.
2021-03-27 16:38:44,507 - root - INFO - head hit:0.1554, head mean rank:417.5908, topn:10.
2021-03-27 16:38:44,507 - root - INFO - tail hit:0.2494, tail mean rank:375.2434, topn:10.
2021-03-27 16:38:44,508 - root - INFO - avg hit:0.2024, avg mean rank:396.4171, topn:10.
2021-03-27 16:39:40,733 - root - INFO - head hit:0.1562, head mean rank:411.8306, topn:10.
2021-03-27 16:39:40,734 - root - INFO - tail hit:0.2449, tail mean rank:372.6340, topn:10.
2021-03-27 16:39:40,734 - root - INFO - avg hit:0.2005, avg mean rank:392.2323, topn:10.
2021-03-27 16:39:40,765 - root - INFO - Checkpointing ...
2021-03-27 16:43:57,505 - root - INFO - rec train loss:3.4713, kg train loss:13.5245!
2021-03-27 16:44:09,603 - root - INFO - f1:0.1503, p:0.2362, r:0.1492, hit:0.7523, ndcg:0.5285, topn:10.
2021-03-27 16:44:22,601 - root - INFO - f1:0.1564, p:0.3353, r:0.1344, hit:0.8424, ndcg:0.6208, topn:10.
2021-03-27 16:45:01,689 - root - INFO - head hit:0.1587, head mean rank:411.3262, topn:10.
2021-03-27 16:45:01,689 - root - INFO - tail hit:0.2504, tail mean rank:365.4518, topn:10.
2021-03-27 16:45:01,689 - root - INFO - avg hit:0.2045, avg mean rank:388.3890, topn:10.
2021-03-27 16:45:57,273 - root - INFO - head hit:0.1596, head mean rank:407.1757, topn:10.
2021-03-27 16:45:57,273 - root - INFO - tail hit:0.2517, tail mean rank:369.8420, topn:10.
2021-03-27 16:45:57,273 - root - INFO - avg hit:0.2057, avg mean rank:388.5089, topn:10.
2021-03-27 16:45:57,304 - root - INFO - Checkpointing ...
2021-03-27 16:50:12,826 - root - INFO - rec train loss:3.3786, kg train loss:13.2628!
2021-03-27 16:50:25,139 - root - INFO - f1:0.1514, p:0.2374, r:0.1509, hit:0.7531, ndcg:0.5289, topn:10.
2021-03-27 16:50:38,312 - root - INFO - f1:0.1559, p:0.3352, r:0.1335, hit:0.8417, ndcg:0.6205, topn:10.
2021-03-27 16:51:17,292 - root - INFO - head hit:0.1611, head mean rank:415.6557, topn:10.
2021-03-27 16:51:17,292 - root - INFO - tail hit:0.2526, tail mean rank:374.5168, topn:10.
2021-03-27 16:51:17,292 - root - INFO - avg hit:0.2069, avg mean rank:395.0863, topn:10.
2021-03-27 16:52:13,719 - root - INFO - head hit:0.1636, head mean rank:412.8994, topn:10.
2021-03-27 16:52:13,719 - root - INFO - tail hit:0.2507, tail mean rank:375.2005, topn:10.
2021-03-27 16:52:13,719 - root - INFO - avg hit:0.2071, avg mean rank:394.0499, topn:10.
2021-03-27 16:52:13,751 - root - INFO - Checkpointing ...
2021-03-27 16:56:28,945 - root - INFO - rec train loss:3.3203, kg train loss:13.0059!
2021-03-27 16:56:41,223 - root - INFO - f1:0.1532, p:0.2402, r:0.1520, hit:0.7579, ndcg:0.5324, topn:10.
2021-03-27 16:56:54,028 - root - INFO - f1:0.1578, p:0.3393, r:0.1351, hit:0.8397, ndcg:0.6219, topn:10.
2021-03-27 16:57:34,626 - root - INFO - head hit:0.1649, head mean rank:414.7442, topn:10.
2021-03-27 16:57:34,626 - root - INFO - tail hit:0.2513, tail mean rank:373.8529, topn:10.
2021-03-27 16:57:34,626 - root - INFO - avg hit:0.2081, avg mean rank:394.2986, topn:10.
2021-03-27 16:58:30,203 - root - INFO - head hit:0.1655, head mean rank:412.9196, topn:10.
2021-03-27 16:58:30,204 - root - INFO - tail hit:0.2528, tail mean rank:377.3553, topn:10.
2021-03-27 16:58:30,204 - root - INFO - avg hit:0.2091, avg mean rank:395.1374, topn:10.
2021-03-27 16:58:30,232 - root - INFO - Checkpointing ...
2021-03-27 17:02:45,948 - root - INFO - rec train loss:3.2631, kg train loss:12.9741!
2021-03-27 17:02:57,942 - root - INFO - f1:0.1533, p:0.2409, r:0.1522, hit:0.7553, ndcg:0.5322, topn:10.
2021-03-27 17:03:10,821 - root - INFO - f1:0.1585, p:0.3407, r:0.1361, hit:0.8430, ndcg:0.6239, topn:10.
2021-03-27 17:03:50,181 - root - INFO - head hit:0.1622, head mean rank:412.9673, topn:10.
2021-03-27 17:03:50,182 - root - INFO - tail hit:0.2542, tail mean rank:374.0162, topn:10.
2021-03-27 17:03:50,182 - root - INFO - avg hit:0.2082, avg mean rank:393.4917, topn:10.
2021-03-27 17:04:45,904 - root - INFO - head hit:0.1648, head mean rank:408.5113, topn:10.
2021-03-27 17:04:45,904 - root - INFO - tail hit:0.2550, tail mean rank:373.3339, topn:10.
2021-03-27 17:04:45,904 - root - INFO - avg hit:0.2099, avg mean rank:390.9226, topn:10.
2021-03-27 17:04:45,937 - root - INFO - Checkpointing ...
2021-03-27 17:09:05,507 - root - INFO - rec train loss:3.2596, kg train loss:12.7777!
2021-03-27 17:09:17,515 - root - INFO - f1:0.1537, p:0.2423, r:0.1518, hit:0.7560, ndcg:0.5348, topn:10.
2021-03-27 17:09:30,632 - root - INFO - f1:0.1593, p:0.3419, r:0.1365, hit:0.8424, ndcg:0.6252, topn:10.
2021-03-27 17:10:10,458 - root - INFO - head hit:0.1661, head mean rank:416.0923, topn:10.
2021-03-27 17:10:10,459 - root - INFO - tail hit:0.2530, tail mean rank:371.2799, topn:10.
2021-03-27 17:10:10,459 - root - INFO - avg hit:0.2095, avg mean rank:393.6861, topn:10.
2021-03-27 17:11:05,788 - root - INFO - head hit:0.1654, head mean rank:408.3991, topn:10.
2021-03-27 17:11:05,789 - root - INFO - tail hit:0.2542, tail mean rank:371.5564, topn:10.
2021-03-27 17:11:05,789 - root - INFO - avg hit:0.2098, avg mean rank:389.9777, topn:10.
2021-03-27 17:11:05,820 - root - INFO - Checkpointing ...
2021-03-27 17:15:19,503 - root - INFO - rec train loss:3.2349, kg train loss:12.7201!
2021-03-27 17:15:31,736 - root - INFO - f1:0.1548, p:0.2435, r:0.1534, hit:0.7538, ndcg:0.5360, topn:10.
2021-03-27 17:15:44,590 - root - INFO - f1:0.1601, p:0.3446, r:0.1369, hit:0.8421, ndcg:0.6257, topn:10.
2021-03-27 17:16:24,379 - root - INFO - head hit:0.1649, head mean rank:418.1644, topn:10.
2021-03-27 17:16:24,379 - root - INFO - tail hit:0.2516, tail mean rank:375.2379, topn:10.
2021-03-27 17:16:24,379 - root - INFO - avg hit:0.2082, avg mean rank:396.7011, topn:10.
2021-03-27 17:17:20,591 - root - INFO - head hit:0.1652, head mean rank:415.3759, topn:10.
2021-03-27 17:17:20,592 - root - INFO - tail hit:0.2528, tail mean rank:380.4302, topn:10.
2021-03-27 17:17:20,592 - root - INFO - avg hit:0.2090, avg mean rank:397.9031, topn:10.
2021-03-27 17:17:20,620 - root - INFO - Checkpointing ...
2021-03-27 17:21:38,776 - root - INFO - rec train loss:3.2391, kg train loss:12.6101!
2021-03-27 17:21:50,824 - root - INFO - f1:0.1555, p:0.2444, r:0.1542, hit:0.7603, ndcg:0.5389, topn:10.
2021-03-27 17:22:03,880 - root - INFO - f1:0.1604, p:0.3444, r:0.1373, hit:0.8422, ndcg:0.6268, topn:10.
2021-03-27 17:22:43,077 - root - INFO - head hit:0.1613, head mean rank:415.2293, topn:10.
2021-03-27 17:22:43,077 - root - INFO - tail hit:0.2497, tail mean rank:372.3166, topn:10.
2021-03-27 17:22:43,077 - root - INFO - avg hit:0.2055, avg mean rank:393.7729, topn:10.
2021-03-27 17:23:38,956 - root - INFO - head hit:0.1665, head mean rank:412.0170, topn:10.
2021-03-27 17:23:38,956 - root - INFO - tail hit:0.2534, tail mean rank:376.0277, topn:10.
2021-03-27 17:23:38,957 - root - INFO - avg hit:0.2100, avg mean rank:394.0223, topn:10.
2021-03-27 17:23:38,988 - root - INFO - Checkpointing ...
2021-03-27 17:27:57,846 - root - INFO - rec train loss:3.1928, kg train loss:12.6361!
2021-03-27 17:28:10,215 - root - INFO - f1:0.1558, p:0.2458, r:0.1538, hit:0.7560, ndcg:0.5366, topn:10.
2021-03-27 17:28:23,528 - root - INFO - f1:0.1610, p:0.3465, r:0.1377, hit:0.8450, ndcg:0.6298, topn:10.
2021-03-27 17:29:03,365 - root - INFO - head hit:0.1666, head mean rank:409.7814, topn:10.
2021-03-27 17:29:03,365 - root - INFO - tail hit:0.2516, tail mean rank:369.3654, topn:10.
2021-03-27 17:29:03,365 - root - INFO - avg hit:0.2091, avg mean rank:389.5734, topn:10.
2021-03-27 17:30:00,145 - root - INFO - head hit:0.1671, head mean rank:408.6358, topn:10.
2021-03-27 17:30:00,146 - root - INFO - tail hit:0.2549, tail mean rank:374.8121, topn:10.
2021-03-27 17:30:00,146 - root - INFO - avg hit:0.2110, avg mean rank:391.7240, topn:10.
2021-03-27 17:30:00,176 - root - INFO - Checkpointing ...
2021-03-27 17:34:15,695 - root - INFO - rec train loss:3.1985, kg train loss:12.6157!
2021-03-27 17:34:27,873 - root - INFO - f1:0.1571, p:0.2470, r:0.1557, hit:0.7632, ndcg:0.5419, topn:10.
2021-03-27 17:34:40,856 - root - INFO - f1:0.1620, p:0.3486, r:0.1381, hit:0.8460, ndcg:0.6291, topn:10.
2021-03-27 17:35:21,042 - root - INFO - head hit:0.1618, head mean rank:411.2433, topn:10.
2021-03-27 17:35:21,043 - root - INFO - tail hit:0.2515, tail mean rank:369.6662, topn:10.
2021-03-27 17:35:21,043 - root - INFO - avg hit:0.2066, avg mean rank:390.4548, topn:10.
2021-03-27 17:36:16,826 - root - INFO - head hit:0.1663, head mean rank:408.3026, topn:10.
2021-03-27 17:36:16,827 - root - INFO - tail hit:0.2575, tail mean rank:372.9595, topn:10.
2021-03-27 17:36:16,827 - root - INFO - avg hit:0.2119, avg mean rank:390.6311, topn:10.
2021-03-27 17:36:16,855 - root - INFO - Checkpointing ...
2021-03-27 17:40:34,748 - root - INFO - rec train loss:3.1635, kg train loss:12.4900!
2021-03-27 17:40:46,865 - root - INFO - f1:0.1570, p:0.2467, r:0.1556, hit:0.7599, ndcg:0.5389, topn:10.
2021-03-27 17:40:59,889 - root - INFO - f1:0.1609, p:0.3475, r:0.1370, hit:0.8432, ndcg:0.6281, topn:10.
2021-03-27 17:41:39,230 - root - INFO - head hit:0.1664, head mean rank:412.4472, topn:10.
2021-03-27 17:41:39,230 - root - INFO - tail hit:0.2558, tail mean rank:371.8033, topn:10.
2021-03-27 17:41:39,230 - root - INFO - avg hit:0.2111, avg mean rank:392.1253, topn:10.
2021-03-27 17:42:35,251 - root - INFO - head hit:0.1679, head mean rank:411.8817, topn:10.
2021-03-27 17:42:35,252 - root - INFO - tail hit:0.2589, tail mean rank:377.2220, topn:10.
2021-03-27 17:42:35,252 - root - INFO - avg hit:0.2134, avg mean rank:394.5518, topn:10.
2021-03-27 17:42:35,283 - root - INFO - No improvement after one epoch. Lowering learning rate.
2021-03-27 17:46:53,539 - root - INFO - rec train loss:2.2369, kg train loss:8.6791!
2021-03-27 17:47:05,786 - root - INFO - f1:0.1591, p:0.2500, r:0.1574, hit:0.7632, ndcg:0.5431, topn:10.
2021-03-27 17:47:18,868 - root - INFO - f1:0.1633, p:0.3516, r:0.1391, hit:0.8462, ndcg:0.6331, topn:10.
2021-03-27 17:47:58,146 - root - INFO - head hit:0.1974, head mean rank:360.3317, topn:10.
2021-03-27 17:47:58,147 - root - INFO - tail hit:0.2968, tail mean rank:333.5770, topn:10.
2021-03-27 17:47:58,147 - root - INFO - avg hit:0.2471, avg mean rank:346.9544, topn:10.
2021-03-27 17:48:53,701 - root - INFO - head hit:0.2026, head mean rank:358.5443, topn:10.
2021-03-27 17:48:53,702 - root - INFO - tail hit:0.2993, tail mean rank:334.7721, topn:10.
2021-03-27 17:48:53,702 - root - INFO - avg hit:0.2510, avg mean rank:346.6582, topn:10.
2021-03-27 17:48:53,735 - root - INFO - Checkpointing ...
2021-03-27 17:53:09,658 - root - INFO - rec train loss:1.9191, kg train loss:7.4994!
2021-03-27 17:53:21,892 - root - INFO - f1:0.1599, p:0.2515, r:0.1583, hit:0.7644, ndcg:0.5464, topn:10.
2021-03-27 17:53:34,819 - root - INFO - f1:0.1646, p:0.3531, r:0.1405, hit:0.8488, ndcg:0.6338, topn:10.
2021-03-27 17:54:14,863 - root - INFO - head hit:0.2077, head mean rank:358.4345, topn:10.
2021-03-27 17:54:14,864 - root - INFO - tail hit:0.3019, tail mean rank:334.0017, topn:10.
2021-03-27 17:54:14,864 - root - INFO - avg hit:0.2548, avg mean rank:346.2181, topn:10.
2021-03-27 17:55:10,365 - root - INFO - head hit:0.2107, head mean rank:356.4834, topn:10.
2021-03-27 17:55:10,365 - root - INFO - tail hit:0.3064, tail mean rank:335.8441, topn:10.
2021-03-27 17:55:10,365 - root - INFO - avg hit:0.2585, avg mean rank:346.1637, topn:10.
2021-03-27 17:55:10,397 - root - INFO - Checkpointing ...
2021-03-27 17:59:28,473 - root - INFO - rec train loss:1.8070, kg train loss:7.2554!
2021-03-27 17:59:40,472 - root - INFO - f1:0.1603, p:0.2520, r:0.1586, hit:0.7639, ndcg:0.5470, topn:10.
2021-03-27 17:59:53,605 - root - INFO - f1:0.1645, p:0.3538, r:0.1404, hit:0.8498, ndcg:0.6337, topn:10.
2021-03-27 18:00:33,504 - root - INFO - head hit:0.2105, head mean rank:357.5430, topn:10.
2021-03-27 18:00:33,504 - root - INFO - tail hit:0.3059, tail mean rank:333.0745, topn:10.
2021-03-27 18:00:33,504 - root - INFO - avg hit:0.2582, avg mean rank:345.3087, topn:10.
2021-03-27 18:01:29,468 - root - INFO - head hit:0.2134, head mean rank:357.5930, topn:10.
2021-03-27 18:01:29,468 - root - INFO - tail hit:0.3081, tail mean rank:335.2938, topn:10.
2021-03-27 18:01:29,468 - root - INFO - avg hit:0.2608, avg mean rank:346.4434, topn:10.
2021-03-27 18:01:29,499 - root - INFO - Checkpointing ...
2021-03-27 18:05:44,600 - root - INFO - rec train loss:1.8084, kg train loss:7.0585!
2021-03-27 18:05:56,765 - root - INFO - f1:0.1613, p:0.2535, r:0.1594, hit:0.7672, ndcg:0.5481, topn:10.
2021-03-27 18:06:10,174 - root - INFO - f1:0.1643, p:0.3538, r:0.1399, hit:0.8477, ndcg:0.6359, topn:10.
2021-03-27 18:06:49,681 - root - INFO - head hit:0.2143, head mean rank:359.2982, topn:10.
2021-03-27 18:06:49,681 - root - INFO - tail hit:0.3045, tail mean rank:335.6761, topn:10.
2021-03-27 18:06:49,681 - root - INFO - avg hit:0.2594, avg mean rank:347.4871, topn:10.
2021-03-27 18:07:44,836 - root - INFO - head hit:0.2168, head mean rank:356.0939, topn:10.
2021-03-27 18:07:44,837 - root - INFO - tail hit:0.3073, tail mean rank:336.6475, topn:10.
2021-03-27 18:07:44,837 - root - INFO - avg hit:0.2621, avg mean rank:346.3707, topn:10.
2021-03-27 18:07:44,869 - root - INFO - Checkpointing ...
2021-03-27 18:11:59,659 - root - INFO - rec train loss:1.8051, kg train loss:6.9729!
2021-03-27 18:12:12,209 - root - INFO - f1:0.1618, p:0.2543, r:0.1601, hit:0.7680, ndcg:0.5501, topn:10.
2021-03-27 18:12:25,340 - root - INFO - f1:0.1648, p:0.3546, r:0.1405, hit:0.8483, ndcg:0.6341, topn:10.
2021-03-27 18:13:05,209 - root - INFO - head hit:0.2130, head mean rank:362.0020, topn:10.
2021-03-27 18:13:05,210 - root - INFO - tail hit:0.3141, tail mean rank:338.2983, topn:10.
2021-03-27 18:13:05,210 - root - INFO - avg hit:0.2635, avg mean rank:350.1502, topn:10.
2021-03-27 18:14:01,131 - root - INFO - head hit:0.2170, head mean rank:358.0007, topn:10.
2021-03-27 18:14:01,131 - root - INFO - tail hit:0.3122, tail mean rank:339.8160, topn:10.
2021-03-27 18:14:01,131 - root - INFO - avg hit:0.2646, avg mean rank:348.9084, topn:10.
2021-03-27 18:14:01,161 - root - INFO - Checkpointing ...
2021-03-27 18:18:16,519 - root - INFO - rec train loss:1.7712, kg train loss:6.8754!
2021-03-27 18:18:28,650 - root - INFO - f1:0.1614, p:0.2539, r:0.1596, hit:0.7649, ndcg:0.5487, topn:10.
2021-03-27 18:18:41,561 - root - INFO - f1:0.1658, p:0.3563, r:0.1412, hit:0.8485, ndcg:0.6351, topn:10.
2021-03-27 18:19:20,886 - root - INFO - head hit:0.2150, head mean rank:360.8682, topn:10.
2021-03-27 18:19:20,886 - root - INFO - tail hit:0.3107, tail mean rank:335.7841, topn:10.
2021-03-27 18:19:20,886 - root - INFO - avg hit:0.2629, avg mean rank:348.3261, topn:10.
2021-03-27 18:20:16,731 - root - INFO - head hit:0.2171, head mean rank:358.3780, topn:10.
2021-03-27 18:20:16,731 - root - INFO - tail hit:0.3115, tail mean rank:338.1947, topn:10.
2021-03-27 18:20:16,731 - root - INFO - avg hit:0.2643, avg mean rank:348.2863, topn:10.
2021-03-27 18:20:16,773 - root - INFO - No improvement after one epoch. Lowering learning rate.
2021-03-27 18:24:32,566 - root - INFO - rec train loss:1.4387, kg train loss:5.5463!
2021-03-27 18:24:44,516 - root - INFO - f1:0.1627, p:0.2560, r:0.1605, hit:0.7664, ndcg:0.5515, topn:10.
2021-03-27 18:24:57,499 - root - INFO - f1:0.1664, p:0.3577, r:0.1418, hit:0.8477, ndcg:0.6375, topn:10.
2021-03-27 18:25:37,144 - root - INFO - head hit:0.2430, head mean rank:342.9994, topn:10.
2021-03-27 18:25:37,144 - root - INFO - tail hit:0.3359, tail mean rank:320.6781, topn:10.
2021-03-27 18:25:37,144 - root - INFO - avg hit:0.2895, avg mean rank:331.8387, topn:10.
2021-03-27 18:26:32,513 - root - INFO - head hit:0.2408, head mean rank:338.9102, topn:10.
2021-03-27 18:26:32,514 - root - INFO - tail hit:0.3372, tail mean rank:323.2089, topn:10.
2021-03-27 18:26:32,514 - root - INFO - avg hit:0.2890, avg mean rank:331.0595, topn:10.
2021-03-27 18:26:32,542 - root - INFO - Checkpointing ...
2021-03-27 18:30:44,047 - root - INFO - rec train loss:1.2840, kg train loss:4.9629!
2021-03-27 18:30:56,107 - root - INFO - f1:0.1635, p:0.2574, r:0.1615, hit:0.7685, ndcg:0.5523, topn:10.
2021-03-27 18:31:09,304 - root - INFO - f1:0.1664, p:0.3580, r:0.1417, hit:0.8464, ndcg:0.6369, topn:10.
2021-03-27 18:31:49,617 - root - INFO - head hit:0.2489, head mean rank:341.0072, topn:10.
2021-03-27 18:31:49,617 - root - INFO - tail hit:0.3416, tail mean rank:322.3869, topn:10.
2021-03-27 18:31:49,617 - root - INFO - avg hit:0.2952, avg mean rank:331.6971, topn:10.
2021-03-27 18:32:46,594 - root - INFO - head hit:0.2522, head mean rank:338.0607, topn:10.
2021-03-27 18:32:46,595 - root - INFO - tail hit:0.3439, tail mean rank:324.0594, topn:10.
2021-03-27 18:32:46,595 - root - INFO - avg hit:0.2981, avg mean rank:331.0600, topn:10.
2021-03-27 18:32:46,626 - root - INFO - Checkpointing ...
2021-03-27 18:36:52,157 - root - INFO - rec train loss:1.2398, kg train loss:4.7682!
2021-03-27 18:37:04,298 - root - INFO - f1:0.1636, p:0.2574, r:0.1617, hit:0.7685, ndcg:0.5519, topn:10.
2021-03-27 18:37:17,473 - root - INFO - f1:0.1666, p:0.3582, r:0.1418, hit:0.8470, ndcg:0.6369, topn:10.
2021-03-27 18:37:56,940 - root - INFO - head hit:0.2495, head mean rank:339.9043, topn:10.
2021-03-27 18:37:56,940 - root - INFO - tail hit:0.3486, tail mean rank:321.3542, topn:10.
2021-03-27 18:37:56,940 - root - INFO - avg hit:0.2990, avg mean rank:330.6292, topn:10.
2021-03-27 18:38:51,691 - root - INFO - head hit:0.2508, head mean rank:337.6333, topn:10.
2021-03-27 18:38:51,692 - root - INFO - tail hit:0.3500, tail mean rank:327.4026, topn:10.
2021-03-27 18:38:51,692 - root - INFO - avg hit:0.3004, avg mean rank:332.5179, topn:10.
2021-03-27 18:38:51,720 - root - INFO - Checkpointing ...
2021-03-27 18:42:49,766 - root - INFO - rec train loss:1.2166, kg train loss:4.6639!
2021-03-27 18:43:01,982 - root - INFO - f1:0.1640, p:0.2580, r:0.1622, hit:0.7687, ndcg:0.5534, topn:10.
2021-03-27 18:43:15,333 - root - INFO - f1:0.1670, p:0.3590, r:0.1424, hit:0.8492, ndcg:0.6381, topn:10.
2021-03-27 18:43:55,231 - root - INFO - head hit:0.2539, head mean rank:340.7587, topn:10.
2021-03-27 18:43:55,231 - root - INFO - tail hit:0.3481, tail mean rank:321.2852, topn:10.
2021-03-27 18:43:55,232 - root - INFO - avg hit:0.3010, avg mean rank:331.0219, topn:10.
2021-03-27 18:44:52,040 - root - INFO - head hit:0.2577, head mean rank:338.0276, topn:10.
2021-03-27 18:44:52,041 - root - INFO - tail hit:0.3495, tail mean rank:325.1284, topn:10.
2021-03-27 18:44:52,041 - root - INFO - avg hit:0.3036, avg mean rank:331.5780, topn:10.
2021-03-27 18:44:52,071 - root - INFO - Checkpointing ...
2021-03-27 18:48:47,032 - root - INFO - rec train loss:1.1965, kg train loss:4.6141!
2021-03-27 18:48:59,254 - root - INFO - f1:0.1643, p:0.2584, r:0.1622, hit:0.7697, ndcg:0.5527, topn:10.
2021-03-27 18:49:12,953 - root - INFO - f1:0.1673, p:0.3597, r:0.1423, hit:0.8475, ndcg:0.6375, topn:10.
2021-03-27 18:49:52,469 - root - INFO - head hit:0.2582, head mean rank:343.0788, topn:10.
2021-03-27 18:49:52,470 - root - INFO - tail hit:0.3518, tail mean rank:322.2618, topn:10.
2021-03-27 18:49:52,470 - root - INFO - avg hit:0.3050, avg mean rank:332.6703, topn:10.
2021-03-27 18:50:47,467 - root - INFO - head hit:0.2610, head mean rank:339.6409, topn:10.
2021-03-27 18:50:47,468 - root - INFO - tail hit:0.3526, tail mean rank:326.8691, topn:10.
2021-03-27 18:50:47,468 - root - INFO - avg hit:0.3068, avg mean rank:333.2550, topn:10.
2021-03-27 18:50:47,496 - root - INFO - Checkpointing ...
2021-03-27 18:54:47,291 - root - INFO - rec train loss:1.1736, kg train loss:4.5385!
2021-03-27 18:54:59,356 - root - INFO - f1:0.1647, p:0.2592, r:0.1626, hit:0.7707, ndcg:0.5553, topn:10.
2021-03-27 18:55:12,261 - root - INFO - f1:0.1674, p:0.3599, r:0.1424, hit:0.8487, ndcg:0.6384, topn:10.
2021-03-27 18:55:52,156 - root - INFO - head hit:0.2597, head mean rank:343.4819, topn:10.
2021-03-27 18:55:52,156 - root - INFO - tail hit:0.3520, tail mean rank:325.0001, topn:10.
2021-03-27 18:55:52,156 - root - INFO - avg hit:0.3059, avg mean rank:334.2410, topn:10.
2021-03-27 18:56:49,475 - root - INFO - head hit:0.2592, head mean rank:340.8938, topn:10.
2021-03-27 18:56:49,475 - root - INFO - tail hit:0.3523, tail mean rank:328.7870, topn:10.
2021-03-27 18:56:49,475 - root - INFO - avg hit:0.3058, avg mean rank:334.8404, topn:10.
2021-03-27 18:56:49,506 - root - INFO - Checkpointing ...
2021-03-27 19:00:47,202 - root - INFO - rec train loss:1.1567, kg train loss:4.4589!
2021-03-27 19:00:59,527 - root - INFO - f1:0.1649, p:0.2594, r:0.1629, hit:0.7714, ndcg:0.5547, topn:10.
2021-03-27 19:01:12,632 - root - INFO - f1:0.1676, p:0.3606, r:0.1426, hit:0.8475, ndcg:0.6384, topn:10.
2021-03-27 19:01:52,088 - root - INFO - head hit:0.2585, head mean rank:342.0824, topn:10.
2021-03-27 19:01:52,089 - root - INFO - tail hit:0.3544, tail mean rank:324.9418, topn:10.
2021-03-27 19:01:52,089 - root - INFO - avg hit:0.3064, avg mean rank:333.5121, topn:10.
2021-03-27 19:02:48,393 - root - INFO - head hit:0.2608, head mean rank:339.7029, topn:10.
2021-03-27 19:02:48,393 - root - INFO - tail hit:0.3539, tail mean rank:329.5217, topn:10.
2021-03-27 19:02:48,394 - root - INFO - avg hit:0.3073, avg mean rank:334.6123, topn:10.
2021-03-27 19:02:48,422 - root - INFO - Checkpointing ...
2021-03-27 19:06:28,097 - root - INFO - rec train loss:1.1643, kg train loss:4.4700!
2021-03-27 19:06:40,360 - root - INFO - f1:0.1649, p:0.2597, r:0.1627, hit:0.7709, ndcg:0.5556, topn:10.
2021-03-27 19:06:53,274 - root - INFO - f1:0.1676, p:0.3607, r:0.1426, hit:0.8508, ndcg:0.6402, topn:10.
2021-03-27 19:07:32,978 - root - INFO - head hit:0.2602, head mean rank:345.1074, topn:10.
2021-03-27 19:07:32,979 - root - INFO - tail hit:0.3565, tail mean rank:325.8276, topn:10.
2021-03-27 19:07:32,979 - root - INFO - avg hit:0.3084, avg mean rank:335.4675, topn:10.
2021-03-27 19:08:29,608 - root - INFO - head hit:0.2618, head mean rank:341.1113, topn:10.
2021-03-27 19:08:29,608 - root - INFO - tail hit:0.3586, tail mean rank:327.5408, topn:10.
2021-03-27 19:08:29,609 - root - INFO - avg hit:0.3102, avg mean rank:334.3260, topn:10.
2021-03-27 19:08:29,640 - root - INFO - Checkpointing ...
2021-03-27 19:12:29,658 - root - INFO - rec train loss:1.1486, kg train loss:4.4251!
2021-03-27 19:12:41,669 - root - INFO - f1:0.1651, p:0.2600, r:0.1629, hit:0.7699, ndcg:0.5554, topn:10.
2021-03-27 19:12:54,752 - root - INFO - f1:0.1677, p:0.3612, r:0.1426, hit:0.8465, ndcg:0.6400, topn:10.
2021-03-27 19:13:34,441 - root - INFO - head hit:0.2647, head mean rank:343.7919, topn:10.
2021-03-27 19:13:34,441 - root - INFO - tail hit:0.3565, tail mean rank:326.3273, topn:10.
2021-03-27 19:13:34,441 - root - INFO - avg hit:0.3106, avg mean rank:335.0596, topn:10.
2021-03-27 19:14:28,914 - root - INFO - head hit:0.2664, head mean rank:338.2042, topn:10.
2021-03-27 19:14:28,915 - root - INFO - tail hit:0.3586, tail mean rank:327.9026, topn:10.
2021-03-27 19:14:28,915 - root - INFO - avg hit:0.3125, avg mean rank:333.0534, topn:10.
2021-03-27 19:14:28,944 - root - INFO - Checkpointing ...
2021-03-27 19:18:27,190 - root - INFO - rec train loss:1.1227, kg train loss:4.3899!
2021-03-27 19:18:39,455 - root - INFO - f1:0.1656, p:0.2607, r:0.1633, hit:0.7717, ndcg:0.5554, topn:10.
2021-03-27 19:18:52,561 - root - INFO - f1:0.1677, p:0.3612, r:0.1425, hit:0.8488, ndcg:0.6400, topn:10.
2021-03-27 19:19:31,966 - root - INFO - head hit:0.2653, head mean rank:344.7589, topn:10.
2021-03-27 19:19:31,967 - root - INFO - tail hit:0.3567, tail mean rank:327.3007, topn:10.
2021-03-27 19:19:31,967 - root - INFO - avg hit:0.3110, avg mean rank:336.0298, topn:10.
2021-03-27 19:20:28,345 - root - INFO - head hit:0.2674, head mean rank:338.9250, topn:10.
2021-03-27 19:20:28,345 - root - INFO - tail hit:0.3594, tail mean rank:327.6948, topn:10.
2021-03-27 19:20:28,346 - root - INFO - avg hit:0.3134, avg mean rank:333.3099, topn:10.
2021-03-27 19:20:28,382 - root - INFO - Checkpointing ...
2021-03-27 19:24:25,558 - root - INFO - rec train loss:1.1532, kg train loss:4.3820!
2021-03-27 19:24:37,677 - root - INFO - f1:0.1662, p:0.2611, r:0.1642, hit:0.7745, ndcg:0.5567, topn:10.
2021-03-27 19:24:50,796 - root - INFO - f1:0.1676, p:0.3615, r:0.1424, hit:0.8493, ndcg:0.6406, topn:10.
2021-03-27 19:25:30,501 - root - INFO - head hit:0.2646, head mean rank:345.8491, topn:10.
2021-03-27 19:25:30,501 - root - INFO - tail hit:0.3592, tail mean rank:329.4238, topn:10.
2021-03-27 19:25:30,501 - root - INFO - avg hit:0.3119, avg mean rank:337.6365, topn:10.
2021-03-27 19:26:25,206 - root - INFO - head hit:0.2666, head mean rank:342.3714, topn:10.
2021-03-27 19:26:25,206 - root - INFO - tail hit:0.3598, tail mean rank:332.4475, topn:10.
2021-03-27 19:26:25,206 - root - INFO - avg hit:0.3132, avg mean rank:337.4095, topn:10.
2021-03-27 19:26:25,239 - root - INFO - Checkpointing ...
2021-03-27 19:30:25,015 - root - INFO - rec train loss:1.1158, kg train loss:4.3824!
2021-03-27 19:30:37,421 - root - INFO - f1:0.1662, p:0.2618, r:0.1637, hit:0.7732, ndcg:0.5570, topn:10.
2021-03-27 19:30:50,270 - root - INFO - f1:0.1685, p:0.3626, r:0.1432, hit:0.8512, ndcg:0.6421, topn:10.
2021-03-27 19:31:30,216 - root - INFO - head hit:0.2655, head mean rank:343.9238, topn:10.
2021-03-27 19:31:30,217 - root - INFO - tail hit:0.3556, tail mean rank:326.7663, topn:10.
2021-03-27 19:31:30,217 - root - INFO - avg hit:0.3106, avg mean rank:335.3451, topn:10.
2021-03-27 19:32:26,248 - root - INFO - head hit:0.2684, head mean rank:340.4208, topn:10.
2021-03-27 19:32:26,249 - root - INFO - tail hit:0.3597, tail mean rank:328.6915, topn:10.
2021-03-27 19:32:26,249 - root - INFO - avg hit:0.3140, avg mean rank:334.5562, topn:10.
2021-03-27 19:32:26,279 - root - INFO - No improvement after one epoch. Lowering learning rate.
2021-03-27 19:36:24,046 - root - INFO - rec train loss:1.0094, kg train loss:3.8647!
2021-03-27 19:36:36,402 - root - INFO - f1:0.1664, p:0.2619, r:0.1642, hit:0.7732, ndcg:0.5576, topn:10.
2021-03-27 19:36:49,680 - root - INFO - f1:0.1687, p:0.3631, r:0.1435, hit:0.8510, ndcg:0.6422, topn:10.
2021-03-27 19:37:28,798 - root - INFO - head hit:0.2772, head mean rank:335.3718, topn:10.
2021-03-27 19:37:28,798 - root - INFO - tail hit:0.3695, tail mean rank:319.7768, topn:10.
2021-03-27 19:37:28,798 - root - INFO - avg hit:0.3234, avg mean rank:327.5743, topn:10.
2021-03-27 19:38:24,815 - root - INFO - head hit:0.2803, head mean rank:332.5649, topn:10.
2021-03-27 19:38:24,815 - root - INFO - tail hit:0.3719, tail mean rank:322.7394, topn:10.
2021-03-27 19:38:24,815 - root - INFO - avg hit:0.3261, avg mean rank:327.6522, topn:10.
2021-03-27 19:38:24,844 - root - INFO - Checkpointing ...
2021-03-27 19:42:21,858 - root - INFO - rec train loss:0.9571, kg train loss:3.6300!
2021-03-27 19:42:34,361 - root - INFO - f1:0.1668, p:0.2625, r:0.1645, hit:0.7728, ndcg:0.5577, topn:10.
2021-03-27 19:42:47,631 - root - INFO - f1:0.1687, p:0.3628, r:0.1436, hit:0.8525, ndcg:0.6431, topn:10.
2021-03-27 19:43:27,545 - root - INFO - head hit:0.2847, head mean rank:335.5919, topn:10.
2021-03-27 19:43:27,545 - root - INFO - tail hit:0.3771, tail mean rank:318.9467, topn:10.
2021-03-27 19:43:27,545 - root - INFO - avg hit:0.3309, avg mean rank:327.2693, topn:10.
2021-03-27 19:44:23,025 - root - INFO - head hit:0.2866, head mean rank:331.9584, topn:10.
2021-03-27 19:44:23,026 - root - INFO - tail hit:0.3773, tail mean rank:322.8188, topn:10.
2021-03-27 19:44:23,026 - root - INFO - avg hit:0.3320, avg mean rank:327.3886, topn:10.
2021-03-27 19:44:23,054 - root - INFO - Checkpointing ...
2021-03-27 19:48:21,602 - root - INFO - rec train loss:0.9332, kg train loss:3.5114!
2021-03-27 19:48:33,906 - root - INFO - f1:0.1669, p:0.2627, r:0.1645, hit:0.7733, ndcg:0.5578, topn:10.
2021-03-27 19:48:46,869 - root - INFO - f1:0.1686, p:0.3631, r:0.1433, hit:0.8508, ndcg:0.6421, topn:10.
2021-03-27 19:49:26,633 - root - INFO - head hit:0.2871, head mean rank:333.2604, topn:10.
2021-03-27 19:49:26,633 - root - INFO - tail hit:0.3784, tail mean rank:318.4090, topn:10.
2021-03-27 19:49:26,633 - root - INFO - avg hit:0.3327, avg mean rank:325.8347, topn:10.
2021-03-27 19:50:22,499 - root - INFO - head hit:0.2898, head mean rank:331.2143, topn:10.
2021-03-27 19:50:22,499 - root - INFO - tail hit:0.3815, tail mean rank:323.2949, topn:10.
2021-03-27 19:50:22,499 - root - INFO - avg hit:0.3357, avg mean rank:327.2546, topn:10.
2021-03-27 19:50:22,529 - root - INFO - Checkpointing ...
2021-03-27 19:54:20,390 - root - INFO - rec train loss:0.9152, kg train loss:3.5163!
2021-03-27 19:54:32,627 - root - INFO - f1:0.1672, p:0.2630, r:0.1650, hit:0.7738, ndcg:0.5583, topn:10.
2021-03-27 19:54:45,573 - root - INFO - f1:0.1690, p:0.3640, r:0.1437, hit:0.8510, ndcg:0.6425, topn:10.
2021-03-27 19:55:25,661 - root - INFO - head hit:0.2908, head mean rank:333.7352, topn:10.
2021-03-27 19:55:25,661 - root - INFO - tail hit:0.3798, tail mean rank:318.4591, topn:10.
2021-03-27 19:55:25,661 - root - INFO - avg hit:0.3353, avg mean rank:326.0971, topn:10.
2021-03-27 19:56:22,073 - root - INFO - head hit:0.2930, head mean rank:330.8324, topn:10.
2021-03-27 19:56:22,074 - root - INFO - tail hit:0.3843, tail mean rank:322.2299, topn:10.
2021-03-27 19:56:22,074 - root - INFO - avg hit:0.3387, avg mean rank:326.5311, topn:10.
2021-03-27 19:56:22,103 - root - INFO - Checkpointing ...
2021-03-27 20:00:20,534 - root - INFO - rec train loss:0.9051, kg train loss:3.4324!
2021-03-27 20:00:32,863 - root - INFO - f1:0.1676, p:0.2634, r:0.1654, hit:0.7747, ndcg:0.5583, topn:10.
2021-03-27 20:00:45,935 - root - INFO - f1:0.1692, p:0.3641, r:0.1442, hit:0.8510, ndcg:0.6428, topn:10.
2021-03-27 20:01:25,570 - root - INFO - head hit:0.2910, head mean rank:334.6781, topn:10.
2021-03-27 20:01:25,570 - root - INFO - tail hit:0.3831, tail mean rank:318.0100, topn:10.
2021-03-27 20:01:25,570 - root - INFO - avg hit:0.3371, avg mean rank:326.3440, topn:10.
2021-03-27 20:02:20,611 - root - INFO - head hit:0.2934, head mean rank:330.9856, topn:10.
2021-03-27 20:02:20,611 - root - INFO - tail hit:0.3836, tail mean rank:322.7403, topn:10.
2021-03-27 20:02:20,611 - root - INFO - avg hit:0.3385, avg mean rank:326.8629, topn:10.
2021-03-27 20:02:20,639 - root - INFO - Checkpointing ...
2021-03-27 20:06:18,374 - root - INFO - rec train loss:0.9058, kg train loss:3.4364!
2021-03-27 20:06:30,813 - root - INFO - f1:0.1678, p:0.2636, r:0.1656, hit:0.7730, ndcg:0.5578, topn:10.
2021-03-27 20:06:44,076 - root - INFO - f1:0.1690, p:0.3637, r:0.1438, hit:0.8518, ndcg:0.6433, topn:10.
2021-03-27 20:07:23,534 - root - INFO - head hit:0.2933, head mean rank:335.3616, topn:10.
2021-03-27 20:07:23,534 - root - INFO - tail hit:0.3823, tail mean rank:320.0558, topn:10.
2021-03-27 20:07:23,534 - root - INFO - avg hit:0.3378, avg mean rank:327.7087, topn:10.
2021-03-27 20:08:20,263 - root - INFO - head hit:0.2963, head mean rank:331.7228, topn:10.
2021-03-27 20:08:20,263 - root - INFO - tail hit:0.3854, tail mean rank:324.5494, topn:10.
2021-03-27 20:08:20,264 - root - INFO - avg hit:0.3408, avg mean rank:328.1361, topn:10.
2021-03-27 20:08:20,292 - root - INFO - Checkpointing ...
2021-03-27 20:12:31,075 - root - INFO - rec train loss:0.9089, kg train loss:3.3724!
2021-03-27 20:12:43,371 - root - INFO - f1:0.1678, p:0.2637, r:0.1654, hit:0.7724, ndcg:0.5578, topn:10.
2021-03-27 20:12:56,444 - root - INFO - f1:0.1694, p:0.3644, r:0.1442, hit:0.8517, ndcg:0.6433, topn:10.
2021-03-27 20:13:36,433 - root - INFO - head hit:0.2971, head mean rank:335.0162, topn:10.
2021-03-27 20:13:36,433 - root - INFO - tail hit:0.3839, tail mean rank:320.5817, topn:10.
2021-03-27 20:13:36,433 - root - INFO - avg hit:0.3405, avg mean rank:327.7990, topn:10.
2021-03-27 20:14:32,079 - root - INFO - head hit:0.2997, head mean rank:333.1076, topn:10.
2021-03-27 20:14:32,080 - root - INFO - tail hit:0.3885, tail mean rank:324.2468, topn:10.
2021-03-27 20:14:32,080 - root - INFO - avg hit:0.3441, avg mean rank:328.6772, topn:10.
2021-03-27 20:14:32,108 - root - INFO - No improvement after one epoch. Lowering learning rate.
2021-03-27 20:18:42,123 - root - INFO - rec train loss:0.8428, kg train loss:3.1963!
2021-03-27 20:18:54,582 - root - INFO - f1:0.1676, p:0.2636, r:0.1651, hit:0.7717, ndcg:0.5574, topn:10.
2021-03-27 20:19:07,878 - root - INFO - f1:0.1692, p:0.3644, r:0.1439, hit:0.8508, ndcg:0.6427, topn:10.
2021-03-27 20:19:47,417 - root - INFO - head hit:0.3030, head mean rank:330.4025, topn:10.
2021-03-27 20:19:47,417 - root - INFO - tail hit:0.3886, tail mean rank:316.8830, topn:10.
2021-03-27 20:19:47,417 - root - INFO - avg hit:0.3458, avg mean rank:323.6428, topn:10.
2021-03-27 20:20:44,582 - root - INFO - head hit:0.3050, head mean rank:329.0362, topn:10.
2021-03-27 20:20:44,582 - root - INFO - tail hit:0.3916, tail mean rank:321.4631, topn:10.
2021-03-27 20:20:44,582 - root - INFO - avg hit:0.3483, avg mean rank:325.2497, topn:10.
2021-03-27 20:20:44,604 - root - INFO - No improvement after one epoch. Lowering learning rate.
2021-03-27 20:24:53,896 - root - INFO - rec train loss:0.8083, kg train loss:3.0566!
2021-03-27 20:25:06,189 - root - INFO - f1:0.1678, p:0.2640, r:0.1651, hit:0.7722, ndcg:0.5577, topn:10.
2021-03-27 20:25:19,231 - root - INFO - f1:0.1693, p:0.3645, r:0.1440, hit:0.8507, ndcg:0.6428, topn:10.
2021-03-27 20:25:59,002 - root - INFO - head hit:0.3081, head mean rank:328.9198, topn:10.
2021-03-27 20:25:59,003 - root - INFO - tail hit:0.3919, tail mean rank:315.1361, topn:10.
2021-03-27 20:25:59,003 - root - INFO - avg hit:0.3500, avg mean rank:322.0279, topn:10.
2021-03-27 20:26:54,329 - root - INFO - head hit:0.3095, head mean rank:327.4605, topn:10.
2021-03-27 20:26:54,330 - root - INFO - tail hit:0.3948, tail mean rank:319.4316, topn:10.
2021-03-27 20:26:54,330 - root - INFO - avg hit:0.3522, avg mean rank:323.4460, topn:10.
2021-03-27 20:26:54,358 - root - INFO - No improvement after one epoch. Lowering learning rate.
2021-03-27 20:31:02,912 - root - INFO - rec train loss:0.7824, kg train loss:2.9780!
2021-03-27 20:31:14,968 - root - INFO - f1:0.1679, p:0.2641, r:0.1654, hit:0.7730, ndcg:0.5584, topn:10.
2021-03-27 20:31:28,035 - root - INFO - f1:0.1693, p:0.3646, r:0.1440, hit:0.8507, ndcg:0.6430, topn:10.
2021-03-27 20:32:07,975 - root - INFO - head hit:0.3092, head mean rank:328.0812, topn:10.
2021-03-27 20:32:07,976 - root - INFO - tail hit:0.3936, tail mean rank:313.8071, topn:10.
2021-03-27 20:32:07,976 - root - INFO - avg hit:0.3514, avg mean rank:320.9441, topn:10.
2021-03-27 20:33:04,485 - root - INFO - head hit:0.3109, head mean rank:326.5550, topn:10.
2021-03-27 20:33:04,486 - root - INFO - tail hit:0.3959, tail mean rank:318.1881, topn:10.
2021-03-27 20:33:04,486 - root - INFO - avg hit:0.3534, avg mean rank:322.3715, topn:10.
2021-03-27 20:33:04,515 - root - INFO - Checkpointing ...
2021-03-27 20:37:13,242 - root - INFO - rec train loss:0.7705, kg train loss:2.9651!
2021-03-27 20:37:25,415 - root - INFO - f1:0.1677, p:0.2639, r:0.1652, hit:0.7720, ndcg:0.5581, topn:10.
2021-03-27 20:37:38,489 - root - INFO - f1:0.1694, p:0.3646, r:0.1442, hit:0.8510, ndcg:0.6429, topn:10.
2021-03-27 20:38:18,176 - root - INFO - head hit:0.3104, head mean rank:327.5785, topn:10.
2021-03-27 20:38:18,177 - root - INFO - tail hit:0.3950, tail mean rank:313.4841, topn:10.
2021-03-27 20:38:18,177 - root - INFO - avg hit:0.3527, avg mean rank:320.5313, topn:10.
2021-03-27 20:39:13,681 - root - INFO - head hit:0.3116, head mean rank:326.1738, topn:10.
2021-03-27 20:39:13,681 - root - INFO - tail hit:0.3969, tail mean rank:318.2187, topn:10.
2021-03-27 20:39:13,681 - root - INFO - avg hit:0.3542, avg mean rank:322.1962, topn:10.
2021-03-27 20:39:13,708 - root - INFO - No improvement after one epoch. Lowering learning rate.
2021-03-27 20:43:22,472 - root - INFO - rec train loss:0.7650, kg train loss:2.9166!
2021-03-27 20:43:34,776 - root - INFO - f1:0.1679, p:0.2641, r:0.1654, hit:0.7724, ndcg:0.5580, topn:10.
2021-03-27 20:43:47,900 - root - INFO - f1:0.1694, p:0.3646, r:0.1442, hit:0.8510, ndcg:0.6430, topn:10.
2021-03-27 20:44:27,590 - root - INFO - head hit:0.3116, head mean rank:327.3425, topn:10.
2021-03-27 20:44:27,591 - root - INFO - tail hit:0.3955, tail mean rank:312.8461, topn:10.
2021-03-27 20:44:27,591 - root - INFO - avg hit:0.3536, avg mean rank:320.0943, topn:10.
2021-03-27 20:45:23,525 - root - INFO - head hit:0.3130, head mean rank:325.9333, topn:10.
2021-03-27 20:45:23,525 - root - INFO - tail hit:0.3977, tail mean rank:317.6921, topn:10.
2021-03-27 20:45:23,525 - root - INFO - avg hit:0.3553, avg mean rank:321.8127, topn:10.
2021-03-27 20:45:23,554 - root - INFO - No improvement after one epoch. Lowering learning rate.
2021-03-27 20:49:32,145 - root - INFO - rec train loss:0.7655, kg train loss:2.8654!
2021-03-27 20:49:44,276 - root - INFO - f1:0.1679, p:0.2641, r:0.1654, hit:0.7725, ndcg:0.5581, topn:10.
2021-03-27 20:49:57,479 - root - INFO - f1:0.1693, p:0.3645, r:0.1441, hit:0.8507, ndcg:0.6432, topn:10.
2021-03-27 20:50:37,783 - root - INFO - head hit:0.3121, head mean rank:327.0773, topn:10.
2021-03-27 20:50:37,783 - root - INFO - tail hit:0.3952, tail mean rank:312.7887, topn:10.
2021-03-27 20:50:37,783 - root - INFO - avg hit:0.3536, avg mean rank:319.9330, topn:10.
2021-03-27 20:51:34,336 - root - INFO - head hit:0.3137, head mean rank:325.6966, topn:10.
2021-03-27 20:51:34,336 - root - INFO - tail hit:0.3982, tail mean rank:317.6081, topn:10.
2021-03-27 20:51:34,336 - root - INFO - avg hit:0.3560, avg mean rank:321.6524, topn:10.
2021-03-27 20:51:34,363 - root - INFO - No improvement after one epoch. Lowering learning rate.
2021-03-27 20:55:43,570 - root - INFO - rec train loss:0.7434, kg train loss:2.8765!
2021-03-27 20:55:55,976 - root - INFO - f1:0.1679, p:0.2642, r:0.1654, hit:0.7727, ndcg:0.5581, topn:10.
2021-03-27 20:56:09,173 - root - INFO - f1:0.1693, p:0.3645, r:0.1441, hit:0.8507, ndcg:0.6432, topn:10.
2021-03-27 20:56:48,609 - root - INFO - head hit:0.3121, head mean rank:327.0826, topn:10.
2021-03-27 20:56:48,610 - root - INFO - tail hit:0.3958, tail mean rank:312.6867, topn:10.
2021-03-27 20:56:48,610 - root - INFO - avg hit:0.3539, avg mean rank:319.8847, topn:10.
2021-03-27 20:57:45,030 - root - INFO - head hit:0.3139, head mean rank:325.6353, topn:10.
2021-03-27 20:57:45,030 - root - INFO - tail hit:0.3983, tail mean rank:317.5317, topn:10.
2021-03-27 20:57:45,031 - root - INFO - avg hit:0.3561, avg mean rank:321.5835, topn:10.
2021-03-27 20:57:45,062 - root - INFO - No improvement after one epoch. Lowering learning rate.
2021-03-27 21:01:54,908 - root - INFO - rec train loss:0.7616, kg train loss:2.8752!
2021-03-27 21:02:07,214 - root - INFO - f1:0.1679, p:0.2642, r:0.1654, hit:0.7725, ndcg:0.5579, topn:10.
2021-03-27 21:02:20,131 - root - INFO - f1:0.1693, p:0.3645, r:0.1441, hit:0.8507, ndcg:0.6432, topn:10.
2021-03-27 21:02:59,931 - root - INFO - head hit:0.3122, head mean rank:327.0318, topn:10.
2021-03-27 21:02:59,931 - root - INFO - tail hit:0.3960, tail mean rank:312.6384, topn:10.
2021-03-27 21:02:59,931 - root - INFO - avg hit:0.3541, avg mean rank:319.8351, topn:10.
2021-03-27 21:03:55,347 - root - INFO - head hit:0.3140, head mean rank:325.5851, topn:10.
2021-03-27 21:03:55,347 - root - INFO - tail hit:0.3986, tail mean rank:317.4891, topn:10.
2021-03-27 21:03:55,347 - root - INFO - avg hit:0.3563, avg mean rank:321.5371, topn:10.
2021-03-27 21:03:55,376 - root - INFO - Checkpointing ...
2021-03-27 21:08:06,740 - root - INFO - rec train loss:0.7706, kg train loss:2.8692!
2021-03-27 21:08:18,847 - root - INFO - f1:0.1679, p:0.2642, r:0.1654, hit:0.7727, ndcg:0.5580, topn:10.
2021-03-27 21:08:31,651 - root - INFO - f1:0.1693, p:0.3645, r:0.1441, hit:0.8507, ndcg:0.6431, topn:10.
2021-03-27 21:09:11,724 - root - INFO - head hit:0.3127, head mean rank:327.0166, topn:10.
2021-03-27 21:09:11,724 - root - INFO - tail hit:0.3960, tail mean rank:312.5998, topn:10.
2021-03-27 21:09:11,724 - root - INFO - avg hit:0.3543, avg mean rank:319.8082, topn:10.
2021-03-27 21:10:07,804 - root - INFO - head hit:0.3141, head mean rank:325.5429, topn:10.
2021-03-27 21:10:07,804 - root - INFO - tail hit:0.3987, tail mean rank:317.4393, topn:10.
2021-03-27 21:10:07,804 - root - INFO - avg hit:0.3564, avg mean rank:321.4911, topn:10.
2021-03-27 21:10:07,836 - root - INFO - No improvement after one epoch. Lowering learning rate.
2021-03-27 21:14:16,165 - root - INFO - rec train loss:0.7666, kg train loss:2.8732!
2021-03-27 21:14:28,466 - root - INFO - f1:0.1679, p:0.2641, r:0.1654, hit:0.7727, ndcg:0.5581, topn:10.
2021-03-27 21:14:41,481 - root - INFO - f1:0.1693, p:0.3646, r:0.1441, hit:0.8508, ndcg:0.6431, topn:10.
2021-03-27 21:15:21,198 - root - INFO - head hit:0.3125, head mean rank:326.9986, topn:10.
2021-03-27 21:15:21,198 - root - INFO - tail hit:0.3960, tail mean rank:312.5842, topn:10.
2021-03-27 21:15:21,198 - root - INFO - avg hit:0.3543, avg mean rank:319.7914, topn:10.
2021-03-27 21:16:17,570 - root - INFO - head hit:0.3141, head mean rank:325.5302, topn:10.
2021-03-27 21:16:17,571 - root - INFO - tail hit:0.3987, tail mean rank:317.4110, topn:10.
2021-03-27 21:16:17,571 - root - INFO - avg hit:0.3564, avg mean rank:321.4706, topn:10.
2021-03-27 21:16:17,599 - root - INFO - No improvement after one epoch. Lowering learning rate.
2021-03-27 21:20:14,747 - root - INFO - rec train loss:0.7605, kg train loss:2.8541!
2021-03-27 21:20:26,799 - root - INFO - f1:0.1679, p:0.2641, r:0.1654, hit:0.7727, ndcg:0.5580, topn:10.
2021-03-27 21:20:40,085 - root - INFO - f1:0.1693, p:0.3645, r:0.1441, hit:0.8508, ndcg:0.6431, topn:10.
2021-03-27 21:21:19,417 - root - INFO - head hit:0.3127, head mean rank:326.9887, topn:10.
2021-03-27 21:21:19,417 - root - INFO - tail hit:0.3961, tail mean rank:312.5695, topn:10.
2021-03-27 21:21:19,417 - root - INFO - avg hit:0.3544, avg mean rank:319.7791, topn:10.
2021-03-27 21:22:15,195 - root - INFO - head hit:0.3141, head mean rank:325.5230, topn:10.
2021-03-27 21:22:15,195 - root - INFO - tail hit:0.3987, tail mean rank:317.3983, topn:10.
2021-03-27 21:22:15,195 - root - INFO - avg hit:0.3564, avg mean rank:321.4606, topn:10.
2021-03-27 21:22:15,227 - root - INFO - No improvement after one epoch. Lowering learning rate.
2021-03-27 21:26:13,794 - root - INFO - rec train loss:0.7475, kg train loss:2.8336!
2021-03-27 21:26:26,342 - root - INFO - f1:0.1679, p:0.2641, r:0.1654, hit:0.7727, ndcg:0.5580, topn:10.
2021-03-27 21:26:39,501 - root - INFO - f1:0.1693, p:0.3646, r:0.1441, hit:0.8508, ndcg:0.6431, topn:10.
2021-03-27 21:27:19,580 - root - INFO - head hit:0.3126, head mean rank:326.9819, topn:10.
2021-03-27 21:27:19,581 - root - INFO - tail hit:0.3961, tail mean rank:312.5635, topn:10.
2021-03-27 21:27:19,581 - root - INFO - avg hit:0.3544, avg mean rank:319.7727, topn:10.
2021-03-27 21:28:15,495 - root - INFO - head hit:0.3141, head mean rank:325.5170, topn:10.
2021-03-27 21:28:15,496 - root - INFO - tail hit:0.3987, tail mean rank:317.3971, topn:10.
2021-03-27 21:28:15,496 - root - INFO - avg hit:0.3564, avg mean rank:321.4571, topn:10.
2021-03-27 21:28:15,524 - root - INFO - No improvement after one epoch. Lowering learning rate.
2021-03-27 21:32:13,038 - root - INFO - rec train loss:0.7512, kg train loss:2.8520!
2021-03-27 21:32:25,367 - root - INFO - f1:0.1679, p:0.2641, r:0.1654, hit:0.7727, ndcg:0.5580, topn:10.
2021-03-27 21:32:38,375 - root - INFO - f1:0.1693, p:0.3646, r:0.1441, hit:0.8508, ndcg:0.6431, topn:10.
2021-03-27 21:33:17,800 - root - INFO - head hit:0.3127, head mean rank:326.9766, topn:10.
2021-03-27 21:33:17,801 - root - INFO - tail hit:0.3961, tail mean rank:312.5611, topn:10.
2021-03-27 21:33:17,801 - root - INFO - avg hit:0.3544, avg mean rank:319.7688, topn:10.
2021-03-27 21:34:13,462 - root - INFO - head hit:0.3141, head mean rank:325.5121, topn:10.
2021-03-27 21:34:13,462 - root - INFO - tail hit:0.3987, tail mean rank:317.3944, topn:10.
2021-03-27 21:34:13,463 - root - INFO - avg hit:0.3564, avg mean rank:321.4533, topn:10.
2021-03-27 21:34:13,495 - root - INFO - No improvement after one epoch. Lowering learning rate.
2021-03-27 21:34:13,532 - root - INFO - No improvement after 97600 steps. Stopping training.
2021-03-27 21:34:29,321 - root - INFO - From CaseRecommender evaluator: {'PREC@10': 0.264123, 'RECALL@10': 0.165394, 'NDCG@10': 0.558008, 'MAP@10': 0.45124, 'MAP': 0.45124}.
