2021-03-26 11:32:26,878 - root - INFO - Flag Values:
{
    "L1_flag": true,
    "batch_size": 256,
    "ckpt_path": "/home/juarez/git/results/JIIS-revised-exp3/ml-cao_ho_sKG_ig-sv-complex-25/",
    "clipping_max_value": 5.0,
    "data_path": "/home/juarez/git/datasets/JIIS-revised-exp3/ml-cao_ho_sKG_ig-sv-complex-25/cao-format/",
    "dataset": "ml1m",
    "early_stopping_steps_to_wait": 45750,
    "embedding_size": 100,
    "eval_interval_steps": 9150,
    "eval_only_mode": false,
    "experiment_name": "ml1m-transh-1616769146",
    "filter_wrong_corrupted": true,
    "has_visualization": false,
    "is_report": false,
    "joint_ratio": 0.5,
    "kg_lambda": 1.0,
    "kg_test_files": "valid.dat:test.dat",
    "l2_lambda": 0.0,
    "learning_rate": 0.001,
    "learning_rate_decay_when_no_progress": 0.5,
    "load_ckpt_file": "/home/juarez/git/results/JIIS-revised-exp3/ml-cao_ho_sKG_ig-sv-complex-25/ml1m-transe-pretrained.ckpt",
    "load_experiment_name": null,
    "log_level": "debug",
    "log_path": "/home/juarez/git/results/JIIS-revised-exp3/ml-cao_ho_sKG_ig-sv-complex-25/",
    "margin": 1.0,
    "max_queue": 10,
    "model_type": "transh",
    "momentum": 0.9,
    "negtive_samples": 1,
    "norm_lambda": 1.0,
    "num_preferences": 4,
    "num_processes": 4,
    "optimizer_type": "Adam",
    "rec_test_files": null,
    "seed": 0,
    "share_embeddings": false,
    "topn": 10,
    "training_steps": 915000,
    "use_st_gumbel": false,
    "visualization_port": 8097
}
2021-03-26 11:32:27,969 - root - INFO - Totally 221711 train triples, 31673,63342 eval triples in files: /home/juarez/git/datasets/JIIS-revised-exp3/ml-cao_ho_sKG_ig-sv-complex-25/cao-format/ml1m/kg/valid.dat;/home/juarez/git/datasets/JIIS-revised-exp3/ml-cao_ho_sKG_ig-sv-complex-25/cao-format/ml1m/kg/test.dat!
2021-03-26 11:32:27,975 - root - INFO - successfully load 6122 entities and 20 relations!
2021-03-26 11:32:28,192 - root - INFO - Building model.
2021-03-26 11:32:29,844 - root - INFO - Architecture: TransHModel(
  (ent_embeddings): Embedding(6122, 100)
  (rel_embeddings): Embedding(20, 100)
  (norm_embeddings): Embedding(20, 100)
)
2021-03-26 11:32:29,845 - root - INFO - Total params: 616200.0
2021-03-26 11:32:29,845 - root - INFO - One epoch is 867 steps.
2021-03-26 11:32:29,845 - root - INFO - Found checkpoint, restoring pre-trained embeddings.
2021-03-26 11:32:29,852 - root - INFO - Load Embeddings of ent_embeddings.weight, rel_embeddings.weight from /home/juarez/git/results/JIIS-revised-exp3/ml-cao_ho_sKG_ig-sv-complex-25/ml1m-transe-pretrained.ckpt.
2021-03-26 11:32:29,852 - root - INFO - Training.
2021-03-26 11:32:29,852 - root - INFO - train loss:0.0000!
2021-03-26 11:33:05,348 - root - INFO - head hit:0.3028, head mean rank:332.5544, topn:10.
2021-03-26 11:33:05,348 - root - INFO - tail hit:0.3909, tail mean rank:313.5317, topn:10.
2021-03-26 11:33:05,349 - root - INFO - avg hit:0.3469, avg mean rank:323.0431, topn:10.
2021-03-26 11:33:56,673 - root - INFO - head hit:0.3024, head mean rank:329.9908, topn:10.
2021-03-26 11:33:56,673 - root - INFO - tail hit:0.3938, tail mean rank:316.3320, topn:10.
2021-03-26 11:33:56,673 - root - INFO - avg hit:0.3481, avg mean rank:323.1614, topn:10.
2021-03-26 11:34:59,389 - root - INFO - train loss:16.0886!
2021-03-26 11:35:35,643 - root - INFO - head hit:0.1659, head mean rank:430.9162, topn:10.
2021-03-26 11:35:35,643 - root - INFO - tail hit:0.2426, tail mean rank:387.7189, topn:10.
2021-03-26 11:35:35,643 - root - INFO - avg hit:0.2042, avg mean rank:409.3176, topn:10.
2021-03-26 11:36:26,400 - root - INFO - head hit:0.1660, head mean rank:432.1828, topn:10.
2021-03-26 11:36:26,401 - root - INFO - tail hit:0.2435, tail mean rank:394.0386, topn:10.
2021-03-26 11:36:26,401 - root - INFO - avg hit:0.2047, avg mean rank:413.1107, topn:10.
2021-03-26 11:36:26,431 - root - INFO - Checkpointing ...
2021-03-26 11:37:29,099 - root - INFO - train loss:18.2762!
2021-03-26 11:38:05,731 - root - INFO - head hit:0.1556, head mean rank:439.7217, topn:10.
2021-03-26 11:38:05,731 - root - INFO - tail hit:0.2436, tail mean rank:389.3721, topn:10.
2021-03-26 11:38:05,731 - root - INFO - avg hit:0.1996, avg mean rank:414.5469, topn:10.
2021-03-26 11:38:55,693 - root - INFO - head hit:0.1549, head mean rank:435.2414, topn:10.
2021-03-26 11:38:55,693 - root - INFO - tail hit:0.2434, tail mean rank:392.6157, topn:10.
2021-03-26 11:38:55,693 - root - INFO - avg hit:0.1991, avg mean rank:413.9285, topn:10.
2021-03-26 11:38:55,725 - root - INFO - No improvement after one epoch. Lowering learning rate.
2021-03-26 11:39:58,525 - root - INFO - train loss:12.3354!
2021-03-26 11:40:34,083 - root - INFO - head hit:0.2016, head mean rank:369.0743, topn:10.
2021-03-26 11:40:34,084 - root - INFO - tail hit:0.2936, tail mean rank:333.6877, topn:10.
2021-03-26 11:40:34,084 - root - INFO - avg hit:0.2476, avg mean rank:351.3810, topn:10.
2021-03-26 11:41:24,574 - root - INFO - head hit:0.2035, head mean rank:367.1070, topn:10.
2021-03-26 11:41:24,574 - root - INFO - tail hit:0.2948, tail mean rank:337.4091, topn:10.
2021-03-26 11:41:24,574 - root - INFO - avg hit:0.2492, avg mean rank:352.2581, topn:10.
2021-03-26 11:41:24,605 - root - INFO - Checkpointing ...
2021-03-26 11:42:28,931 - root - INFO - train loss:10.8005!
2021-03-26 11:43:04,925 - root - INFO - head hit:0.2089, head mean rank:366.4097, topn:10.
2021-03-26 11:43:04,925 - root - INFO - tail hit:0.2987, tail mean rank:338.7140, topn:10.
2021-03-26 11:43:04,925 - root - INFO - avg hit:0.2538, avg mean rank:352.5619, topn:10.
2021-03-26 11:43:55,278 - root - INFO - head hit:0.2094, head mean rank:364.3006, topn:10.
2021-03-26 11:43:55,279 - root - INFO - tail hit:0.2981, tail mean rank:339.2382, topn:10.
2021-03-26 11:43:55,279 - root - INFO - avg hit:0.2537, avg mean rank:351.7694, topn:10.
2021-03-26 11:43:55,310 - root - INFO - Checkpointing ...
2021-03-26 11:44:57,823 - root - INFO - train loss:10.4573!
2021-03-26 11:45:34,039 - root - INFO - head hit:0.2131, head mean rank:367.6990, topn:10.
2021-03-26 11:45:34,039 - root - INFO - tail hit:0.3016, tail mean rank:333.5508, topn:10.
2021-03-26 11:45:34,039 - root - INFO - avg hit:0.2573, avg mean rank:350.6249, topn:10.
2021-03-26 11:46:24,770 - root - INFO - head hit:0.2123, head mean rank:363.7429, topn:10.
2021-03-26 11:46:24,771 - root - INFO - tail hit:0.3046, tail mean rank:339.1919, topn:10.
2021-03-26 11:46:24,771 - root - INFO - avg hit:0.2584, avg mean rank:351.4674, topn:10.
2021-03-26 11:46:24,801 - root - INFO - Checkpointing ...
2021-03-26 11:47:30,450 - root - INFO - train loss:10.2852!
2021-03-26 11:48:06,813 - root - INFO - head hit:0.2130, head mean rank:367.4158, topn:10.
2021-03-26 11:48:06,813 - root - INFO - tail hit:0.3028, tail mean rank:337.7110, topn:10.
2021-03-26 11:48:06,813 - root - INFO - avg hit:0.2579, avg mean rank:352.5634, topn:10.
2021-03-26 11:48:57,578 - root - INFO - head hit:0.2129, head mean rank:365.6847, topn:10.
2021-03-26 11:48:57,578 - root - INFO - tail hit:0.3014, tail mean rank:341.6531, topn:10.
2021-03-26 11:48:57,578 - root - INFO - avg hit:0.2571, avg mean rank:353.6689, topn:10.
2021-03-26 11:48:57,608 - root - INFO - Checkpointing ...
2021-03-26 11:50:02,627 - root - INFO - train loss:10.1590!
2021-03-26 11:50:38,521 - root - INFO - head hit:0.2142, head mean rank:366.5680, topn:10.
2021-03-26 11:50:38,521 - root - INFO - tail hit:0.3086, tail mean rank:337.0475, topn:10.
2021-03-26 11:50:38,521 - root - INFO - avg hit:0.2614, avg mean rank:351.8077, topn:10.
2021-03-26 11:51:28,859 - root - INFO - head hit:0.2153, head mean rank:359.9754, topn:10.
2021-03-26 11:51:28,860 - root - INFO - tail hit:0.3075, tail mean rank:336.2210, topn:10.
2021-03-26 11:51:28,860 - root - INFO - avg hit:0.2614, avg mean rank:348.0982, topn:10.
2021-03-26 11:51:28,889 - root - INFO - Checkpointing ...
2021-03-26 11:52:30,237 - root - INFO - train loss:10.1226!
2021-03-26 11:53:05,482 - root - INFO - head hit:0.2138, head mean rank:370.2294, topn:10.
2021-03-26 11:53:05,483 - root - INFO - tail hit:0.3064, tail mean rank:340.4815, topn:10.
2021-03-26 11:53:05,483 - root - INFO - avg hit:0.2601, avg mean rank:355.3554, topn:10.
2021-03-26 11:53:55,581 - root - INFO - head hit:0.2143, head mean rank:366.8718, topn:10.
2021-03-26 11:53:55,582 - root - INFO - tail hit:0.3070, tail mean rank:339.3230, topn:10.
2021-03-26 11:53:55,582 - root - INFO - avg hit:0.2606, avg mean rank:353.0974, topn:10.
2021-03-26 11:53:55,613 - root - INFO - No improvement after one epoch. Lowering learning rate.
2021-03-26 11:54:59,918 - root - INFO - train loss:7.9187!
2021-03-26 11:55:35,714 - root - INFO - head hit:0.2433, head mean rank:340.6173, topn:10.
2021-03-26 11:55:35,714 - root - INFO - tail hit:0.3333, tail mean rank:316.4875, topn:10.
2021-03-26 11:55:35,714 - root - INFO - avg hit:0.2883, avg mean rank:328.5524, topn:10.
2021-03-26 11:56:25,934 - root - INFO - head hit:0.2430, head mean rank:336.8561, topn:10.
2021-03-26 11:56:25,934 - root - INFO - tail hit:0.3383, tail mean rank:316.3665, topn:10.
2021-03-26 11:56:25,934 - root - INFO - avg hit:0.2906, avg mean rank:326.6113, topn:10.
2021-03-26 11:56:25,965 - root - INFO - Checkpointing ...
2021-03-26 11:57:28,873 - root - INFO - train loss:7.0485!
2021-03-26 11:58:03,909 - root - INFO - head hit:0.2490, head mean rank:339.5210, topn:10.
2021-03-26 11:58:03,909 - root - INFO - tail hit:0.3467, tail mean rank:315.0554, topn:10.
2021-03-26 11:58:03,909 - root - INFO - avg hit:0.2979, avg mean rank:327.2882, topn:10.
2021-03-26 11:58:53,870 - root - INFO - head hit:0.2491, head mean rank:335.4756, topn:10.
2021-03-26 11:58:53,871 - root - INFO - tail hit:0.3458, tail mean rank:316.4403, topn:10.
2021-03-26 11:58:53,871 - root - INFO - avg hit:0.2975, avg mean rank:325.9580, topn:10.
2021-03-26 11:58:53,904 - root - INFO - Checkpointing ...
2021-03-26 11:59:55,330 - root - INFO - train loss:6.8454!
2021-03-26 12:00:30,095 - root - INFO - head hit:0.2548, head mean rank:341.2939, topn:10.
2021-03-26 12:00:30,096 - root - INFO - tail hit:0.3467, tail mean rank:317.1287, topn:10.
2021-03-26 12:00:30,096 - root - INFO - avg hit:0.3007, avg mean rank:329.2113, topn:10.
2021-03-26 12:01:20,584 - root - INFO - head hit:0.2558, head mean rank:337.3297, topn:10.
2021-03-26 12:01:20,584 - root - INFO - tail hit:0.3456, tail mean rank:319.0381, topn:10.
2021-03-26 12:01:20,584 - root - INFO - avg hit:0.3007, avg mean rank:328.1839, topn:10.
2021-03-26 12:01:20,614 - root - INFO - Checkpointing ...
2021-03-26 12:02:23,733 - root - INFO - train loss:6.7268!
2021-03-26 12:02:59,164 - root - INFO - head hit:0.2538, head mean rank:340.1865, topn:10.
2021-03-26 12:02:59,164 - root - INFO - tail hit:0.3515, tail mean rank:316.9288, topn:10.
2021-03-26 12:02:59,165 - root - INFO - avg hit:0.3026, avg mean rank:328.5577, topn:10.
2021-03-26 12:03:49,231 - root - INFO - head hit:0.2590, head mean rank:336.8434, topn:10.
2021-03-26 12:03:49,231 - root - INFO - tail hit:0.3515, tail mean rank:318.5748, topn:10.
2021-03-26 12:03:49,231 - root - INFO - avg hit:0.3052, avg mean rank:327.7091, topn:10.
2021-03-26 12:03:49,264 - root - INFO - Checkpointing ...
2021-03-26 12:04:51,886 - root - INFO - train loss:6.5917!
2021-03-26 12:05:27,705 - root - INFO - head hit:0.2589, head mean rank:340.4496, topn:10.
2021-03-26 12:05:27,705 - root - INFO - tail hit:0.3548, tail mean rank:316.4860, topn:10.
2021-03-26 12:05:27,706 - root - INFO - avg hit:0.3068, avg mean rank:328.4678, topn:10.
2021-03-26 12:06:17,032 - root - INFO - head hit:0.2610, head mean rank:337.1438, topn:10.
2021-03-26 12:06:17,032 - root - INFO - tail hit:0.3573, tail mean rank:318.6193, topn:10.
2021-03-26 12:06:17,032 - root - INFO - avg hit:0.3091, avg mean rank:327.8815, topn:10.
2021-03-26 12:06:17,063 - root - INFO - Checkpointing ...
2021-03-26 12:07:20,000 - root - INFO - train loss:6.4971!
2021-03-26 12:07:54,733 - root - INFO - head hit:0.2603, head mean rank:336.4956, topn:10.
2021-03-26 12:07:54,733 - root - INFO - tail hit:0.3568, tail mean rank:316.9267, topn:10.
2021-03-26 12:07:54,733 - root - INFO - avg hit:0.3086, avg mean rank:326.7111, topn:10.
2021-03-26 12:08:45,409 - root - INFO - head hit:0.2604, head mean rank:335.6921, topn:10.
2021-03-26 12:08:45,409 - root - INFO - tail hit:0.3566, tail mean rank:319.0177, topn:10.
2021-03-26 12:08:45,410 - root - INFO - avg hit:0.3085, avg mean rank:327.3549, topn:10.
2021-03-26 12:08:45,441 - root - INFO - Checkpointing ...
2021-03-26 12:09:47,419 - root - INFO - train loss:6.4511!
2021-03-26 12:10:23,137 - root - INFO - head hit:0.2632, head mean rank:338.9151, topn:10.
2021-03-26 12:10:23,137 - root - INFO - tail hit:0.3572, tail mean rank:317.7020, topn:10.
2021-03-26 12:10:23,137 - root - INFO - avg hit:0.3102, avg mean rank:328.3086, topn:10.
2021-03-26 12:11:13,189 - root - INFO - head hit:0.2612, head mean rank:338.3700, topn:10.
2021-03-26 12:11:13,189 - root - INFO - tail hit:0.3548, tail mean rank:319.9518, topn:10.
2021-03-26 12:11:13,189 - root - INFO - avg hit:0.3080, avg mean rank:329.1609, topn:10.
2021-03-26 12:11:13,219 - root - INFO - Checkpointing ...
2021-03-26 12:12:16,345 - root - INFO - train loss:6.4244!
2021-03-26 12:12:51,930 - root - INFO - head hit:0.2628, head mean rank:338.1635, topn:10.
2021-03-26 12:12:51,930 - root - INFO - tail hit:0.3576, tail mean rank:316.6249, topn:10.
2021-03-26 12:12:51,930 - root - INFO - avg hit:0.3102, avg mean rank:327.3942, topn:10.
2021-03-26 12:13:41,943 - root - INFO - head hit:0.2630, head mean rank:338.1453, topn:10.
2021-03-26 12:13:41,943 - root - INFO - tail hit:0.3566, tail mean rank:319.4177, topn:10.
2021-03-26 12:13:41,943 - root - INFO - avg hit:0.3098, avg mean rank:328.7815, topn:10.
2021-03-26 12:13:41,973 - root - INFO - Checkpointing ...
2021-03-26 12:14:46,246 - root - INFO - train loss:6.3356!
2021-03-26 12:15:21,955 - root - INFO - head hit:0.2643, head mean rank:339.9476, topn:10.
2021-03-26 12:15:21,956 - root - INFO - tail hit:0.3577, tail mean rank:318.3364, topn:10.
2021-03-26 12:15:21,956 - root - INFO - avg hit:0.3110, avg mean rank:329.1420, topn:10.
2021-03-26 12:16:11,896 - root - INFO - head hit:0.2651, head mean rank:338.4006, topn:10.
2021-03-26 12:16:11,897 - root - INFO - tail hit:0.3570, tail mean rank:321.3754, topn:10.
2021-03-26 12:16:11,897 - root - INFO - avg hit:0.3110, avg mean rank:329.8880, topn:10.
2021-03-26 12:16:11,921 - root - INFO - Checkpointing ...
2021-03-26 12:17:14,592 - root - INFO - train loss:6.3464!
2021-03-26 12:17:50,058 - root - INFO - head hit:0.2661, head mean rank:340.3087, topn:10.
2021-03-26 12:17:50,058 - root - INFO - tail hit:0.3582, tail mean rank:317.8805, topn:10.
2021-03-26 12:17:50,058 - root - INFO - avg hit:0.3122, avg mean rank:329.0946, topn:10.
2021-03-26 12:18:40,334 - root - INFO - head hit:0.2667, head mean rank:339.4022, topn:10.
2021-03-26 12:18:40,334 - root - INFO - tail hit:0.3572, tail mean rank:322.8423, topn:10.
2021-03-26 12:18:40,334 - root - INFO - avg hit:0.3120, avg mean rank:331.1222, topn:10.
2021-03-26 12:18:40,366 - root - INFO - Checkpointing ...
2021-03-26 12:19:42,918 - root - INFO - train loss:6.3411!
2021-03-26 12:20:19,067 - root - INFO - head hit:0.2668, head mean rank:341.6083, topn:10.
2021-03-26 12:20:19,068 - root - INFO - tail hit:0.3580, tail mean rank:320.3075, topn:10.
2021-03-26 12:20:19,068 - root - INFO - avg hit:0.3124, avg mean rank:330.9579, topn:10.
2021-03-26 12:21:08,466 - root - INFO - head hit:0.2666, head mean rank:340.0465, topn:10.
2021-03-26 12:21:08,466 - root - INFO - tail hit:0.3595, tail mean rank:322.6987, topn:10.
2021-03-26 12:21:08,466 - root - INFO - avg hit:0.3131, avg mean rank:331.3726, topn:10.
2021-03-26 12:21:08,497 - root - INFO - Checkpointing ...
2021-03-26 12:22:12,709 - root - INFO - train loss:6.3350!
2021-03-26 12:22:48,515 - root - INFO - head hit:0.2658, head mean rank:338.5683, topn:10.
2021-03-26 12:22:48,515 - root - INFO - tail hit:0.3624, tail mean rank:319.9179, topn:10.
2021-03-26 12:22:48,515 - root - INFO - avg hit:0.3141, avg mean rank:329.2431, topn:10.
2021-03-26 12:23:38,356 - root - INFO - head hit:0.2659, head mean rank:338.7829, topn:10.
2021-03-26 12:23:38,357 - root - INFO - tail hit:0.3602, tail mean rank:324.8870, topn:10.
2021-03-26 12:23:38,357 - root - INFO - avg hit:0.3131, avg mean rank:331.8350, topn:10.
2021-03-26 12:23:38,387 - root - INFO - Checkpointing ...
2021-03-26 12:24:42,160 - root - INFO - train loss:6.3147!
2021-03-26 12:25:17,322 - root - INFO - head hit:0.2670, head mean rank:340.1747, topn:10.
2021-03-26 12:25:17,322 - root - INFO - tail hit:0.3621, tail mean rank:317.8978, topn:10.
2021-03-26 12:25:17,322 - root - INFO - avg hit:0.3146, avg mean rank:329.0362, topn:10.
2021-03-26 12:26:06,116 - root - INFO - head hit:0.2707, head mean rank:337.8990, topn:10.
2021-03-26 12:26:06,116 - root - INFO - tail hit:0.3627, tail mean rank:321.9620, topn:10.
2021-03-26 12:26:06,116 - root - INFO - avg hit:0.3167, avg mean rank:329.9305, topn:10.
2021-03-26 12:26:06,147 - root - INFO - Checkpointing ...
2021-03-26 12:27:07,372 - root - INFO - train loss:6.2051!
2021-03-26 12:27:43,109 - root - INFO - head hit:0.2698, head mean rank:338.4640, topn:10.
2021-03-26 12:27:43,109 - root - INFO - tail hit:0.3637, tail mean rank:318.0765, topn:10.
2021-03-26 12:27:43,109 - root - INFO - avg hit:0.3167, avg mean rank:328.2702, topn:10.
2021-03-26 12:28:34,195 - root - INFO - head hit:0.2705, head mean rank:337.5935, topn:10.
2021-03-26 12:28:34,196 - root - INFO - tail hit:0.3608, tail mean rank:322.0065, topn:10.
2021-03-26 12:28:34,196 - root - INFO - avg hit:0.3156, avg mean rank:329.8000, topn:10.
2021-03-26 12:28:34,231 - root - INFO - Checkpointing ...
2021-03-26 12:29:37,874 - root - INFO - train loss:6.2557!
2021-03-26 12:30:13,963 - root - INFO - head hit:0.2690, head mean rank:337.0812, topn:10.
2021-03-26 12:30:13,963 - root - INFO - tail hit:0.3635, tail mean rank:318.4114, topn:10.
2021-03-26 12:30:13,963 - root - INFO - avg hit:0.3162, avg mean rank:327.7463, topn:10.
2021-03-26 12:31:03,634 - root - INFO - head hit:0.2707, head mean rank:338.2663, topn:10.
2021-03-26 12:31:03,634 - root - INFO - tail hit:0.3604, tail mean rank:323.5688, topn:10.
2021-03-26 12:31:03,634 - root - INFO - avg hit:0.3155, avg mean rank:330.9175, topn:10.
2021-03-26 12:31:03,663 - root - INFO - No improvement after one epoch. Lowering learning rate.
2021-03-26 12:32:05,543 - root - INFO - train loss:5.4869!
2021-03-26 12:32:40,826 - root - INFO - head hit:0.2836, head mean rank:327.9500, topn:10.
2021-03-26 12:32:40,826 - root - INFO - tail hit:0.3787, tail mean rank:308.5835, topn:10.
2021-03-26 12:32:40,826 - root - INFO - avg hit:0.3311, avg mean rank:318.2667, topn:10.
2021-03-26 12:33:30,964 - root - INFO - head hit:0.2857, head mean rank:327.0713, topn:10.
2021-03-26 12:33:30,964 - root - INFO - tail hit:0.3778, tail mean rank:312.1384, topn:10.
2021-03-26 12:33:30,964 - root - INFO - avg hit:0.3317, avg mean rank:319.6049, topn:10.
2021-03-26 12:33:30,996 - root - INFO - Checkpointing ...
2021-03-26 12:34:35,128 - root - INFO - train loss:5.1121!
2021-03-26 12:35:10,910 - root - INFO - head hit:0.2890, head mean rank:327.3371, topn:10.
2021-03-26 12:35:10,910 - root - INFO - tail hit:0.3820, tail mean rank:307.7867, topn:10.
2021-03-26 12:35:10,911 - root - INFO - avg hit:0.3355, avg mean rank:317.5619, topn:10.
2021-03-26 12:36:00,752 - root - INFO - head hit:0.2920, head mean rank:326.3626, topn:10.
2021-03-26 12:36:00,752 - root - INFO - tail hit:0.3815, tail mean rank:311.1814, topn:10.
2021-03-26 12:36:00,752 - root - INFO - avg hit:0.3367, avg mean rank:318.7720, topn:10.
2021-03-26 12:36:00,784 - root - INFO - Checkpointing ...
2021-03-26 12:37:01,860 - root - INFO - train loss:4.9369!
2021-03-26 12:37:37,274 - root - INFO - head hit:0.2940, head mean rank:328.6896, topn:10.
2021-03-26 12:37:37,274 - root - INFO - tail hit:0.3837, tail mean rank:307.9543, topn:10.
2021-03-26 12:37:37,274 - root - INFO - avg hit:0.3388, avg mean rank:318.3220, topn:10.
2021-03-26 12:38:26,898 - root - INFO - head hit:0.2939, head mean rank:327.1284, topn:10.
2021-03-26 12:38:26,898 - root - INFO - tail hit:0.3846, tail mean rank:311.7169, topn:10.
2021-03-26 12:38:26,898 - root - INFO - avg hit:0.3393, avg mean rank:319.4226, topn:10.
2021-03-26 12:38:26,927 - root - INFO - Checkpointing ...
2021-03-26 12:39:29,769 - root - INFO - train loss:4.8940!
2021-03-26 12:40:05,526 - root - INFO - head hit:0.2967, head mean rank:328.2744, topn:10.
2021-03-26 12:40:05,526 - root - INFO - tail hit:0.3880, tail mean rank:308.6237, topn:10.
2021-03-26 12:40:05,526 - root - INFO - avg hit:0.3423, avg mean rank:318.4490, topn:10.
2021-03-26 12:40:55,302 - root - INFO - head hit:0.2971, head mean rank:327.1848, topn:10.
2021-03-26 12:40:55,302 - root - INFO - tail hit:0.3877, tail mean rank:313.0055, topn:10.
2021-03-26 12:40:55,302 - root - INFO - avg hit:0.3424, avg mean rank:320.0951, topn:10.
2021-03-26 12:40:55,332 - root - INFO - Checkpointing ...
2021-03-26 12:41:58,885 - root - INFO - train loss:4.7978!
2021-03-26 12:42:34,488 - root - INFO - head hit:0.2971, head mean rank:328.2289, topn:10.
2021-03-26 12:42:34,489 - root - INFO - tail hit:0.3898, tail mean rank:308.5504, topn:10.
2021-03-26 12:42:34,489 - root - INFO - avg hit:0.3434, avg mean rank:318.3897, topn:10.
2021-03-26 12:43:24,525 - root - INFO - head hit:0.2986, head mean rank:326.3525, topn:10.
2021-03-26 12:43:24,525 - root - INFO - tail hit:0.3883, tail mean rank:312.9234, topn:10.
2021-03-26 12:43:24,525 - root - INFO - avg hit:0.3434, avg mean rank:319.6379, topn:10.
2021-03-26 12:43:24,557 - root - INFO - Checkpointing ...
2021-03-26 12:44:26,885 - root - INFO - train loss:4.7463!
2021-03-26 12:45:02,583 - root - INFO - head hit:0.2983, head mean rank:328.0825, topn:10.
2021-03-26 12:45:02,583 - root - INFO - tail hit:0.3900, tail mean rank:308.5882, topn:10.
2021-03-26 12:45:02,584 - root - INFO - avg hit:0.3441, avg mean rank:318.3353, topn:10.
2021-03-26 12:45:52,703 - root - INFO - head hit:0.2984, head mean rank:328.3642, topn:10.
2021-03-26 12:45:52,703 - root - INFO - tail hit:0.3908, tail mean rank:313.0478, topn:10.
2021-03-26 12:45:52,703 - root - INFO - avg hit:0.3446, avg mean rank:320.7060, topn:10.
2021-03-26 12:45:52,731 - root - INFO - Checkpointing ...
2021-03-26 12:46:56,819 - root - INFO - train loss:4.7329!
2021-03-26 12:47:32,295 - root - INFO - head hit:0.2986, head mean rank:328.9320, topn:10.
2021-03-26 12:47:32,295 - root - INFO - tail hit:0.3903, tail mean rank:308.8603, topn:10.
2021-03-26 12:47:32,295 - root - INFO - avg hit:0.3445, avg mean rank:318.8962, topn:10.
2021-03-26 12:48:22,331 - root - INFO - head hit:0.2960, head mean rank:328.1852, topn:10.
2021-03-26 12:48:22,331 - root - INFO - tail hit:0.3898, tail mean rank:313.3260, topn:10.
2021-03-26 12:48:22,331 - root - INFO - avg hit:0.3429, avg mean rank:320.7556, topn:10.
2021-03-26 12:48:22,361 - root - INFO - Checkpointing ...
2021-03-26 12:49:24,883 - root - INFO - train loss:4.6828!
2021-03-26 12:50:00,811 - root - INFO - head hit:0.2994, head mean rank:329.5461, topn:10.
2021-03-26 12:50:00,812 - root - INFO - tail hit:0.3927, tail mean rank:310.1839, topn:10.
2021-03-26 12:50:00,812 - root - INFO - avg hit:0.3461, avg mean rank:319.8650, topn:10.
2021-03-26 12:50:51,483 - root - INFO - head hit:0.3012, head mean rank:328.8573, topn:10.
2021-03-26 12:50:51,484 - root - INFO - tail hit:0.3918, tail mean rank:314.2383, topn:10.
2021-03-26 12:50:51,484 - root - INFO - avg hit:0.3465, avg mean rank:321.5478, topn:10.
2021-03-26 12:50:51,513 - root - INFO - Checkpointing ...
2021-03-26 12:51:53,064 - root - INFO - train loss:4.6291!
2021-03-26 12:52:28,437 - root - INFO - head hit:0.3025, head mean rank:330.3201, topn:10.
2021-03-26 12:52:28,438 - root - INFO - tail hit:0.3917, tail mean rank:310.9883, topn:10.
2021-03-26 12:52:28,438 - root - INFO - avg hit:0.3471, avg mean rank:320.6542, topn:10.
2021-03-26 12:53:17,885 - root - INFO - head hit:0.3024, head mean rank:330.6976, topn:10.
2021-03-26 12:53:17,885 - root - INFO - tail hit:0.3915, tail mean rank:315.2159, topn:10.
2021-03-26 12:53:17,885 - root - INFO - avg hit:0.3469, avg mean rank:322.9567, topn:10.
2021-03-26 12:53:17,917 - root - INFO - Checkpointing ...
2021-03-26 12:54:20,406 - root - INFO - train loss:4.6359!
2021-03-26 12:54:56,071 - root - INFO - head hit:0.3025, head mean rank:329.6840, topn:10.
2021-03-26 12:54:56,071 - root - INFO - tail hit:0.3948, tail mean rank:311.1735, topn:10.
2021-03-26 12:54:56,071 - root - INFO - avg hit:0.3486, avg mean rank:320.4287, topn:10.
2021-03-26 12:55:46,030 - root - INFO - head hit:0.3032, head mean rank:330.0839, topn:10.
2021-03-26 12:55:46,030 - root - INFO - tail hit:0.3931, tail mean rank:315.3980, topn:10.
2021-03-26 12:55:46,030 - root - INFO - avg hit:0.3482, avg mean rank:322.7410, topn:10.
2021-03-26 12:55:46,054 - root - INFO - Checkpointing ...
2021-03-26 12:56:47,377 - root - INFO - train loss:4.6475!
2021-03-26 12:57:22,421 - root - INFO - head hit:0.3039, head mean rank:330.3463, topn:10.
2021-03-26 12:57:22,421 - root - INFO - tail hit:0.3931, tail mean rank:311.0024, topn:10.
2021-03-26 12:57:22,421 - root - INFO - avg hit:0.3485, avg mean rank:320.6743, topn:10.
2021-03-26 12:58:12,643 - root - INFO - head hit:0.3051, head mean rank:330.1849, topn:10.
2021-03-26 12:58:12,643 - root - INFO - tail hit:0.3919, tail mean rank:315.6398, topn:10.
2021-03-26 12:58:12,643 - root - INFO - avg hit:0.3485, avg mean rank:322.9123, topn:10.
2021-03-26 12:58:12,674 - root - INFO - No improvement after one epoch. Lowering learning rate.
2021-03-26 12:59:14,540 - root - INFO - train loss:4.3751!
2021-03-26 12:59:49,996 - root - INFO - head hit:0.3094, head mean rank:324.3536, topn:10.
2021-03-26 12:59:49,996 - root - INFO - tail hit:0.4001, tail mean rank:306.7503, topn:10.
2021-03-26 12:59:49,996 - root - INFO - avg hit:0.3548, avg mean rank:315.5520, topn:10.
2021-03-26 13:00:40,418 - root - INFO - head hit:0.3133, head mean rank:324.7615, topn:10.
2021-03-26 13:00:40,418 - root - INFO - tail hit:0.3987, tail mean rank:311.7715, topn:10.
2021-03-26 13:00:40,418 - root - INFO - avg hit:0.3560, avg mean rank:318.2665, topn:10.
2021-03-26 13:00:40,450 - root - INFO - Checkpointing ...
2021-03-26 13:01:42,312 - root - INFO - train loss:4.2082!
2021-03-26 13:02:18,628 - root - INFO - head hit:0.3137, head mean rank:324.4862, topn:10.
2021-03-26 13:02:18,628 - root - INFO - tail hit:0.4015, tail mean rank:306.8071, topn:10.
2021-03-26 13:02:18,628 - root - INFO - avg hit:0.3576, avg mean rank:315.6467, topn:10.
2021-03-26 13:03:08,434 - root - INFO - head hit:0.3139, head mean rank:324.0710, topn:10.
2021-03-26 13:03:08,434 - root - INFO - tail hit:0.4031, tail mean rank:311.5577, topn:10.
2021-03-26 13:03:08,434 - root - INFO - avg hit:0.3585, avg mean rank:317.8143, topn:10.
2021-03-26 13:03:08,462 - root - INFO - Checkpointing ...
2021-03-26 13:04:12,836 - root - INFO - train loss:4.0722!
2021-03-26 13:04:48,290 - root - INFO - head hit:0.3157, head mean rank:324.4412, topn:10.
2021-03-26 13:04:48,290 - root - INFO - tail hit:0.4041, tail mean rank:306.6474, topn:10.
2021-03-26 13:04:48,290 - root - INFO - avg hit:0.3599, avg mean rank:315.5443, topn:10.
2021-03-26 13:05:38,148 - root - INFO - head hit:0.3177, head mean rank:323.9656, topn:10.
2021-03-26 13:05:38,148 - root - INFO - tail hit:0.4049, tail mean rank:311.6128, topn:10.
2021-03-26 13:05:38,148 - root - INFO - avg hit:0.3613, avg mean rank:317.7892, topn:10.
2021-03-26 13:05:38,172 - root - INFO - Checkpointing ...
2021-03-26 13:06:39,514 - root - INFO - train loss:4.0751!
2021-03-26 13:07:15,053 - root - INFO - head hit:0.3171, head mean rank:324.6378, topn:10.
2021-03-26 13:07:15,054 - root - INFO - tail hit:0.4082, tail mean rank:306.9951, topn:10.
2021-03-26 13:07:15,054 - root - INFO - avg hit:0.3626, avg mean rank:315.8165, topn:10.
2021-03-26 13:08:05,123 - root - INFO - head hit:0.3176, head mean rank:324.3279, topn:10.
2021-03-26 13:08:05,123 - root - INFO - tail hit:0.4056, tail mean rank:311.6838, topn:10.
2021-03-26 13:08:05,123 - root - INFO - avg hit:0.3616, avg mean rank:318.0058, topn:10.
2021-03-26 13:08:05,154 - root - INFO - Checkpointing ...
2021-03-26 13:09:08,183 - root - INFO - train loss:4.0318!
2021-03-26 13:09:43,876 - root - INFO - head hit:0.3184, head mean rank:324.7434, topn:10.
2021-03-26 13:09:43,876 - root - INFO - tail hit:0.4082, tail mean rank:306.2977, topn:10.
2021-03-26 13:09:43,877 - root - INFO - avg hit:0.3633, avg mean rank:315.5206, topn:10.
2021-03-26 13:10:33,405 - root - INFO - head hit:0.3208, head mean rank:323.7134, topn:10.
2021-03-26 13:10:33,405 - root - INFO - tail hit:0.4074, tail mean rank:311.0215, topn:10.
2021-03-26 13:10:33,405 - root - INFO - avg hit:0.3641, avg mean rank:317.3674, topn:10.
2021-03-26 13:10:33,433 - root - INFO - Checkpointing ...
2021-03-26 13:11:36,708 - root - INFO - train loss:4.0032!
2021-03-26 13:12:12,404 - root - INFO - head hit:0.3212, head mean rank:324.3959, topn:10.
2021-03-26 13:12:12,404 - root - INFO - tail hit:0.4091, tail mean rank:307.1659, topn:10.
2021-03-26 13:12:12,404 - root - INFO - avg hit:0.3652, avg mean rank:315.7809, topn:10.
2021-03-26 13:13:03,135 - root - INFO - head hit:0.3213, head mean rank:324.2899, topn:10.
2021-03-26 13:13:03,135 - root - INFO - tail hit:0.4078, tail mean rank:311.3831, topn:10.
2021-03-26 13:13:03,135 - root - INFO - avg hit:0.3646, avg mean rank:317.8365, topn:10.
2021-03-26 13:13:03,165 - root - INFO - Checkpointing ...
2021-03-26 13:14:05,267 - root - INFO - train loss:3.9792!
2021-03-26 13:14:41,044 - root - INFO - head hit:0.3209, head mean rank:325.4226, topn:10.
2021-03-26 13:14:41,045 - root - INFO - tail hit:0.4109, tail mean rank:307.6369, topn:10.
2021-03-26 13:14:41,045 - root - INFO - avg hit:0.3659, avg mean rank:316.5297, topn:10.
2021-03-26 13:15:29,667 - root - INFO - head hit:0.3224, head mean rank:325.2361, topn:10.
2021-03-26 13:15:29,667 - root - INFO - tail hit:0.4080, tail mean rank:312.6702, topn:10.
2021-03-26 13:15:29,668 - root - INFO - avg hit:0.3652, avg mean rank:318.9532, topn:10.
2021-03-26 13:15:29,697 - root - INFO - Checkpointing ...
2021-03-26 13:16:32,499 - root - INFO - train loss:3.9543!
2021-03-26 13:17:08,683 - root - INFO - head hit:0.3239, head mean rank:324.7870, topn:10.
2021-03-26 13:17:08,683 - root - INFO - tail hit:0.4083, tail mean rank:307.5320, topn:10.
2021-03-26 13:17:08,683 - root - INFO - avg hit:0.3661, avg mean rank:316.1595, topn:10.
2021-03-26 13:17:58,101 - root - INFO - head hit:0.3239, head mean rank:325.3104, topn:10.
2021-03-26 13:17:58,101 - root - INFO - tail hit:0.4086, tail mean rank:312.9261, topn:10.
2021-03-26 13:17:58,101 - root - INFO - avg hit:0.3663, avg mean rank:319.1182, topn:10.
2021-03-26 13:17:58,133 - root - INFO - Checkpointing ...
2021-03-26 13:19:03,123 - root - INFO - train loss:3.9431!
2021-03-26 13:19:38,530 - root - INFO - head hit:0.3236, head mean rank:325.6735, topn:10.
2021-03-26 13:19:38,531 - root - INFO - tail hit:0.4105, tail mean rank:308.3225, topn:10.
2021-03-26 13:19:38,531 - root - INFO - avg hit:0.3670, avg mean rank:316.9980, topn:10.
2021-03-26 13:20:29,125 - root - INFO - head hit:0.3248, head mean rank:326.0356, topn:10.
2021-03-26 13:20:29,125 - root - INFO - tail hit:0.4096, tail mean rank:313.4472, topn:10.
2021-03-26 13:20:29,125 - root - INFO - avg hit:0.3672, avg mean rank:319.7414, topn:10.
2021-03-26 13:20:29,156 - root - INFO - Checkpointing ...
2021-03-26 13:21:31,185 - root - INFO - train loss:3.9298!
2021-03-26 13:22:06,816 - root - INFO - head hit:0.3226, head mean rank:326.0392, topn:10.
2021-03-26 13:22:06,816 - root - INFO - tail hit:0.4120, tail mean rank:307.7195, topn:10.
2021-03-26 13:22:06,816 - root - INFO - avg hit:0.3673, avg mean rank:316.8794, topn:10.
2021-03-26 13:22:56,971 - root - INFO - head hit:0.3254, head mean rank:326.3339, topn:10.
2021-03-26 13:22:56,971 - root - INFO - tail hit:0.4110, tail mean rank:313.7100, topn:10.
2021-03-26 13:22:56,975 - root - INFO - avg hit:0.3682, avg mean rank:320.0219, topn:10.
2021-03-26 13:22:57,007 - root - INFO - Checkpointing ...
2021-03-26 13:24:01,573 - root - INFO - train loss:3.9139!
2021-03-26 13:24:37,463 - root - INFO - head hit:0.3251, head mean rank:325.7211, topn:10.
2021-03-26 13:24:37,463 - root - INFO - tail hit:0.4114, tail mean rank:308.9167, topn:10.
2021-03-26 13:24:37,463 - root - INFO - avg hit:0.3682, avg mean rank:317.3189, topn:10.
2021-03-26 13:25:27,809 - root - INFO - head hit:0.3258, head mean rank:325.8958, topn:10.
2021-03-26 13:25:27,809 - root - INFO - tail hit:0.4121, tail mean rank:314.2871, topn:10.
2021-03-26 13:25:27,809 - root - INFO - avg hit:0.3689, avg mean rank:320.0915, topn:10.
2021-03-26 13:25:27,840 - root - INFO - Checkpointing ...
2021-03-26 13:26:30,231 - root - INFO - train loss:3.8664!
2021-03-26 13:27:05,565 - root - INFO - head hit:0.3263, head mean rank:325.6606, topn:10.
2021-03-26 13:27:05,566 - root - INFO - tail hit:0.4122, tail mean rank:307.9268, topn:10.
2021-03-26 13:27:05,566 - root - INFO - avg hit:0.3693, avg mean rank:316.7937, topn:10.
2021-03-26 13:27:56,085 - root - INFO - head hit:0.3261, head mean rank:326.1621, topn:10.
2021-03-26 13:27:56,085 - root - INFO - tail hit:0.4126, tail mean rank:313.2547, topn:10.
2021-03-26 13:27:56,086 - root - INFO - avg hit:0.3693, avg mean rank:319.7084, topn:10.
2021-03-26 13:27:56,117 - root - INFO - Checkpointing ...
2021-03-26 13:28:57,837 - root - INFO - train loss:3.8684!
2021-03-26 13:29:33,221 - root - INFO - head hit:0.3252, head mean rank:326.7284, topn:10.
2021-03-26 13:29:33,221 - root - INFO - tail hit:0.4125, tail mean rank:309.4423, topn:10.
2021-03-26 13:29:33,221 - root - INFO - avg hit:0.3689, avg mean rank:318.0853, topn:10.
2021-03-26 13:30:23,470 - root - INFO - head hit:0.3278, head mean rank:327.6218, topn:10.
2021-03-26 13:30:23,471 - root - INFO - tail hit:0.4123, tail mean rank:314.2446, topn:10.
2021-03-26 13:30:23,471 - root - INFO - avg hit:0.3701, avg mean rank:320.9332, topn:10.
2021-03-26 13:30:23,505 - root - INFO - No improvement after one epoch. Lowering learning rate.
2021-03-26 13:31:26,954 - root - INFO - train loss:3.7850!
2021-03-26 13:32:02,236 - root - INFO - head hit:0.3304, head mean rank:325.0377, topn:10.
2021-03-26 13:32:02,236 - root - INFO - tail hit:0.4150, tail mean rank:307.3216, topn:10.
2021-03-26 13:32:02,236 - root - INFO - avg hit:0.3727, avg mean rank:316.1797, topn:10.
2021-03-26 13:32:52,485 - root - INFO - head hit:0.3308, head mean rank:325.3559, topn:10.
2021-03-26 13:32:52,486 - root - INFO - tail hit:0.4156, tail mean rank:312.4408, topn:10.
2021-03-26 13:32:52,486 - root - INFO - avg hit:0.3732, avg mean rank:318.8983, topn:10.
2021-03-26 13:32:52,516 - root - INFO - Checkpointing ...
2021-03-26 13:33:55,527 - root - INFO - train loss:3.7193!
2021-03-26 13:34:30,923 - root - INFO - head hit:0.3314, head mean rank:324.8379, topn:10.
2021-03-26 13:34:30,923 - root - INFO - tail hit:0.4155, tail mean rank:307.4331, topn:10.
2021-03-26 13:34:30,924 - root - INFO - avg hit:0.3735, avg mean rank:316.1355, topn:10.
2021-03-26 13:35:20,505 - root - INFO - head hit:0.3308, head mean rank:325.3386, topn:10.
2021-03-26 13:35:20,505 - root - INFO - tail hit:0.4148, tail mean rank:312.1923, topn:10.
2021-03-26 13:35:20,505 - root - INFO - avg hit:0.3728, avg mean rank:318.7654, topn:10.
2021-03-26 13:35:20,535 - root - INFO - Checkpointing ...
2021-03-26 13:36:23,698 - root - INFO - train loss:3.6309!
2021-03-26 13:36:59,526 - root - INFO - head hit:0.3318, head mean rank:324.8589, topn:10.
2021-03-26 13:36:59,526 - root - INFO - tail hit:0.4178, tail mean rank:307.6203, topn:10.
2021-03-26 13:36:59,526 - root - INFO - avg hit:0.3748, avg mean rank:316.2396, topn:10.
2021-03-26 13:37:49,268 - root - INFO - head hit:0.3330, head mean rank:325.3244, topn:10.
2021-03-26 13:37:49,269 - root - INFO - tail hit:0.4151, tail mean rank:312.1223, topn:10.
2021-03-26 13:37:49,269 - root - INFO - avg hit:0.3740, avg mean rank:318.7234, topn:10.
2021-03-26 13:37:49,300 - root - INFO - Checkpointing ...
2021-03-26 13:38:51,982 - root - INFO - train loss:3.6196!
2021-03-26 13:39:27,188 - root - INFO - head hit:0.3326, head mean rank:325.0453, topn:10.
2021-03-26 13:39:27,188 - root - INFO - tail hit:0.4164, tail mean rank:307.9369, topn:10.
2021-03-26 13:39:27,188 - root - INFO - avg hit:0.3745, avg mean rank:316.4911, topn:10.
2021-03-26 13:40:16,893 - root - INFO - head hit:0.3343, head mean rank:324.8646, topn:10.
2021-03-26 13:40:16,893 - root - INFO - tail hit:0.4167, tail mean rank:312.6956, topn:10.
2021-03-26 13:40:16,893 - root - INFO - avg hit:0.3755, avg mean rank:318.7801, topn:10.
2021-03-26 13:40:16,918 - root - INFO - No improvement after one epoch. Lowering learning rate.
2021-03-26 13:41:19,334 - root - INFO - train loss:3.6161!
2021-03-26 13:41:55,159 - root - INFO - head hit:0.3337, head mean rank:324.3319, topn:10.
2021-03-26 13:41:55,159 - root - INFO - tail hit:0.4190, tail mean rank:306.6648, topn:10.
2021-03-26 13:41:55,160 - root - INFO - avg hit:0.3764, avg mean rank:315.4984, topn:10.
2021-03-26 13:42:44,010 - root - INFO - head hit:0.3351, head mean rank:323.9586, topn:10.
2021-03-26 13:42:44,011 - root - INFO - tail hit:0.4186, tail mean rank:311.6336, topn:10.
2021-03-26 13:42:44,011 - root - INFO - avg hit:0.3768, avg mean rank:317.7961, topn:10.
2021-03-26 13:42:44,041 - root - INFO - Checkpointing ...
2021-03-26 13:43:48,668 - root - INFO - train loss:3.5373!
2021-03-26 13:44:24,975 - root - INFO - head hit:0.3349, head mean rank:324.1948, topn:10.
2021-03-26 13:44:24,976 - root - INFO - tail hit:0.4197, tail mean rank:306.5380, topn:10.
2021-03-26 13:44:24,976 - root - INFO - avg hit:0.3773, avg mean rank:315.3664, topn:10.
2021-03-26 13:45:15,021 - root - INFO - head hit:0.3358, head mean rank:323.9086, topn:10.
2021-03-26 13:45:15,021 - root - INFO - tail hit:0.4183, tail mean rank:311.3423, topn:10.
2021-03-26 13:45:15,021 - root - INFO - avg hit:0.3771, avg mean rank:317.6255, topn:10.
2021-03-26 13:45:15,053 - root - INFO - Checkpointing ...
2021-03-26 13:46:18,530 - root - INFO - train loss:3.5312!
2021-03-26 13:46:53,730 - root - INFO - head hit:0.3369, head mean rank:323.8849, topn:10.
2021-03-26 13:46:53,730 - root - INFO - tail hit:0.4196, tail mean rank:306.6034, topn:10.
2021-03-26 13:46:53,735 - root - INFO - avg hit:0.3782, avg mean rank:315.2441, topn:10.
2021-03-26 13:47:44,627 - root - INFO - head hit:0.3369, head mean rank:323.6748, topn:10.
2021-03-26 13:47:44,628 - root - INFO - tail hit:0.4189, tail mean rank:311.2168, topn:10.
2021-03-26 13:47:44,628 - root - INFO - avg hit:0.3779, avg mean rank:317.4458, topn:10.
2021-03-26 13:47:44,657 - root - INFO - Checkpointing ...
2021-03-26 13:48:46,790 - root - INFO - train loss:3.5282!
2021-03-26 13:49:22,614 - root - INFO - head hit:0.3371, head mean rank:324.2777, topn:10.
2021-03-26 13:49:22,615 - root - INFO - tail hit:0.4208, tail mean rank:306.7964, topn:10.
2021-03-26 13:49:22,615 - root - INFO - avg hit:0.3790, avg mean rank:315.5370, topn:10.
2021-03-26 13:50:13,597 - root - INFO - head hit:0.3371, head mean rank:323.8653, topn:10.
2021-03-26 13:50:13,597 - root - INFO - tail hit:0.4196, tail mean rank:311.6510, topn:10.
2021-03-26 13:50:13,597 - root - INFO - avg hit:0.3783, avg mean rank:317.7581, topn:10.
2021-03-26 13:50:13,626 - root - INFO - Checkpointing ...
2021-03-26 13:51:18,092 - root - INFO - train loss:3.4866!
2021-03-26 13:51:54,333 - root - INFO - head hit:0.3385, head mean rank:324.0822, topn:10.
2021-03-26 13:51:54,333 - root - INFO - tail hit:0.4204, tail mean rank:306.9918, topn:10.
2021-03-26 13:51:54,333 - root - INFO - avg hit:0.3795, avg mean rank:315.5370, topn:10.
2021-03-26 13:52:43,398 - root - INFO - head hit:0.3381, head mean rank:323.6107, topn:10.
2021-03-26 13:52:43,399 - root - INFO - tail hit:0.4205, tail mean rank:311.7149, topn:10.
2021-03-26 13:52:43,399 - root - INFO - avg hit:0.3793, avg mean rank:317.6628, topn:10.
2021-03-26 13:52:43,428 - root - INFO - Checkpointing ...
2021-03-26 13:53:49,489 - root - INFO - train loss:3.5202!
2021-03-26 13:54:25,050 - root - INFO - head hit:0.3379, head mean rank:324.6641, topn:10.
2021-03-26 13:54:25,050 - root - INFO - tail hit:0.4212, tail mean rank:306.9346, topn:10.
2021-03-26 13:54:25,051 - root - INFO - avg hit:0.3796, avg mean rank:315.7994, topn:10.
2021-03-26 13:55:15,770 - root - INFO - head hit:0.3381, head mean rank:323.8406, topn:10.
2021-03-26 13:55:15,770 - root - INFO - tail hit:0.4201, tail mean rank:311.6078, topn:10.
2021-03-26 13:55:15,770 - root - INFO - avg hit:0.3791, avg mean rank:317.7242, topn:10.
2021-03-26 13:55:15,803 - root - INFO - Checkpointing ...
2021-03-26 13:56:17,858 - root - INFO - train loss:3.4459!
2021-03-26 13:56:53,691 - root - INFO - head hit:0.3383, head mean rank:324.3890, topn:10.
2021-03-26 13:56:53,692 - root - INFO - tail hit:0.4210, tail mean rank:307.1386, topn:10.
2021-03-26 13:56:53,692 - root - INFO - avg hit:0.3796, avg mean rank:315.7638, topn:10.
2021-03-26 13:57:43,583 - root - INFO - head hit:0.3385, head mean rank:323.9578, topn:10.
2021-03-26 13:57:43,583 - root - INFO - tail hit:0.4203, tail mean rank:311.9435, topn:10.
2021-03-26 13:57:43,583 - root - INFO - avg hit:0.3794, avg mean rank:317.9506, topn:10.
2021-03-26 13:57:43,614 - root - INFO - Checkpointing ...
2021-03-26 13:58:50,159 - root - INFO - train loss:3.4746!
2021-03-26 13:59:26,487 - root - INFO - head hit:0.3388, head mean rank:324.3669, topn:10.
2021-03-26 13:59:26,488 - root - INFO - tail hit:0.4215, tail mean rank:306.9691, topn:10.
2021-03-26 13:59:26,488 - root - INFO - avg hit:0.3801, avg mean rank:315.6680, topn:10.
2021-03-26 14:00:15,940 - root - INFO - head hit:0.3394, head mean rank:323.7297, topn:10.
2021-03-26 14:00:15,940 - root - INFO - tail hit:0.4208, tail mean rank:311.8285, topn:10.
2021-03-26 14:00:15,940 - root - INFO - avg hit:0.3801, avg mean rank:317.7791, topn:10.
2021-03-26 14:00:15,967 - root - INFO - Checkpointing ...
2021-03-26 14:01:19,359 - root - INFO - train loss:3.4261!
2021-03-26 14:01:54,529 - root - INFO - head hit:0.3387, head mean rank:324.4865, topn:10.
2021-03-26 14:01:54,530 - root - INFO - tail hit:0.4220, tail mean rank:306.9685, topn:10.
2021-03-26 14:01:54,530 - root - INFO - avg hit:0.3804, avg mean rank:315.7275, topn:10.
2021-03-26 14:02:44,889 - root - INFO - head hit:0.3398, head mean rank:323.9808, topn:10.
2021-03-26 14:02:44,889 - root - INFO - tail hit:0.4210, tail mean rank:312.0510, topn:10.
2021-03-26 14:02:44,889 - root - INFO - avg hit:0.3804, avg mean rank:318.0159, topn:10.
2021-03-26 14:02:44,920 - root - INFO - Checkpointing ...
2021-03-26 14:03:46,640 - root - INFO - train loss:3.4343!
2021-03-26 14:04:22,406 - root - INFO - head hit:0.3395, head mean rank:324.4495, topn:10.
2021-03-26 14:04:22,407 - root - INFO - tail hit:0.4219, tail mean rank:307.0081, topn:10.
2021-03-26 14:04:22,407 - root - INFO - avg hit:0.3807, avg mean rank:315.7288, topn:10.
2021-03-26 14:05:12,555 - root - INFO - head hit:0.3408, head mean rank:324.0189, topn:10.
2021-03-26 14:05:12,556 - root - INFO - tail hit:0.4219, tail mean rank:312.0160, topn:10.
2021-03-26 14:05:12,556 - root - INFO - avg hit:0.3813, avg mean rank:318.0175, topn:10.
2021-03-26 14:05:12,588 - root - INFO - Checkpointing ...
2021-03-26 14:06:16,044 - root - INFO - train loss:3.4371!
2021-03-26 14:06:51,627 - root - INFO - head hit:0.3408, head mean rank:324.3862, topn:10.
2021-03-26 14:06:51,627 - root - INFO - tail hit:0.4233, tail mean rank:306.9214, topn:10.
2021-03-26 14:06:51,628 - root - INFO - avg hit:0.3820, avg mean rank:315.6538, topn:10.
2021-03-26 14:07:41,771 - root - INFO - head hit:0.3413, head mean rank:324.2390, topn:10.
2021-03-26 14:07:41,772 - root - INFO - tail hit:0.4219, tail mean rank:312.2053, topn:10.
2021-03-26 14:07:41,772 - root - INFO - avg hit:0.3816, avg mean rank:318.2221, topn:10.
2021-03-26 14:07:41,803 - root - INFO - Checkpointing ...
2021-03-26 14:08:45,117 - root - INFO - train loss:3.4408!
2021-03-26 14:09:20,640 - root - INFO - head hit:0.3393, head mean rank:324.6002, topn:10.
2021-03-26 14:09:20,640 - root - INFO - tail hit:0.4229, tail mean rank:306.9893, topn:10.
2021-03-26 14:09:20,640 - root - INFO - avg hit:0.3811, avg mean rank:315.7947, topn:10.
2021-03-26 14:10:11,643 - root - INFO - head hit:0.3411, head mean rank:324.2514, topn:10.
2021-03-26 14:10:11,643 - root - INFO - tail hit:0.4225, tail mean rank:312.1638, topn:10.
2021-03-26 14:10:11,643 - root - INFO - avg hit:0.3818, avg mean rank:318.2076, topn:10.
2021-03-26 14:10:11,676 - root - INFO - No improvement after one epoch. Lowering learning rate.
2021-03-26 14:11:14,867 - root - INFO - train loss:3.4139!
2021-03-26 14:11:50,232 - root - INFO - head hit:0.3406, head mean rank:324.2515, topn:10.
2021-03-26 14:11:50,233 - root - INFO - tail hit:0.4237, tail mean rank:306.9771, topn:10.
2021-03-26 14:11:50,233 - root - INFO - avg hit:0.3821, avg mean rank:315.6143, topn:10.
2021-03-26 14:12:39,954 - root - INFO - head hit:0.3413, head mean rank:323.8986, topn:10.
2021-03-26 14:12:39,955 - root - INFO - tail hit:0.4230, tail mean rank:311.9404, topn:10.
2021-03-26 14:12:39,955 - root - INFO - avg hit:0.3822, avg mean rank:317.9195, topn:10.
2021-03-26 14:12:39,986 - root - INFO - Checkpointing ...
2021-03-26 14:13:43,404 - root - INFO - train loss:3.3776!
2021-03-26 14:14:18,819 - root - INFO - head hit:0.3419, head mean rank:324.0013, topn:10.
2021-03-26 14:14:18,819 - root - INFO - tail hit:0.4235, tail mean rank:306.7023, topn:10.
2021-03-26 14:14:18,819 - root - INFO - avg hit:0.3827, avg mean rank:315.3518, topn:10.
2021-03-26 14:15:09,001 - root - INFO - head hit:0.3420, head mean rank:323.8259, topn:10.
2021-03-26 14:15:09,002 - root - INFO - tail hit:0.4235, tail mean rank:311.8405, topn:10.
2021-03-26 14:15:09,002 - root - INFO - avg hit:0.3828, avg mean rank:317.8332, topn:10.
2021-03-26 14:15:09,034 - root - INFO - Checkpointing ...
2021-03-26 14:16:11,541 - root - INFO - train loss:3.3541!
2021-03-26 14:16:47,140 - root - INFO - head hit:0.3420, head mean rank:324.0386, topn:10.
2021-03-26 14:16:47,140 - root - INFO - tail hit:0.4246, tail mean rank:306.7953, topn:10.
2021-03-26 14:16:47,141 - root - INFO - avg hit:0.3833, avg mean rank:315.4169, topn:10.
2021-03-26 14:17:36,962 - root - INFO - head hit:0.3421, head mean rank:323.8149, topn:10.
2021-03-26 14:17:36,963 - root - INFO - tail hit:0.4231, tail mean rank:311.8852, topn:10.
2021-03-26 14:17:36,963 - root - INFO - avg hit:0.3826, avg mean rank:317.8500, topn:10.
2021-03-26 14:17:36,994 - root - INFO - Checkpointing ...
2021-03-26 14:18:39,396 - root - INFO - train loss:3.3966!
2021-03-26 14:19:14,825 - root - INFO - head hit:0.3422, head mean rank:324.1528, topn:10.
2021-03-26 14:19:14,826 - root - INFO - tail hit:0.4254, tail mean rank:306.8038, topn:10.
2021-03-26 14:19:14,826 - root - INFO - avg hit:0.3838, avg mean rank:315.4783, topn:10.
2021-03-26 14:20:04,364 - root - INFO - head hit:0.3420, head mean rank:323.8343, topn:10.
2021-03-26 14:20:04,365 - root - INFO - tail hit:0.4234, tail mean rank:311.8728, topn:10.
2021-03-26 14:20:04,365 - root - INFO - avg hit:0.3827, avg mean rank:317.8535, topn:10.
2021-03-26 14:20:04,393 - root - INFO - Checkpointing ...
2021-03-26 14:21:05,960 - root - INFO - train loss:3.3998!
2021-03-26 14:21:41,972 - root - INFO - head hit:0.3424, head mean rank:324.2613, topn:10.
2021-03-26 14:21:41,972 - root - INFO - tail hit:0.4249, tail mean rank:306.9092, topn:10.
2021-03-26 14:21:41,972 - root - INFO - avg hit:0.3837, avg mean rank:315.5852, topn:10.
2021-03-26 14:22:32,677 - root - INFO - head hit:0.3418, head mean rank:323.8036, topn:10.
2021-03-26 14:22:32,677 - root - INFO - tail hit:0.4236, tail mean rank:311.9173, topn:10.
2021-03-26 14:22:32,677 - root - INFO - avg hit:0.3827, avg mean rank:317.8604, topn:10.
2021-03-26 14:22:32,707 - root - INFO - No improvement after one epoch. Lowering learning rate.
2021-03-26 14:23:38,065 - root - INFO - train loss:3.3829!
2021-03-26 14:24:13,841 - root - INFO - head hit:0.3424, head mean rank:324.2135, topn:10.
2021-03-26 14:24:13,841 - root - INFO - tail hit:0.4253, tail mean rank:306.9049, topn:10.
2021-03-26 14:24:13,841 - root - INFO - avg hit:0.3838, avg mean rank:315.5592, topn:10.
2021-03-26 14:25:03,948 - root - INFO - head hit:0.3418, head mean rank:323.7316, topn:10.
2021-03-26 14:25:03,948 - root - INFO - tail hit:0.4239, tail mean rank:311.7651, topn:10.
2021-03-26 14:25:03,948 - root - INFO - avg hit:0.3829, avg mean rank:317.7484, topn:10.
2021-03-26 14:25:03,978 - root - INFO - Checkpointing ...
2021-03-26 14:26:10,257 - root - INFO - train loss:3.3893!
2021-03-26 14:26:46,049 - root - INFO - head hit:0.3425, head mean rank:324.1695, topn:10.
2021-03-26 14:26:46,050 - root - INFO - tail hit:0.4250, tail mean rank:306.8824, topn:10.
2021-03-26 14:26:46,050 - root - INFO - avg hit:0.3838, avg mean rank:315.5259, topn:10.
2021-03-26 14:27:35,659 - root - INFO - head hit:0.3422, head mean rank:323.6937, topn:10.
2021-03-26 14:27:35,659 - root - INFO - tail hit:0.4237, tail mean rank:311.7537, topn:10.
2021-03-26 14:27:35,659 - root - INFO - avg hit:0.3829, avg mean rank:317.7237, topn:10.
2021-03-26 14:27:35,692 - root - INFO - No improvement after one epoch. Lowering learning rate.
2021-03-26 14:28:38,140 - root - INFO - train loss:3.3536!
2021-03-26 14:29:13,443 - root - INFO - head hit:0.3429, head mean rank:324.1395, topn:10.
2021-03-26 14:29:13,443 - root - INFO - tail hit:0.4253, tail mean rank:306.8496, topn:10.
2021-03-26 14:29:13,443 - root - INFO - avg hit:0.3841, avg mean rank:315.4945, topn:10.
2021-03-26 14:30:04,144 - root - INFO - head hit:0.3426, head mean rank:323.6833, topn:10.
2021-03-26 14:30:04,145 - root - INFO - tail hit:0.4241, tail mean rank:311.7008, topn:10.
2021-03-26 14:30:04,145 - root - INFO - avg hit:0.3833, avg mean rank:317.6921, topn:10.
2021-03-26 14:30:04,175 - root - INFO - Checkpointing ...
2021-03-26 14:31:06,037 - root - INFO - train loss:3.3599!
2021-03-26 14:31:41,992 - root - INFO - head hit:0.3429, head mean rank:324.1303, topn:10.
2021-03-26 14:31:41,992 - root - INFO - tail hit:0.4254, tail mean rank:306.7787, topn:10.
2021-03-26 14:31:41,992 - root - INFO - avg hit:0.3842, avg mean rank:315.4545, topn:10.
2021-03-26 14:32:31,550 - root - INFO - head hit:0.3428, head mean rank:323.6476, topn:10.
2021-03-26 14:32:31,550 - root - INFO - tail hit:0.4242, tail mean rank:311.6472, topn:10.
2021-03-26 14:32:31,551 - root - INFO - avg hit:0.3835, avg mean rank:317.6474, topn:10.
2021-03-26 14:32:31,582 - root - INFO - Checkpointing ...
2021-03-26 14:33:35,784 - root - INFO - train loss:3.3053!
2021-03-26 14:34:12,288 - root - INFO - head hit:0.3429, head mean rank:324.0965, topn:10.
2021-03-26 14:34:12,289 - root - INFO - tail hit:0.4254, tail mean rank:306.7528, topn:10.
2021-03-26 14:34:12,289 - root - INFO - avg hit:0.3841, avg mean rank:315.4247, topn:10.
2021-03-26 14:35:01,728 - root - INFO - head hit:0.3429, head mean rank:323.5900, topn:10.
2021-03-26 14:35:01,729 - root - INFO - tail hit:0.4239, tail mean rank:311.6230, topn:10.
2021-03-26 14:35:01,729 - root - INFO - avg hit:0.3834, avg mean rank:317.6065, topn:10.
2021-03-26 14:35:01,762 - root - INFO - No improvement after one epoch. Lowering learning rate.
2021-03-26 14:36:03,450 - root - INFO - train loss:3.3265!
2021-03-26 14:36:39,063 - root - INFO - head hit:0.3428, head mean rank:324.0732, topn:10.
2021-03-26 14:36:39,063 - root - INFO - tail hit:0.4254, tail mean rank:306.7827, topn:10.
2021-03-26 14:36:39,063 - root - INFO - avg hit:0.3841, avg mean rank:315.4280, topn:10.
2021-03-26 14:37:29,641 - root - INFO - head hit:0.3428, head mean rank:323.5856, topn:10.
2021-03-26 14:37:29,642 - root - INFO - tail hit:0.4242, tail mean rank:311.6536, topn:10.
2021-03-26 14:37:29,642 - root - INFO - avg hit:0.3835, avg mean rank:317.6196, topn:10.
2021-03-26 14:37:29,673 - root - INFO - No improvement after one epoch. Lowering learning rate.
2021-03-26 14:38:33,895 - root - INFO - train loss:3.3409!
2021-03-26 14:39:09,653 - root - INFO - head hit:0.3427, head mean rank:324.0457, topn:10.
2021-03-26 14:39:09,654 - root - INFO - tail hit:0.4252, tail mean rank:306.7905, topn:10.
2021-03-26 14:39:09,654 - root - INFO - avg hit:0.3839, avg mean rank:315.4181, topn:10.
2021-03-26 14:39:59,165 - root - INFO - head hit:0.3429, head mean rank:323.5418, topn:10.
2021-03-26 14:39:59,166 - root - INFO - tail hit:0.4243, tail mean rank:311.6605, topn:10.
2021-03-26 14:39:59,166 - root - INFO - avg hit:0.3836, avg mean rank:317.6011, topn:10.
2021-03-26 14:39:59,196 - root - INFO - No improvement after one epoch. Lowering learning rate.
2021-03-26 14:41:07,589 - root - INFO - train loss:3.3314!
2021-03-26 14:41:42,927 - root - INFO - head hit:0.3429, head mean rank:324.0439, topn:10.
2021-03-26 14:41:42,927 - root - INFO - tail hit:0.4253, tail mean rank:306.7818, topn:10.
2021-03-26 14:41:42,927 - root - INFO - avg hit:0.3841, avg mean rank:315.4128, topn:10.
2021-03-26 14:42:32,917 - root - INFO - head hit:0.3429, head mean rank:323.5435, topn:10.
2021-03-26 14:42:32,918 - root - INFO - tail hit:0.4243, tail mean rank:311.6549, topn:10.
2021-03-26 14:42:32,918 - root - INFO - avg hit:0.3836, avg mean rank:317.5992, topn:10.
2021-03-26 14:42:32,946 - root - INFO - No improvement after one epoch. Lowering learning rate.
2021-03-26 14:43:35,978 - root - INFO - train loss:3.3747!
2021-03-26 14:44:12,062 - root - INFO - head hit:0.3430, head mean rank:324.0390, topn:10.
2021-03-26 14:44:12,062 - root - INFO - tail hit:0.4253, tail mean rank:306.7799, topn:10.
2021-03-26 14:44:12,062 - root - INFO - avg hit:0.3841, avg mean rank:315.4094, topn:10.
2021-03-26 14:45:02,439 - root - INFO - head hit:0.3430, head mean rank:323.5377, topn:10.
2021-03-26 14:45:02,439 - root - INFO - tail hit:0.4243, tail mean rank:311.6478, topn:10.
2021-03-26 14:45:02,439 - root - INFO - avg hit:0.3837, avg mean rank:317.5928, topn:10.
2021-03-26 14:45:02,464 - root - INFO - No improvement after one epoch. Lowering learning rate.
2021-03-26 14:45:02,479 - root - INFO - No improvement after 45750 steps. Stopping training.
