2021-03-02 03:45:52,966 - root - INFO - Flag Values:
{
    "L1_flag": true,
    "batch_size": 256,
    "ckpt_path": "/home/juarez/git/results/JIIS-revised-exp1/ml-sun_ho_sKG_ig-sv-complex-50/",
    "clipping_max_value": 5.0,
    "data_path": "/home/juarez/git/datasets/JIIS-revised-exp1/ml-sun_ho_sKG_ig-sv-complex-50/cao-format/",
    "dataset": "ml1m",
    "early_stopping_steps_to_wait": 24363,
    "embedding_size": 100,
    "eval_interval_steps": 4873,
    "eval_only_mode": false,
    "experiment_name": "ml1m-transe-1614667552",
    "filter_wrong_corrupted": true,
    "has_visualization": false,
    "is_report": false,
    "joint_ratio": 0.5,
    "kg_lambda": 1.0,
    "kg_test_files": "valid.dat:test.dat",
    "l2_lambda": 0.0,
    "learning_rate": 0.001,
    "learning_rate_decay_when_no_progress": 0.5,
    "load_ckpt_file": null,
    "load_experiment_name": null,
    "log_level": "debug",
    "log_path": "/home/juarez/git/results/JIIS-revised-exp1/ml-sun_ho_sKG_ig-sv-complex-50/",
    "margin": 1.0,
    "max_queue": 10,
    "model_type": "transe",
    "momentum": 0.9,
    "negtive_samples": 1,
    "norm_lambda": 1.0,
    "num_preferences": 4,
    "num_processes": 4,
    "optimizer_type": "Adam",
    "rec_test_files": null,
    "seed": 0,
    "share_embeddings": false,
    "topn": 10,
    "training_steps": 487300,
    "use_st_gumbel": false,
    "visualization_port": 8097
}
2021-03-02 03:45:53,023 - root - INFO - Totally 6898 train triples, 818,1645 eval triples in files: /home/juarez/git/datasets/JIIS-revised-exp1/ml-sun_ho_sKG_ig-sv-complex-50/cao-format/ml1m/kg/valid.dat;/home/juarez/git/datasets/JIIS-revised-exp1/ml-sun_ho_sKG_ig-sv-complex-50/cao-format/ml1m/kg/test.dat!
2021-03-02 03:45:53,027 - root - INFO - successfully load 3827 entities and 3 relations!
2021-03-02 03:45:53,038 - root - INFO - Building model.
2021-03-02 03:45:54,345 - root - INFO - Architecture: TransEModel(
  (ent_embeddings): Embedding(3827, 100)
  (rel_embeddings): Embedding(3, 100)
)
2021-03-02 03:45:54,346 - root - INFO - Total params: 383000.0
2021-03-02 03:45:54,346 - root - INFO - One epoch is 27 steps.
2021-03-02 03:45:54,346 - root - INFO - Training.
2021-03-02 03:45:54,346 - root - INFO - train loss:0.0000!
2021-03-02 03:45:55,968 - root - INFO - head hit:0.0024, head mean rank:1790.0587, topn:10.
2021-03-02 03:45:55,968 - root - INFO - tail hit:0.0000, tail mean rank:1884.1748, topn:10.
2021-03-02 03:45:55,969 - root - INFO - avg hit:0.0012, avg mean rank:1837.1167, topn:10.
2021-03-02 03:45:58,594 - root - INFO - head hit:0.0018, head mean rank:1778.9435, topn:10.
2021-03-02 03:45:58,595 - root - INFO - tail hit:0.0012, tail mean rank:1854.2012, topn:10.
2021-03-02 03:45:58,595 - root - INFO - avg hit:0.0015, avg mean rank:1816.5723, topn:10.
2021-03-02 03:46:23,921 - root - INFO - train loss:8.9618!
2021-03-02 03:46:25,384 - root - INFO - head hit:0.0440, head mean rank:933.0183, topn:10.
2021-03-02 03:46:25,384 - root - INFO - tail hit:0.1846, tail mean rank:540.0648, topn:10.
2021-03-02 03:46:25,384 - root - INFO - avg hit:0.1143, avg mean rank:736.5416, topn:10.
2021-03-02 03:46:27,868 - root - INFO - head hit:0.0547, head mean rank:924.2693, topn:10.
2021-03-02 03:46:27,868 - root - INFO - tail hit:0.2207, tail mean rank:470.4140, topn:10.
2021-03-02 03:46:27,868 - root - INFO - avg hit:0.1377, avg mean rank:697.3416, topn:10.
2021-03-02 03:46:27,869 - root - INFO - Checkpointing ...
2021-03-02 03:46:53,354 - root - INFO - train loss:0.4523!
2021-03-02 03:46:54,722 - root - INFO - head hit:0.0599, head mean rank:878.6919, topn:10.
2021-03-02 03:46:54,722 - root - INFO - tail hit:0.2531, tail mean rank:452.8680, topn:10.
2021-03-02 03:46:54,722 - root - INFO - avg hit:0.1565, avg mean rank:665.7800, topn:10.
2021-03-02 03:46:57,210 - root - INFO - head hit:0.0596, head mean rank:834.4243, topn:10.
2021-03-02 03:46:57,211 - root - INFO - tail hit:0.2839, tail mean rank:414.1824, topn:10.
2021-03-02 03:46:57,211 - root - INFO - avg hit:0.1717, avg mean rank:624.3033, topn:10.
2021-03-02 03:46:57,212 - root - INFO - Checkpointing ...
2021-03-02 03:47:22,324 - root - INFO - train loss:0.2856!
2021-03-02 03:47:23,677 - root - INFO - head hit:0.0709, head mean rank:830.0856, topn:10.
2021-03-02 03:47:23,677 - root - INFO - tail hit:0.2152, tail mean rank:412.9218, topn:10.
2021-03-02 03:47:23,678 - root - INFO - avg hit:0.1430, avg mean rank:621.5037, topn:10.
2021-03-02 03:47:26,176 - root - INFO - head hit:0.0802, head mean rank:777.8669, topn:10.
2021-03-02 03:47:26,177 - root - INFO - tail hit:0.2480, tail mean rank:383.1210, topn:10.
2021-03-02 03:47:26,177 - root - INFO - avg hit:0.1641, avg mean rank:580.4939, topn:10.
2021-03-02 03:47:26,178 - root - INFO - No improvement after one epoch. Lowering learning rate.
2021-03-02 03:47:51,874 - root - INFO - train loss:0.0813!
2021-03-02 03:47:53,228 - root - INFO - head hit:0.1100, head mean rank:787.7628, topn:10.
2021-03-02 03:47:53,229 - root - INFO - tail hit:0.2861, tail mean rank:390.8998, topn:10.
2021-03-02 03:47:53,229 - root - INFO - avg hit:0.1980, avg mean rank:589.3313, topn:10.
2021-03-02 03:47:55,658 - root - INFO - head hit:0.1027, head mean rank:737.8444, topn:10.
2021-03-02 03:47:55,658 - root - INFO - tail hit:0.3246, tail mean rank:357.6249, topn:10.
2021-03-02 03:47:55,658 - root - INFO - avg hit:0.2137, avg mean rank:547.7347, topn:10.
2021-03-02 03:47:55,660 - root - INFO - Checkpointing ...
2021-03-02 03:48:21,260 - root - INFO - train loss:0.0379!
2021-03-02 03:48:22,664 - root - INFO - head hit:0.1039, head mean rank:790.2457, topn:10.
2021-03-02 03:48:22,664 - root - INFO - tail hit:0.2885, tail mean rank:370.2971, topn:10.
2021-03-02 03:48:22,664 - root - INFO - avg hit:0.1962, avg mean rank:580.2714, topn:10.
2021-03-02 03:48:25,094 - root - INFO - head hit:0.1112, head mean rank:729.6152, topn:10.
2021-03-02 03:48:25,094 - root - INFO - tail hit:0.3277, tail mean rank:345.7653, topn:10.
2021-03-02 03:48:25,094 - root - INFO - avg hit:0.2195, avg mean rank:537.6903, topn:10.
2021-03-02 03:48:25,096 - root - INFO - No improvement after one epoch. Lowering learning rate.
2021-03-02 03:48:52,444 - root - INFO - train loss:0.0184!
2021-03-02 03:48:53,902 - root - INFO - head hit:0.1137, head mean rank:769.4939, topn:10.
2021-03-02 03:48:53,903 - root - INFO - tail hit:0.3301, tail mean rank:359.3130, topn:10.
2021-03-02 03:48:53,903 - root - INFO - avg hit:0.2219, avg mean rank:564.4034, topn:10.
2021-03-02 03:48:56,296 - root - INFO - head hit:0.1191, head mean rank:715.7605, topn:10.
2021-03-02 03:48:56,296 - root - INFO - tail hit:0.3593, tail mean rank:335.7119, topn:10.
2021-03-02 03:48:56,296 - root - INFO - avg hit:0.2392, avg mean rank:525.7362, topn:10.
2021-03-02 03:48:56,297 - root - INFO - Checkpointing ...
2021-03-02 03:49:21,173 - root - INFO - train loss:0.0094!
2021-03-02 03:49:22,494 - root - INFO - head hit:0.1161, head mean rank:769.0819, topn:10.
2021-03-02 03:49:22,494 - root - INFO - tail hit:0.3276, tail mean rank:355.4914, topn:10.
2021-03-02 03:49:22,494 - root - INFO - avg hit:0.2219, avg mean rank:562.2867, topn:10.
2021-03-02 03:49:24,976 - root - INFO - head hit:0.1228, head mean rank:711.2097, topn:10.
2021-03-02 03:49:24,977 - root - INFO - tail hit:0.3641, tail mean rank:334.0347, topn:10.
2021-03-02 03:49:24,977 - root - INFO - avg hit:0.2435, avg mean rank:522.6222, topn:10.
2021-03-02 03:49:24,978 - root - INFO - No improvement after one epoch. Lowering learning rate.
2021-03-02 03:49:50,263 - root - INFO - train loss:0.0064!
2021-03-02 03:49:51,687 - root - INFO - head hit:0.1235, head mean rank:756.6614, topn:10.
2021-03-02 03:49:51,688 - root - INFO - tail hit:0.3386, tail mean rank:354.7372, topn:10.
2021-03-02 03:49:51,688 - root - INFO - avg hit:0.2311, avg mean rank:555.6993, topn:10.
2021-03-02 03:49:54,055 - root - INFO - head hit:0.1343, head mean rank:703.1441, topn:10.
2021-03-02 03:49:54,055 - root - INFO - tail hit:0.3702, tail mean rank:332.0049, topn:10.
2021-03-02 03:49:54,055 - root - INFO - avg hit:0.2523, avg mean rank:517.5745, topn:10.
2021-03-02 03:49:54,057 - root - INFO - Checkpointing ...
2021-03-02 03:50:19,601 - root - INFO - train loss:0.0052!
2021-03-02 03:50:21,030 - root - INFO - head hit:0.1222, head mean rank:762.5929, topn:10.
2021-03-02 03:50:21,030 - root - INFO - tail hit:0.3484, tail mean rank:351.4841, topn:10.
2021-03-02 03:50:21,034 - root - INFO - avg hit:0.2353, avg mean rank:557.0385, topn:10.
2021-03-02 03:50:23,553 - root - INFO - head hit:0.1331, head mean rank:703.5593, topn:10.
2021-03-02 03:50:23,553 - root - INFO - tail hit:0.3757, tail mean rank:328.3015, topn:10.
2021-03-02 03:50:23,553 - root - INFO - avg hit:0.2544, avg mean rank:515.9304, topn:10.
2021-03-02 03:50:23,555 - root - INFO - Checkpointing ...
2021-03-02 03:50:49,425 - root - INFO - train loss:0.0038!
2021-03-02 03:50:50,858 - root - INFO - head hit:0.1271, head mean rank:761.6235, topn:10.
2021-03-02 03:50:50,859 - root - INFO - tail hit:0.3484, tail mean rank:352.1137, topn:10.
2021-03-02 03:50:50,859 - root - INFO - avg hit:0.2378, avg mean rank:556.8686, topn:10.
2021-03-02 03:50:53,336 - root - INFO - head hit:0.1343, head mean rank:703.5313, topn:10.
2021-03-02 03:50:53,337 - root - INFO - tail hit:0.3824, tail mean rank:326.7720, topn:10.
2021-03-02 03:50:53,337 - root - INFO - avg hit:0.2584, avg mean rank:515.1517, topn:10.
2021-03-02 03:50:53,338 - root - INFO - Checkpointing ...
2021-03-02 03:51:18,657 - root - INFO - train loss:0.0033!
2021-03-02 03:51:20,094 - root - INFO - head hit:0.1259, head mean rank:763.8215, topn:10.
2021-03-02 03:51:20,095 - root - INFO - tail hit:0.3472, tail mean rank:347.8778, topn:10.
2021-03-02 03:51:20,095 - root - INFO - avg hit:0.2366, avg mean rank:555.8496, topn:10.
2021-03-02 03:51:22,453 - root - INFO - head hit:0.1350, head mean rank:707.8517, topn:10.
2021-03-02 03:51:22,453 - root - INFO - tail hit:0.3757, tail mean rank:325.7769, topn:10.
2021-03-02 03:51:22,453 - root - INFO - avg hit:0.2553, avg mean rank:516.8143, topn:10.
2021-03-02 03:51:22,454 - root - INFO - No improvement after one epoch. Lowering learning rate.
2021-03-02 03:51:48,816 - root - INFO - train loss:0.0029!
2021-03-02 03:51:50,215 - root - INFO - head hit:0.1296, head mean rank:765.4095, topn:10.
2021-03-02 03:51:50,215 - root - INFO - tail hit:0.3509, tail mean rank:348.5232, topn:10.
2021-03-02 03:51:50,216 - root - INFO - avg hit:0.2402, avg mean rank:556.9664, topn:10.
2021-03-02 03:51:52,646 - root - INFO - head hit:0.1410, head mean rank:708.5647, topn:10.
2021-03-02 03:51:52,646 - root - INFO - tail hit:0.3824, tail mean rank:324.9787, topn:10.
2021-03-02 03:51:52,647 - root - INFO - avg hit:0.2617, avg mean rank:516.7717, topn:10.
2021-03-02 03:51:52,648 - root - INFO - Checkpointing ...
2021-03-02 03:52:18,375 - root - INFO - train loss:0.0022!
2021-03-02 03:52:19,721 - root - INFO - head hit:0.1271, head mean rank:763.0831, topn:10.
2021-03-02 03:52:19,722 - root - INFO - tail hit:0.3509, tail mean rank:345.9633, topn:10.
2021-03-02 03:52:19,722 - root - INFO - avg hit:0.2390, avg mean rank:554.5232, topn:10.
2021-03-02 03:52:22,228 - root - INFO - head hit:0.1422, head mean rank:708.3021, topn:10.
2021-03-02 03:52:22,228 - root - INFO - tail hit:0.3830, tail mean rank:324.2815, topn:10.
2021-03-02 03:52:22,229 - root - INFO - avg hit:0.2626, avg mean rank:516.2918, topn:10.
2021-03-02 03:52:22,230 - root - INFO - No improvement after one epoch. Lowering learning rate.
2021-03-02 03:52:47,570 - root - INFO - train loss:0.0027!
2021-03-02 03:52:49,006 - root - INFO - head hit:0.1271, head mean rank:764.1956, topn:10.
2021-03-02 03:52:49,006 - root - INFO - tail hit:0.3521, tail mean rank:346.6883, topn:10.
2021-03-02 03:52:49,006 - root - INFO - avg hit:0.2396, avg mean rank:555.4419, topn:10.
2021-03-02 03:52:51,513 - root - INFO - head hit:0.1429, head mean rank:707.8571, topn:10.
2021-03-02 03:52:51,513 - root - INFO - tail hit:0.3830, tail mean rank:324.4140, topn:10.
2021-03-02 03:52:51,513 - root - INFO - avg hit:0.2629, avg mean rank:516.1356, topn:10.
2021-03-02 03:52:51,514 - root - INFO - No improvement after one epoch. Lowering learning rate.
2021-03-02 03:53:15,950 - root - INFO - train loss:0.0028!
2021-03-02 03:53:17,412 - root - INFO - head hit:0.1284, head mean rank:764.3105, topn:10.
2021-03-02 03:53:17,413 - root - INFO - tail hit:0.3521, tail mean rank:347.3741, topn:10.
2021-03-02 03:53:17,413 - root - INFO - avg hit:0.2402, avg mean rank:555.8423, topn:10.
2021-03-02 03:53:19,907 - root - INFO - head hit:0.1429, head mean rank:708.0736, topn:10.
2021-03-02 03:53:19,908 - root - INFO - tail hit:0.3830, tail mean rank:325.0936, topn:10.
2021-03-02 03:53:19,908 - root - INFO - avg hit:0.2629, avg mean rank:516.5836, topn:10.
2021-03-02 03:53:19,909 - root - INFO - No improvement after one epoch. Lowering learning rate.
2021-03-02 03:53:44,118 - root - INFO - train loss:0.0015!
2021-03-02 03:53:45,479 - root - INFO - head hit:0.1271, head mean rank:764.4377, topn:10.
2021-03-02 03:53:45,479 - root - INFO - tail hit:0.3533, tail mean rank:347.5770, topn:10.
2021-03-02 03:53:45,480 - root - INFO - avg hit:0.2402, avg mean rank:556.0073, topn:10.
2021-03-02 03:53:47,870 - root - INFO - head hit:0.1429, head mean rank:708.3088, topn:10.
2021-03-02 03:53:47,871 - root - INFO - tail hit:0.3830, tail mean rank:325.0316, topn:10.
2021-03-02 03:53:47,871 - root - INFO - avg hit:0.2629, avg mean rank:516.6702, topn:10.
2021-03-02 03:53:47,873 - root - INFO - No improvement after one epoch. Lowering learning rate.
2021-03-02 03:54:14,478 - root - INFO - No improvement after 24363 steps. Stopping training.
