2021-03-02 04:09:35,173 - root - INFO - Flag Values:
{
    "L1_flag": false,
    "batch_size": 256,
    "ckpt_path": "/home/juarez/git/results/JIIS-revised-exp1/ml-sun_ho_sKG_ig-sv-complex-50/",
    "clipping_max_value": 5.0,
    "data_path": "/home/juarez/git/datasets/JIIS-revised-exp1/ml-sun_ho_sKG_ig-sv-complex-50/cao-format/",
    "dataset": "ml1m",
    "early_stopping_steps_to_wait": 1331,
    "embedding_size": 100,
    "eval_interval_steps": 266,
    "eval_only_mode": false,
    "experiment_name": "ml1m-bprmf-1614668975",
    "filter_wrong_corrupted": true,
    "has_visualization": false,
    "is_report": false,
    "joint_ratio": 0.5,
    "kg_lambda": 1.0,
    "kg_test_files": null,
    "l2_lambda": 1e-05,
    "learning_rate": 0.005,
    "learning_rate_decay_when_no_progress": 0.5,
    "load_ckpt_file": null,
    "load_experiment_name": null,
    "log_level": "debug",
    "log_path": "/home/juarez/git/results/JIIS-revised-exp1/ml-sun_ho_sKG_ig-sv-complex-50/",
    "margin": 1.0,
    "max_queue": 10,
    "model_type": "bprmf",
    "momentum": 0.9,
    "negtive_samples": 1,
    "norm_lambda": 1.0,
    "num_preferences": 4,
    "num_processes": 4,
    "optimizer_type": "Adagrad",
    "rec_test_files": "valid.dat:test.dat",
    "seed": 0,
    "share_embeddings": false,
    "topn": 10,
    "training_steps": 26630,
    "use_st_gumbel": false,
    "visualization_port": 8097
}
2021-03-02 04:09:35,408 - root - INFO - Totally 69982 train ratings, 9998,19995 eval ratings in files: /home/juarez/git/datasets/JIIS-revised-exp1/ml-sun_ho_sKG_ig-sv-complex-50/cao-format/ml1m/valid.dat;/home/juarez/git/datasets/JIIS-revised-exp1/ml-sun_ho_sKG_ig-sv-complex-50/cao-format/ml1m/test.dat!
2021-03-02 04:09:35,411 - root - INFO - successfully load 943 users and 1675 items!
2021-03-02 04:09:35,491 - root - INFO - Building model.
2021-03-02 04:09:36,753 - root - INFO - Architecture: BPRMF(
  (user_embeddings): Embedding(943, 100)
  (item_embeddings): Embedding(1675, 100)
)
2021-03-02 04:09:36,754 - root - INFO - Total params: 261800.0
2021-03-02 04:09:36,754 - root - INFO - One epoch is 274 steps.
2021-03-02 04:09:36,755 - root - INFO - Training.
2021-03-02 04:09:36,755 - root - INFO - train loss:0.0000!
2021-03-02 04:09:37,811 - root - INFO - f1:0.0061, p:0.0075, r:0.0066, hit:0.0732, ndcg:0.0401, topn:10.
2021-03-02 04:09:38,716 - root - INFO - f1:0.0087, p:0.0161, r:0.0077, hit:0.1453, ndcg:0.0769, topn:10.
2021-03-02 04:09:40,426 - root - INFO - train loss:0.6939!
2021-03-02 04:09:41,434 - root - INFO - f1:0.0096, p:0.0119, r:0.0106, hit:0.1113, ndcg:0.0586, topn:10.
2021-03-02 04:09:42,422 - root - INFO - f1:0.0114, p:0.0214, r:0.0103, hit:0.1803, ndcg:0.1010, topn:10.
2021-03-02 04:09:42,426 - root - INFO - Checkpointing ...
2021-03-02 04:09:44,100 - root - INFO - train loss:0.6856!
2021-03-02 04:09:45,073 - root - INFO - f1:0.0101, p:0.0133, r:0.0104, hit:0.1198, ndcg:0.0663, topn:10.
2021-03-02 04:09:46,019 - root - INFO - f1:0.0133, p:0.0257, r:0.0117, hit:0.2015, ndcg:0.1135, topn:10.
2021-03-02 04:09:46,022 - root - INFO - Checkpointing ...
2021-03-02 04:09:48,048 - root - INFO - train loss:0.6799!
2021-03-02 04:09:49,018 - root - INFO - f1:0.0113, p:0.0152, r:0.0114, hit:0.1326, ndcg:0.0763, topn:10.
2021-03-02 04:09:50,006 - root - INFO - f1:0.0158, p:0.0312, r:0.0137, hit:0.2386, ndcg:0.1322, topn:10.
2021-03-02 04:09:50,010 - root - INFO - Checkpointing ...
2021-03-02 04:09:51,973 - root - INFO - train loss:0.6746!
2021-03-02 04:09:52,964 - root - INFO - f1:0.0141, p:0.0191, r:0.0141, hit:0.1580, ndcg:0.0917, topn:10.
2021-03-02 04:09:53,952 - root - INFO - f1:0.0197, p:0.0393, r:0.0165, hit:0.2736, ndcg:0.1560, topn:10.
2021-03-02 04:09:53,956 - root - INFO - Checkpointing ...
2021-03-02 04:09:55,509 - root - INFO - train loss:0.6675!
2021-03-02 04:09:56,487 - root - INFO - f1:0.0190, p:0.0257, r:0.0188, hit:0.1941, ndcg:0.1095, topn:10.
2021-03-02 04:09:57,440 - root - INFO - f1:0.0241, p:0.0502, r:0.0196, hit:0.3107, ndcg:0.1803, topn:10.
2021-03-02 04:09:57,443 - root - INFO - Checkpointing ...
2021-03-02 04:09:59,305 - root - INFO - train loss:0.6602!
2021-03-02 04:10:00,243 - root - INFO - f1:0.0239, p:0.0322, r:0.0239, hit:0.2333, ndcg:0.1323, topn:10.
2021-03-02 04:10:01,230 - root - INFO - f1:0.0299, p:0.0632, r:0.0240, hit:0.3425, ndcg:0.2036, topn:10.
2021-03-02 04:10:01,235 - root - INFO - Checkpointing ...
2021-03-02 04:10:03,003 - root - INFO - train loss:0.6516!
2021-03-02 04:10:04,180 - root - INFO - f1:0.0287, p:0.0394, r:0.0282, hit:0.2651, ndcg:0.1505, topn:10.
2021-03-02 04:10:05,122 - root - INFO - f1:0.0373, p:0.0794, r:0.0295, hit:0.3966, ndcg:0.2409, topn:10.
2021-03-02 04:10:05,126 - root - INFO - Checkpointing ...
2021-03-02 04:10:06,709 - root - INFO - train loss:0.6419!
2021-03-02 04:10:07,713 - root - INFO - f1:0.0356, p:0.0484, r:0.0349, hit:0.3022, ndcg:0.1742, topn:10.
2021-03-02 04:10:08,630 - root - INFO - f1:0.0438, p:0.0943, r:0.0340, hit:0.4242, ndcg:0.2607, topn:10.
2021-03-02 04:10:08,633 - root - INFO - Checkpointing ...
2021-03-02 04:10:10,382 - root - INFO - train loss:0.6305!
2021-03-02 04:10:11,394 - root - INFO - f1:0.0430, p:0.0578, r:0.0434, hit:0.3330, ndcg:0.1921, topn:10.
2021-03-02 04:10:12,370 - root - INFO - f1:0.0522, p:0.1108, r:0.0408, hit:0.4655, ndcg:0.2869, topn:10.
2021-03-02 04:10:12,374 - root - INFO - Checkpointing ...
2021-03-02 04:10:14,063 - root - INFO - train loss:0.6187!
2021-03-02 04:10:15,086 - root - INFO - f1:0.0497, p:0.0662, r:0.0508, hit:0.3743, ndcg:0.2170, topn:10.
2021-03-02 04:10:16,037 - root - INFO - f1:0.0606, p:0.1256, r:0.0479, hit:0.4995, ndcg:0.3141, topn:10.
2021-03-02 04:10:16,040 - root - INFO - Checkpointing ...
2021-03-02 04:10:17,832 - root - INFO - train loss:0.6050!
2021-03-02 04:10:18,784 - root - INFO - f1:0.0561, p:0.0741, r:0.0581, hit:0.3987, ndcg:0.2336, topn:10.
2021-03-02 04:10:19,749 - root - INFO - f1:0.0659, p:0.1363, r:0.0520, hit:0.5154, ndcg:0.3286, topn:10.
2021-03-02 04:10:19,753 - root - INFO - Checkpointing ...
2021-03-02 04:10:21,388 - root - INFO - train loss:0.5909!
2021-03-02 04:10:22,332 - root - INFO - f1:0.0607, p:0.0809, r:0.0623, hit:0.4157, ndcg:0.2487, topn:10.
2021-03-02 04:10:23,240 - root - INFO - f1:0.0716, p:0.1466, r:0.0570, hit:0.5419, ndcg:0.3482, topn:10.
2021-03-02 04:10:23,243 - root - INFO - Checkpointing ...
2021-03-02 04:10:24,711 - root - INFO - train loss:0.5763!
2021-03-02 04:10:25,740 - root - INFO - f1:0.0663, p:0.0873, r:0.0702, hit:0.4411, ndcg:0.2646, topn:10.
2021-03-02 04:10:26,782 - root - INFO - f1:0.0775, p:0.1566, r:0.0621, hit:0.5673, ndcg:0.3659, topn:10.
2021-03-02 04:10:26,785 - root - INFO - Checkpointing ...
2021-03-02 04:10:28,674 - root - INFO - train loss:0.5607!
2021-03-02 04:10:29,683 - root - INFO - f1:0.0693, p:0.0915, r:0.0729, hit:0.4496, ndcg:0.2775, topn:10.
2021-03-02 04:10:30,611 - root - INFO - f1:0.0816, p:0.1645, r:0.0654, hit:0.5822, ndcg:0.3789, topn:10.
2021-03-02 04:10:30,615 - root - INFO - Checkpointing ...
2021-03-02 04:10:32,273 - root - INFO - train loss:0.5449!
2021-03-02 04:10:33,309 - root - INFO - f1:0.0741, p:0.0975, r:0.0780, hit:0.4687, ndcg:0.2902, topn:10.
2021-03-02 04:10:34,280 - root - INFO - f1:0.0873, p:0.1730, r:0.0710, hit:0.6119, ndcg:0.3960, topn:10.
2021-03-02 04:10:34,283 - root - INFO - Checkpointing ...
2021-03-02 04:10:35,980 - root - INFO - train loss:0.5304!
2021-03-02 04:10:36,966 - root - INFO - f1:0.0770, p:0.1011, r:0.0807, hit:0.4761, ndcg:0.2984, topn:10.
2021-03-02 04:10:37,957 - root - INFO - f1:0.0908, p:0.1787, r:0.0740, hit:0.6172, ndcg:0.4092, topn:10.
2021-03-02 04:10:37,961 - root - INFO - Checkpointing ...
2021-03-02 04:10:39,417 - root - INFO - train loss:0.5153!
2021-03-02 04:10:40,353 - root - INFO - f1:0.0807, p:0.1048, r:0.0860, hit:0.4899, ndcg:0.3071, topn:10.
2021-03-02 04:10:41,334 - root - INFO - f1:0.0923, p:0.1805, r:0.0755, hit:0.6204, ndcg:0.4176, topn:10.
2021-03-02 04:10:41,338 - root - INFO - Checkpointing ...
2021-03-02 04:10:43,002 - root - INFO - train loss:0.4996!
2021-03-02 04:10:44,049 - root - INFO - f1:0.0845, p:0.1090, r:0.0909, hit:0.5016, ndcg:0.3139, topn:10.
2021-03-02 04:10:45,051 - root - INFO - f1:0.0957, p:0.1852, r:0.0786, hit:0.6341, ndcg:0.4286, topn:10.
2021-03-02 04:10:45,053 - root - INFO - Checkpointing ...
2021-03-02 04:10:46,690 - root - INFO - train loss:0.4875!
2021-03-02 04:10:47,656 - root - INFO - f1:0.0852, p:0.1097, r:0.0916, hit:0.5048, ndcg:0.3209, topn:10.
2021-03-02 04:10:48,661 - root - INFO - f1:0.0985, p:0.1899, r:0.0810, hit:0.6405, ndcg:0.4343, topn:10.
2021-03-02 04:10:48,663 - root - INFO - Checkpointing ...
2021-03-02 04:10:50,466 - root - INFO - train loss:0.4731!
2021-03-02 04:10:51,462 - root - INFO - f1:0.0881, p:0.1124, r:0.0962, hit:0.5175, ndcg:0.3274, topn:10.
2021-03-02 04:10:52,685 - root - INFO - f1:0.1006, p:0.1929, r:0.0833, hit:0.6554, ndcg:0.4444, topn:10.
2021-03-02 04:10:52,690 - root - INFO - Checkpointing ...
2021-03-02 04:10:54,380 - root - INFO - train loss:0.4618!
2021-03-02 04:10:55,407 - root - INFO - f1:0.0900, p:0.1140, r:0.0992, hit:0.5249, ndcg:0.3351, topn:10.
2021-03-02 04:10:56,340 - root - INFO - f1:0.1041, p:0.1975, r:0.0870, hit:0.6723, ndcg:0.4556, topn:10.
2021-03-02 04:10:56,343 - root - INFO - Checkpointing ...
2021-03-02 04:10:57,999 - root - INFO - train loss:0.4487!
2021-03-02 04:10:59,031 - root - INFO - f1:0.0916, p:0.1157, r:0.1009, hit:0.5345, ndcg:0.3399, topn:10.
2021-03-02 04:11:00,056 - root - INFO - f1:0.1069, p:0.2017, r:0.0897, hit:0.6829, ndcg:0.4647, topn:10.
2021-03-02 04:11:00,059 - root - INFO - Checkpointing ...
2021-03-02 04:11:01,729 - root - INFO - train loss:0.4374!
2021-03-02 04:11:02,747 - root - INFO - f1:0.0928, p:0.1169, r:0.1028, hit:0.5376, ndcg:0.3463, topn:10.
2021-03-02 04:11:03,736 - root - INFO - f1:0.1087, p:0.2034, r:0.0916, hit:0.6893, ndcg:0.4707, topn:10.
2021-03-02 04:11:03,740 - root - INFO - Checkpointing ...
2021-03-02 04:11:05,575 - root - INFO - train loss:0.4274!
2021-03-02 04:11:06,578 - root - INFO - f1:0.0935, p:0.1178, r:0.1034, hit:0.5366, ndcg:0.3497, topn:10.
2021-03-02 04:11:07,607 - root - INFO - f1:0.1105, p:0.2067, r:0.0931, hit:0.6925, ndcg:0.4747, topn:10.
2021-03-02 04:11:07,612 - root - INFO - Checkpointing ...
2021-03-02 04:11:09,364 - root - INFO - train loss:0.4193!
2021-03-02 04:11:10,382 - root - INFO - f1:0.0956, p:0.1197, r:0.1067, hit:0.5472, ndcg:0.3543, topn:10.
2021-03-02 04:11:11,398 - root - INFO - f1:0.1124, p:0.2092, r:0.0949, hit:0.6978, ndcg:0.4788, topn:10.
2021-03-02 04:11:11,404 - root - INFO - Checkpointing ...
2021-03-02 04:11:13,237 - root - INFO - train loss:0.4114!
2021-03-02 04:11:14,255 - root - INFO - f1:0.0970, p:0.1213, r:0.1084, hit:0.5493, ndcg:0.3565, topn:10.
2021-03-02 04:11:15,251 - root - INFO - f1:0.1153, p:0.2122, r:0.0986, hit:0.7105, ndcg:0.4876, topn:10.
2021-03-02 04:11:15,256 - root - INFO - Checkpointing ...
2021-03-02 04:11:17,129 - root - INFO - train loss:0.4027!
2021-03-02 04:11:18,151 - root - INFO - f1:0.0986, p:0.1228, r:0.1111, hit:0.5536, ndcg:0.3592, topn:10.
2021-03-02 04:11:19,177 - root - INFO - f1:0.1174, p:0.2145, r:0.1008, hit:0.7190, ndcg:0.4920, topn:10.
2021-03-02 04:11:19,182 - root - INFO - Checkpointing ...
2021-03-02 04:11:21,075 - root - INFO - train loss:0.3945!
2021-03-02 04:11:22,087 - root - INFO - f1:0.0998, p:0.1240, r:0.1125, hit:0.5589, ndcg:0.3639, topn:10.
2021-03-02 04:11:23,099 - root - INFO - f1:0.1185, p:0.2158, r:0.1021, hit:0.7243, ndcg:0.4958, topn:10.
2021-03-02 04:11:23,103 - root - INFO - Checkpointing ...
2021-03-02 04:11:24,838 - root - INFO - train loss:0.3904!
2021-03-02 04:11:25,858 - root - INFO - f1:0.1009, p:0.1250, r:0.1138, hit:0.5631, ndcg:0.3687, topn:10.
2021-03-02 04:11:26,902 - root - INFO - f1:0.1209, p:0.2190, r:0.1045, hit:0.7328, ndcg:0.4983, topn:10.
2021-03-02 04:11:26,906 - root - INFO - Checkpointing ...
2021-03-02 04:11:28,408 - root - INFO - train loss:0.3841!
2021-03-02 04:11:29,394 - root - INFO - f1:0.1030, p:0.1265, r:0.1183, hit:0.5726, ndcg:0.3742, topn:10.
2021-03-02 04:11:30,402 - root - INFO - f1:0.1223, p:0.2208, r:0.1063, hit:0.7370, ndcg:0.5028, topn:10.
2021-03-02 04:11:30,407 - root - INFO - Checkpointing ...
2021-03-02 04:11:32,265 - root - INFO - train loss:0.3749!
2021-03-02 04:11:33,303 - root - INFO - f1:0.1039, p:0.1275, r:0.1194, hit:0.5801, ndcg:0.3818, topn:10.
2021-03-02 04:11:34,338 - root - INFO - f1:0.1235, p:0.2222, r:0.1077, hit:0.7391, ndcg:0.5046, topn:10.
2021-03-02 04:11:34,342 - root - INFO - Checkpointing ...
2021-03-02 04:11:35,974 - root - INFO - train loss:0.3715!
2021-03-02 04:11:37,027 - root - INFO - f1:0.1060, p:0.1293, r:0.1228, hit:0.5896, ndcg:0.3869, topn:10.
2021-03-02 04:11:38,050 - root - INFO - f1:0.1245, p:0.2234, r:0.1085, hit:0.7434, ndcg:0.5082, topn:10.
2021-03-02 04:11:38,054 - root - INFO - Checkpointing ...
2021-03-02 04:11:39,727 - root - INFO - train loss:0.3667!
2021-03-02 04:11:40,687 - root - INFO - f1:0.1071, p:0.1304, r:0.1243, hit:0.5960, ndcg:0.3933, topn:10.
2021-03-02 04:11:41,830 - root - INFO - f1:0.1254, p:0.2243, r:0.1096, hit:0.7466, ndcg:0.5106, topn:10.
2021-03-02 04:11:41,835 - root - INFO - Checkpointing ...
2021-03-02 04:11:43,548 - root - INFO - train loss:0.3606!
2021-03-02 04:11:44,577 - root - INFO - f1:0.1085, p:0.1314, r:0.1270, hit:0.6023, ndcg:0.3974, topn:10.
2021-03-02 04:11:45,574 - root - INFO - f1:0.1263, p:0.2250, r:0.1106, hit:0.7508, ndcg:0.5135, topn:10.
2021-03-02 04:11:45,578 - root - INFO - Checkpointing ...
2021-03-02 04:11:47,519 - root - INFO - train loss:0.3570!
2021-03-02 04:11:48,561 - root - INFO - f1:0.1097, p:0.1324, r:0.1289, hit:0.6076, ndcg:0.4015, topn:10.
2021-03-02 04:11:49,563 - root - INFO - f1:0.1279, p:0.2273, r:0.1124, hit:0.7550, ndcg:0.5167, topn:10.
2021-03-02 04:11:49,568 - root - INFO - Checkpointing ...
2021-03-02 04:11:51,243 - root - INFO - train loss:0.3511!
2021-03-02 04:11:52,283 - root - INFO - f1:0.1106, p:0.1331, r:0.1303, hit:0.6129, ndcg:0.4065, topn:10.
2021-03-02 04:11:53,281 - root - INFO - f1:0.1303, p:0.2299, r:0.1149, hit:0.7625, ndcg:0.5219, topn:10.
2021-03-02 04:11:53,284 - root - INFO - Checkpointing ...
2021-03-02 04:11:55,166 - root - INFO - train loss:0.3492!
2021-03-02 04:11:56,207 - root - INFO - f1:0.1114, p:0.1340, r:0.1311, hit:0.6119, ndcg:0.4064, topn:10.
2021-03-02 04:11:57,229 - root - INFO - f1:0.1310, p:0.2303, r:0.1158, hit:0.7635, ndcg:0.5239, topn:10.
2021-03-02 04:11:57,234 - root - INFO - Checkpointing ...
2021-03-02 04:11:58,676 - root - INFO - train loss:0.3465!
2021-03-02 04:11:59,611 - root - INFO - f1:0.1122, p:0.1347, r:0.1326, hit:0.6161, ndcg:0.4102, topn:10.
2021-03-02 04:12:00,585 - root - INFO - f1:0.1329, p:0.2329, r:0.1178, hit:0.7678, ndcg:0.5277, topn:10.
2021-03-02 04:12:00,588 - root - INFO - Checkpointing ...
2021-03-02 04:12:02,591 - root - INFO - train loss:0.3434!
2021-03-02 04:12:03,621 - root - INFO - f1:0.1127, p:0.1355, r:0.1326, hit:0.6172, ndcg:0.4115, topn:10.
2021-03-02 04:12:04,632 - root - INFO - f1:0.1338, p:0.2339, r:0.1187, hit:0.7678, ndcg:0.5287, topn:10.
2021-03-02 04:12:04,636 - root - INFO - Checkpointing ...
2021-03-02 04:12:06,349 - root - INFO - train loss:0.3391!
2021-03-02 04:12:07,326 - root - INFO - f1:0.1136, p:0.1363, r:0.1343, hit:0.6225, ndcg:0.4154, topn:10.
2021-03-02 04:12:08,353 - root - INFO - f1:0.1350, p:0.2350, r:0.1202, hit:0.7709, ndcg:0.5321, topn:10.
2021-03-02 04:12:08,357 - root - INFO - Checkpointing ...
2021-03-02 04:12:10,115 - root - INFO - train loss:0.3371!
2021-03-02 04:12:11,121 - root - INFO - f1:0.1138, p:0.1359, r:0.1350, hit:0.6257, ndcg:0.4181, topn:10.
2021-03-02 04:12:12,135 - root - INFO - f1:0.1366, p:0.2369, r:0.1219, hit:0.7773, ndcg:0.5350, topn:10.
2021-03-02 04:12:12,139 - root - INFO - Checkpointing ...
2021-03-02 04:12:13,707 - root - INFO - train loss:0.3347!
2021-03-02 04:12:14,704 - root - INFO - f1:0.1144, p:0.1366, r:0.1361, hit:0.6257, ndcg:0.4205, topn:10.
2021-03-02 04:12:15,648 - root - INFO - f1:0.1372, p:0.2370, r:0.1227, hit:0.7794, ndcg:0.5379, topn:10.
2021-03-02 04:12:15,651 - root - INFO - Checkpointing ...
2021-03-02 04:12:17,540 - root - INFO - train loss:0.3295!
2021-03-02 04:12:18,529 - root - INFO - f1:0.1153, p:0.1372, r:0.1383, hit:0.6288, ndcg:0.4228, topn:10.
2021-03-02 04:12:19,568 - root - INFO - f1:0.1380, p:0.2381, r:0.1237, hit:0.7815, ndcg:0.5406, topn:10.
2021-03-02 04:12:19,572 - root - INFO - Checkpointing ...
2021-03-02 04:12:21,371 - root - INFO - train loss:0.3275!
2021-03-02 04:12:22,364 - root - INFO - f1:0.1156, p:0.1375, r:0.1392, hit:0.6299, ndcg:0.4244, topn:10.
2021-03-02 04:12:23,353 - root - INFO - f1:0.1387, p:0.2386, r:0.1246, hit:0.7847, ndcg:0.5416, topn:10.
2021-03-02 04:12:23,356 - root - INFO - Checkpointing ...
2021-03-02 04:12:24,865 - root - INFO - train loss:0.3250!
2021-03-02 04:12:25,807 - root - INFO - f1:0.1160, p:0.1381, r:0.1395, hit:0.6320, ndcg:0.4245, topn:10.
2021-03-02 04:12:26,788 - root - INFO - f1:0.1392, p:0.2394, r:0.1252, hit:0.7847, ndcg:0.5430, topn:10.
2021-03-02 04:12:26,791 - root - INFO - Checkpointing ...
2021-03-02 04:12:28,178 - root - INFO - train loss:0.3233!
2021-03-02 04:12:29,196 - root - INFO - f1:0.1164, p:0.1384, r:0.1401, hit:0.6341, ndcg:0.4279, topn:10.
2021-03-02 04:12:30,217 - root - INFO - f1:0.1401, p:0.2407, r:0.1262, hit:0.7869, ndcg:0.5456, topn:10.
2021-03-02 04:12:30,220 - root - INFO - Checkpointing ...
2021-03-02 04:12:31,842 - root - INFO - train loss:0.3218!
2021-03-02 04:12:33,047 - root - INFO - f1:0.1169, p:0.1389, r:0.1409, hit:0.6352, ndcg:0.4307, topn:10.
2021-03-02 04:12:34,070 - root - INFO - f1:0.1403, p:0.2403, r:0.1267, hit:0.7890, ndcg:0.5476, topn:10.
2021-03-02 04:12:34,073 - root - INFO - Checkpointing ...
2021-03-02 04:12:35,693 - root - INFO - train loss:0.3181!
2021-03-02 04:12:36,649 - root - INFO - f1:0.1177, p:0.1394, r:0.1423, hit:0.6384, ndcg:0.4343, topn:10.
2021-03-02 04:12:37,622 - root - INFO - f1:0.1414, p:0.2416, r:0.1281, hit:0.7943, ndcg:0.5496, topn:10.
2021-03-02 04:12:37,626 - root - INFO - Checkpointing ...
2021-03-02 04:12:39,345 - root - INFO - train loss:0.3162!
2021-03-02 04:12:40,286 - root - INFO - f1:0.1180, p:0.1400, r:0.1426, hit:0.6394, ndcg:0.4372, topn:10.
2021-03-02 04:12:41,261 - root - INFO - f1:0.1425, p:0.2424, r:0.1295, hit:0.7964, ndcg:0.5537, topn:10.
2021-03-02 04:12:41,265 - root - INFO - Checkpointing ...
2021-03-02 04:12:42,888 - root - INFO - train loss:0.3138!
2021-03-02 04:12:43,819 - root - INFO - f1:0.1189, p:0.1408, r:0.1438, hit:0.6426, ndcg:0.4386, topn:10.
2021-03-02 04:12:44,669 - root - INFO - f1:0.1434, p:0.2439, r:0.1304, hit:0.7975, ndcg:0.5547, topn:10.
2021-03-02 04:12:44,672 - root - INFO - Checkpointing ...
2021-03-02 04:12:46,629 - root - INFO - train loss:0.3130!
2021-03-02 04:12:47,658 - root - INFO - f1:0.1191, p:0.1410, r:0.1440, hit:0.6416, ndcg:0.4401, topn:10.
2021-03-02 04:12:48,649 - root - INFO - f1:0.1442, p:0.2442, r:0.1316, hit:0.8006, ndcg:0.5582, topn:10.
2021-03-02 04:12:48,653 - root - INFO - Checkpointing ...
2021-03-02 04:12:50,436 - root - INFO - train loss:0.3117!
2021-03-02 04:12:51,425 - root - INFO - f1:0.1193, p:0.1411, r:0.1443, hit:0.6416, ndcg:0.4414, topn:10.
2021-03-02 04:12:52,422 - root - INFO - f1:0.1451, p:0.2452, r:0.1327, hit:0.8017, ndcg:0.5604, topn:10.
2021-03-02 04:12:52,425 - root - INFO - Checkpointing ...
2021-03-02 04:12:53,906 - root - INFO - train loss:0.3098!
2021-03-02 04:12:54,887 - root - INFO - f1:0.1205, p:0.1422, r:0.1466, hit:0.6458, ndcg:0.4433, topn:10.
2021-03-02 04:12:55,905 - root - INFO - f1:0.1465, p:0.2464, r:0.1347, hit:0.8081, ndcg:0.5629, topn:10.
2021-03-02 04:12:55,908 - root - INFO - Checkpointing ...
2021-03-02 04:12:57,494 - root - INFO - train loss:0.3078!
2021-03-02 04:12:58,469 - root - INFO - f1:0.1211, p:0.1427, r:0.1475, hit:0.6501, ndcg:0.4447, topn:10.
2021-03-02 04:12:59,447 - root - INFO - f1:0.1470, p:0.2473, r:0.1352, hit:0.8102, ndcg:0.5655, topn:10.
2021-03-02 04:12:59,451 - root - INFO - Checkpointing ...
2021-03-02 04:13:00,803 - root - INFO - train loss:0.3074!
2021-03-02 04:13:01,708 - root - INFO - f1:0.1218, p:0.1434, r:0.1487, hit:0.6479, ndcg:0.4454, topn:10.
2021-03-02 04:13:02,674 - root - INFO - f1:0.1483, p:0.2488, r:0.1366, hit:0.8112, ndcg:0.5674, topn:10.
2021-03-02 04:13:02,678 - root - INFO - Checkpointing ...
2021-03-02 04:13:04,147 - root - INFO - train loss:0.3055!
2021-03-02 04:13:05,112 - root - INFO - f1:0.1227, p:0.1441, r:0.1503, hit:0.6511, ndcg:0.4457, topn:10.
2021-03-02 04:13:06,124 - root - INFO - f1:0.1485, p:0.2493, r:0.1367, hit:0.8102, ndcg:0.5707, topn:10.
2021-03-02 04:13:06,128 - root - INFO - Checkpointing ...
2021-03-02 04:13:07,529 - root - INFO - train loss:0.3004!
2021-03-02 04:13:08,519 - root - INFO - f1:0.1238, p:0.1450, r:0.1523, hit:0.6543, ndcg:0.4470, topn:10.
2021-03-02 04:13:09,503 - root - INFO - f1:0.1491, p:0.2496, r:0.1375, hit:0.8070, ndcg:0.5691, topn:10.
2021-03-02 04:13:09,507 - root - INFO - Checkpointing ...
2021-03-02 04:13:10,966 - root - INFO - train loss:0.3017!
2021-03-02 04:13:12,006 - root - INFO - f1:0.1244, p:0.1457, r:0.1530, hit:0.6554, ndcg:0.4469, topn:10.
2021-03-02 04:13:13,002 - root - INFO - f1:0.1499, p:0.2503, r:0.1388, hit:0.8112, ndcg:0.5711, topn:10.
2021-03-02 04:13:13,005 - root - INFO - Checkpointing ...
2021-03-02 04:13:14,554 - root - INFO - train loss:0.2988!
2021-03-02 04:13:15,495 - root - INFO - f1:0.1254, p:0.1468, r:0.1540, hit:0.6596, ndcg:0.4500, topn:10.
2021-03-02 04:13:16,526 - root - INFO - f1:0.1502, p:0.2505, r:0.1392, hit:0.8123, ndcg:0.5723, topn:10.
2021-03-02 04:13:16,529 - root - INFO - Checkpointing ...
2021-03-02 04:13:18,177 - root - INFO - train loss:0.2994!
2021-03-02 04:13:19,356 - root - INFO - f1:0.1257, p:0.1470, r:0.1548, hit:0.6617, ndcg:0.4518, topn:10.
2021-03-02 04:13:20,354 - root - INFO - f1:0.1508, p:0.2514, r:0.1398, hit:0.8144, ndcg:0.5729, topn:10.
2021-03-02 04:13:20,359 - root - INFO - Checkpointing ...
2021-03-02 04:13:21,909 - root - INFO - train loss:0.2973!
2021-03-02 04:13:22,860 - root - INFO - f1:0.1259, p:0.1471, r:0.1550, hit:0.6607, ndcg:0.4530, topn:10.
2021-03-02 04:13:23,906 - root - INFO - f1:0.1513, p:0.2520, r:0.1403, hit:0.8155, ndcg:0.5746, topn:10.
2021-03-02 04:13:23,910 - root - INFO - Checkpointing ...
2021-03-02 04:13:25,644 - root - INFO - train loss:0.2934!
2021-03-02 04:13:26,652 - root - INFO - f1:0.1260, p:0.1473, r:0.1552, hit:0.6607, ndcg:0.4535, topn:10.
2021-03-02 04:13:27,655 - root - INFO - f1:0.1521, p:0.2529, r:0.1411, hit:0.8165, ndcg:0.5755, topn:10.
2021-03-02 04:13:27,659 - root - INFO - Checkpointing ...
2021-03-02 04:13:29,113 - root - INFO - train loss:0.2934!
2021-03-02 04:13:30,106 - root - INFO - f1:0.1267, p:0.1480, r:0.1559, hit:0.6638, ndcg:0.4549, topn:10.
2021-03-02 04:13:31,142 - root - INFO - f1:0.1529, p:0.2539, r:0.1420, hit:0.8187, ndcg:0.5768, topn:10.
2021-03-02 04:13:31,147 - root - INFO - Checkpointing ...
2021-03-02 04:13:32,680 - root - INFO - train loss:0.2916!
2021-03-02 04:13:33,695 - root - INFO - f1:0.1275, p:0.1493, r:0.1566, hit:0.6649, ndcg:0.4544, topn:10.
2021-03-02 04:13:34,725 - root - INFO - f1:0.1535, p:0.2547, r:0.1424, hit:0.8176, ndcg:0.5767, topn:10.
2021-03-02 04:13:34,728 - root - INFO - Checkpointing ...
2021-03-02 04:13:36,154 - root - INFO - train loss:0.2904!
2021-03-02 04:13:37,115 - root - INFO - f1:0.1279, p:0.1495, r:0.1572, hit:0.6670, ndcg:0.4555, topn:10.
2021-03-02 04:13:38,142 - root - INFO - f1:0.1543, p:0.2556, r:0.1435, hit:0.8176, ndcg:0.5771, topn:10.
2021-03-02 04:13:38,145 - root - INFO - Checkpointing ...
2021-03-02 04:13:39,756 - root - INFO - train loss:0.2892!
2021-03-02 04:13:40,789 - root - INFO - f1:0.1280, p:0.1494, r:0.1575, hit:0.6681, ndcg:0.4574, topn:10.
2021-03-02 04:13:41,796 - root - INFO - f1:0.1547, p:0.2560, r:0.1439, hit:0.8197, ndcg:0.5796, topn:10.
2021-03-02 04:13:41,800 - root - INFO - Checkpointing ...
2021-03-02 04:13:43,661 - root - INFO - train loss:0.2897!
2021-03-02 04:13:44,669 - root - INFO - f1:0.1287, p:0.1504, r:0.1581, hit:0.6660, ndcg:0.4561, topn:10.
2021-03-02 04:13:45,708 - root - INFO - f1:0.1552, p:0.2566, r:0.1444, hit:0.8187, ndcg:0.5796, topn:10.
2021-03-02 04:13:45,713 - root - INFO - Checkpointing ...
2021-03-02 04:13:47,656 - root - INFO - train loss:0.2859!
2021-03-02 04:13:48,686 - root - INFO - f1:0.1293, p:0.1507, r:0.1594, hit:0.6691, ndcg:0.4568, topn:10.
2021-03-02 04:13:49,722 - root - INFO - f1:0.1559, p:0.2572, r:0.1453, hit:0.8187, ndcg:0.5799, topn:10.
2021-03-02 04:13:49,727 - root - INFO - Checkpointing ...
2021-03-02 04:13:51,635 - root - INFO - train loss:0.2841!
2021-03-02 04:13:52,649 - root - INFO - f1:0.1299, p:0.1512, r:0.1606, hit:0.6713, ndcg:0.4582, topn:10.
2021-03-02 04:13:53,683 - root - INFO - f1:0.1567, p:0.2580, r:0.1461, hit:0.8187, ndcg:0.5795, topn:10.
2021-03-02 04:13:53,688 - root - INFO - Checkpointing ...
2021-03-02 04:13:55,249 - root - INFO - train loss:0.2828!
2021-03-02 04:13:56,221 - root - INFO - f1:0.1300, p:0.1514, r:0.1608, hit:0.6702, ndcg:0.4588, topn:10.
2021-03-02 04:13:57,190 - root - INFO - f1:0.1570, p:0.2582, r:0.1464, hit:0.8197, ndcg:0.5818, topn:10.
2021-03-02 04:13:57,193 - root - INFO - Checkpointing ...
2021-03-02 04:13:58,472 - root - INFO - train loss:0.2842!
2021-03-02 04:13:59,331 - root - INFO - f1:0.1300, p:0.1512, r:0.1609, hit:0.6713, ndcg:0.4597, topn:10.
2021-03-02 04:14:00,265 - root - INFO - f1:0.1580, p:0.2592, r:0.1476, hit:0.8208, ndcg:0.5823, topn:10.
2021-03-02 04:14:01,721 - root - INFO - train loss:0.2829!
2021-03-02 04:14:02,692 - root - INFO - f1:0.1311, p:0.1522, r:0.1633, hit:0.6744, ndcg:0.4604, topn:10.
2021-03-02 04:14:03,736 - root - INFO - f1:0.1588, p:0.2603, r:0.1483, hit:0.8218, ndcg:0.5835, topn:10.
2021-03-02 04:14:03,739 - root - INFO - Checkpointing ...
2021-03-02 04:14:05,174 - root - INFO - train loss:0.2803!
2021-03-02 04:14:06,167 - root - INFO - f1:0.1314, p:0.1526, r:0.1635, hit:0.6744, ndcg:0.4597, topn:10.
2021-03-02 04:14:07,384 - root - INFO - f1:0.1586, p:0.2601, r:0.1481, hit:0.8218, ndcg:0.5846, topn:10.
2021-03-02 04:14:07,388 - root - INFO - Checkpointing ...
2021-03-02 04:14:09,014 - root - INFO - train loss:0.2814!
2021-03-02 04:14:10,007 - root - INFO - f1:0.1312, p:0.1525, r:0.1634, hit:0.6723, ndcg:0.4607, topn:10.
2021-03-02 04:14:11,001 - root - INFO - f1:0.1592, p:0.2612, r:0.1487, hit:0.8218, ndcg:0.5838, topn:10.
2021-03-02 04:14:12,644 - root - INFO - train loss:0.2796!
2021-03-02 04:14:13,601 - root - INFO - f1:0.1317, p:0.1527, r:0.1645, hit:0.6755, ndcg:0.4625, topn:10.
2021-03-02 04:14:14,607 - root - INFO - f1:0.1598, p:0.2618, r:0.1493, hit:0.8229, ndcg:0.5847, topn:10.
2021-03-02 04:14:14,611 - root - INFO - Checkpointing ...
2021-03-02 04:14:16,051 - root - INFO - train loss:0.2778!
2021-03-02 04:14:16,970 - root - INFO - f1:0.1321, p:0.1533, r:0.1647, hit:0.6755, ndcg:0.4635, topn:10.
2021-03-02 04:14:17,859 - root - INFO - f1:0.1608, p:0.2631, r:0.1503, hit:0.8250, ndcg:0.5857, topn:10.
2021-03-02 04:14:17,864 - root - INFO - Checkpointing ...
2021-03-02 04:14:19,352 - root - INFO - train loss:0.2768!
2021-03-02 04:14:20,316 - root - INFO - f1:0.1335, p:0.1545, r:0.1679, hit:0.6819, ndcg:0.4649, topn:10.
2021-03-02 04:14:21,330 - root - INFO - f1:0.1614, p:0.2639, r:0.1508, hit:0.8282, ndcg:0.5868, topn:10.
2021-03-02 04:14:21,333 - root - INFO - Checkpointing ...
2021-03-02 04:14:22,663 - root - INFO - train loss:0.2771!
2021-03-02 04:14:23,620 - root - INFO - f1:0.1337, p:0.1544, r:0.1684, hit:0.6840, ndcg:0.4654, topn:10.
2021-03-02 04:14:24,643 - root - INFO - f1:0.1623, p:0.2653, r:0.1517, hit:0.8293, ndcg:0.5868, topn:10.
2021-03-02 04:14:24,647 - root - INFO - Checkpointing ...
2021-03-02 04:14:26,213 - root - INFO - train loss:0.2758!
2021-03-02 04:14:27,227 - root - INFO - f1:0.1346, p:0.1552, r:0.1696, hit:0.6861, ndcg:0.4675, topn:10.
2021-03-02 04:14:28,290 - root - INFO - f1:0.1628, p:0.2657, r:0.1526, hit:0.8293, ndcg:0.5865, topn:10.
2021-03-02 04:14:28,294 - root - INFO - Checkpointing ...
2021-03-02 04:14:29,758 - root - INFO - train loss:0.2731!
2021-03-02 04:14:30,773 - root - INFO - f1:0.1352, p:0.1557, r:0.1705, hit:0.6882, ndcg:0.4680, topn:10.
2021-03-02 04:14:31,794 - root - INFO - f1:0.1637, p:0.2670, r:0.1533, hit:0.8303, ndcg:0.5865, topn:10.
2021-03-02 04:14:31,798 - root - INFO - Checkpointing ...
2021-03-02 04:14:33,189 - root - INFO - train loss:0.2724!
2021-03-02 04:14:34,203 - root - INFO - f1:0.1356, p:0.1562, r:0.1708, hit:0.6903, ndcg:0.4696, topn:10.
2021-03-02 04:14:35,239 - root - INFO - f1:0.1641, p:0.2674, r:0.1538, hit:0.8314, ndcg:0.5892, topn:10.
2021-03-02 04:14:35,244 - root - INFO - Checkpointing ...
2021-03-02 04:14:36,726 - root - INFO - train loss:0.2730!
2021-03-02 04:14:37,686 - root - INFO - f1:0.1359, p:0.1563, r:0.1712, hit:0.6914, ndcg:0.4701, topn:10.
2021-03-02 04:14:38,710 - root - INFO - f1:0.1643, p:0.2678, r:0.1539, hit:0.8324, ndcg:0.5902, topn:10.
2021-03-02 04:14:38,714 - root - INFO - Checkpointing ...
2021-03-02 04:14:40,123 - root - INFO - train loss:0.2700!
2021-03-02 04:14:41,051 - root - INFO - f1:0.1364, p:0.1568, r:0.1719, hit:0.6893, ndcg:0.4700, topn:10.
2021-03-02 04:14:42,071 - root - INFO - f1:0.1646, p:0.2680, r:0.1544, hit:0.8356, ndcg:0.5924, topn:10.
2021-03-02 04:14:42,075 - root - INFO - Checkpointing ...
2021-03-02 04:14:43,509 - root - INFO - train loss:0.2679!
2021-03-02 04:14:44,545 - root - INFO - f1:0.1372, p:0.1576, r:0.1731, hit:0.6903, ndcg:0.4693, topn:10.
2021-03-02 04:14:45,582 - root - INFO - f1:0.1656, p:0.2688, r:0.1558, hit:0.8367, ndcg:0.5919, topn:10.
2021-03-02 04:14:45,588 - root - INFO - Checkpointing ...
2021-03-02 04:14:47,454 - root - INFO - train loss:0.2707!
2021-03-02 04:14:48,522 - root - INFO - f1:0.1375, p:0.1578, r:0.1735, hit:0.6903, ndcg:0.4692, topn:10.
2021-03-02 04:14:49,557 - root - INFO - f1:0.1658, p:0.2692, r:0.1561, hit:0.8378, ndcg:0.5934, topn:10.
2021-03-02 04:14:49,561 - root - INFO - Checkpointing ...
2021-03-02 04:14:51,151 - root - INFO - train loss:0.2681!
2021-03-02 04:14:52,087 - root - INFO - f1:0.1378, p:0.1580, r:0.1742, hit:0.6925, ndcg:0.4704, topn:10.
2021-03-02 04:14:53,252 - root - INFO - f1:0.1658, p:0.2694, r:0.1561, hit:0.8378, ndcg:0.5949, topn:10.
2021-03-02 04:14:53,256 - root - INFO - Checkpointing ...
2021-03-02 04:14:55,094 - root - INFO - train loss:0.2690!
2021-03-02 04:14:56,120 - root - INFO - f1:0.1377, p:0.1581, r:0.1738, hit:0.6914, ndcg:0.4711, topn:10.
2021-03-02 04:14:57,033 - root - INFO - f1:0.1662, p:0.2703, r:0.1565, hit:0.8378, ndcg:0.5964, topn:10.
2021-03-02 04:14:58,917 - root - INFO - train loss:0.2659!
2021-03-02 04:14:59,907 - root - INFO - f1:0.1383, p:0.1589, r:0.1745, hit:0.6935, ndcg:0.4715, topn:10.
2021-03-02 04:15:00,904 - root - INFO - f1:0.1667, p:0.2707, r:0.1568, hit:0.8388, ndcg:0.5971, topn:10.
2021-03-02 04:15:00,909 - root - INFO - Checkpointing ...
2021-03-02 04:15:02,562 - root - INFO - train loss:0.2632!
2021-03-02 04:15:03,558 - root - INFO - f1:0.1391, p:0.1595, r:0.1760, hit:0.6978, ndcg:0.4725, topn:10.
2021-03-02 04:15:04,574 - root - INFO - f1:0.1672, p:0.2717, r:0.1573, hit:0.8378, ndcg:0.5968, topn:10.
2021-03-02 04:15:04,578 - root - INFO - Checkpointing ...
2021-03-02 04:15:06,372 - root - INFO - train loss:0.2648!
2021-03-02 04:15:07,367 - root - INFO - f1:0.1396, p:0.1600, r:0.1767, hit:0.6988, ndcg:0.4739, topn:10.
2021-03-02 04:15:08,351 - root - INFO - f1:0.1679, p:0.2723, r:0.1581, hit:0.8388, ndcg:0.5970, topn:10.
2021-03-02 04:15:08,354 - root - INFO - Checkpointing ...
2021-03-02 04:15:10,047 - root - INFO - train loss:0.2626!
2021-03-02 04:15:11,023 - root - INFO - f1:0.1399, p:0.1606, r:0.1768, hit:0.6988, ndcg:0.4743, topn:10.
2021-03-02 04:15:12,080 - root - INFO - f1:0.1684, p:0.2732, r:0.1586, hit:0.8388, ndcg:0.5975, topn:10.
2021-03-02 04:15:12,085 - root - INFO - Checkpointing ...
2021-03-02 04:15:13,594 - root - INFO - train loss:0.2618!
2021-03-02 04:15:14,593 - root - INFO - f1:0.1399, p:0.1606, r:0.1769, hit:0.6988, ndcg:0.4753, topn:10.
2021-03-02 04:15:15,614 - root - INFO - f1:0.1687, p:0.2735, r:0.1589, hit:0.8409, ndcg:0.5979, topn:10.
2021-03-02 04:15:15,617 - root - INFO - Checkpointing ...
2021-03-02 04:15:17,012 - root - INFO - train loss:0.2630!
2021-03-02 04:15:17,978 - root - INFO - f1:0.1401, p:0.1608, r:0.1770, hit:0.6988, ndcg:0.4765, topn:10.
2021-03-02 04:15:18,979 - root - INFO - f1:0.1692, p:0.2742, r:0.1594, hit:0.8409, ndcg:0.5975, topn:10.
2021-03-02 04:15:18,982 - root - INFO - Checkpointing ...
2021-03-02 04:15:20,583 - root - INFO - train loss:0.2593!
2021-03-02 04:15:21,632 - root - INFO - f1:0.1407, p:0.1615, r:0.1780, hit:0.6999, ndcg:0.4777, topn:10.
2021-03-02 04:15:22,653 - root - INFO - f1:0.1698, p:0.2750, r:0.1601, hit:0.8420, ndcg:0.5981, topn:10.
2021-03-02 04:15:22,655 - root - INFO - Checkpointing ...
2021-03-02 04:15:24,299 - root - INFO - train loss:0.2598!
2021-03-02 04:15:25,284 - root - INFO - f1:0.1415, p:0.1622, r:0.1800, hit:0.7031, ndcg:0.4785, topn:10.
2021-03-02 04:15:26,232 - root - INFO - f1:0.1698, p:0.2750, r:0.1602, hit:0.8420, ndcg:0.5985, topn:10.
2021-03-02 04:15:26,235 - root - INFO - Checkpointing ...
2021-03-02 04:15:27,963 - root - INFO - train loss:0.2610!
2021-03-02 04:15:28,975 - root - INFO - f1:0.1419, p:0.1625, r:0.1805, hit:0.7041, ndcg:0.4792, topn:10.
2021-03-02 04:15:29,971 - root - INFO - f1:0.1702, p:0.2752, r:0.1608, hit:0.8431, ndcg:0.5991, topn:10.
2021-03-02 04:15:29,975 - root - INFO - Checkpointing ...
2021-03-02 04:15:31,919 - root - INFO - train loss:0.2597!
2021-03-02 04:15:32,947 - root - INFO - f1:0.1423, p:0.1630, r:0.1809, hit:0.7031, ndcg:0.4790, topn:10.
2021-03-02 04:15:33,951 - root - INFO - f1:0.1705, p:0.2756, r:0.1612, hit:0.8462, ndcg:0.6008, topn:10.
2021-03-02 04:15:33,956 - root - INFO - Checkpointing ...
2021-03-02 04:15:35,527 - root - INFO - train loss:0.2559!
2021-03-02 04:15:36,543 - root - INFO - f1:0.1426, p:0.1634, r:0.1809, hit:0.7031, ndcg:0.4789, topn:10.
2021-03-02 04:15:37,549 - root - INFO - f1:0.1705, p:0.2753, r:0.1612, hit:0.8473, ndcg:0.6020, topn:10.
2021-03-02 04:15:37,553 - root - INFO - Checkpointing ...
2021-03-02 04:15:39,391 - root - INFO - train loss:0.2568!
2021-03-02 04:15:40,414 - root - INFO - f1:0.1429, p:0.1636, r:0.1822, hit:0.7052, ndcg:0.4803, topn:10.
2021-03-02 04:15:41,418 - root - INFO - f1:0.1712, p:0.2762, r:0.1618, hit:0.8462, ndcg:0.6024, topn:10.
2021-03-02 04:15:41,422 - root - INFO - Checkpointing ...
2021-03-02 04:15:42,958 - root - INFO - train loss:0.2558!
2021-03-02 04:15:44,116 - root - INFO - f1:0.1437, p:0.1645, r:0.1832, hit:0.7052, ndcg:0.4796, topn:10.
2021-03-02 04:15:45,106 - root - INFO - f1:0.1716, p:0.2769, r:0.1623, hit:0.8484, ndcg:0.6039, topn:10.
2021-03-02 04:15:45,111 - root - INFO - Checkpointing ...
2021-03-02 04:15:46,636 - root - INFO - From CaseRecommender evaluator: {'PREC@10': 0.164687, 'RECALL@10': 0.183434, 'NDCG@10': 0.479425, 'MAP@10': 0.369475, 'MAP': 0.369475}.
2021-03-02 04:15:46,833 - root - INFO - From kg-summ-rec diversity evaluator: {'GENRE_COVERAGE@10': 0.475919, 'GENRE_REDUNDANCY@10': 0.417872, 'ILD_GENRE@10': 0.813753}.
2021-03-02 04:15:48,275 - root - INFO - From CaseRecommender evaluator: {'PREC@10': 0.276776, 'RECALL@10': 0.161953, 'NDCG@10': 0.603652, 'MAP@10': 0.486695, 'MAP': 0.486695}.
2021-03-02 04:15:48,468 - root - INFO - From kg-summ-rec diversity evaluator: {'GENRE_COVERAGE@10': 0.472119, 'GENRE_REDUNDANCY@10': 0.412915, 'ILD_GENRE@10': 0.813525}.
