2021-03-02 03:54:18,022 - root - INFO - Flag Values:
{
    "L1_flag": true,
    "batch_size": 256,
    "ckpt_path": "/home/juarez/git/results/JIIS-revised-exp1/ml-sun_ho_sKG_ig-sv-complex-50/",
    "clipping_max_value": 5.0,
    "data_path": "/home/juarez/git/datasets/JIIS-revised-exp1/ml-sun_ho_sKG_ig-sv-complex-50/cao-format/",
    "dataset": "ml1m",
    "early_stopping_steps_to_wait": 24363,
    "embedding_size": 100,
    "eval_interval_steps": 4873,
    "eval_only_mode": false,
    "experiment_name": "ml1m-transh-1614668058",
    "filter_wrong_corrupted": true,
    "has_visualization": false,
    "is_report": false,
    "joint_ratio": 0.5,
    "kg_lambda": 1.0,
    "kg_test_files": "valid.dat:test.dat",
    "l2_lambda": 0.0,
    "learning_rate": 0.001,
    "learning_rate_decay_when_no_progress": 0.5,
    "load_ckpt_file": "/home/juarez/git/results/JIIS-revised-exp1/ml-sun_ho_sKG_ig-sv-complex-50/ml1m-transe-pretrained.ckpt",
    "load_experiment_name": null,
    "log_level": "debug",
    "log_path": "/home/juarez/git/results/JIIS-revised-exp1/ml-sun_ho_sKG_ig-sv-complex-50/",
    "margin": 1.0,
    "max_queue": 10,
    "model_type": "transh",
    "momentum": 0.9,
    "negtive_samples": 1,
    "norm_lambda": 1.0,
    "num_preferences": 4,
    "num_processes": 4,
    "optimizer_type": "Adam",
    "rec_test_files": null,
    "seed": 0,
    "share_embeddings": false,
    "topn": 10,
    "training_steps": 487300,
    "use_st_gumbel": false,
    "visualization_port": 8097
}
2021-03-02 03:54:18,078 - root - INFO - Totally 6898 train triples, 818,1645 eval triples in files: /home/juarez/git/datasets/JIIS-revised-exp1/ml-sun_ho_sKG_ig-sv-complex-50/cao-format/ml1m/kg/valid.dat;/home/juarez/git/datasets/JIIS-revised-exp1/ml-sun_ho_sKG_ig-sv-complex-50/cao-format/ml1m/kg/test.dat!
2021-03-02 03:54:18,083 - root - INFO - successfully load 3827 entities and 3 relations!
2021-03-02 03:54:18,094 - root - INFO - Building model.
2021-03-02 03:54:19,400 - root - INFO - Architecture: TransHModel(
  (ent_embeddings): Embedding(3827, 100)
  (rel_embeddings): Embedding(3, 100)
  (norm_embeddings): Embedding(3, 100)
)
2021-03-02 03:54:19,400 - root - INFO - Total params: 383300.0
2021-03-02 03:54:19,400 - root - INFO - One epoch is 27 steps.
2021-03-02 03:54:19,401 - root - INFO - Found checkpoint, restoring pre-trained embeddings.
2021-03-02 03:54:19,404 - root - INFO - Load Embeddings of ent_embeddings.weight, rel_embeddings.weight from /home/juarez/git/results/JIIS-revised-exp1/ml-sun_ho_sKG_ig-sv-complex-50/ml1m-transe-pretrained.ckpt.
2021-03-02 03:54:19,404 - root - INFO - Training.
2021-03-02 03:54:19,405 - root - INFO - train loss:0.0000!
2021-03-02 03:54:20,925 - root - INFO - head hit:0.1174, head mean rank:776.2359, topn:10.
2021-03-02 03:54:20,925 - root - INFO - tail hit:0.3435, tail mean rank:349.7653, topn:10.
2021-03-02 03:54:20,925 - root - INFO - avg hit:0.2304, avg mean rank:563.0006, topn:10.
2021-03-02 03:54:23,544 - root - INFO - head hit:0.1210, head mean rank:720.5125, topn:10.
2021-03-02 03:54:23,544 - root - INFO - tail hit:0.3787, tail mean rank:326.7708, topn:10.
2021-03-02 03:54:23,544 - root - INFO - avg hit:0.2498, avg mean rank:523.6416, topn:10.
2021-03-02 03:54:57,167 - root - INFO - train loss:0.0701!
2021-03-02 03:54:58,692 - root - INFO - head hit:0.0807, head mean rank:776.7152, topn:10.
2021-03-02 03:54:58,692 - root - INFO - tail hit:0.2958, tail mean rank:370.6577, topn:10.
2021-03-02 03:54:58,692 - root - INFO - avg hit:0.1883, avg mean rank:573.6864, topn:10.
2021-03-02 03:55:01,237 - root - INFO - head hit:0.0809, head mean rank:749.1611, topn:10.
2021-03-02 03:55:01,237 - root - INFO - tail hit:0.3191, tail mean rank:356.0729, topn:10.
2021-03-02 03:55:01,238 - root - INFO - avg hit:0.2000, avg mean rank:552.6170, topn:10.
2021-03-02 03:55:01,239 - root - INFO - Checkpointing ...
2021-03-02 03:55:33,321 - root - INFO - train loss:0.1491!
2021-03-02 03:55:34,916 - root - INFO - head hit:0.0733, head mean rank:779.7506, topn:10.
2021-03-02 03:55:34,917 - root - INFO - tail hit:0.2359, tail mean rank:388.6968, topn:10.
2021-03-02 03:55:34,917 - root - INFO - avg hit:0.1546, avg mean rank:584.2237, topn:10.
2021-03-02 03:55:37,745 - root - INFO - head hit:0.0802, head mean rank:754.3726, topn:10.
2021-03-02 03:55:37,746 - root - INFO - tail hit:0.2729, tail mean rank:378.7891, topn:10.
2021-03-02 03:55:37,746 - root - INFO - avg hit:0.1766, avg mean rank:566.5809, topn:10.
2021-03-02 03:55:37,747 - root - INFO - No improvement after one epoch. Lowering learning rate.
2021-03-02 03:56:10,860 - root - INFO - train loss:0.0499!
2021-03-02 03:56:12,374 - root - INFO - head hit:0.1174, head mean rank:749.6174, topn:10.
2021-03-02 03:56:12,374 - root - INFO - tail hit:0.3056, tail mean rank:364.5721, topn:10.
2021-03-02 03:56:12,375 - root - INFO - avg hit:0.2115, avg mean rank:557.0947, topn:10.
2021-03-02 03:56:15,209 - root - INFO - head hit:0.1161, head mean rank:712.0450, topn:10.
2021-03-02 03:56:15,209 - root - INFO - tail hit:0.3392, tail mean rank:353.6766, topn:10.
2021-03-02 03:56:15,209 - root - INFO - avg hit:0.2277, avg mean rank:532.8608, topn:10.
2021-03-02 03:56:15,210 - root - INFO - Checkpointing ...
2021-03-02 03:56:48,269 - root - INFO - train loss:0.0252!
2021-03-02 03:56:49,824 - root - INFO - head hit:0.1222, head mean rank:742.7482, topn:10.
2021-03-02 03:56:49,825 - root - INFO - tail hit:0.3227, tail mean rank:359.9059, topn:10.
2021-03-02 03:56:49,825 - root - INFO - avg hit:0.2225, avg mean rank:551.3270, topn:10.
2021-03-02 03:56:52,630 - root - INFO - head hit:0.1204, head mean rank:704.0073, topn:10.
2021-03-02 03:56:52,631 - root - INFO - tail hit:0.3331, tail mean rank:338.1617, topn:10.
2021-03-02 03:56:52,631 - root - INFO - avg hit:0.2267, avg mean rank:521.0845, topn:10.
2021-03-02 03:56:52,632 - root - INFO - Checkpointing ...
2021-03-02 03:57:23,522 - root - INFO - train loss:0.0189!
2021-03-02 03:57:25,078 - root - INFO - head hit:0.1186, head mean rank:745.7677, topn:10.
2021-03-02 03:57:25,078 - root - INFO - tail hit:0.3374, tail mean rank:359.8227, topn:10.
2021-03-02 03:57:25,078 - root - INFO - avg hit:0.2280, avg mean rank:552.7952, topn:10.
2021-03-02 03:57:27,819 - root - INFO - head hit:0.1222, head mean rank:702.6438, topn:10.
2021-03-02 03:57:27,819 - root - INFO - tail hit:0.3684, tail mean rank:336.8097, topn:10.
2021-03-02 03:57:27,819 - root - INFO - avg hit:0.2453, avg mean rank:519.7267, topn:10.
2021-03-02 03:57:27,820 - root - INFO - Checkpointing ...
2021-03-02 03:57:58,461 - root - INFO - train loss:0.0140!
2021-03-02 03:57:59,994 - root - INFO - head hit:0.1149, head mean rank:743.7641, topn:10.
2021-03-02 03:57:59,994 - root - INFO - tail hit:0.3435, tail mean rank:351.1834, topn:10.
2021-03-02 03:57:59,994 - root - INFO - avg hit:0.2292, avg mean rank:547.4737, topn:10.
2021-03-02 03:58:02,829 - root - INFO - head hit:0.1179, head mean rank:716.7191, topn:10.
2021-03-02 03:58:02,830 - root - INFO - tail hit:0.3641, tail mean rank:335.6164, topn:10.
2021-03-02 03:58:02,830 - root - INFO - avg hit:0.2410, avg mean rank:526.1678, topn:10.
2021-03-02 03:58:02,831 - root - INFO - Checkpointing ...
2021-03-02 03:58:34,699 - root - INFO - train loss:0.0125!
2021-03-02 03:58:36,244 - root - INFO - head hit:0.1210, head mean rank:738.8020, topn:10.
2021-03-02 03:58:36,245 - root - INFO - tail hit:0.3533, tail mean rank:349.7139, topn:10.
2021-03-02 03:58:36,245 - root - INFO - avg hit:0.2372, avg mean rank:544.2579, topn:10.
2021-03-02 03:58:38,878 - root - INFO - head hit:0.1173, head mean rank:715.6116, topn:10.
2021-03-02 03:58:38,878 - root - INFO - tail hit:0.3568, tail mean rank:338.2292, topn:10.
2021-03-02 03:58:38,878 - root - INFO - avg hit:0.2371, avg mean rank:526.9204, topn:10.
2021-03-02 03:58:38,879 - root - INFO - Checkpointing ...
2021-03-02 03:59:12,656 - root - INFO - train loss:0.0107!
2021-03-02 03:59:14,205 - root - INFO - head hit:0.1149, head mean rank:752.8716, topn:10.
2021-03-02 03:59:14,205 - root - INFO - tail hit:0.3582, tail mean rank:337.8533, topn:10.
2021-03-02 03:59:14,206 - root - INFO - avg hit:0.2366, avg mean rank:545.3625, topn:10.
2021-03-02 03:59:16,968 - root - INFO - head hit:0.1289, head mean rank:708.8286, topn:10.
2021-03-02 03:59:16,968 - root - INFO - tail hit:0.3818, tail mean rank:327.4541, topn:10.
2021-03-02 03:59:16,968 - root - INFO - avg hit:0.2553, avg mean rank:518.1413, topn:10.
2021-03-02 03:59:16,969 - root - INFO - No improvement after one epoch. Lowering learning rate.
2021-03-02 03:59:51,035 - root - INFO - train loss:0.0055!
2021-03-02 03:59:52,582 - root - INFO - head hit:0.1088, head mean rank:746.1932, topn:10.
2021-03-02 03:59:52,582 - root - INFO - tail hit:0.3680, tail mean rank:337.1345, topn:10.
2021-03-02 03:59:52,583 - root - INFO - avg hit:0.2384, avg mean rank:541.6638, topn:10.
2021-03-02 03:59:55,249 - root - INFO - head hit:0.1410, head mean rank:692.5508, topn:10.
2021-03-02 03:59:55,249 - root - INFO - tail hit:0.3878, tail mean rank:328.3082, topn:10.
2021-03-02 03:59:55,250 - root - INFO - avg hit:0.2644, avg mean rank:510.4295, topn:10.
2021-03-02 03:59:55,251 - root - INFO - Checkpointing ...
2021-03-02 04:00:26,377 - root - INFO - train loss:0.0039!
2021-03-02 04:00:27,978 - root - INFO - head hit:0.1112, head mean rank:755.6406, topn:10.
2021-03-02 04:00:27,978 - root - INFO - tail hit:0.3631, tail mean rank:333.5403, topn:10.
2021-03-02 04:00:27,979 - root - INFO - avg hit:0.2372, avg mean rank:544.5905, topn:10.
2021-03-02 04:00:30,748 - root - INFO - head hit:0.1422, head mean rank:705.1064, topn:10.
2021-03-02 04:00:30,748 - root - INFO - tail hit:0.3860, tail mean rank:324.3410, topn:10.
2021-03-02 04:00:30,749 - root - INFO - avg hit:0.2641, avg mean rank:514.7237, topn:10.
2021-03-02 04:00:30,750 - root - INFO - No improvement after one epoch. Lowering learning rate.
2021-03-02 04:01:03,270 - root - INFO - train loss:0.0033!
2021-03-02 04:01:04,894 - root - INFO - head hit:0.1198, head mean rank:749.4413, topn:10.
2021-03-02 04:01:04,894 - root - INFO - tail hit:0.3704, tail mean rank:334.8435, topn:10.
2021-03-02 04:01:04,895 - root - INFO - avg hit:0.2451, avg mean rank:542.1424, topn:10.
2021-03-02 04:01:07,644 - root - INFO - head hit:0.1526, head mean rank:700.9416, topn:10.
2021-03-02 04:01:07,645 - root - INFO - tail hit:0.3909, tail mean rank:326.0547, topn:10.
2021-03-02 04:01:07,645 - root - INFO - avg hit:0.2717, avg mean rank:513.4982, topn:10.
2021-03-02 04:01:07,646 - root - INFO - Checkpointing ...
2021-03-02 04:01:39,251 - root - INFO - train loss:0.0020!
2021-03-02 04:01:40,836 - root - INFO - head hit:0.1186, head mean rank:742.8130, topn:10.
2021-03-02 04:01:40,836 - root - INFO - tail hit:0.3716, tail mean rank:334.0147, topn:10.
2021-03-02 04:01:40,836 - root - INFO - avg hit:0.2451, avg mean rank:538.4138, topn:10.
2021-03-02 04:01:43,523 - root - INFO - head hit:0.1526, head mean rank:698.1714, topn:10.
2021-03-02 04:01:43,523 - root - INFO - tail hit:0.3957, tail mean rank:325.0310, topn:10.
2021-03-02 04:01:43,523 - root - INFO - avg hit:0.2742, avg mean rank:511.6012, topn:10.
2021-03-02 04:01:43,525 - root - INFO - No improvement after one epoch. Lowering learning rate.
2021-03-02 04:02:13,812 - root - INFO - train loss:0.0023!
2021-03-02 04:02:15,407 - root - INFO - head hit:0.1198, head mean rank:743.1540, topn:10.
2021-03-02 04:02:15,407 - root - INFO - tail hit:0.3741, tail mean rank:334.2335, topn:10.
2021-03-02 04:02:15,407 - root - INFO - avg hit:0.2469, avg mean rank:538.6938, topn:10.
2021-03-02 04:02:18,231 - root - INFO - head hit:0.1544, head mean rank:697.0334, topn:10.
2021-03-02 04:02:18,231 - root - INFO - tail hit:0.3976, tail mean rank:325.3161, topn:10.
2021-03-02 04:02:18,231 - root - INFO - avg hit:0.2760, avg mean rank:511.1748, topn:10.
2021-03-02 04:02:18,232 - root - INFO - Checkpointing ...
2021-03-02 04:02:50,839 - root - INFO - train loss:0.0017!
2021-03-02 04:02:52,389 - root - INFO - head hit:0.1198, head mean rank:742.4377, topn:10.
2021-03-02 04:02:52,389 - root - INFO - tail hit:0.3716, tail mean rank:335.5526, topn:10.
2021-03-02 04:02:52,389 - root - INFO - avg hit:0.2457, avg mean rank:538.9951, topn:10.
2021-03-02 04:02:55,324 - root - INFO - head hit:0.1520, head mean rank:696.8571, topn:10.
2021-03-02 04:02:55,324 - root - INFO - tail hit:0.3939, tail mean rank:326.6839, topn:10.
2021-03-02 04:02:55,324 - root - INFO - avg hit:0.2729, avg mean rank:511.7705, topn:10.
2021-03-02 04:02:55,325 - root - INFO - No improvement after one epoch. Lowering learning rate.
2021-03-02 04:03:30,580 - root - INFO - train loss:0.0012!
2021-03-02 04:03:32,181 - root - INFO - head hit:0.1210, head mean rank:740.5917, topn:10.
2021-03-02 04:03:32,181 - root - INFO - tail hit:0.3704, tail mean rank:334.1822, topn:10.
2021-03-02 04:03:32,181 - root - INFO - avg hit:0.2457, avg mean rank:537.3869, topn:10.
2021-03-02 04:03:34,945 - root - INFO - head hit:0.1538, head mean rank:695.9313, topn:10.
2021-03-02 04:03:34,946 - root - INFO - tail hit:0.3951, tail mean rank:325.7179, topn:10.
2021-03-02 04:03:34,946 - root - INFO - avg hit:0.2745, avg mean rank:510.8246, topn:10.
2021-03-02 04:03:34,947 - root - INFO - No improvement after one epoch. Lowering learning rate.
2021-03-02 04:04:06,936 - root - INFO - train loss:0.0010!
2021-03-02 04:04:08,508 - root - INFO - head hit:0.1210, head mean rank:740.5183, topn:10.
2021-03-02 04:04:08,509 - root - INFO - tail hit:0.3741, tail mean rank:333.6406, topn:10.
2021-03-02 04:04:08,509 - root - INFO - avg hit:0.2476, avg mean rank:537.0795, topn:10.
2021-03-02 04:04:11,306 - root - INFO - head hit:0.1538, head mean rank:696.2000, topn:10.
2021-03-02 04:04:11,306 - root - INFO - tail hit:0.3964, tail mean rank:325.3897, topn:10.
2021-03-02 04:04:11,306 - root - INFO - avg hit:0.2751, avg mean rank:510.7948, topn:10.
2021-03-02 04:04:11,308 - root - INFO - Checkpointing ...
2021-03-02 04:04:42,563 - root - INFO - train loss:0.0015!
2021-03-02 04:04:44,139 - root - INFO - head hit:0.1222, head mean rank:740.5623, topn:10.
2021-03-02 04:04:44,139 - root - INFO - tail hit:0.3741, tail mean rank:334.2042, topn:10.
2021-03-02 04:04:44,140 - root - INFO - avg hit:0.2482, avg mean rank:537.3833, topn:10.
2021-03-02 04:04:47,008 - root - INFO - head hit:0.1550, head mean rank:696.2736, topn:10.
2021-03-02 04:04:47,008 - root - INFO - tail hit:0.3964, tail mean rank:325.7483, topn:10.
2021-03-02 04:04:47,009 - root - INFO - avg hit:0.2757, avg mean rank:511.0109, topn:10.
2021-03-02 04:04:47,010 - root - INFO - Checkpointing ...
2021-03-02 04:05:20,568 - root - INFO - train loss:0.0014!
2021-03-02 04:05:22,144 - root - INFO - head hit:0.1235, head mean rank:740.6345, topn:10.
2021-03-02 04:05:22,144 - root - INFO - tail hit:0.3778, tail mean rank:333.3753, topn:10.
2021-03-02 04:05:22,144 - root - INFO - avg hit:0.2506, avg mean rank:537.0049, topn:10.
2021-03-02 04:05:24,827 - root - INFO - head hit:0.1550, head mean rank:696.7751, topn:10.
2021-03-02 04:05:24,827 - root - INFO - tail hit:0.3988, tail mean rank:325.1240, topn:10.
2021-03-02 04:05:24,827 - root - INFO - avg hit:0.2769, avg mean rank:510.9495, topn:10.
2021-03-02 04:05:24,829 - root - INFO - Checkpointing ...
2021-03-02 04:05:56,287 - root - INFO - train loss:0.0008!
2021-03-02 04:05:57,800 - root - INFO - head hit:0.1235, head mean rank:740.8056, topn:10.
2021-03-02 04:05:57,801 - root - INFO - tail hit:0.3790, tail mean rank:333.4878, topn:10.
2021-03-02 04:05:57,801 - root - INFO - avg hit:0.2512, avg mean rank:537.1467, topn:10.
2021-03-02 04:06:00,538 - root - INFO - head hit:0.1550, head mean rank:696.9410, topn:10.
2021-03-02 04:06:00,539 - root - INFO - tail hit:0.4006, tail mean rank:325.3015, topn:10.
2021-03-02 04:06:00,539 - root - INFO - avg hit:0.2778, avg mean rank:511.1213, topn:10.
2021-03-02 04:06:00,540 - root - INFO - Checkpointing ...
2021-03-02 04:06:32,464 - root - INFO - train loss:0.0011!
2021-03-02 04:06:34,013 - root - INFO - head hit:0.1247, head mean rank:739.5037, topn:10.
2021-03-02 04:06:34,013 - root - INFO - tail hit:0.3802, tail mean rank:333.1944, topn:10.
2021-03-02 04:06:34,013 - root - INFO - avg hit:0.2524, avg mean rank:536.3490, topn:10.
2021-03-02 04:06:36,781 - root - INFO - head hit:0.1544, head mean rank:695.9574, topn:10.
2021-03-02 04:06:36,781 - root - INFO - tail hit:0.4000, tail mean rank:325.0267, topn:10.
2021-03-02 04:06:36,781 - root - INFO - avg hit:0.2772, avg mean rank:510.4921, topn:10.
2021-03-02 04:06:36,783 - root - INFO - Checkpointing ...
2021-03-02 04:07:07,835 - root - INFO - train loss:0.0005!
2021-03-02 04:07:09,362 - root - INFO - head hit:0.1247, head mean rank:739.3472, topn:10.
2021-03-02 04:07:09,363 - root - INFO - tail hit:0.3790, tail mean rank:333.9218, topn:10.
2021-03-02 04:07:09,363 - root - INFO - avg hit:0.2518, avg mean rank:536.6345, topn:10.
2021-03-02 04:07:12,183 - root - INFO - head hit:0.1538, head mean rank:695.7951, topn:10.
2021-03-02 04:07:12,183 - root - INFO - tail hit:0.4000, tail mean rank:325.3033, topn:10.
2021-03-02 04:07:12,184 - root - INFO - avg hit:0.2769, avg mean rank:510.5492, topn:10.
2021-03-02 04:07:12,185 - root - INFO - No improvement after one epoch. Lowering learning rate.
2021-03-02 04:07:43,062 - root - INFO - train loss:0.0008!
2021-03-02 04:07:44,625 - root - INFO - head hit:0.1247, head mean rank:739.2494, topn:10.
2021-03-02 04:07:44,625 - root - INFO - tail hit:0.3802, tail mean rank:333.8411, topn:10.
2021-03-02 04:07:44,625 - root - INFO - avg hit:0.2524, avg mean rank:536.5452, topn:10.
2021-03-02 04:07:47,489 - root - INFO - head hit:0.1544, head mean rank:695.6413, topn:10.
2021-03-02 04:07:47,489 - root - INFO - tail hit:0.4006, tail mean rank:325.1878, topn:10.
2021-03-02 04:07:47,489 - root - INFO - avg hit:0.2775, avg mean rank:510.4146, topn:10.
2021-03-02 04:07:47,491 - root - INFO - No improvement after one epoch. Lowering learning rate.
2021-03-02 04:08:19,316 - root - INFO - train loss:0.0008!
2021-03-02 04:08:20,877 - root - INFO - head hit:0.1247, head mean rank:739.3411, topn:10.
2021-03-02 04:08:20,878 - root - INFO - tail hit:0.3802, tail mean rank:333.8215, topn:10.
2021-03-02 04:08:20,878 - root - INFO - avg hit:0.2524, avg mean rank:536.5813, topn:10.
2021-03-02 04:08:23,697 - root - INFO - head hit:0.1544, head mean rank:695.7708, topn:10.
2021-03-02 04:08:23,698 - root - INFO - tail hit:0.4006, tail mean rank:325.0723, topn:10.
2021-03-02 04:08:23,698 - root - INFO - avg hit:0.2775, avg mean rank:510.4216, topn:10.
2021-03-02 04:08:23,699 - root - INFO - No improvement after one epoch. Lowering learning rate.
2021-03-02 04:08:55,030 - root - INFO - train loss:0.0010!
2021-03-02 04:08:56,645 - root - INFO - head hit:0.1247, head mean rank:739.3423, topn:10.
2021-03-02 04:08:56,645 - root - INFO - tail hit:0.3802, tail mean rank:333.7812, topn:10.
2021-03-02 04:08:56,646 - root - INFO - avg hit:0.2524, avg mean rank:536.5617, topn:10.
2021-03-02 04:08:59,529 - root - INFO - head hit:0.1544, head mean rank:695.7970, topn:10.
2021-03-02 04:08:59,530 - root - INFO - tail hit:0.4006, tail mean rank:325.0821, topn:10.
2021-03-02 04:08:59,530 - root - INFO - avg hit:0.2775, avg mean rank:510.4395, topn:10.
2021-03-02 04:08:59,532 - root - INFO - No improvement after one epoch. Lowering learning rate.
2021-03-02 04:09:31,592 - root - INFO - No improvement after 24363 steps. Stopping training.
