2021-03-02 04:15:51,923 - root - INFO - Flag Values:
{
    "L1_flag": true,
    "batch_size": 256,
    "ckpt_path": "/home/juarez/git/results/JIIS-revised-exp1/ml-sun_ho_sKG_ig-sv-complex-50/",
    "clipping_max_value": 5.0,
    "data_path": "/home/juarez/git/datasets/JIIS-revised-exp1/ml-sun_ho_sKG_ig-sv-complex-50/cao-format/",
    "dataset": "ml1m",
    "early_stopping_steps_to_wait": 13317,
    "embedding_size": 100,
    "eval_interval_steps": 2663,
    "eval_only_mode": false,
    "experiment_name": "ml1m-transup-1614669351",
    "filter_wrong_corrupted": true,
    "has_visualization": false,
    "is_report": false,
    "joint_ratio": 0.5,
    "kg_lambda": 1.0,
    "kg_test_files": null,
    "l2_lambda": 1e-05,
    "learning_rate": 0.005,
    "learning_rate_decay_when_no_progress": 0.5,
    "load_ckpt_file": "/home/juarez/git/results/JIIS-revised-exp1/ml-sun_ho_sKG_ig-sv-complex-50/ml1m-bprmf-pretrained.ckpt",
    "load_experiment_name": null,
    "log_level": "debug",
    "log_path": "/home/juarez/git/results/JIIS-revised-exp1/ml-sun_ho_sKG_ig-sv-complex-50/",
    "margin": 1.0,
    "max_queue": 10,
    "model_type": "transup",
    "momentum": 0.9,
    "negtive_samples": 1,
    "norm_lambda": 1.0,
    "num_preferences": 3,
    "num_processes": 4,
    "optimizer_type": "Adagrad",
    "rec_test_files": "valid.dat:test.dat",
    "seed": 0,
    "share_embeddings": false,
    "topn": 10,
    "training_steps": 266300,
    "use_st_gumbel": false,
    "visualization_port": 8097
}
2021-03-02 04:15:52,162 - root - INFO - Totally 69982 train ratings, 9998,19995 eval ratings in files: /home/juarez/git/datasets/JIIS-revised-exp1/ml-sun_ho_sKG_ig-sv-complex-50/cao-format/ml1m/valid.dat;/home/juarez/git/datasets/JIIS-revised-exp1/ml-sun_ho_sKG_ig-sv-complex-50/cao-format/ml1m/test.dat!
2021-03-02 04:15:52,164 - root - INFO - successfully load 943 users and 1675 items!
2021-03-02 04:15:52,244 - root - INFO - Building model.
2021-03-02 04:15:53,508 - root - INFO - Architecture: TransUPModel(
  (user_embeddings): Embedding(943, 100)
  (item_embeddings): Embedding(1675, 100)
  (pref_embeddings): Embedding(3, 100)
  (pref_norm_embeddings): Embedding(3, 100)
)
2021-03-02 04:15:53,509 - root - INFO - Total params: 262400.0
2021-03-02 04:15:53,509 - root - INFO - One epoch is 274 steps.
2021-03-02 04:15:53,510 - root - INFO - Found checkpoint, restoring pre-trained embeddings.
2021-03-02 04:15:53,513 - root - INFO - Load Embeddings of user_embeddings.weight, item_embeddings.weight from /home/juarez/git/results/JIIS-revised-exp1/ml-sun_ho_sKG_ig-sv-complex-50/ml1m-bprmf-pretrained.ckpt.
2021-03-02 04:15:53,514 - root - INFO - Training.
2021-03-02 04:15:53,514 - root - INFO - train loss:0.0000!
2021-03-02 04:15:54,883 - root - INFO - f1:0.0699, p:0.0952, r:0.0731, hit:0.4358, ndcg:0.2647, topn:10.
2021-03-02 04:15:55,964 - root - INFO - f1:0.0772, p:0.1598, r:0.0614, hit:0.5599, ndcg:0.3568, topn:10.
2021-03-02 04:16:18,390 - root - INFO - train loss:78.5893!
2021-03-02 04:16:19,588 - root - INFO - f1:0.1419, p:0.1650, r:0.1767, hit:0.7031, ndcg:0.4429, topn:10.
2021-03-02 04:16:20,801 - root - INFO - f1:0.1711, p:0.2764, r:0.1643, hit:0.8579, ndcg:0.5818, topn:10.
2021-03-02 04:16:20,805 - root - INFO - Checkpointing ...
2021-03-02 04:16:43,249 - root - INFO - train loss:0.1730!
2021-03-02 04:16:44,483 - root - INFO - f1:0.1452, p:0.1685, r:0.1794, hit:0.7169, ndcg:0.4515, topn:10.
2021-03-02 04:16:45,715 - root - INFO - f1:0.1769, p:0.2852, r:0.1701, hit:0.8717, ndcg:0.5953, topn:10.
2021-03-02 04:16:45,719 - root - INFO - Checkpointing ...
2021-03-02 04:17:08,202 - root - INFO - train loss:0.1623!
2021-03-02 04:17:09,418 - root - INFO - f1:0.1500, p:0.1748, r:0.1862, hit:0.7211, ndcg:0.4611, topn:10.
2021-03-02 04:17:10,646 - root - INFO - f1:0.1803, p:0.2907, r:0.1737, hit:0.8738, ndcg:0.6027, topn:10.
2021-03-02 04:17:10,650 - root - INFO - Checkpointing ...
2021-03-02 04:17:33,982 - root - INFO - train loss:0.1557!
2021-03-02 04:17:35,305 - root - INFO - f1:0.1547, p:0.1801, r:0.1918, hit:0.7359, ndcg:0.4656, topn:10.
2021-03-02 04:17:36,569 - root - INFO - f1:0.1852, p:0.2973, r:0.1783, hit:0.8770, ndcg:0.6085, topn:10.
2021-03-02 04:17:36,573 - root - INFO - Checkpointing ...
2021-03-02 04:17:57,656 - root - INFO - train loss:0.1509!
2021-03-02 04:17:58,927 - root - INFO - f1:0.1578, p:0.1837, r:0.1966, hit:0.7466, ndcg:0.4742, topn:10.
2021-03-02 04:18:00,098 - root - INFO - f1:0.1893, p:0.3030, r:0.1832, hit:0.8844, ndcg:0.6141, topn:10.
2021-03-02 04:18:00,103 - root - INFO - Checkpointing ...
2021-03-02 04:18:21,336 - root - INFO - train loss:0.1474!
2021-03-02 04:18:22,543 - root - INFO - f1:0.1608, p:0.1865, r:0.2014, hit:0.7519, ndcg:0.4816, topn:10.
2021-03-02 04:18:23,788 - root - INFO - f1:0.1931, p:0.3075, r:0.1871, hit:0.8897, ndcg:0.6167, topn:10.
2021-03-02 04:18:23,791 - root - INFO - Checkpointing ...
2021-03-02 04:18:44,555 - root - INFO - train loss:0.1434!
2021-03-02 04:18:46,072 - root - INFO - f1:0.1631, p:0.1891, r:0.2039, hit:0.7550, ndcg:0.4868, topn:10.
2021-03-02 04:18:47,290 - root - INFO - f1:0.1957, p:0.3112, r:0.1896, hit:0.8897, ndcg:0.6189, topn:10.
2021-03-02 04:18:47,294 - root - INFO - Checkpointing ...
2021-03-02 04:19:08,142 - root - INFO - train loss:0.1407!
2021-03-02 04:19:09,363 - root - INFO - f1:0.1658, p:0.1917, r:0.2078, hit:0.7635, ndcg:0.4918, topn:10.
2021-03-02 04:19:10,581 - root - INFO - f1:0.1987, p:0.3160, r:0.1921, hit:0.8918, ndcg:0.6222, topn:10.
2021-03-02 04:19:10,584 - root - INFO - Checkpointing ...
2021-03-02 04:19:30,412 - root - INFO - train loss:0.1382!
2021-03-02 04:19:31,648 - root - INFO - f1:0.1675, p:0.1934, r:0.2092, hit:0.7667, ndcg:0.4984, topn:10.
2021-03-02 04:19:32,927 - root - INFO - f1:0.2001, p:0.3180, r:0.1936, hit:0.8908, ndcg:0.6242, topn:10.
2021-03-02 04:19:32,931 - root - INFO - Checkpointing ...
2021-03-02 04:19:56,764 - root - INFO - train loss:0.1372!
2021-03-02 04:19:57,979 - root - INFO - f1:0.1688, p:0.1949, r:0.2104, hit:0.7667, ndcg:0.5006, topn:10.
2021-03-02 04:19:59,227 - root - INFO - f1:0.2018, p:0.3212, r:0.1954, hit:0.8961, ndcg:0.6292, topn:10.
2021-03-02 04:19:59,231 - root - INFO - Checkpointing ...
2021-03-02 04:20:20,132 - root - INFO - train loss:0.1348!
2021-03-02 04:20:21,389 - root - INFO - f1:0.1697, p:0.1954, r:0.2131, hit:0.7709, ndcg:0.5056, topn:10.
2021-03-02 04:20:22,651 - root - INFO - f1:0.2028, p:0.3223, r:0.1965, hit:0.8982, ndcg:0.6323, topn:10.
2021-03-02 04:20:22,656 - root - INFO - Checkpointing ...
2021-03-02 04:20:45,157 - root - INFO - train loss:0.1335!
2021-03-02 04:20:46,374 - root - INFO - f1:0.1714, p:0.1978, r:0.2144, hit:0.7699, ndcg:0.5075, topn:10.
2021-03-02 04:20:47,561 - root - INFO - f1:0.2040, p:0.3244, r:0.1976, hit:0.9014, ndcg:0.6368, topn:10.
2021-03-02 04:20:47,566 - root - INFO - Checkpointing ...
2021-03-02 04:21:08,188 - root - INFO - train loss:0.1320!
2021-03-02 04:21:09,321 - root - INFO - f1:0.1738, p:0.2004, r:0.2173, hit:0.7731, ndcg:0.5093, topn:10.
2021-03-02 04:21:10,569 - root - INFO - f1:0.2043, p:0.3250, r:0.1979, hit:0.8982, ndcg:0.6388, topn:10.
2021-03-02 04:21:10,575 - root - INFO - Checkpointing ...
2021-03-02 04:21:33,891 - root - INFO - train loss:0.1308!
2021-03-02 04:21:35,126 - root - INFO - f1:0.1753, p:0.2023, r:0.2194, hit:0.7794, ndcg:0.5127, topn:10.
2021-03-02 04:21:36,390 - root - INFO - f1:0.2075, p:0.3284, r:0.2019, hit:0.9014, ndcg:0.6395, topn:10.
2021-03-02 04:21:36,394 - root - INFO - Checkpointing ...
2021-03-02 04:21:57,696 - root - INFO - train loss:0.1286!
2021-03-02 04:21:58,913 - root - INFO - f1:0.1758, p:0.2029, r:0.2200, hit:0.7815, ndcg:0.5165, topn:10.
2021-03-02 04:22:00,158 - root - INFO - f1:0.2085, p:0.3302, r:0.2025, hit:0.9003, ndcg:0.6414, topn:10.
2021-03-02 04:22:00,162 - root - INFO - Checkpointing ...
2021-03-02 04:22:22,566 - root - INFO - train loss:0.1285!
2021-03-02 04:22:23,815 - root - INFO - f1:0.1760, p:0.2030, r:0.2200, hit:0.7805, ndcg:0.5201, topn:10.
2021-03-02 04:22:25,089 - root - INFO - f1:0.2078, p:0.3294, r:0.2021, hit:0.9024, ndcg:0.6455, topn:10.
2021-03-02 04:22:25,094 - root - INFO - Checkpointing ...
2021-03-02 04:22:47,955 - root - INFO - train loss:0.1273!
2021-03-02 04:22:49,187 - root - INFO - f1:0.1780, p:0.2053, r:0.2223, hit:0.7815, ndcg:0.5210, topn:10.
2021-03-02 04:22:50,437 - root - INFO - f1:0.2091, p:0.3306, r:0.2036, hit:0.9035, ndcg:0.6487, topn:10.
2021-03-02 04:22:50,441 - root - INFO - Checkpointing ...
2021-03-02 04:23:13,362 - root - INFO - train loss:0.1259!
2021-03-02 04:23:14,509 - root - INFO - f1:0.1792, p:0.2066, r:0.2248, hit:0.7879, ndcg:0.5243, topn:10.
2021-03-02 04:23:15,705 - root - INFO - f1:0.2115, p:0.3339, r:0.2058, hit:0.9056, ndcg:0.6498, topn:10.
2021-03-02 04:23:15,709 - root - INFO - Checkpointing ...
2021-03-02 04:23:38,018 - root - INFO - train loss:0.1249!
2021-03-02 04:23:39,302 - root - INFO - f1:0.1796, p:0.2071, r:0.2250, hit:0.7858, ndcg:0.5246, topn:10.
2021-03-02 04:23:40,516 - root - INFO - f1:0.2118, p:0.3353, r:0.2055, hit:0.9024, ndcg:0.6502, topn:10.
2021-03-02 04:23:40,521 - root - INFO - Checkpointing ...
2021-03-02 04:24:01,045 - root - INFO - train loss:0.1245!
2021-03-02 04:24:02,551 - root - INFO - f1:0.1803, p:0.2077, r:0.2262, hit:0.7869, ndcg:0.5257, topn:10.
2021-03-02 04:24:03,802 - root - INFO - f1:0.2140, p:0.3379, r:0.2076, hit:0.9046, ndcg:0.6520, topn:10.
2021-03-02 04:24:03,807 - root - INFO - Checkpointing ...
2021-03-02 04:24:24,992 - root - INFO - train loss:0.1234!
2021-03-02 04:24:26,200 - root - INFO - f1:0.1811, p:0.2087, r:0.2263, hit:0.7869, ndcg:0.5261, topn:10.
2021-03-02 04:24:27,423 - root - INFO - f1:0.2144, p:0.3387, r:0.2079, hit:0.9046, ndcg:0.6540, topn:10.
2021-03-02 04:24:27,427 - root - INFO - Checkpointing ...
2021-03-02 04:24:49,391 - root - INFO - train loss:0.1225!
2021-03-02 04:24:50,670 - root - INFO - f1:0.1822, p:0.2101, r:0.2267, hit:0.7879, ndcg:0.5264, topn:10.
2021-03-02 04:24:51,879 - root - INFO - f1:0.2141, p:0.3391, r:0.2074, hit:0.9046, ndcg:0.6540, topn:10.
2021-03-02 04:24:51,883 - root - INFO - Checkpointing ...
2021-03-02 04:25:13,238 - root - INFO - train loss:0.1222!
2021-03-02 04:25:14,481 - root - INFO - f1:0.1819, p:0.2100, r:0.2264, hit:0.7847, ndcg:0.5280, topn:10.
2021-03-02 04:25:15,766 - root - INFO - f1:0.2148, p:0.3401, r:0.2078, hit:0.9046, ndcg:0.6590, topn:10.
2021-03-02 04:25:15,769 - root - INFO - No improvement after one epoch. Lowering learning rate.
2021-03-02 04:25:38,092 - root - INFO - train loss:0.1257!
2021-03-02 04:25:39,359 - root - INFO - f1:0.1902, p:0.2178, r:0.2407, hit:0.8028, ndcg:0.5441, topn:10.
2021-03-02 04:25:40,567 - root - INFO - f1:0.2233, p:0.3520, r:0.2158, hit:0.9024, ndcg:0.6701, topn:10.
2021-03-02 04:25:40,571 - root - INFO - Checkpointing ...
2021-03-02 04:26:02,291 - root - INFO - train loss:0.1186!
2021-03-02 04:26:03,437 - root - INFO - f1:0.1923, p:0.2205, r:0.2437, hit:0.8070, ndcg:0.5497, topn:10.
2021-03-02 04:26:04,637 - root - INFO - f1:0.2264, p:0.3574, r:0.2177, hit:0.9003, ndcg:0.6750, topn:10.
2021-03-02 04:26:04,641 - root - INFO - Checkpointing ...
2021-03-02 04:26:25,139 - root - INFO - train loss:0.1162!
2021-03-02 04:26:26,300 - root - INFO - f1:0.1952, p:0.2231, r:0.2477, hit:0.8091, ndcg:0.5547, topn:10.
2021-03-02 04:26:27,576 - root - INFO - f1:0.2286, p:0.3601, r:0.2201, hit:0.9067, ndcg:0.6838, topn:10.
2021-03-02 04:26:27,580 - root - INFO - Checkpointing ...
2021-03-02 04:26:52,624 - root - INFO - train loss:0.1149!
2021-03-02 04:26:53,793 - root - INFO - f1:0.1979, p:0.2255, r:0.2514, hit:0.8112, ndcg:0.5590, topn:10.
2021-03-02 04:26:55,096 - root - INFO - f1:0.2304, p:0.3634, r:0.2215, hit:0.9088, ndcg:0.6889, topn:10.
2021-03-02 04:26:55,100 - root - INFO - Checkpointing ...
2021-03-02 04:27:17,586 - root - INFO - train loss:0.1128!
2021-03-02 04:27:18,858 - root - INFO - f1:0.1981, p:0.2259, r:0.2521, hit:0.8081, ndcg:0.5629, topn:10.
2021-03-02 04:27:20,102 - root - INFO - f1:0.2307, p:0.3641, r:0.2217, hit:0.9120, ndcg:0.6942, topn:10.
2021-03-02 04:27:20,107 - root - INFO - Checkpointing ...
2021-03-02 04:27:42,250 - root - INFO - train loss:0.1122!
2021-03-02 04:27:43,491 - root - INFO - f1:0.1981, p:0.2258, r:0.2524, hit:0.8123, ndcg:0.5662, topn:10.
2021-03-02 04:27:44,709 - root - INFO - f1:0.2332, p:0.3677, r:0.2237, hit:0.9120, ndcg:0.6970, topn:10.
2021-03-02 04:27:44,712 - root - INFO - Checkpointing ...
2021-03-02 04:28:05,272 - root - INFO - train loss:0.1116!
2021-03-02 04:28:06,453 - root - INFO - f1:0.1974, p:0.2256, r:0.2509, hit:0.8091, ndcg:0.5671, topn:10.
2021-03-02 04:28:07,646 - root - INFO - f1:0.2337, p:0.3690, r:0.2241, hit:0.9130, ndcg:0.6968, topn:10.
2021-03-02 04:28:07,651 - root - INFO - No improvement after one epoch. Lowering learning rate.
2021-03-02 04:28:29,610 - root - INFO - train loss:0.1131!
2021-03-02 04:28:30,786 - root - INFO - f1:0.1975, p:0.2261, r:0.2506, hit:0.8081, ndcg:0.5698, topn:10.
2021-03-02 04:28:32,030 - root - INFO - f1:0.2337, p:0.3700, r:0.2239, hit:0.9120, ndcg:0.6987, topn:10.
2021-03-02 04:28:32,036 - root - INFO - No improvement after one epoch. Lowering learning rate.
2021-03-02 04:28:52,536 - root - INFO - train loss:0.1107!
2021-03-02 04:28:53,723 - root - INFO - f1:0.1987, p:0.2276, r:0.2525, hit:0.8112, ndcg:0.5714, topn:10.
2021-03-02 04:28:54,901 - root - INFO - f1:0.2335, p:0.3696, r:0.2236, hit:0.9120, ndcg:0.7019, topn:10.
2021-03-02 04:28:54,904 - root - INFO - Checkpointing ...
2021-03-02 04:29:15,339 - root - INFO - train loss:0.1097!
2021-03-02 04:29:16,564 - root - INFO - f1:0.1997, p:0.2285, r:0.2537, hit:0.8155, ndcg:0.5730, topn:10.
2021-03-02 04:29:18,060 - root - INFO - f1:0.2350, p:0.3721, r:0.2249, hit:0.9130, ndcg:0.7019, topn:10.
2021-03-02 04:29:18,064 - root - INFO - Checkpointing ...
2021-03-02 04:29:39,690 - root - INFO - train loss:0.1083!
2021-03-02 04:29:40,990 - root - INFO - f1:0.2008, p:0.2299, r:0.2551, hit:0.8144, ndcg:0.5741, topn:10.
2021-03-02 04:29:42,221 - root - INFO - f1:0.2360, p:0.3730, r:0.2260, hit:0.9152, ndcg:0.7037, topn:10.
2021-03-02 04:29:42,224 - root - INFO - Checkpointing ...
2021-03-02 04:30:03,419 - root - INFO - train loss:0.1084!
2021-03-02 04:30:04,602 - root - INFO - f1:0.2009, p:0.2301, r:0.2550, hit:0.8123, ndcg:0.5734, topn:10.
2021-03-02 04:30:05,847 - root - INFO - f1:0.2366, p:0.3738, r:0.2266, hit:0.9152, ndcg:0.7047, topn:10.
2021-03-02 04:30:05,851 - root - INFO - Checkpointing ...
2021-03-02 04:30:27,144 - root - INFO - train loss:0.1079!
2021-03-02 04:30:28,342 - root - INFO - f1:0.2013, p:0.2308, r:0.2553, hit:0.8123, ndcg:0.5735, topn:10.
2021-03-02 04:30:29,627 - root - INFO - f1:0.2370, p:0.3740, r:0.2272, hit:0.9162, ndcg:0.7062, topn:10.
2021-03-02 04:30:29,631 - root - INFO - Checkpointing ...
2021-03-02 04:30:51,564 - root - INFO - train loss:0.1073!
2021-03-02 04:30:52,868 - root - INFO - f1:0.2010, p:0.2308, r:0.2545, hit:0.8134, ndcg:0.5753, topn:10.
2021-03-02 04:30:54,089 - root - INFO - f1:0.2369, p:0.3741, r:0.2270, hit:0.9173, ndcg:0.7065, topn:10.
2021-03-02 04:30:54,093 - root - INFO - No improvement after one epoch. Lowering learning rate.
2021-03-02 04:31:15,146 - root - INFO - train loss:0.1081!
2021-03-02 04:31:16,426 - root - INFO - f1:0.2024, p:0.2320, r:0.2568, hit:0.8218, ndcg:0.5794, topn:10.
2021-03-02 04:31:17,589 - root - INFO - f1:0.2363, p:0.3736, r:0.2263, hit:0.9152, ndcg:0.7071, topn:10.
2021-03-02 04:31:17,593 - root - INFO - Checkpointing ...
2021-03-02 04:31:39,926 - root - INFO - train loss:0.1072!
2021-03-02 04:31:41,095 - root - INFO - f1:0.2016, p:0.2314, r:0.2552, hit:0.8187, ndcg:0.5782, topn:10.
2021-03-02 04:31:42,309 - root - INFO - f1:0.2368, p:0.3742, r:0.2267, hit:0.9152, ndcg:0.7078, topn:10.
2021-03-02 04:31:42,314 - root - INFO - No improvement after one epoch. Lowering learning rate.
2021-03-02 04:32:03,151 - root - INFO - train loss:0.1076!
2021-03-02 04:32:04,411 - root - INFO - f1:0.2020, p:0.2320, r:0.2555, hit:0.8155, ndcg:0.5780, topn:10.
2021-03-02 04:32:05,655 - root - INFO - f1:0.2373, p:0.3750, r:0.2272, hit:0.9152, ndcg:0.7093, topn:10.
2021-03-02 04:32:05,660 - root - INFO - No improvement after one epoch. Lowering learning rate.
2021-03-02 04:32:26,492 - root - INFO - train loss:0.1071!
2021-03-02 04:32:27,729 - root - INFO - f1:0.2013, p:0.2316, r:0.2540, hit:0.8134, ndcg:0.5780, topn:10.
2021-03-02 04:32:28,969 - root - INFO - f1:0.2371, p:0.3750, r:0.2270, hit:0.9152, ndcg:0.7096, topn:10.
2021-03-02 04:32:28,972 - root - INFO - No improvement after one epoch. Lowering learning rate.
2021-03-02 04:32:52,361 - root - INFO - train loss:0.1070!
2021-03-02 04:32:53,583 - root - INFO - f1:0.2015, p:0.2318, r:0.2542, hit:0.8134, ndcg:0.5775, topn:10.
2021-03-02 04:32:54,746 - root - INFO - f1:0.2371, p:0.3750, r:0.2271, hit:0.9141, ndcg:0.7094, topn:10.
2021-03-02 04:32:54,749 - root - INFO - No improvement after one epoch. Lowering learning rate.
2021-03-02 04:33:15,846 - root - INFO - train loss:0.1068!
2021-03-02 04:33:17,076 - root - INFO - f1:0.2018, p:0.2320, r:0.2547, hit:0.8144, ndcg:0.5778, topn:10.
2021-03-02 04:33:18,322 - root - INFO - f1:0.2373, p:0.3751, r:0.2273, hit:0.9141, ndcg:0.7095, topn:10.
2021-03-02 04:33:18,326 - root - INFO - No improvement after one epoch. Lowering learning rate.
2021-03-02 04:33:18,384 - root - INFO - No improvement after 13317 steps. Stopping training.
2021-03-02 04:33:19,973 - root - INFO - From CaseRecommender evaluator: {'PREC@10': 0.232025, 'RECALL@10': 0.254698, 'NDCG@10': 0.577793, 'MAP@10': 0.465945, 'MAP': 0.465945}.
2021-03-02 04:33:20,264 - root - INFO - From kg-summ-rec diversity evaluator: {'GENRE_COVERAGE@10': 0.470838, 'GENRE_REDUNDANCY@10': 0.427619, 'ILD_GENRE@10': 0.810205}.
2021-03-02 04:33:22,045 - root - INFO - From CaseRecommender evaluator: {'PREC@10': 0.37508, 'RECALL@10': 0.227296, 'NDCG@10': 0.709408, 'MAP@10': 0.605238, 'MAP': 0.605238}.
2021-03-02 04:33:22,250 - root - INFO - From kg-summ-rec diversity evaluator: {'GENRE_COVERAGE@10': 0.468142, 'GENRE_REDUNDANCY@10': 0.42358, 'ILD_GENRE@10': 0.80865}.
