2021-03-05 17:51:53,317 - root - INFO - Flag Values:
{
    "L1_flag": true,
    "batch_size": 256,
    "ckpt_path": "/home/juarez/git/results/JIIS-revised-exp1/ml-sun_ho_sfKG_ig-sv-complex-25/",
    "clipping_max_value": 5.0,
    "data_path": "/home/juarez/git/datasets/JIIS-revised-exp1/ml-sun_ho_sfKG_ig-sv-complex-25/cao-format/",
    "dataset": "ml1m",
    "early_stopping_steps_to_wait": 51960,
    "embedding_size": 100,
    "eval_interval_steps": 10392,
    "eval_only_mode": false,
    "experiment_name": "ml1m-jtransup-1614977513",
    "filter_wrong_corrupted": true,
    "has_visualization": false,
    "is_report": false,
    "joint_ratio": 0.5,
    "kg_lambda": 1.0,
    "kg_test_files": "valid.dat:test.dat",
    "l2_lambda": 0.0,
    "learning_rate": 0.005,
    "learning_rate_decay_when_no_progress": 0.5,
    "load_ckpt_file": "/home/juarez/git/results/JIIS-revised-exp1/ml-sun_ho_sfKG_ig-sv-complex-25/ml1m-transup-pretrained.ckpt:/home/juarez/git/results/JIIS-revised-exp1/ml-sun_ho_sfKG_ig-sv-complex-25/ml1m-transh-pretrained.ckpt",
    "load_experiment_name": null,
    "log_level": "debug",
    "log_path": "/home/juarez/git/results/JIIS-revised-exp1/ml-sun_ho_sfKG_ig-sv-complex-25/",
    "margin": 1.0,
    "max_queue": 10,
    "model_type": "jtransup",
    "momentum": 0.9,
    "negtive_samples": 1,
    "norm_lambda": 1.0,
    "num_preferences": 4,
    "num_processes": 4,
    "optimizer_type": "Adam",
    "rec_test_files": "valid.dat:test.dat",
    "seed": 0,
    "share_embeddings": false,
    "topn": 10,
    "training_steps": 1039200,
    "use_st_gumbel": false,
    "visualization_port": 8097
}
2021-03-05 17:51:53,556 - root - INFO - Totally 69982 train ratings, 9998,19995 eval ratings in files: /home/juarez/git/datasets/JIIS-revised-exp1/ml-sun_ho_sfKG_ig-sv-complex-25/cao-format/ml1m/valid.dat;/home/juarez/git/datasets/JIIS-revised-exp1/ml-sun_ho_sfKG_ig-sv-complex-25/cao-format/ml1m/test.dat!
2021-03-05 17:51:53,559 - root - INFO - successfully load 943 users and 1675 items!
2021-03-05 17:51:53,656 - root - INFO - Totally 3763 train triples, 481,992 eval triples in files: /home/juarez/git/datasets/JIIS-revised-exp1/ml-sun_ho_sfKG_ig-sv-complex-25/cao-format/ml1m/kg/valid.dat;/home/juarez/git/datasets/JIIS-revised-exp1/ml-sun_ho_sfKG_ig-sv-complex-25/cao-format/ml1m/kg/test.dat!
2021-03-05 17:51:53,658 - root - INFO - successfully load 1703 entities and 3 relations!
2021-03-05 17:51:53,667 - root - INFO - Find 1609 aligned items and entities!
2021-03-05 17:51:53,668 - root - INFO - Building model.
2021-03-05 17:51:54,966 - root - INFO - Architecture: jTransUPModel(
  (user_embeddings): Embedding(943, 100)
  (item_embeddings): Embedding(1675, 100)
  (pref_embeddings): Embedding(3, 100)
  (pref_norm_embeddings): Embedding(3, 100)
  (ent_embeddings): Embedding(1704, 100, padding_idx=1703)
  (rel_embeddings): Embedding(3, 100)
  (norm_embeddings): Embedding(3, 100)
)
2021-03-05 17:51:54,966 - root - INFO - Total params: 433400.0
2021-03-05 17:51:54,966 - root - INFO - One epoch is 547 steps.
2021-03-05 17:51:54,967 - root - INFO - Found checkpoint, restoring pre-trained embeddings.
2021-03-05 17:51:54,970 - root - INFO - Load Embeddings of user_embeddings.weight, item_embeddings.weight, pref_embeddings.weight, pref_norm_embeddings.weight from /home/juarez/git/results/JIIS-revised-exp1/ml-sun_ho_sfKG_ig-sv-complex-25/ml1m-transup-pretrained.ckpt.
2021-03-05 17:51:54,970 - root - INFO - Found checkpoint, restoring pre-trained embeddings.
2021-03-05 17:51:54,972 - root - INFO - Restored 1703 entities from checkpoint.
2021-03-05 17:51:54,972 - root - INFO - Load Embeddings of ent_embeddings.weight, rel_embeddings.weight, norm_embeddings.weight from /home/juarez/git/results/JIIS-revised-exp1/ml-sun_ho_sfKG_ig-sv-complex-25/ml1m-transh-pretrained.ckpt.
2021-03-05 17:51:54,973 - root - INFO - Training.
2021-03-05 17:51:54,973 - root - INFO - rec train loss:0.0000, kg train loss:0.0000!
2021-03-05 17:51:56,458 - root - INFO - f1:0.0801, p:0.0993, r:0.0905, hit:0.5302, ndcg:0.3073, topn:10.
2021-03-05 17:51:57,843 - root - INFO - f1:0.0915, p:0.1644, r:0.0813, hit:0.6776, ndcg:0.4210, topn:10.
2021-03-05 17:51:58,568 - root - INFO - head hit:0.2682, head mean rank:375.3576, topn:10.
2021-03-05 17:51:58,568 - root - INFO - tail hit:0.7110, tail mean rank:14.7339, topn:10.
2021-03-05 17:51:58,568 - root - INFO - avg hit:0.4896, avg mean rank:195.0457, topn:10.
2021-03-05 17:51:59,856 - root - INFO - head hit:0.2752, head mean rank:361.3216, topn:10.
2021-03-05 17:51:59,857 - root - INFO - tail hit:0.7067, tail mean rank:16.4214, topn:10.
2021-03-05 17:51:59,857 - root - INFO - avg hit:0.4909, avg mean rank:188.8715, topn:10.
2021-03-05 17:53:51,587 - root - INFO - rec train loss:2.3556, kg train loss:10.4124!
2021-03-05 17:53:52,874 - root - INFO - f1:0.1591, p:0.1884, r:0.1958, hit:0.7466, ndcg:0.5024, topn:10.
2021-03-05 17:53:54,219 - root - INFO - f1:0.1858, p:0.3042, r:0.1752, hit:0.8664, ndcg:0.6187, topn:10.
2021-03-05 17:53:54,960 - root - INFO - head hit:0.1206, head mean rank:403.9064, topn:10.
2021-03-05 17:53:54,961 - root - INFO - tail hit:0.3784, tail mean rank:93.8482, topn:10.
2021-03-05 17:53:54,961 - root - INFO - avg hit:0.2495, avg mean rank:248.8773, topn:10.
2021-03-05 17:53:56,289 - root - INFO - head hit:0.1361, head mean rank:374.6280, topn:10.
2021-03-05 17:53:56,289 - root - INFO - tail hit:0.3921, tail mean rank:84.6129, topn:10.
2021-03-05 17:53:56,289 - root - INFO - avg hit:0.2641, avg mean rank:229.6205, topn:10.
2021-03-05 17:53:56,290 - root - INFO - Checkpointing ...
2021-03-05 17:55:47,173 - root - INFO - rec train loss:2.3298, kg train loss:10.8812!
2021-03-05 17:55:48,569 - root - INFO - f1:0.1815, p:0.2179, r:0.2183, hit:0.7656, ndcg:0.5389, topn:10.
2021-03-05 17:55:49,896 - root - INFO - f1:0.2066, p:0.3409, r:0.1934, hit:0.8812, ndcg:0.6463, topn:10.
2021-03-05 17:55:50,610 - root - INFO - head hit:0.1102, head mean rank:363.6819, topn:10.
2021-03-05 17:55:50,611 - root - INFO - tail hit:0.3534, tail mean rank:96.2661, topn:10.
2021-03-05 17:55:50,611 - root - INFO - avg hit:0.2318, avg mean rank:229.9740, topn:10.
2021-03-05 17:55:51,936 - root - INFO - head hit:0.0948, head mean rank:381.3548, topn:10.
2021-03-05 17:55:51,937 - root - INFO - tail hit:0.3387, tail mean rank:108.0544, topn:10.
2021-03-05 17:55:51,937 - root - INFO - avg hit:0.2167, avg mean rank:244.7046, topn:10.
2021-03-05 17:55:51,938 - root - INFO - Checkpointing ...
2021-03-05 17:57:41,967 - root - INFO - rec train loss:2.3632, kg train loss:10.8603!
2021-03-05 17:57:43,293 - root - INFO - f1:0.1956, p:0.2350, r:0.2345, hit:0.7741, ndcg:0.5541, topn:10.
2021-03-05 17:57:44,612 - root - INFO - f1:0.2163, p:0.3610, r:0.2000, hit:0.8982, ndcg:0.6755, topn:10.
2021-03-05 17:57:45,410 - root - INFO - head hit:0.0977, head mean rank:364.0166, topn:10.
2021-03-05 17:57:45,410 - root - INFO - tail hit:0.3430, tail mean rank:114.1913, topn:10.
2021-03-05 17:57:45,410 - root - INFO - avg hit:0.2204, avg mean rank:239.1040, topn:10.
2021-03-05 17:57:46,753 - root - INFO - head hit:0.0978, head mean rank:361.5343, topn:10.
2021-03-05 17:57:46,753 - root - INFO - tail hit:0.3679, tail mean rank:104.4627, topn:10.
2021-03-05 17:57:46,753 - root - INFO - avg hit:0.2329, avg mean rank:232.9985, topn:10.
2021-03-05 17:57:46,754 - root - INFO - Checkpointing ...
2021-03-05 17:59:37,884 - root - INFO - rec train loss:2.3438, kg train loss:10.9341!
2021-03-05 17:59:39,382 - root - INFO - f1:0.2008, p:0.2410, r:0.2417, hit:0.7975, ndcg:0.5882, topn:10.
2021-03-05 17:59:40,837 - root - INFO - f1:0.2274, p:0.3791, r:0.2095, hit:0.8950, ndcg:0.7010, topn:10.
2021-03-05 17:59:41,609 - root - INFO - head hit:0.0790, head mean rank:357.0416, topn:10.
2021-03-05 17:59:41,609 - root - INFO - tail hit:0.3971, tail mean rank:76.1497, topn:10.
2021-03-05 17:59:41,610 - root - INFO - avg hit:0.2380, avg mean rank:216.5956, topn:10.
2021-03-05 17:59:42,917 - root - INFO - head hit:0.0766, head mean rank:374.6462, topn:10.
2021-03-05 17:59:42,917 - root - INFO - tail hit:0.3952, tail mean rank:82.4062, topn:10.
2021-03-05 17:59:42,917 - root - INFO - avg hit:0.2359, avg mean rank:228.5262, topn:10.
2021-03-05 17:59:42,918 - root - INFO - Checkpointing ...
2021-03-05 18:01:34,620 - root - INFO - rec train loss:2.3535, kg train loss:10.8353!
2021-03-05 18:01:35,930 - root - INFO - f1:0.2085, p:0.2521, r:0.2450, hit:0.7911, ndcg:0.5897, topn:10.
2021-03-05 18:01:37,366 - root - INFO - f1:0.2328, p:0.3898, r:0.2133, hit:0.8918, ndcg:0.7043, topn:10.
2021-03-05 18:01:38,136 - root - INFO - head hit:0.0977, head mean rank:377.7193, topn:10.
2021-03-05 18:01:38,136 - root - INFO - tail hit:0.3534, tail mean rank:97.3763, topn:10.
2021-03-05 18:01:38,136 - root - INFO - avg hit:0.2256, avg mean rank:237.5478, topn:10.
2021-03-05 18:01:39,414 - root - INFO - head hit:0.1179, head mean rank:366.9647, topn:10.
2021-03-05 18:01:39,414 - root - INFO - tail hit:0.3458, tail mean rank:89.1643, topn:10.
2021-03-05 18:01:39,414 - root - INFO - avg hit:0.2319, avg mean rank:228.0645, topn:10.
2021-03-05 18:01:39,415 - root - INFO - Checkpointing ...
2021-03-05 18:03:31,361 - root - INFO - rec train loss:2.3547, kg train loss:10.9602!
2021-03-05 18:03:32,696 - root - INFO - f1:0.2176, p:0.2636, r:0.2577, hit:0.8081, ndcg:0.6066, topn:10.
2021-03-05 18:03:34,019 - root - INFO - f1:0.2444, p:0.4075, r:0.2242, hit:0.8950, ndcg:0.7095, topn:10.
2021-03-05 18:03:34,774 - root - INFO - head hit:0.1206, head mean rank:351.8649, topn:10.
2021-03-05 18:03:34,774 - root - INFO - tail hit:0.3264, tail mean rank:105.0146, topn:10.
2021-03-05 18:03:34,775 - root - INFO - avg hit:0.2235, avg mean rank:228.4397, topn:10.
2021-03-05 18:03:36,039 - root - INFO - head hit:0.1310, head mean rank:355.2550, topn:10.
2021-03-05 18:03:36,039 - root - INFO - tail hit:0.3286, tail mean rank:112.7591, topn:10.
2021-03-05 18:03:36,039 - root - INFO - avg hit:0.2298, avg mean rank:234.0071, topn:10.
2021-03-05 18:03:36,040 - root - INFO - Checkpointing ...
2021-03-05 18:05:26,831 - root - INFO - rec train loss:2.3476, kg train loss:10.8331!
2021-03-05 18:05:28,202 - root - INFO - f1:0.2212, p:0.2670, r:0.2600, hit:0.8038, ndcg:0.6057, topn:10.
2021-03-05 18:05:29,530 - root - INFO - f1:0.2481, p:0.4125, r:0.2275, hit:0.9035, ndcg:0.7147, topn:10.
2021-03-05 18:05:30,337 - root - INFO - head hit:0.1726, head mean rank:348.1788, topn:10.
2021-03-05 18:05:30,337 - root - INFO - tail hit:0.2308, tail mean rank:145.2328, topn:10.
2021-03-05 18:05:30,337 - root - INFO - avg hit:0.2017, avg mean rank:246.7058, topn:10.
2021-03-05 18:05:31,611 - root - INFO - head hit:0.1421, head mean rank:352.5645, topn:10.
2021-03-05 18:05:31,611 - root - INFO - tail hit:0.2571, tail mean rank:121.4173, topn:10.
2021-03-05 18:05:31,611 - root - INFO - avg hit:0.1996, avg mean rank:236.9909, topn:10.
2021-03-05 18:05:31,612 - root - INFO - Checkpointing ...
2021-03-05 18:07:21,730 - root - INFO - rec train loss:2.3618, kg train loss:10.9030!
2021-03-05 18:07:23,135 - root - INFO - f1:0.2197, p:0.2668, r:0.2562, hit:0.7943, ndcg:0.6090, topn:10.
2021-03-05 18:07:24,516 - root - INFO - f1:0.2541, p:0.4205, r:0.2335, hit:0.9120, ndcg:0.7378, topn:10.
2021-03-05 18:07:25,298 - root - INFO - head hit:0.1247, head mean rank:375.1019, topn:10.
2021-03-05 18:07:25,298 - root - INFO - tail hit:0.3222, tail mean rank:93.8254, topn:10.
2021-03-05 18:07:25,299 - root - INFO - avg hit:0.2235, avg mean rank:234.4636, topn:10.
2021-03-05 18:07:26,609 - root - INFO - head hit:0.1210, head mean rank:369.0696, topn:10.
2021-03-05 18:07:26,609 - root - INFO - tail hit:0.3266, tail mean rank:96.1411, topn:10.
2021-03-05 18:07:26,609 - root - INFO - avg hit:0.2238, avg mean rank:232.6053, topn:10.
2021-03-05 18:07:26,610 - root - INFO - No improvement after one epoch. Lowering learning rate.
2021-03-05 18:09:16,538 - root - INFO - rec train loss:0.4501, kg train loss:2.1387!
2021-03-05 18:09:17,902 - root - INFO - f1:0.2533, p:0.3057, r:0.2957, hit:0.8240, ndcg:0.6573, topn:10.
2021-03-05 18:09:19,330 - root - INFO - f1:0.2823, p:0.4622, r:0.2584, hit:0.9236, ndcg:0.7756, topn:10.
2021-03-05 18:09:20,122 - root - INFO - head hit:0.1996, head mean rank:308.4200, topn:10.
2021-03-05 18:09:20,123 - root - INFO - tail hit:0.4719, tail mean rank:57.2640, topn:10.
2021-03-05 18:09:20,123 - root - INFO - avg hit:0.3358, avg mean rank:182.8420, topn:10.
2021-03-05 18:09:21,398 - root - INFO - head hit:0.1744, head mean rank:318.4929, topn:10.
2021-03-05 18:09:21,398 - root - INFO - tail hit:0.4607, tail mean rank:62.8478, topn:10.
2021-03-05 18:09:21,398 - root - INFO - avg hit:0.3175, avg mean rank:190.6704, topn:10.
2021-03-05 18:09:21,399 - root - INFO - Checkpointing ...
2021-03-05 18:11:12,444 - root - INFO - rec train loss:0.4286, kg train loss:2.0403!
2021-03-05 18:11:13,820 - root - INFO - f1:0.2610, p:0.3153, r:0.3013, hit:0.8282, ndcg:0.6647, topn:10.
2021-03-05 18:11:15,225 - root - INFO - f1:0.2896, p:0.4739, r:0.2640, hit:0.9205, ndcg:0.7783, topn:10.
2021-03-05 18:11:16,030 - root - INFO - head hit:0.1850, head mean rank:337.7755, topn:10.
2021-03-05 18:11:16,030 - root - INFO - tail hit:0.4574, tail mean rank:59.2432, topn:10.
2021-03-05 18:11:16,031 - root - INFO - avg hit:0.3212, avg mean rank:198.5094, topn:10.
2021-03-05 18:11:17,371 - root - INFO - head hit:0.1875, head mean rank:334.0010, topn:10.
2021-03-05 18:11:17,372 - root - INFO - tail hit:0.4798, tail mean rank:52.2087, topn:10.
2021-03-05 18:11:17,372 - root - INFO - avg hit:0.3337, avg mean rank:193.1048, topn:10.
2021-03-05 18:11:17,373 - root - INFO - Checkpointing ...
2021-03-05 18:13:07,603 - root - INFO - rec train loss:0.4266, kg train loss:2.0562!
2021-03-05 18:13:08,937 - root - INFO - f1:0.2701, p:0.3248, r:0.3135, hit:0.8388, ndcg:0.6758, topn:10.
2021-03-05 18:13:10,311 - root - INFO - f1:0.2968, p:0.4842, r:0.2708, hit:0.9205, ndcg:0.7829, topn:10.
2021-03-05 18:13:11,092 - root - INFO - head hit:0.2245, head mean rank:321.0208, topn:10.
2021-03-05 18:13:11,093 - root - INFO - tail hit:0.4865, tail mean rank:49.3015, topn:10.
2021-03-05 18:13:11,093 - root - INFO - avg hit:0.3555, avg mean rank:185.1611, topn:10.
2021-03-05 18:13:12,406 - root - INFO - head hit:0.1774, head mean rank:344.2460, topn:10.
2021-03-05 18:13:12,406 - root - INFO - tail hit:0.5000, tail mean rank:56.2843, topn:10.
2021-03-05 18:13:12,406 - root - INFO - avg hit:0.3387, avg mean rank:200.2651, topn:10.
2021-03-05 18:13:12,407 - root - INFO - Checkpointing ...
2021-03-05 18:15:03,296 - root - INFO - rec train loss:0.4272, kg train loss:2.0193!
2021-03-05 18:15:04,629 - root - INFO - f1:0.2710, p:0.3257, r:0.3137, hit:0.8462, ndcg:0.6946, topn:10.
2021-03-05 18:15:06,086 - root - INFO - f1:0.2984, p:0.4869, r:0.2723, hit:0.9236, ndcg:0.7930, topn:10.
2021-03-05 18:15:06,768 - root - INFO - head hit:0.1892, head mean rank:332.3638, topn:10.
2021-03-05 18:15:06,768 - root - INFO - tail hit:0.4428, tail mean rank:58.6549, topn:10.
2021-03-05 18:15:06,768 - root - INFO - avg hit:0.3160, avg mean rank:195.5094, topn:10.
2021-03-05 18:15:08,051 - root - INFO - head hit:0.1905, head mean rank:323.1653, topn:10.
2021-03-05 18:15:08,051 - root - INFO - tail hit:0.4496, tail mean rank:53.5302, topn:10.
2021-03-05 18:15:08,051 - root - INFO - avg hit:0.3201, avg mean rank:188.3478, topn:10.
2021-03-05 18:15:08,052 - root - INFO - Checkpointing ...
2021-03-05 18:16:58,547 - root - INFO - rec train loss:0.4255, kg train loss:2.0210!
2021-03-05 18:16:59,865 - root - INFO - f1:0.2755, p:0.3311, r:0.3188, hit:0.8388, ndcg:0.6892, topn:10.
2021-03-05 18:17:01,190 - root - INFO - f1:0.3025, p:0.4931, r:0.2760, hit:0.9290, ndcg:0.7966, topn:10.
2021-03-05 18:17:01,963 - root - INFO - head hit:0.1975, head mean rank:327.1559, topn:10.
2021-03-05 18:17:01,964 - root - INFO - tail hit:0.4657, tail mean rank:55.1726, topn:10.
2021-03-05 18:17:01,964 - root - INFO - avg hit:0.3316, avg mean rank:191.1642, topn:10.
2021-03-05 18:17:03,417 - root - INFO - head hit:0.1724, head mean rank:325.4204, topn:10.
2021-03-05 18:17:03,417 - root - INFO - tail hit:0.4637, tail mean rank:55.6048, topn:10.
2021-03-05 18:17:03,417 - root - INFO - avg hit:0.3180, avg mean rank:190.5126, topn:10.
2021-03-05 18:17:03,418 - root - INFO - Checkpointing ...
2021-03-05 18:18:53,162 - root - INFO - rec train loss:0.4044, kg train loss:2.0100!
2021-03-05 18:18:54,528 - root - INFO - f1:0.2812, p:0.3376, r:0.3255, hit:0.8462, ndcg:0.7036, topn:10.
2021-03-05 18:18:55,871 - root - INFO - f1:0.3109, p:0.5036, r:0.2841, hit:0.9311, ndcg:0.8082, topn:10.
2021-03-05 18:18:56,562 - root - INFO - head hit:0.1975, head mean rank:334.0541, topn:10.
2021-03-05 18:18:56,563 - root - INFO - tail hit:0.4220, tail mean rank:61.0728, topn:10.
2021-03-05 18:18:56,563 - root - INFO - avg hit:0.3098, avg mean rank:197.5634, topn:10.
2021-03-05 18:18:57,777 - root - INFO - head hit:0.1885, head mean rank:340.2087, topn:10.
2021-03-05 18:18:57,777 - root - INFO - tail hit:0.4073, tail mean rank:71.9859, topn:10.
2021-03-05 18:18:57,777 - root - INFO - avg hit:0.2979, avg mean rank:206.0973, topn:10.
2021-03-05 18:18:57,778 - root - INFO - Checkpointing ...
2021-03-05 18:20:47,506 - root - INFO - rec train loss:0.4192, kg train loss:2.0376!
2021-03-05 18:20:48,954 - root - INFO - f1:0.2805, p:0.3368, r:0.3256, hit:0.8515, ndcg:0.7187, topn:10.
2021-03-05 18:20:50,266 - root - INFO - f1:0.3115, p:0.5049, r:0.2847, hit:0.9290, ndcg:0.8071, topn:10.
2021-03-05 18:20:50,986 - root - INFO - head hit:0.1996, head mean rank:345.2079, topn:10.
2021-03-05 18:20:50,987 - root - INFO - tail hit:0.5551, tail mean rank:40.5468, topn:10.
2021-03-05 18:20:50,987 - root - INFO - avg hit:0.3773, avg mean rank:192.8773, topn:10.
2021-03-05 18:20:52,271 - root - INFO - head hit:0.1895, head mean rank:351.8931, topn:10.
2021-03-05 18:20:52,271 - root - INFO - tail hit:0.5373, tail mean rank:45.2248, topn:10.
2021-03-05 18:20:52,271 - root - INFO - avg hit:0.3634, avg mean rank:198.5590, topn:10.
2021-03-05 18:20:52,272 - root - INFO - No improvement after one epoch. Lowering learning rate.
2021-03-05 18:22:42,731 - root - INFO - rec train loss:0.0571, kg train loss:0.3140!
2021-03-05 18:22:44,084 - root - INFO - f1:0.2916, p:0.3498, r:0.3350, hit:0.8505, ndcg:0.7245, topn:10.
2021-03-05 18:22:45,409 - root - INFO - f1:0.3229, p:0.5206, r:0.2942, hit:0.9321, ndcg:0.8219, topn:10.
2021-03-05 18:22:46,162 - root - INFO - head hit:0.2432, head mean rank:310.1684, topn:10.
2021-03-05 18:22:46,162 - root - INFO - tail hit:0.5613, tail mean rank:30.1435, topn:10.
2021-03-05 18:22:46,162 - root - INFO - avg hit:0.4023, avg mean rank:170.1559, topn:10.
2021-03-05 18:22:47,461 - root - INFO - head hit:0.2571, head mean rank:311.5131, topn:10.
2021-03-05 18:22:47,461 - root - INFO - tail hit:0.5897, tail mean rank:32.8720, topn:10.
2021-03-05 18:22:47,462 - root - INFO - avg hit:0.4234, avg mean rank:172.1925, topn:10.
2021-03-05 18:22:47,463 - root - INFO - Checkpointing ...
2021-03-05 18:24:37,290 - root - INFO - rec train loss:0.0447, kg train loss:0.2494!
2021-03-05 18:24:38,689 - root - INFO - f1:0.3029, p:0.3611, r:0.3503, hit:0.8632, ndcg:0.7368, topn:10.
2021-03-05 18:24:40,066 - root - INFO - f1:0.3334, p:0.5330, r:0.3059, hit:0.9438, ndcg:0.8318, topn:10.
2021-03-05 18:24:40,732 - root - INFO - head hit:0.2869, head mean rank:312.9730, topn:10.
2021-03-05 18:24:40,733 - root - INFO - tail hit:0.5572, tail mean rank:26.3306, topn:10.
2021-03-05 18:24:40,733 - root - INFO - avg hit:0.4220, avg mean rank:169.6518, topn:10.
2021-03-05 18:24:42,009 - root - INFO - head hit:0.2611, head mean rank:316.6079, topn:10.
2021-03-05 18:24:42,009 - root - INFO - tail hit:0.5534, tail mean rank:33.1280, topn:10.
2021-03-05 18:24:42,009 - root - INFO - avg hit:0.4073, avg mean rank:174.8679, topn:10.
2021-03-05 18:24:42,010 - root - INFO - Checkpointing ...
2021-03-05 18:26:31,523 - root - INFO - rec train loss:0.0429, kg train loss:0.2394!
2021-03-05 18:26:32,930 - root - INFO - f1:0.3035, p:0.3629, r:0.3495, hit:0.8621, ndcg:0.7428, topn:10.
2021-03-05 18:26:34,344 - root - INFO - f1:0.3329, p:0.5330, r:0.3042, hit:0.9385, ndcg:0.8398, topn:10.
2021-03-05 18:26:35,098 - root - INFO - head hit:0.2516, head mean rank:320.4782, topn:10.
2021-03-05 18:26:35,098 - root - INFO - tail hit:0.5946, tail mean rank:27.8441, topn:10.
2021-03-05 18:26:35,098 - root - INFO - avg hit:0.4231, avg mean rank:174.1611, topn:10.
2021-03-05 18:26:36,335 - root - INFO - head hit:0.2440, head mean rank:310.2399, topn:10.
2021-03-05 18:26:36,335 - root - INFO - tail hit:0.5867, tail mean rank:33.8649, topn:10.
2021-03-05 18:26:36,335 - root - INFO - avg hit:0.4153, avg mean rank:172.0524, topn:10.
2021-03-05 18:26:36,336 - root - INFO - Checkpointing ...
2021-03-05 18:28:25,182 - root - INFO - rec train loss:0.0406, kg train loss:0.2499!
2021-03-05 18:28:26,456 - root - INFO - f1:0.3083, p:0.3670, r:0.3575, hit:0.8706, ndcg:0.7532, topn:10.
2021-03-05 18:28:27,666 - root - INFO - f1:0.3382, p:0.5387, r:0.3115, hit:0.9480, ndcg:0.8394, topn:10.
2021-03-05 18:28:28,358 - root - INFO - head hit:0.2661, head mean rank:335.4137, topn:10.
2021-03-05 18:28:28,358 - root - INFO - tail hit:0.6050, tail mean rank:25.0894, topn:10.
2021-03-05 18:28:28,359 - root - INFO - avg hit:0.4356, avg mean rank:180.2516, topn:10.
2021-03-05 18:28:29,596 - root - INFO - head hit:0.2560, head mean rank:322.3125, topn:10.
2021-03-05 18:28:29,596 - root - INFO - tail hit:0.6351, tail mean rank:29.5454, topn:10.
2021-03-05 18:28:29,596 - root - INFO - avg hit:0.4456, avg mean rank:175.9289, topn:10.
2021-03-05 18:28:29,597 - root - INFO - Checkpointing ...
2021-03-05 18:30:19,944 - root - INFO - rec train loss:0.0431, kg train loss:0.2311!
2021-03-05 18:30:21,333 - root - INFO - f1:0.3083, p:0.3680, r:0.3563, hit:0.8590, ndcg:0.7474, topn:10.
2021-03-05 18:30:22,720 - root - INFO - f1:0.3394, p:0.5422, r:0.3102, hit:0.9417, ndcg:0.8456, topn:10.
2021-03-05 18:30:23,481 - root - INFO - head hit:0.2765, head mean rank:327.9979, topn:10.
2021-03-05 18:30:23,481 - root - INFO - tail hit:0.6362, tail mean rank:30.7027, topn:10.
2021-03-05 18:30:23,482 - root - INFO - avg hit:0.4563, avg mean rank:179.3503, topn:10.
2021-03-05 18:30:24,806 - root - INFO - head hit:0.2863, head mean rank:312.4506, topn:10.
2021-03-05 18:30:24,806 - root - INFO - tail hit:0.5968, tail mean rank:36.8014, topn:10.
2021-03-05 18:30:24,807 - root - INFO - avg hit:0.4415, avg mean rank:174.6260, topn:10.
2021-03-05 18:30:24,807 - root - INFO - No improvement after one epoch. Lowering learning rate.
2021-03-05 18:32:14,330 - root - INFO - rec train loss:0.0073, kg train loss:0.0557!
2021-03-05 18:32:15,629 - root - INFO - f1:0.3164, p:0.3769, r:0.3639, hit:0.8653, ndcg:0.7563, topn:10.
2021-03-05 18:32:16,979 - root - INFO - f1:0.3468, p:0.5511, r:0.3178, hit:0.9459, ndcg:0.8525, topn:10.
2021-03-05 18:32:17,743 - root - INFO - head hit:0.3098, head mean rank:299.5509, topn:10.
2021-03-05 18:32:17,743 - root - INFO - tail hit:0.6549, tail mean rank:21.6653, topn:10.
2021-03-05 18:32:17,744 - root - INFO - avg hit:0.4823, avg mean rank:160.6081, topn:10.
2021-03-05 18:32:19,042 - root - INFO - head hit:0.3105, head mean rank:299.6159, topn:10.
2021-03-05 18:32:19,043 - root - INFO - tail hit:0.6442, tail mean rank:27.9889, topn:10.
2021-03-05 18:32:19,043 - root - INFO - avg hit:0.4773, avg mean rank:163.8024, topn:10.
2021-03-05 18:32:19,043 - root - INFO - Checkpointing ...
2021-03-05 18:34:09,248 - root - INFO - rec train loss:0.0052, kg train loss:0.0403!
2021-03-05 18:34:10,637 - root - INFO - f1:0.3174, p:0.3775, r:0.3645, hit:0.8727, ndcg:0.7603, topn:10.
2021-03-05 18:34:12,030 - root - INFO - f1:0.3478, p:0.5520, r:0.3193, hit:0.9427, ndcg:0.8531, topn:10.
2021-03-05 18:34:12,787 - root - INFO - head hit:0.3035, head mean rank:290.7443, topn:10.
2021-03-05 18:34:12,787 - root - INFO - tail hit:0.7173, tail mean rank:18.3742, topn:10.
2021-03-05 18:34:12,788 - root - INFO - avg hit:0.5104, avg mean rank:154.5593, topn:10.
2021-03-05 18:34:14,153 - root - INFO - head hit:0.3206, head mean rank:298.3125, topn:10.
2021-03-05 18:34:14,153 - root - INFO - tail hit:0.6835, tail mean rank:24.8206, topn:10.
2021-03-05 18:34:14,153 - root - INFO - avg hit:0.5020, avg mean rank:161.5665, topn:10.
2021-03-05 18:34:14,154 - root - INFO - Checkpointing ...
2021-03-05 18:36:04,099 - root - INFO - rec train loss:0.0048, kg train loss:0.0394!
2021-03-05 18:36:05,428 - root - INFO - f1:0.3206, p:0.3815, r:0.3674, hit:0.8770, ndcg:0.7651, topn:10.
2021-03-05 18:36:06,790 - root - INFO - f1:0.3463, p:0.5513, r:0.3162, hit:0.9406, ndcg:0.8574, topn:10.
2021-03-05 18:36:07,571 - root - INFO - head hit:0.2931, head mean rank:287.3701, topn:10.
2021-03-05 18:36:07,572 - root - INFO - tail hit:0.7568, tail mean rank:14.4657, topn:10.
2021-03-05 18:36:07,572 - root - INFO - avg hit:0.5249, avg mean rank:150.9179, topn:10.
2021-03-05 18:36:08,936 - root - INFO - head hit:0.3397, head mean rank:293.7188, topn:10.
2021-03-05 18:36:08,937 - root - INFO - tail hit:0.6966, tail mean rank:18.8891, topn:10.
2021-03-05 18:36:08,937 - root - INFO - avg hit:0.5181, avg mean rank:156.3039, topn:10.
2021-03-05 18:36:08,937 - root - INFO - Checkpointing ...
2021-03-05 18:37:59,248 - root - INFO - rec train loss:0.0050, kg train loss:0.0399!
2021-03-05 18:38:00,671 - root - INFO - f1:0.3231, p:0.3845, r:0.3702, hit:0.8685, ndcg:0.7646, topn:10.
2021-03-05 18:38:02,041 - root - INFO - f1:0.3500, p:0.5559, r:0.3201, hit:0.9438, ndcg:0.8630, topn:10.
2021-03-05 18:38:02,845 - root - INFO - head hit:0.2911, head mean rank:294.9127, topn:10.
2021-03-05 18:38:02,846 - root - INFO - tail hit:0.7318, tail mean rank:14.9314, topn:10.
2021-03-05 18:38:02,846 - root - INFO - avg hit:0.5114, avg mean rank:154.9220, topn:10.
2021-03-05 18:38:04,126 - root - INFO - head hit:0.3085, head mean rank:298.3044, topn:10.
2021-03-05 18:38:04,127 - root - INFO - tail hit:0.7117, tail mean rank:17.6754, topn:10.
2021-03-05 18:38:04,127 - root - INFO - avg hit:0.5101, avg mean rank:157.9899, topn:10.
2021-03-05 18:38:04,128 - root - INFO - Checkpointing ...
2021-03-05 18:39:53,250 - root - INFO - rec train loss:0.0047, kg train loss:0.0399!
2021-03-05 18:39:54,647 - root - INFO - f1:0.3280, p:0.3888, r:0.3769, hit:0.8791, ndcg:0.7692, topn:10.
2021-03-05 18:39:56,070 - root - INFO - f1:0.3514, p:0.5582, r:0.3213, hit:0.9406, ndcg:0.8660, topn:10.
2021-03-05 18:39:56,813 - root - INFO - head hit:0.3222, head mean rank:289.0083, topn:10.
2021-03-05 18:39:56,814 - root - INFO - tail hit:0.7547, tail mean rank:13.9168, topn:10.
2021-03-05 18:39:56,814 - root - INFO - avg hit:0.5385, avg mean rank:151.4626, topn:10.
2021-03-05 18:39:58,079 - root - INFO - head hit:0.3065, head mean rank:297.5645, topn:10.
2021-03-05 18:39:58,080 - root - INFO - tail hit:0.7258, tail mean rank:18.8165, topn:10.
2021-03-05 18:39:58,080 - root - INFO - avg hit:0.5161, avg mean rank:158.1905, topn:10.
2021-03-05 18:39:58,081 - root - INFO - Checkpointing ...
2021-03-05 18:41:47,730 - root - INFO - rec train loss:0.0057, kg train loss:0.0384!
2021-03-05 18:41:49,099 - root - INFO - f1:0.3280, p:0.3883, r:0.3772, hit:0.8770, ndcg:0.7696, topn:10.
2021-03-05 18:41:50,472 - root - INFO - f1:0.3546, p:0.5612, r:0.3253, hit:0.9459, ndcg:0.8613, topn:10.
2021-03-05 18:41:51,157 - root - INFO - head hit:0.3160, head mean rank:301.6881, topn:10.
2021-03-05 18:41:51,158 - root - INFO - tail hit:0.7547, tail mean rank:13.5988, topn:10.
2021-03-05 18:41:51,158 - root - INFO - avg hit:0.5353, avg mean rank:157.6435, topn:10.
2021-03-05 18:41:52,504 - root - INFO - head hit:0.3014, head mean rank:301.9526, topn:10.
2021-03-05 18:41:52,504 - root - INFO - tail hit:0.7319, tail mean rank:16.2732, topn:10.
2021-03-05 18:41:52,504 - root - INFO - avg hit:0.5166, avg mean rank:159.1129, topn:10.
2021-03-05 18:41:52,505 - root - INFO - No improvement after one epoch. Lowering learning rate.
2021-03-05 18:43:42,172 - root - INFO - rec train loss:0.0014, kg train loss:0.0112!
2021-03-05 18:43:43,552 - root - INFO - f1:0.3318, p:0.3923, r:0.3836, hit:0.8834, ndcg:0.7753, topn:10.
2021-03-05 18:43:44,929 - root - INFO - f1:0.3564, p:0.5648, r:0.3254, hit:0.9438, ndcg:0.8695, topn:10.
2021-03-05 18:43:45,656 - root - INFO - head hit:0.3347, head mean rank:296.4699, topn:10.
2021-03-05 18:43:45,657 - root - INFO - tail hit:0.7859, tail mean rank:10.7505, topn:10.
2021-03-05 18:43:45,657 - root - INFO - avg hit:0.5603, avg mean rank:153.6102, topn:10.
2021-03-05 18:43:46,924 - root - INFO - head hit:0.3296, head mean rank:294.0948, topn:10.
2021-03-05 18:43:46,924 - root - INFO - tail hit:0.7651, tail mean rank:13.4093, topn:10.
2021-03-05 18:43:46,924 - root - INFO - avg hit:0.5474, avg mean rank:153.7520, topn:10.
2021-03-05 18:43:46,925 - root - INFO - Checkpointing ...
2021-03-05 18:45:36,981 - root - INFO - rec train loss:0.0012, kg train loss:0.0088!
2021-03-05 18:45:38,360 - root - INFO - f1:0.3325, p:0.3936, r:0.3828, hit:0.8770, ndcg:0.7797, topn:10.
2021-03-05 18:45:39,724 - root - INFO - f1:0.3590, p:0.5668, r:0.3293, hit:0.9438, ndcg:0.8694, topn:10.
2021-03-05 18:45:40,462 - root - INFO - head hit:0.3701, head mean rank:287.3846, topn:10.
2021-03-05 18:45:40,462 - root - INFO - tail hit:0.7796, tail mean rank:11.1954, topn:10.
2021-03-05 18:45:40,462 - root - INFO - avg hit:0.5748, avg mean rank:149.2900, topn:10.
2021-03-05 18:45:41,827 - root - INFO - head hit:0.3407, head mean rank:296.4415, topn:10.
2021-03-05 18:45:41,827 - root - INFO - tail hit:0.7631, tail mean rank:13.2651, topn:10.
2021-03-05 18:45:41,827 - root - INFO - avg hit:0.5519, avg mean rank:154.8533, topn:10.
2021-03-05 18:45:41,828 - root - INFO - Checkpointing ...
2021-03-05 18:47:31,919 - root - INFO - rec train loss:0.0012, kg train loss:0.0109!
2021-03-05 18:47:33,301 - root - INFO - f1:0.3335, p:0.3951, r:0.3824, hit:0.8780, ndcg:0.7823, topn:10.
2021-03-05 18:47:34,663 - root - INFO - f1:0.3595, p:0.5684, r:0.3287, hit:0.9438, ndcg:0.8728, topn:10.
2021-03-05 18:47:35,372 - root - INFO - head hit:0.3576, head mean rank:285.6362, topn:10.
2021-03-05 18:47:35,372 - root - INFO - tail hit:0.7921, tail mean rank:11.3534, topn:10.
2021-03-05 18:47:35,372 - root - INFO - avg hit:0.5748, avg mean rank:148.4948, topn:10.
2021-03-05 18:47:36,679 - root - INFO - head hit:0.3377, head mean rank:297.2964, topn:10.
2021-03-05 18:47:36,679 - root - INFO - tail hit:0.7752, tail mean rank:13.1119, topn:10.
2021-03-05 18:47:36,679 - root - INFO - avg hit:0.5565, avg mean rank:155.2041, topn:10.
2021-03-05 18:47:36,680 - root - INFO - Checkpointing ...
2021-03-05 18:49:26,941 - root - INFO - rec train loss:0.0006, kg train loss:0.0091!
2021-03-05 18:49:28,320 - root - INFO - f1:0.3366, p:0.3973, r:0.3880, hit:0.8823, ndcg:0.7846, topn:10.
2021-03-05 18:49:29,666 - root - INFO - f1:0.3605, p:0.5691, r:0.3304, hit:0.9427, ndcg:0.8729, topn:10.
2021-03-05 18:49:30,411 - root - INFO - head hit:0.3430, head mean rank:293.4449, topn:10.
2021-03-05 18:49:30,411 - root - INFO - tail hit:0.8067, tail mean rank:10.5405, topn:10.
2021-03-05 18:49:30,411 - root - INFO - avg hit:0.5748, avg mean rank:151.9927, topn:10.
2021-03-05 18:49:31,731 - root - INFO - head hit:0.3317, head mean rank:305.0252, topn:10.
2021-03-05 18:49:31,731 - root - INFO - tail hit:0.7782, tail mean rank:12.6260, topn:10.
2021-03-05 18:49:31,731 - root - INFO - avg hit:0.5549, avg mean rank:158.8256, topn:10.
2021-03-05 18:49:31,732 - root - INFO - Checkpointing ...
2021-03-05 18:51:21,420 - root - INFO - rec train loss:0.0009, kg train loss:0.0113!
2021-03-05 18:51:22,768 - root - INFO - f1:0.3367, p:0.3977, r:0.3876, hit:0.8791, ndcg:0.7839, topn:10.
2021-03-05 18:51:24,113 - root - INFO - f1:0.3622, p:0.5712, r:0.3319, hit:0.9449, ndcg:0.8731, topn:10.
2021-03-05 18:51:24,856 - root - INFO - head hit:0.3534, head mean rank:287.2848, topn:10.
2021-03-05 18:51:24,856 - root - INFO - tail hit:0.8046, tail mean rank:10.8108, topn:10.
2021-03-05 18:51:24,856 - root - INFO - avg hit:0.5790, avg mean rank:149.0478, topn:10.
2021-03-05 18:51:26,074 - root - INFO - head hit:0.3468, head mean rank:297.9728, topn:10.
2021-03-05 18:51:26,074 - root - INFO - tail hit:0.7601, tail mean rank:13.0978, topn:10.
2021-03-05 18:51:26,074 - root - INFO - avg hit:0.5534, avg mean rank:155.5353, topn:10.
2021-03-05 18:51:26,075 - root - INFO - Checkpointing ...
2021-03-05 18:53:14,990 - root - INFO - rec train loss:0.0009, kg train loss:0.0097!
2021-03-05 18:53:16,341 - root - INFO - f1:0.3392, p:0.4001, r:0.3912, hit:0.8823, ndcg:0.7808, topn:10.
2021-03-05 18:53:17,683 - root - INFO - f1:0.3638, p:0.5732, r:0.3337, hit:0.9438, ndcg:0.8726, topn:10.
2021-03-05 18:53:18,436 - root - INFO - head hit:0.3493, head mean rank:282.3389, topn:10.
2021-03-05 18:53:18,436 - root - INFO - tail hit:0.8170, tail mean rank:9.3202, topn:10.
2021-03-05 18:53:18,437 - root - INFO - avg hit:0.5832, avg mean rank:145.8295, topn:10.
2021-03-05 18:53:19,778 - root - INFO - head hit:0.3518, head mean rank:291.9677, topn:10.
2021-03-05 18:53:19,778 - root - INFO - tail hit:0.7752, tail mean rank:11.7238, topn:10.
2021-03-05 18:53:19,779 - root - INFO - avg hit:0.5635, avg mean rank:151.8458, topn:10.
2021-03-05 18:53:19,780 - root - INFO - Checkpointing ...
2021-03-05 18:55:10,269 - root - INFO - rec train loss:0.0007, kg train loss:0.0099!
2021-03-05 18:55:11,666 - root - INFO - f1:0.3367, p:0.3977, r:0.3891, hit:0.8865, ndcg:0.7854, topn:10.
2021-03-05 18:55:12,966 - root - INFO - f1:0.3667, p:0.5758, r:0.3371, hit:0.9438, ndcg:0.8725, topn:10.
2021-03-05 18:55:13,747 - root - INFO - head hit:0.3472, head mean rank:287.1850, topn:10.
2021-03-05 18:55:13,747 - root - INFO - tail hit:0.8067, tail mean rank:10.1538, topn:10.
2021-03-05 18:55:13,747 - root - INFO - avg hit:0.5769, avg mean rank:148.6694, topn:10.
2021-03-05 18:55:15,041 - root - INFO - head hit:0.3468, head mean rank:295.6452, topn:10.
2021-03-05 18:55:15,042 - root - INFO - tail hit:0.7712, tail mean rank:11.8498, topn:10.
2021-03-05 18:55:15,042 - root - INFO - avg hit:0.5590, avg mean rank:153.7475, topn:10.
2021-03-05 18:55:15,043 - root - INFO - No improvement after one epoch. Lowering learning rate.
2021-03-05 18:57:04,240 - root - INFO - rec train loss:0.0004, kg train loss:0.0038!
2021-03-05 18:57:05,763 - root - INFO - f1:0.3405, p:0.4015, r:0.3943, hit:0.8876, ndcg:0.7886, topn:10.
2021-03-05 18:57:07,097 - root - INFO - f1:0.3662, p:0.5764, r:0.3357, hit:0.9427, ndcg:0.8737, topn:10.
2021-03-05 18:57:07,817 - root - INFO - head hit:0.3576, head mean rank:283.9439, topn:10.
2021-03-05 18:57:07,817 - root - INFO - tail hit:0.8150, tail mean rank:9.0395, topn:10.
2021-03-05 18:57:07,817 - root - INFO - avg hit:0.5863, avg mean rank:146.4917, topn:10.
2021-03-05 18:57:09,081 - root - INFO - head hit:0.3589, head mean rank:294.6996, topn:10.
2021-03-05 18:57:09,082 - root - INFO - tail hit:0.7833, tail mean rank:10.6200, topn:10.
2021-03-05 18:57:09,082 - root - INFO - avg hit:0.5711, avg mean rank:152.6598, topn:10.
2021-03-05 18:57:09,083 - root - INFO - Checkpointing ...
2021-03-05 18:58:58,456 - root - INFO - rec train loss:0.0003, kg train loss:0.0022!
2021-03-05 18:58:59,735 - root - INFO - f1:0.3412, p:0.4022, r:0.3953, hit:0.8887, ndcg:0.7891, topn:10.
2021-03-05 18:59:01,172 - root - INFO - f1:0.3678, p:0.5777, r:0.3376, hit:0.9438, ndcg:0.8764, topn:10.
2021-03-05 18:59:01,870 - root - INFO - head hit:0.3576, head mean rank:283.2765, topn:10.
2021-03-05 18:59:01,870 - root - INFO - tail hit:0.8233, tail mean rank:9.1871, topn:10.
2021-03-05 18:59:01,870 - root - INFO - avg hit:0.5904, avg mean rank:146.2318, topn:10.
2021-03-05 18:59:03,099 - root - INFO - head hit:0.3629, head mean rank:293.0091, topn:10.
2021-03-05 18:59:03,099 - root - INFO - tail hit:0.7762, tail mean rank:10.9546, topn:10.
2021-03-05 18:59:03,099 - root - INFO - avg hit:0.5696, avg mean rank:151.9819, topn:10.
2021-03-05 18:59:03,101 - root - INFO - Checkpointing ...
2021-03-05 19:00:52,169 - root - INFO - rec train loss:0.0005, kg train loss:0.0025!
2021-03-05 19:00:53,506 - root - INFO - f1:0.3411, p:0.4022, r:0.3937, hit:0.8865, ndcg:0.7904, topn:10.
2021-03-05 19:00:54,888 - root - INFO - f1:0.3678, p:0.5782, r:0.3374, hit:0.9449, ndcg:0.8774, topn:10.
2021-03-05 19:00:55,659 - root - INFO - head hit:0.3472, head mean rank:290.2765, topn:10.
2021-03-05 19:00:55,659 - root - INFO - tail hit:0.8274, tail mean rank:9.0208, topn:10.
2021-03-05 19:00:55,659 - root - INFO - avg hit:0.5873, avg mean rank:149.6486, topn:10.
2021-03-05 19:00:56,927 - root - INFO - head hit:0.3548, head mean rank:297.9607, topn:10.
2021-03-05 19:00:56,927 - root - INFO - tail hit:0.7873, tail mean rank:10.6028, topn:10.
2021-03-05 19:00:56,927 - root - INFO - avg hit:0.5711, avg mean rank:154.2818, topn:10.
2021-03-05 19:00:56,928 - root - INFO - No improvement after one epoch. Lowering learning rate.
2021-03-05 19:02:45,406 - root - INFO - rec train loss:0.0002, kg train loss:0.0009!
2021-03-05 19:02:46,757 - root - INFO - f1:0.3423, p:0.4036, r:0.3951, hit:0.8855, ndcg:0.7923, topn:10.
2021-03-05 19:02:48,192 - root - INFO - f1:0.3695, p:0.5799, r:0.3393, hit:0.9449, ndcg:0.8766, topn:10.
2021-03-05 19:02:48,927 - root - INFO - head hit:0.3576, head mean rank:289.1019, topn:10.
2021-03-05 19:02:48,928 - root - INFO - tail hit:0.8274, tail mean rank:8.9792, topn:10.
2021-03-05 19:02:48,928 - root - INFO - avg hit:0.5925, avg mean rank:149.0405, topn:10.
2021-03-05 19:02:50,253 - root - INFO - head hit:0.3579, head mean rank:299.5202, topn:10.
2021-03-05 19:02:50,253 - root - INFO - tail hit:0.7893, tail mean rank:10.5524, topn:10.
2021-03-05 19:02:50,253 - root - INFO - avg hit:0.5736, avg mean rank:155.0363, topn:10.
2021-03-05 19:02:50,254 - root - INFO - Checkpointing ...
2021-03-05 19:04:39,886 - root - INFO - rec train loss:0.0002, kg train loss:0.0009!
2021-03-05 19:04:41,309 - root - INFO - f1:0.3408, p:0.4023, r:0.3929, hit:0.8823, ndcg:0.7941, topn:10.
2021-03-05 19:04:42,659 - root - INFO - f1:0.3690, p:0.5795, r:0.3385, hit:0.9449, ndcg:0.8774, topn:10.
2021-03-05 19:04:43,416 - root - INFO - head hit:0.3617, head mean rank:286.8399, topn:10.
2021-03-05 19:04:43,416 - root - INFO - tail hit:0.8337, tail mean rank:8.8254, topn:10.
2021-03-05 19:04:43,416 - root - INFO - avg hit:0.5977, avg mean rank:147.8326, topn:10.
2021-03-05 19:04:44,680 - root - INFO - head hit:0.3619, head mean rank:298.2208, topn:10.
2021-03-05 19:04:44,680 - root - INFO - tail hit:0.7944, tail mean rank:10.2621, topn:10.
2021-03-05 19:04:44,680 - root - INFO - avg hit:0.5781, avg mean rank:154.2414, topn:10.
2021-03-05 19:04:44,681 - root - INFO - No improvement after one epoch. Lowering learning rate.
2021-03-05 19:06:32,368 - root - INFO - rec train loss:0.0001, kg train loss:0.0003!
2021-03-05 19:06:33,719 - root - INFO - f1:0.3421, p:0.4039, r:0.3938, hit:0.8823, ndcg:0.7943, topn:10.
2021-03-05 19:06:35,048 - root - INFO - f1:0.3695, p:0.5802, r:0.3391, hit:0.9459, ndcg:0.8795, topn:10.
2021-03-05 19:06:35,819 - root - INFO - head hit:0.3576, head mean rank:287.6798, topn:10.
2021-03-05 19:06:35,820 - root - INFO - tail hit:0.8358, tail mean rank:8.9543, topn:10.
2021-03-05 19:06:35,820 - root - INFO - avg hit:0.5967, avg mean rank:148.3170, topn:10.
2021-03-05 19:06:37,199 - root - INFO - head hit:0.3619, head mean rank:299.4647, topn:10.
2021-03-05 19:06:37,200 - root - INFO - tail hit:0.7873, tail mean rank:10.2671, topn:10.
2021-03-05 19:06:37,200 - root - INFO - avg hit:0.5746, avg mean rank:154.8659, topn:10.
2021-03-05 19:06:37,201 - root - INFO - No improvement after one epoch. Lowering learning rate.
2021-03-05 19:08:25,610 - root - INFO - rec train loss:0.0000, kg train loss:0.0003!
2021-03-05 19:08:26,938 - root - INFO - f1:0.3417, p:0.4034, r:0.3940, hit:0.8834, ndcg:0.7961, topn:10.
2021-03-05 19:08:28,277 - root - INFO - f1:0.3692, p:0.5801, r:0.3386, hit:0.9459, ndcg:0.8797, topn:10.
2021-03-05 19:08:29,012 - root - INFO - head hit:0.3659, head mean rank:287.1019, topn:10.
2021-03-05 19:08:29,013 - root - INFO - tail hit:0.8358, tail mean rank:8.9044, topn:10.
2021-03-05 19:08:29,013 - root - INFO - avg hit:0.6008, avg mean rank:148.0031, topn:10.
2021-03-05 19:08:30,379 - root - INFO - head hit:0.3619, head mean rank:299.3589, topn:10.
2021-03-05 19:08:30,379 - root - INFO - tail hit:0.7873, tail mean rank:10.2944, topn:10.
2021-03-05 19:08:30,379 - root - INFO - avg hit:0.5746, avg mean rank:154.8266, topn:10.
2021-03-05 19:08:30,380 - root - INFO - No improvement after one epoch. Lowering learning rate.
2021-03-05 19:10:18,704 - root - INFO - rec train loss:0.0000, kg train loss:0.0001!
2021-03-05 19:10:20,017 - root - INFO - f1:0.3416, p:0.4034, r:0.3936, hit:0.8834, ndcg:0.7971, topn:10.
2021-03-05 19:10:21,349 - root - INFO - f1:0.3690, p:0.5799, r:0.3383, hit:0.9459, ndcg:0.8805, topn:10.
2021-03-05 19:10:22,150 - root - INFO - head hit:0.3638, head mean rank:287.5655, topn:10.
2021-03-05 19:10:22,150 - root - INFO - tail hit:0.8337, tail mean rank:8.8773, topn:10.
2021-03-05 19:10:22,150 - root - INFO - avg hit:0.5988, avg mean rank:148.2214, topn:10.
2021-03-05 19:10:23,430 - root - INFO - head hit:0.3589, head mean rank:299.4304, topn:10.
2021-03-05 19:10:23,431 - root - INFO - tail hit:0.7883, tail mean rank:10.1845, topn:10.
2021-03-05 19:10:23,431 - root - INFO - avg hit:0.5736, avg mean rank:154.8075, topn:10.
2021-03-05 19:10:23,432 - root - INFO - No improvement after one epoch. Lowering learning rate.
2021-03-05 19:12:11,617 - root - INFO - rec train loss:0.0001, kg train loss:0.0001!
2021-03-05 19:12:12,926 - root - INFO - f1:0.3415, p:0.4033, r:0.3936, hit:0.8834, ndcg:0.7963, topn:10.
2021-03-05 19:12:14,269 - root - INFO - f1:0.3691, p:0.5800, r:0.3384, hit:0.9459, ndcg:0.8798, topn:10.
2021-03-05 19:12:15,009 - root - INFO - head hit:0.3659, head mean rank:287.8399, topn:10.
2021-03-05 19:12:15,009 - root - INFO - tail hit:0.8337, tail mean rank:8.8358, topn:10.
2021-03-05 19:12:15,009 - root - INFO - avg hit:0.5998, avg mean rank:148.3378, topn:10.
2021-03-05 19:12:16,012 - root - INFO - head hit:0.3589, head mean rank:299.4546, topn:10.
2021-03-05 19:12:16,012 - root - INFO - tail hit:0.7883, tail mean rank:10.1240, topn:10.
2021-03-05 19:12:16,013 - root - INFO - avg hit:0.5736, avg mean rank:154.7893, topn:10.
2021-03-05 19:12:16,013 - root - INFO - No improvement after one epoch. Lowering learning rate.
2021-03-05 19:12:16,033 - root - INFO - No improvement after 51960 steps. Stopping training.
2021-03-05 19:12:17,664 - root - INFO - From CaseRecommender evaluator: {'PREC@10': 0.403287, 'RECALL@10': 0.393593, 'NDCG@10': 0.796335, 'MAP@10': 0.750317, 'MAP': 0.750317}.
2021-03-05 19:12:17,808 - root - INFO - From kg-summ-rec diversity evaluator: {'GENRE_COVERAGE@10': 0.472649, 'GENRE_REDUNDANCY@10': 0.438071, 'ILD_GENRE@10': 0.811769}.
2021-03-05 19:12:19,478 - root - INFO - From CaseRecommender evaluator: {'PREC@10': 0.579958, 'RECALL@10': 0.33839, 'NDCG@10': 0.879805, 'MAP@10': 0.844931, 'MAP': 0.844931}.
2021-03-05 19:12:19,626 - root - INFO - From kg-summ-rec diversity evaluator: {'GENRE_COVERAGE@10': 0.464033, 'GENRE_REDUNDANCY@10': 0.42916, 'ILD_GENRE@10': 0.804315}.
