2021-03-05 05:08:59,245 - root - INFO - Flag Values:
{
    "L1_flag": false,
    "batch_size": 256,
    "ckpt_path": "/home/juarez/git/results/JIIS-revised-exp1/ml-sun_ho_sfKG_ig-sv-complex-25/",
    "clipping_max_value": 5.0,
    "data_path": "/home/juarez/git/datasets/JIIS-revised-exp1/ml-sun_ho_sfKG_ig-sv-complex-25/cao-format/",
    "dataset": "ml1m",
    "early_stopping_steps_to_wait": 1331,
    "embedding_size": 100,
    "eval_interval_steps": 266,
    "eval_only_mode": false,
    "experiment_name": "ml1m-bprmf-1614931739",
    "filter_wrong_corrupted": true,
    "has_visualization": false,
    "is_report": false,
    "joint_ratio": 0.5,
    "kg_lambda": 1.0,
    "kg_test_files": null,
    "l2_lambda": 1e-05,
    "learning_rate": 0.005,
    "learning_rate_decay_when_no_progress": 0.5,
    "load_ckpt_file": null,
    "load_experiment_name": null,
    "log_level": "debug",
    "log_path": "/home/juarez/git/results/JIIS-revised-exp1/ml-sun_ho_sfKG_ig-sv-complex-25/",
    "margin": 1.0,
    "max_queue": 10,
    "model_type": "bprmf",
    "momentum": 0.9,
    "negtive_samples": 1,
    "norm_lambda": 1.0,
    "num_preferences": 4,
    "num_processes": 4,
    "optimizer_type": "Adagrad",
    "rec_test_files": "valid.dat:test.dat",
    "seed": 0,
    "share_embeddings": false,
    "topn": 10,
    "training_steps": 26630,
    "use_st_gumbel": false,
    "visualization_port": 8097
}
2021-03-05 05:08:59,601 - root - INFO - Totally 69982 train ratings, 9998,19995 eval ratings in files: /home/juarez/git/datasets/JIIS-revised-exp1/ml-sun_ho_sfKG_ig-sv-complex-25/cao-format/ml1m/valid.dat;/home/juarez/git/datasets/JIIS-revised-exp1/ml-sun_ho_sfKG_ig-sv-complex-25/cao-format/ml1m/test.dat!
2021-03-05 05:08:59,605 - root - INFO - successfully load 943 users and 1675 items!
2021-03-05 05:08:59,700 - root - INFO - Building model.
2021-03-05 05:09:00,783 - root - INFO - Architecture: BPRMF(
  (user_embeddings): Embedding(943, 100)
  (item_embeddings): Embedding(1675, 100)
)
2021-03-05 05:09:00,784 - root - INFO - Total params: 261800.0
2021-03-05 05:09:00,784 - root - INFO - One epoch is 274 steps.
2021-03-05 05:09:00,785 - root - INFO - Training.
2021-03-05 05:09:00,785 - root - INFO - train loss:0.0000!
2021-03-05 05:09:01,906 - root - INFO - f1:0.0052, p:0.0066, r:0.0066, hit:0.0636, ndcg:0.0353, topn:10.
2021-03-05 05:09:02,879 - root - INFO - f1:0.0072, p:0.0137, r:0.0061, hit:0.1209, ndcg:0.0633, topn:10.
2021-03-05 05:09:04,683 - root - INFO - train loss:0.6941!
2021-03-05 05:09:05,768 - root - INFO - f1:0.0077, p:0.0092, r:0.0095, hit:0.0870, ndcg:0.0474, topn:10.
2021-03-05 05:09:06,857 - root - INFO - f1:0.0099, p:0.0189, r:0.0087, hit:0.1569, ndcg:0.0837, topn:10.
2021-03-05 05:09:06,862 - root - INFO - Checkpointing ...
2021-03-05 05:09:08,360 - root - INFO - train loss:0.6859!
2021-03-05 05:09:09,323 - root - INFO - f1:0.0081, p:0.0101, r:0.0094, hit:0.0965, ndcg:0.0524, topn:10.
2021-03-05 05:09:10,394 - root - INFO - f1:0.0117, p:0.0225, r:0.0102, hit:0.1813, ndcg:0.0948, topn:10.
2021-03-05 05:09:10,399 - root - INFO - Checkpointing ...
2021-03-05 05:09:12,261 - root - INFO - train loss:0.6808!
2021-03-05 05:09:13,321 - root - INFO - f1:0.0091, p:0.0120, r:0.0099, hit:0.1071, ndcg:0.0574, topn:10.
2021-03-05 05:09:14,382 - root - INFO - f1:0.0138, p:0.0270, r:0.0118, hit:0.2089, ndcg:0.1114, topn:10.
2021-03-05 05:09:14,385 - root - INFO - Checkpointing ...
2021-03-05 05:09:16,005 - root - INFO - train loss:0.6754!
2021-03-05 05:09:17,025 - root - INFO - f1:0.0110, p:0.0146, r:0.0128, hit:0.1251, ndcg:0.0714, topn:10.
2021-03-05 05:09:18,131 - root - INFO - f1:0.0172, p:0.0335, r:0.0148, hit:0.2428, ndcg:0.1355, topn:10.
2021-03-05 05:09:18,135 - root - INFO - Checkpointing ...
2021-03-05 05:09:19,641 - root - INFO - train loss:0.6694!
2021-03-05 05:09:20,690 - root - INFO - f1:0.0144, p:0.0192, r:0.0166, hit:0.1580, ndcg:0.0902, topn:10.
2021-03-05 05:09:21,752 - root - INFO - f1:0.0201, p:0.0403, r:0.0169, hit:0.2725, ndcg:0.1533, topn:10.
2021-03-05 05:09:21,756 - root - INFO - Checkpointing ...
2021-03-05 05:09:23,376 - root - INFO - train loss:0.6625!
2021-03-05 05:09:24,377 - root - INFO - f1:0.0186, p:0.0253, r:0.0203, hit:0.1962, ndcg:0.1123, topn:10.
2021-03-05 05:09:25,397 - root - INFO - f1:0.0241, p:0.0501, r:0.0197, hit:0.3043, ndcg:0.1792, topn:10.
2021-03-05 05:09:25,404 - root - INFO - Checkpointing ...
2021-03-05 05:09:26,948 - root - INFO - train loss:0.6548!
2021-03-05 05:09:28,200 - root - INFO - f1:0.0239, p:0.0324, r:0.0253, hit:0.2291, ndcg:0.1305, topn:10.
2021-03-05 05:09:29,265 - root - INFO - f1:0.0309, p:0.0646, r:0.0250, hit:0.3616, ndcg:0.2158, topn:10.
2021-03-05 05:09:29,269 - root - INFO - Checkpointing ...
2021-03-05 05:09:30,756 - root - INFO - train loss:0.6461!
2021-03-05 05:09:31,816 - root - INFO - f1:0.0289, p:0.0391, r:0.0305, hit:0.2566, ndcg:0.1497, topn:10.
2021-03-05 05:09:32,898 - root - INFO - f1:0.0373, p:0.0786, r:0.0301, hit:0.4040, ndcg:0.2425, topn:10.
2021-03-05 05:09:32,903 - root - INFO - Checkpointing ...
2021-03-05 05:09:34,330 - root - INFO - train loss:0.6361!
2021-03-05 05:09:35,455 - root - INFO - f1:0.0349, p:0.0467, r:0.0364, hit:0.2948, ndcg:0.1719, topn:10.
2021-03-05 05:09:36,486 - root - INFO - f1:0.0455, p:0.0952, r:0.0369, hit:0.4496, ndcg:0.2719, topn:10.
2021-03-05 05:09:36,490 - root - INFO - Checkpointing ...
2021-03-05 05:09:38,050 - root - INFO - train loss:0.6251!
2021-03-05 05:09:39,079 - root - INFO - f1:0.0403, p:0.0541, r:0.0414, hit:0.3277, ndcg:0.1942, topn:10.
2021-03-05 05:09:40,170 - root - INFO - f1:0.0535, p:0.1102, r:0.0435, hit:0.4910, ndcg:0.3010, topn:10.
2021-03-05 05:09:40,175 - root - INFO - Checkpointing ...
2021-03-05 05:09:41,909 - root - INFO - train loss:0.6121!
2021-03-05 05:09:42,992 - root - INFO - f1:0.0447, p:0.0607, r:0.0451, hit:0.3574, ndcg:0.2142, topn:10.
2021-03-05 05:09:44,079 - root - INFO - f1:0.0611, p:0.1242, r:0.0497, hit:0.5111, ndcg:0.3197, topn:10.
2021-03-05 05:09:44,083 - root - INFO - Checkpointing ...
2021-03-05 05:09:45,711 - root - INFO - train loss:0.5994!
2021-03-05 05:09:46,731 - root - INFO - f1:0.0507, p:0.0678, r:0.0526, hit:0.3828, ndcg:0.2340, topn:10.
2021-03-05 05:09:47,818 - root - INFO - f1:0.0677, p:0.1366, r:0.0552, hit:0.5302, ndcg:0.3415, topn:10.
2021-03-05 05:09:47,822 - root - INFO - Checkpointing ...
2021-03-05 05:09:49,768 - root - INFO - train loss:0.5852!
2021-03-05 05:09:50,908 - root - INFO - f1:0.0557, p:0.0740, r:0.0581, hit:0.4019, ndcg:0.2490, topn:10.
2021-03-05 05:09:52,043 - root - INFO - f1:0.0741, p:0.1483, r:0.0607, hit:0.5567, ndcg:0.3652, topn:10.
2021-03-05 05:09:52,047 - root - INFO - Checkpointing ...
2021-03-05 05:09:53,908 - root - INFO - train loss:0.5702!
2021-03-05 05:09:55,051 - root - INFO - f1:0.0617, p:0.0813, r:0.0648, hit:0.4284, ndcg:0.2640, topn:10.
2021-03-05 05:09:56,118 - root - INFO - f1:0.0810, p:0.1587, r:0.0669, hit:0.5832, ndcg:0.3818, topn:10.
2021-03-05 05:09:56,122 - root - INFO - Checkpointing ...
2021-03-05 05:09:57,923 - root - INFO - train loss:0.5548!
2021-03-05 05:09:58,994 - root - INFO - f1:0.0672, p:0.0880, r:0.0709, hit:0.4528, ndcg:0.2791, topn:10.
2021-03-05 05:10:00,083 - root - INFO - f1:0.0880, p:0.1705, r:0.0733, hit:0.6066, ndcg:0.4021, topn:10.
2021-03-05 05:10:00,086 - root - INFO - Checkpointing ...
2021-03-05 05:10:01,815 - root - INFO - train loss:0.5400!
2021-03-05 05:10:02,916 - root - INFO - f1:0.0719, p:0.0931, r:0.0771, hit:0.4708, ndcg:0.2895, topn:10.
2021-03-05 05:10:03,984 - root - INFO - f1:0.0923, p:0.1770, r:0.0778, hit:0.6246, ndcg:0.4188, topn:10.
2021-03-05 05:10:03,989 - root - INFO - Checkpointing ...
2021-03-05 05:10:05,626 - root - INFO - train loss:0.5245!
2021-03-05 05:10:06,677 - root - INFO - f1:0.0763, p:0.0986, r:0.0818, hit:0.4889, ndcg:0.2967, topn:10.
2021-03-05 05:10:07,751 - root - INFO - f1:0.0969, p:0.1840, r:0.0826, hit:0.6416, ndcg:0.4325, topn:10.
2021-03-05 05:10:07,756 - root - INFO - Checkpointing ...
2021-03-05 05:10:09,429 - root - INFO - train loss:0.5104!
2021-03-05 05:10:10,574 - root - INFO - f1:0.0797, p:0.1020, r:0.0865, hit:0.5027, ndcg:0.3082, topn:10.
2021-03-05 05:10:11,625 - root - INFO - f1:0.1014, p:0.1911, r:0.0866, hit:0.6585, ndcg:0.4467, topn:10.
2021-03-05 05:10:11,630 - root - INFO - Checkpointing ...
2021-03-05 05:10:13,167 - root - INFO - train loss:0.4953!
2021-03-05 05:10:14,205 - root - INFO - f1:0.0833, p:0.1057, r:0.0910, hit:0.5175, ndcg:0.3228, topn:10.
2021-03-05 05:10:15,291 - root - INFO - f1:0.1032, p:0.1945, r:0.0874, hit:0.6607, ndcg:0.4523, topn:10.
2021-03-05 05:10:15,295 - root - INFO - Checkpointing ...
2021-03-05 05:10:17,057 - root - INFO - train loss:0.4828!
2021-03-05 05:10:18,144 - root - INFO - f1:0.0865, p:0.1088, r:0.0964, hit:0.5323, ndcg:0.3316, topn:10.
2021-03-05 05:10:19,449 - root - INFO - f1:0.1077, p:0.2001, r:0.0927, hit:0.6819, ndcg:0.4654, topn:10.
2021-03-05 05:10:19,452 - root - INFO - Checkpointing ...
2021-03-05 05:10:21,304 - root - INFO - train loss:0.4698!
2021-03-05 05:10:22,392 - root - INFO - f1:0.0888, p:0.1110, r:0.0992, hit:0.5408, ndcg:0.3384, topn:10.
2021-03-05 05:10:23,452 - root - INFO - f1:0.1109, p:0.2042, r:0.0961, hit:0.6850, ndcg:0.4713, topn:10.
2021-03-05 05:10:23,456 - root - INFO - Checkpointing ...
2021-03-05 05:10:25,133 - root - INFO - train loss:0.4571!
2021-03-05 05:10:26,195 - root - INFO - f1:0.0918, p:0.1141, r:0.1048, hit:0.5567, ndcg:0.3515, topn:10.
2021-03-05 05:10:27,177 - root - INFO - f1:0.1136, p:0.2076, r:0.0989, hit:0.6946, ndcg:0.4800, topn:10.
2021-03-05 05:10:27,180 - root - INFO - Checkpointing ...
2021-03-05 05:10:28,810 - root - INFO - train loss:0.4471!
2021-03-05 05:10:29,883 - root - INFO - f1:0.0950, p:0.1175, r:0.1089, hit:0.5652, ndcg:0.3581, topn:10.
2021-03-05 05:10:30,943 - root - INFO - f1:0.1152, p:0.2087, r:0.1010, hit:0.7084, ndcg:0.4897, topn:10.
2021-03-05 05:10:30,946 - root - INFO - Checkpointing ...
2021-03-05 05:10:32,425 - root - INFO - train loss:0.4348!
2021-03-05 05:10:33,465 - root - INFO - f1:0.0969, p:0.1193, r:0.1116, hit:0.5758, ndcg:0.3669, topn:10.
2021-03-05 05:10:34,589 - root - INFO - f1:0.1181, p:0.2124, r:0.1038, hit:0.7147, ndcg:0.4952, topn:10.
2021-03-05 05:10:34,593 - root - INFO - Checkpointing ...
2021-03-05 05:10:36,291 - root - INFO - train loss:0.4250!
2021-03-05 05:10:37,385 - root - INFO - f1:0.0988, p:0.1213, r:0.1150, hit:0.5832, ndcg:0.3733, topn:10.
2021-03-05 05:10:38,432 - root - INFO - f1:0.1202, p:0.2148, r:0.1060, hit:0.7264, ndcg:0.5042, topn:10.
2021-03-05 05:10:38,435 - root - INFO - Checkpointing ...
2021-03-05 05:10:39,806 - root - INFO - train loss:0.4165!
2021-03-05 05:10:40,914 - root - INFO - f1:0.1001, p:0.1227, r:0.1172, hit:0.5864, ndcg:0.3781, topn:10.
2021-03-05 05:10:41,942 - root - INFO - f1:0.1227, p:0.2181, r:0.1086, hit:0.7381, ndcg:0.5107, topn:10.
2021-03-05 05:10:41,947 - root - INFO - Checkpointing ...
2021-03-05 05:10:43,470 - root - INFO - train loss:0.4093!
2021-03-05 05:10:44,590 - root - INFO - f1:0.1019, p:0.1244, r:0.1199, hit:0.5896, ndcg:0.3836, topn:10.
2021-03-05 05:10:45,641 - root - INFO - f1:0.1250, p:0.2207, r:0.1112, hit:0.7444, ndcg:0.5159, topn:10.
2021-03-05 05:10:45,645 - root - INFO - Checkpointing ...
2021-03-05 05:10:47,176 - root - INFO - train loss:0.4011!
2021-03-05 05:10:48,254 - root - INFO - f1:0.1034, p:0.1262, r:0.1215, hit:0.5949, ndcg:0.3906, topn:10.
2021-03-05 05:10:49,378 - root - INFO - f1:0.1277, p:0.2238, r:0.1144, hit:0.7529, ndcg:0.5223, topn:10.
2021-03-05 05:10:49,381 - root - INFO - Checkpointing ...
2021-03-05 05:10:51,091 - root - INFO - train loss:0.3930!
2021-03-05 05:10:52,179 - root - INFO - f1:0.1047, p:0.1268, r:0.1246, hit:0.6023, ndcg:0.3976, topn:10.
2021-03-05 05:10:53,227 - root - INFO - f1:0.1292, p:0.2251, r:0.1162, hit:0.7593, ndcg:0.5289, topn:10.
2021-03-05 05:10:53,232 - root - INFO - Checkpointing ...
2021-03-05 05:10:54,778 - root - INFO - train loss:0.3900!
2021-03-05 05:10:55,820 - root - INFO - f1:0.1058, p:0.1280, r:0.1261, hit:0.6076, ndcg:0.4005, topn:10.
2021-03-05 05:10:56,946 - root - INFO - f1:0.1305, p:0.2268, r:0.1178, hit:0.7625, ndcg:0.5332, topn:10.
2021-03-05 05:10:56,950 - root - INFO - Checkpointing ...
2021-03-05 05:10:58,372 - root - INFO - train loss:0.3804!
2021-03-05 05:10:59,410 - root - INFO - f1:0.1070, p:0.1290, r:0.1283, hit:0.6129, ndcg:0.4034, topn:10.
2021-03-05 05:11:00,481 - root - INFO - f1:0.1315, p:0.2274, r:0.1191, hit:0.7656, ndcg:0.5365, topn:10.
2021-03-05 05:11:00,485 - root - INFO - Checkpointing ...
2021-03-05 05:11:02,068 - root - INFO - train loss:0.3748!
2021-03-05 05:11:03,062 - root - INFO - f1:0.1077, p:0.1298, r:0.1293, hit:0.6151, ndcg:0.4070, topn:10.
2021-03-05 05:11:04,134 - root - INFO - f1:0.1331, p:0.2292, r:0.1210, hit:0.7709, ndcg:0.5395, topn:10.
2021-03-05 05:11:04,138 - root - INFO - Checkpointing ...
2021-03-05 05:11:05,588 - root - INFO - train loss:0.3711!
2021-03-05 05:11:06,693 - root - INFO - f1:0.1089, p:0.1308, r:0.1313, hit:0.6140, ndcg:0.4068, topn:10.
2021-03-05 05:11:07,892 - root - INFO - f1:0.1343, p:0.2313, r:0.1220, hit:0.7720, ndcg:0.5426, topn:10.
2021-03-05 05:11:07,897 - root - INFO - Checkpointing ...
2021-03-05 05:11:09,673 - root - INFO - train loss:0.3643!
2021-03-05 05:11:10,786 - root - INFO - f1:0.1092, p:0.1311, r:0.1319, hit:0.6151, ndcg:0.4089, topn:10.
2021-03-05 05:11:11,913 - root - INFO - f1:0.1356, p:0.2330, r:0.1232, hit:0.7720, ndcg:0.5434, topn:10.
2021-03-05 05:11:11,917 - root - INFO - Checkpointing ...
2021-03-05 05:11:13,712 - root - INFO - train loss:0.3587!
2021-03-05 05:11:14,800 - root - INFO - f1:0.1099, p:0.1317, r:0.1332, hit:0.6151, ndcg:0.4110, topn:10.
2021-03-05 05:11:15,824 - root - INFO - f1:0.1357, p:0.2331, r:0.1231, hit:0.7731, ndcg:0.5443, topn:10.
2021-03-05 05:11:15,828 - root - INFO - Checkpointing ...
2021-03-05 05:11:17,357 - root - INFO - train loss:0.3539!
2021-03-05 05:11:18,484 - root - INFO - f1:0.1109, p:0.1321, r:0.1354, hit:0.6235, ndcg:0.4172, topn:10.
2021-03-05 05:11:19,502 - root - INFO - f1:0.1366, p:0.2341, r:0.1239, hit:0.7762, ndcg:0.5472, topn:10.
2021-03-05 05:11:19,504 - root - INFO - Checkpointing ...
2021-03-05 05:11:20,820 - root - INFO - train loss:0.3520!
2021-03-05 05:11:21,833 - root - INFO - f1:0.1117, p:0.1330, r:0.1367, hit:0.6267, ndcg:0.4211, topn:10.
2021-03-05 05:11:22,953 - root - INFO - f1:0.1376, p:0.2351, r:0.1251, hit:0.7794, ndcg:0.5518, topn:10.
2021-03-05 05:11:22,960 - root - INFO - Checkpointing ...
2021-03-05 05:11:24,560 - root - INFO - train loss:0.3473!
2021-03-05 05:11:25,700 - root - INFO - f1:0.1137, p:0.1351, r:0.1391, hit:0.6373, ndcg:0.4256, topn:10.
2021-03-05 05:11:26,786 - root - INFO - f1:0.1385, p:0.2358, r:0.1263, hit:0.7805, ndcg:0.5528, topn:10.
2021-03-05 05:11:26,790 - root - INFO - Checkpointing ...
2021-03-05 05:11:28,351 - root - INFO - train loss:0.3447!
2021-03-05 05:11:29,453 - root - INFO - f1:0.1144, p:0.1357, r:0.1400, hit:0.6373, ndcg:0.4275, topn:10.
2021-03-05 05:11:30,582 - root - INFO - f1:0.1406, p:0.2386, r:0.1284, hit:0.7858, ndcg:0.5566, topn:10.
2021-03-05 05:11:30,586 - root - INFO - Checkpointing ...
2021-03-05 05:11:32,129 - root - INFO - train loss:0.3402!
2021-03-05 05:11:33,220 - root - INFO - f1:0.1143, p:0.1359, r:0.1397, hit:0.6352, ndcg:0.4299, topn:10.
2021-03-05 05:11:34,313 - root - INFO - f1:0.1419, p:0.2398, r:0.1298, hit:0.7890, ndcg:0.5590, topn:10.
2021-03-05 05:11:35,610 - root - INFO - train loss:0.3394!
2021-03-05 05:11:36,621 - root - INFO - f1:0.1154, p:0.1368, r:0.1417, hit:0.6394, ndcg:0.4307, topn:10.
2021-03-05 05:11:37,664 - root - INFO - f1:0.1437, p:0.2419, r:0.1320, hit:0.7932, ndcg:0.5615, topn:10.
2021-03-05 05:11:37,669 - root - INFO - Checkpointing ...
2021-03-05 05:11:39,107 - root - INFO - train loss:0.3353!
2021-03-05 05:11:40,109 - root - INFO - f1:0.1156, p:0.1369, r:0.1419, hit:0.6384, ndcg:0.4327, topn:10.
2021-03-05 05:11:41,217 - root - INFO - f1:0.1446, p:0.2429, r:0.1333, hit:0.7964, ndcg:0.5650, topn:10.
2021-03-05 05:11:41,222 - root - INFO - Checkpointing ...
2021-03-05 05:11:42,796 - root - INFO - train loss:0.3330!
2021-03-05 05:11:43,915 - root - INFO - f1:0.1164, p:0.1376, r:0.1429, hit:0.6416, ndcg:0.4355, topn:10.
2021-03-05 05:11:44,939 - root - INFO - f1:0.1453, p:0.2435, r:0.1341, hit:0.7975, ndcg:0.5660, topn:10.
2021-03-05 05:11:44,942 - root - INFO - Checkpointing ...
2021-03-05 05:11:46,459 - root - INFO - train loss:0.3275!
2021-03-05 05:11:47,524 - root - INFO - f1:0.1164, p:0.1376, r:0.1424, hit:0.6448, ndcg:0.4382, topn:10.
2021-03-05 05:11:48,563 - root - INFO - f1:0.1453, p:0.2438, r:0.1340, hit:0.7996, ndcg:0.5683, topn:10.
2021-03-05 05:11:49,935 - root - INFO - train loss:0.3268!
2021-03-05 05:11:50,967 - root - INFO - f1:0.1185, p:0.1394, r:0.1460, hit:0.6469, ndcg:0.4374, topn:10.
2021-03-05 05:11:52,084 - root - INFO - f1:0.1464, p:0.2446, r:0.1355, hit:0.8028, ndcg:0.5710, topn:10.
2021-03-05 05:11:52,087 - root - INFO - Checkpointing ...
2021-03-05 05:11:53,421 - root - INFO - train loss:0.3235!
2021-03-05 05:11:54,503 - root - INFO - f1:0.1194, p:0.1404, r:0.1472, hit:0.6501, ndcg:0.4396, topn:10.
2021-03-05 05:11:55,612 - root - INFO - f1:0.1475, p:0.2458, r:0.1368, hit:0.8070, ndcg:0.5710, topn:10.
2021-03-05 05:11:55,616 - root - INFO - Checkpointing ...
2021-03-05 05:11:57,073 - root - INFO - train loss:0.3214!
2021-03-05 05:11:58,269 - root - INFO - f1:0.1205, p:0.1414, r:0.1489, hit:0.6532, ndcg:0.4415, topn:10.
2021-03-05 05:11:59,348 - root - INFO - f1:0.1489, p:0.2478, r:0.1385, hit:0.8070, ndcg:0.5725, topn:10.
2021-03-05 05:11:59,351 - root - INFO - Checkpointing ...
2021-03-05 05:12:00,887 - root - INFO - train loss:0.3190!
2021-03-05 05:12:01,972 - root - INFO - f1:0.1213, p:0.1419, r:0.1500, hit:0.6575, ndcg:0.4431, topn:10.
2021-03-05 05:12:03,076 - root - INFO - f1:0.1497, p:0.2488, r:0.1395, hit:0.8091, ndcg:0.5739, topn:10.
2021-03-05 05:12:03,081 - root - INFO - Checkpointing ...
2021-03-05 05:12:04,616 - root - INFO - train loss:0.3164!
2021-03-05 05:12:05,655 - root - INFO - f1:0.1219, p:0.1426, r:0.1512, hit:0.6585, ndcg:0.4444, topn:10.
2021-03-05 05:12:06,681 - root - INFO - f1:0.1505, p:0.2498, r:0.1402, hit:0.8091, ndcg:0.5751, topn:10.
2021-03-05 05:12:06,686 - root - INFO - Checkpointing ...
2021-03-05 05:12:08,163 - root - INFO - train loss:0.3152!
2021-03-05 05:12:09,245 - root - INFO - f1:0.1222, p:0.1429, r:0.1517, hit:0.6596, ndcg:0.4462, topn:10.
2021-03-05 05:12:10,384 - root - INFO - f1:0.1499, p:0.2491, r:0.1394, hit:0.8059, ndcg:0.5746, topn:10.
2021-03-05 05:12:10,388 - root - INFO - Checkpointing ...
2021-03-05 05:12:11,974 - root - INFO - train loss:0.3129!
2021-03-05 05:12:13,044 - root - INFO - f1:0.1225, p:0.1431, r:0.1521, hit:0.6617, ndcg:0.4475, topn:10.
2021-03-05 05:12:14,166 - root - INFO - f1:0.1511, p:0.2503, r:0.1407, hit:0.8102, ndcg:0.5765, topn:10.
2021-03-05 05:12:14,169 - root - INFO - Checkpointing ...
2021-03-05 05:12:15,708 - root - INFO - train loss:0.3103!
2021-03-05 05:12:16,677 - root - INFO - f1:0.1239, p:0.1444, r:0.1543, hit:0.6660, ndcg:0.4492, topn:10.
2021-03-05 05:12:17,751 - root - INFO - f1:0.1532, p:0.2524, r:0.1433, hit:0.8176, ndcg:0.5792, topn:10.
2021-03-05 05:12:17,754 - root - INFO - Checkpointing ...
2021-03-05 05:12:19,342 - root - INFO - train loss:0.3105!
2021-03-05 05:12:20,419 - root - INFO - f1:0.1241, p:0.1445, r:0.1551, hit:0.6681, ndcg:0.4509, topn:10.
2021-03-05 05:12:21,514 - root - INFO - f1:0.1536, p:0.2530, r:0.1436, hit:0.8197, ndcg:0.5819, topn:10.
2021-03-05 05:12:21,518 - root - INFO - Checkpointing ...
2021-03-05 05:12:22,942 - root - INFO - train loss:0.3068!
2021-03-05 05:12:23,969 - root - INFO - f1:0.1247, p:0.1450, r:0.1560, hit:0.6723, ndcg:0.4534, topn:10.
2021-03-05 05:12:25,104 - root - INFO - f1:0.1545, p:0.2540, r:0.1442, hit:0.8208, ndcg:0.5822, topn:10.
2021-03-05 05:12:25,109 - root - INFO - Checkpointing ...
2021-03-05 05:12:26,558 - root - INFO - train loss:0.3060!
2021-03-05 05:12:27,592 - root - INFO - f1:0.1252, p:0.1456, r:0.1563, hit:0.6723, ndcg:0.4542, topn:10.
2021-03-05 05:12:28,712 - root - INFO - f1:0.1555, p:0.2548, r:0.1456, hit:0.8240, ndcg:0.5841, topn:10.
2021-03-05 05:12:28,716 - root - INFO - Checkpointing ...
2021-03-05 05:12:30,190 - root - INFO - train loss:0.3028!
2021-03-05 05:12:31,203 - root - INFO - f1:0.1255, p:0.1459, r:0.1568, hit:0.6755, ndcg:0.4556, topn:10.
2021-03-05 05:12:32,264 - root - INFO - f1:0.1562, p:0.2558, r:0.1464, hit:0.8250, ndcg:0.5851, topn:10.
2021-03-05 05:12:32,268 - root - INFO - Checkpointing ...
2021-03-05 05:12:33,716 - root - INFO - train loss:0.3021!
2021-03-05 05:12:34,769 - root - INFO - f1:0.1258, p:0.1461, r:0.1574, hit:0.6776, ndcg:0.4567, topn:10.
2021-03-05 05:12:35,810 - root - INFO - f1:0.1572, p:0.2569, r:0.1473, hit:0.8261, ndcg:0.5854, topn:10.
2021-03-05 05:12:35,813 - root - INFO - Checkpointing ...
2021-03-05 05:12:37,074 - root - INFO - train loss:0.3013!
2021-03-05 05:12:38,110 - root - INFO - f1:0.1261, p:0.1463, r:0.1579, hit:0.6766, ndcg:0.4571, topn:10.
2021-03-05 05:12:39,205 - root - INFO - f1:0.1582, p:0.2580, r:0.1486, hit:0.8271, ndcg:0.5858, topn:10.
2021-03-05 05:12:39,209 - root - INFO - Checkpointing ...
2021-03-05 05:12:40,708 - root - INFO - train loss:0.2993!
2021-03-05 05:12:41,756 - root - INFO - f1:0.1265, p:0.1469, r:0.1583, hit:0.6766, ndcg:0.4572, topn:10.
2021-03-05 05:12:42,828 - root - INFO - f1:0.1588, p:0.2593, r:0.1491, hit:0.8314, ndcg:0.5885, topn:10.
2021-03-05 05:12:42,833 - root - INFO - Checkpointing ...
2021-03-05 05:12:44,350 - root - INFO - train loss:0.2957!
2021-03-05 05:12:45,593 - root - INFO - f1:0.1273, p:0.1477, r:0.1593, hit:0.6766, ndcg:0.4584, topn:10.
2021-03-05 05:12:46,660 - root - INFO - f1:0.1591, p:0.2598, r:0.1493, hit:0.8324, ndcg:0.5894, topn:10.
2021-03-05 05:12:46,665 - root - INFO - Checkpointing ...
2021-03-05 05:12:48,126 - root - INFO - train loss:0.2964!
2021-03-05 05:12:49,177 - root - INFO - f1:0.1278, p:0.1483, r:0.1598, hit:0.6787, ndcg:0.4594, topn:10.
2021-03-05 05:12:50,290 - root - INFO - f1:0.1594, p:0.2599, r:0.1497, hit:0.8335, ndcg:0.5914, topn:10.
2021-03-05 05:12:50,294 - root - INFO - Checkpointing ...
2021-03-05 05:12:51,814 - root - INFO - train loss:0.2951!
2021-03-05 05:12:52,831 - root - INFO - f1:0.1283, p:0.1486, r:0.1610, hit:0.6819, ndcg:0.4611, topn:10.
2021-03-05 05:12:53,946 - root - INFO - f1:0.1596, p:0.2601, r:0.1499, hit:0.8335, ndcg:0.5914, topn:10.
2021-03-05 05:12:53,951 - root - INFO - Checkpointing ...
2021-03-05 05:12:55,428 - root - INFO - train loss:0.2915!
2021-03-05 05:12:56,573 - root - INFO - f1:0.1287, p:0.1489, r:0.1616, hit:0.6829, ndcg:0.4614, topn:10.
2021-03-05 05:12:57,741 - root - INFO - f1:0.1602, p:0.2609, r:0.1507, hit:0.8346, ndcg:0.5918, topn:10.
2021-03-05 05:12:57,745 - root - INFO - Checkpointing ...
2021-03-05 05:12:59,511 - root - INFO - train loss:0.2931!
2021-03-05 05:13:00,600 - root - INFO - f1:0.1290, p:0.1492, r:0.1620, hit:0.6840, ndcg:0.4639, topn:10.
2021-03-05 05:13:01,700 - root - INFO - f1:0.1608, p:0.2614, r:0.1516, hit:0.8335, ndcg:0.5918, topn:10.
2021-03-05 05:13:01,703 - root - INFO - Checkpointing ...
2021-03-05 05:13:03,413 - root - INFO - train loss:0.2912!
2021-03-05 05:13:04,463 - root - INFO - f1:0.1300, p:0.1499, r:0.1635, hit:0.6872, ndcg:0.4651, topn:10.
2021-03-05 05:13:05,535 - root - INFO - f1:0.1604, p:0.2610, r:0.1510, hit:0.8324, ndcg:0.5923, topn:10.
2021-03-05 05:13:05,539 - root - INFO - Checkpointing ...
2021-03-05 05:13:07,561 - root - INFO - train loss:0.2918!
2021-03-05 05:13:08,684 - root - INFO - f1:0.1301, p:0.1503, r:0.1636, hit:0.6840, ndcg:0.4645, topn:10.
2021-03-05 05:13:09,768 - root - INFO - f1:0.1619, p:0.2624, r:0.1531, hit:0.8346, ndcg:0.5926, topn:10.
2021-03-05 05:13:09,772 - root - INFO - Checkpointing ...
2021-03-05 05:13:11,572 - root - INFO - train loss:0.2885!
2021-03-05 05:13:12,643 - root - INFO - f1:0.1305, p:0.1508, r:0.1638, hit:0.6840, ndcg:0.4644, topn:10.
2021-03-05 05:13:13,716 - root - INFO - f1:0.1632, p:0.2638, r:0.1544, hit:0.8356, ndcg:0.5918, topn:10.
2021-03-05 05:13:13,720 - root - INFO - Checkpointing ...
2021-03-05 05:13:15,321 - root - INFO - train loss:0.2860!
2021-03-05 05:13:16,325 - root - INFO - f1:0.1303, p:0.1505, r:0.1639, hit:0.6850, ndcg:0.4662, topn:10.
2021-03-05 05:13:17,419 - root - INFO - f1:0.1632, p:0.2643, r:0.1541, hit:0.8346, ndcg:0.5921, topn:10.
2021-03-05 05:13:19,255 - root - INFO - train loss:0.2837!
2021-03-05 05:13:20,341 - root - INFO - f1:0.1309, p:0.1510, r:0.1648, hit:0.6861, ndcg:0.4665, topn:10.
2021-03-05 05:13:21,467 - root - INFO - f1:0.1639, p:0.2651, r:0.1551, hit:0.8367, ndcg:0.5931, topn:10.
2021-03-05 05:13:21,471 - root - INFO - Checkpointing ...
2021-03-05 05:13:22,892 - root - INFO - train loss:0.2866!
2021-03-05 05:13:23,947 - root - INFO - f1:0.1305, p:0.1507, r:0.1640, hit:0.6829, ndcg:0.4662, topn:10.
2021-03-05 05:13:25,004 - root - INFO - f1:0.1638, p:0.2650, r:0.1550, hit:0.8367, ndcg:0.5954, topn:10.
2021-03-05 05:13:26,381 - root - INFO - train loss:0.2814!
2021-03-05 05:13:27,434 - root - INFO - f1:0.1308, p:0.1512, r:0.1642, hit:0.6840, ndcg:0.4676, topn:10.
2021-03-05 05:13:28,428 - root - INFO - f1:0.1641, p:0.2657, r:0.1552, hit:0.8367, ndcg:0.5954, topn:10.
2021-03-05 05:13:28,431 - root - INFO - No improvement after one epoch. Lowering learning rate.
2021-03-05 05:13:30,205 - root - INFO - train loss:0.2832!
2021-03-05 05:13:31,336 - root - INFO - f1:0.1345, p:0.1549, r:0.1697, hit:0.6829, ndcg:0.4675, topn:10.
2021-03-05 05:13:32,392 - root - INFO - f1:0.1653, p:0.2667, r:0.1564, hit:0.8378, ndcg:0.6005, topn:10.
2021-03-05 05:13:32,396 - root - INFO - Checkpointing ...
2021-03-05 05:13:34,188 - root - INFO - train loss:0.2754!
2021-03-05 05:13:35,272 - root - INFO - f1:0.1361, p:0.1561, r:0.1722, hit:0.6882, ndcg:0.4703, topn:10.
2021-03-05 05:13:36,590 - root - INFO - f1:0.1665, p:0.2683, r:0.1580, hit:0.8388, ndcg:0.6023, topn:10.
2021-03-05 05:13:36,595 - root - INFO - Checkpointing ...
2021-03-05 05:13:38,509 - root - INFO - train loss:0.2735!
2021-03-05 05:13:39,538 - root - INFO - f1:0.1370, p:0.1569, r:0.1739, hit:0.6893, ndcg:0.4706, topn:10.
2021-03-05 05:13:40,631 - root - INFO - f1:0.1675, p:0.2701, r:0.1589, hit:0.8378, ndcg:0.6033, topn:10.
2021-03-05 05:13:40,635 - root - INFO - Checkpointing ...
2021-03-05 05:13:42,045 - root - INFO - train loss:0.2694!
2021-03-05 05:13:43,056 - root - INFO - f1:0.1385, p:0.1585, r:0.1764, hit:0.6967, ndcg:0.4740, topn:10.
2021-03-05 05:13:44,023 - root - INFO - f1:0.1684, p:0.2708, r:0.1603, hit:0.8378, ndcg:0.6015, topn:10.
2021-03-05 05:13:44,026 - root - INFO - Checkpointing ...
2021-03-05 05:13:45,469 - root - INFO - train loss:0.2681!
2021-03-05 05:13:46,526 - root - INFO - f1:0.1398, p:0.1599, r:0.1778, hit:0.6988, ndcg:0.4751, topn:10.
2021-03-05 05:13:47,626 - root - INFO - f1:0.1700, p:0.2732, r:0.1617, hit:0.8431, ndcg:0.6051, topn:10.
2021-03-05 05:13:47,630 - root - INFO - Checkpointing ...
2021-03-05 05:13:49,157 - root - INFO - train loss:0.2670!
2021-03-05 05:13:50,214 - root - INFO - f1:0.1399, p:0.1599, r:0.1779, hit:0.6988, ndcg:0.4755, topn:10.
2021-03-05 05:13:51,315 - root - INFO - f1:0.1708, p:0.2743, r:0.1628, hit:0.8462, ndcg:0.6068, topn:10.
2021-03-05 05:13:51,318 - root - INFO - Checkpointing ...
2021-03-05 05:13:52,998 - root - INFO - train loss:0.2654!
2021-03-05 05:13:54,085 - root - INFO - f1:0.1405, p:0.1607, r:0.1781, hit:0.6999, ndcg:0.4765, topn:10.
2021-03-05 05:13:55,170 - root - INFO - f1:0.1723, p:0.2758, r:0.1645, hit:0.8526, ndcg:0.6081, topn:10.
2021-03-05 05:13:55,174 - root - INFO - Checkpointing ...
2021-03-05 05:13:56,755 - root - INFO - train loss:0.2617!
2021-03-05 05:13:57,850 - root - INFO - f1:0.1411, p:0.1612, r:0.1794, hit:0.7020, ndcg:0.4786, topn:10.
2021-03-05 05:13:58,996 - root - INFO - f1:0.1733, p:0.2776, r:0.1655, hit:0.8547, ndcg:0.6107, topn:10.
2021-03-05 05:13:59,001 - root - INFO - Checkpointing ...
2021-03-05 05:14:00,528 - root - INFO - train loss:0.2604!
2021-03-05 05:14:01,496 - root - INFO - f1:0.1418, p:0.1620, r:0.1803, hit:0.7031, ndcg:0.4802, topn:10.
2021-03-05 05:14:02,641 - root - INFO - f1:0.1736, p:0.2780, r:0.1656, hit:0.8537, ndcg:0.6105, topn:10.
2021-03-05 05:14:02,645 - root - INFO - Checkpointing ...
2021-03-05 05:14:04,146 - root - INFO - train loss:0.2583!
2021-03-05 05:14:05,188 - root - INFO - f1:0.1422, p:0.1624, r:0.1809, hit:0.7041, ndcg:0.4809, topn:10.
2021-03-05 05:14:06,231 - root - INFO - f1:0.1741, p:0.2789, r:0.1662, hit:0.8558, ndcg:0.6107, topn:10.
2021-03-05 05:14:06,234 - root - INFO - Checkpointing ...
2021-03-05 05:14:07,887 - root - INFO - train loss:0.2560!
2021-03-05 05:14:08,950 - root - INFO - f1:0.1430, p:0.1630, r:0.1821, hit:0.7073, ndcg:0.4817, topn:10.
2021-03-05 05:14:10,050 - root - INFO - f1:0.1744, p:0.2794, r:0.1666, hit:0.8547, ndcg:0.6111, topn:10.
2021-03-05 05:14:10,054 - root - INFO - Checkpointing ...
2021-03-05 05:14:11,856 - root - INFO - train loss:0.2554!
2021-03-05 05:14:12,932 - root - INFO - f1:0.1431, p:0.1632, r:0.1820, hit:0.7073, ndcg:0.4824, topn:10.
2021-03-05 05:14:13,992 - root - INFO - f1:0.1747, p:0.2796, r:0.1669, hit:0.8558, ndcg:0.6123, topn:10.
2021-03-05 05:14:13,997 - root - INFO - Checkpointing ...
2021-03-05 05:14:15,571 - root - INFO - train loss:0.2542!
2021-03-05 05:14:16,695 - root - INFO - f1:0.1430, p:0.1630, r:0.1821, hit:0.7063, ndcg:0.4833, topn:10.
2021-03-05 05:14:17,749 - root - INFO - f1:0.1752, p:0.2800, r:0.1676, hit:0.8568, ndcg:0.6138, topn:10.
2021-03-05 05:14:19,165 - root - INFO - train loss:0.2541!
2021-03-05 05:14:20,287 - root - INFO - f1:0.1435, p:0.1635, r:0.1826, hit:0.7073, ndcg:0.4828, topn:10.
2021-03-05 05:14:21,427 - root - INFO - f1:0.1761, p:0.2812, r:0.1685, hit:0.8590, ndcg:0.6136, topn:10.
2021-03-05 05:14:21,431 - root - INFO - Checkpointing ...
2021-03-05 05:14:22,983 - root - INFO - train loss:0.2532!
2021-03-05 05:14:24,026 - root - INFO - f1:0.1434, p:0.1637, r:0.1826, hit:0.7073, ndcg:0.4838, topn:10.
2021-03-05 05:14:25,326 - root - INFO - f1:0.1763, p:0.2818, r:0.1687, hit:0.8600, ndcg:0.6147, topn:10.
2021-03-05 05:14:26,806 - root - INFO - train loss:0.2520!
2021-03-05 05:14:27,947 - root - INFO - f1:0.1446, p:0.1648, r:0.1842, hit:0.7084, ndcg:0.4850, topn:10.
2021-03-05 05:14:28,928 - root - INFO - f1:0.1765, p:0.2821, r:0.1689, hit:0.8568, ndcg:0.6149, topn:10.
2021-03-05 05:14:28,931 - root - INFO - Checkpointing ...
2021-03-05 05:14:30,457 - root - INFO - train loss:0.2512!
2021-03-05 05:14:31,482 - root - INFO - f1:0.1449, p:0.1652, r:0.1844, hit:0.7084, ndcg:0.4845, topn:10.
2021-03-05 05:14:32,576 - root - INFO - f1:0.1774, p:0.2832, r:0.1697, hit:0.8568, ndcg:0.6147, topn:10.
2021-03-05 05:14:32,580 - root - INFO - Checkpointing ...
2021-03-05 05:14:34,337 - root - INFO - train loss:0.2498!
2021-03-05 05:14:35,419 - root - INFO - f1:0.1453, p:0.1659, r:0.1848, hit:0.7084, ndcg:0.4846, topn:10.
2021-03-05 05:14:36,412 - root - INFO - f1:0.1773, p:0.2834, r:0.1696, hit:0.8590, ndcg:0.6158, topn:10.
2021-03-05 05:14:36,416 - root - INFO - Checkpointing ...
2021-03-05 05:14:38,022 - root - INFO - train loss:0.2486!
2021-03-05 05:14:39,034 - root - INFO - f1:0.1462, p:0.1668, r:0.1859, hit:0.7105, ndcg:0.4856, topn:10.
2021-03-05 05:14:40,065 - root - INFO - f1:0.1779, p:0.2839, r:0.1702, hit:0.8611, ndcg:0.6170, topn:10.
2021-03-05 05:14:40,068 - root - INFO - Checkpointing ...
2021-03-05 05:14:41,415 - root - INFO - train loss:0.2471!
2021-03-05 05:14:42,444 - root - INFO - f1:0.1461, p:0.1668, r:0.1858, hit:0.7094, ndcg:0.4858, topn:10.
2021-03-05 05:14:43,544 - root - INFO - f1:0.1782, p:0.2842, r:0.1705, hit:0.8611, ndcg:0.6190, topn:10.
2021-03-05 05:14:44,922 - root - INFO - train loss:0.2454!
2021-03-05 05:14:45,877 - root - INFO - f1:0.1463, p:0.1668, r:0.1863, hit:0.7105, ndcg:0.4863, topn:10.
2021-03-05 05:14:46,936 - root - INFO - f1:0.1779, p:0.2838, r:0.1703, hit:0.8611, ndcg:0.6189, topn:10.
2021-03-05 05:14:46,940 - root - INFO - Checkpointing ...
2021-03-05 05:14:48,518 - root - INFO - train loss:0.2479!
2021-03-05 05:14:49,552 - root - INFO - f1:0.1474, p:0.1680, r:0.1874, hit:0.7147, ndcg:0.4882, topn:10.
2021-03-05 05:14:50,601 - root - INFO - f1:0.1784, p:0.2847, r:0.1702, hit:0.8600, ndcg:0.6188, topn:10.
2021-03-05 05:14:50,605 - root - INFO - Checkpointing ...
2021-03-05 05:14:52,203 - root - INFO - train loss:0.2449!
2021-03-05 05:14:53,352 - root - INFO - f1:0.1473, p:0.1680, r:0.1874, hit:0.7169, ndcg:0.4890, topn:10.
2021-03-05 05:14:54,478 - root - INFO - f1:0.1788, p:0.2852, r:0.1708, hit:0.8621, ndcg:0.6193, topn:10.
2021-03-05 05:14:55,843 - root - INFO - train loss:0.2465!
2021-03-05 05:14:56,887 - root - INFO - f1:0.1477, p:0.1683, r:0.1879, hit:0.7169, ndcg:0.4896, topn:10.
2021-03-05 05:14:57,932 - root - INFO - f1:0.1795, p:0.2860, r:0.1716, hit:0.8632, ndcg:0.6205, topn:10.
2021-03-05 05:14:57,935 - root - INFO - Checkpointing ...
2021-03-05 05:14:59,270 - root - INFO - train loss:0.2456!
2021-03-05 05:15:00,357 - root - INFO - f1:0.1480, p:0.1686, r:0.1885, hit:0.7169, ndcg:0.4885, topn:10.
2021-03-05 05:15:01,434 - root - INFO - f1:0.1795, p:0.2859, r:0.1715, hit:0.8643, ndcg:0.6197, topn:10.
2021-03-05 05:15:01,437 - root - INFO - Checkpointing ...
2021-03-05 05:15:02,955 - root - INFO - train loss:0.2423!
2021-03-05 05:15:04,031 - root - INFO - f1:0.1481, p:0.1687, r:0.1883, hit:0.7147, ndcg:0.4893, topn:10.
2021-03-05 05:15:05,126 - root - INFO - f1:0.1797, p:0.2865, r:0.1717, hit:0.8664, ndcg:0.6216, topn:10.
2021-03-05 05:15:05,130 - root - INFO - Checkpointing ...
2021-03-05 05:15:06,626 - root - INFO - train loss:0.2431!
2021-03-05 05:15:07,714 - root - INFO - f1:0.1480, p:0.1685, r:0.1890, hit:0.7190, ndcg:0.4925, topn:10.
2021-03-05 05:15:08,767 - root - INFO - f1:0.1807, p:0.2876, r:0.1728, hit:0.8664, ndcg:0.6221, topn:10.
2021-03-05 05:15:10,506 - root - INFO - train loss:0.2418!
2021-03-05 05:15:11,584 - root - INFO - f1:0.1484, p:0.1689, r:0.1895, hit:0.7169, ndcg:0.4918, topn:10.
2021-03-05 05:15:12,657 - root - INFO - f1:0.1806, p:0.2878, r:0.1726, hit:0.8664, ndcg:0.6218, topn:10.
2021-03-05 05:15:12,660 - root - INFO - Checkpointing ...
2021-03-05 05:15:14,316 - root - INFO - train loss:0.2403!
2021-03-05 05:15:15,599 - root - INFO - f1:0.1481, p:0.1686, r:0.1891, hit:0.7179, ndcg:0.4933, topn:10.
2021-03-05 05:15:16,705 - root - INFO - f1:0.1805, p:0.2877, r:0.1724, hit:0.8674, ndcg:0.6233, topn:10.
2021-03-05 05:15:18,347 - root - INFO - From CaseRecommender evaluator: {'PREC@10': 0.168823, 'RECALL@10': 0.189209, 'NDCG@10': 0.493439, 'MAP@10': 0.380319, 'MAP': 0.380319}.
2021-03-05 05:15:18,538 - root - INFO - From kg-summ-rec diversity evaluator: {'GENRE_COVERAGE@10': 0.477421, 'GENRE_REDUNDANCY@10': 0.420787, 'ILD_GENRE@10': 0.815177}.
2021-03-05 05:15:20,029 - root - INFO - From CaseRecommender evaluator: {'PREC@10': 0.287805, 'RECALL@10': 0.172387, 'NDCG@10': 0.622805, 'MAP@10': 0.510785, 'MAP': 0.510785}.
2021-03-05 05:15:20,223 - root - INFO - From kg-summ-rec diversity evaluator: {'GENRE_COVERAGE@10': 0.476803, 'GENRE_REDUNDANCY@10': 0.41875, 'ILD_GENRE@10': 0.816476}.
