2021-03-05 04:53:45,476 - root - INFO - Flag Values:
{
    "L1_flag": true,
    "batch_size": 256,
    "ckpt_path": "/home/juarez/git/results/JIIS-revised-exp1/ml-sun_ho_sfKG_ig-sv-complex-25/",
    "clipping_max_value": 5.0,
    "data_path": "/home/juarez/git/datasets/JIIS-revised-exp1/ml-sun_ho_sfKG_ig-sv-complex-25/cao-format/",
    "dataset": "ml1m",
    "early_stopping_steps_to_wait": 24363,
    "embedding_size": 100,
    "eval_interval_steps": 4873,
    "eval_only_mode": false,
    "experiment_name": "ml1m-transe-1614930825",
    "filter_wrong_corrupted": true,
    "has_visualization": false,
    "is_report": false,
    "joint_ratio": 0.5,
    "kg_lambda": 1.0,
    "kg_test_files": "valid.dat:test.dat",
    "l2_lambda": 0.0,
    "learning_rate": 0.001,
    "learning_rate_decay_when_no_progress": 0.5,
    "load_ckpt_file": null,
    "load_experiment_name": null,
    "log_level": "debug",
    "log_path": "/home/juarez/git/results/JIIS-revised-exp1/ml-sun_ho_sfKG_ig-sv-complex-25/",
    "margin": 1.0,
    "max_queue": 10,
    "model_type": "transe",
    "momentum": 0.9,
    "negtive_samples": 1,
    "norm_lambda": 1.0,
    "num_preferences": 4,
    "num_processes": 4,
    "optimizer_type": "Adam",
    "rec_test_files": null,
    "seed": 0,
    "share_embeddings": false,
    "topn": 10,
    "training_steps": 487300,
    "use_st_gumbel": false,
    "visualization_port": 8097
}
2021-03-05 04:53:45,534 - root - INFO - Totally 3763 train triples, 481,992 eval triples in files: /home/juarez/git/datasets/JIIS-revised-exp1/ml-sun_ho_sfKG_ig-sv-complex-25/cao-format/ml1m/kg/valid.dat;/home/juarez/git/datasets/JIIS-revised-exp1/ml-sun_ho_sfKG_ig-sv-complex-25/cao-format/ml1m/kg/test.dat!
2021-03-05 04:53:45,543 - root - INFO - successfully load 1703 entities and 3 relations!
2021-03-05 04:53:45,549 - root - INFO - Building model.
2021-03-05 04:53:47,061 - root - INFO - Architecture: TransEModel(
  (ent_embeddings): Embedding(1703, 100)
  (rel_embeddings): Embedding(3, 100)
)
2021-03-05 04:53:47,062 - root - INFO - Total params: 170600.0
2021-03-05 04:53:47,062 - root - INFO - One epoch is 15 steps.
2021-03-05 04:53:47,062 - root - INFO - Training.
2021-03-05 04:53:47,062 - root - INFO - train loss:0.0000!
2021-03-05 04:53:47,749 - root - INFO - head hit:0.0083, head mean rank:658.0811, topn:10.
2021-03-05 04:53:47,749 - root - INFO - tail hit:0.0021, tail mean rank:815.4366, topn:10.
2021-03-05 04:53:47,749 - root - INFO - avg hit:0.0052, avg mean rank:736.7588, topn:10.
2021-03-05 04:53:49,012 - root - INFO - head hit:0.0111, head mean rank:693.8175, topn:10.
2021-03-05 04:53:49,012 - root - INFO - tail hit:0.0010, tail mean rank:837.5464, topn:10.
2021-03-05 04:53:49,012 - root - INFO - avg hit:0.0060, avg mean rank:765.6820, topn:10.
2021-03-05 04:54:13,217 - root - INFO - train loss:6.1179!
2021-03-05 04:54:13,944 - root - INFO - head hit:0.2162, head mean rank:445.5821, topn:10.
2021-03-05 04:54:13,944 - root - INFO - tail hit:0.6237, tail mean rank:27.0728, topn:10.
2021-03-05 04:54:13,945 - root - INFO - avg hit:0.4200, avg mean rank:236.3274, topn:10.
2021-03-05 04:54:15,178 - root - INFO - head hit:0.1774, head mean rank:453.5353, topn:10.
2021-03-05 04:54:15,178 - root - INFO - tail hit:0.6260, tail mean rank:31.4002, topn:10.
2021-03-05 04:54:15,178 - root - INFO - avg hit:0.4017, avg mean rank:242.4677, topn:10.
2021-03-05 04:54:15,179 - root - INFO - Checkpointing ...
2021-03-05 04:54:38,712 - root - INFO - train loss:0.1390!
2021-03-05 04:54:39,414 - root - INFO - head hit:0.2370, head mean rank:403.7152, topn:10.
2021-03-05 04:54:39,414 - root - INFO - tail hit:0.6674, tail mean rank:19.9376, topn:10.
2021-03-05 04:54:39,414 - root - INFO - avg hit:0.4522, avg mean rank:211.8264, topn:10.
2021-03-05 04:54:40,546 - root - INFO - head hit:0.1895, head mean rank:430.1956, topn:10.
2021-03-05 04:54:40,546 - root - INFO - tail hit:0.6512, tail mean rank:24.6331, topn:10.
2021-03-05 04:54:40,546 - root - INFO - avg hit:0.4204, avg mean rank:227.4143, topn:10.
2021-03-05 04:54:40,547 - root - INFO - Checkpointing ...
2021-03-05 04:55:03,775 - root - INFO - train loss:0.0793!
2021-03-05 04:55:04,483 - root - INFO - head hit:0.2245, head mean rank:386.1310, topn:10.
2021-03-05 04:55:04,484 - root - INFO - tail hit:0.6985, tail mean rank:19.1247, topn:10.
2021-03-05 04:55:04,484 - root - INFO - avg hit:0.4615, avg mean rank:202.6279, topn:10.
2021-03-05 04:55:05,559 - root - INFO - head hit:0.1976, head mean rank:408.9647, topn:10.
2021-03-05 04:55:05,559 - root - INFO - tail hit:0.6512, tail mean rank:24.6069, topn:10.
2021-03-05 04:55:05,559 - root - INFO - avg hit:0.4244, avg mean rank:216.7858, topn:10.
2021-03-05 04:55:05,560 - root - INFO - Checkpointing ...
2021-03-05 04:55:28,950 - root - INFO - train loss:0.0660!
2021-03-05 04:55:29,519 - root - INFO - head hit:0.2308, head mean rank:397.1060, topn:10.
2021-03-05 04:55:29,520 - root - INFO - tail hit:0.6486, tail mean rank:26.3721, topn:10.
2021-03-05 04:55:29,520 - root - INFO - avg hit:0.4397, avg mean rank:211.7391, topn:10.
2021-03-05 04:55:30,628 - root - INFO - head hit:0.2278, head mean rank:399.0474, topn:10.
2021-03-05 04:55:30,629 - root - INFO - tail hit:0.6341, tail mean rank:26.2006, topn:10.
2021-03-05 04:55:30,629 - root - INFO - avg hit:0.4309, avg mean rank:212.6240, topn:10.
2021-03-05 04:55:30,630 - root - INFO - No improvement after one epoch. Lowering learning rate.
2021-03-05 04:55:54,113 - root - INFO - train loss:0.0118!
2021-03-05 04:55:54,808 - root - INFO - head hit:0.2412, head mean rank:388.6944, topn:10.
2021-03-05 04:55:54,808 - root - INFO - tail hit:0.7193, tail mean rank:19.9605, topn:10.
2021-03-05 04:55:54,808 - root - INFO - avg hit:0.4802, avg mean rank:204.3274, topn:10.
2021-03-05 04:55:55,970 - root - INFO - head hit:0.2399, head mean rank:382.7480, topn:10.
2021-03-05 04:55:55,971 - root - INFO - tail hit:0.6996, tail mean rank:19.1603, topn:10.
2021-03-05 04:55:55,971 - root - INFO - avg hit:0.4698, avg mean rank:200.9541, topn:10.
2021-03-05 04:55:55,972 - root - INFO - Checkpointing ...
2021-03-05 04:56:19,330 - root - INFO - train loss:0.0060!
2021-03-05 04:56:19,930 - root - INFO - head hit:0.2370, head mean rank:391.4449, topn:10.
2021-03-05 04:56:19,931 - root - INFO - tail hit:0.7214, tail mean rank:18.0021, topn:10.
2021-03-05 04:56:19,931 - root - INFO - avg hit:0.4792, avg mean rank:204.7235, topn:10.
2021-03-05 04:56:21,124 - root - INFO - head hit:0.2601, head mean rank:384.5575, topn:10.
2021-03-05 04:56:21,124 - root - INFO - tail hit:0.7157, tail mean rank:17.2681, topn:10.
2021-03-05 04:56:21,124 - root - INFO - avg hit:0.4879, avg mean rank:200.9128, topn:10.
2021-03-05 04:56:21,125 - root - INFO - No improvement after one epoch. Lowering learning rate.
2021-03-05 04:56:44,739 - root - INFO - train loss:0.0017!
2021-03-05 04:56:45,322 - root - INFO - head hit:0.2495, head mean rank:387.8087, topn:10.
2021-03-05 04:56:45,322 - root - INFO - tail hit:0.7214, tail mean rank:17.5780, topn:10.
2021-03-05 04:56:45,322 - root - INFO - avg hit:0.4854, avg mean rank:202.6933, topn:10.
2021-03-05 04:56:46,498 - root - INFO - head hit:0.2530, head mean rank:382.8690, topn:10.
2021-03-05 04:56:46,498 - root - INFO - tail hit:0.7077, tail mean rank:17.4405, topn:10.
2021-03-05 04:56:46,498 - root - INFO - avg hit:0.4803, avg mean rank:200.1547, topn:10.
2021-03-05 04:56:46,499 - root - INFO - Checkpointing ...
2021-03-05 04:57:09,754 - root - INFO - train loss:0.0004!
2021-03-05 04:57:10,410 - root - INFO - head hit:0.2432, head mean rank:389.4927, topn:10.
2021-03-05 04:57:10,410 - root - INFO - tail hit:0.7360, tail mean rank:17.0728, topn:10.
2021-03-05 04:57:10,410 - root - INFO - avg hit:0.4896, avg mean rank:203.2827, topn:10.
2021-03-05 04:57:11,514 - root - INFO - head hit:0.2601, head mean rank:383.2258, topn:10.
2021-03-05 04:57:11,515 - root - INFO - tail hit:0.7248, tail mean rank:16.7419, topn:10.
2021-03-05 04:57:11,515 - root - INFO - avg hit:0.4924, avg mean rank:199.9839, topn:10.
2021-03-05 04:57:11,515 - root - INFO - Checkpointing ...
2021-03-05 04:57:34,592 - root - INFO - train loss:0.0010!
2021-03-05 04:57:35,225 - root - INFO - head hit:0.2599, head mean rank:386.8524, topn:10.
2021-03-05 04:57:35,226 - root - INFO - tail hit:0.7464, tail mean rank:16.6195, topn:10.
2021-03-05 04:57:35,226 - root - INFO - avg hit:0.5031, avg mean rank:201.7360, topn:10.
2021-03-05 04:57:36,322 - root - INFO - head hit:0.2712, head mean rank:380.7702, topn:10.
2021-03-05 04:57:36,322 - root - INFO - tail hit:0.7278, tail mean rank:17.3014, topn:10.
2021-03-05 04:57:36,322 - root - INFO - avg hit:0.4995, avg mean rank:199.0358, topn:10.
2021-03-05 04:57:36,323 - root - INFO - Checkpointing ...
2021-03-05 04:57:59,533 - root - INFO - train loss:0.0004!
2021-03-05 04:58:00,158 - root - INFO - head hit:0.2599, head mean rank:387.7879, topn:10.
2021-03-05 04:58:00,159 - root - INFO - tail hit:0.7360, tail mean rank:17.6175, topn:10.
2021-03-05 04:58:00,159 - root - INFO - avg hit:0.4979, avg mean rank:202.7027, topn:10.
2021-03-05 04:58:01,243 - root - INFO - head hit:0.2692, head mean rank:381.1290, topn:10.
2021-03-05 04:58:01,244 - root - INFO - tail hit:0.7208, tail mean rank:17.3871, topn:10.
2021-03-05 04:58:01,244 - root - INFO - avg hit:0.4950, avg mean rank:199.2581, topn:10.
2021-03-05 04:58:01,245 - root - INFO - No improvement after one epoch. Lowering learning rate.
2021-03-05 04:58:24,379 - root - INFO - train loss:0.0003!
2021-03-05 04:58:25,043 - root - INFO - head hit:0.2578, head mean rank:386.5281, topn:10.
2021-03-05 04:58:25,043 - root - INFO - tail hit:0.7422, tail mean rank:16.9958, topn:10.
2021-03-05 04:58:25,043 - root - INFO - avg hit:0.5000, avg mean rank:201.7620, topn:10.
2021-03-05 04:58:26,199 - root - INFO - head hit:0.2732, head mean rank:380.7752, topn:10.
2021-03-05 04:58:26,199 - root - INFO - tail hit:0.7248, tail mean rank:16.8730, topn:10.
2021-03-05 04:58:26,199 - root - INFO - avg hit:0.4990, avg mean rank:198.8241, topn:10.
2021-03-05 04:58:26,200 - root - INFO - No improvement after one epoch. Lowering learning rate.
2021-03-05 04:58:49,280 - root - INFO - train loss:0.0001!
2021-03-05 04:58:49,909 - root - INFO - head hit:0.2640, head mean rank:386.2973, topn:10.
2021-03-05 04:58:49,909 - root - INFO - tail hit:0.7422, tail mean rank:17.0624, topn:10.
2021-03-05 04:58:49,909 - root - INFO - avg hit:0.5031, avg mean rank:201.6798, topn:10.
2021-03-05 04:58:50,974 - root - INFO - head hit:0.2742, head mean rank:380.0786, topn:10.
2021-03-05 04:58:50,975 - root - INFO - tail hit:0.7268, tail mean rank:16.9607, topn:10.
2021-03-05 04:58:50,975 - root - INFO - avg hit:0.5005, avg mean rank:198.5197, topn:10.
2021-03-05 04:58:50,975 - root - INFO - No improvement after one epoch. Lowering learning rate.
2021-03-05 04:59:13,976 - root - INFO - train loss:0.0000!
2021-03-05 04:59:14,552 - root - INFO - head hit:0.2620, head mean rank:386.3721, topn:10.
2021-03-05 04:59:14,552 - root - INFO - tail hit:0.7422, tail mean rank:17.0499, topn:10.
2021-03-05 04:59:14,553 - root - INFO - avg hit:0.5021, avg mean rank:201.7110, topn:10.
2021-03-05 04:59:15,571 - root - INFO - head hit:0.2742, head mean rank:379.6643, topn:10.
2021-03-05 04:59:15,572 - root - INFO - tail hit:0.7258, tail mean rank:17.0282, topn:10.
2021-03-05 04:59:15,572 - root - INFO - avg hit:0.5000, avg mean rank:198.3463, topn:10.
2021-03-05 04:59:15,573 - root - INFO - No improvement after one epoch. Lowering learning rate.
2021-03-05 04:59:38,980 - root - INFO - No improvement after 24363 steps. Stopping training.
