2021-03-05 05:15:23,654 - root - INFO - Flag Values:
{
    "L1_flag": true,
    "batch_size": 256,
    "ckpt_path": "/home/juarez/git/results/JIIS-revised-exp1/ml-sun_ho_sfKG_ig-sv-complex-25/",
    "clipping_max_value": 5.0,
    "data_path": "/home/juarez/git/datasets/JIIS-revised-exp1/ml-sun_ho_sfKG_ig-sv-complex-25/cao-format/",
    "dataset": "ml1m",
    "early_stopping_steps_to_wait": 13317,
    "embedding_size": 100,
    "eval_interval_steps": 2663,
    "eval_only_mode": false,
    "experiment_name": "ml1m-transup-1614932123",
    "filter_wrong_corrupted": true,
    "has_visualization": false,
    "is_report": false,
    "joint_ratio": 0.5,
    "kg_lambda": 1.0,
    "kg_test_files": null,
    "l2_lambda": 1e-05,
    "learning_rate": 0.005,
    "learning_rate_decay_when_no_progress": 0.5,
    "load_ckpt_file": "/home/juarez/git/results/JIIS-revised-exp1/ml-sun_ho_sfKG_ig-sv-complex-25/ml1m-bprmf-pretrained.ckpt",
    "load_experiment_name": null,
    "log_level": "debug",
    "log_path": "/home/juarez/git/results/JIIS-revised-exp1/ml-sun_ho_sfKG_ig-sv-complex-25/",
    "margin": 1.0,
    "max_queue": 10,
    "model_type": "transup",
    "momentum": 0.9,
    "negtive_samples": 1,
    "norm_lambda": 1.0,
    "num_preferences": 3,
    "num_processes": 4,
    "optimizer_type": "Adagrad",
    "rec_test_files": "valid.dat:test.dat",
    "seed": 0,
    "share_embeddings": false,
    "topn": 10,
    "training_steps": 266300,
    "use_st_gumbel": false,
    "visualization_port": 8097
}
2021-03-05 05:15:23,931 - root - INFO - Totally 69982 train ratings, 9998,19995 eval ratings in files: /home/juarez/git/datasets/JIIS-revised-exp1/ml-sun_ho_sfKG_ig-sv-complex-25/cao-format/ml1m/valid.dat;/home/juarez/git/datasets/JIIS-revised-exp1/ml-sun_ho_sfKG_ig-sv-complex-25/cao-format/ml1m/test.dat!
2021-03-05 05:15:23,934 - root - INFO - successfully load 943 users and 1675 items!
2021-03-05 05:15:24,013 - root - INFO - Building model.
2021-03-05 05:15:25,414 - root - INFO - Architecture: TransUPModel(
  (user_embeddings): Embedding(943, 100)
  (item_embeddings): Embedding(1675, 100)
  (pref_embeddings): Embedding(3, 100)
  (pref_norm_embeddings): Embedding(3, 100)
)
2021-03-05 05:15:25,415 - root - INFO - Total params: 262400.0
2021-03-05 05:15:25,415 - root - INFO - One epoch is 274 steps.
2021-03-05 05:15:25,416 - root - INFO - Found checkpoint, restoring pre-trained embeddings.
2021-03-05 05:15:25,419 - root - INFO - Load Embeddings of user_embeddings.weight, item_embeddings.weight from /home/juarez/git/results/JIIS-revised-exp1/ml-sun_ho_sfKG_ig-sv-complex-25/ml1m-bprmf-pretrained.ckpt.
2021-03-05 05:15:25,420 - root - INFO - Training.
2021-03-05 05:15:25,420 - root - INFO - train loss:0.0000!
2021-03-05 05:15:26,860 - root - INFO - f1:0.0696, p:0.0941, r:0.0743, hit:0.4422, ndcg:0.2664, topn:10.
2021-03-05 05:15:28,127 - root - INFO - f1:0.0765, p:0.1583, r:0.0610, hit:0.5620, ndcg:0.3552, topn:10.
2021-03-05 05:15:49,523 - root - INFO - train loss:78.3142!
2021-03-05 05:15:50,835 - root - INFO - f1:0.1416, p:0.1648, r:0.1773, hit:0.7137, ndcg:0.4492, topn:10.
2021-03-05 05:15:52,172 - root - INFO - f1:0.1679, p:0.2708, r:0.1612, hit:0.8526, ndcg:0.5692, topn:10.
2021-03-05 05:15:52,176 - root - INFO - Checkpointing ...
2021-03-05 05:16:14,957 - root - INFO - train loss:0.1739!
2021-03-05 05:16:16,264 - root - INFO - f1:0.1485, p:0.1724, r:0.1864, hit:0.7243, ndcg:0.4615, topn:10.
2021-03-05 05:16:17,599 - root - INFO - f1:0.1764, p:0.2844, r:0.1690, hit:0.8621, ndcg:0.5808, topn:10.
2021-03-05 05:16:17,603 - root - INFO - Checkpointing ...
2021-03-05 05:16:38,501 - root - INFO - train loss:0.1624!
2021-03-05 05:16:39,824 - root - INFO - f1:0.1525, p:0.1768, r:0.1918, hit:0.7306, ndcg:0.4690, topn:10.
2021-03-05 05:16:41,210 - root - INFO - f1:0.1804, p:0.2906, r:0.1728, hit:0.8674, ndcg:0.5904, topn:10.
2021-03-05 05:16:41,215 - root - INFO - Checkpointing ...
2021-03-05 05:17:03,267 - root - INFO - train loss:0.1567!
2021-03-05 05:17:04,526 - root - INFO - f1:0.1553, p:0.1805, r:0.1935, hit:0.7338, ndcg:0.4717, topn:10.
2021-03-05 05:17:05,901 - root - INFO - f1:0.1848, p:0.2969, r:0.1772, hit:0.8738, ndcg:0.6016, topn:10.
2021-03-05 05:17:05,905 - root - INFO - Checkpointing ...
2021-03-05 05:17:26,665 - root - INFO - train loss:0.1512!
2021-03-05 05:17:28,040 - root - INFO - f1:0.1591, p:0.1848, r:0.1980, hit:0.7444, ndcg:0.4810, topn:10.
2021-03-05 05:17:29,330 - root - INFO - f1:0.1872, p:0.3006, r:0.1796, hit:0.8780, ndcg:0.6070, topn:10.
2021-03-05 05:17:29,334 - root - INFO - Checkpointing ...
2021-03-05 05:17:49,282 - root - INFO - train loss:0.1472!
2021-03-05 05:17:50,618 - root - INFO - f1:0.1627, p:0.1883, r:0.2030, hit:0.7540, ndcg:0.4825, topn:10.
2021-03-05 05:17:51,962 - root - INFO - f1:0.1908, p:0.3062, r:0.1829, hit:0.8802, ndcg:0.6119, topn:10.
2021-03-05 05:17:51,966 - root - INFO - Checkpointing ...
2021-03-05 05:18:13,212 - root - INFO - train loss:0.1441!
2021-03-05 05:18:14,699 - root - INFO - f1:0.1648, p:0.1906, r:0.2061, hit:0.7529, ndcg:0.4902, topn:10.
2021-03-05 05:18:16,025 - root - INFO - f1:0.1932, p:0.3095, r:0.1855, hit:0.8823, ndcg:0.6181, topn:10.
2021-03-05 05:18:16,030 - root - INFO - Checkpointing ...
2021-03-05 05:18:37,232 - root - INFO - train loss:0.1418!
2021-03-05 05:18:38,601 - root - INFO - f1:0.1661, p:0.1925, r:0.2074, hit:0.7614, ndcg:0.4963, topn:10.
2021-03-05 05:18:39,878 - root - INFO - f1:0.1952, p:0.3130, r:0.1868, hit:0.8823, ndcg:0.6226, topn:10.
2021-03-05 05:18:39,882 - root - INFO - Checkpointing ...
2021-03-05 05:19:01,104 - root - INFO - train loss:0.1387!
2021-03-05 05:19:02,354 - root - INFO - f1:0.1668, p:0.1927, r:0.2084, hit:0.7593, ndcg:0.4960, topn:10.
2021-03-05 05:19:03,681 - root - INFO - f1:0.1959, p:0.3144, r:0.1873, hit:0.8802, ndcg:0.6236, topn:10.
2021-03-05 05:19:03,685 - root - INFO - Checkpointing ...
2021-03-05 05:19:23,929 - root - INFO - train loss:0.1372!
2021-03-05 05:19:25,284 - root - INFO - f1:0.1684, p:0.1948, r:0.2110, hit:0.7646, ndcg:0.5003, topn:10.
2021-03-05 05:19:26,626 - root - INFO - f1:0.1980, p:0.3172, r:0.1898, hit:0.8855, ndcg:0.6282, topn:10.
2021-03-05 05:19:26,630 - root - INFO - Checkpointing ...
2021-03-05 05:19:47,624 - root - INFO - train loss:0.1359!
2021-03-05 05:19:48,946 - root - INFO - f1:0.1717, p:0.1983, r:0.2147, hit:0.7709, ndcg:0.5042, topn:10.
2021-03-05 05:19:50,301 - root - INFO - f1:0.2017, p:0.3228, r:0.1930, hit:0.8887, ndcg:0.6314, topn:10.
2021-03-05 05:19:50,305 - root - INFO - Checkpointing ...
2021-03-05 05:20:12,273 - root - INFO - train loss:0.1337!
2021-03-05 05:20:13,519 - root - INFO - f1:0.1724, p:0.1989, r:0.2158, hit:0.7720, ndcg:0.5077, topn:10.
2021-03-05 05:20:14,861 - root - INFO - f1:0.2036, p:0.3246, r:0.1952, hit:0.8897, ndcg:0.6319, topn:10.
2021-03-05 05:20:14,865 - root - INFO - Checkpointing ...
2021-03-05 05:20:37,486 - root - INFO - train loss:0.1321!
2021-03-05 05:20:38,897 - root - INFO - f1:0.1731, p:0.1999, r:0.2161, hit:0.7709, ndcg:0.5095, topn:10.
2021-03-05 05:20:40,226 - root - INFO - f1:0.2041, p:0.3255, r:0.1957, hit:0.8876, ndcg:0.6343, topn:10.
2021-03-05 05:20:40,229 - root - INFO - Checkpointing ...
2021-03-05 05:21:00,495 - root - INFO - train loss:0.1307!
2021-03-05 05:21:01,892 - root - INFO - f1:0.1749, p:0.2019, r:0.2186, hit:0.7731, ndcg:0.5111, topn:10.
2021-03-05 05:21:03,261 - root - INFO - f1:0.2058, p:0.3283, r:0.1969, hit:0.8908, ndcg:0.6377, topn:10.
2021-03-05 05:21:03,266 - root - INFO - Checkpointing ...
2021-03-05 05:21:23,992 - root - INFO - train loss:0.1298!
2021-03-05 05:21:25,319 - root - INFO - f1:0.1770, p:0.2041, r:0.2218, hit:0.7826, ndcg:0.5164, topn:10.
2021-03-05 05:21:26,592 - root - INFO - f1:0.2077, p:0.3303, r:0.1992, hit:0.8940, ndcg:0.6406, topn:10.
2021-03-05 05:21:26,597 - root - INFO - Checkpointing ...
2021-03-05 05:21:47,817 - root - INFO - train loss:0.1282!
2021-03-05 05:21:49,197 - root - INFO - f1:0.1780, p:0.2049, r:0.2231, hit:0.7837, ndcg:0.5211, topn:10.
2021-03-05 05:21:50,559 - root - INFO - f1:0.2075, p:0.3312, r:0.1989, hit:0.8897, ndcg:0.6438, topn:10.
2021-03-05 05:21:50,563 - root - INFO - Checkpointing ...
2021-03-05 05:22:10,536 - root - INFO - train loss:0.1272!
2021-03-05 05:22:11,907 - root - INFO - f1:0.1768, p:0.2039, r:0.2200, hit:0.7731, ndcg:0.5195, topn:10.
2021-03-05 05:22:13,250 - root - INFO - f1:0.2097, p:0.3340, r:0.2012, hit:0.8940, ndcg:0.6457, topn:10.
2021-03-05 05:22:13,255 - root - INFO - No improvement after one epoch. Lowering learning rate.
2021-03-05 05:22:33,514 - root - INFO - train loss:0.1303!
2021-03-05 05:22:34,835 - root - INFO - f1:0.1850, p:0.2129, r:0.2329, hit:0.7815, ndcg:0.5379, topn:10.
2021-03-05 05:22:36,118 - root - INFO - f1:0.2166, p:0.3426, r:0.2082, hit:0.8993, ndcg:0.6692, topn:10.
2021-03-05 05:22:36,122 - root - INFO - Checkpointing ...
2021-03-05 05:22:56,957 - root - INFO - train loss:0.1225!
2021-03-05 05:22:58,276 - root - INFO - f1:0.1875, p:0.2154, r:0.2368, hit:0.7858, ndcg:0.5471, topn:10.
2021-03-05 05:22:59,603 - root - INFO - f1:0.2191, p:0.3471, r:0.2104, hit:0.8993, ndcg:0.6762, topn:10.
2021-03-05 05:22:59,607 - root - INFO - Checkpointing ...
2021-03-05 05:23:20,071 - root - INFO - train loss:0.1200!
2021-03-05 05:23:21,545 - root - INFO - f1:0.1899, p:0.2178, r:0.2401, hit:0.7879, ndcg:0.5495, topn:10.
2021-03-05 05:23:22,904 - root - INFO - f1:0.2215, p:0.3506, r:0.2126, hit:0.8971, ndcg:0.6773, topn:10.
2021-03-05 05:23:22,909 - root - INFO - Checkpointing ...
2021-03-05 05:23:42,552 - root - INFO - train loss:0.1183!
2021-03-05 05:23:43,860 - root - INFO - f1:0.1916, p:0.2197, r:0.2415, hit:0.7922, ndcg:0.5538, topn:10.
2021-03-05 05:23:45,180 - root - INFO - f1:0.2241, p:0.3551, r:0.2149, hit:0.9003, ndcg:0.6818, topn:10.
2021-03-05 05:23:45,185 - root - INFO - Checkpointing ...
2021-03-05 05:24:05,386 - root - INFO - train loss:0.1170!
2021-03-05 05:24:06,709 - root - INFO - f1:0.1939, p:0.2224, r:0.2451, hit:0.7985, ndcg:0.5567, topn:10.
2021-03-05 05:24:08,003 - root - INFO - f1:0.2260, p:0.3581, r:0.2165, hit:0.9046, ndcg:0.6862, topn:10.
2021-03-05 05:24:08,006 - root - INFO - Checkpointing ...
2021-03-05 05:24:29,583 - root - INFO - train loss:0.1157!
2021-03-05 05:24:30,891 - root - INFO - f1:0.1946, p:0.2231, r:0.2453, hit:0.7975, ndcg:0.5569, topn:10.
2021-03-05 05:24:32,255 - root - INFO - f1:0.2270, p:0.3603, r:0.2171, hit:0.9024, ndcg:0.6880, topn:10.
2021-03-05 05:24:32,258 - root - INFO - Checkpointing ...
2021-03-05 05:24:53,044 - root - INFO - train loss:0.1145!
2021-03-05 05:24:54,289 - root - INFO - f1:0.1957, p:0.2243, r:0.2470, hit:0.7985, ndcg:0.5592, topn:10.
2021-03-05 05:24:55,583 - root - INFO - f1:0.2279, p:0.3608, r:0.2183, hit:0.9035, ndcg:0.6894, topn:10.
2021-03-05 05:24:55,587 - root - INFO - Checkpointing ...
2021-03-05 05:25:15,731 - root - INFO - train loss:0.1135!
2021-03-05 05:25:17,073 - root - INFO - f1:0.1975, p:0.2261, r:0.2500, hit:0.8059, ndcg:0.5631, topn:10.
2021-03-05 05:25:18,399 - root - INFO - f1:0.2299, p:0.3637, r:0.2202, hit:0.9077, ndcg:0.6917, topn:10.
2021-03-05 05:25:18,404 - root - INFO - Checkpointing ...
2021-03-05 05:25:37,965 - root - INFO - train loss:0.1125!
2021-03-05 05:25:39,286 - root - INFO - f1:0.1979, p:0.2267, r:0.2505, hit:0.8049, ndcg:0.5641, topn:10.
2021-03-05 05:25:40,627 - root - INFO - f1:0.2307, p:0.3649, r:0.2208, hit:0.9056, ndcg:0.6921, topn:10.
2021-03-05 05:25:40,631 - root - INFO - Checkpointing ...
2021-03-05 05:26:01,357 - root - INFO - train loss:0.1120!
2021-03-05 05:26:02,665 - root - INFO - f1:0.1983, p:0.2273, r:0.2509, hit:0.8049, ndcg:0.5650, topn:10.
2021-03-05 05:26:03,986 - root - INFO - f1:0.2318, p:0.3668, r:0.2218, hit:0.9077, ndcg:0.6946, topn:10.
2021-03-05 05:26:03,993 - root - INFO - Checkpointing ...
2021-03-05 05:26:25,236 - root - INFO - train loss:0.1112!
2021-03-05 05:26:26,564 - root - INFO - f1:0.1992, p:0.2284, r:0.2518, hit:0.8070, ndcg:0.5676, topn:10.
2021-03-05 05:26:27,929 - root - INFO - f1:0.2327, p:0.3678, r:0.2230, hit:0.9120, ndcg:0.6990, topn:10.
2021-03-05 05:26:27,932 - root - INFO - Checkpointing ...
2021-03-05 05:26:48,993 - root - INFO - train loss:0.1108!
2021-03-05 05:26:50,331 - root - INFO - f1:0.1988, p:0.2276, r:0.2519, hit:0.8081, ndcg:0.5705, topn:10.
2021-03-05 05:26:51,539 - root - INFO - f1:0.2339, p:0.3694, r:0.2244, hit:0.9152, ndcg:0.7004, topn:10.
2021-03-05 05:26:51,542 - root - INFO - No improvement after one epoch. Lowering learning rate.
2021-03-05 05:27:12,413 - root - INFO - train loss:0.1126!
2021-03-05 05:27:13,755 - root - INFO - f1:0.1981, p:0.2278, r:0.2500, hit:0.7964, ndcg:0.5682, topn:10.
2021-03-05 05:27:15,129 - root - INFO - f1:0.2339, p:0.3697, r:0.2242, hit:0.9130, ndcg:0.7010, topn:10.
2021-03-05 05:27:15,136 - root - INFO - No improvement after one epoch. Lowering learning rate.
2021-03-05 05:27:35,208 - root - INFO - train loss:0.1112!
2021-03-05 05:27:36,497 - root - INFO - f1:0.1987, p:0.2287, r:0.2502, hit:0.7985, ndcg:0.5684, topn:10.
2021-03-05 05:27:37,840 - root - INFO - f1:0.2352, p:0.3717, r:0.2250, hit:0.9141, ndcg:0.7016, topn:10.
2021-03-05 05:27:37,844 - root - INFO - No improvement after one epoch. Lowering learning rate.
2021-03-05 05:27:58,106 - root - INFO - train loss:0.1102!
2021-03-05 05:27:59,460 - root - INFO - f1:0.1994, p:0.2291, r:0.2515, hit:0.7964, ndcg:0.5682, topn:10.
2021-03-05 05:28:00,676 - root - INFO - f1:0.2358, p:0.3730, r:0.2253, hit:0.9130, ndcg:0.7002, topn:10.
2021-03-05 05:28:00,682 - root - INFO - Checkpointing ...
2021-03-05 05:28:21,259 - root - INFO - train loss:0.1089!
2021-03-05 05:28:22,629 - root - INFO - f1:0.1989, p:0.2286, r:0.2509, hit:0.7975, ndcg:0.5690, topn:10.
2021-03-05 05:28:24,122 - root - INFO - f1:0.2354, p:0.3726, r:0.2247, hit:0.9120, ndcg:0.7014, topn:10.
2021-03-05 05:28:24,129 - root - INFO - No improvement after one epoch. Lowering learning rate.
2021-03-05 05:28:44,390 - root - INFO - train loss:0.1096!
2021-03-05 05:28:45,659 - root - INFO - f1:0.1998, p:0.2297, r:0.2517, hit:0.7975, ndcg:0.5683, topn:10.
2021-03-05 05:28:46,967 - root - INFO - f1:0.2360, p:0.3730, r:0.2255, hit:0.9141, ndcg:0.7029, topn:10.
2021-03-05 05:28:46,971 - root - INFO - Checkpointing ...
2021-03-05 05:29:07,822 - root - INFO - train loss:0.1090!
2021-03-05 05:29:09,125 - root - INFO - f1:0.2001, p:0.2300, r:0.2524, hit:0.7996, ndcg:0.5694, topn:10.
2021-03-05 05:29:10,339 - root - INFO - f1:0.2361, p:0.3733, r:0.2254, hit:0.9130, ndcg:0.7018, topn:10.
2021-03-05 05:29:10,342 - root - INFO - Checkpointing ...
2021-03-05 05:29:29,506 - root - INFO - train loss:0.1090!
2021-03-05 05:29:30,790 - root - INFO - f1:0.2002, p:0.2301, r:0.2526, hit:0.7996, ndcg:0.5695, topn:10.
2021-03-05 05:29:32,103 - root - INFO - f1:0.2361, p:0.3733, r:0.2254, hit:0.9130, ndcg:0.7017, topn:10.
2021-03-05 05:29:32,108 - root - INFO - Checkpointing ...
2021-03-05 05:29:52,310 - root - INFO - train loss:0.1086!
2021-03-05 05:29:53,713 - root - INFO - f1:0.1998, p:0.2297, r:0.2519, hit:0.7996, ndcg:0.5699, topn:10.
2021-03-05 05:29:55,095 - root - INFO - f1:0.2366, p:0.3739, r:0.2262, hit:0.9141, ndcg:0.7012, topn:10.
2021-03-05 05:29:55,099 - root - INFO - No improvement after one epoch. Lowering learning rate.
2021-03-05 05:30:15,832 - root - INFO - train loss:0.1086!
2021-03-05 05:30:17,146 - root - INFO - f1:0.2000, p:0.2299, r:0.2521, hit:0.8006, ndcg:0.5706, topn:10.
2021-03-05 05:30:18,428 - root - INFO - f1:0.2364, p:0.3736, r:0.2261, hit:0.9130, ndcg:0.7013, topn:10.
2021-03-05 05:30:18,433 - root - INFO - No improvement after one epoch. Lowering learning rate.
2021-03-05 05:30:38,201 - root - INFO - train loss:0.1084!
2021-03-05 05:30:39,469 - root - INFO - f1:0.2001, p:0.2301, r:0.2521, hit:0.8006, ndcg:0.5708, topn:10.
2021-03-05 05:30:40,698 - root - INFO - f1:0.2365, p:0.3739, r:0.2258, hit:0.9130, ndcg:0.7016, topn:10.
2021-03-05 05:30:40,700 - root - INFO - No improvement after one epoch. Lowering learning rate.
2021-03-05 05:31:02,076 - root - INFO - train loss:0.1084!
2021-03-05 05:31:03,345 - root - INFO - f1:0.1998, p:0.2298, r:0.2518, hit:0.8006, ndcg:0.5706, topn:10.
2021-03-05 05:31:04,660 - root - INFO - f1:0.2366, p:0.3741, r:0.2259, hit:0.9130, ndcg:0.7018, topn:10.
2021-03-05 05:31:04,665 - root - INFO - No improvement after one epoch. Lowering learning rate.
2021-03-05 05:31:25,861 - root - INFO - train loss:0.1084!
2021-03-05 05:31:27,228 - root - INFO - f1:0.1996, p:0.2297, r:0.2515, hit:0.8006, ndcg:0.5705, topn:10.
2021-03-05 05:31:28,521 - root - INFO - f1:0.2365, p:0.3740, r:0.2258, hit:0.9130, ndcg:0.7017, topn:10.
2021-03-05 05:31:28,525 - root - INFO - No improvement after one epoch. Lowering learning rate.
2021-03-05 05:31:28,571 - root - INFO - No improvement after 13317 steps. Stopping training.
2021-03-05 05:31:30,147 - root - INFO - From CaseRecommender evaluator: {'PREC@10': 0.229692, 'RECALL@10': 0.251506, 'NDCG@10': 0.570461, 'MAP@10': 0.463918, 'MAP': 0.463918}.
2021-03-05 05:31:30,341 - root - INFO - From kg-summ-rec diversity evaluator: {'GENRE_COVERAGE@10': 0.473091, 'GENRE_REDUNDANCY@10': 0.430946, 'ILD_GENRE@10': 0.811428}.
2021-03-05 05:31:32,222 - root - INFO - From CaseRecommender evaluator: {'PREC@10': 0.374019, 'RECALL@10': 0.225822, 'NDCG@10': 0.701837, 'MAP@10': 0.598395, 'MAP': 0.598395}.
2021-03-05 05:31:32,416 - root - INFO - From kg-summ-rec diversity evaluator: {'GENRE_COVERAGE@10': 0.47044, 'GENRE_REDUNDANCY@10': 0.426683, 'ILD_GENRE@10': 0.810693}.
