2021-03-25 02:21:37,203 - root - INFO - Flag Values:
{
    "L1_flag": true,
    "batch_size": 256,
    "ckpt_path": "/home/juarez/git/results/JIIS-revised-exp3/ml-cao_ho_oKG/",
    "clipping_max_value": 5.0,
    "data_path": "/home/juarez/git/datasets/JIIS-revised-exp3/ml-cao_ho_oKG/cao-format/",
    "dataset": "ml1m",
    "early_stopping_steps_to_wait": 45750,
    "embedding_size": 100,
    "eval_interval_steps": 9150,
    "eval_only_mode": false,
    "experiment_name": "ml1m-transe-1616649697",
    "filter_wrong_corrupted": true,
    "has_visualization": false,
    "is_report": false,
    "joint_ratio": 0.5,
    "kg_lambda": 1.0,
    "kg_test_files": "valid.dat:test.dat",
    "l2_lambda": 0.0,
    "learning_rate": 0.001,
    "learning_rate_decay_when_no_progress": 0.5,
    "load_ckpt_file": null,
    "load_experiment_name": null,
    "log_level": "debug",
    "log_path": "/home/juarez/git/results/JIIS-revised-exp3/ml-cao_ho_oKG/",
    "margin": 1.0,
    "max_queue": 10,
    "model_type": "transe",
    "momentum": 0.9,
    "negtive_samples": 1,
    "norm_lambda": 1.0,
    "num_preferences": 4,
    "num_processes": 4,
    "optimizer_type": "Adam",
    "rec_test_files": null,
    "seed": 0,
    "share_embeddings": false,
    "topn": 10,
    "training_steps": 915000,
    "use_st_gumbel": false,
    "visualization_port": 8097
}
2021-03-25 02:21:38,673 - root - INFO - Totally 303935 train triples, 43419,86835 eval triples in files: /home/juarez/git/datasets/JIIS-revised-exp3/ml-cao_ho_oKG/cao-format/ml1m/kg/valid.dat;/home/juarez/git/datasets/JIIS-revised-exp3/ml-cao_ho_oKG/cao-format/ml1m/kg/test.dat!
2021-03-25 02:21:38,689 - root - INFO - successfully load 14708 entities and 20 relations!
2021-03-25 02:21:38,986 - root - INFO - Building model.
2021-03-25 02:21:40,230 - root - INFO - Architecture: TransEModel(
  (ent_embeddings): Embedding(14708, 100)
  (rel_embeddings): Embedding(20, 100)
)
2021-03-25 02:21:40,230 - root - INFO - Total params: 1472800.0
2021-03-25 02:21:40,230 - root - INFO - One epoch is 1188 steps.
2021-03-25 02:21:40,230 - root - INFO - Training.
2021-03-25 02:21:40,230 - root - INFO - train loss:0.0000!
2021-03-25 02:23:07,305 - root - INFO - head hit:0.0005, head mean rank:7067.7199, topn:10.
2021-03-25 02:23:07,305 - root - INFO - tail hit:0.0004, tail mean rank:7299.3036, topn:10.
2021-03-25 02:23:07,305 - root - INFO - avg hit:0.0005, avg mean rank:7183.5118, topn:10.
2021-03-25 02:25:07,666 - root - INFO - head hit:0.0006, head mean rank:7080.9865, topn:10.
2021-03-25 02:25:07,666 - root - INFO - tail hit:0.0005, tail mean rank:7322.3836, topn:10.
2021-03-25 02:25:07,666 - root - INFO - avg hit:0.0006, avg mean rank:7201.6851, topn:10.
2021-03-25 02:26:09,732 - root - INFO - train loss:66.3382!
2021-03-25 02:27:21,158 - root - INFO - head hit:0.0847, head mean rank:1456.1519, topn:10.
2021-03-25 02:27:21,158 - root - INFO - tail hit:0.1979, tail mean rank:1344.4827, topn:10.
2021-03-25 02:27:21,158 - root - INFO - avg hit:0.1413, avg mean rank:1400.3173, topn:10.
2021-03-25 02:28:57,878 - root - INFO - head hit:0.0818, head mean rank:1439.6796, topn:10.
2021-03-25 02:28:57,878 - root - INFO - tail hit:0.1964, tail mean rank:1344.1422, topn:10.
2021-03-25 02:28:57,878 - root - INFO - avg hit:0.1391, avg mean rank:1391.9109, topn:10.
2021-03-25 02:28:57,920 - root - INFO - Checkpointing ...
2021-03-25 02:29:59,930 - root - INFO - train loss:24.4878!
2021-03-25 02:31:08,059 - root - INFO - head hit:0.1221, head mean rank:1069.9851, topn:10.
2021-03-25 02:31:08,060 - root - INFO - tail hit:0.2343, tail mean rank:991.3069, topn:10.
2021-03-25 02:31:08,060 - root - INFO - avg hit:0.1782, avg mean rank:1030.6460, topn:10.
2021-03-25 02:32:44,945 - root - INFO - head hit:0.1201, head mean rank:1072.1218, topn:10.
2021-03-25 02:32:44,946 - root - INFO - tail hit:0.2323, tail mean rank:999.0272, topn:10.
2021-03-25 02:32:44,946 - root - INFO - avg hit:0.1762, avg mean rank:1035.5745, topn:10.
2021-03-25 02:32:44,990 - root - INFO - Checkpointing ...
2021-03-25 02:33:48,258 - root - INFO - train loss:18.5328!
2021-03-25 02:34:57,463 - root - INFO - head hit:0.1429, head mean rank:945.9605, topn:10.
2021-03-25 02:34:57,463 - root - INFO - tail hit:0.2362, tail mean rank:866.8103, topn:10.
2021-03-25 02:34:57,463 - root - INFO - avg hit:0.1896, avg mean rank:906.3854, topn:10.
2021-03-25 02:36:34,468 - root - INFO - head hit:0.1414, head mean rank:950.7804, topn:10.
2021-03-25 02:36:34,469 - root - INFO - tail hit:0.2324, tail mean rank:883.1295, topn:10.
2021-03-25 02:36:34,469 - root - INFO - avg hit:0.1869, avg mean rank:916.9550, topn:10.
2021-03-25 02:36:34,512 - root - INFO - Checkpointing ...
2021-03-25 02:37:33,459 - root - INFO - train loss:16.4488!
2021-03-25 02:38:41,433 - root - INFO - head hit:0.1564, head mean rank:884.7643, topn:10.
2021-03-25 02:38:41,433 - root - INFO - tail hit:0.2399, tail mean rank:818.7785, topn:10.
2021-03-25 02:38:41,434 - root - INFO - avg hit:0.1981, avg mean rank:851.7714, topn:10.
2021-03-25 02:40:17,731 - root - INFO - head hit:0.1573, head mean rank:886.9338, topn:10.
2021-03-25 02:40:17,732 - root - INFO - tail hit:0.2399, tail mean rank:832.3749, topn:10.
2021-03-25 02:40:17,732 - root - INFO - avg hit:0.1986, avg mean rank:859.6544, topn:10.
2021-03-25 02:40:17,775 - root - INFO - Checkpointing ...
2021-03-25 02:41:21,284 - root - INFO - train loss:15.2854!
2021-03-25 02:42:30,663 - root - INFO - head hit:0.1589, head mean rank:864.9813, topn:10.
2021-03-25 02:42:30,663 - root - INFO - tail hit:0.2458, tail mean rank:796.7808, topn:10.
2021-03-25 02:42:30,663 - root - INFO - avg hit:0.2023, avg mean rank:830.8810, topn:10.
2021-03-25 02:44:07,308 - root - INFO - head hit:0.1575, head mean rank:872.4874, topn:10.
2021-03-25 02:44:07,309 - root - INFO - tail hit:0.2448, tail mean rank:804.4010, topn:10.
2021-03-25 02:44:07,309 - root - INFO - avg hit:0.2011, avg mean rank:838.4442, topn:10.
2021-03-25 02:44:07,358 - root - INFO - Checkpointing ...
2021-03-25 02:45:09,286 - root - INFO - train loss:14.6730!
2021-03-25 02:46:17,497 - root - INFO - head hit:0.1707, head mean rank:855.2686, topn:10.
2021-03-25 02:46:17,498 - root - INFO - tail hit:0.2406, tail mean rank:802.8979, topn:10.
2021-03-25 02:46:17,498 - root - INFO - avg hit:0.2057, avg mean rank:829.0833, topn:10.
2021-03-25 02:47:52,778 - root - INFO - head hit:0.1677, head mean rank:847.2953, topn:10.
2021-03-25 02:47:52,779 - root - INFO - tail hit:0.2387, tail mean rank:795.4338, topn:10.
2021-03-25 02:47:52,779 - root - INFO - avg hit:0.2032, avg mean rank:821.3645, topn:10.
2021-03-25 02:47:52,824 - root - INFO - Checkpointing ...
2021-03-25 02:48:55,610 - root - INFO - train loss:14.1529!
2021-03-25 02:50:03,844 - root - INFO - head hit:0.1703, head mean rank:824.2540, topn:10.
2021-03-25 02:50:03,844 - root - INFO - tail hit:0.2507, tail mean rank:761.9202, topn:10.
2021-03-25 02:50:03,844 - root - INFO - avg hit:0.2105, avg mean rank:793.0871, topn:10.
2021-03-25 02:51:39,426 - root - INFO - head hit:0.1704, head mean rank:824.9010, topn:10.
2021-03-25 02:51:39,427 - root - INFO - tail hit:0.2504, tail mean rank:773.4405, topn:10.
2021-03-25 02:51:39,427 - root - INFO - avg hit:0.2104, avg mean rank:799.1708, topn:10.
2021-03-25 02:51:39,462 - root - INFO - Checkpointing ...
2021-03-25 02:52:40,477 - root - INFO - train loss:13.8179!
2021-03-25 02:53:49,946 - root - INFO - head hit:0.1654, head mean rank:813.5741, topn:10.
2021-03-25 02:53:49,947 - root - INFO - tail hit:0.2505, tail mean rank:759.7473, topn:10.
2021-03-25 02:53:49,947 - root - INFO - avg hit:0.2080, avg mean rank:786.6607, topn:10.
2021-03-25 02:55:25,558 - root - INFO - head hit:0.1666, head mean rank:811.2952, topn:10.
2021-03-25 02:55:25,558 - root - INFO - tail hit:0.2536, tail mean rank:762.3678, topn:10.
2021-03-25 02:55:25,559 - root - INFO - avg hit:0.2101, avg mean rank:786.8315, topn:10.
2021-03-25 02:55:25,606 - root - INFO - No improvement after one epoch. Lowering learning rate.
2021-03-25 02:56:27,307 - root - INFO - train loss:7.9321!
2021-03-25 02:57:34,234 - root - INFO - head hit:0.2480, head mean rank:653.6147, topn:10.
2021-03-25 02:57:34,235 - root - INFO - tail hit:0.3247, tail mean rank:628.7231, topn:10.
2021-03-25 02:57:34,235 - root - INFO - avg hit:0.2863, avg mean rank:641.1689, topn:10.
2021-03-25 02:59:09,419 - root - INFO - head hit:0.2481, head mean rank:657.6210, topn:10.
2021-03-25 02:59:09,419 - root - INFO - tail hit:0.3271, tail mean rank:629.2380, topn:10.
2021-03-25 02:59:09,419 - root - INFO - avg hit:0.2876, avg mean rank:643.4295, topn:10.
2021-03-25 02:59:09,464 - root - INFO - Checkpointing ...
2021-03-25 03:00:10,422 - root - INFO - train loss:6.3629!
2021-03-25 03:01:17,810 - root - INFO - head hit:0.2558, head mean rank:648.4661, topn:10.
2021-03-25 03:01:17,810 - root - INFO - tail hit:0.3390, tail mean rank:611.1356, topn:10.
2021-03-25 03:01:17,810 - root - INFO - avg hit:0.2974, avg mean rank:629.8008, topn:10.
2021-03-25 03:02:52,572 - root - INFO - head hit:0.2583, head mean rank:651.4608, topn:10.
2021-03-25 03:02:52,572 - root - INFO - tail hit:0.3393, tail mean rank:617.3365, topn:10.
2021-03-25 03:02:52,572 - root - INFO - avg hit:0.2988, avg mean rank:634.3987, topn:10.
2021-03-25 03:02:52,615 - root - INFO - Checkpointing ...
2021-03-25 03:03:53,663 - root - INFO - train loss:6.0224!
2021-03-25 03:05:01,307 - root - INFO - head hit:0.2664, head mean rank:643.6387, topn:10.
2021-03-25 03:05:01,307 - root - INFO - tail hit:0.3414, tail mean rank:614.6582, topn:10.
2021-03-25 03:05:01,307 - root - INFO - avg hit:0.3039, avg mean rank:629.1485, topn:10.
2021-03-25 03:06:35,671 - root - INFO - head hit:0.2663, head mean rank:648.0458, topn:10.
2021-03-25 03:06:35,672 - root - INFO - tail hit:0.3430, tail mean rank:616.4232, topn:10.
2021-03-25 03:06:35,672 - root - INFO - avg hit:0.3047, avg mean rank:632.2345, topn:10.
2021-03-25 03:06:35,716 - root - INFO - Checkpointing ...
2021-03-25 03:07:36,523 - root - INFO - train loss:5.7146!
2021-03-25 03:08:43,539 - root - INFO - head hit:0.2665, head mean rank:653.1760, topn:10.
2021-03-25 03:08:43,540 - root - INFO - tail hit:0.3489, tail mean rank:621.9903, topn:10.
2021-03-25 03:08:43,540 - root - INFO - avg hit:0.3077, avg mean rank:637.5832, topn:10.
2021-03-25 03:10:18,782 - root - INFO - head hit:0.2676, head mean rank:651.0067, topn:10.
2021-03-25 03:10:18,782 - root - INFO - tail hit:0.3526, tail mean rank:623.5679, topn:10.
2021-03-25 03:10:18,782 - root - INFO - avg hit:0.3101, avg mean rank:637.2873, topn:10.
2021-03-25 03:10:18,828 - root - INFO - Checkpointing ...
2021-03-25 03:11:18,733 - root - INFO - train loss:5.6297!
2021-03-25 03:12:26,198 - root - INFO - head hit:0.2715, head mean rank:638.2265, topn:10.
2021-03-25 03:12:26,198 - root - INFO - tail hit:0.3473, tail mean rank:609.5044, topn:10.
2021-03-25 03:12:26,199 - root - INFO - avg hit:0.3094, avg mean rank:623.8654, topn:10.
2021-03-25 03:14:00,284 - root - INFO - head hit:0.2717, head mean rank:641.0288, topn:10.
2021-03-25 03:14:00,284 - root - INFO - tail hit:0.3512, tail mean rank:615.5172, topn:10.
2021-03-25 03:14:00,284 - root - INFO - avg hit:0.3115, avg mean rank:628.2730, topn:10.
2021-03-25 03:14:00,328 - root - INFO - Checkpointing ...
2021-03-25 03:15:00,541 - root - INFO - train loss:5.4644!
2021-03-25 03:16:08,073 - root - INFO - head hit:0.2789, head mean rank:645.3902, topn:10.
2021-03-25 03:16:08,073 - root - INFO - tail hit:0.3466, tail mean rank:616.6592, topn:10.
2021-03-25 03:16:08,073 - root - INFO - avg hit:0.3127, avg mean rank:631.0247, topn:10.
2021-03-25 03:17:43,051 - root - INFO - head hit:0.2766, head mean rank:643.5269, topn:10.
2021-03-25 03:17:43,052 - root - INFO - tail hit:0.3496, tail mean rank:616.9416, topn:10.
2021-03-25 03:17:43,052 - root - INFO - avg hit:0.3131, avg mean rank:630.2343, topn:10.
2021-03-25 03:17:43,097 - root - INFO - Checkpointing ...
2021-03-25 03:18:46,600 - root - INFO - train loss:5.3433!
2021-03-25 03:19:54,955 - root - INFO - head hit:0.2809, head mean rank:647.0080, topn:10.
2021-03-25 03:19:54,955 - root - INFO - tail hit:0.3502, tail mean rank:614.3433, topn:10.
2021-03-25 03:19:54,955 - root - INFO - avg hit:0.3155, avg mean rank:630.6757, topn:10.
2021-03-25 03:21:30,018 - root - INFO - head hit:0.2850, head mean rank:641.8121, topn:10.
2021-03-25 03:21:30,018 - root - INFO - tail hit:0.3532, tail mean rank:610.0728, topn:10.
2021-03-25 03:21:30,018 - root - INFO - avg hit:0.3191, avg mean rank:625.9425, topn:10.
2021-03-25 03:21:30,063 - root - INFO - Checkpointing ...
2021-03-25 03:22:33,690 - root - INFO - train loss:5.2638!
2021-03-25 03:23:40,656 - root - INFO - head hit:0.2857, head mean rank:639.7397, topn:10.
2021-03-25 03:23:40,656 - root - INFO - tail hit:0.3524, tail mean rank:612.2974, topn:10.
2021-03-25 03:23:40,656 - root - INFO - avg hit:0.3191, avg mean rank:626.0186, topn:10.
2021-03-25 03:25:16,174 - root - INFO - head hit:0.2852, head mean rank:637.7027, topn:10.
2021-03-25 03:25:16,175 - root - INFO - tail hit:0.3550, tail mean rank:611.5722, topn:10.
2021-03-25 03:25:16,175 - root - INFO - avg hit:0.3201, avg mean rank:624.6375, topn:10.
2021-03-25 03:25:16,219 - root - INFO - Checkpointing ...
2021-03-25 03:26:17,679 - root - INFO - train loss:5.2581!
2021-03-25 03:27:25,201 - root - INFO - head hit:0.2816, head mean rank:647.9669, topn:10.
2021-03-25 03:27:25,202 - root - INFO - tail hit:0.3527, tail mean rank:613.9800, topn:10.
2021-03-25 03:27:25,202 - root - INFO - avg hit:0.3172, avg mean rank:630.9734, topn:10.
2021-03-25 03:29:00,238 - root - INFO - head hit:0.2802, head mean rank:646.6341, topn:10.
2021-03-25 03:29:00,239 - root - INFO - tail hit:0.3538, tail mean rank:615.8030, topn:10.
2021-03-25 03:29:00,239 - root - INFO - avg hit:0.3170, avg mean rank:631.2186, topn:10.
2021-03-25 03:29:00,283 - root - INFO - No improvement after one epoch. Lowering learning rate.
2021-03-25 03:30:00,485 - root - INFO - train loss:3.7633!
2021-03-25 03:31:09,861 - root - INFO - head hit:0.3200, head mean rank:590.6108, topn:10.
2021-03-25 03:31:09,861 - root - INFO - tail hit:0.3883, tail mean rank:563.7591, topn:10.
2021-03-25 03:31:09,862 - root - INFO - avg hit:0.3542, avg mean rank:577.1849, topn:10.
2021-03-25 03:32:44,847 - root - INFO - head hit:0.3212, head mean rank:586.1169, topn:10.
2021-03-25 03:32:44,847 - root - INFO - tail hit:0.3904, tail mean rank:565.5186, topn:10.
2021-03-25 03:32:44,847 - root - INFO - avg hit:0.3558, avg mean rank:575.8177, topn:10.
2021-03-25 03:32:44,883 - root - INFO - Checkpointing ...
2021-03-25 03:33:46,810 - root - INFO - train loss:3.1691!
2021-03-25 03:34:53,936 - root - INFO - head hit:0.3335, head mean rank:576.0958, topn:10.
2021-03-25 03:34:53,936 - root - INFO - tail hit:0.3951, tail mean rank:558.6010, topn:10.
2021-03-25 03:34:53,936 - root - INFO - avg hit:0.3643, avg mean rank:567.3484, topn:10.
2021-03-25 03:36:29,596 - root - INFO - head hit:0.3354, head mean rank:576.2571, topn:10.
2021-03-25 03:36:29,597 - root - INFO - tail hit:0.3974, tail mean rank:561.5504, topn:10.
2021-03-25 03:36:29,597 - root - INFO - avg hit:0.3664, avg mean rank:568.9037, topn:10.
2021-03-25 03:36:29,638 - root - INFO - Checkpointing ...
2021-03-25 03:37:32,268 - root - INFO - train loss:2.9341!
2021-03-25 03:38:39,246 - root - INFO - head hit:0.3342, head mean rank:573.5492, topn:10.
2021-03-25 03:38:39,246 - root - INFO - tail hit:0.4007, tail mean rank:558.1249, topn:10.
2021-03-25 03:38:39,246 - root - INFO - avg hit:0.3674, avg mean rank:565.8370, topn:10.
2021-03-25 03:40:13,213 - root - INFO - head hit:0.3355, head mean rank:576.4026, topn:10.
2021-03-25 03:40:13,214 - root - INFO - tail hit:0.4036, tail mean rank:559.7940, topn:10.
2021-03-25 03:40:13,214 - root - INFO - avg hit:0.3696, avg mean rank:568.0983, topn:10.
2021-03-25 03:40:13,257 - root - INFO - Checkpointing ...
2021-03-25 03:41:14,177 - root - INFO - train loss:2.8021!
2021-03-25 03:42:21,578 - root - INFO - head hit:0.3392, head mean rank:576.2206, topn:10.
2021-03-25 03:42:21,578 - root - INFO - tail hit:0.4021, tail mean rank:557.8443, topn:10.
2021-03-25 03:42:21,578 - root - INFO - avg hit:0.3707, avg mean rank:567.0325, topn:10.
2021-03-25 03:43:55,381 - root - INFO - head hit:0.3397, head mean rank:573.7487, topn:10.
2021-03-25 03:43:55,382 - root - INFO - tail hit:0.4047, tail mean rank:558.9460, topn:10.
2021-03-25 03:43:55,382 - root - INFO - avg hit:0.3722, avg mean rank:566.3473, topn:10.
2021-03-25 03:43:55,424 - root - INFO - Checkpointing ...
2021-03-25 03:44:57,600 - root - INFO - train loss:2.6996!
2021-03-25 03:46:05,964 - root - INFO - head hit:0.3433, head mean rank:576.1882, topn:10.
2021-03-25 03:46:05,964 - root - INFO - tail hit:0.4025, tail mean rank:554.4186, topn:10.
2021-03-25 03:46:05,965 - root - INFO - avg hit:0.3729, avg mean rank:565.3034, topn:10.
2021-03-25 03:47:40,602 - root - INFO - head hit:0.3453, head mean rank:574.5940, topn:10.
2021-03-25 03:47:40,602 - root - INFO - tail hit:0.4062, tail mean rank:558.0060, topn:10.
2021-03-25 03:47:40,602 - root - INFO - avg hit:0.3757, avg mean rank:566.3000, topn:10.
2021-03-25 03:47:40,645 - root - INFO - Checkpointing ...
2021-03-25 03:48:41,562 - root - INFO - train loss:2.6936!
2021-03-25 03:49:49,719 - root - INFO - head hit:0.3451, head mean rank:578.0304, topn:10.
2021-03-25 03:49:49,719 - root - INFO - tail hit:0.4065, tail mean rank:559.1286, topn:10.
2021-03-25 03:49:49,719 - root - INFO - avg hit:0.3758, avg mean rank:568.5795, topn:10.
2021-03-25 03:51:24,383 - root - INFO - head hit:0.3455, head mean rank:578.9276, topn:10.
2021-03-25 03:51:24,383 - root - INFO - tail hit:0.4084, tail mean rank:557.5793, topn:10.
2021-03-25 03:51:24,383 - root - INFO - avg hit:0.3769, avg mean rank:568.2535, topn:10.
2021-03-25 03:51:24,426 - root - INFO - Checkpointing ...
2021-03-25 03:52:27,439 - root - INFO - train loss:2.6348!
2021-03-25 03:53:35,360 - root - INFO - head hit:0.3444, head mean rank:575.8776, topn:10.
2021-03-25 03:53:35,360 - root - INFO - tail hit:0.4113, tail mean rank:560.1702, topn:10.
2021-03-25 03:53:35,360 - root - INFO - avg hit:0.3779, avg mean rank:568.0239, topn:10.
2021-03-25 03:55:10,855 - root - INFO - head hit:0.3489, head mean rank:576.0374, topn:10.
2021-03-25 03:55:10,855 - root - INFO - tail hit:0.4121, tail mean rank:562.8700, topn:10.
2021-03-25 03:55:10,856 - root - INFO - avg hit:0.3805, avg mean rank:569.4537, topn:10.
2021-03-25 03:55:10,899 - root - INFO - Checkpointing ...
2021-03-25 03:56:13,534 - root - INFO - train loss:2.5778!
2021-03-25 03:57:21,027 - root - INFO - head hit:0.3482, head mean rank:576.5008, topn:10.
2021-03-25 03:57:21,027 - root - INFO - tail hit:0.4076, tail mean rank:557.5594, topn:10.
2021-03-25 03:57:21,027 - root - INFO - avg hit:0.3779, avg mean rank:567.0301, topn:10.
2021-03-25 03:58:55,671 - root - INFO - head hit:0.3510, head mean rank:576.0598, topn:10.
2021-03-25 03:58:55,672 - root - INFO - tail hit:0.4116, tail mean rank:560.1144, topn:10.
2021-03-25 03:58:55,672 - root - INFO - avg hit:0.3813, avg mean rank:568.0871, topn:10.
2021-03-25 03:58:55,714 - root - INFO - Checkpointing ...
2021-03-25 03:59:54,511 - root - INFO - train loss:2.5283!
2021-03-25 04:01:02,591 - root - INFO - head hit:0.3502, head mean rank:579.7413, topn:10.
2021-03-25 04:01:02,591 - root - INFO - tail hit:0.4138, tail mean rank:559.6006, topn:10.
2021-03-25 04:01:02,591 - root - INFO - avg hit:0.3820, avg mean rank:569.6709, topn:10.
2021-03-25 04:02:36,896 - root - INFO - head hit:0.3553, head mean rank:576.5932, topn:10.
2021-03-25 04:02:36,896 - root - INFO - tail hit:0.4147, tail mean rank:560.3182, topn:10.
2021-03-25 04:02:36,896 - root - INFO - avg hit:0.3850, avg mean rank:568.4557, topn:10.
2021-03-25 04:02:36,939 - root - INFO - Checkpointing ...
2021-03-25 04:03:38,981 - root - INFO - train loss:2.5387!
2021-03-25 04:04:45,589 - root - INFO - head hit:0.3489, head mean rank:576.4242, topn:10.
2021-03-25 04:04:45,590 - root - INFO - tail hit:0.4104, tail mean rank:559.2750, topn:10.
2021-03-25 04:04:45,590 - root - INFO - avg hit:0.3797, avg mean rank:567.8496, topn:10.
2021-03-25 04:06:20,984 - root - INFO - head hit:0.3531, head mean rank:574.0491, topn:10.
2021-03-25 04:06:20,984 - root - INFO - tail hit:0.4138, tail mean rank:559.5434, topn:10.
2021-03-25 04:06:20,984 - root - INFO - avg hit:0.3835, avg mean rank:566.7962, topn:10.
2021-03-25 04:06:21,028 - root - INFO - No improvement after one epoch. Lowering learning rate.
2021-03-25 04:07:22,904 - root - INFO - train loss:2.1662!
2021-03-25 04:08:30,846 - root - INFO - head hit:0.3679, head mean rank:556.1835, topn:10.
2021-03-25 04:08:30,846 - root - INFO - tail hit:0.4246, tail mean rank:538.4815, topn:10.
2021-03-25 04:08:30,846 - root - INFO - avg hit:0.3962, avg mean rank:547.3325, topn:10.
2021-03-25 04:10:03,961 - root - INFO - head hit:0.3737, head mean rank:555.1341, topn:10.
2021-03-25 04:10:03,962 - root - INFO - tail hit:0.4283, tail mean rank:538.3729, topn:10.
2021-03-25 04:10:03,962 - root - INFO - avg hit:0.4010, avg mean rank:546.7535, topn:10.
2021-03-25 04:10:04,005 - root - INFO - Checkpointing ...
2021-03-25 04:11:06,149 - root - INFO - train loss:1.9159!
2021-03-25 04:12:13,076 - root - INFO - head hit:0.3717, head mean rank:550.7404, topn:10.
2021-03-25 04:12:13,076 - root - INFO - tail hit:0.4326, tail mean rank:534.4410, topn:10.
2021-03-25 04:12:13,076 - root - INFO - avg hit:0.4021, avg mean rank:542.5907, topn:10.
2021-03-25 04:13:46,599 - root - INFO - head hit:0.3770, head mean rank:553.1208, topn:10.
2021-03-25 04:13:46,599 - root - INFO - tail hit:0.4354, tail mean rank:534.4988, topn:10.
2021-03-25 04:13:46,599 - root - INFO - avg hit:0.4062, avg mean rank:543.8098, topn:10.
2021-03-25 04:13:46,645 - root - INFO - Checkpointing ...
2021-03-25 04:14:49,265 - root - INFO - train loss:1.8266!
2021-03-25 04:15:56,914 - root - INFO - head hit:0.3773, head mean rank:548.8725, topn:10.
2021-03-25 04:15:56,914 - root - INFO - tail hit:0.4346, tail mean rank:533.3097, topn:10.
2021-03-25 04:15:56,914 - root - INFO - avg hit:0.4060, avg mean rank:541.0911, topn:10.
2021-03-25 04:17:30,164 - root - INFO - head hit:0.3816, head mean rank:551.5560, topn:10.
2021-03-25 04:17:30,164 - root - INFO - tail hit:0.4385, tail mean rank:534.8165, topn:10.
2021-03-25 04:17:30,164 - root - INFO - avg hit:0.4100, avg mean rank:543.1863, topn:10.
2021-03-25 04:17:30,206 - root - INFO - Checkpointing ...
2021-03-25 04:18:34,558 - root - INFO - train loss:1.7782!
2021-03-25 04:19:41,581 - root - INFO - head hit:0.3800, head mean rank:547.3836, topn:10.
2021-03-25 04:19:41,581 - root - INFO - tail hit:0.4384, tail mean rank:532.9454, topn:10.
2021-03-25 04:19:41,581 - root - INFO - avg hit:0.4092, avg mean rank:540.1645, topn:10.
2021-03-25 04:21:15,383 - root - INFO - head hit:0.3834, head mean rank:550.0312, topn:10.
2021-03-25 04:21:15,383 - root - INFO - tail hit:0.4409, tail mean rank:535.6434, topn:10.
2021-03-25 04:21:15,383 - root - INFO - avg hit:0.4122, avg mean rank:542.8373, topn:10.
2021-03-25 04:21:15,427 - root - INFO - Checkpointing ...
2021-03-25 04:22:14,493 - root - INFO - train loss:1.7067!
2021-03-25 04:23:22,081 - root - INFO - head hit:0.3826, head mean rank:550.3895, topn:10.
2021-03-25 04:23:22,082 - root - INFO - tail hit:0.4388, tail mean rank:534.3475, topn:10.
2021-03-25 04:23:22,082 - root - INFO - avg hit:0.4107, avg mean rank:542.3685, topn:10.
2021-03-25 04:24:56,840 - root - INFO - head hit:0.3864, head mean rank:547.7685, topn:10.
2021-03-25 04:24:56,840 - root - INFO - tail hit:0.4410, tail mean rank:532.7343, topn:10.
2021-03-25 04:24:56,840 - root - INFO - avg hit:0.4137, avg mean rank:540.2514, topn:10.
2021-03-25 04:24:56,884 - root - INFO - Checkpointing ...
2021-03-25 04:26:00,168 - root - INFO - train loss:1.6919!
2021-03-25 04:27:07,613 - root - INFO - head hit:0.3840, head mean rank:545.9428, topn:10.
2021-03-25 04:27:07,614 - root - INFO - tail hit:0.4422, tail mean rank:534.9945, topn:10.
2021-03-25 04:27:07,614 - root - INFO - avg hit:0.4131, avg mean rank:540.4687, topn:10.
2021-03-25 04:28:43,520 - root - INFO - head hit:0.3884, head mean rank:547.4469, topn:10.
2021-03-25 04:28:43,520 - root - INFO - tail hit:0.4428, tail mean rank:533.4419, topn:10.
2021-03-25 04:28:43,521 - root - INFO - avg hit:0.4156, avg mean rank:540.4444, topn:10.
2021-03-25 04:28:43,560 - root - INFO - Checkpointing ...
2021-03-25 04:29:45,284 - root - INFO - train loss:1.6346!
2021-03-25 04:30:52,805 - root - INFO - head hit:0.3867, head mean rank:552.5389, topn:10.
2021-03-25 04:30:52,806 - root - INFO - tail hit:0.4411, tail mean rank:536.9399, topn:10.
2021-03-25 04:30:52,806 - root - INFO - avg hit:0.4139, avg mean rank:544.7394, topn:10.
2021-03-25 04:32:26,656 - root - INFO - head hit:0.3915, head mean rank:549.2755, topn:10.
2021-03-25 04:32:26,656 - root - INFO - tail hit:0.4440, tail mean rank:535.0499, topn:10.
2021-03-25 04:32:26,656 - root - INFO - avg hit:0.4177, avg mean rank:542.1627, topn:10.
2021-03-25 04:32:26,698 - root - INFO - Checkpointing ...
2021-03-25 04:33:28,764 - root - INFO - train loss:1.6301!
2021-03-25 04:34:35,658 - root - INFO - head hit:0.3878, head mean rank:551.4588, topn:10.
2021-03-25 04:34:35,658 - root - INFO - tail hit:0.4459, tail mean rank:536.7831, topn:10.
2021-03-25 04:34:35,658 - root - INFO - avg hit:0.4169, avg mean rank:544.1209, topn:10.
2021-03-25 04:36:10,461 - root - INFO - head hit:0.3927, head mean rank:548.0673, topn:10.
2021-03-25 04:36:10,462 - root - INFO - tail hit:0.4475, tail mean rank:536.6324, topn:10.
2021-03-25 04:36:10,462 - root - INFO - avg hit:0.4201, avg mean rank:542.3499, topn:10.
2021-03-25 04:36:10,501 - root - INFO - Checkpointing ...
2021-03-25 04:37:11,518 - root - INFO - train loss:1.6125!
2021-03-25 04:38:19,133 - root - INFO - head hit:0.3909, head mean rank:549.7812, topn:10.
2021-03-25 04:38:19,133 - root - INFO - tail hit:0.4451, tail mean rank:537.8077, topn:10.
2021-03-25 04:38:19,133 - root - INFO - avg hit:0.4180, avg mean rank:543.7945, topn:10.
2021-03-25 04:39:53,541 - root - INFO - head hit:0.3947, head mean rank:547.6642, topn:10.
2021-03-25 04:39:53,542 - root - INFO - tail hit:0.4487, tail mean rank:536.1257, topn:10.
2021-03-25 04:39:53,542 - root - INFO - avg hit:0.4217, avg mean rank:541.8950, topn:10.
2021-03-25 04:39:53,585 - root - INFO - Checkpointing ...
2021-03-25 04:40:53,412 - root - INFO - train loss:1.5952!
2021-03-25 04:42:01,194 - root - INFO - head hit:0.3920, head mean rank:546.7670, topn:10.
2021-03-25 04:42:01,194 - root - INFO - tail hit:0.4467, tail mean rank:538.3830, topn:10.
2021-03-25 04:42:01,194 - root - INFO - avg hit:0.4194, avg mean rank:542.5750, topn:10.
2021-03-25 04:43:35,869 - root - INFO - head hit:0.3966, head mean rank:545.7919, topn:10.
2021-03-25 04:43:35,870 - root - INFO - tail hit:0.4488, tail mean rank:536.3949, topn:10.
2021-03-25 04:43:35,870 - root - INFO - avg hit:0.4227, avg mean rank:541.0934, topn:10.
2021-03-25 04:43:35,917 - root - INFO - Checkpointing ...
2021-03-25 04:44:34,450 - root - INFO - train loss:1.5756!
2021-03-25 04:45:41,383 - root - INFO - head hit:0.3902, head mean rank:550.5266, topn:10.
2021-03-25 04:45:41,383 - root - INFO - tail hit:0.4448, tail mean rank:535.8487, topn:10.
2021-03-25 04:45:41,383 - root - INFO - avg hit:0.4175, avg mean rank:543.1877, topn:10.
2021-03-25 04:47:15,701 - root - INFO - head hit:0.3945, head mean rank:549.4587, topn:10.
2021-03-25 04:47:15,702 - root - INFO - tail hit:0.4494, tail mean rank:535.7088, topn:10.
2021-03-25 04:47:15,702 - root - INFO - avg hit:0.4220, avg mean rank:542.5837, topn:10.
2021-03-25 04:47:15,756 - root - INFO - No improvement after one epoch. Lowering learning rate.
2021-03-25 04:48:15,952 - root - INFO - train loss:1.4699!
2021-03-25 04:49:22,999 - root - INFO - head hit:0.3993, head mean rank:544.0001, topn:10.
2021-03-25 04:49:22,999 - root - INFO - tail hit:0.4528, tail mean rank:531.5004, topn:10.
2021-03-25 04:49:22,999 - root - INFO - avg hit:0.4260, avg mean rank:537.7502, topn:10.
2021-03-25 04:50:57,160 - root - INFO - head hit:0.4033, head mean rank:542.3173, topn:10.
2021-03-25 04:50:57,161 - root - INFO - tail hit:0.4565, tail mean rank:529.3148, topn:10.
2021-03-25 04:50:57,161 - root - INFO - avg hit:0.4299, avg mean rank:535.8160, topn:10.
2021-03-25 04:50:57,205 - root - INFO - Checkpointing ...
2021-03-25 04:51:56,869 - root - INFO - train loss:1.3856!
2021-03-25 04:53:04,700 - root - INFO - head hit:0.4017, head mean rank:542.5519, topn:10.
2021-03-25 04:53:04,700 - root - INFO - tail hit:0.4552, tail mean rank:528.0868, topn:10.
2021-03-25 04:53:04,701 - root - INFO - avg hit:0.4284, avg mean rank:535.3193, topn:10.
2021-03-25 04:54:38,442 - root - INFO - head hit:0.4063, head mean rank:540.6163, topn:10.
2021-03-25 04:54:38,443 - root - INFO - tail hit:0.4586, tail mean rank:526.1990, topn:10.
2021-03-25 04:54:38,443 - root - INFO - avg hit:0.4324, avg mean rank:533.4077, topn:10.
2021-03-25 04:54:38,484 - root - INFO - Checkpointing ...
2021-03-25 04:55:39,932 - root - INFO - train loss:1.3315!
2021-03-25 04:56:47,327 - root - INFO - head hit:0.4044, head mean rank:539.4719, topn:10.
2021-03-25 04:56:47,327 - root - INFO - tail hit:0.4561, tail mean rank:528.4757, topn:10.
2021-03-25 04:56:47,327 - root - INFO - avg hit:0.4303, avg mean rank:533.9738, topn:10.
2021-03-25 04:58:22,152 - root - INFO - head hit:0.4098, head mean rank:537.6870, topn:10.
2021-03-25 04:58:22,153 - root - INFO - tail hit:0.4609, tail mean rank:527.0098, topn:10.
2021-03-25 04:58:22,153 - root - INFO - avg hit:0.4353, avg mean rank:532.3484, topn:10.
2021-03-25 04:58:22,191 - root - INFO - Checkpointing ...
2021-03-25 04:59:23,970 - root - INFO - train loss:1.2878!
2021-03-25 05:00:30,662 - root - INFO - head hit:0.4069, head mean rank:540.1128, topn:10.
2021-03-25 05:00:30,662 - root - INFO - tail hit:0.4575, tail mean rank:529.3739, topn:10.
2021-03-25 05:00:30,662 - root - INFO - avg hit:0.4322, avg mean rank:534.7433, topn:10.
2021-03-25 05:02:04,150 - root - INFO - head hit:0.4117, head mean rank:537.5056, topn:10.
2021-03-25 05:02:04,150 - root - INFO - tail hit:0.4624, tail mean rank:527.0617, topn:10.
2021-03-25 05:02:04,150 - root - INFO - avg hit:0.4371, avg mean rank:532.2836, topn:10.
2021-03-25 05:02:04,189 - root - INFO - Checkpointing ...
2021-03-25 05:03:05,272 - root - INFO - train loss:1.2910!
2021-03-25 05:04:13,771 - root - INFO - head hit:0.4087, head mean rank:540.1722, topn:10.
2021-03-25 05:04:13,771 - root - INFO - tail hit:0.4608, tail mean rank:529.1413, topn:10.
2021-03-25 05:04:13,771 - root - INFO - avg hit:0.4347, avg mean rank:534.6567, topn:10.
2021-03-25 05:05:46,694 - root - INFO - head hit:0.4123, head mean rank:537.9248, topn:10.
2021-03-25 05:05:46,695 - root - INFO - tail hit:0.4631, tail mean rank:526.0887, topn:10.
2021-03-25 05:05:46,695 - root - INFO - avg hit:0.4377, avg mean rank:532.0068, topn:10.
2021-03-25 05:05:46,733 - root - INFO - Checkpointing ...
2021-03-25 05:06:43,081 - root - INFO - train loss:1.2790!
2021-03-25 05:07:50,497 - root - INFO - head hit:0.4077, head mean rank:540.8358, topn:10.
2021-03-25 05:07:50,497 - root - INFO - tail hit:0.4606, tail mean rank:527.5236, topn:10.
2021-03-25 05:07:50,497 - root - INFO - avg hit:0.4342, avg mean rank:534.1797, topn:10.
2021-03-25 05:09:25,004 - root - INFO - head hit:0.4122, head mean rank:538.3291, topn:10.
2021-03-25 05:09:25,005 - root - INFO - tail hit:0.4644, tail mean rank:525.5458, topn:10.
2021-03-25 05:09:25,005 - root - INFO - avg hit:0.4383, avg mean rank:531.9374, topn:10.
2021-03-25 05:09:25,047 - root - INFO - No improvement after one epoch. Lowering learning rate.
2021-03-25 05:10:17,839 - root - INFO - train loss:1.2432!
2021-03-25 05:11:24,922 - root - INFO - head hit:0.4120, head mean rank:536.8583, topn:10.
2021-03-25 05:11:24,923 - root - INFO - tail hit:0.4640, tail mean rank:526.3988, topn:10.
2021-03-25 05:11:24,923 - root - INFO - avg hit:0.4380, avg mean rank:531.6285, topn:10.
2021-03-25 05:12:59,295 - root - INFO - head hit:0.4172, head mean rank:534.7522, topn:10.
2021-03-25 05:12:59,296 - root - INFO - tail hit:0.4665, tail mean rank:524.5547, topn:10.
2021-03-25 05:12:59,296 - root - INFO - avg hit:0.4418, avg mean rank:529.6535, topn:10.
2021-03-25 05:12:59,342 - root - INFO - Checkpointing ...
2021-03-25 05:13:52,622 - root - INFO - train loss:1.1869!
2021-03-25 05:15:00,337 - root - INFO - head hit:0.4140, head mean rank:537.1229, topn:10.
2021-03-25 05:15:00,338 - root - INFO - tail hit:0.4646, tail mean rank:525.2756, topn:10.
2021-03-25 05:15:00,338 - root - INFO - avg hit:0.4393, avg mean rank:531.1992, topn:10.
2021-03-25 05:16:35,790 - root - INFO - head hit:0.4182, head mean rank:534.8839, topn:10.
2021-03-25 05:16:35,791 - root - INFO - tail hit:0.4686, tail mean rank:523.6143, topn:10.
2021-03-25 05:16:35,791 - root - INFO - avg hit:0.4434, avg mean rank:529.2491, topn:10.
2021-03-25 05:16:35,832 - root - INFO - Checkpointing ...
2021-03-25 05:17:29,029 - root - INFO - train loss:1.1813!
2021-03-25 05:18:37,408 - root - INFO - head hit:0.4151, head mean rank:535.4595, topn:10.
2021-03-25 05:18:37,409 - root - INFO - tail hit:0.4654, tail mean rank:525.3550, topn:10.
2021-03-25 05:18:37,409 - root - INFO - avg hit:0.4403, avg mean rank:530.4073, topn:10.
2021-03-25 05:20:12,013 - root - INFO - head hit:0.4207, head mean rank:532.1697, topn:10.
2021-03-25 05:20:12,013 - root - INFO - tail hit:0.4700, tail mean rank:523.5109, topn:10.
2021-03-25 05:20:12,013 - root - INFO - avg hit:0.4453, avg mean rank:527.8403, topn:10.
2021-03-25 05:20:12,045 - root - INFO - Checkpointing ...
2021-03-25 05:21:05,526 - root - INFO - train loss:1.1682!
2021-03-25 05:22:12,694 - root - INFO - head hit:0.4172, head mean rank:535.4162, topn:10.
2021-03-25 05:22:12,694 - root - INFO - tail hit:0.4661, tail mean rank:524.0762, topn:10.
2021-03-25 05:22:12,694 - root - INFO - avg hit:0.4416, avg mean rank:529.7462, topn:10.
2021-03-25 05:23:47,830 - root - INFO - head hit:0.4212, head mean rank:532.7262, topn:10.
2021-03-25 05:23:47,830 - root - INFO - tail hit:0.4703, tail mean rank:522.4444, topn:10.
2021-03-25 05:23:47,831 - root - INFO - avg hit:0.4458, avg mean rank:527.5853, topn:10.
2021-03-25 05:23:47,871 - root - INFO - Checkpointing ...
2021-03-25 05:24:48,655 - root - INFO - train loss:1.1133!
2021-03-25 05:25:56,295 - root - INFO - head hit:0.4174, head mean rank:534.5625, topn:10.
2021-03-25 05:25:56,295 - root - INFO - tail hit:0.4663, tail mean rank:523.5889, topn:10.
2021-03-25 05:25:56,295 - root - INFO - avg hit:0.4418, avg mean rank:529.0757, topn:10.
2021-03-25 05:27:29,286 - root - INFO - head hit:0.4221, head mean rank:532.2308, topn:10.
2021-03-25 05:27:29,286 - root - INFO - tail hit:0.4713, tail mean rank:522.2726, topn:10.
2021-03-25 05:27:29,286 - root - INFO - avg hit:0.4467, avg mean rank:527.2517, topn:10.
2021-03-25 05:27:29,328 - root - INFO - Checkpointing ...
2021-03-25 05:28:34,552 - root - INFO - train loss:1.1301!
2021-03-25 05:29:41,779 - root - INFO - head hit:0.4202, head mean rank:533.1117, topn:10.
2021-03-25 05:29:41,779 - root - INFO - tail hit:0.4692, tail mean rank:523.2940, topn:10.
2021-03-25 05:29:41,779 - root - INFO - avg hit:0.4447, avg mean rank:528.2028, topn:10.
2021-03-25 05:31:17,591 - root - INFO - head hit:0.4230, head mean rank:532.1300, topn:10.
2021-03-25 05:31:17,591 - root - INFO - tail hit:0.4723, tail mean rank:522.1665, topn:10.
2021-03-25 05:31:17,591 - root - INFO - avg hit:0.4477, avg mean rank:527.1483, topn:10.
2021-03-25 05:31:17,635 - root - INFO - Checkpointing ...
2021-03-25 05:32:21,156 - root - INFO - train loss:1.1253!
2021-03-25 05:33:27,976 - root - INFO - head hit:0.4186, head mean rank:533.1310, topn:10.
2021-03-25 05:33:27,976 - root - INFO - tail hit:0.4693, tail mean rank:522.1776, topn:10.
2021-03-25 05:33:27,976 - root - INFO - avg hit:0.4440, avg mean rank:527.6543, topn:10.
2021-03-25 05:35:02,765 - root - INFO - head hit:0.4240, head mean rank:531.2515, topn:10.
2021-03-25 05:35:02,766 - root - INFO - tail hit:0.4729, tail mean rank:521.3754, topn:10.
2021-03-25 05:35:02,766 - root - INFO - avg hit:0.4484, avg mean rank:526.3135, topn:10.
2021-03-25 05:35:02,808 - root - INFO - No improvement after one epoch. Lowering learning rate.
2021-03-25 05:36:05,407 - root - INFO - train loss:1.0940!
2021-03-25 05:37:13,257 - root - INFO - head hit:0.4203, head mean rank:532.1072, topn:10.
2021-03-25 05:37:13,257 - root - INFO - tail hit:0.4704, tail mean rank:522.0023, topn:10.
2021-03-25 05:37:13,258 - root - INFO - avg hit:0.4453, avg mean rank:527.0548, topn:10.
2021-03-25 05:38:47,142 - root - INFO - head hit:0.4251, head mean rank:530.4487, topn:10.
2021-03-25 05:38:47,142 - root - INFO - tail hit:0.4744, tail mean rank:521.1621, topn:10.
2021-03-25 05:38:47,142 - root - INFO - avg hit:0.4498, avg mean rank:525.8054, topn:10.
2021-03-25 05:38:47,193 - root - INFO - Checkpointing ...
2021-03-25 05:39:50,101 - root - INFO - train loss:1.0839!
2021-03-25 05:40:57,579 - root - INFO - head hit:0.4207, head mean rank:531.3199, topn:10.
2021-03-25 05:40:57,580 - root - INFO - tail hit:0.4705, tail mean rank:520.9986, topn:10.
2021-03-25 05:40:57,580 - root - INFO - avg hit:0.4456, avg mean rank:526.1592, topn:10.
2021-03-25 05:42:33,144 - root - INFO - head hit:0.4261, head mean rank:529.5060, topn:10.
2021-03-25 05:42:33,145 - root - INFO - tail hit:0.4751, tail mean rank:520.4163, topn:10.
2021-03-25 05:42:33,145 - root - INFO - avg hit:0.4506, avg mean rank:524.9612, topn:10.
2021-03-25 05:42:33,189 - root - INFO - Checkpointing ...
2021-03-25 05:43:36,533 - root - INFO - train loss:1.0645!
2021-03-25 05:44:44,453 - root - INFO - head hit:0.4219, head mean rank:530.7247, topn:10.
2021-03-25 05:44:44,454 - root - INFO - tail hit:0.4713, tail mean rank:521.2300, topn:10.
2021-03-25 05:44:44,454 - root - INFO - avg hit:0.4466, avg mean rank:525.9773, topn:10.
2021-03-25 05:46:18,120 - root - INFO - head hit:0.4275, head mean rank:528.7553, topn:10.
2021-03-25 05:46:18,121 - root - INFO - tail hit:0.4758, tail mean rank:520.2313, topn:10.
2021-03-25 05:46:18,121 - root - INFO - avg hit:0.4516, avg mean rank:524.4933, topn:10.
2021-03-25 05:46:18,164 - root - INFO - Checkpointing ...
2021-03-25 05:47:21,055 - root - INFO - train loss:1.0797!
2021-03-25 05:48:27,886 - root - INFO - head hit:0.4224, head mean rank:531.1851, topn:10.
2021-03-25 05:48:27,886 - root - INFO - tail hit:0.4717, tail mean rank:521.6488, topn:10.
2021-03-25 05:48:27,886 - root - INFO - avg hit:0.4471, avg mean rank:526.4170, topn:10.
2021-03-25 05:50:02,999 - root - INFO - head hit:0.4274, head mean rank:529.4914, topn:10.
2021-03-25 05:50:02,999 - root - INFO - tail hit:0.4758, tail mean rank:520.8821, topn:10.
2021-03-25 05:50:02,999 - root - INFO - avg hit:0.4516, avg mean rank:525.1867, topn:10.
2021-03-25 05:50:03,038 - root - INFO - Checkpointing ...
2021-03-25 05:50:59,930 - root - INFO - train loss:1.0592!
2021-03-25 05:52:07,267 - root - INFO - head hit:0.4240, head mean rank:530.6678, topn:10.
2021-03-25 05:52:07,267 - root - INFO - tail hit:0.4723, tail mean rank:521.1126, topn:10.
2021-03-25 05:52:07,267 - root - INFO - avg hit:0.4481, avg mean rank:525.8902, topn:10.
2021-03-25 05:53:40,616 - root - INFO - head hit:0.4284, head mean rank:529.3863, topn:10.
2021-03-25 05:53:40,616 - root - INFO - tail hit:0.4768, tail mean rank:520.4273, topn:10.
2021-03-25 05:53:40,616 - root - INFO - avg hit:0.4526, avg mean rank:524.9068, topn:10.
2021-03-25 05:53:40,656 - root - INFO - Checkpointing ...
2021-03-25 05:54:41,877 - root - INFO - train loss:1.0384!
2021-03-25 05:55:49,449 - root - INFO - head hit:0.4235, head mean rank:530.9225, topn:10.
2021-03-25 05:55:49,449 - root - INFO - tail hit:0.4726, tail mean rank:520.9709, topn:10.
2021-03-25 05:55:49,449 - root - INFO - avg hit:0.4481, avg mean rank:525.9467, topn:10.
2021-03-25 05:57:23,943 - root - INFO - head hit:0.4290, head mean rank:529.5919, topn:10.
2021-03-25 05:57:23,943 - root - INFO - tail hit:0.4770, tail mean rank:520.3449, topn:10.
2021-03-25 05:57:23,943 - root - INFO - avg hit:0.4530, avg mean rank:524.9684, topn:10.
2021-03-25 05:57:23,986 - root - INFO - No improvement after one epoch. Lowering learning rate.
2021-03-25 05:58:23,440 - root - INFO - train loss:1.0406!
2021-03-25 05:59:29,744 - root - INFO - head hit:0.4233, head mean rank:530.3289, topn:10.
2021-03-25 05:59:29,744 - root - INFO - tail hit:0.4731, tail mean rank:520.5319, topn:10.
2021-03-25 05:59:29,744 - root - INFO - avg hit:0.4482, avg mean rank:525.4304, topn:10.
2021-03-25 06:01:04,436 - root - INFO - head hit:0.4295, head mean rank:529.0437, topn:10.
2021-03-25 06:01:04,436 - root - INFO - tail hit:0.4773, tail mean rank:520.0207, topn:10.
2021-03-25 06:01:04,436 - root - INFO - avg hit:0.4534, avg mean rank:524.5322, topn:10.
2021-03-25 06:01:04,476 - root - INFO - Checkpointing ...
2021-03-25 06:01:58,031 - root - INFO - train loss:1.0252!
2021-03-25 06:03:06,027 - root - INFO - head hit:0.4250, head mean rank:530.0969, topn:10.
2021-03-25 06:03:06,028 - root - INFO - tail hit:0.4730, tail mean rank:520.6229, topn:10.
2021-03-25 06:03:06,028 - root - INFO - avg hit:0.4490, avg mean rank:525.3599, topn:10.
2021-03-25 06:04:40,460 - root - INFO - head hit:0.4301, head mean rank:528.7643, topn:10.
2021-03-25 06:04:40,460 - root - INFO - tail hit:0.4775, tail mean rank:519.9643, topn:10.
2021-03-25 06:04:40,460 - root - INFO - avg hit:0.4538, avg mean rank:524.3643, topn:10.
2021-03-25 06:04:40,504 - root - INFO - Checkpointing ...
2021-03-25 06:05:34,369 - root - INFO - train loss:1.0327!
2021-03-25 06:06:41,261 - root - INFO - head hit:0.4250, head mean rank:530.0777, topn:10.
2021-03-25 06:06:41,261 - root - INFO - tail hit:0.4738, tail mean rank:520.2287, topn:10.
2021-03-25 06:06:41,261 - root - INFO - avg hit:0.4494, avg mean rank:525.1532, topn:10.
2021-03-25 06:08:15,298 - root - INFO - head hit:0.4299, head mean rank:528.7580, topn:10.
2021-03-25 06:08:15,298 - root - INFO - tail hit:0.4782, tail mean rank:519.7994, topn:10.
2021-03-25 06:08:15,298 - root - INFO - avg hit:0.4540, avg mean rank:524.2787, topn:10.
2021-03-25 06:08:15,343 - root - INFO - Checkpointing ...
2021-03-25 06:09:08,245 - root - INFO - train loss:1.0230!
2021-03-25 06:10:15,874 - root - INFO - head hit:0.4254, head mean rank:530.2619, topn:10.
2021-03-25 06:10:15,875 - root - INFO - tail hit:0.4738, tail mean rank:519.7339, topn:10.
2021-03-25 06:10:15,875 - root - INFO - avg hit:0.4496, avg mean rank:524.9979, topn:10.
2021-03-25 06:11:49,141 - root - INFO - head hit:0.4303, head mean rank:529.1006, topn:10.
2021-03-25 06:11:49,142 - root - INFO - tail hit:0.4786, tail mean rank:519.5358, topn:10.
2021-03-25 06:11:49,145 - root - INFO - avg hit:0.4544, avg mean rank:524.3182, topn:10.
2021-03-25 06:11:49,213 - root - INFO - Checkpointing ...
2021-03-25 06:12:44,967 - root - INFO - train loss:1.0143!
2021-03-25 06:13:52,990 - root - INFO - head hit:0.4257, head mean rank:530.0724, topn:10.
2021-03-25 06:13:52,990 - root - INFO - tail hit:0.4743, tail mean rank:519.7693, topn:10.
2021-03-25 06:13:52,994 - root - INFO - avg hit:0.4500, avg mean rank:524.9208, topn:10.
2021-03-25 06:15:27,622 - root - INFO - head hit:0.4305, head mean rank:528.7933, topn:10.
2021-03-25 06:15:27,623 - root - INFO - tail hit:0.4786, tail mean rank:519.5458, topn:10.
2021-03-25 06:15:27,623 - root - INFO - avg hit:0.4545, avg mean rank:524.1695, topn:10.
2021-03-25 06:15:27,674 - root - INFO - Checkpointing ...
2021-03-25 06:16:25,418 - root - INFO - train loss:1.0322!
2021-03-25 06:17:32,122 - root - INFO - head hit:0.4257, head mean rank:529.9646, topn:10.
2021-03-25 06:17:32,122 - root - INFO - tail hit:0.4742, tail mean rank:519.1155, topn:10.
2021-03-25 06:17:32,122 - root - INFO - avg hit:0.4499, avg mean rank:524.5401, topn:10.
2021-03-25 06:19:08,125 - root - INFO - head hit:0.4307, head mean rank:528.8418, topn:10.
2021-03-25 06:19:08,125 - root - INFO - tail hit:0.4790, tail mean rank:519.0409, topn:10.
2021-03-25 06:19:08,126 - root - INFO - avg hit:0.4549, avg mean rank:523.9414, topn:10.
2021-03-25 06:19:08,166 - root - INFO - No improvement after one epoch. Lowering learning rate.
2021-03-25 06:20:05,080 - root - INFO - train loss:1.0321!
2021-03-25 06:21:12,121 - root - INFO - head hit:0.4262, head mean rank:529.8960, topn:10.
2021-03-25 06:21:12,121 - root - INFO - tail hit:0.4747, tail mean rank:518.9499, topn:10.
2021-03-25 06:21:12,121 - root - INFO - avg hit:0.4504, avg mean rank:524.4230, topn:10.
2021-03-25 06:22:45,615 - root - INFO - head hit:0.4310, head mean rank:528.7257, topn:10.
2021-03-25 06:22:45,615 - root - INFO - tail hit:0.4794, tail mean rank:518.8483, topn:10.
2021-03-25 06:22:45,615 - root - INFO - avg hit:0.4552, avg mean rank:523.7870, topn:10.
2021-03-25 06:22:45,655 - root - INFO - Checkpointing ...
2021-03-25 06:23:40,418 - root - INFO - train loss:1.0218!
2021-03-25 06:24:48,821 - root - INFO - head hit:0.4262, head mean rank:529.6275, topn:10.
2021-03-25 06:24:48,822 - root - INFO - tail hit:0.4751, tail mean rank:519.0692, topn:10.
2021-03-25 06:24:48,822 - root - INFO - avg hit:0.4506, avg mean rank:524.3484, topn:10.
2021-03-25 06:26:21,996 - root - INFO - head hit:0.4309, head mean rank:528.4819, topn:10.
2021-03-25 06:26:21,997 - root - INFO - tail hit:0.4795, tail mean rank:518.8633, topn:10.
2021-03-25 06:26:21,997 - root - INFO - avg hit:0.4552, avg mean rank:523.6726, topn:10.
2021-03-25 06:26:22,040 - root - INFO - Checkpointing ...
2021-03-25 06:27:15,689 - root - INFO - train loss:1.0205!
2021-03-25 06:28:22,490 - root - INFO - head hit:0.4259, head mean rank:529.4891, topn:10.
2021-03-25 06:28:22,491 - root - INFO - tail hit:0.4750, tail mean rank:519.0664, topn:10.
2021-03-25 06:28:22,491 - root - INFO - avg hit:0.4505, avg mean rank:524.2778, topn:10.
2021-03-25 06:29:58,589 - root - INFO - head hit:0.4308, head mean rank:528.2726, topn:10.
2021-03-25 06:29:58,589 - root - INFO - tail hit:0.4796, tail mean rank:518.7872, topn:10.
2021-03-25 06:29:58,589 - root - INFO - avg hit:0.4552, avg mean rank:523.5299, topn:10.
2021-03-25 06:29:58,633 - root - INFO - No improvement after one epoch. Lowering learning rate.
2021-03-25 06:30:52,189 - root - INFO - train loss:1.0137!
2021-03-25 06:31:59,044 - root - INFO - head hit:0.4261, head mean rank:529.4263, topn:10.
2021-03-25 06:31:59,044 - root - INFO - tail hit:0.4752, tail mean rank:519.1763, topn:10.
2021-03-25 06:31:59,044 - root - INFO - avg hit:0.4507, avg mean rank:524.3013, topn:10.
2021-03-25 06:33:33,307 - root - INFO - head hit:0.4309, head mean rank:528.2290, topn:10.
2021-03-25 06:33:33,307 - root - INFO - tail hit:0.4797, tail mean rank:518.8438, topn:10.
2021-03-25 06:33:33,307 - root - INFO - avg hit:0.4553, avg mean rank:523.5364, topn:10.
2021-03-25 06:33:33,350 - root - INFO - Checkpointing ...
2021-03-25 06:34:26,745 - root - INFO - train loss:0.9963!
2021-03-25 06:35:34,800 - root - INFO - head hit:0.4262, head mean rank:529.3718, topn:10.
2021-03-25 06:35:34,801 - root - INFO - tail hit:0.4754, tail mean rank:519.0644, topn:10.
2021-03-25 06:35:34,805 - root - INFO - avg hit:0.4508, avg mean rank:524.2181, topn:10.
2021-03-25 06:37:07,806 - root - INFO - head hit:0.4313, head mean rank:528.2071, topn:10.
2021-03-25 06:37:07,807 - root - INFO - tail hit:0.4797, tail mean rank:518.7243, topn:10.
2021-03-25 06:37:07,807 - root - INFO - avg hit:0.4555, avg mean rank:523.4657, topn:10.
2021-03-25 06:37:07,846 - root - INFO - Checkpointing ...
2021-03-25 06:38:01,608 - root - INFO - train loss:1.0132!
2021-03-25 06:39:08,491 - root - INFO - head hit:0.4264, head mean rank:529.3148, topn:10.
2021-03-25 06:39:08,491 - root - INFO - tail hit:0.4754, tail mean rank:518.9928, topn:10.
2021-03-25 06:39:08,491 - root - INFO - avg hit:0.4509, avg mean rank:524.1538, topn:10.
2021-03-25 06:40:43,749 - root - INFO - head hit:0.4313, head mean rank:528.1482, topn:10.
2021-03-25 06:40:43,749 - root - INFO - tail hit:0.4796, tail mean rank:518.5492, topn:10.
2021-03-25 06:40:43,749 - root - INFO - avg hit:0.4555, avg mean rank:523.3487, topn:10.
2021-03-25 06:40:43,792 - root - INFO - Checkpointing ...
2021-03-25 06:41:40,654 - root - INFO - train loss:1.0050!
2021-03-25 06:42:49,053 - root - INFO - head hit:0.4268, head mean rank:529.2067, topn:10.
2021-03-25 06:42:49,053 - root - INFO - tail hit:0.4756, tail mean rank:518.9588, topn:10.
2021-03-25 06:42:49,053 - root - INFO - avg hit:0.4512, avg mean rank:524.0827, topn:10.
2021-03-25 06:44:23,371 - root - INFO - head hit:0.4313, head mean rank:527.9285, topn:10.
2021-03-25 06:44:23,372 - root - INFO - tail hit:0.4799, tail mean rank:518.4964, topn:10.
2021-03-25 06:44:23,372 - root - INFO - avg hit:0.4556, avg mean rank:523.2124, topn:10.
2021-03-25 06:44:23,414 - root - INFO - Checkpointing ...
2021-03-25 06:45:19,956 - root - INFO - train loss:1.0016!
2021-03-25 06:46:27,822 - root - INFO - head hit:0.4270, head mean rank:529.2088, topn:10.
2021-03-25 06:46:27,823 - root - INFO - tail hit:0.4756, tail mean rank:519.0236, topn:10.
2021-03-25 06:46:27,823 - root - INFO - avg hit:0.4513, avg mean rank:524.1162, topn:10.
2021-03-25 06:48:01,812 - root - INFO - head hit:0.4317, head mean rank:527.8532, topn:10.
2021-03-25 06:48:01,813 - root - INFO - tail hit:0.4798, tail mean rank:518.4637, topn:10.
2021-03-25 06:48:01,813 - root - INFO - avg hit:0.4558, avg mean rank:523.1584, topn:10.
2021-03-25 06:48:01,854 - root - INFO - Checkpointing ...
2021-03-25 06:48:55,456 - root - INFO - train loss:1.0037!
2021-03-25 06:50:03,294 - root - INFO - head hit:0.4269, head mean rank:529.2306, topn:10.
2021-03-25 06:50:03,294 - root - INFO - tail hit:0.4756, tail mean rank:518.9700, topn:10.
2021-03-25 06:50:03,294 - root - INFO - avg hit:0.4513, avg mean rank:524.1003, topn:10.
2021-03-25 06:51:38,670 - root - INFO - head hit:0.4320, head mean rank:527.7826, topn:10.
2021-03-25 06:51:38,670 - root - INFO - tail hit:0.4798, tail mean rank:518.3638, topn:10.
2021-03-25 06:51:38,670 - root - INFO - avg hit:0.4559, avg mean rank:523.0732, topn:10.
2021-03-25 06:51:38,713 - root - INFO - No improvement after one epoch. Lowering learning rate.
2021-03-25 06:52:32,007 - root - INFO - train loss:0.9948!
2021-03-25 06:53:37,739 - root - INFO - head hit:0.4270, head mean rank:529.1877, topn:10.
2021-03-25 06:53:37,739 - root - INFO - tail hit:0.4755, tail mean rank:518.9750, topn:10.
2021-03-25 06:53:37,739 - root - INFO - avg hit:0.4513, avg mean rank:524.0814, topn:10.
2021-03-25 06:55:12,456 - root - INFO - head hit:0.4319, head mean rank:527.7065, topn:10.
2021-03-25 06:55:12,456 - root - INFO - tail hit:0.4798, tail mean rank:518.3492, topn:10.
2021-03-25 06:55:12,456 - root - INFO - avg hit:0.4558, avg mean rank:523.0279, topn:10.
2021-03-25 06:55:12,498 - root - INFO - Checkpointing ...
2021-03-25 06:56:06,113 - root - INFO - train loss:0.9945!
2021-03-25 06:57:13,651 - root - INFO - head hit:0.4269, head mean rank:529.2262, topn:10.
2021-03-25 06:57:13,651 - root - INFO - tail hit:0.4758, tail mean rank:518.9569, topn:10.
2021-03-25 06:57:13,651 - root - INFO - avg hit:0.4513, avg mean rank:524.0915, topn:10.
2021-03-25 06:58:48,813 - root - INFO - head hit:0.4319, head mean rank:527.7611, topn:10.
2021-03-25 06:58:48,813 - root - INFO - tail hit:0.4798, tail mean rank:518.3303, topn:10.
2021-03-25 06:58:48,814 - root - INFO - avg hit:0.4559, avg mean rank:523.0457, topn:10.
2021-03-25 06:58:48,856 - root - INFO - Checkpointing ...
2021-03-25 06:59:42,538 - root - INFO - train loss:0.9964!
2021-03-25 07:00:49,569 - root - INFO - head hit:0.4270, head mean rank:529.2186, topn:10.
2021-03-25 07:00:49,570 - root - INFO - tail hit:0.4758, tail mean rank:518.8595, topn:10.
2021-03-25 07:00:49,570 - root - INFO - avg hit:0.4514, avg mean rank:524.0390, topn:10.
2021-03-25 07:02:24,938 - root - INFO - head hit:0.4320, head mean rank:527.7455, topn:10.
2021-03-25 07:02:24,939 - root - INFO - tail hit:0.4799, tail mean rank:518.2594, topn:10.
2021-03-25 07:02:24,939 - root - INFO - avg hit:0.4559, avg mean rank:523.0024, topn:10.
2021-03-25 07:02:24,978 - root - INFO - Checkpointing ...
2021-03-25 07:03:18,306 - root - INFO - train loss:1.0000!
2021-03-25 07:04:25,920 - root - INFO - head hit:0.4270, head mean rank:529.1679, topn:10.
2021-03-25 07:04:25,920 - root - INFO - tail hit:0.4758, tail mean rank:518.8464, topn:10.
2021-03-25 07:04:25,920 - root - INFO - avg hit:0.4514, avg mean rank:524.0072, topn:10.
2021-03-25 07:06:01,162 - root - INFO - head hit:0.4320, head mean rank:527.6968, topn:10.
2021-03-25 07:06:01,162 - root - INFO - tail hit:0.4800, tail mean rank:518.2581, topn:10.
2021-03-25 07:06:01,162 - root - INFO - avg hit:0.4560, avg mean rank:522.9774, topn:10.
2021-03-25 07:06:01,205 - root - INFO - Checkpointing ...
2021-03-25 07:06:54,951 - root - INFO - train loss:0.9894!
2021-03-25 07:08:02,495 - root - INFO - head hit:0.4276, head mean rank:529.1780, topn:10.
2021-03-25 07:08:02,496 - root - INFO - tail hit:0.4758, tail mean rank:518.7924, topn:10.
2021-03-25 07:08:02,496 - root - INFO - avg hit:0.4517, avg mean rank:523.9852, topn:10.
2021-03-25 07:09:37,395 - root - INFO - head hit:0.4322, head mean rank:527.7091, topn:10.
2021-03-25 07:09:37,396 - root - INFO - tail hit:0.4801, tail mean rank:518.1931, topn:10.
2021-03-25 07:09:37,396 - root - INFO - avg hit:0.4562, avg mean rank:522.9511, topn:10.
2021-03-25 07:09:37,435 - root - INFO - Checkpointing ...
2021-03-25 07:10:31,482 - root - INFO - train loss:0.9932!
2021-03-25 07:11:40,036 - root - INFO - head hit:0.4271, head mean rank:529.1505, topn:10.
2021-03-25 07:11:40,036 - root - INFO - tail hit:0.4760, tail mean rank:518.7617, topn:10.
2021-03-25 07:11:40,036 - root - INFO - avg hit:0.4515, avg mean rank:523.9561, topn:10.
2021-03-25 07:13:14,419 - root - INFO - head hit:0.4322, head mean rank:527.6954, topn:10.
2021-03-25 07:13:14,420 - root - INFO - tail hit:0.4802, tail mean rank:518.1617, topn:10.
2021-03-25 07:13:14,420 - root - INFO - avg hit:0.4562, avg mean rank:522.9286, topn:10.
2021-03-25 07:13:14,459 - root - INFO - No improvement after one epoch. Lowering learning rate.
2021-03-25 07:14:12,669 - root - INFO - train loss:0.9916!
2021-03-25 07:15:19,391 - root - INFO - head hit:0.4273, head mean rank:529.1252, topn:10.
2021-03-25 07:15:19,391 - root - INFO - tail hit:0.4761, tail mean rank:518.7460, topn:10.
2021-03-25 07:15:19,391 - root - INFO - avg hit:0.4517, avg mean rank:523.9356, topn:10.
2021-03-25 07:16:55,420 - root - INFO - head hit:0.4322, head mean rank:527.6714, topn:10.
2021-03-25 07:16:55,420 - root - INFO - tail hit:0.4802, tail mean rank:518.1345, topn:10.
2021-03-25 07:16:55,421 - root - INFO - avg hit:0.4562, avg mean rank:522.9030, topn:10.
2021-03-25 07:16:55,464 - root - INFO - Checkpointing ...
2021-03-25 07:17:53,889 - root - INFO - train loss:1.0257!
2021-03-25 07:19:01,436 - root - INFO - head hit:0.4272, head mean rank:529.1237, topn:10.
2021-03-25 07:19:01,436 - root - INFO - tail hit:0.4760, tail mean rank:518.7318, topn:10.
2021-03-25 07:19:01,436 - root - INFO - avg hit:0.4516, avg mean rank:523.9277, topn:10.
2021-03-25 07:20:35,755 - root - INFO - head hit:0.4323, head mean rank:527.6746, topn:10.
2021-03-25 07:20:35,756 - root - INFO - tail hit:0.4803, tail mean rank:518.1123, topn:10.
2021-03-25 07:20:35,756 - root - INFO - avg hit:0.4563, avg mean rank:522.8935, topn:10.
2021-03-25 07:20:35,819 - root - INFO - No improvement after one epoch. Lowering learning rate.
2021-03-25 07:21:34,837 - root - INFO - train loss:1.0189!
2021-03-25 07:22:44,115 - root - INFO - head hit:0.4273, head mean rank:529.1294, topn:10.
2021-03-25 07:22:44,116 - root - INFO - tail hit:0.4760, tail mean rank:518.7274, topn:10.
2021-03-25 07:22:44,116 - root - INFO - avg hit:0.4517, avg mean rank:523.9284, topn:10.
2021-03-25 07:24:18,927 - root - INFO - head hit:0.4323, head mean rank:527.6786, topn:10.
2021-03-25 07:24:18,927 - root - INFO - tail hit:0.4803, tail mean rank:518.1066, topn:10.
2021-03-25 07:24:18,928 - root - INFO - avg hit:0.4563, avg mean rank:522.8926, topn:10.
2021-03-25 07:24:18,967 - root - INFO - No improvement after one epoch. Lowering learning rate.
2021-03-25 07:25:17,477 - root - INFO - train loss:0.9731!
2021-03-25 07:26:25,066 - root - INFO - head hit:0.4274, head mean rank:529.1260, topn:10.
2021-03-25 07:26:25,066 - root - INFO - tail hit:0.4760, tail mean rank:518.7197, topn:10.
2021-03-25 07:26:25,066 - root - INFO - avg hit:0.4517, avg mean rank:523.9228, topn:10.
2021-03-25 07:27:59,217 - root - INFO - head hit:0.4324, head mean rank:527.6764, topn:10.
2021-03-25 07:27:59,218 - root - INFO - tail hit:0.4802, tail mean rank:518.1028, topn:10.
2021-03-25 07:27:59,218 - root - INFO - avg hit:0.4563, avg mean rank:522.8896, topn:10.
2021-03-25 07:27:59,268 - root - INFO - No improvement after one epoch. Lowering learning rate.
2021-03-25 07:28:54,994 - root - INFO - train loss:0.9884!
2021-03-25 07:30:02,487 - root - INFO - head hit:0.4274, head mean rank:529.1256, topn:10.
2021-03-25 07:30:02,487 - root - INFO - tail hit:0.4760, tail mean rank:518.7237, topn:10.
2021-03-25 07:30:02,487 - root - INFO - avg hit:0.4517, avg mean rank:523.9246, topn:10.
2021-03-25 07:31:36,431 - root - INFO - head hit:0.4324, head mean rank:527.6750, topn:10.
2021-03-25 07:31:36,432 - root - INFO - tail hit:0.4803, tail mean rank:518.1061, topn:10.
2021-03-25 07:31:36,432 - root - INFO - avg hit:0.4564, avg mean rank:522.8905, topn:10.
2021-03-25 07:31:36,472 - root - INFO - No improvement after one epoch. Lowering learning rate.
2021-03-25 07:32:34,704 - root - INFO - train loss:1.0141!
2021-03-25 07:33:41,431 - root - INFO - head hit:0.4273, head mean rank:529.1249, topn:10.
2021-03-25 07:33:41,431 - root - INFO - tail hit:0.4760, tail mean rank:518.7205, topn:10.
2021-03-25 07:33:41,431 - root - INFO - avg hit:0.4517, avg mean rank:523.9227, topn:10.
2021-03-25 07:35:15,838 - root - INFO - head hit:0.4324, head mean rank:527.6760, topn:10.
2021-03-25 07:35:15,839 - root - INFO - tail hit:0.4803, tail mean rank:518.1017, topn:10.
2021-03-25 07:35:15,839 - root - INFO - avg hit:0.4564, avg mean rank:522.8889, topn:10.
2021-03-25 07:35:15,879 - root - INFO - No improvement after one epoch. Lowering learning rate.
2021-03-25 07:35:15,894 - root - INFO - No improvement after 45750 steps. Stopping training.
