2021-03-25 14:26:47,453 - root - INFO - Flag Values:
{
    "L1_flag": false,
    "batch_size": 256,
    "ckpt_path": "/home/juarez/git/results/JIIS-revised-exp3/ml-cao_ho_oKG/",
    "clipping_max_value": 5.0,
    "data_path": "/home/juarez/git/datasets/JIIS-revised-exp3/ml-cao_ho_oKG/cao-format/",
    "dataset": "ml1m",
    "early_stopping_steps_to_wait": 25000,
    "embedding_size": 100,
    "eval_interval_steps": 5000,
    "eval_only_mode": false,
    "experiment_name": "ml1m-bprmf-1616693207",
    "filter_wrong_corrupted": true,
    "has_visualization": false,
    "is_report": false,
    "joint_ratio": 0.5,
    "kg_lambda": 1.0,
    "kg_test_files": null,
    "l2_lambda": 1e-05,
    "learning_rate": 0.005,
    "learning_rate_decay_when_no_progress": 0.5,
    "load_ckpt_file": null,
    "load_experiment_name": null,
    "log_level": "debug",
    "log_path": "/home/juarez/git/results/JIIS-revised-exp3/ml-cao_ho_oKG/",
    "margin": 1.0,
    "max_queue": 10,
    "model_type": "bprmf",
    "momentum": 0.9,
    "negtive_samples": 1,
    "norm_lambda": 1.0,
    "num_preferences": 4,
    "num_processes": 4,
    "optimizer_type": "Adagrad",
    "rec_test_files": "valid.dat:test.dat",
    "seed": 0,
    "share_embeddings": false,
    "topn": 10,
    "training_steps": 500000,
    "use_st_gumbel": false,
    "visualization_port": 8097
}
2021-03-25 14:26:49,175 - root - INFO - Totally 701669 train ratings, 103239,193631 eval ratings in files: /home/juarez/git/datasets/JIIS-revised-exp3/ml-cao_ho_oKG/cao-format/ml1m/valid.dat;/home/juarez/git/datasets/JIIS-revised-exp3/ml-cao_ho_oKG/cao-format/ml1m/test.dat!
2021-03-25 14:26:49,183 - root - INFO - successfully load 6040 users and 3260 items!
2021-03-25 14:26:49,777 - root - INFO - Building model.
2021-03-25 14:26:51,361 - root - INFO - Architecture: BPRMF(
  (user_embeddings): Embedding(6040, 100)
  (item_embeddings): Embedding(3260, 100)
)
2021-03-25 14:26:51,361 - root - INFO - Total params: 930000.0
2021-03-25 14:26:51,361 - root - INFO - One epoch is 2741 steps.
2021-03-25 14:26:51,362 - root - INFO - Training.
2021-03-25 14:26:51,362 - root - INFO - train loss:0.0000!
2021-03-25 14:26:59,804 - root - INFO - f1:0.0034, p:0.0063, r:0.0031, hit:0.0583, ndcg:0.0312, topn:10.
2021-03-25 14:27:07,734 - root - INFO - f1:0.0039, p:0.0105, r:0.0032, hit:0.0964, ndcg:0.0511, topn:10.
2021-03-25 14:27:46,647 - root - INFO - train loss:0.6910!
2021-03-25 14:27:54,663 - root - INFO - f1:0.0088, p:0.0158, r:0.0083, hit:0.1301, ndcg:0.0733, topn:10.
2021-03-25 14:28:03,403 - root - INFO - f1:0.0106, p:0.0278, r:0.0087, hit:0.2136, ndcg:0.1176, topn:10.
2021-03-25 14:28:03,432 - root - INFO - Checkpointing ...
2021-03-25 14:28:43,254 - root - INFO - train loss:0.6772!
2021-03-25 14:28:51,255 - root - INFO - f1:0.0284, p:0.0498, r:0.0273, hit:0.3106, ndcg:0.1819, topn:10.
2021-03-25 14:28:59,512 - root - INFO - f1:0.0339, p:0.0858, r:0.0279, hit:0.4326, ndcg:0.2597, topn:10.
2021-03-25 14:28:59,564 - root - INFO - Checkpointing ...
2021-03-25 14:29:39,907 - root - INFO - train loss:0.6442!
2021-03-25 14:29:48,520 - root - INFO - f1:0.0551, p:0.0913, r:0.0545, hit:0.4573, ndcg:0.2782, topn:10.
2021-03-25 14:29:56,630 - root - INFO - f1:0.0640, p:0.1516, r:0.0541, hit:0.5916, ndcg:0.3743, topn:10.
2021-03-25 14:29:56,671 - root - INFO - Checkpointing ...
2021-03-25 14:30:37,227 - root - INFO - train loss:0.5848!
2021-03-25 14:30:45,558 - root - INFO - f1:0.0668, p:0.1076, r:0.0667, hit:0.5126, ndcg:0.3156, topn:10.
2021-03-25 14:30:53,604 - root - INFO - f1:0.0766, p:0.1752, r:0.0657, hit:0.6419, ndcg:0.4179, topn:10.
2021-03-25 14:30:53,623 - root - INFO - Checkpointing ...
2021-03-25 14:31:32,988 - root - INFO - train loss:0.5189!
2021-03-25 14:31:41,362 - root - INFO - f1:0.0706, p:0.1125, r:0.0710, hit:0.5281, ndcg:0.3286, topn:10.
2021-03-25 14:31:49,676 - root - INFO - f1:0.0806, p:0.1813, r:0.0695, hit:0.6599, ndcg:0.4319, topn:10.
2021-03-25 14:31:49,705 - root - INFO - Checkpointing ...
2021-03-25 14:32:28,778 - root - INFO - train loss:0.4685!
2021-03-25 14:32:36,900 - root - INFO - f1:0.0722, p:0.1141, r:0.0732, hit:0.5361, ndcg:0.3360, topn:10.
2021-03-25 14:32:46,218 - root - INFO - f1:0.0817, p:0.1832, r:0.0706, hit:0.6639, ndcg:0.4373, topn:10.
2021-03-25 14:32:46,254 - root - INFO - Checkpointing ...
2021-03-25 14:33:25,962 - root - INFO - train loss:0.4355!
2021-03-25 14:33:34,097 - root - INFO - f1:0.0727, p:0.1149, r:0.0738, hit:0.5389, ndcg:0.3418, topn:10.
2021-03-25 14:33:42,449 - root - INFO - f1:0.0819, p:0.1839, r:0.0709, hit:0.6662, ndcg:0.4427, topn:10.
2021-03-25 14:33:42,481 - root - INFO - Checkpointing ...
2021-03-25 14:34:22,412 - root - INFO - train loss:0.4157!
2021-03-25 14:34:31,634 - root - INFO - f1:0.0728, p:0.1149, r:0.0739, hit:0.5419, ndcg:0.3442, topn:10.
2021-03-25 14:34:39,917 - root - INFO - f1:0.0821, p:0.1842, r:0.0710, hit:0.6689, ndcg:0.4441, topn:10.
2021-03-25 14:34:39,952 - root - INFO - Checkpointing ...
2021-03-25 14:35:19,715 - root - INFO - train loss:0.4022!
2021-03-25 14:35:28,233 - root - INFO - f1:0.0728, p:0.1151, r:0.0738, hit:0.5421, ndcg:0.3458, topn:10.
2021-03-25 14:35:36,669 - root - INFO - f1:0.0820, p:0.1841, r:0.0709, hit:0.6685, ndcg:0.4449, topn:10.
2021-03-25 14:35:36,687 - root - INFO - Checkpointing ...
2021-03-25 14:36:16,394 - root - INFO - train loss:0.3929!
2021-03-25 14:36:24,649 - root - INFO - f1:0.0730, p:0.1154, r:0.0740, hit:0.5429, ndcg:0.3471, topn:10.
2021-03-25 14:36:32,775 - root - INFO - f1:0.0822, p:0.1847, r:0.0711, hit:0.6689, ndcg:0.4452, topn:10.
2021-03-25 14:36:32,795 - root - INFO - Checkpointing ...
2021-03-25 14:37:12,804 - root - INFO - train loss:0.3865!
2021-03-25 14:37:20,962 - root - INFO - f1:0.0729, p:0.1153, r:0.0740, hit:0.5432, ndcg:0.3480, topn:10.
2021-03-25 14:37:29,716 - root - INFO - f1:0.0825, p:0.1853, r:0.0714, hit:0.6715, ndcg:0.4479, topn:10.
2021-03-25 14:37:29,750 - root - INFO - No improvement after one epoch. Lowering learning rate.
2021-03-25 14:38:09,846 - root - INFO - train loss:0.3886!
2021-03-25 14:38:17,968 - root - INFO - f1:0.0729, p:0.1158, r:0.0736, hit:0.5386, ndcg:0.3489, topn:10.
2021-03-25 14:38:26,066 - root - INFO - f1:0.0819, p:0.1853, r:0.0704, hit:0.6657, ndcg:0.4503, topn:10.
2021-03-25 14:38:26,088 - root - INFO - No improvement after one epoch. Lowering learning rate.
2021-03-25 14:39:06,230 - root - INFO - train loss:0.3850!
2021-03-25 14:39:15,317 - root - INFO - f1:0.0734, p:0.1167, r:0.0742, hit:0.5439, ndcg:0.3527, topn:10.
2021-03-25 14:39:23,783 - root - INFO - f1:0.0829, p:0.1867, r:0.0717, hit:0.6699, ndcg:0.4513, topn:10.
2021-03-25 14:39:23,811 - root - INFO - Checkpointing ...
2021-03-25 14:40:03,824 - root - INFO - train loss:0.3786!
2021-03-25 14:40:12,105 - root - INFO - f1:0.0735, p:0.1169, r:0.0741, hit:0.5434, ndcg:0.3533, topn:10.
2021-03-25 14:40:20,848 - root - INFO - f1:0.0834, p:0.1875, r:0.0722, hit:0.6722, ndcg:0.4530, topn:10.
2021-03-25 14:40:20,877 - root - INFO - Checkpointing ...
2021-03-25 14:41:01,023 - root - INFO - train loss:0.3751!
2021-03-25 14:41:09,188 - root - INFO - f1:0.0737, p:0.1173, r:0.0742, hit:0.5440, ndcg:0.3539, topn:10.
2021-03-25 14:41:17,531 - root - INFO - f1:0.0837, p:0.1881, r:0.0724, hit:0.6732, ndcg:0.4540, topn:10.
2021-03-25 14:41:17,558 - root - INFO - Checkpointing ...
2021-03-25 14:41:58,234 - root - INFO - train loss:0.3732!
2021-03-25 14:42:06,544 - root - INFO - f1:0.0741, p:0.1180, r:0.0747, hit:0.5452, ndcg:0.3544, topn:10.
2021-03-25 14:42:15,147 - root - INFO - f1:0.0840, p:0.1888, r:0.0726, hit:0.6735, ndcg:0.4545, topn:10.
2021-03-25 14:42:15,176 - root - INFO - Checkpointing ...
2021-03-25 14:42:53,006 - root - INFO - train loss:0.3705!
2021-03-25 14:43:00,964 - root - INFO - f1:0.0744, p:0.1184, r:0.0749, hit:0.5469, ndcg:0.3555, topn:10.
2021-03-25 14:43:09,188 - root - INFO - f1:0.0840, p:0.1891, r:0.0726, hit:0.6743, ndcg:0.4556, topn:10.
2021-03-25 14:43:09,220 - root - INFO - Checkpointing ...
2021-03-25 14:43:47,908 - root - INFO - train loss:0.3687!
2021-03-25 14:43:56,655 - root - INFO - f1:0.0744, p:0.1185, r:0.0749, hit:0.5470, ndcg:0.3557, topn:10.
2021-03-25 14:44:04,996 - root - INFO - f1:0.0842, p:0.1895, r:0.0727, hit:0.6752, ndcg:0.4566, topn:10.
2021-03-25 14:44:05,022 - root - INFO - Checkpointing ...
2021-03-25 14:44:44,619 - root - INFO - train loss:0.3665!
2021-03-25 14:44:52,393 - root - INFO - f1:0.0746, p:0.1187, r:0.0751, hit:0.5474, ndcg:0.3561, topn:10.
2021-03-25 14:45:01,278 - root - INFO - f1:0.0844, p:0.1900, r:0.0728, hit:0.6750, ndcg:0.4568, topn:10.
2021-03-25 14:45:01,308 - root - INFO - Checkpointing ...
2021-03-25 14:45:40,107 - root - INFO - train loss:0.3657!
2021-03-25 14:45:48,181 - root - INFO - f1:0.0749, p:0.1191, r:0.0754, hit:0.5497, ndcg:0.3570, topn:10.
2021-03-25 14:45:56,726 - root - INFO - f1:0.0847, p:0.1906, r:0.0731, hit:0.6757, ndcg:0.4575, topn:10.
2021-03-25 14:45:56,758 - root - INFO - Checkpointing ...
2021-03-25 14:46:35,795 - root - INFO - train loss:0.3631!
2021-03-25 14:46:44,106 - root - INFO - f1:0.0751, p:0.1194, r:0.0756, hit:0.5512, ndcg:0.3579, topn:10.
2021-03-25 14:46:52,562 - root - INFO - f1:0.0848, p:0.1910, r:0.0732, hit:0.6758, ndcg:0.4577, topn:10.
2021-03-25 14:46:52,592 - root - INFO - Checkpointing ...
2021-03-25 14:47:31,963 - root - INFO - train loss:0.3631!
2021-03-25 14:47:40,287 - root - INFO - f1:0.0752, p:0.1197, r:0.0758, hit:0.5520, ndcg:0.3586, topn:10.
2021-03-25 14:47:48,732 - root - INFO - f1:0.0850, p:0.1914, r:0.0733, hit:0.6770, ndcg:0.4589, topn:10.
2021-03-25 14:47:48,753 - root - INFO - Checkpointing ...
2021-03-25 14:48:27,244 - root - INFO - train loss:0.3611!
2021-03-25 14:48:36,049 - root - INFO - f1:0.0754, p:0.1200, r:0.0759, hit:0.5531, ndcg:0.3592, topn:10.
2021-03-25 14:48:44,521 - root - INFO - f1:0.0852, p:0.1918, r:0.0734, hit:0.6772, ndcg:0.4591, topn:10.
2021-03-25 14:48:44,558 - root - INFO - Checkpointing ...
2021-03-25 14:49:23,914 - root - INFO - train loss:0.3605!
2021-03-25 14:49:32,049 - root - INFO - f1:0.0755, p:0.1202, r:0.0760, hit:0.5535, ndcg:0.3594, topn:10.
2021-03-25 14:49:40,656 - root - INFO - f1:0.0855, p:0.1923, r:0.0738, hit:0.6786, ndcg:0.4599, topn:10.
2021-03-25 14:49:40,685 - root - INFO - Checkpointing ...
2021-03-25 14:50:20,557 - root - INFO - train loss:0.3591!
2021-03-25 14:50:28,863 - root - INFO - f1:0.0757, p:0.1205, r:0.0761, hit:0.5543, ndcg:0.3605, topn:10.
2021-03-25 14:50:37,036 - root - INFO - f1:0.0856, p:0.1926, r:0.0737, hit:0.6786, ndcg:0.4602, topn:10.
2021-03-25 14:50:37,076 - root - INFO - Checkpointing ...
2021-03-25 14:51:15,193 - root - INFO - train loss:0.3575!
2021-03-25 14:51:23,649 - root - INFO - f1:0.0758, p:0.1207, r:0.0763, hit:0.5560, ndcg:0.3612, topn:10.
2021-03-25 14:51:31,944 - root - INFO - f1:0.0858, p:0.1932, r:0.0740, hit:0.6798, ndcg:0.4608, topn:10.
2021-03-25 14:51:31,973 - root - INFO - Checkpointing ...
2021-03-25 14:52:10,693 - root - INFO - train loss:0.3567!
2021-03-25 14:52:18,812 - root - INFO - f1:0.0762, p:0.1213, r:0.0766, hit:0.5571, ndcg:0.3619, topn:10.
2021-03-25 14:52:27,371 - root - INFO - f1:0.0860, p:0.1936, r:0.0742, hit:0.6803, ndcg:0.4614, topn:10.
2021-03-25 14:52:27,410 - root - INFO - Checkpointing ...
2021-03-25 14:53:04,007 - root - INFO - train loss:0.3553!
2021-03-25 14:53:12,574 - root - INFO - f1:0.0763, p:0.1215, r:0.0767, hit:0.5576, ndcg:0.3622, topn:10.
2021-03-25 14:53:21,025 - root - INFO - f1:0.0863, p:0.1942, r:0.0744, hit:0.6820, ndcg:0.4622, topn:10.
2021-03-25 14:53:21,059 - root - INFO - Checkpointing ...
2021-03-25 14:53:56,368 - root - INFO - train loss:0.3551!
2021-03-25 14:54:04,651 - root - INFO - f1:0.0766, p:0.1218, r:0.0770, hit:0.5588, ndcg:0.3627, topn:10.
2021-03-25 14:54:13,701 - root - INFO - f1:0.0864, p:0.1944, r:0.0745, hit:0.6828, ndcg:0.4630, topn:10.
2021-03-25 14:54:13,725 - root - INFO - Checkpointing ...
2021-03-25 14:54:49,514 - root - INFO - train loss:0.3541!
2021-03-25 14:54:57,739 - root - INFO - f1:0.0768, p:0.1222, r:0.0771, hit:0.5588, ndcg:0.3632, topn:10.
2021-03-25 14:55:05,608 - root - INFO - f1:0.0865, p:0.1946, r:0.0745, hit:0.6836, ndcg:0.4642, topn:10.
2021-03-25 14:55:05,643 - root - INFO - Checkpointing ...
2021-03-25 14:55:40,464 - root - INFO - train loss:0.3529!
2021-03-25 14:55:49,374 - root - INFO - f1:0.0769, p:0.1225, r:0.0772, hit:0.5598, ndcg:0.3636, topn:10.
2021-03-25 14:55:57,610 - root - INFO - f1:0.0867, p:0.1950, r:0.0747, hit:0.6843, ndcg:0.4649, topn:10.
2021-03-25 14:55:57,652 - root - INFO - Checkpointing ...
2021-03-25 14:56:32,219 - root - INFO - train loss:0.3522!
2021-03-25 14:56:40,500 - root - INFO - f1:0.0770, p:0.1226, r:0.0773, hit:0.5601, ndcg:0.3640, topn:10.
2021-03-25 14:56:48,728 - root - INFO - f1:0.0869, p:0.1955, r:0.0748, hit:0.6851, ndcg:0.4652, topn:10.
2021-03-25 14:56:48,753 - root - INFO - Checkpointing ...
2021-03-25 14:57:23,860 - root - INFO - train loss:0.3513!
2021-03-25 14:57:32,566 - root - INFO - f1:0.0772, p:0.1228, r:0.0776, hit:0.5604, ndcg:0.3644, topn:10.
2021-03-25 14:57:40,940 - root - INFO - f1:0.0870, p:0.1957, r:0.0750, hit:0.6849, ndcg:0.4655, topn:10.
2021-03-25 14:57:40,968 - root - INFO - Checkpointing ...
2021-03-25 14:58:16,079 - root - INFO - train loss:0.3504!
2021-03-25 14:58:24,293 - root - INFO - f1:0.0775, p:0.1232, r:0.0779, hit:0.5614, ndcg:0.3649, topn:10.
2021-03-25 14:58:33,551 - root - INFO - f1:0.0872, p:0.1961, r:0.0751, hit:0.6849, ndcg:0.4659, topn:10.
2021-03-25 14:58:33,579 - root - INFO - Checkpointing ...
2021-03-25 14:59:07,755 - root - INFO - train loss:0.3499!
2021-03-25 14:59:16,203 - root - INFO - f1:0.0775, p:0.1235, r:0.0779, hit:0.5623, ndcg:0.3655, topn:10.
2021-03-25 14:59:24,214 - root - INFO - f1:0.0874, p:0.1968, r:0.0753, hit:0.6866, ndcg:0.4663, topn:10.
2021-03-25 14:59:24,243 - root - INFO - Checkpointing ...
2021-03-25 14:59:59,044 - root - INFO - train loss:0.3492!
2021-03-25 15:00:07,923 - root - INFO - f1:0.0777, p:0.1237, r:0.0781, hit:0.5627, ndcg:0.3660, topn:10.
2021-03-25 15:00:16,364 - root - INFO - f1:0.0877, p:0.1972, r:0.0755, hit:0.6873, ndcg:0.4666, topn:10.
2021-03-25 15:00:16,399 - root - INFO - Checkpointing ...
2021-03-25 15:00:51,142 - root - INFO - train loss:0.3481!
2021-03-25 15:00:59,400 - root - INFO - f1:0.0778, p:0.1239, r:0.0783, hit:0.5629, ndcg:0.3662, topn:10.
2021-03-25 15:01:07,738 - root - INFO - f1:0.0878, p:0.1975, r:0.0756, hit:0.6877, ndcg:0.4669, topn:10.
2021-03-25 15:01:07,766 - root - INFO - Checkpointing ...
2021-03-25 15:01:42,938 - root - INFO - train loss:0.3479!
2021-03-25 15:01:51,749 - root - INFO - f1:0.0780, p:0.1242, r:0.0784, hit:0.5637, ndcg:0.3667, topn:10.
2021-03-25 15:01:59,927 - root - INFO - f1:0.0881, p:0.1980, r:0.0759, hit:0.6896, ndcg:0.4678, topn:10.
2021-03-25 15:01:59,957 - root - INFO - Checkpointing ...
2021-03-25 15:02:34,700 - root - INFO - train loss:0.3474!
2021-03-25 15:02:42,670 - root - INFO - f1:0.0783, p:0.1246, r:0.0788, hit:0.5649, ndcg:0.3670, topn:10.
2021-03-25 15:02:51,254 - root - INFO - f1:0.0883, p:0.1983, r:0.0761, hit:0.6901, ndcg:0.4683, topn:10.
2021-03-25 15:02:51,293 - root - INFO - Checkpointing ...
2021-03-25 15:03:26,039 - root - INFO - train loss:0.3462!
2021-03-25 15:03:34,253 - root - INFO - f1:0.0785, p:0.1250, r:0.0790, hit:0.5651, ndcg:0.3672, topn:10.
2021-03-25 15:03:42,760 - root - INFO - f1:0.0885, p:0.1986, r:0.0762, hit:0.6909, ndcg:0.4694, topn:10.
2021-03-25 15:03:42,785 - root - INFO - Checkpointing ...
2021-03-25 15:04:21,986 - root - INFO - train loss:0.3460!
2021-03-25 15:04:30,284 - root - INFO - f1:0.0786, p:0.1252, r:0.0790, hit:0.5652, ndcg:0.3676, topn:10.
2021-03-25 15:04:38,620 - root - INFO - f1:0.0886, p:0.1990, r:0.0764, hit:0.6917, ndcg:0.4702, topn:10.
2021-03-25 15:04:38,662 - root - INFO - Checkpointing ...
2021-03-25 15:05:15,731 - root - INFO - train loss:0.3448!
2021-03-25 15:05:23,951 - root - INFO - f1:0.0788, p:0.1256, r:0.0792, hit:0.5659, ndcg:0.3676, topn:10.
2021-03-25 15:05:32,665 - root - INFO - f1:0.0888, p:0.1994, r:0.0766, hit:0.6925, ndcg:0.4708, topn:10.
2021-03-25 15:05:32,685 - root - INFO - Checkpointing ...
2021-03-25 15:06:08,396 - root - INFO - train loss:0.3441!
2021-03-25 15:06:16,689 - root - INFO - f1:0.0789, p:0.1257, r:0.0792, hit:0.5657, ndcg:0.3679, topn:10.
2021-03-25 15:06:24,929 - root - INFO - f1:0.0890, p:0.1997, r:0.0768, hit:0.6932, ndcg:0.4714, topn:10.
2021-03-25 15:06:24,963 - root - INFO - Checkpointing ...
2021-03-25 15:07:03,233 - root - INFO - train loss:0.3443!
2021-03-25 15:07:11,527 - root - INFO - f1:0.0791, p:0.1260, r:0.0795, hit:0.5661, ndcg:0.3684, topn:10.
2021-03-25 15:07:20,602 - root - INFO - f1:0.0893, p:0.2000, r:0.0770, hit:0.6944, ndcg:0.4722, topn:10.
2021-03-25 15:07:20,631 - root - INFO - Checkpointing ...
2021-03-25 15:07:58,077 - root - INFO - train loss:0.3435!
2021-03-25 15:08:06,613 - root - INFO - f1:0.0793, p:0.1263, r:0.0797, hit:0.5674, ndcg:0.3687, topn:10.
2021-03-25 15:08:15,064 - root - INFO - f1:0.0896, p:0.2006, r:0.0773, hit:0.6954, ndcg:0.4729, topn:10.
2021-03-25 15:08:15,093 - root - INFO - Checkpointing ...
2021-03-25 15:08:52,430 - root - INFO - train loss:0.3430!
2021-03-25 15:09:01,047 - root - INFO - f1:0.0795, p:0.1265, r:0.0799, hit:0.5680, ndcg:0.3691, topn:10.
2021-03-25 15:09:09,556 - root - INFO - f1:0.0899, p:0.2012, r:0.0775, hit:0.6959, ndcg:0.4730, topn:10.
2021-03-25 15:09:09,586 - root - INFO - Checkpointing ...
2021-03-25 15:09:46,612 - root - INFO - train loss:0.3427!
2021-03-25 15:09:54,814 - root - INFO - f1:0.0797, p:0.1269, r:0.0801, hit:0.5694, ndcg:0.3699, topn:10.
2021-03-25 15:10:03,085 - root - INFO - f1:0.0900, p:0.2015, r:0.0776, hit:0.6964, ndcg:0.4736, topn:10.
2021-03-25 15:10:03,105 - root - INFO - Checkpointing ...
2021-03-25 15:10:42,815 - root - INFO - train loss:0.3417!
2021-03-25 15:10:51,120 - root - INFO - f1:0.0799, p:0.1271, r:0.0803, hit:0.5700, ndcg:0.3705, topn:10.
2021-03-25 15:10:59,515 - root - INFO - f1:0.0902, p:0.2020, r:0.0778, hit:0.6969, ndcg:0.4736, topn:10.
2021-03-25 15:10:59,541 - root - INFO - Checkpointing ...
2021-03-25 15:11:35,543 - root - INFO - train loss:0.3407!
2021-03-25 15:11:43,357 - root - INFO - f1:0.0800, p:0.1273, r:0.0805, hit:0.5705, ndcg:0.3711, topn:10.
2021-03-25 15:11:52,335 - root - INFO - f1:0.0902, p:0.2020, r:0.0778, hit:0.6964, ndcg:0.4740, topn:10.
2021-03-25 15:11:52,362 - root - INFO - Checkpointing ...
2021-03-25 15:12:28,059 - root - INFO - train loss:0.3402!
2021-03-25 15:12:36,178 - root - INFO - f1:0.0802, p:0.1275, r:0.0806, hit:0.5707, ndcg:0.3714, topn:10.
2021-03-25 15:12:44,492 - root - INFO - f1:0.0904, p:0.2024, r:0.0778, hit:0.6969, ndcg:0.4745, topn:10.
2021-03-25 15:12:44,523 - root - INFO - Checkpointing ...
2021-03-25 15:13:19,406 - root - INFO - train loss:0.3402!
2021-03-25 15:13:28,219 - root - INFO - f1:0.0803, p:0.1277, r:0.0808, hit:0.5707, ndcg:0.3717, topn:10.
2021-03-25 15:13:36,573 - root - INFO - f1:0.0905, p:0.2027, r:0.0780, hit:0.6975, ndcg:0.4751, topn:10.
2021-03-25 15:13:36,626 - root - INFO - Checkpointing ...
2021-03-25 15:14:11,043 - root - INFO - train loss:0.3398!
2021-03-25 15:14:19,211 - root - INFO - f1:0.0805, p:0.1280, r:0.0810, hit:0.5722, ndcg:0.3726, topn:10.
2021-03-25 15:14:28,055 - root - INFO - f1:0.0907, p:0.2031, r:0.0781, hit:0.6980, ndcg:0.4755, topn:10.
2021-03-25 15:14:28,090 - root - INFO - Checkpointing ...
2021-03-25 15:15:04,690 - root - INFO - train loss:0.3391!
2021-03-25 15:15:12,983 - root - INFO - f1:0.0807, p:0.1282, r:0.0812, hit:0.5730, ndcg:0.3728, topn:10.
2021-03-25 15:15:21,580 - root - INFO - f1:0.0908, p:0.2034, r:0.0783, hit:0.6982, ndcg:0.4757, topn:10.
2021-03-25 15:15:21,614 - root - INFO - Checkpointing ...
2021-03-25 15:15:57,341 - root - INFO - train loss:0.3385!
2021-03-25 15:16:05,361 - root - INFO - f1:0.0809, p:0.1285, r:0.0814, hit:0.5735, ndcg:0.3733, topn:10.
2021-03-25 15:16:14,309 - root - INFO - f1:0.0911, p:0.2038, r:0.0785, hit:0.6995, ndcg:0.4763, topn:10.
2021-03-25 15:16:14,340 - root - INFO - Checkpointing ...
2021-03-25 15:16:49,323 - root - INFO - train loss:0.3371!
2021-03-25 15:16:57,443 - root - INFO - f1:0.0811, p:0.1288, r:0.0816, hit:0.5740, ndcg:0.3738, topn:10.
2021-03-25 15:17:05,909 - root - INFO - f1:0.0911, p:0.2040, r:0.0785, hit:0.6992, ndcg:0.4767, topn:10.
2021-03-25 15:17:05,948 - root - INFO - Checkpointing ...
2021-03-25 15:17:43,309 - root - INFO - train loss:0.3376!
2021-03-25 15:17:53,334 - root - INFO - f1:0.0812, p:0.1290, r:0.0817, hit:0.5748, ndcg:0.3744, topn:10.
2021-03-25 15:18:01,744 - root - INFO - f1:0.0914, p:0.2045, r:0.0787, hit:0.7005, ndcg:0.4774, topn:10.
2021-03-25 15:18:01,780 - root - INFO - Checkpointing ...
2021-03-25 15:18:40,423 - root - INFO - train loss:0.3369!
2021-03-25 15:18:48,592 - root - INFO - f1:0.0813, p:0.1291, r:0.0819, hit:0.5752, ndcg:0.3750, topn:10.
2021-03-25 15:18:57,422 - root - INFO - f1:0.0914, p:0.2048, r:0.0787, hit:0.7002, ndcg:0.4776, topn:10.
2021-03-25 15:18:57,448 - root - INFO - Checkpointing ...
2021-03-25 15:19:33,688 - root - INFO - train loss:0.3365!
2021-03-25 15:19:41,786 - root - INFO - f1:0.0815, p:0.1294, r:0.0820, hit:0.5758, ndcg:0.3754, topn:10.
2021-03-25 15:19:50,060 - root - INFO - f1:0.0916, p:0.2052, r:0.0788, hit:0.7007, ndcg:0.4777, topn:10.
2021-03-25 15:19:50,083 - root - INFO - Checkpointing ...
2021-03-25 15:20:29,571 - root - INFO - train loss:0.3357!
2021-03-25 15:20:37,822 - root - INFO - f1:0.0817, p:0.1296, r:0.0823, hit:0.5763, ndcg:0.3757, topn:10.
2021-03-25 15:20:46,128 - root - INFO - f1:0.0916, p:0.2053, r:0.0788, hit:0.7002, ndcg:0.4780, topn:10.
2021-03-25 15:20:46,163 - root - INFO - Checkpointing ...
2021-03-25 15:21:23,657 - root - INFO - train loss:0.3353!
2021-03-25 15:21:32,009 - root - INFO - f1:0.0819, p:0.1300, r:0.0825, hit:0.5776, ndcg:0.3764, topn:10.
2021-03-25 15:21:40,390 - root - INFO - f1:0.0917, p:0.2055, r:0.0788, hit:0.7005, ndcg:0.4785, topn:10.
2021-03-25 15:21:40,412 - root - INFO - Checkpointing ...
2021-03-25 15:22:15,663 - root - INFO - train loss:0.3354!
2021-03-25 15:22:24,731 - root - INFO - f1:0.0821, p:0.1303, r:0.0827, hit:0.5788, ndcg:0.3770, topn:10.
2021-03-25 15:22:32,982 - root - INFO - f1:0.0918, p:0.2058, r:0.0789, hit:0.7008, ndcg:0.4791, topn:10.
2021-03-25 15:22:33,014 - root - INFO - Checkpointing ...
2021-03-25 15:23:09,448 - root - INFO - train loss:0.3343!
2021-03-25 15:23:17,721 - root - INFO - f1:0.0823, p:0.1305, r:0.0829, hit:0.5793, ndcg:0.3776, topn:10.
2021-03-25 15:23:26,768 - root - INFO - f1:0.0920, p:0.2062, r:0.0791, hit:0.7010, ndcg:0.4794, topn:10.
2021-03-25 15:23:26,804 - root - INFO - Checkpointing ...
2021-03-25 15:24:04,053 - root - INFO - train loss:0.3341!
2021-03-25 15:24:11,784 - root - INFO - f1:0.0824, p:0.1307, r:0.0829, hit:0.5796, ndcg:0.3780, topn:10.
2021-03-25 15:24:20,183 - root - INFO - f1:0.0922, p:0.2067, r:0.0792, hit:0.7017, ndcg:0.4799, topn:10.
2021-03-25 15:24:20,217 - root - INFO - Checkpointing ...
2021-03-25 15:24:58,796 - root - INFO - train loss:0.3336!
2021-03-25 15:25:07,508 - root - INFO - f1:0.0825, p:0.1308, r:0.0831, hit:0.5801, ndcg:0.3783, topn:10.
2021-03-25 15:25:15,897 - root - INFO - f1:0.0923, p:0.2069, r:0.0793, hit:0.7023, ndcg:0.4802, topn:10.
2021-03-25 15:25:15,932 - root - INFO - Checkpointing ...
2021-03-25 15:25:52,196 - root - INFO - train loss:0.3338!
2021-03-25 15:26:00,502 - root - INFO - f1:0.0826, p:0.1311, r:0.0832, hit:0.5806, ndcg:0.3787, topn:10.
2021-03-25 15:26:08,849 - root - INFO - f1:0.0925, p:0.2074, r:0.0795, hit:0.7033, ndcg:0.4809, topn:10.
2021-03-25 15:26:08,878 - root - INFO - Checkpointing ...
2021-03-25 15:26:47,331 - root - INFO - train loss:0.3325!
2021-03-25 15:26:56,113 - root - INFO - f1:0.0828, p:0.1313, r:0.0834, hit:0.5811, ndcg:0.3793, topn:10.
2021-03-25 15:27:04,439 - root - INFO - f1:0.0928, p:0.2078, r:0.0798, hit:0.7048, ndcg:0.4816, topn:10.
2021-03-25 15:27:04,467 - root - INFO - Checkpointing ...
2021-03-25 15:27:39,468 - root - INFO - train loss:0.3324!
2021-03-25 15:27:47,649 - root - INFO - f1:0.0829, p:0.1314, r:0.0834, hit:0.5811, ndcg:0.3793, topn:10.
2021-03-25 15:27:56,579 - root - INFO - f1:0.0929, p:0.2081, r:0.0799, hit:0.7051, ndcg:0.4820, topn:10.
2021-03-25 15:27:56,610 - root - INFO - Checkpointing ...
2021-03-25 15:28:31,442 - root - INFO - train loss:0.3324!
2021-03-25 15:28:39,620 - root - INFO - f1:0.0830, p:0.1316, r:0.0836, hit:0.5823, ndcg:0.3802, topn:10.
2021-03-25 15:28:47,768 - root - INFO - f1:0.0931, p:0.2085, r:0.0800, hit:0.7060, ndcg:0.4826, topn:10.
2021-03-25 15:28:47,794 - root - INFO - Checkpointing ...
2021-03-25 15:29:22,287 - root - INFO - train loss:0.3320!
2021-03-25 15:29:31,102 - root - INFO - f1:0.0830, p:0.1318, r:0.0835, hit:0.5820, ndcg:0.3800, topn:10.
2021-03-25 15:29:39,281 - root - INFO - f1:0.0931, p:0.2086, r:0.0800, hit:0.7061, ndcg:0.4828, topn:10.
2021-03-25 15:29:39,320 - root - INFO - Checkpointing ...
2021-03-25 15:30:16,737 - root - INFO - train loss:0.3312!
2021-03-25 15:30:25,132 - root - INFO - f1:0.0831, p:0.1319, r:0.0837, hit:0.5826, ndcg:0.3803, topn:10.
2021-03-25 15:30:33,461 - root - INFO - f1:0.0933, p:0.2089, r:0.0802, hit:0.7066, ndcg:0.4835, topn:10.
2021-03-25 15:30:33,492 - root - INFO - Checkpointing ...
2021-03-25 15:31:11,741 - root - INFO - train loss:0.3311!
2021-03-25 15:31:20,337 - root - INFO - f1:0.0832, p:0.1321, r:0.0837, hit:0.5826, ndcg:0.3809, topn:10.
2021-03-25 15:31:28,623 - root - INFO - f1:0.0934, p:0.2090, r:0.0803, hit:0.7070, ndcg:0.4842, topn:10.
2021-03-25 15:31:28,646 - root - INFO - Checkpointing ...
2021-03-25 15:32:09,161 - root - INFO - train loss:0.3305!
2021-03-25 15:32:17,567 - root - INFO - f1:0.0834, p:0.1324, r:0.0839, hit:0.5836, ndcg:0.3815, topn:10.
2021-03-25 15:32:26,959 - root - INFO - f1:0.0935, p:0.2092, r:0.0804, hit:0.7070, ndcg:0.4846, topn:10.
2021-03-25 15:32:26,989 - root - INFO - Checkpointing ...
2021-03-25 15:33:04,160 - root - INFO - train loss:0.3304!
2021-03-25 15:33:12,235 - root - INFO - f1:0.0835, p:0.1327, r:0.0840, hit:0.5839, ndcg:0.3816, topn:10.
2021-03-25 15:33:20,345 - root - INFO - f1:0.0936, p:0.2094, r:0.0805, hit:0.7071, ndcg:0.4846, topn:10.
2021-03-25 15:33:20,366 - root - INFO - Checkpointing ...
2021-03-25 15:33:57,984 - root - INFO - train loss:0.3297!
2021-03-25 15:34:07,124 - root - INFO - f1:0.0836, p:0.1329, r:0.0841, hit:0.5844, ndcg:0.3821, topn:10.
2021-03-25 15:34:15,498 - root - INFO - f1:0.0938, p:0.2098, r:0.0807, hit:0.7076, ndcg:0.4851, topn:10.
2021-03-25 15:34:15,524 - root - INFO - Checkpointing ...
2021-03-25 15:34:54,903 - root - INFO - train loss:0.3293!
2021-03-25 15:35:03,034 - root - INFO - f1:0.0837, p:0.1330, r:0.0843, hit:0.5856, ndcg:0.3830, topn:10.
2021-03-25 15:35:11,590 - root - INFO - f1:0.0940, p:0.2101, r:0.0809, hit:0.7083, ndcg:0.4854, topn:10.
2021-03-25 15:35:11,609 - root - INFO - Checkpointing ...
2021-03-25 15:35:50,958 - root - INFO - train loss:0.3287!
2021-03-25 15:35:59,349 - root - INFO - f1:0.0838, p:0.1332, r:0.0843, hit:0.5861, ndcg:0.3833, topn:10.
2021-03-25 15:36:07,238 - root - INFO - f1:0.0942, p:0.2105, r:0.0810, hit:0.7089, ndcg:0.4858, topn:10.
2021-03-25 15:36:07,262 - root - INFO - Checkpointing ...
2021-03-25 15:36:46,300 - root - INFO - train loss:0.3285!
2021-03-25 15:36:54,480 - root - INFO - f1:0.0839, p:0.1334, r:0.0845, hit:0.5863, ndcg:0.3834, topn:10.
2021-03-25 15:37:03,631 - root - INFO - f1:0.0942, p:0.2106, r:0.0811, hit:0.7093, ndcg:0.4863, topn:10.
2021-03-25 15:37:03,656 - root - INFO - Checkpointing ...
2021-03-25 15:37:45,031 - root - INFO - train loss:0.3284!
2021-03-25 15:37:53,436 - root - INFO - f1:0.0841, p:0.1336, r:0.0846, hit:0.5864, ndcg:0.3836, topn:10.
2021-03-25 15:38:01,960 - root - INFO - f1:0.0943, p:0.2108, r:0.0811, hit:0.7089, ndcg:0.4861, topn:10.
2021-03-25 15:38:01,996 - root - INFO - Checkpointing ...
2021-03-25 15:38:38,244 - root - INFO - train loss:0.3278!
2021-03-25 15:38:47,190 - root - INFO - f1:0.0841, p:0.1337, r:0.0846, hit:0.5869, ndcg:0.3839, topn:10.
2021-03-25 15:38:55,583 - root - INFO - f1:0.0944, p:0.2111, r:0.0812, hit:0.7096, ndcg:0.4865, topn:10.
2021-03-25 15:38:55,614 - root - INFO - No improvement after one epoch. Lowering learning rate.
2021-03-25 15:39:32,791 - root - INFO - train loss:0.3309!
2021-03-25 15:39:41,064 - root - INFO - f1:0.0846, p:0.1343, r:0.0853, hit:0.5889, ndcg:0.3865, topn:10.
2021-03-25 15:39:49,583 - root - INFO - f1:0.0950, p:0.2120, r:0.0819, hit:0.7103, ndcg:0.4881, topn:10.
2021-03-25 15:39:49,601 - root - INFO - Checkpointing ...
2021-03-25 15:40:24,633 - root - INFO - train loss:0.3287!
2021-03-25 15:40:32,772 - root - INFO - f1:0.0852, p:0.1351, r:0.0860, hit:0.5907, ndcg:0.3874, topn:10.
2021-03-25 15:40:41,137 - root - INFO - f1:0.0954, p:0.2130, r:0.0822, hit:0.7104, ndcg:0.4888, topn:10.
2021-03-25 15:40:41,158 - root - INFO - Checkpointing ...
2021-03-25 15:41:16,352 - root - INFO - train loss:0.3279!
2021-03-25 15:41:24,461 - root - INFO - f1:0.0855, p:0.1355, r:0.0863, hit:0.5924, ndcg:0.3888, topn:10.
2021-03-25 15:41:33,305 - root - INFO - f1:0.0958, p:0.2136, r:0.0825, hit:0.7136, ndcg:0.4905, topn:10.
2021-03-25 15:41:33,339 - root - INFO - Checkpointing ...
2021-03-25 15:42:09,006 - root - INFO - train loss:0.3269!
2021-03-25 15:42:17,500 - root - INFO - f1:0.0858, p:0.1361, r:0.0866, hit:0.5934, ndcg:0.3899, topn:10.
2021-03-25 15:42:25,960 - root - INFO - f1:0.0962, p:0.2144, r:0.0829, hit:0.7151, ndcg:0.4916, topn:10.
2021-03-25 15:42:25,989 - root - INFO - Checkpointing ...
2021-03-25 15:43:01,603 - root - INFO - train loss:0.3258!
2021-03-25 15:43:10,926 - root - INFO - f1:0.0862, p:0.1367, r:0.0870, hit:0.5944, ndcg:0.3907, topn:10.
2021-03-25 15:43:19,089 - root - INFO - f1:0.0964, p:0.2147, r:0.0830, hit:0.7156, ndcg:0.4923, topn:10.
2021-03-25 15:43:19,114 - root - INFO - Checkpointing ...
2021-03-25 15:43:54,258 - root - INFO - train loss:0.3250!
2021-03-25 15:44:02,468 - root - INFO - f1:0.0863, p:0.1369, r:0.0870, hit:0.5952, ndcg:0.3915, topn:10.
2021-03-25 15:44:11,698 - root - INFO - f1:0.0966, p:0.2151, r:0.0832, hit:0.7162, ndcg:0.4929, topn:10.
2021-03-25 15:44:11,725 - root - INFO - Checkpointing ...
2021-03-25 15:44:48,314 - root - INFO - train loss:0.3246!
2021-03-25 15:44:56,082 - root - INFO - f1:0.0863, p:0.1370, r:0.0871, hit:0.5954, ndcg:0.3921, topn:10.
2021-03-25 15:45:04,416 - root - INFO - f1:0.0967, p:0.2154, r:0.0833, hit:0.7174, ndcg:0.4940, topn:10.
2021-03-25 15:45:04,447 - root - INFO - Checkpointing ...
2021-03-25 15:45:40,682 - root - INFO - train loss:0.3238!
2021-03-25 15:45:48,841 - root - INFO - f1:0.0865, p:0.1373, r:0.0872, hit:0.5964, ndcg:0.3928, topn:10.
2021-03-25 15:45:57,442 - root - INFO - f1:0.0970, p:0.2160, r:0.0835, hit:0.7185, ndcg:0.4945, topn:10.
2021-03-25 15:45:57,475 - root - INFO - Checkpointing ...
2021-03-25 15:46:36,289 - root - INFO - train loss:0.3239!
2021-03-25 15:46:44,542 - root - INFO - f1:0.0867, p:0.1375, r:0.0874, hit:0.5974, ndcg:0.3930, topn:10.
2021-03-25 15:46:52,611 - root - INFO - f1:0.0971, p:0.2164, r:0.0836, hit:0.7187, ndcg:0.4951, topn:10.
2021-03-25 15:46:52,640 - root - INFO - Checkpointing ...
2021-03-25 15:47:30,292 - root - INFO - train loss:0.3230!
2021-03-25 15:47:39,178 - root - INFO - f1:0.0868, p:0.1377, r:0.0875, hit:0.5972, ndcg:0.3929, topn:10.
2021-03-25 15:47:47,625 - root - INFO - f1:0.0971, p:0.2166, r:0.0836, hit:0.7184, ndcg:0.4955, topn:10.
2021-03-25 15:47:47,656 - root - INFO - Checkpointing ...
2021-03-25 15:48:24,072 - root - INFO - train loss:0.3223!
2021-03-25 15:48:32,326 - root - INFO - f1:0.0871, p:0.1381, r:0.0879, hit:0.5982, ndcg:0.3936, topn:10.
2021-03-25 15:48:41,205 - root - INFO - f1:0.0973, p:0.2169, r:0.0837, hit:0.7185, ndcg:0.4962, topn:10.
2021-03-25 15:48:41,236 - root - INFO - Checkpointing ...
2021-03-25 15:49:16,150 - root - INFO - train loss:0.3223!
2021-03-25 15:49:24,324 - root - INFO - f1:0.0872, p:0.1383, r:0.0879, hit:0.5980, ndcg:0.3939, topn:10.
2021-03-25 15:49:32,610 - root - INFO - f1:0.0973, p:0.2170, r:0.0837, hit:0.7190, ndcg:0.4968, topn:10.
2021-03-25 15:49:32,636 - root - INFO - Checkpointing ...
2021-03-25 15:50:07,452 - root - INFO - train loss:0.3218!
2021-03-25 15:50:16,046 - root - INFO - f1:0.0875, p:0.1386, r:0.0882, hit:0.5988, ndcg:0.3943, topn:10.
2021-03-25 15:50:24,061 - root - INFO - f1:0.0976, p:0.2176, r:0.0839, hit:0.7195, ndcg:0.4968, topn:10.
2021-03-25 15:50:24,087 - root - INFO - Checkpointing ...
2021-03-25 15:50:58,915 - root - INFO - train loss:0.3215!
2021-03-25 15:51:07,354 - root - INFO - f1:0.0876, p:0.1387, r:0.0883, hit:0.5995, ndcg:0.3948, topn:10.
2021-03-25 15:51:15,848 - root - INFO - f1:0.0976, p:0.2179, r:0.0840, hit:0.7197, ndcg:0.4971, topn:10.
2021-03-25 15:51:15,874 - root - INFO - Checkpointing ...
2021-03-25 15:51:53,875 - root - INFO - train loss:0.3212!
2021-03-25 15:52:02,577 - root - INFO - f1:0.0877, p:0.1390, r:0.0885, hit:0.5998, ndcg:0.3953, topn:10.
2021-03-25 15:52:10,684 - root - INFO - f1:0.0978, p:0.2181, r:0.0841, hit:0.7205, ndcg:0.4978, topn:10.
2021-03-25 15:52:10,724 - root - INFO - Checkpointing ...
2021-03-25 15:52:46,660 - root - INFO - train loss:0.3209!
2021-03-25 15:52:54,908 - root - INFO - f1:0.0879, p:0.1392, r:0.0886, hit:0.6003, ndcg:0.3955, topn:10.
2021-03-25 15:53:03,667 - root - INFO - f1:0.0979, p:0.2184, r:0.0842, hit:0.7207, ndcg:0.4979, topn:10.
2021-03-25 15:53:03,697 - root - INFO - Checkpointing ...
2021-03-25 15:53:38,670 - root - INFO - train loss:0.3201!
2021-03-25 15:53:46,919 - root - INFO - f1:0.0880, p:0.1393, r:0.0887, hit:0.6012, ndcg:0.3959, topn:10.
2021-03-25 15:53:55,394 - root - INFO - f1:0.0980, p:0.2186, r:0.0844, hit:0.7210, ndcg:0.4981, topn:10.
2021-03-25 15:53:55,419 - root - INFO - Checkpointing ...
2021-03-25 15:54:30,430 - root - INFO - train loss:0.3200!
2021-03-25 15:54:38,976 - root - INFO - f1:0.0881, p:0.1395, r:0.0889, hit:0.6020, ndcg:0.3964, topn:10.
2021-03-25 15:54:47,515 - root - INFO - f1:0.0981, p:0.2188, r:0.0843, hit:0.7210, ndcg:0.4985, topn:10.
2021-03-25 15:54:47,551 - root - INFO - Checkpointing ...
2021-03-25 15:55:21,702 - root - INFO - train loss:0.3199!
2021-03-25 15:55:30,180 - root - INFO - f1:0.0883, p:0.1397, r:0.0890, hit:0.6022, ndcg:0.3966, topn:10.
2021-03-25 15:55:38,295 - root - INFO - f1:0.0982, p:0.2189, r:0.0844, hit:0.7215, ndcg:0.4988, topn:10.
2021-03-25 15:55:38,318 - root - INFO - Checkpointing ...
2021-03-25 15:56:14,033 - root - INFO - train loss:0.3198!
2021-03-25 15:56:22,544 - root - INFO - f1:0.0884, p:0.1399, r:0.0891, hit:0.6025, ndcg:0.3969, topn:10.
2021-03-25 15:56:30,735 - root - INFO - f1:0.0983, p:0.2191, r:0.0846, hit:0.7220, ndcg:0.4989, topn:10.
2021-03-25 15:56:30,766 - root - INFO - Checkpointing ...
2021-03-25 15:57:15,573 - root - INFO - From CaseRecommender evaluator: {'PREC@10': 0.139967, 'RECALL@10': 0.089103, 'NDCG@10': 0.397233, 'MAP@10': 0.301395, 'MAP': 0.301395}.
