2021-03-25 16:43:56,047 - root - INFO - Flag Values:
{
    "L1_flag": true,
    "batch_size": 256,
    "ckpt_path": "/home/juarez/git/results/JIIS-revised-exp3/ml-cao_ho_oKG/",
    "clipping_max_value": 5.0,
    "data_path": "/home/juarez/git/datasets/JIIS-revised-exp3/ml-cao_ho_oKG/cao-format/",
    "dataset": "ml1m",
    "early_stopping_steps_to_wait": 97600,
    "embedding_size": 100,
    "eval_interval_steps": 19520,
    "eval_only_mode": false,
    "experiment_name": "ml1m-cfkg-1616701436",
    "filter_wrong_corrupted": true,
    "has_visualization": false,
    "is_report": false,
    "joint_ratio": 0.5,
    "kg_lambda": 1.0,
    "kg_test_files": "valid.dat:test.dat",
    "l2_lambda": 0.0,
    "learning_rate": 0.005,
    "learning_rate_decay_when_no_progress": 0.5,
    "load_ckpt_file": "/home/juarez/git/results/JIIS-revised-exp3/ml-cao_ho_oKG/ml1m-bprmf-pretrained.ckpt:/home/juarez/git/results/JIIS-revised-exp3/ml-cao_ho_oKG/ml1m-transe-pretrained.ckpt",
    "load_experiment_name": null,
    "log_level": "debug",
    "log_path": "/home/juarez/git/results/JIIS-revised-exp3/ml-cao_ho_oKG/",
    "margin": 1.0,
    "max_queue": 10,
    "model_type": "cfkg",
    "momentum": 0.9,
    "negtive_samples": 1,
    "norm_lambda": 1.0,
    "num_preferences": 4,
    "num_processes": 4,
    "optimizer_type": "Adam",
    "rec_test_files": "valid.dat:test.dat",
    "seed": 0,
    "share_embeddings": true,
    "topn": 10,
    "training_steps": 1952000,
    "use_st_gumbel": true,
    "visualization_port": 8097
}
2021-03-25 16:43:57,792 - root - INFO - Totally 701669 train ratings, 103239,193631 eval ratings in files: /home/juarez/git/datasets/JIIS-revised-exp3/ml-cao_ho_oKG/cao-format/ml1m/valid.dat;/home/juarez/git/datasets/JIIS-revised-exp3/ml-cao_ho_oKG/cao-format/ml1m/test.dat!
2021-03-25 16:43:57,800 - root - INFO - successfully load 6040 users and 3260 items!
2021-03-25 16:43:59,971 - root - INFO - Totally 303935 train triples, 43419,86835 eval triples in files: /home/juarez/git/datasets/JIIS-revised-exp3/ml-cao_ho_oKG/cao-format/ml1m/kg/valid.dat;/home/juarez/git/datasets/JIIS-revised-exp3/ml-cao_ho_oKG/cao-format/ml1m/kg/test.dat!
2021-03-25 16:43:59,986 - root - INFO - successfully load 14708 entities and 20 relations!
2021-03-25 16:44:00,290 - root - INFO - Find 2934 aligned items and entities!
2021-03-25 16:44:00,291 - root - INFO - Building model.
2021-03-25 16:44:01,744 - root - INFO - Architecture: CFKG(
  (user_embeddings): Embedding(6040, 100)
  (ent_embeddings): Embedding(15034, 100)
  (rel_embeddings): Embedding(21, 100)
  (item_embeddings): Embedding(15034, 100)
)
2021-03-25 16:44:01,745 - root - INFO - Total params: 2109500.0
2021-03-25 16:44:01,745 - root - INFO - One epoch is 5482 steps.
2021-03-25 16:44:01,745 - root - INFO - Found checkpoint, restoring pre-trained embeddings.
2021-03-25 16:44:01,928 - root - INFO - Restored 14708 entities from checkpoint.
2021-03-25 16:44:01,968 - root - INFO - Restored 3260 items from checkpoint.
2021-03-25 16:44:01,968 - root - INFO - Load Embeddings of user_embeddings.weight, item_embeddings.weight from /home/juarez/git/results/JIIS-revised-exp3/ml-cao_ho_oKG/ml1m-bprmf-pretrained.ckpt.
2021-03-25 16:44:01,972 - root - INFO - Found checkpoint, restoring pre-trained embeddings.
2021-03-25 16:44:01,987 - root - INFO - Restored 20 relations from checkpoint.
2021-03-25 16:44:02,197 - root - INFO - Restored 14708 entities from checkpoint.
2021-03-25 16:44:02,236 - root - INFO - Restored 3260 items from checkpoint.
2021-03-25 16:44:02,236 - root - INFO - Load Embeddings of ent_embeddings.weight, rel_embeddings.weight from /home/juarez/git/results/JIIS-revised-exp3/ml-cao_ho_oKG/ml1m-transe-pretrained.ckpt.
2021-03-25 16:44:02,236 - root - INFO - Training.
2021-03-25 16:44:02,237 - root - INFO - rec train loss:0.0000, kg train loss:0.0000!
2021-03-25 16:44:11,283 - root - INFO - f1:0.0030, p:0.0053, r:0.0026, hit:0.0513, ndcg:0.0284, topn:10.
2021-03-25 16:44:20,659 - root - INFO - f1:0.0041, p:0.0126, r:0.0029, hit:0.1098, ndcg:0.0620, topn:10.
2021-03-25 16:45:45,943 - root - INFO - head hit:0.0257, head mean rank:5797.6589, topn:10.
2021-03-25 16:45:45,943 - root - INFO - tail hit:0.1070, tail mean rank:4203.7085, topn:10.
2021-03-25 16:45:45,943 - root - INFO - avg hit:0.0664, avg mean rank:5000.6837, topn:10.
2021-03-25 16:47:45,527 - root - INFO - head hit:0.0268, head mean rank:5847.5926, topn:10.
2021-03-25 16:47:45,528 - root - INFO - tail hit:0.1082, tail mean rank:4241.6772, topn:10.
2021-03-25 16:47:45,528 - root - INFO - avg hit:0.0675, avg mean rank:5044.6349, topn:10.
2021-03-25 16:50:30,041 - root - INFO - rec train loss:44.9567, kg train loss:179.5824!
2021-03-25 16:50:39,553 - root - INFO - f1:0.0434, p:0.0679, r:0.0445, hit:0.4127, ndcg:0.2340, topn:10.
2021-03-25 16:50:49,875 - root - INFO - f1:0.0509, p:0.1133, r:0.0444, hit:0.5626, ndcg:0.3281, topn:10.
2021-03-25 16:52:11,472 - root - INFO - head hit:0.0196, head mean rank:3212.3702, topn:10.
2021-03-25 16:52:11,473 - root - INFO - tail hit:0.0439, tail mean rank:2904.6936, topn:10.
2021-03-25 16:52:11,473 - root - INFO - avg hit:0.0318, avg mean rank:3058.5319, topn:10.
2021-03-25 16:54:06,382 - root - INFO - head hit:0.0184, head mean rank:3238.7991, topn:10.
2021-03-25 16:54:06,382 - root - INFO - tail hit:0.0446, tail mean rank:2921.6079, topn:10.
2021-03-25 16:54:06,382 - root - INFO - avg hit:0.0315, avg mean rank:3080.2035, topn:10.
2021-03-25 16:54:06,431 - root - INFO - Checkpointing ...
2021-03-25 16:56:46,981 - root - INFO - rec train loss:45.2173, kg train loss:180.3260!
2021-03-25 16:56:57,896 - root - INFO - f1:0.0545, p:0.0843, r:0.0554, hit:0.4790, ndcg:0.2759, topn:10.
2021-03-25 16:57:07,179 - root - INFO - f1:0.0647, p:0.1413, r:0.0558, hit:0.6253, ndcg:0.3774, topn:10.
2021-03-25 16:58:27,666 - root - INFO - head hit:0.0177, head mean rank:3177.5172, topn:10.
2021-03-25 16:58:27,666 - root - INFO - tail hit:0.0306, tail mean rank:2967.5460, topn:10.
2021-03-25 16:58:27,666 - root - INFO - avg hit:0.0242, avg mean rank:3072.5316, topn:10.
2021-03-25 17:00:22,308 - root - INFO - head hit:0.0186, head mean rank:3183.3784, topn:10.
2021-03-25 17:00:22,308 - root - INFO - tail hit:0.0322, tail mean rank:2969.5526, topn:10.
2021-03-25 17:00:22,308 - root - INFO - avg hit:0.0254, avg mean rank:3076.4655, topn:10.
2021-03-25 17:00:22,353 - root - INFO - Checkpointing ...
2021-03-25 17:03:05,358 - root - INFO - rec train loss:45.2718, kg train loss:180.4970!
2021-03-25 17:03:14,784 - root - INFO - f1:0.0505, p:0.0778, r:0.0518, hit:0.4586, ndcg:0.2780, topn:10.
2021-03-25 17:03:24,905 - root - INFO - f1:0.0583, p:0.1294, r:0.0503, hit:0.5977, ndcg:0.3751, topn:10.
2021-03-25 17:04:46,567 - root - INFO - head hit:0.0166, head mean rank:3225.1123, topn:10.
2021-03-25 17:04:46,567 - root - INFO - tail hit:0.0289, tail mean rank:2964.0131, topn:10.
2021-03-25 17:04:46,567 - root - INFO - avg hit:0.0228, avg mean rank:3094.5627, topn:10.
2021-03-25 17:06:39,625 - root - INFO - head hit:0.0169, head mean rank:3226.8941, topn:10.
2021-03-25 17:06:39,625 - root - INFO - tail hit:0.0275, tail mean rank:2995.7286, topn:10.
2021-03-25 17:06:39,626 - root - INFO - avg hit:0.0222, avg mean rank:3111.3113, topn:10.
2021-03-25 17:06:39,677 - root - INFO - No improvement after one epoch. Lowering learning rate.
2021-03-25 17:09:21,933 - root - INFO - rec train loss:18.2505, kg train loss:72.1125!
2021-03-25 17:09:32,535 - root - INFO - f1:0.0704, p:0.1097, r:0.0718, hit:0.5434, ndcg:0.3298, topn:10.
2021-03-25 17:09:42,108 - root - INFO - f1:0.0791, p:0.1764, r:0.0676, hit:0.6753, ndcg:0.4279, topn:10.
2021-03-25 17:11:00,281 - root - INFO - head hit:0.0445, head mean rank:1736.9895, topn:10.
2021-03-25 17:11:00,281 - root - INFO - tail hit:0.0916, tail mean rank:1601.4790, topn:10.
2021-03-25 17:11:00,286 - root - INFO - avg hit:0.0681, avg mean rank:1669.2343, topn:10.
2021-03-25 17:12:47,331 - root - INFO - head hit:0.0458, head mean rank:1732.3158, topn:10.
2021-03-25 17:12:47,331 - root - INFO - tail hit:0.0906, tail mean rank:1609.9230, topn:10.
2021-03-25 17:12:47,331 - root - INFO - avg hit:0.0682, avg mean rank:1671.1194, topn:10.
2021-03-25 17:12:47,377 - root - INFO - Checkpointing ...
2021-03-25 17:15:28,112 - root - INFO - rec train loss:16.7273, kg train loss:66.3571!
2021-03-25 17:15:37,722 - root - INFO - f1:0.0697, p:0.1103, r:0.0701, hit:0.5407, ndcg:0.3310, topn:10.
2021-03-25 17:15:48,288 - root - INFO - f1:0.0791, p:0.1762, r:0.0682, hit:0.6740, ndcg:0.4275, topn:10.
2021-03-25 17:17:04,129 - root - INFO - head hit:0.0459, head mean rank:1722.2667, topn:10.
2021-03-25 17:17:04,129 - root - INFO - tail hit:0.0748, tail mean rank:1596.9835, topn:10.
2021-03-25 17:17:04,129 - root - INFO - avg hit:0.0603, avg mean rank:1659.6251, topn:10.
2021-03-25 17:18:52,889 - root - INFO - head hit:0.0469, head mean rank:1735.9587, topn:10.
2021-03-25 17:18:52,889 - root - INFO - tail hit:0.0720, tail mean rank:1617.1404, topn:10.
2021-03-25 17:18:52,890 - root - INFO - avg hit:0.0594, avg mean rank:1676.5496, topn:10.
2021-03-25 17:18:52,936 - root - INFO - No improvement after one epoch. Lowering learning rate.
2021-03-25 17:21:36,709 - root - INFO - rec train loss:7.0950, kg train loss:27.7165!
2021-03-25 17:21:46,913 - root - INFO - f1:0.0836, p:0.1294, r:0.0853, hit:0.5974, ndcg:0.3794, topn:10.
2021-03-25 17:21:56,377 - root - INFO - f1:0.0919, p:0.2040, r:0.0783, hit:0.7132, ndcg:0.4738, topn:10.
2021-03-25 17:23:10,770 - root - INFO - head hit:0.0987, head mean rank:1036.4840, topn:10.
2021-03-25 17:23:10,770 - root - INFO - tail hit:0.1714, tail mean rank:954.2767, topn:10.
2021-03-25 17:23:10,770 - root - INFO - avg hit:0.1350, avg mean rank:995.3803, topn:10.
2021-03-25 17:24:56,182 - root - INFO - head hit:0.0966, head mean rank:1054.3417, topn:10.
2021-03-25 17:24:56,182 - root - INFO - tail hit:0.1736, tail mean rank:966.1258, topn:10.
2021-03-25 17:24:56,182 - root - INFO - avg hit:0.1351, avg mean rank:1010.2337, topn:10.
2021-03-25 17:24:56,227 - root - INFO - Checkpointing ...
2021-03-25 17:27:40,278 - root - INFO - rec train loss:6.0635, kg train loss:23.6522!
2021-03-25 17:27:49,799 - root - INFO - f1:0.0859, p:0.1326, r:0.0881, hit:0.6035, ndcg:0.3877, topn:10.
2021-03-25 17:28:00,462 - root - INFO - f1:0.0940, p:0.2074, r:0.0803, hit:0.7141, ndcg:0.4807, topn:10.
2021-03-25 17:29:14,626 - root - INFO - head hit:0.1104, head mean rank:994.5805, topn:10.
2021-03-25 17:29:14,626 - root - INFO - tail hit:0.1810, tail mean rank:927.0042, topn:10.
2021-03-25 17:29:14,626 - root - INFO - avg hit:0.1457, avg mean rank:960.7924, topn:10.
2021-03-25 17:30:58,358 - root - INFO - head hit:0.1103, head mean rank:1002.8179, topn:10.
2021-03-25 17:30:58,358 - root - INFO - tail hit:0.1813, tail mean rank:944.4878, topn:10.
2021-03-25 17:30:58,358 - root - INFO - avg hit:0.1458, avg mean rank:973.6528, topn:10.
2021-03-25 17:30:58,405 - root - INFO - Checkpointing ...
2021-03-25 17:33:39,969 - root - INFO - rec train loss:5.9403, kg train loss:22.7919!
2021-03-25 17:33:50,410 - root - INFO - f1:0.0820, p:0.1275, r:0.0838, hit:0.5925, ndcg:0.3789, topn:10.
2021-03-25 17:34:00,121 - root - INFO - f1:0.0917, p:0.2023, r:0.0790, hit:0.7089, ndcg:0.4731, topn:10.
2021-03-25 17:35:14,522 - root - INFO - head hit:0.1197, head mean rank:982.9465, topn:10.
2021-03-25 17:35:14,522 - root - INFO - tail hit:0.1690, tail mean rank:893.6127, topn:10.
2021-03-25 17:35:14,523 - root - INFO - avg hit:0.1444, avg mean rank:938.2796, topn:10.
2021-03-25 17:36:58,417 - root - INFO - head hit:0.1192, head mean rank:995.5682, topn:10.
2021-03-25 17:36:58,417 - root - INFO - tail hit:0.1695, tail mean rank:919.1504, topn:10.
2021-03-25 17:36:58,417 - root - INFO - avg hit:0.1444, avg mean rank:957.3593, topn:10.
2021-03-25 17:36:58,461 - root - INFO - No improvement after one epoch. Lowering learning rate.
2021-03-25 17:39:40,434 - root - INFO - rec train loss:2.9547, kg train loss:11.1671!
2021-03-25 17:39:50,125 - root - INFO - f1:0.0874, p:0.1361, r:0.0888, hit:0.6121, ndcg:0.3895, topn:10.
2021-03-25 17:40:00,579 - root - INFO - f1:0.0963, p:0.2130, r:0.0823, hit:0.7242, ndcg:0.4834, topn:10.
2021-03-25 17:41:13,955 - root - INFO - head hit:0.1902, head mean rank:698.5731, topn:10.
2021-03-25 17:41:13,956 - root - INFO - tail hit:0.2753, tail mean rank:659.1748, topn:10.
2021-03-25 17:41:13,956 - root - INFO - avg hit:0.2328, avg mean rank:678.8740, topn:10.
2021-03-25 17:42:54,895 - root - INFO - head hit:0.1911, head mean rank:712.5621, topn:10.
2021-03-25 17:42:54,895 - root - INFO - tail hit:0.2739, tail mean rank:672.2606, topn:10.
2021-03-25 17:42:54,899 - root - INFO - avg hit:0.2325, avg mean rank:692.4113, topn:10.
2021-03-25 17:42:54,946 - root - INFO - Checkpointing ...
2021-03-25 17:45:38,151 - root - INFO - rec train loss:2.4389, kg train loss:8.9935!
2021-03-25 17:45:49,063 - root - INFO - f1:0.0896, p:0.1392, r:0.0907, hit:0.6169, ndcg:0.3980, topn:10.
2021-03-25 17:45:58,718 - root - INFO - f1:0.0988, p:0.2165, r:0.0847, hit:0.7276, ndcg:0.4910, topn:10.
2021-03-25 17:47:11,668 - root - INFO - head hit:0.1953, head mean rank:697.3956, topn:10.
2021-03-25 17:47:11,668 - root - INFO - tail hit:0.2845, tail mean rank:655.5012, topn:10.
2021-03-25 17:47:11,668 - root - INFO - avg hit:0.2399, avg mean rank:676.4484, topn:10.
2021-03-25 17:48:54,665 - root - INFO - head hit:0.1968, head mean rank:706.9231, topn:10.
2021-03-25 17:48:54,665 - root - INFO - tail hit:0.2826, tail mean rank:662.9761, topn:10.
2021-03-25 17:48:54,665 - root - INFO - avg hit:0.2397, avg mean rank:684.9496, topn:10.
2021-03-25 17:48:54,710 - root - INFO - Checkpointing ...
2021-03-25 17:51:41,264 - root - INFO - rec train loss:2.3037, kg train loss:8.3958!
2021-03-25 17:51:50,706 - root - INFO - f1:0.0906, p:0.1411, r:0.0914, hit:0.6174, ndcg:0.3985, topn:10.
2021-03-25 17:52:01,428 - root - INFO - f1:0.0986, p:0.2179, r:0.0843, hit:0.7209, ndcg:0.4890, topn:10.
2021-03-25 17:53:15,484 - root - INFO - head hit:0.2121, head mean rank:677.7650, topn:10.
2021-03-25 17:53:15,484 - root - INFO - tail hit:0.2884, tail mean rank:652.6541, topn:10.
2021-03-25 17:53:15,484 - root - INFO - avg hit:0.2502, avg mean rank:665.2095, topn:10.
2021-03-25 17:54:57,360 - root - INFO - head hit:0.2135, head mean rank:687.2583, topn:10.
2021-03-25 17:54:57,360 - root - INFO - tail hit:0.2899, tail mean rank:658.4807, topn:10.
2021-03-25 17:54:57,360 - root - INFO - avg hit:0.2517, avg mean rank:672.8695, topn:10.
2021-03-25 17:54:57,406 - root - INFO - Checkpointing ...
2021-03-25 17:57:37,751 - root - INFO - rec train loss:2.2142, kg train loss:8.1359!
2021-03-25 17:57:48,708 - root - INFO - f1:0.0907, p:0.1416, r:0.0914, hit:0.6169, ndcg:0.4005, topn:10.
2021-03-25 17:57:57,946 - root - INFO - f1:0.0992, p:0.2190, r:0.0850, hit:0.7308, ndcg:0.4967, topn:10.
2021-03-25 17:59:13,784 - root - INFO - head hit:0.2084, head mean rank:685.9324, topn:10.
2021-03-25 17:59:13,784 - root - INFO - tail hit:0.2936, tail mean rank:637.4285, topn:10.
2021-03-25 17:59:13,784 - root - INFO - avg hit:0.2510, avg mean rank:661.6805, topn:10.
2021-03-25 18:00:56,434 - root - INFO - head hit:0.2091, head mean rank:692.4924, topn:10.
2021-03-25 18:00:56,435 - root - INFO - tail hit:0.2908, tail mean rank:655.0796, topn:10.
2021-03-25 18:00:56,435 - root - INFO - avg hit:0.2500, avg mean rank:673.7860, topn:10.
2021-03-25 18:00:56,479 - root - INFO - Checkpointing ...
2021-03-25 18:03:31,073 - root - INFO - rec train loss:2.1563, kg train loss:7.9567!
2021-03-25 18:03:40,606 - root - INFO - f1:0.0919, p:0.1424, r:0.0930, hit:0.6260, ndcg:0.4084, topn:10.
2021-03-25 18:03:51,159 - root - INFO - f1:0.1013, p:0.2224, r:0.0873, hit:0.7394, ndcg:0.5011, topn:10.
2021-03-25 18:05:04,675 - root - INFO - head hit:0.2179, head mean rank:675.6005, topn:10.
2021-03-25 18:05:04,675 - root - INFO - tail hit:0.2949, tail mean rank:635.8281, topn:10.
2021-03-25 18:05:04,675 - root - INFO - avg hit:0.2564, avg mean rank:655.7143, topn:10.
2021-03-25 18:06:46,873 - root - INFO - head hit:0.2190, head mean rank:687.3374, topn:10.
2021-03-25 18:06:46,874 - root - INFO - tail hit:0.2992, tail mean rank:645.0194, topn:10.
2021-03-25 18:06:46,874 - root - INFO - avg hit:0.2591, avg mean rank:666.1784, topn:10.
2021-03-25 18:06:46,918 - root - INFO - Checkpointing ...
2021-03-25 18:09:18,185 - root - INFO - rec train loss:2.1111, kg train loss:7.8458!
2021-03-25 18:09:28,746 - root - INFO - f1:0.0894, p:0.1395, r:0.0901, hit:0.6185, ndcg:0.3994, topn:10.
2021-03-25 18:09:38,468 - root - INFO - f1:0.0984, p:0.2191, r:0.0837, hit:0.7224, ndcg:0.4895, topn:10.
2021-03-25 18:10:51,037 - root - INFO - head hit:0.2220, head mean rank:676.9703, topn:10.
2021-03-25 18:10:51,038 - root - INFO - tail hit:0.2971, tail mean rank:640.4331, topn:10.
2021-03-25 18:10:51,038 - root - INFO - avg hit:0.2595, avg mean rank:658.7017, topn:10.
2021-03-25 18:12:33,752 - root - INFO - head hit:0.2239, head mean rank:682.8656, topn:10.
2021-03-25 18:12:33,753 - root - INFO - tail hit:0.2978, tail mean rank:643.4071, topn:10.
2021-03-25 18:12:33,753 - root - INFO - avg hit:0.2609, avg mean rank:663.1364, topn:10.
2021-03-25 18:12:33,798 - root - INFO - No improvement after one epoch. Lowering learning rate.
2021-03-25 18:15:09,611 - root - INFO - rec train loss:1.4088, kg train loss:4.8929!
2021-03-25 18:15:19,239 - root - INFO - f1:0.0963, p:0.1488, r:0.0976, hit:0.6346, ndcg:0.4159, topn:10.
2021-03-25 18:15:29,885 - root - INFO - f1:0.1052, p:0.2298, r:0.0909, hit:0.7498, ndcg:0.5133, topn:10.
2021-03-25 18:16:43,442 - root - INFO - head hit:0.2782, head mean rank:579.0142, topn:10.
2021-03-25 18:16:43,442 - root - INFO - tail hit:0.3544, tail mean rank:555.7334, topn:10.
2021-03-25 18:16:43,442 - root - INFO - avg hit:0.3163, avg mean rank:567.3738, topn:10.
2021-03-25 18:18:25,951 - root - INFO - head hit:0.2801, head mean rank:586.1488, topn:10.
2021-03-25 18:18:25,952 - root - INFO - tail hit:0.3531, tail mean rank:560.9432, topn:10.
2021-03-25 18:18:25,952 - root - INFO - avg hit:0.3166, avg mean rank:573.5460, topn:10.
2021-03-25 18:18:25,992 - root - INFO - Checkpointing ...
2021-03-25 18:21:00,643 - root - INFO - rec train loss:1.1779, kg train loss:3.9666!
2021-03-25 18:21:10,976 - root - INFO - f1:0.0960, p:0.1472, r:0.0977, hit:0.6329, ndcg:0.4149, topn:10.
2021-03-25 18:21:20,897 - root - INFO - f1:0.1073, p:0.2324, r:0.0930, hit:0.7508, ndcg:0.5119, topn:10.
2021-03-25 18:22:34,056 - root - INFO - head hit:0.2931, head mean rank:567.4756, topn:10.
2021-03-25 18:22:34,056 - root - INFO - tail hit:0.3622, tail mean rank:542.9661, topn:10.
2021-03-25 18:22:34,056 - root - INFO - avg hit:0.3276, avg mean rank:555.2208, topn:10.
2021-03-25 18:24:16,155 - root - INFO - head hit:0.2943, head mean rank:577.4844, topn:10.
2021-03-25 18:24:16,155 - root - INFO - tail hit:0.3617, tail mean rank:554.8210, topn:10.
2021-03-25 18:24:16,155 - root - INFO - avg hit:0.3280, avg mean rank:566.1527, topn:10.
2021-03-25 18:24:16,200 - root - INFO - No improvement after one epoch. Lowering learning rate.
2021-03-25 18:26:52,019 - root - INFO - rec train loss:0.9482, kg train loss:3.0825!
2021-03-25 18:27:01,479 - root - INFO - f1:0.0974, p:0.1498, r:0.0993, hit:0.6394, ndcg:0.4164, topn:10.
2021-03-25 18:27:11,977 - root - INFO - f1:0.1079, p:0.2343, r:0.0931, hit:0.7492, ndcg:0.5139, topn:10.
2021-03-25 18:28:24,641 - root - INFO - head hit:0.3203, head mean rank:530.7577, topn:10.
2021-03-25 18:28:24,641 - root - INFO - tail hit:0.3841, tail mean rank:511.9732, topn:10.
2021-03-25 18:28:24,641 - root - INFO - avg hit:0.3522, avg mean rank:521.3654, topn:10.
2021-03-25 18:30:06,337 - root - INFO - head hit:0.3206, head mean rank:539.2756, topn:10.
2021-03-25 18:30:06,338 - root - INFO - tail hit:0.3831, tail mean rank:523.5305, topn:10.
2021-03-25 18:30:06,338 - root - INFO - avg hit:0.3518, avg mean rank:531.4031, topn:10.
2021-03-25 18:30:06,384 - root - INFO - Checkpointing ...
2021-03-25 18:32:41,143 - root - INFO - rec train loss:0.8350, kg train loss:2.6088!
2021-03-25 18:32:52,646 - root - INFO - f1:0.0980, p:0.1510, r:0.0996, hit:0.6382, ndcg:0.4187, topn:10.
2021-03-25 18:33:02,453 - root - INFO - f1:0.1072, p:0.2328, r:0.0924, hit:0.7493, ndcg:0.5169, topn:10.
2021-03-25 18:34:15,036 - root - INFO - head hit:0.3316, head mean rank:525.1078, topn:10.
2021-03-25 18:34:15,037 - root - INFO - tail hit:0.3893, tail mean rank:505.7675, topn:10.
2021-03-25 18:34:15,037 - root - INFO - avg hit:0.3605, avg mean rank:515.4377, topn:10.
2021-03-25 18:35:58,218 - root - INFO - head hit:0.3319, head mean rank:534.7552, topn:10.
2021-03-25 18:35:58,218 - root - INFO - tail hit:0.3898, tail mean rank:516.7454, topn:10.
2021-03-25 18:35:58,219 - root - INFO - avg hit:0.3609, avg mean rank:525.7503, topn:10.
2021-03-25 18:35:58,263 - root - INFO - Checkpointing ...
2021-03-25 18:38:33,687 - root - INFO - rec train loss:0.7748, kg train loss:2.4322!
2021-03-25 18:38:42,958 - root - INFO - f1:0.0981, p:0.1511, r:0.0999, hit:0.6450, ndcg:0.4234, topn:10.
2021-03-25 18:38:53,350 - root - INFO - f1:0.1079, p:0.2339, r:0.0933, hit:0.7520, ndcg:0.5176, topn:10.
2021-03-25 18:40:05,899 - root - INFO - head hit:0.3334, head mean rank:516.2020, topn:10.
2021-03-25 18:40:05,900 - root - INFO - tail hit:0.3957, tail mean rank:502.5954, topn:10.
2021-03-25 18:40:05,900 - root - INFO - avg hit:0.3645, avg mean rank:509.3987, topn:10.
2021-03-25 18:41:48,039 - root - INFO - head hit:0.3340, head mean rank:531.2555, topn:10.
2021-03-25 18:41:48,040 - root - INFO - tail hit:0.3952, tail mean rank:515.6145, topn:10.
2021-03-25 18:41:48,040 - root - INFO - avg hit:0.3646, avg mean rank:523.4350, topn:10.
2021-03-25 18:41:48,080 - root - INFO - Checkpointing ...
2021-03-25 18:44:22,731 - root - INFO - rec train loss:0.7574, kg train loss:2.3257!
2021-03-25 18:44:33,141 - root - INFO - f1:0.0971, p:0.1495, r:0.0991, hit:0.6394, ndcg:0.4204, topn:10.
2021-03-25 18:44:42,819 - root - INFO - f1:0.1082, p:0.2344, r:0.0939, hit:0.7556, ndcg:0.5175, topn:10.
2021-03-25 18:45:56,148 - root - INFO - head hit:0.3391, head mean rank:518.4221, topn:10.
2021-03-25 18:45:56,148 - root - INFO - tail hit:0.3989, tail mean rank:501.1742, topn:10.
2021-03-25 18:45:56,148 - root - INFO - avg hit:0.3690, avg mean rank:509.7982, topn:10.
2021-03-25 18:47:37,527 - root - INFO - head hit:0.3400, head mean rank:530.1813, topn:10.
2021-03-25 18:47:37,527 - root - INFO - tail hit:0.3994, tail mean rank:514.0369, topn:10.
2021-03-25 18:47:37,531 - root - INFO - avg hit:0.3697, avg mean rank:522.1091, topn:10.
2021-03-25 18:47:37,602 - root - INFO - No improvement after one epoch. Lowering learning rate.
2021-03-25 18:50:11,553 - root - INFO - rec train loss:0.6892, kg train loss:2.0966!
2021-03-25 18:50:20,859 - root - INFO - f1:0.0985, p:0.1515, r:0.1002, hit:0.6439, ndcg:0.4233, topn:10.
2021-03-25 18:50:31,374 - root - INFO - f1:0.1096, p:0.2367, r:0.0948, hit:0.7581, ndcg:0.5192, topn:10.
2021-03-25 18:51:44,359 - root - INFO - head hit:0.3490, head mean rank:505.7088, topn:10.
2021-03-25 18:51:44,359 - root - INFO - tail hit:0.4066, tail mean rank:491.5237, topn:10.
2021-03-25 18:51:44,359 - root - INFO - avg hit:0.3778, avg mean rank:498.6163, topn:10.
2021-03-25 18:53:24,974 - root - INFO - head hit:0.3494, head mean rank:518.5613, topn:10.
2021-03-25 18:53:24,974 - root - INFO - tail hit:0.4069, tail mean rank:504.3481, topn:10.
2021-03-25 18:53:24,974 - root - INFO - avg hit:0.3781, avg mean rank:511.4547, topn:10.
2021-03-25 18:53:25,020 - root - INFO - Checkpointing ...
2021-03-25 18:55:59,826 - root - INFO - rec train loss:0.6507, kg train loss:1.8922!
2021-03-25 18:56:10,165 - root - INFO - f1:0.0987, p:0.1519, r:0.1004, hit:0.6447, ndcg:0.4251, topn:10.
2021-03-25 18:56:19,829 - root - INFO - f1:0.1097, p:0.2370, r:0.0950, hit:0.7611, ndcg:0.5211, topn:10.
2021-03-25 18:57:32,191 - root - INFO - head hit:0.3545, head mean rank:504.7038, topn:10.
2021-03-25 18:57:32,192 - root - INFO - tail hit:0.4105, tail mean rank:490.1107, topn:10.
2021-03-25 18:57:32,192 - root - INFO - avg hit:0.3825, avg mean rank:497.4073, topn:10.
2021-03-25 18:59:16,958 - root - INFO - head hit:0.3564, head mean rank:514.6522, topn:10.
2021-03-25 18:59:16,958 - root - INFO - tail hit:0.4102, tail mean rank:502.8892, topn:10.
2021-03-25 18:59:16,958 - root - INFO - avg hit:0.3833, avg mean rank:508.7707, topn:10.
2021-03-25 18:59:17,010 - root - INFO - Checkpointing ...
2021-03-25 19:01:51,277 - root - INFO - rec train loss:0.6285, kg train loss:1.8099!
2021-03-25 19:02:00,656 - root - INFO - f1:0.0985, p:0.1516, r:0.1003, hit:0.6477, ndcg:0.4251, topn:10.
2021-03-25 19:02:11,211 - root - INFO - f1:0.1094, p:0.2364, r:0.0948, hit:0.7596, ndcg:0.5223, topn:10.
2021-03-25 19:03:23,843 - root - INFO - head hit:0.3571, head mean rank:503.6642, topn:10.
2021-03-25 19:03:23,844 - root - INFO - tail hit:0.4162, tail mean rank:490.7344, topn:10.
2021-03-25 19:03:23,844 - root - INFO - avg hit:0.3866, avg mean rank:497.1993, topn:10.
2021-03-25 19:05:05,880 - root - INFO - head hit:0.3589, head mean rank:513.3829, topn:10.
2021-03-25 19:05:05,880 - root - INFO - tail hit:0.4147, tail mean rank:501.1332, topn:10.
2021-03-25 19:05:05,880 - root - INFO - avg hit:0.3868, avg mean rank:507.2581, topn:10.
2021-03-25 19:05:05,920 - root - INFO - No improvement after one epoch. Lowering learning rate.
2021-03-25 19:07:40,961 - root - INFO - rec train loss:0.5969, kg train loss:1.7293!
2021-03-25 19:07:51,273 - root - INFO - f1:0.0994, p:0.1527, r:0.1012, hit:0.6454, ndcg:0.4255, topn:10.
2021-03-25 19:08:00,867 - root - INFO - f1:0.1102, p:0.2379, r:0.0957, hit:0.7598, ndcg:0.5218, topn:10.
2021-03-25 19:09:13,229 - root - INFO - head hit:0.3600, head mean rank:498.9968, topn:10.
2021-03-25 19:09:13,229 - root - INFO - tail hit:0.4178, tail mean rank:486.2286, topn:10.
2021-03-25 19:09:13,229 - root - INFO - avg hit:0.3889, avg mean rank:492.6127, topn:10.
2021-03-25 19:10:55,116 - root - INFO - head hit:0.3637, head mean rank:508.7521, topn:10.
2021-03-25 19:10:55,116 - root - INFO - tail hit:0.4181, tail mean rank:497.5399, topn:10.
2021-03-25 19:10:55,116 - root - INFO - avg hit:0.3909, avg mean rank:503.1460, topn:10.
2021-03-25 19:10:55,157 - root - INFO - Checkpointing ...
2021-03-25 19:13:21,874 - root - INFO - rec train loss:0.5730, kg train loss:1.6393!
2021-03-25 19:13:31,457 - root - INFO - f1:0.0993, p:0.1527, r:0.1011, hit:0.6467, ndcg:0.4284, topn:10.
2021-03-25 19:13:42,080 - root - INFO - f1:0.1110, p:0.2392, r:0.0961, hit:0.7614, ndcg:0.5243, topn:10.
2021-03-25 19:14:53,806 - root - INFO - head hit:0.3658, head mean rank:496.7225, topn:10.
2021-03-25 19:14:53,806 - root - INFO - tail hit:0.4198, tail mean rank:484.7886, topn:10.
2021-03-25 19:14:53,806 - root - INFO - avg hit:0.3928, avg mean rank:490.7555, topn:10.
2021-03-25 19:16:34,579 - root - INFO - head hit:0.3671, head mean rank:507.3303, topn:10.
2021-03-25 19:16:34,579 - root - INFO - tail hit:0.4192, tail mean rank:495.8047, topn:10.
2021-03-25 19:16:34,579 - root - INFO - avg hit:0.3932, avg mean rank:501.5675, topn:10.
2021-03-25 19:16:34,624 - root - INFO - No improvement after one epoch. Lowering learning rate.
2021-03-25 19:19:09,387 - root - INFO - rec train loss:0.5582, kg train loss:1.5852!
2021-03-25 19:19:20,215 - root - INFO - f1:0.0995, p:0.1532, r:0.1014, hit:0.6475, ndcg:0.4299, topn:10.
2021-03-25 19:19:29,881 - root - INFO - f1:0.1112, p:0.2393, r:0.0966, hit:0.7636, ndcg:0.5255, topn:10.
2021-03-25 19:20:42,056 - root - INFO - head hit:0.3677, head mean rank:494.8298, topn:10.
2021-03-25 19:20:42,056 - root - INFO - tail hit:0.4218, tail mean rank:484.2330, topn:10.
2021-03-25 19:20:42,056 - root - INFO - avg hit:0.3948, avg mean rank:489.5314, topn:10.
2021-03-25 19:22:22,799 - root - INFO - head hit:0.3691, head mean rank:505.3011, topn:10.
2021-03-25 19:22:22,800 - root - INFO - tail hit:0.4208, tail mean rank:494.7792, topn:10.
2021-03-25 19:22:22,800 - root - INFO - avg hit:0.3950, avg mean rank:500.0401, topn:10.
2021-03-25 19:22:22,846 - root - INFO - Checkpointing ...
2021-03-25 19:24:53,016 - root - INFO - rec train loss:0.5554, kg train loss:1.5346!
2021-03-25 19:25:02,561 - root - INFO - f1:0.0996, p:0.1531, r:0.1015, hit:0.6474, ndcg:0.4299, topn:10.
2021-03-25 19:25:13,059 - root - INFO - f1:0.1111, p:0.2397, r:0.0963, hit:0.7618, ndcg:0.5240, topn:10.
2021-03-25 19:26:24,489 - root - INFO - head hit:0.3680, head mean rank:494.0367, topn:10.
2021-03-25 19:26:24,489 - root - INFO - tail hit:0.4240, tail mean rank:483.2181, topn:10.
2021-03-25 19:26:24,489 - root - INFO - avg hit:0.3960, avg mean rank:488.6274, topn:10.
2021-03-25 19:28:06,039 - root - INFO - head hit:0.3708, head mean rank:505.1458, topn:10.
2021-03-25 19:28:06,039 - root - INFO - tail hit:0.4223, tail mean rank:494.0092, topn:10.
2021-03-25 19:28:06,039 - root - INFO - avg hit:0.3966, avg mean rank:499.5775, topn:10.
2021-03-25 19:28:06,084 - root - INFO - Checkpointing ...
2021-03-25 19:30:39,633 - root - INFO - rec train loss:0.5452, kg train loss:1.4990!
2021-03-25 19:30:49,945 - root - INFO - f1:0.0997, p:0.1533, r:0.1014, hit:0.6477, ndcg:0.4291, topn:10.
2021-03-25 19:30:59,593 - root - INFO - f1:0.1115, p:0.2399, r:0.0967, hit:0.7631, ndcg:0.5250, topn:10.
2021-03-25 19:32:14,127 - root - INFO - head hit:0.3700, head mean rank:493.2701, topn:10.
2021-03-25 19:32:14,128 - root - INFO - tail hit:0.4246, tail mean rank:482.3797, topn:10.
2021-03-25 19:32:14,128 - root - INFO - avg hit:0.3973, avg mean rank:487.8249, topn:10.
2021-03-25 19:33:56,303 - root - INFO - head hit:0.3729, head mean rank:503.7365, topn:10.
2021-03-25 19:33:56,304 - root - INFO - tail hit:0.4233, tail mean rank:493.6116, topn:10.
2021-03-25 19:33:56,304 - root - INFO - avg hit:0.3981, avg mean rank:498.6741, topn:10.
2021-03-25 19:33:56,348 - root - INFO - Checkpointing ...
2021-03-25 19:36:31,052 - root - INFO - rec train loss:0.5291, kg train loss:1.4719!
2021-03-25 19:36:40,425 - root - INFO - f1:0.0997, p:0.1533, r:0.1014, hit:0.6459, ndcg:0.4281, topn:10.
2021-03-25 19:36:50,999 - root - INFO - f1:0.1112, p:0.2395, r:0.0965, hit:0.7613, ndcg:0.5233, topn:10.
2021-03-25 19:38:04,462 - root - INFO - head hit:0.3715, head mean rank:492.6597, topn:10.
2021-03-25 19:38:04,463 - root - INFO - tail hit:0.4252, tail mean rank:481.4934, topn:10.
2021-03-25 19:38:04,463 - root - INFO - avg hit:0.3983, avg mean rank:487.0765, topn:10.
2021-03-25 19:39:45,456 - root - INFO - head hit:0.3748, head mean rank:503.3863, topn:10.
2021-03-25 19:39:45,456 - root - INFO - tail hit:0.4238, tail mean rank:493.2888, topn:10.
2021-03-25 19:39:45,456 - root - INFO - avg hit:0.3993, avg mean rank:498.3376, topn:10.
2021-03-25 19:39:45,496 - root - INFO - No improvement after one epoch. Lowering learning rate.
2021-03-25 19:42:20,194 - root - INFO - rec train loss:0.5238, kg train loss:1.4629!
2021-03-25 19:42:30,721 - root - INFO - f1:0.1000, p:0.1537, r:0.1019, hit:0.6483, ndcg:0.4295, topn:10.
2021-03-25 19:42:40,267 - root - INFO - f1:0.1117, p:0.2402, r:0.0969, hit:0.7624, ndcg:0.5250, topn:10.
2021-03-25 19:43:52,842 - root - INFO - head hit:0.3722, head mean rank:491.8665, topn:10.
2021-03-25 19:43:52,842 - root - INFO - tail hit:0.4262, tail mean rank:481.0526, topn:10.
2021-03-25 19:43:52,842 - root - INFO - avg hit:0.3992, avg mean rank:486.4596, topn:10.
2021-03-25 19:45:35,967 - root - INFO - head hit:0.3760, head mean rank:502.8378, topn:10.
2021-03-25 19:45:35,967 - root - INFO - tail hit:0.4242, tail mean rank:493.0287, topn:10.
2021-03-25 19:45:35,967 - root - INFO - avg hit:0.4001, avg mean rank:497.9333, topn:10.
2021-03-25 19:45:36,010 - root - INFO - Checkpointing ...
2021-03-25 19:48:06,621 - root - INFO - rec train loss:0.5220, kg train loss:1.4693!
2021-03-25 19:48:16,100 - root - INFO - f1:0.0999, p:0.1536, r:0.1017, hit:0.6467, ndcg:0.4284, topn:10.
2021-03-25 19:48:26,536 - root - INFO - f1:0.1116, p:0.2401, r:0.0969, hit:0.7623, ndcg:0.5235, topn:10.
2021-03-25 19:49:39,564 - root - INFO - head hit:0.3735, head mean rank:492.0212, topn:10.
2021-03-25 19:49:39,565 - root - INFO - tail hit:0.4271, tail mean rank:481.1466, topn:10.
2021-03-25 19:49:39,565 - root - INFO - avg hit:0.4003, avg mean rank:486.5839, topn:10.
2021-03-25 19:51:20,679 - root - INFO - head hit:0.3765, head mean rank:502.6449, topn:10.
2021-03-25 19:51:20,680 - root - INFO - tail hit:0.4253, tail mean rank:492.7956, topn:10.
2021-03-25 19:51:20,680 - root - INFO - avg hit:0.4009, avg mean rank:497.7203, topn:10.
2021-03-25 19:51:20,720 - root - INFO - No improvement after one epoch. Lowering learning rate.
2021-03-25 19:53:56,286 - root - INFO - rec train loss:0.5223, kg train loss:1.4592!
2021-03-25 19:54:06,682 - root - INFO - f1:0.1000, p:0.1536, r:0.1019, hit:0.6474, ndcg:0.4293, topn:10.
2021-03-25 19:54:16,326 - root - INFO - f1:0.1116, p:0.2402, r:0.0968, hit:0.7627, ndcg:0.5253, topn:10.
2021-03-25 19:55:29,044 - root - INFO - head hit:0.3736, head mean rank:491.8104, topn:10.
2021-03-25 19:55:29,044 - root - INFO - tail hit:0.4274, tail mean rank:480.9114, topn:10.
2021-03-25 19:55:29,044 - root - INFO - avg hit:0.4005, avg mean rank:486.3609, topn:10.
2021-03-25 19:57:12,373 - root - INFO - head hit:0.3768, head mean rank:502.2708, topn:10.
2021-03-25 19:57:12,373 - root - INFO - tail hit:0.4254, tail mean rank:492.6424, topn:10.
2021-03-25 19:57:12,373 - root - INFO - avg hit:0.4011, avg mean rank:497.4566, topn:10.
2021-03-25 19:57:12,413 - root - INFO - No improvement after one epoch. Lowering learning rate.
2021-03-25 19:59:46,910 - root - INFO - rec train loss:0.5230, kg train loss:1.4284!
2021-03-25 19:59:56,365 - root - INFO - f1:0.0999, p:0.1537, r:0.1018, hit:0.6462, ndcg:0.4285, topn:10.
2021-03-25 20:00:06,950 - root - INFO - f1:0.1116, p:0.2402, r:0.0967, hit:0.7609, ndcg:0.5244, topn:10.
2021-03-25 20:01:19,649 - root - INFO - head hit:0.3736, head mean rank:491.7235, topn:10.
2021-03-25 20:01:19,649 - root - INFO - tail hit:0.4273, tail mean rank:480.7049, topn:10.
2021-03-25 20:01:19,649 - root - INFO - avg hit:0.4004, avg mean rank:486.2142, topn:10.
2021-03-25 20:03:00,717 - root - INFO - head hit:0.3770, head mean rank:502.1350, topn:10.
2021-03-25 20:03:00,717 - root - INFO - tail hit:0.4257, tail mean rank:492.5121, topn:10.
2021-03-25 20:03:00,717 - root - INFO - avg hit:0.4013, avg mean rank:497.3236, topn:10.
2021-03-25 20:03:00,763 - root - INFO - No improvement after one epoch. Lowering learning rate.
2021-03-25 20:05:44,616 - root - INFO - rec train loss:0.5232, kg train loss:1.4350!
2021-03-25 20:05:55,279 - root - INFO - f1:0.0999, p:0.1536, r:0.1018, hit:0.6465, ndcg:0.4291, topn:10.
2021-03-25 20:06:04,925 - root - INFO - f1:0.1117, p:0.2404, r:0.0968, hit:0.7613, ndcg:0.5244, topn:10.
2021-03-25 20:07:17,112 - root - INFO - head hit:0.3737, head mean rank:491.6131, topn:10.
2021-03-25 20:07:17,112 - root - INFO - tail hit:0.4273, tail mean rank:480.6147, topn:10.
2021-03-25 20:07:17,112 - root - INFO - avg hit:0.4005, avg mean rank:486.1139, topn:10.
2021-03-25 20:08:58,683 - root - INFO - head hit:0.3770, head mean rank:502.0817, topn:10.
2021-03-25 20:08:58,684 - root - INFO - tail hit:0.4257, tail mean rank:492.4263, topn:10.
2021-03-25 20:08:58,684 - root - INFO - avg hit:0.4013, avg mean rank:497.2540, topn:10.
2021-03-25 20:08:58,726 - root - INFO - No improvement after one epoch. Lowering learning rate.
2021-03-25 20:11:41,896 - root - INFO - rec train loss:0.5186, kg train loss:1.4500!
2021-03-25 20:11:51,493 - root - INFO - f1:0.0999, p:0.1536, r:0.1018, hit:0.6465, ndcg:0.4292, topn:10.
2021-03-25 20:12:02,167 - root - INFO - f1:0.1117, p:0.2404, r:0.0968, hit:0.7616, ndcg:0.5244, topn:10.
2021-03-25 20:13:13,698 - root - INFO - head hit:0.3738, head mean rank:491.5643, topn:10.
2021-03-25 20:13:13,699 - root - INFO - tail hit:0.4274, tail mean rank:480.5992, topn:10.
2021-03-25 20:13:13,699 - root - INFO - avg hit:0.4006, avg mean rank:486.0817, topn:10.
2021-03-25 20:14:53,664 - root - INFO - head hit:0.3770, head mean rank:502.0023, topn:10.
2021-03-25 20:14:53,664 - root - INFO - tail hit:0.4257, tail mean rank:492.4136, topn:10.
2021-03-25 20:14:53,664 - root - INFO - avg hit:0.4014, avg mean rank:497.2079, topn:10.
2021-03-25 20:14:53,704 - root - INFO - No improvement after one epoch. Lowering learning rate.
2021-03-25 20:14:53,729 - root - INFO - No improvement after 97600 steps. Stopping training.
2021-03-25 20:15:06,659 - root - INFO - From CaseRecommender evaluator: {'PREC@10': 0.153626, 'RECALL@10': 0.101805, 'NDCG@10': 0.429204, 'MAP@10': 0.325294, 'MAP': 0.325294}.
