2021-03-26 17:04:15,839 - root - INFO - Flag Values:
{
    "L1_flag": true,
    "batch_size": 256,
    "ckpt_path": "/home/juarez/git/results/JIIS-revised-exp3/ml-cao_ho_oKG/",
    "clipping_max_value": 5.0,
    "data_path": "/home/juarez/git/datasets/JIIS-revised-exp3/ml-cao_ho_oKG/cao-format/",
    "dataset": "ml1m",
    "early_stopping_steps_to_wait": 97600,
    "embedding_size": 100,
    "eval_interval_steps": 19520,
    "eval_only_mode": false,
    "experiment_name": "ml1m-jtransup-1616789055",
    "filter_wrong_corrupted": true,
    "has_visualization": false,
    "is_report": false,
    "joint_ratio": 0.5,
    "kg_lambda": 1.0,
    "kg_test_files": "valid.dat:test.dat",
    "l2_lambda": 0.0,
    "learning_rate": 0.005,
    "learning_rate_decay_when_no_progress": 0.5,
    "load_ckpt_file": "/home/juarez/git/results/JIIS-revised-exp3/ml-cao_ho_oKG/ml1m-transup-pretrained.ckpt:/home/juarez/git/results/JIIS-revised-exp3/ml-cao_ho_oKG/ml1m-transh-pretrained.ckpt",
    "load_experiment_name": null,
    "log_level": "debug",
    "log_path": "/home/juarez/git/results/JIIS-revised-exp3/ml-cao_ho_oKG/",
    "margin": 1.0,
    "max_queue": 10,
    "model_type": "jtransup",
    "momentum": 0.9,
    "negtive_samples": 1,
    "norm_lambda": 1.0,
    "num_preferences": 4,
    "num_processes": 4,
    "optimizer_type": "Adam",
    "rec_test_files": "valid.dat:test.dat",
    "seed": 0,
    "share_embeddings": false,
    "topn": 10,
    "training_steps": 1952000,
    "use_st_gumbel": false,
    "visualization_port": 8097
}
2021-03-26 17:04:17,571 - root - INFO - Totally 701669 train ratings, 103239,193631 eval ratings in files: /home/juarez/git/datasets/JIIS-revised-exp3/ml-cao_ho_oKG/cao-format/ml1m/valid.dat;/home/juarez/git/datasets/JIIS-revised-exp3/ml-cao_ho_oKG/cao-format/ml1m/test.dat!
2021-03-26 17:04:17,579 - root - INFO - successfully load 6040 users and 3260 items!
2021-03-26 17:04:19,760 - root - INFO - Totally 303935 train triples, 43419,86835 eval triples in files: /home/juarez/git/datasets/JIIS-revised-exp3/ml-cao_ho_oKG/cao-format/ml1m/kg/valid.dat;/home/juarez/git/datasets/JIIS-revised-exp3/ml-cao_ho_oKG/cao-format/ml1m/kg/test.dat!
2021-03-26 17:04:19,775 - root - INFO - successfully load 14708 entities and 20 relations!
2021-03-26 17:04:20,078 - root - INFO - Find 2934 aligned items and entities!
2021-03-26 17:04:20,079 - root - INFO - Building model.
2021-03-26 17:04:21,445 - root - INFO - Architecture: jTransUPModel(
  (user_embeddings): Embedding(6040, 100)
  (item_embeddings): Embedding(3260, 100)
  (pref_embeddings): Embedding(20, 100)
  (pref_norm_embeddings): Embedding(20, 100)
  (ent_embeddings): Embedding(14709, 100, padding_idx=14708)
  (rel_embeddings): Embedding(20, 100)
  (norm_embeddings): Embedding(20, 100)
)
2021-03-26 17:04:21,445 - root - INFO - Total params: 2408900.0
2021-03-26 17:04:21,445 - root - INFO - One epoch is 5482 steps.
2021-03-26 17:04:21,445 - root - INFO - Found checkpoint, restoring pre-trained embeddings.
2021-03-26 17:04:21,451 - root - INFO - Load Embeddings of user_embeddings.weight, item_embeddings.weight, pref_embeddings.weight, pref_norm_embeddings.weight from /home/juarez/git/results/JIIS-revised-exp3/ml-cao_ho_oKG/ml1m-transup-pretrained.ckpt.
2021-03-26 17:04:21,451 - root - INFO - Found checkpoint, restoring pre-trained embeddings.
2021-03-26 17:04:21,460 - root - INFO - Restored 14708 entities from checkpoint.
2021-03-26 17:04:21,460 - root - INFO - Load Embeddings of ent_embeddings.weight, rel_embeddings.weight, norm_embeddings.weight from /home/juarez/git/results/JIIS-revised-exp3/ml-cao_ho_oKG/ml1m-transh-pretrained.ckpt.
2021-03-26 17:04:21,461 - root - INFO - Training.
2021-03-26 17:04:21,461 - root - INFO - rec train loss:0.0000, kg train loss:0.0000!
2021-03-26 17:04:32,642 - root - INFO - f1:0.0324, p:0.0564, r:0.0308, hit:0.3478, ndcg:0.2303, topn:10.
2021-03-26 17:04:45,205 - root - INFO - f1:0.0371, p:0.0968, r:0.0296, hit:0.4806, ndcg:0.3283, topn:10.
2021-03-26 17:06:15,569 - root - INFO - head hit:0.4468, head mean rank:537.4451, topn:10.
2021-03-26 17:06:15,569 - root - INFO - tail hit:0.4848, tail mean rank:532.2723, topn:10.
2021-03-26 17:06:15,570 - root - INFO - avg hit:0.4658, avg mean rank:534.8587, topn:10.
2021-03-26 17:08:18,413 - root - INFO - head hit:0.4521, head mean rank:542.8862, topn:10.
2021-03-26 17:08:18,413 - root - INFO - tail hit:0.4894, tail mean rank:536.6679, topn:10.
2021-03-26 17:08:18,413 - root - INFO - avg hit:0.4708, avg mean rank:539.7770, topn:10.
2021-03-26 17:12:41,838 - root - INFO - rec train loss:44.0700, kg train loss:176.4962!
2021-03-26 17:12:53,928 - root - INFO - f1:0.0697, p:0.1079, r:0.0706, hit:0.5464, ndcg:0.3297, topn:10.
2021-03-26 17:13:05,670 - root - INFO - f1:0.0755, p:0.1686, r:0.0650, hit:0.6661, ndcg:0.4188, topn:10.
2021-03-26 17:14:45,569 - root - INFO - head hit:0.0186, head mean rank:3169.9657, topn:10.
2021-03-26 17:14:45,569 - root - INFO - tail hit:0.0307, tail mean rank:3021.2588, topn:10.
2021-03-26 17:14:45,570 - root - INFO - avg hit:0.0246, avg mean rank:3095.6122, topn:10.
2021-03-26 17:17:01,895 - root - INFO - head hit:0.0196, head mean rank:3188.9516, topn:10.
2021-03-26 17:17:01,895 - root - INFO - tail hit:0.0301, tail mean rank:3014.5830, topn:10.
2021-03-26 17:17:01,895 - root - INFO - avg hit:0.0248, avg mean rank:3101.7673, topn:10.
2021-03-26 17:17:01,948 - root - INFO - Checkpointing ...
2021-03-26 17:21:23,710 - root - INFO - rec train loss:44.7160, kg train loss:179.4210!
2021-03-26 17:21:35,927 - root - INFO - f1:0.0761, p:0.1201, r:0.0763, hit:0.5767, ndcg:0.3522, topn:10.
2021-03-26 17:21:48,000 - root - INFO - f1:0.0864, p:0.1921, r:0.0740, hit:0.6965, ndcg:0.4479, topn:10.
2021-03-26 17:23:28,368 - root - INFO - head hit:0.0217, head mean rank:3109.9924, topn:10.
2021-03-26 17:23:28,368 - root - INFO - tail hit:0.0247, tail mean rank:2997.5925, topn:10.
2021-03-26 17:23:28,368 - root - INFO - avg hit:0.0232, avg mean rank:3053.7925, topn:10.
2021-03-26 17:25:45,692 - root - INFO - head hit:0.0227, head mean rank:3110.8401, topn:10.
2021-03-26 17:25:45,692 - root - INFO - tail hit:0.0256, tail mean rank:3029.5761, topn:10.
2021-03-26 17:25:45,692 - root - INFO - avg hit:0.0241, avg mean rank:3070.2081, topn:10.
2021-03-26 17:25:45,734 - root - INFO - Checkpointing ...
2021-03-26 17:30:05,422 - root - INFO - rec train loss:44.8717, kg train loss:179.2143!
2021-03-26 17:30:16,882 - root - INFO - f1:0.0826, p:0.1297, r:0.0833, hit:0.5902, ndcg:0.3646, topn:10.
2021-03-26 17:30:29,488 - root - INFO - f1:0.0909, p:0.2009, r:0.0784, hit:0.7068, ndcg:0.4603, topn:10.
2021-03-26 17:32:07,887 - root - INFO - head hit:0.0179, head mean rank:3177.9221, topn:10.
2021-03-26 17:32:07,887 - root - INFO - tail hit:0.0281, tail mean rank:3040.3495, topn:10.
2021-03-26 17:32:07,887 - root - INFO - avg hit:0.0230, avg mean rank:3109.1358, topn:10.
2021-03-26 17:34:24,897 - root - INFO - head hit:0.0174, head mean rank:3192.0344, topn:10.
2021-03-26 17:34:24,898 - root - INFO - tail hit:0.0280, tail mean rank:3050.3057, topn:10.
2021-03-26 17:34:24,898 - root - INFO - avg hit:0.0227, avg mean rank:3121.1701, topn:10.
2021-03-26 17:34:24,939 - root - INFO - Checkpointing ...
2021-03-26 17:38:45,962 - root - INFO - rec train loss:44.8933, kg train loss:178.7427!
2021-03-26 17:38:58,311 - root - INFO - f1:0.0870, p:0.1367, r:0.0875, hit:0.6068, ndcg:0.3767, topn:10.
2021-03-26 17:39:09,975 - root - INFO - f1:0.0969, p:0.2130, r:0.0837, hit:0.7349, ndcg:0.4761, topn:10.
2021-03-26 17:40:49,266 - root - INFO - head hit:0.0206, head mean rank:3112.5844, topn:10.
2021-03-26 17:40:49,267 - root - INFO - tail hit:0.0357, tail mean rank:3012.8710, topn:10.
2021-03-26 17:40:49,267 - root - INFO - avg hit:0.0281, avg mean rank:3062.7277, topn:10.
2021-03-26 17:43:05,958 - root - INFO - head hit:0.0207, head mean rank:3094.5217, topn:10.
2021-03-26 17:43:05,959 - root - INFO - tail hit:0.0340, tail mean rank:3013.7973, topn:10.
2021-03-26 17:43:05,959 - root - INFO - avg hit:0.0274, avg mean rank:3054.1595, topn:10.
2021-03-26 17:43:06,004 - root - INFO - Checkpointing ...
2021-03-26 17:47:26,396 - root - INFO - rec train loss:44.5103, kg train loss:178.9154!
2021-03-26 17:47:37,933 - root - INFO - f1:0.0931, p:0.1442, r:0.0944, hit:0.6278, ndcg:0.3918, topn:10.
2021-03-26 17:47:50,472 - root - INFO - f1:0.1019, p:0.2207, r:0.0885, hit:0.7478, ndcg:0.4910, topn:10.
2021-03-26 17:49:28,869 - root - INFO - head hit:0.0232, head mean rank:3157.4345, topn:10.
2021-03-26 17:49:28,869 - root - INFO - tail hit:0.0269, tail mean rank:3019.9262, topn:10.
2021-03-26 17:49:28,869 - root - INFO - avg hit:0.0251, avg mean rank:3088.6804, topn:10.
2021-03-26 17:51:45,474 - root - INFO - head hit:0.0234, head mean rank:3193.5695, topn:10.
2021-03-26 17:51:45,474 - root - INFO - tail hit:0.0282, tail mean rank:3031.9074, topn:10.
2021-03-26 17:51:45,475 - root - INFO - avg hit:0.0258, avg mean rank:3112.7384, topn:10.
2021-03-26 17:51:45,523 - root - INFO - Checkpointing ...
2021-03-26 17:56:06,584 - root - INFO - rec train loss:44.7894, kg train loss:179.2355!
2021-03-26 17:56:18,405 - root - INFO - f1:0.0939, p:0.1454, r:0.0956, hit:0.6325, ndcg:0.3966, topn:10.
2021-03-26 17:56:29,907 - root - INFO - f1:0.1029, p:0.2245, r:0.0885, hit:0.7508, ndcg:0.5019, topn:10.
2021-03-26 17:58:09,085 - root - INFO - head hit:0.0228, head mean rank:3178.0931, topn:10.
2021-03-26 17:58:09,085 - root - INFO - tail hit:0.0337, tail mean rank:3027.3689, topn:10.
2021-03-26 17:58:09,085 - root - INFO - avg hit:0.0282, avg mean rank:3102.7310, topn:10.
2021-03-26 18:00:26,688 - root - INFO - head hit:0.0242, head mean rank:3174.3936, topn:10.
2021-03-26 18:00:26,688 - root - INFO - tail hit:0.0336, tail mean rank:3026.6153, topn:10.
2021-03-26 18:00:26,688 - root - INFO - avg hit:0.0289, avg mean rank:3100.5044, topn:10.
2021-03-26 18:00:26,729 - root - INFO - Checkpointing ...
2021-03-26 18:04:47,425 - root - INFO - rec train loss:44.5954, kg train loss:179.1840!
2021-03-26 18:04:58,681 - root - INFO - f1:0.0970, p:0.1516, r:0.0983, hit:0.6409, ndcg:0.4079, topn:10.
2021-03-26 18:05:10,644 - root - INFO - f1:0.1057, p:0.2309, r:0.0915, hit:0.7589, ndcg:0.5063, topn:10.
2021-03-26 18:06:49,178 - root - INFO - head hit:0.0257, head mean rank:3126.2273, topn:10.
2021-03-26 18:06:49,178 - root - INFO - tail hit:0.0290, tail mean rank:3001.6282, topn:10.
2021-03-26 18:06:49,178 - root - INFO - avg hit:0.0274, avg mean rank:3063.9277, topn:10.
2021-03-26 18:09:06,114 - root - INFO - head hit:0.0249, head mean rank:3121.4244, topn:10.
2021-03-26 18:09:06,115 - root - INFO - tail hit:0.0294, tail mean rank:3012.5834, topn:10.
2021-03-26 18:09:06,115 - root - INFO - avg hit:0.0271, avg mean rank:3067.0039, topn:10.
2021-03-26 18:09:06,159 - root - INFO - Checkpointing ...
2021-03-26 18:13:29,674 - root - INFO - rec train loss:44.5447, kg train loss:179.0473!
2021-03-26 18:13:40,936 - root - INFO - f1:0.1011, p:0.1559, r:0.1029, hit:0.6474, ndcg:0.4122, topn:10.
2021-03-26 18:13:53,807 - root - INFO - f1:0.1115, p:0.2376, r:0.0980, hit:0.7752, ndcg:0.5202, topn:10.
2021-03-26 18:15:32,379 - root - INFO - head hit:0.0219, head mean rank:3052.2761, topn:10.
2021-03-26 18:15:32,380 - root - INFO - tail hit:0.0284, tail mean rank:3008.6127, topn:10.
2021-03-26 18:15:32,380 - root - INFO - avg hit:0.0251, avg mean rank:3030.4444, topn:10.
2021-03-26 18:17:49,117 - root - INFO - head hit:0.0212, head mean rank:3085.7914, topn:10.
2021-03-26 18:17:49,118 - root - INFO - tail hit:0.0285, tail mean rank:3031.7906, topn:10.
2021-03-26 18:17:49,118 - root - INFO - avg hit:0.0249, avg mean rank:3058.7910, topn:10.
2021-03-26 18:17:49,164 - root - INFO - Checkpointing ...
2021-03-26 18:22:09,506 - root - INFO - rec train loss:44.6638, kg train loss:179.1105!
2021-03-26 18:22:22,116 - root - INFO - f1:0.1001, p:0.1560, r:0.1018, hit:0.6487, ndcg:0.4165, topn:10.
2021-03-26 18:22:34,055 - root - INFO - f1:0.1106, p:0.2388, r:0.0966, hit:0.7680, ndcg:0.5172, topn:10.
2021-03-26 18:24:11,895 - root - INFO - head hit:0.0207, head mean rank:3093.4582, topn:10.
2021-03-26 18:24:11,896 - root - INFO - tail hit:0.0423, tail mean rank:2949.5610, topn:10.
2021-03-26 18:24:11,896 - root - INFO - avg hit:0.0315, avg mean rank:3021.5096, topn:10.
2021-03-26 18:26:28,073 - root - INFO - head hit:0.0211, head mean rank:3130.2351, topn:10.
2021-03-26 18:26:28,074 - root - INFO - tail hit:0.0407, tail mean rank:2970.9729, topn:10.
2021-03-26 18:26:28,074 - root - INFO - avg hit:0.0309, avg mean rank:3050.6040, topn:10.
2021-03-26 18:26:28,116 - root - INFO - No improvement after one epoch. Lowering learning rate.
2021-03-26 18:30:47,289 - root - INFO - rec train loss:18.0643, kg train loss:71.7239!
2021-03-26 18:30:58,821 - root - INFO - f1:0.1128, p:0.1755, r:0.1150, hit:0.6833, ndcg:0.4441, topn:10.
2021-03-26 18:31:11,466 - root - INFO - f1:0.1243, p:0.2664, r:0.1088, hit:0.7975, ndcg:0.5463, topn:10.
2021-03-26 18:32:46,049 - root - INFO - head hit:0.0506, head mean rank:1805.9686, topn:10.
2021-03-26 18:32:46,049 - root - INFO - tail hit:0.0681, tail mean rank:1691.6996, topn:10.
2021-03-26 18:32:46,049 - root - INFO - avg hit:0.0594, avg mean rank:1748.8341, topn:10.
2021-03-26 18:34:55,047 - root - INFO - head hit:0.0495, head mean rank:1778.6508, topn:10.
2021-03-26 18:34:55,048 - root - INFO - tail hit:0.0662, tail mean rank:1679.6026, topn:10.
2021-03-26 18:34:55,048 - root - INFO - avg hit:0.0579, avg mean rank:1729.1267, topn:10.
2021-03-26 18:34:55,092 - root - INFO - Checkpointing ...
2021-03-26 18:39:15,376 - root - INFO - rec train loss:16.6085, kg train loss:65.7333!
2021-03-26 18:39:27,793 - root - INFO - f1:0.1172, p:0.1826, r:0.1189, hit:0.6934, ndcg:0.4585, topn:10.
2021-03-26 18:39:39,669 - root - INFO - f1:0.1272, p:0.2730, r:0.1111, hit:0.8043, ndcg:0.5582, topn:10.
2021-03-26 18:41:13,891 - root - INFO - head hit:0.0519, head mean rank:1741.3225, topn:10.
2021-03-26 18:41:13,891 - root - INFO - tail hit:0.0874, tail mean rank:1633.5069, topn:10.
2021-03-26 18:41:13,891 - root - INFO - avg hit:0.0697, avg mean rank:1687.4147, topn:10.
2021-03-26 18:43:24,056 - root - INFO - head hit:0.0531, head mean rank:1729.0197, topn:10.
2021-03-26 18:43:24,056 - root - INFO - tail hit:0.0871, tail mean rank:1647.4435, topn:10.
2021-03-26 18:43:24,056 - root - INFO - avg hit:0.0701, avg mean rank:1688.2316, topn:10.
2021-03-26 18:43:24,100 - root - INFO - Checkpointing ...
2021-03-26 18:47:45,941 - root - INFO - rec train loss:16.3807, kg train loss:65.2133!
2021-03-26 18:47:57,476 - root - INFO - f1:0.1191, p:0.1851, r:0.1213, hit:0.6969, ndcg:0.4602, topn:10.
2021-03-26 18:48:10,400 - root - INFO - f1:0.1311, p:0.2796, r:0.1149, hit:0.8089, ndcg:0.5645, topn:10.
2021-03-26 18:49:43,451 - root - INFO - head hit:0.0532, head mean rank:1704.3265, topn:10.
2021-03-26 18:49:43,452 - root - INFO - tail hit:0.0661, tail mean rank:1620.1004, topn:10.
2021-03-26 18:49:43,452 - root - INFO - avg hit:0.0596, avg mean rank:1662.2135, topn:10.
2021-03-26 18:51:52,986 - root - INFO - head hit:0.0528, head mean rank:1693.4528, topn:10.
2021-03-26 18:51:52,986 - root - INFO - tail hit:0.0659, tail mean rank:1651.5689, topn:10.
2021-03-26 18:51:52,986 - root - INFO - avg hit:0.0594, avg mean rank:1672.5108, topn:10.
2021-03-26 18:51:53,028 - root - INFO - Checkpointing ...
2021-03-26 18:56:14,821 - root - INFO - rec train loss:16.3446, kg train loss:65.0428!
2021-03-26 18:56:28,147 - root - INFO - f1:0.1231, p:0.1916, r:0.1243, hit:0.7060, ndcg:0.4637, topn:10.
2021-03-26 18:56:40,220 - root - INFO - f1:0.1314, p:0.2823, r:0.1146, hit:0.8063, ndcg:0.5641, topn:10.
2021-03-26 18:58:14,358 - root - INFO - head hit:0.0586, head mean rank:1682.8467, topn:10.
2021-03-26 18:58:14,358 - root - INFO - tail hit:0.0774, tail mean rank:1632.1878, topn:10.
2021-03-26 18:58:14,358 - root - INFO - avg hit:0.0680, avg mean rank:1657.5172, topn:10.
2021-03-26 19:00:24,475 - root - INFO - head hit:0.0556, head mean rank:1680.9211, topn:10.
2021-03-26 19:00:24,476 - root - INFO - tail hit:0.0756, tail mean rank:1637.1328, topn:10.
2021-03-26 19:00:24,476 - root - INFO - avg hit:0.0656, avg mean rank:1659.0269, topn:10.
2021-03-26 19:00:24,523 - root - INFO - Checkpointing ...
2021-03-26 19:04:43,535 - root - INFO - rec train loss:16.2991, kg train loss:64.8828!
2021-03-26 19:04:55,346 - root - INFO - f1:0.1222, p:0.1903, r:0.1236, hit:0.7061, ndcg:0.4731, topn:10.
2021-03-26 19:05:07,990 - root - INFO - f1:0.1311, p:0.2831, r:0.1136, hit:0.8053, ndcg:0.5672, topn:10.
2021-03-26 19:06:41,450 - root - INFO - head hit:0.0552, head mean rank:1707.2969, topn:10.
2021-03-26 19:06:41,450 - root - INFO - tail hit:0.0742, tail mean rank:1601.5865, topn:10.
2021-03-26 19:06:41,450 - root - INFO - avg hit:0.0647, avg mean rank:1654.4417, topn:10.
2021-03-26 19:08:51,107 - root - INFO - head hit:0.0539, head mean rank:1719.3457, topn:10.
2021-03-26 19:08:51,107 - root - INFO - tail hit:0.0735, tail mean rank:1635.0233, topn:10.
2021-03-26 19:08:51,108 - root - INFO - avg hit:0.0637, avg mean rank:1677.1845, topn:10.
2021-03-26 19:08:51,153 - root - INFO - No improvement after one epoch. Lowering learning rate.
2021-03-26 19:13:12,336 - root - INFO - rec train loss:6.9368, kg train loss:27.2063!
2021-03-26 19:13:24,710 - root - INFO - f1:0.1313, p:0.2048, r:0.1324, hit:0.7202, ndcg:0.4835, topn:10.
2021-03-26 19:13:36,578 - root - INFO - f1:0.1390, p:0.2975, r:0.1215, hit:0.8210, ndcg:0.5887, topn:10.
2021-03-26 19:15:08,739 - root - INFO - head hit:0.1248, head mean rank:1036.0219, topn:10.
2021-03-26 19:15:08,739 - root - INFO - tail hit:0.1796, tail mean rank:965.6287, topn:10.
2021-03-26 19:15:08,739 - root - INFO - avg hit:0.1522, avg mean rank:1000.8253, topn:10.
2021-03-26 19:17:14,956 - root - INFO - head hit:0.1257, head mean rank:1047.1960, topn:10.
2021-03-26 19:17:14,957 - root - INFO - tail hit:0.1783, tail mean rank:980.6135, topn:10.
2021-03-26 19:17:14,957 - root - INFO - avg hit:0.1520, avg mean rank:1013.9047, topn:10.
2021-03-26 19:17:15,002 - root - INFO - Checkpointing ...
2021-03-26 19:21:36,121 - root - INFO - rec train loss:5.8540, kg train loss:23.0496!
2021-03-26 19:21:47,779 - root - INFO - f1:0.1320, p:0.2062, r:0.1331, hit:0.7250, ndcg:0.4923, topn:10.
2021-03-26 19:22:00,491 - root - INFO - f1:0.1397, p:0.3009, r:0.1214, hit:0.8195, ndcg:0.5879, topn:10.
2021-03-26 19:23:32,331 - root - INFO - head hit:0.1191, head mean rank:1017.5340, topn:10.
2021-03-26 19:23:32,331 - root - INFO - tail hit:0.1918, tail mean rank:941.6447, topn:10.
2021-03-26 19:23:32,331 - root - INFO - avg hit:0.1555, avg mean rank:979.5894, topn:10.
2021-03-26 19:25:39,369 - root - INFO - head hit:0.1171, head mean rank:1020.1075, topn:10.
2021-03-26 19:25:39,369 - root - INFO - tail hit:0.1925, tail mean rank:959.5464, topn:10.
2021-03-26 19:25:39,369 - root - INFO - avg hit:0.1548, avg mean rank:989.8269, topn:10.
2021-03-26 19:25:39,411 - root - INFO - Checkpointing ...
2021-03-26 19:29:59,989 - root - INFO - rec train loss:5.6671, kg train loss:22.2745!
2021-03-26 19:30:12,534 - root - INFO - f1:0.1332, p:0.2087, r:0.1337, hit:0.7225, ndcg:0.4904, topn:10.
2021-03-26 19:30:24,439 - root - INFO - f1:0.1436, p:0.3070, r:0.1250, hit:0.8245, ndcg:0.5891, topn:10.
2021-03-26 19:31:56,244 - root - INFO - head hit:0.1304, head mean rank:990.4976, topn:10.
2021-03-26 19:31:56,244 - root - INFO - tail hit:0.1954, tail mean rank:923.5511, topn:10.
2021-03-26 19:31:56,244 - root - INFO - avg hit:0.1629, avg mean rank:957.0244, topn:10.
2021-03-26 19:34:02,380 - root - INFO - head hit:0.1291, head mean rank:990.0253, topn:10.
2021-03-26 19:34:02,380 - root - INFO - tail hit:0.1965, tail mean rank:931.2542, topn:10.
2021-03-26 19:34:02,380 - root - INFO - avg hit:0.1628, avg mean rank:960.6397, topn:10.
2021-03-26 19:34:02,420 - root - INFO - Checkpointing ...
2021-03-26 19:38:23,637 - root - INFO - rec train loss:5.5806, kg train loss:22.0158!
2021-03-26 19:38:35,487 - root - INFO - f1:0.1366, p:0.2133, r:0.1376, hit:0.7326, ndcg:0.5020, topn:10.
2021-03-26 19:38:48,087 - root - INFO - f1:0.1447, p:0.3098, r:0.1255, hit:0.8243, ndcg:0.5966, topn:10.
2021-03-26 19:40:19,454 - root - INFO - head hit:0.1330, head mean rank:985.7055, topn:10.
2021-03-26 19:40:19,455 - root - INFO - tail hit:0.2094, tail mean rank:931.1985, topn:10.
2021-03-26 19:40:19,455 - root - INFO - avg hit:0.1712, avg mean rank:958.4520, topn:10.
2021-03-26 19:42:26,380 - root - INFO - head hit:0.1297, head mean rank:982.1384, topn:10.
2021-03-26 19:42:26,381 - root - INFO - tail hit:0.2052, tail mean rank:940.1550, topn:10.
2021-03-26 19:42:26,381 - root - INFO - avg hit:0.1675, avg mean rank:961.1467, topn:10.
2021-03-26 19:42:26,425 - root - INFO - Checkpointing ...
2021-03-26 19:46:41,433 - root - INFO - rec train loss:5.4882, kg train loss:21.6316!
2021-03-26 19:46:54,282 - root - INFO - f1:0.1382, p:0.2161, r:0.1391, hit:0.7295, ndcg:0.4998, topn:10.
2021-03-26 19:47:06,187 - root - INFO - f1:0.1450, p:0.3115, r:0.1259, hit:0.8258, ndcg:0.5979, topn:10.
2021-03-26 19:48:36,648 - root - INFO - head hit:0.1486, head mean rank:1009.1130, topn:10.
2021-03-26 19:48:36,648 - root - INFO - tail hit:0.1731, tail mean rank:935.4963, topn:10.
2021-03-26 19:48:36,648 - root - INFO - avg hit:0.1608, avg mean rank:972.3047, topn:10.
2021-03-26 19:50:42,761 - root - INFO - head hit:0.1485, head mean rank:997.7317, topn:10.
2021-03-26 19:50:42,761 - root - INFO - tail hit:0.1754, tail mean rank:935.7004, topn:10.
2021-03-26 19:50:42,761 - root - INFO - avg hit:0.1619, avg mean rank:966.7161, topn:10.
2021-03-26 19:50:42,807 - root - INFO - Checkpointing ...
2021-03-26 19:54:59,016 - root - INFO - rec train loss:5.4348, kg train loss:21.5535!
2021-03-26 19:55:10,685 - root - INFO - f1:0.1390, p:0.2174, r:0.1398, hit:0.7339, ndcg:0.5016, topn:10.
2021-03-26 19:55:23,433 - root - INFO - f1:0.1466, p:0.3140, r:0.1273, hit:0.8270, ndcg:0.5985, topn:10.
2021-03-26 19:56:55,785 - root - INFO - head hit:0.1385, head mean rank:1001.6972, topn:10.
2021-03-26 19:56:55,785 - root - INFO - tail hit:0.1874, tail mean rank:943.3912, topn:10.
2021-03-26 19:56:55,786 - root - INFO - avg hit:0.1630, avg mean rank:972.5442, topn:10.
2021-03-26 19:59:01,795 - root - INFO - head hit:0.1375, head mean rank:990.8286, topn:10.
2021-03-26 19:59:01,795 - root - INFO - tail hit:0.1857, tail mean rank:945.5963, topn:10.
2021-03-26 19:59:01,795 - root - INFO - avg hit:0.1616, avg mean rank:968.2124, topn:10.
2021-03-26 19:59:01,829 - root - INFO - Checkpointing ...
2021-03-26 20:03:20,239 - root - INFO - rec train loss:5.4151, kg train loss:21.3413!
2021-03-26 20:03:33,445 - root - INFO - f1:0.1395, p:0.2188, r:0.1397, hit:0.7308, ndcg:0.5036, topn:10.
2021-03-26 20:03:45,436 - root - INFO - f1:0.1478, p:0.3164, r:0.1286, hit:0.8331, ndcg:0.6021, topn:10.
2021-03-26 20:05:17,921 - root - INFO - head hit:0.1395, head mean rank:983.4751, topn:10.
2021-03-26 20:05:17,921 - root - INFO - tail hit:0.1961, tail mean rank:940.3948, topn:10.
2021-03-26 20:05:17,921 - root - INFO - avg hit:0.1678, avg mean rank:961.9349, topn:10.
2021-03-26 20:07:23,819 - root - INFO - head hit:0.1389, head mean rank:978.1646, topn:10.
2021-03-26 20:07:23,819 - root - INFO - tail hit:0.1970, tail mean rank:940.2160, topn:10.
2021-03-26 20:07:23,819 - root - INFO - avg hit:0.1680, avg mean rank:959.1903, topn:10.
2021-03-26 20:07:23,864 - root - INFO - Checkpointing ...
2021-03-26 20:11:41,242 - root - INFO - rec train loss:5.3571, kg train loss:21.3096!
2021-03-26 20:11:53,008 - root - INFO - f1:0.1418, p:0.2214, r:0.1422, hit:0.7409, ndcg:0.5099, topn:10.
2021-03-26 20:12:05,970 - root - INFO - f1:0.1478, p:0.3172, r:0.1282, hit:0.8286, ndcg:0.6009, topn:10.
2021-03-26 20:13:37,324 - root - INFO - head hit:0.1370, head mean rank:974.7277, topn:10.
2021-03-26 20:13:37,325 - root - INFO - tail hit:0.1905, tail mean rank:919.6317, topn:10.
2021-03-26 20:13:37,325 - root - INFO - avg hit:0.1637, avg mean rank:947.1797, topn:10.
2021-03-26 20:15:43,896 - root - INFO - head hit:0.1376, head mean rank:975.3020, topn:10.
2021-03-26 20:15:43,896 - root - INFO - tail hit:0.1899, tail mean rank:925.3378, topn:10.
2021-03-26 20:15:43,897 - root - INFO - avg hit:0.1637, avg mean rank:950.3199, topn:10.
2021-03-26 20:15:43,938 - root - INFO - Checkpointing ...
2021-03-26 20:20:01,876 - root - INFO - rec train loss:5.3795, kg train loss:21.1775!
2021-03-26 20:20:14,385 - root - INFO - f1:0.1425, p:0.2232, r:0.1425, hit:0.7381, ndcg:0.5108, topn:10.
2021-03-26 20:20:26,188 - root - INFO - f1:0.1482, p:0.3189, r:0.1281, hit:0.8290, ndcg:0.6063, topn:10.
2021-03-26 20:21:57,925 - root - INFO - head hit:0.1504, head mean rank:977.3739, topn:10.
2021-03-26 20:21:57,926 - root - INFO - tail hit:0.2036, tail mean rank:922.2760, topn:10.
2021-03-26 20:21:57,926 - root - INFO - avg hit:0.1770, avg mean rank:949.8249, topn:10.
2021-03-26 20:24:03,233 - root - INFO - head hit:0.1500, head mean rank:984.9639, topn:10.
2021-03-26 20:24:03,233 - root - INFO - tail hit:0.2028, tail mean rank:935.0207, topn:10.
2021-03-26 20:24:03,233 - root - INFO - avg hit:0.1764, avg mean rank:959.9923, topn:10.
2021-03-26 20:24:03,276 - root - INFO - Checkpointing ...
2021-03-26 20:28:18,903 - root - INFO - rec train loss:5.3530, kg train loss:21.2151!
2021-03-26 20:28:30,748 - root - INFO - f1:0.1437, p:0.2246, r:0.1442, hit:0.7412, ndcg:0.5127, topn:10.
2021-03-26 20:28:43,426 - root - INFO - f1:0.1505, p:0.3223, r:0.1301, hit:0.8338, ndcg:0.6077, topn:10.
2021-03-26 20:30:14,686 - root - INFO - head hit:0.1492, head mean rank:971.2814, topn:10.
2021-03-26 20:30:14,687 - root - INFO - tail hit:0.1860, tail mean rank:928.9749, topn:10.
2021-03-26 20:30:14,687 - root - INFO - avg hit:0.1676, avg mean rank:950.1282, topn:10.
2021-03-26 20:32:20,736 - root - INFO - head hit:0.1472, head mean rank:979.5389, topn:10.
2021-03-26 20:32:20,736 - root - INFO - tail hit:0.1885, tail mean rank:940.1304, topn:10.
2021-03-26 20:32:20,736 - root - INFO - avg hit:0.1679, avg mean rank:959.8347, topn:10.
2021-03-26 20:32:20,777 - root - INFO - Checkpointing ...
2021-03-26 20:36:51,248 - root - INFO - rec train loss:5.3178, kg train loss:21.1673!
2021-03-26 20:37:03,770 - root - INFO - f1:0.1442, p:0.2256, r:0.1445, hit:0.7432, ndcg:0.5139, topn:10.
2021-03-26 20:37:15,543 - root - INFO - f1:0.1498, p:0.3220, r:0.1294, hit:0.8316, ndcg:0.6067, topn:10.
2021-03-26 20:38:47,338 - root - INFO - head hit:0.1394, head mean rank:971.9397, topn:10.
2021-03-26 20:38:47,339 - root - INFO - tail hit:0.1706, tail mean rank:939.7833, topn:10.
2021-03-26 20:38:47,339 - root - INFO - avg hit:0.1550, avg mean rank:955.8615, topn:10.
2021-03-26 20:40:53,992 - root - INFO - head hit:0.1392, head mean rank:973.1443, topn:10.
2021-03-26 20:40:53,992 - root - INFO - tail hit:0.1692, tail mean rank:935.6108, topn:10.
2021-03-26 20:40:53,992 - root - INFO - avg hit:0.1542, avg mean rank:954.3775, topn:10.
2021-03-26 20:40:54,036 - root - INFO - Checkpointing ...
2021-03-26 20:45:24,091 - root - INFO - rec train loss:5.3302, kg train loss:21.1767!
2021-03-26 20:45:35,794 - root - INFO - f1:0.1439, p:0.2255, r:0.1443, hit:0.7392, ndcg:0.5143, topn:10.
2021-03-26 20:45:48,745 - root - INFO - f1:0.1520, p:0.3252, r:0.1316, hit:0.8364, ndcg:0.6121, topn:10.
2021-03-26 20:47:19,886 - root - INFO - head hit:0.1374, head mean rank:978.9471, topn:10.
2021-03-26 20:47:19,886 - root - INFO - tail hit:0.1750, tail mean rank:922.7300, topn:10.
2021-03-26 20:47:19,886 - root - INFO - avg hit:0.1562, avg mean rank:950.8385, topn:10.
2021-03-26 20:49:28,306 - root - INFO - head hit:0.1398, head mean rank:973.9893, topn:10.
2021-03-26 20:49:28,307 - root - INFO - tail hit:0.1785, tail mean rank:926.4933, topn:10.
2021-03-26 20:49:28,314 - root - INFO - avg hit:0.1591, avg mean rank:950.2413, topn:10.
2021-03-26 20:49:28,381 - root - INFO - No improvement after one epoch. Lowering learning rate.
2021-03-26 20:53:52,628 - root - INFO - rec train loss:2.5986, kg train loss:10.1821!
2021-03-26 20:54:05,204 - root - INFO - f1:0.1496, p:0.2341, r:0.1498, hit:0.7500, ndcg:0.5228, topn:10.
2021-03-26 20:54:17,110 - root - INFO - f1:0.1567, p:0.3347, r:0.1359, hit:0.8434, ndcg:0.6199, topn:10.
2021-03-26 20:55:47,972 - root - INFO - head hit:0.2307, head mean rank:715.1114, topn:10.
2021-03-26 20:55:47,972 - root - INFO - tail hit:0.2894, tail mean rank:676.9386, topn:10.
2021-03-26 20:55:47,972 - root - INFO - avg hit:0.2601, avg mean rank:696.0250, topn:10.
2021-03-26 20:57:54,005 - root - INFO - head hit:0.2277, head mean rank:708.6528, topn:10.
2021-03-26 20:57:54,006 - root - INFO - tail hit:0.2891, tail mean rank:669.3190, topn:10.
2021-03-26 20:57:54,006 - root - INFO - avg hit:0.2584, avg mean rank:688.9859, topn:10.
2021-03-26 20:57:54,050 - root - INFO - Checkpointing ...
2021-03-26 21:02:21,885 - root - INFO - rec train loss:2.0856, kg train loss:8.1655!
2021-03-26 21:02:33,644 - root - INFO - f1:0.1512, p:0.2368, r:0.1515, hit:0.7522, ndcg:0.5276, topn:10.
2021-03-26 21:02:46,437 - root - INFO - f1:0.1563, p:0.3350, r:0.1349, hit:0.8414, ndcg:0.6227, topn:10.
2021-03-26 21:04:17,611 - root - INFO - head hit:0.2386, head mean rank:698.4936, topn:10.
2021-03-26 21:04:17,611 - root - INFO - tail hit:0.3030, tail mean rank:671.7708, topn:10.
2021-03-26 21:04:17,611 - root - INFO - avg hit:0.2708, avg mean rank:685.1322, topn:10.
2021-03-26 21:06:22,771 - root - INFO - head hit:0.2381, head mean rank:697.3961, topn:10.
2021-03-26 21:06:22,772 - root - INFO - tail hit:0.3013, tail mean rank:668.0569, topn:10.
2021-03-26 21:06:22,772 - root - INFO - avg hit:0.2697, avg mean rank:682.7265, topn:10.
2021-03-26 21:06:22,812 - root - INFO - Checkpointing ...
2021-03-26 21:10:47,351 - root - INFO - rec train loss:2.0049, kg train loss:7.5734!
2021-03-26 21:11:00,276 - root - INFO - f1:0.1534, p:0.2404, r:0.1534, hit:0.7551, ndcg:0.5317, topn:10.
2021-03-26 21:11:12,067 - root - INFO - f1:0.1587, p:0.3394, r:0.1375, hit:0.8449, ndcg:0.6258, topn:10.
2021-03-26 21:12:42,304 - root - INFO - head hit:0.2405, head mean rank:689.8119, topn:10.
2021-03-26 21:12:42,305 - root - INFO - tail hit:0.3056, tail mean rank:657.1491, topn:10.
2021-03-26 21:12:42,305 - root - INFO - avg hit:0.2730, avg mean rank:673.4805, topn:10.
2021-03-26 21:14:47,184 - root - INFO - head hit:0.2411, head mean rank:692.7999, topn:10.
2021-03-26 21:14:47,184 - root - INFO - tail hit:0.3064, tail mean rank:657.9708, topn:10.
2021-03-26 21:14:47,184 - root - INFO - avg hit:0.2738, avg mean rank:675.3853, topn:10.
2021-03-26 21:14:47,229 - root - INFO - Checkpointing ...
2021-03-26 21:19:11,363 - root - INFO - rec train loss:1.9243, kg train loss:7.3435!
2021-03-26 21:19:23,312 - root - INFO - f1:0.1544, p:0.2420, r:0.1540, hit:0.7575, ndcg:0.5329, topn:10.
2021-03-26 21:19:36,145 - root - INFO - f1:0.1593, p:0.3410, r:0.1378, hit:0.8459, ndcg:0.6270, topn:10.
2021-03-26 21:21:06,282 - root - INFO - head hit:0.2423, head mean rank:691.5030, topn:10.
2021-03-26 21:21:06,283 - root - INFO - tail hit:0.3042, tail mean rank:657.1035, topn:10.
2021-03-26 21:21:06,283 - root - INFO - avg hit:0.2732, avg mean rank:674.3033, topn:10.
2021-03-26 21:23:10,926 - root - INFO - head hit:0.2447, head mean rank:682.0434, topn:10.
2021-03-26 21:23:10,926 - root - INFO - tail hit:0.3028, tail mean rank:651.7572, topn:10.
2021-03-26 21:23:10,926 - root - INFO - avg hit:0.2737, avg mean rank:666.9003, topn:10.
2021-03-26 21:23:10,969 - root - INFO - Checkpointing ...
2021-03-26 21:27:37,303 - root - INFO - rec train loss:1.8571, kg train loss:7.2452!
2021-03-26 21:27:50,279 - root - INFO - f1:0.1547, p:0.2428, r:0.1540, hit:0.7573, ndcg:0.5354, topn:10.
2021-03-26 21:28:02,394 - root - INFO - f1:0.1596, p:0.3423, r:0.1377, hit:0.8472, ndcg:0.6283, topn:10.
2021-03-26 21:29:33,961 - root - INFO - head hit:0.2528, head mean rank:677.8048, topn:10.
2021-03-26 21:29:33,962 - root - INFO - tail hit:0.3105, tail mean rank:644.9068, topn:10.
2021-03-26 21:29:33,962 - root - INFO - avg hit:0.2816, avg mean rank:661.3558, topn:10.
2021-03-26 21:31:38,812 - root - INFO - head hit:0.2537, head mean rank:683.6162, topn:10.
2021-03-26 21:31:38,813 - root - INFO - tail hit:0.3111, tail mean rank:650.9580, topn:10.
2021-03-26 21:31:38,813 - root - INFO - avg hit:0.2824, avg mean rank:667.2871, topn:10.
2021-03-26 21:31:38,856 - root - INFO - Checkpointing ...
2021-03-26 21:36:01,144 - root - INFO - rec train loss:1.8046, kg train loss:7.0408!
2021-03-26 21:36:12,877 - root - INFO - f1:0.1562, p:0.2448, r:0.1562, hit:0.7649, ndcg:0.5412, topn:10.
2021-03-26 21:36:25,717 - root - INFO - f1:0.1603, p:0.3441, r:0.1382, hit:0.8449, ndcg:0.6305, topn:10.
2021-03-26 21:37:56,529 - root - INFO - head hit:0.2545, head mean rank:689.6496, topn:10.
2021-03-26 21:37:56,529 - root - INFO - tail hit:0.3135, tail mean rank:656.9148, topn:10.
2021-03-26 21:37:56,529 - root - INFO - avg hit:0.2840, avg mean rank:673.2822, topn:10.
2021-03-26 21:40:01,505 - root - INFO - head hit:0.2531, head mean rank:684.1360, topn:10.
2021-03-26 21:40:01,505 - root - INFO - tail hit:0.3113, tail mean rank:655.6622, topn:10.
2021-03-26 21:40:01,505 - root - INFO - avg hit:0.2822, avg mean rank:669.8991, topn:10.
2021-03-26 21:40:01,545 - root - INFO - Checkpointing ...
2021-03-26 21:44:25,228 - root - INFO - rec train loss:1.7861, kg train loss:7.0059!
2021-03-26 21:44:37,941 - root - INFO - f1:0.1572, p:0.2462, r:0.1571, hit:0.7662, ndcg:0.5415, topn:10.
2021-03-26 21:44:49,733 - root - INFO - f1:0.1615, p:0.3459, r:0.1396, hit:0.8488, ndcg:0.6306, topn:10.
2021-03-26 21:46:20,898 - root - INFO - head hit:0.2469, head mean rank:677.3410, topn:10.
2021-03-26 21:46:20,899 - root - INFO - tail hit:0.3067, tail mean rank:650.0495, topn:10.
2021-03-26 21:46:20,899 - root - INFO - avg hit:0.2768, avg mean rank:663.6953, topn:10.
2021-03-26 21:48:26,563 - root - INFO - head hit:0.2525, head mean rank:677.9764, topn:10.
2021-03-26 21:48:26,563 - root - INFO - tail hit:0.3102, tail mean rank:651.8638, topn:10.
2021-03-26 21:48:26,563 - root - INFO - avg hit:0.2814, avg mean rank:664.9201, topn:10.
2021-03-26 21:48:26,608 - root - INFO - Checkpointing ...
2021-03-26 21:52:48,901 - root - INFO - rec train loss:1.7989, kg train loss:6.9462!
2021-03-26 21:53:00,648 - root - INFO - f1:0.1575, p:0.2469, r:0.1569, hit:0.7636, ndcg:0.5411, topn:10.
2021-03-26 21:53:13,480 - root - INFO - f1:0.1615, p:0.3453, r:0.1395, hit:0.8500, ndcg:0.6326, topn:10.
2021-03-26 21:54:44,133 - root - INFO - head hit:0.2564, head mean rank:686.0057, topn:10.
2021-03-26 21:54:44,133 - root - INFO - tail hit:0.3113, tail mean rank:645.5165, topn:10.
2021-03-26 21:54:44,133 - root - INFO - avg hit:0.2839, avg mean rank:665.7611, topn:10.
2021-03-26 21:56:49,007 - root - INFO - head hit:0.2582, head mean rank:688.4682, topn:10.
2021-03-26 21:56:49,008 - root - INFO - tail hit:0.3138, tail mean rank:651.6350, topn:10.
2021-03-26 21:56:49,008 - root - INFO - avg hit:0.2860, avg mean rank:670.0516, topn:10.
2021-03-26 21:56:49,051 - root - INFO - Checkpointing ...
2021-03-26 22:01:10,440 - root - INFO - rec train loss:1.7663, kg train loss:6.8561!
2021-03-26 22:01:22,905 - root - INFO - f1:0.1585, p:0.2482, r:0.1581, hit:0.7654, ndcg:0.5432, topn:10.
2021-03-26 22:01:34,859 - root - INFO - f1:0.1627, p:0.3478, r:0.1408, hit:0.8493, ndcg:0.6339, topn:10.
2021-03-26 22:03:06,273 - root - INFO - head hit:0.2568, head mean rank:679.4605, topn:10.
2021-03-26 22:03:06,273 - root - INFO - tail hit:0.3179, tail mean rank:659.1802, topn:10.
2021-03-26 22:03:06,273 - root - INFO - avg hit:0.2874, avg mean rank:669.3204, topn:10.
2021-03-26 22:05:10,564 - root - INFO - head hit:0.2588, head mean rank:685.2183, topn:10.
2021-03-26 22:05:10,564 - root - INFO - tail hit:0.3180, tail mean rank:665.7263, topn:10.
2021-03-26 22:05:10,565 - root - INFO - avg hit:0.2884, avg mean rank:675.4723, topn:10.
2021-03-26 22:05:10,606 - root - INFO - Checkpointing ...
2021-03-26 22:09:29,557 - root - INFO - rec train loss:1.7476, kg train loss:6.8485!
2021-03-26 22:09:41,240 - root - INFO - f1:0.1585, p:0.2486, r:0.1580, hit:0.7632, ndcg:0.5421, topn:10.
2021-03-26 22:09:54,244 - root - INFO - f1:0.1627, p:0.3479, r:0.1407, hit:0.8488, ndcg:0.6354, topn:10.
2021-03-26 22:11:25,475 - root - INFO - head hit:0.2489, head mean rank:676.3274, topn:10.
2021-03-26 22:11:25,475 - root - INFO - tail hit:0.3123, tail mean rank:643.6083, topn:10.
2021-03-26 22:11:25,475 - root - INFO - avg hit:0.2806, avg mean rank:659.9679, topn:10.
2021-03-26 22:13:30,466 - root - INFO - head hit:0.2522, head mean rank:684.0306, topn:10.
2021-03-26 22:13:30,466 - root - INFO - tail hit:0.3167, tail mean rank:651.3374, topn:10.
2021-03-26 22:13:30,466 - root - INFO - avg hit:0.2844, avg mean rank:667.6840, topn:10.
2021-03-26 22:13:30,510 - root - INFO - Checkpointing ...
2021-03-26 22:17:49,279 - root - INFO - rec train loss:1.7281, kg train loss:6.7903!
2021-03-26 22:18:02,312 - root - INFO - f1:0.1585, p:0.2485, r:0.1579, hit:0.7652, ndcg:0.5450, topn:10.
2021-03-26 22:18:13,967 - root - INFO - f1:0.1630, p:0.3483, r:0.1409, hit:0.8497, ndcg:0.6361, topn:10.
2021-03-26 22:19:44,045 - root - INFO - head hit:0.2544, head mean rank:678.6123, topn:10.
2021-03-26 22:19:44,045 - root - INFO - tail hit:0.3106, tail mean rank:651.0723, topn:10.
2021-03-26 22:19:44,045 - root - INFO - avg hit:0.2825, avg mean rank:664.8423, topn:10.
2021-03-26 22:21:49,372 - root - INFO - head hit:0.2530, head mean rank:677.1602, topn:10.
2021-03-26 22:21:49,373 - root - INFO - tail hit:0.3113, tail mean rank:659.2328, topn:10.
2021-03-26 22:21:49,373 - root - INFO - avg hit:0.2821, avg mean rank:668.1965, topn:10.
2021-03-26 22:21:49,413 - root - INFO - Checkpointing ...
2021-03-26 22:26:06,481 - root - INFO - rec train loss:1.7364, kg train loss:6.7773!
2021-03-26 22:26:17,973 - root - INFO - f1:0.1602, p:0.2507, r:0.1601, hit:0.7667, ndcg:0.5460, topn:10.
2021-03-26 22:26:31,048 - root - INFO - f1:0.1643, p:0.3505, r:0.1423, hit:0.8512, ndcg:0.6390, topn:10.
2021-03-26 22:28:01,259 - root - INFO - head hit:0.2506, head mean rank:682.4992, topn:10.
2021-03-26 22:28:01,259 - root - INFO - tail hit:0.3130, tail mean rank:643.6231, topn:10.
2021-03-26 22:28:01,259 - root - INFO - avg hit:0.2818, avg mean rank:663.0611, topn:10.
2021-03-26 22:30:05,708 - root - INFO - head hit:0.2543, head mean rank:694.4941, topn:10.
2021-03-26 22:30:05,708 - root - INFO - tail hit:0.3170, tail mean rank:654.2584, topn:10.
2021-03-26 22:30:05,708 - root - INFO - avg hit:0.2856, avg mean rank:674.3763, topn:10.
2021-03-26 22:30:05,741 - root - INFO - Checkpointing ...
2021-03-26 22:34:22,332 - root - INFO - rec train loss:1.7432, kg train loss:6.7345!
2021-03-26 22:34:35,265 - root - INFO - f1:0.1596, p:0.2504, r:0.1591, hit:0.7699, ndcg:0.5487, topn:10.
2021-03-26 22:34:47,394 - root - INFO - f1:0.1638, p:0.3504, r:0.1413, hit:0.8513, ndcg:0.6376, topn:10.
2021-03-26 22:36:19,146 - root - INFO - head hit:0.2633, head mean rank:686.9164, topn:10.
2021-03-26 22:36:19,146 - root - INFO - tail hit:0.3167, tail mean rank:666.1412, topn:10.
2021-03-26 22:36:19,146 - root - INFO - avg hit:0.2900, avg mean rank:676.5288, topn:10.
2021-03-26 22:38:21,994 - root - INFO - head hit:0.2667, head mean rank:685.9360, topn:10.
2021-03-26 22:38:21,995 - root - INFO - tail hit:0.3198, tail mean rank:658.7837, topn:10.
2021-03-26 22:38:21,995 - root - INFO - avg hit:0.2932, avg mean rank:672.3599, topn:10.
2021-03-26 22:38:22,041 - root - INFO - No improvement after one epoch. Lowering learning rate.
2021-03-26 22:42:38,439 - root - INFO - rec train loss:1.0804, kg train loss:4.1405!
2021-03-26 22:42:50,297 - root - INFO - f1:0.1633, p:0.2548, r:0.1635, hit:0.7767, ndcg:0.5530, topn:10.
2021-03-26 22:43:03,118 - root - INFO - f1:0.1659, p:0.3539, r:0.1436, hit:0.8558, ndcg:0.6440, topn:10.
2021-03-26 22:44:33,568 - root - INFO - head hit:0.3137, head mean rank:585.3406, topn:10.
2021-03-26 22:44:33,569 - root - INFO - tail hit:0.3706, tail mean rank:561.4524, topn:10.
2021-03-26 22:44:33,569 - root - INFO - avg hit:0.3421, avg mean rank:573.3965, topn:10.
2021-03-26 22:46:37,731 - root - INFO - head hit:0.3150, head mean rank:591.0845, topn:10.
2021-03-26 22:46:37,731 - root - INFO - tail hit:0.3707, tail mean rank:566.1576, topn:10.
2021-03-26 22:46:37,731 - root - INFO - avg hit:0.3429, avg mean rank:578.6211, topn:10.
2021-03-26 22:46:37,771 - root - INFO - Checkpointing ...
2021-03-26 22:50:57,080 - root - INFO - rec train loss:0.8750, kg train loss:3.3354!
2021-03-26 22:51:09,752 - root - INFO - f1:0.1626, p:0.2546, r:0.1620, hit:0.7781, ndcg:0.5544, topn:10.
2021-03-26 22:51:21,788 - root - INFO - f1:0.1669, p:0.3556, r:0.1443, hit:0.8555, ndcg:0.6431, topn:10.
2021-03-26 22:52:51,338 - root - INFO - head hit:0.3200, head mean rank:580.7595, topn:10.
2021-03-26 22:52:51,339 - root - INFO - tail hit:0.3772, tail mean rank:557.5133, topn:10.
2021-03-26 22:52:51,339 - root - INFO - avg hit:0.3486, avg mean rank:569.1364, topn:10.
2021-03-26 22:54:56,772 - root - INFO - head hit:0.3255, head mean rank:583.3103, topn:10.
2021-03-26 22:54:56,773 - root - INFO - tail hit:0.3804, tail mean rank:562.0707, topn:10.
2021-03-26 22:54:56,773 - root - INFO - avg hit:0.3529, avg mean rank:572.6905, topn:10.
2021-03-26 22:54:56,812 - root - INFO - No improvement after one epoch. Lowering learning rate.
2021-03-26 22:59:01,654 - root - INFO - rec train loss:0.6566, kg train loss:2.5183!
2021-03-26 22:59:13,424 - root - INFO - f1:0.1641, p:0.2566, r:0.1637, hit:0.7795, ndcg:0.5547, topn:10.
2021-03-26 22:59:26,169 - root - INFO - f1:0.1672, p:0.3569, r:0.1445, hit:0.8538, ndcg:0.6442, topn:10.
2021-03-26 23:00:57,447 - root - INFO - head hit:0.3438, head mean rank:538.7192, topn:10.
2021-03-26 23:00:57,447 - root - INFO - tail hit:0.4013, tail mean rank:523.8657, topn:10.
2021-03-26 23:00:57,447 - root - INFO - avg hit:0.3726, avg mean rank:531.2924, topn:10.
2021-03-26 23:03:01,502 - root - INFO - head hit:0.3468, head mean rank:545.2317, topn:10.
2021-03-26 23:03:01,502 - root - INFO - tail hit:0.4057, tail mean rank:530.2447, topn:10.
2021-03-26 23:03:01,502 - root - INFO - avg hit:0.3762, avg mean rank:537.7382, topn:10.
2021-03-26 23:03:01,546 - root - INFO - Checkpointing ...
2021-03-26 23:07:19,863 - root - INFO - rec train loss:0.5632, kg train loss:2.1016!
2021-03-26 23:07:32,531 - root - INFO - f1:0.1648, p:0.2575, r:0.1649, hit:0.7798, ndcg:0.5539, topn:10.
2021-03-26 23:07:44,591 - root - INFO - f1:0.1682, p:0.3582, r:0.1455, hit:0.8599, ndcg:0.6453, topn:10.
2021-03-26 23:09:14,770 - root - INFO - head hit:0.3508, head mean rank:529.0794, topn:10.
2021-03-26 23:09:14,771 - root - INFO - tail hit:0.4088, tail mean rank:519.3073, topn:10.
2021-03-26 23:09:14,771 - root - INFO - avg hit:0.3798, avg mean rank:524.1934, topn:10.
2021-03-26 23:11:19,278 - root - INFO - head hit:0.3537, head mean rank:540.8794, topn:10.
2021-03-26 23:11:19,279 - root - INFO - tail hit:0.4107, tail mean rank:529.2494, topn:10.
2021-03-26 23:11:19,279 - root - INFO - avg hit:0.3822, avg mean rank:535.0644, topn:10.
2021-03-26 23:11:19,319 - root - INFO - Checkpointing ...
2021-03-26 23:15:37,274 - root - INFO - rec train loss:0.5273, kg train loss:1.9256!
2021-03-26 23:15:49,153 - root - INFO - f1:0.1646, p:0.2579, r:0.1638, hit:0.7791, ndcg:0.5561, topn:10.
2021-03-26 23:16:02,189 - root - INFO - f1:0.1689, p:0.3597, r:0.1458, hit:0.8578, ndcg:0.6456, topn:10.
2021-03-26 23:17:32,376 - root - INFO - head hit:0.3603, head mean rank:526.5128, topn:10.
2021-03-26 23:17:32,376 - root - INFO - tail hit:0.4132, tail mean rank:519.0514, topn:10.
2021-03-26 23:17:32,376 - root - INFO - avg hit:0.3867, avg mean rank:522.7821, topn:10.
2021-03-26 23:19:36,203 - root - INFO - head hit:0.3638, head mean rank:535.9509, topn:10.
2021-03-26 23:19:36,203 - root - INFO - tail hit:0.4161, tail mean rank:525.1335, topn:10.
2021-03-26 23:19:36,203 - root - INFO - avg hit:0.3899, avg mean rank:530.5422, topn:10.
2021-03-26 23:19:36,244 - root - INFO - No improvement after one epoch. Lowering learning rate.
2021-03-26 23:23:54,948 - root - INFO - rec train loss:0.4609, kg train loss:1.6813!
2021-03-26 23:24:08,225 - root - INFO - f1:0.1651, p:0.2588, r:0.1643, hit:0.7795, ndcg:0.5571, topn:10.
2021-03-26 23:24:20,207 - root - INFO - f1:0.1688, p:0.3601, r:0.1456, hit:0.8556, ndcg:0.6450, topn:10.
2021-03-26 23:25:51,196 - root - INFO - head hit:0.3685, head mean rank:514.1126, topn:10.
2021-03-26 23:25:51,196 - root - INFO - tail hit:0.4226, tail mean rank:503.7980, topn:10.
2021-03-26 23:25:51,196 - root - INFO - avg hit:0.3956, avg mean rank:508.9553, topn:10.
2021-03-26 23:27:56,794 - root - INFO - head hit:0.3741, head mean rank:524.0497, topn:10.
2021-03-26 23:27:56,794 - root - INFO - tail hit:0.4261, tail mean rank:512.3765, topn:10.
2021-03-26 23:27:56,794 - root - INFO - avg hit:0.4001, avg mean rank:518.2131, topn:10.
2021-03-26 23:27:56,835 - root - INFO - Checkpointing ...
2021-03-26 23:32:19,723 - root - INFO - rec train loss:0.4246, kg train loss:1.5398!
2021-03-26 23:32:31,548 - root - INFO - f1:0.1660, p:0.2598, r:0.1655, hit:0.7796, ndcg:0.5578, topn:10.
2021-03-26 23:32:44,085 - root - INFO - f1:0.1690, p:0.3607, r:0.1457, hit:0.8566, ndcg:0.6464, topn:10.
2021-03-26 23:34:13,258 - root - INFO - head hit:0.3724, head mean rank:510.2349, topn:10.
2021-03-26 23:34:13,258 - root - INFO - tail hit:0.4276, tail mean rank:497.7262, topn:10.
2021-03-26 23:34:13,258 - root - INFO - avg hit:0.4000, avg mean rank:503.9806, topn:10.
2021-03-26 23:36:16,992 - root - INFO - head hit:0.3780, head mean rank:523.0362, topn:10.
2021-03-26 23:36:16,992 - root - INFO - tail hit:0.4317, tail mean rank:510.1513, topn:10.
2021-03-26 23:36:16,992 - root - INFO - avg hit:0.4049, avg mean rank:516.5938, topn:10.
2021-03-26 23:36:17,033 - root - INFO - Checkpointing ...
2021-03-26 23:40:38,282 - root - INFO - rec train loss:0.4044, kg train loss:1.4335!
2021-03-26 23:40:51,060 - root - INFO - f1:0.1663, p:0.2601, r:0.1658, hit:0.7813, ndcg:0.5579, topn:10.
2021-03-26 23:41:02,431 - root - INFO - f1:0.1693, p:0.3610, r:0.1461, hit:0.8573, ndcg:0.6473, topn:10.
2021-03-26 23:42:33,390 - root - INFO - head hit:0.3791, head mean rank:507.9655, topn:10.
2021-03-26 23:42:33,390 - root - INFO - tail hit:0.4330, tail mean rank:498.7046, topn:10.
2021-03-26 23:42:33,390 - root - INFO - avg hit:0.4060, avg mean rank:503.3351, topn:10.
2021-03-26 23:44:36,798 - root - INFO - head hit:0.3829, head mean rank:521.9384, topn:10.
2021-03-26 23:44:36,798 - root - INFO - tail hit:0.4350, tail mean rank:510.0837, topn:10.
2021-03-26 23:44:36,798 - root - INFO - avg hit:0.4089, avg mean rank:516.0111, topn:10.
2021-03-26 23:44:36,839 - root - INFO - Checkpointing ...
2021-03-26 23:48:59,712 - root - INFO - rec train loss:0.3980, kg train loss:1.4096!
2021-03-26 23:49:11,308 - root - INFO - f1:0.1666, p:0.2607, r:0.1660, hit:0.7801, ndcg:0.5581, topn:10.
2021-03-26 23:49:24,137 - root - INFO - f1:0.1695, p:0.3615, r:0.1462, hit:0.8593, ndcg:0.6484, topn:10.
2021-03-26 23:50:53,776 - root - INFO - head hit:0.3806, head mean rank:505.3774, topn:10.
2021-03-26 23:50:53,777 - root - INFO - tail hit:0.4351, tail mean rank:500.0800, topn:10.
2021-03-26 23:50:53,777 - root - INFO - avg hit:0.4079, avg mean rank:502.7287, topn:10.
2021-03-26 23:52:56,630 - root - INFO - head hit:0.3865, head mean rank:518.5173, topn:10.
2021-03-26 23:52:56,630 - root - INFO - tail hit:0.4382, tail mean rank:509.2798, topn:10.
2021-03-26 23:52:56,631 - root - INFO - avg hit:0.4123, avg mean rank:513.8986, topn:10.
2021-03-26 23:52:56,671 - root - INFO - Checkpointing ...
2021-03-26 23:57:19,419 - root - INFO - rec train loss:0.3878, kg train loss:1.3508!
2021-03-26 23:57:31,929 - root - INFO - f1:0.1670, p:0.2610, r:0.1666, hit:0.7805, ndcg:0.5588, topn:10.
2021-03-26 23:57:43,468 - root - INFO - f1:0.1696, p:0.3617, r:0.1462, hit:0.8576, ndcg:0.6484, topn:10.
2021-03-26 23:59:12,787 - root - INFO - head hit:0.3835, head mean rank:507.0729, topn:10.
2021-03-26 23:59:12,787 - root - INFO - tail hit:0.4411, tail mean rank:499.2608, topn:10.
2021-03-26 23:59:12,787 - root - INFO - avg hit:0.4123, avg mean rank:503.1669, topn:10.
2021-03-27 00:01:18,710 - root - INFO - head hit:0.3884, head mean rank:517.9968, topn:10.
2021-03-27 00:01:18,710 - root - INFO - tail hit:0.4420, tail mean rank:506.2532, topn:10.
2021-03-27 00:01:18,710 - root - INFO - avg hit:0.4152, avg mean rank:512.1250, topn:10.
2021-03-27 00:01:18,751 - root - INFO - Checkpointing ...
2021-03-27 00:05:38,807 - root - INFO - rec train loss:0.3612, kg train loss:1.3002!
2021-03-27 00:05:50,243 - root - INFO - f1:0.1667, p:0.2610, r:0.1663, hit:0.7805, ndcg:0.5578, topn:10.
2021-03-27 00:06:03,042 - root - INFO - f1:0.1697, p:0.3621, r:0.1463, hit:0.8579, ndcg:0.6481, topn:10.
2021-03-27 00:07:32,790 - root - INFO - head hit:0.3848, head mean rank:505.0851, topn:10.
2021-03-27 00:07:32,790 - root - INFO - tail hit:0.4420, tail mean rank:497.7165, topn:10.
2021-03-27 00:07:32,791 - root - INFO - avg hit:0.4134, avg mean rank:501.4008, topn:10.
2021-03-27 00:09:36,391 - root - INFO - head hit:0.3916, head mean rank:517.4919, topn:10.
2021-03-27 00:09:36,392 - root - INFO - tail hit:0.4444, tail mean rank:506.4904, topn:10.
2021-03-27 00:09:36,392 - root - INFO - avg hit:0.4180, avg mean rank:511.9912, topn:10.
2021-03-27 00:09:36,424 - root - INFO - No improvement after one epoch. Lowering learning rate.
2021-03-27 00:13:52,827 - root - INFO - rec train loss:0.3513, kg train loss:1.2276!
2021-03-27 00:14:05,451 - root - INFO - f1:0.1672, p:0.2617, r:0.1665, hit:0.7801, ndcg:0.5586, topn:10.
2021-03-27 00:14:17,171 - root - INFO - f1:0.1696, p:0.3621, r:0.1461, hit:0.8565, ndcg:0.6479, topn:10.
2021-03-27 00:15:47,484 - root - INFO - head hit:0.3928, head mean rank:502.4777, topn:10.
2021-03-27 00:15:47,485 - root - INFO - tail hit:0.4465, tail mean rank:493.7985, topn:10.
2021-03-27 00:15:47,485 - root - INFO - avg hit:0.4197, avg mean rank:498.1381, topn:10.
2021-03-27 00:17:52,037 - root - INFO - head hit:0.3979, head mean rank:512.4352, topn:10.
2021-03-27 00:17:52,038 - root - INFO - tail hit:0.4480, tail mean rank:501.9505, topn:10.
2021-03-27 00:17:52,038 - root - INFO - avg hit:0.4230, avg mean rank:507.1928, topn:10.
2021-03-27 00:17:52,079 - root - INFO - Checkpointing ...
2021-03-27 00:22:16,449 - root - INFO - rec train loss:0.3361, kg train loss:1.1940!
2021-03-27 00:22:28,209 - root - INFO - f1:0.1677, p:0.2622, r:0.1674, hit:0.7815, ndcg:0.5583, topn:10.
2021-03-27 00:22:41,182 - root - INFO - f1:0.1697, p:0.3623, r:0.1462, hit:0.8566, ndcg:0.6481, topn:10.
2021-03-27 00:24:10,638 - root - INFO - head hit:0.3929, head mean rank:499.3681, topn:10.
2021-03-27 00:24:10,638 - root - INFO - tail hit:0.4491, tail mean rank:492.8860, topn:10.
2021-03-27 00:24:10,639 - root - INFO - avg hit:0.4210, avg mean rank:496.1271, topn:10.
2021-03-27 00:26:14,159 - root - INFO - head hit:0.3984, head mean rank:509.4806, topn:10.
2021-03-27 00:26:14,159 - root - INFO - tail hit:0.4504, tail mean rank:500.4996, topn:10.
2021-03-27 00:26:14,159 - root - INFO - avg hit:0.4244, avg mean rank:504.9901, topn:10.
2021-03-27 00:26:14,200 - root - INFO - Checkpointing ...
2021-03-27 00:30:44,074 - root - INFO - rec train loss:0.3195, kg train loss:1.1677!
2021-03-27 00:30:57,618 - root - INFO - f1:0.1676, p:0.2624, r:0.1671, hit:0.7803, ndcg:0.5583, topn:10.
2021-03-27 00:31:09,938 - root - INFO - f1:0.1699, p:0.3625, r:0.1464, hit:0.8560, ndcg:0.6477, topn:10.
2021-03-27 00:32:39,827 - root - INFO - head hit:0.3964, head mean rank:499.6882, topn:10.
2021-03-27 00:32:39,827 - root - INFO - tail hit:0.4498, tail mean rank:491.7217, topn:10.
2021-03-27 00:32:39,828 - root - INFO - avg hit:0.4231, avg mean rank:495.7049, topn:10.
2021-03-27 00:34:43,238 - root - INFO - head hit:0.4002, head mean rank:509.5261, topn:10.
2021-03-27 00:34:43,238 - root - INFO - tail hit:0.4524, tail mean rank:500.0617, topn:10.
2021-03-27 00:34:43,239 - root - INFO - avg hit:0.4263, avg mean rank:504.7939, topn:10.
2021-03-27 00:34:43,272 - root - INFO - No improvement after one epoch. Lowering learning rate.
2021-03-27 00:39:09,965 - root - INFO - rec train loss:0.3281, kg train loss:1.1261!
2021-03-27 00:39:21,814 - root - INFO - f1:0.1678, p:0.2626, r:0.1672, hit:0.7806, ndcg:0.5586, topn:10.
2021-03-27 00:39:34,729 - root - INFO - f1:0.1700, p:0.3627, r:0.1466, hit:0.8566, ndcg:0.6480, topn:10.
2021-03-27 00:41:04,738 - root - INFO - head hit:0.3996, head mean rank:497.6878, topn:10.
2021-03-27 00:41:04,738 - root - INFO - tail hit:0.4523, tail mean rank:491.0947, topn:10.
2021-03-27 00:41:04,738 - root - INFO - avg hit:0.4259, avg mean rank:494.3912, topn:10.
2021-03-27 00:43:10,163 - root - INFO - head hit:0.4035, head mean rank:506.8627, topn:10.
2021-03-27 00:43:10,163 - root - INFO - tail hit:0.4545, tail mean rank:499.0685, topn:10.
2021-03-27 00:43:10,163 - root - INFO - avg hit:0.4290, avg mean rank:502.9656, topn:10.
2021-03-27 00:43:10,205 - root - INFO - Checkpointing ...
2021-03-27 00:47:33,203 - root - INFO - rec train loss:0.3188, kg train loss:1.0925!
2021-03-27 00:47:45,860 - root - INFO - f1:0.1674, p:0.2624, r:0.1667, hit:0.7791, ndcg:0.5585, topn:10.
2021-03-27 00:47:57,872 - root - INFO - f1:0.1700, p:0.3627, r:0.1465, hit:0.8566, ndcg:0.6474, topn:10.
2021-03-27 00:49:28,521 - root - INFO - head hit:0.4011, head mean rank:496.3973, topn:10.
2021-03-27 00:49:28,522 - root - INFO - tail hit:0.4540, tail mean rank:489.0072, topn:10.
2021-03-27 00:49:28,522 - root - INFO - avg hit:0.4275, avg mean rank:492.7022, topn:10.
2021-03-27 00:51:33,275 - root - INFO - head hit:0.4063, head mean rank:506.3094, topn:10.
2021-03-27 00:51:33,275 - root - INFO - tail hit:0.4561, tail mean rank:496.7326, topn:10.
2021-03-27 00:51:33,275 - root - INFO - avg hit:0.4312, avg mean rank:501.5210, topn:10.
2021-03-27 00:51:33,315 - root - INFO - No improvement after one epoch. Lowering learning rate.
2021-03-27 00:56:00,553 - root - INFO - rec train loss:0.3111, kg train loss:1.0823!
2021-03-27 00:56:12,377 - root - INFO - f1:0.1677, p:0.2625, r:0.1671, hit:0.7806, ndcg:0.5591, topn:10.
2021-03-27 00:56:25,157 - root - INFO - f1:0.1700, p:0.3627, r:0.1464, hit:0.8575, ndcg:0.6478, topn:10.
2021-03-27 00:57:55,432 - root - INFO - head hit:0.4028, head mean rank:495.5477, topn:10.
2021-03-27 00:57:55,432 - root - INFO - tail hit:0.4552, tail mean rank:488.7873, topn:10.
2021-03-27 00:57:55,432 - root - INFO - avg hit:0.4290, avg mean rank:492.1675, topn:10.
2021-03-27 00:59:58,659 - root - INFO - head hit:0.4069, head mean rank:505.6084, topn:10.
2021-03-27 00:59:58,660 - root - INFO - tail hit:0.4568, tail mean rank:496.2923, topn:10.
2021-03-27 00:59:58,663 - root - INFO - avg hit:0.4319, avg mean rank:500.9503, topn:10.
2021-03-27 00:59:58,707 - root - INFO - No improvement after one epoch. Lowering learning rate.
2021-03-27 01:04:22,353 - root - INFO - rec train loss:0.3103, kg train loss:1.0675!
2021-03-27 01:04:35,059 - root - INFO - f1:0.1678, p:0.2627, r:0.1671, hit:0.7803, ndcg:0.5589, topn:10.
2021-03-27 01:04:47,112 - root - INFO - f1:0.1701, p:0.3627, r:0.1466, hit:0.8576, ndcg:0.6479, topn:10.
2021-03-27 01:06:17,017 - root - INFO - head hit:0.4030, head mean rank:494.9173, topn:10.
2021-03-27 01:06:17,018 - root - INFO - tail hit:0.4553, tail mean rank:488.6259, topn:10.
2021-03-27 01:06:17,018 - root - INFO - avg hit:0.4291, avg mean rank:491.7716, topn:10.
2021-03-27 01:08:21,558 - root - INFO - head hit:0.4081, head mean rank:504.9640, topn:10.
2021-03-27 01:08:21,558 - root - INFO - tail hit:0.4574, tail mean rank:495.9086, topn:10.
2021-03-27 01:08:21,558 - root - INFO - avg hit:0.4328, avg mean rank:500.4363, topn:10.
2021-03-27 01:08:21,602 - root - INFO - No improvement after one epoch. Lowering learning rate.
2021-03-27 01:12:47,476 - root - INFO - rec train loss:0.3034, kg train loss:1.0460!
2021-03-27 01:12:59,257 - root - INFO - f1:0.1677, p:0.2626, r:0.1671, hit:0.7800, ndcg:0.5589, topn:10.
2021-03-27 01:13:11,944 - root - INFO - f1:0.1701, p:0.3629, r:0.1466, hit:0.8573, ndcg:0.6477, topn:10.
2021-03-27 01:14:41,664 - root - INFO - head hit:0.4033, head mean rank:494.7341, topn:10.
2021-03-27 01:14:41,664 - root - INFO - tail hit:0.4556, tail mean rank:488.6712, topn:10.
2021-03-27 01:14:41,664 - root - INFO - avg hit:0.4294, avg mean rank:491.7027, topn:10.
2021-03-27 01:16:44,287 - root - INFO - head hit:0.4082, head mean rank:504.6558, topn:10.
2021-03-27 01:16:44,287 - root - INFO - tail hit:0.4577, tail mean rank:495.9184, topn:10.
2021-03-27 01:16:44,287 - root - INFO - avg hit:0.4329, avg mean rank:500.2871, topn:10.
2021-03-27 01:16:44,331 - root - INFO - No improvement after one epoch. Lowering learning rate.
2021-03-27 01:21:07,596 - root - INFO - rec train loss:0.2970, kg train loss:1.0448!
2021-03-27 01:21:20,328 - root - INFO - f1:0.1677, p:0.2626, r:0.1671, hit:0.7800, ndcg:0.5588, topn:10.
2021-03-27 01:21:32,169 - root - INFO - f1:0.1701, p:0.3629, r:0.1465, hit:0.8575, ndcg:0.6479, topn:10.
2021-03-27 01:23:02,207 - root - INFO - head hit:0.4037, head mean rank:494.6933, topn:10.
2021-03-27 01:23:02,207 - root - INFO - tail hit:0.4557, tail mean rank:488.5186, topn:10.
2021-03-27 01:23:02,207 - root - INFO - avg hit:0.4297, avg mean rank:491.6059, topn:10.
2021-03-27 01:25:06,300 - root - INFO - head hit:0.4085, head mean rank:504.5492, topn:10.
2021-03-27 01:25:06,300 - root - INFO - tail hit:0.4579, tail mean rank:495.7760, topn:10.
2021-03-27 01:25:06,300 - root - INFO - avg hit:0.4332, avg mean rank:500.1626, topn:10.
2021-03-27 01:25:06,330 - root - INFO - No improvement after one epoch. Lowering learning rate.
2021-03-27 01:25:06,359 - root - INFO - No improvement after 97600 steps. Stopping training.
2021-03-27 01:25:21,782 - root - INFO - From CaseRecommender evaluator: {'PREC@10': 0.262583, 'RECALL@10': 0.167096, 'NDCG@10': 0.5588, 'MAP@10': 0.450421, 'MAP': 0.450421}.
