2021-03-25 07:35:20,098 - root - INFO - Flag Values:
{
    "L1_flag": true,
    "batch_size": 256,
    "ckpt_path": "/home/juarez/git/results/JIIS-revised-exp3/ml-cao_ho_oKG/",
    "clipping_max_value": 5.0,
    "data_path": "/home/juarez/git/datasets/JIIS-revised-exp3/ml-cao_ho_oKG/cao-format/",
    "dataset": "ml1m",
    "early_stopping_steps_to_wait": 45750,
    "embedding_size": 100,
    "eval_interval_steps": 9150,
    "eval_only_mode": false,
    "experiment_name": "ml1m-transh-1616668520",
    "filter_wrong_corrupted": true,
    "has_visualization": false,
    "is_report": false,
    "joint_ratio": 0.5,
    "kg_lambda": 1.0,
    "kg_test_files": "valid.dat:test.dat",
    "l2_lambda": 0.0,
    "learning_rate": 0.001,
    "learning_rate_decay_when_no_progress": 0.5,
    "load_ckpt_file": "/home/juarez/git/results/JIIS-revised-exp3/ml-cao_ho_oKG/ml1m-transe-pretrained.ckpt",
    "load_experiment_name": null,
    "log_level": "debug",
    "log_path": "/home/juarez/git/results/JIIS-revised-exp3/ml-cao_ho_oKG/",
    "margin": 1.0,
    "max_queue": 10,
    "model_type": "transh",
    "momentum": 0.9,
    "negtive_samples": 1,
    "norm_lambda": 1.0,
    "num_preferences": 4,
    "num_processes": 4,
    "optimizer_type": "Adam",
    "rec_test_files": null,
    "seed": 0,
    "share_embeddings": false,
    "topn": 10,
    "training_steps": 915000,
    "use_st_gumbel": false,
    "visualization_port": 8097
}
2021-03-25 07:35:21,578 - root - INFO - Totally 303935 train triples, 43419,86835 eval triples in files: /home/juarez/git/datasets/JIIS-revised-exp3/ml-cao_ho_oKG/cao-format/ml1m/kg/valid.dat;/home/juarez/git/datasets/JIIS-revised-exp3/ml-cao_ho_oKG/cao-format/ml1m/kg/test.dat!
2021-03-25 07:35:21,593 - root - INFO - successfully load 14708 entities and 20 relations!
2021-03-25 07:35:21,889 - root - INFO - Building model.
2021-03-25 07:35:23,336 - root - INFO - Architecture: TransHModel(
  (ent_embeddings): Embedding(14708, 100)
  (rel_embeddings): Embedding(20, 100)
  (norm_embeddings): Embedding(20, 100)
)
2021-03-25 07:35:23,336 - root - INFO - Total params: 1474800.0
2021-03-25 07:35:23,338 - root - INFO - One epoch is 1188 steps.
2021-03-25 07:35:23,339 - root - INFO - Found checkpoint, restoring pre-trained embeddings.
2021-03-25 07:35:23,366 - root - INFO - Load Embeddings of ent_embeddings.weight, rel_embeddings.weight from /home/juarez/git/results/JIIS-revised-exp3/ml-cao_ho_oKG/ml1m-transe-pretrained.ckpt.
2021-03-25 07:35:23,366 - root - INFO - Training.
2021-03-25 07:35:23,366 - root - INFO - train loss:0.0000!
2021-03-25 07:36:47,753 - root - INFO - head hit:0.4193, head mean rank:546.8426, topn:10.
2021-03-25 07:36:47,753 - root - INFO - tail hit:0.4688, tail mean rank:529.7158, topn:10.
2021-03-25 07:36:47,753 - root - INFO - avg hit:0.4441, avg mean rank:538.2792, topn:10.
2021-03-25 07:38:45,299 - root - INFO - head hit:0.4229, head mean rank:543.3147, topn:10.
2021-03-25 07:38:45,300 - root - INFO - tail hit:0.4723, tail mean rank:528.4868, topn:10.
2021-03-25 07:38:45,300 - root - INFO - avg hit:0.4476, avg mean rank:535.9007, topn:10.
2021-03-25 07:39:59,303 - root - INFO - train loss:9.0392!
2021-03-25 07:41:25,668 - root - INFO - head hit:0.2193, head mean rank:779.6562, topn:10.
2021-03-25 07:41:25,668 - root - INFO - tail hit:0.3032, tail mean rank:740.1405, topn:10.
2021-03-25 07:41:25,668 - root - INFO - avg hit:0.2613, avg mean rank:759.8984, topn:10.
2021-03-25 07:43:23,513 - root - INFO - head hit:0.2235, head mean rank:785.2347, topn:10.
2021-03-25 07:43:23,514 - root - INFO - tail hit:0.3044, tail mean rank:744.9793, topn:10.
2021-03-25 07:43:23,514 - root - INFO - avg hit:0.2639, avg mean rank:765.1070, topn:10.
2021-03-25 07:43:23,558 - root - INFO - Checkpointing ...
2021-03-25 07:44:36,255 - root - INFO - train loss:11.7222!
2021-03-25 07:46:02,236 - root - INFO - head hit:0.2289, head mean rank:781.4963, topn:10.
2021-03-25 07:46:02,236 - root - INFO - tail hit:0.2901, tail mean rank:751.6000, topn:10.
2021-03-25 07:46:02,236 - root - INFO - avg hit:0.2595, avg mean rank:766.5481, topn:10.
2021-03-25 07:48:01,198 - root - INFO - head hit:0.2295, head mean rank:789.4680, topn:10.
2021-03-25 07:48:01,199 - root - INFO - tail hit:0.2891, tail mean rank:751.5600, topn:10.
2021-03-25 07:48:01,199 - root - INFO - avg hit:0.2593, avg mean rank:770.5140, topn:10.
2021-03-25 07:48:01,242 - root - INFO - No improvement after one epoch. Lowering learning rate.
2021-03-25 07:49:15,189 - root - INFO - train loss:6.7025!
2021-03-25 07:50:40,542 - root - INFO - head hit:0.2879, head mean rank:654.6031, topn:10.
2021-03-25 07:50:40,543 - root - INFO - tail hit:0.3483, tail mean rank:627.1735, topn:10.
2021-03-25 07:50:40,543 - root - INFO - avg hit:0.3181, avg mean rank:640.8883, topn:10.
2021-03-25 07:52:38,825 - root - INFO - head hit:0.2900, head mean rank:649.4327, topn:10.
2021-03-25 07:52:38,825 - root - INFO - tail hit:0.3518, tail mean rank:625.0074, topn:10.
2021-03-25 07:52:38,828 - root - INFO - avg hit:0.3209, avg mean rank:637.2201, topn:10.
2021-03-25 07:52:38,892 - root - INFO - Checkpointing ...
2021-03-25 07:53:52,405 - root - INFO - train loss:5.4058!
2021-03-25 07:55:17,791 - root - INFO - head hit:0.3000, head mean rank:645.5848, topn:10.
2021-03-25 07:55:17,791 - root - INFO - tail hit:0.3589, tail mean rank:617.8764, topn:10.
2021-03-25 07:55:17,792 - root - INFO - avg hit:0.3294, avg mean rank:631.7306, topn:10.
2021-03-25 07:57:15,247 - root - INFO - head hit:0.3010, head mean rank:640.8027, topn:10.
2021-03-25 07:57:15,247 - root - INFO - tail hit:0.3600, tail mean rank:618.1906, topn:10.
2021-03-25 07:57:15,247 - root - INFO - avg hit:0.3305, avg mean rank:629.4966, topn:10.
2021-03-25 07:57:15,287 - root - INFO - Checkpointing ...
2021-03-25 07:58:29,641 - root - INFO - train loss:5.0880!
2021-03-25 07:59:55,206 - root - INFO - head hit:0.3026, head mean rank:641.3216, topn:10.
2021-03-25 07:59:55,206 - root - INFO - tail hit:0.3605, tail mean rank:615.7212, topn:10.
2021-03-25 07:59:55,206 - root - INFO - avg hit:0.3315, avg mean rank:628.5214, topn:10.
2021-03-25 08:01:52,603 - root - INFO - head hit:0.3048, head mean rank:639.0842, topn:10.
2021-03-25 08:01:52,603 - root - INFO - tail hit:0.3637, tail mean rank:616.1782, topn:10.
2021-03-25 08:01:52,603 - root - INFO - avg hit:0.3343, avg mean rank:627.6312, topn:10.
2021-03-25 08:01:52,636 - root - INFO - Checkpointing ...
2021-03-25 08:03:04,808 - root - INFO - train loss:4.9530!
2021-03-25 08:04:30,018 - root - INFO - head hit:0.3028, head mean rank:637.4668, topn:10.
2021-03-25 08:04:30,018 - root - INFO - tail hit:0.3602, tail mean rank:613.2009, topn:10.
2021-03-25 08:04:30,018 - root - INFO - avg hit:0.3315, avg mean rank:625.3339, topn:10.
2021-03-25 08:06:28,019 - root - INFO - head hit:0.3052, head mean rank:635.9670, topn:10.
2021-03-25 08:06:28,019 - root - INFO - tail hit:0.3650, tail mean rank:617.3877, topn:10.
2021-03-25 08:06:28,019 - root - INFO - avg hit:0.3351, avg mean rank:626.6773, topn:10.
2021-03-25 08:06:28,061 - root - INFO - No improvement after one epoch. Lowering learning rate.
2021-03-25 08:07:39,410 - root - INFO - train loss:3.5558!
2021-03-25 08:09:04,073 - root - INFO - head hit:0.3377, head mean rank:581.1206, topn:10.
2021-03-25 08:09:04,073 - root - INFO - tail hit:0.3942, tail mean rank:565.9423, topn:10.
2021-03-25 08:09:04,073 - root - INFO - avg hit:0.3659, avg mean rank:573.5314, topn:10.
2021-03-25 08:11:02,187 - root - INFO - head hit:0.3381, head mean rank:584.6142, topn:10.
2021-03-25 08:11:02,187 - root - INFO - tail hit:0.3977, tail mean rank:566.0996, topn:10.
2021-03-25 08:11:02,187 - root - INFO - avg hit:0.3679, avg mean rank:575.3569, topn:10.
2021-03-25 08:11:02,230 - root - INFO - Checkpointing ...
2021-03-25 08:12:13,334 - root - INFO - train loss:2.9618!
2021-03-25 08:13:38,974 - root - INFO - head hit:0.3421, head mean rank:575.1591, topn:10.
2021-03-25 08:13:38,974 - root - INFO - tail hit:0.4008, tail mean rank:561.6236, topn:10.
2021-03-25 08:13:38,974 - root - INFO - avg hit:0.3714, avg mean rank:568.3913, topn:10.
2021-03-25 08:15:36,009 - root - INFO - head hit:0.3455, head mean rank:573.7894, topn:10.
2021-03-25 08:15:36,010 - root - INFO - tail hit:0.4027, tail mean rank:561.9258, topn:10.
2021-03-25 08:15:36,010 - root - INFO - avg hit:0.3741, avg mean rank:567.8576, topn:10.
2021-03-25 08:15:36,053 - root - INFO - Checkpointing ...
2021-03-25 08:16:45,637 - root - INFO - train loss:2.7271!
2021-03-25 08:18:09,848 - root - INFO - head hit:0.3519, head mean rank:570.0376, topn:10.
2021-03-25 08:18:09,848 - root - INFO - tail hit:0.4057, tail mean rank:557.8746, topn:10.
2021-03-25 08:18:09,848 - root - INFO - avg hit:0.3788, avg mean rank:563.9561, topn:10.
2021-03-25 08:20:07,842 - root - INFO - head hit:0.3529, head mean rank:576.8243, topn:10.
2021-03-25 08:20:07,842 - root - INFO - tail hit:0.4084, tail mean rank:559.9450, topn:10.
2021-03-25 08:20:07,842 - root - INFO - avg hit:0.3807, avg mean rank:568.3846, topn:10.
2021-03-25 08:20:07,887 - root - INFO - Checkpointing ...
2021-03-25 08:21:17,797 - root - INFO - train loss:2.6214!
2021-03-25 08:22:41,538 - root - INFO - head hit:0.3519, head mean rank:574.2886, topn:10.
2021-03-25 08:22:41,538 - root - INFO - tail hit:0.4072, tail mean rank:556.6397, topn:10.
2021-03-25 08:22:41,538 - root - INFO - avg hit:0.3795, avg mean rank:565.4641, topn:10.
2021-03-25 08:24:39,602 - root - INFO - head hit:0.3568, head mean rank:575.6575, topn:10.
2021-03-25 08:24:39,603 - root - INFO - tail hit:0.4105, tail mean rank:559.3765, topn:10.
2021-03-25 08:24:39,603 - root - INFO - avg hit:0.3837, avg mean rank:567.5170, topn:10.
2021-03-25 08:24:39,645 - root - INFO - Checkpointing ...
2021-03-25 08:25:49,570 - root - INFO - train loss:2.5650!
2021-03-25 08:27:13,562 - root - INFO - head hit:0.3554, head mean rank:574.4743, topn:10.
2021-03-25 08:27:13,563 - root - INFO - tail hit:0.4106, tail mean rank:555.9997, topn:10.
2021-03-25 08:27:13,563 - root - INFO - avg hit:0.3830, avg mean rank:565.2370, topn:10.
2021-03-25 08:29:10,787 - root - INFO - head hit:0.3595, head mean rank:575.9457, topn:10.
2021-03-25 08:29:10,787 - root - INFO - tail hit:0.4149, tail mean rank:558.7320, topn:10.
2021-03-25 08:29:10,787 - root - INFO - avg hit:0.3872, avg mean rank:567.3388, topn:10.
2021-03-25 08:29:10,828 - root - INFO - Checkpointing ...
2021-03-25 08:30:21,130 - root - INFO - train loss:2.4832!
2021-03-25 08:31:45,953 - root - INFO - head hit:0.3612, head mean rank:575.7480, topn:10.
2021-03-25 08:31:45,953 - root - INFO - tail hit:0.4154, tail mean rank:565.4402, topn:10.
2021-03-25 08:31:45,953 - root - INFO - avg hit:0.3883, avg mean rank:570.5941, topn:10.
2021-03-25 08:33:42,737 - root - INFO - head hit:0.3630, head mean rank:577.5828, topn:10.
2021-03-25 08:33:42,738 - root - INFO - tail hit:0.4163, tail mean rank:564.4067, topn:10.
2021-03-25 08:33:42,738 - root - INFO - avg hit:0.3896, avg mean rank:570.9947, topn:10.
2021-03-25 08:33:42,781 - root - INFO - Checkpointing ...
2021-03-25 08:34:52,429 - root - INFO - train loss:2.4369!
2021-03-25 08:36:17,499 - root - INFO - head hit:0.3634, head mean rank:575.3423, topn:10.
2021-03-25 08:36:17,499 - root - INFO - tail hit:0.4151, tail mean rank:567.0742, topn:10.
2021-03-25 08:36:17,499 - root - INFO - avg hit:0.3892, avg mean rank:571.2083, topn:10.
2021-03-25 08:38:14,722 - root - INFO - head hit:0.3640, head mean rank:578.0045, topn:10.
2021-03-25 08:38:14,722 - root - INFO - tail hit:0.4164, tail mean rank:566.7542, topn:10.
2021-03-25 08:38:14,722 - root - INFO - avg hit:0.3902, avg mean rank:572.3794, topn:10.
2021-03-25 08:38:14,766 - root - INFO - Checkpointing ...
2021-03-25 08:39:24,690 - root - INFO - train loss:2.3983!
2021-03-25 08:40:50,674 - root - INFO - head hit:0.3656, head mean rank:572.8811, topn:10.
2021-03-25 08:40:50,675 - root - INFO - tail hit:0.4165, tail mean rank:565.3619, topn:10.
2021-03-25 08:40:50,675 - root - INFO - avg hit:0.3911, avg mean rank:569.1215, topn:10.
2021-03-25 08:42:47,388 - root - INFO - head hit:0.3656, head mean rank:576.0697, topn:10.
2021-03-25 08:42:47,388 - root - INFO - tail hit:0.4183, tail mean rank:566.5971, topn:10.
2021-03-25 08:42:47,391 - root - INFO - avg hit:0.3920, avg mean rank:571.3334, topn:10.
2021-03-25 08:42:47,437 - root - INFO - Checkpointing ...
2021-03-25 08:43:57,140 - root - INFO - train loss:2.3592!
2021-03-25 08:45:21,786 - root - INFO - head hit:0.3657, head mean rank:574.3806, topn:10.
2021-03-25 08:45:21,787 - root - INFO - tail hit:0.4168, tail mean rank:558.5272, topn:10.
2021-03-25 08:45:21,787 - root - INFO - avg hit:0.3912, avg mean rank:566.4539, topn:10.
2021-03-25 08:47:19,386 - root - INFO - head hit:0.3675, head mean rank:580.7654, topn:10.
2021-03-25 08:47:19,386 - root - INFO - tail hit:0.4185, tail mean rank:562.1225, topn:10.
2021-03-25 08:47:19,386 - root - INFO - avg hit:0.3930, avg mean rank:571.4439, topn:10.
2021-03-25 08:47:19,426 - root - INFO - Checkpointing ...
2021-03-25 08:48:29,382 - root - INFO - train loss:2.3187!
2021-03-25 08:49:54,428 - root - INFO - head hit:0.3657, head mean rank:572.7466, topn:10.
2021-03-25 08:49:54,428 - root - INFO - tail hit:0.4191, tail mean rank:566.2127, topn:10.
2021-03-25 08:49:54,429 - root - INFO - avg hit:0.3924, avg mean rank:569.4796, topn:10.
2021-03-25 08:51:51,806 - root - INFO - head hit:0.3685, head mean rank:577.7910, topn:10.
2021-03-25 08:51:51,807 - root - INFO - tail hit:0.4204, tail mean rank:570.4659, topn:10.
2021-03-25 08:51:51,807 - root - INFO - avg hit:0.3944, avg mean rank:574.1285, topn:10.
2021-03-25 08:51:51,840 - root - INFO - Checkpointing ...
2021-03-25 08:53:01,633 - root - INFO - train loss:2.2935!
2021-03-25 08:54:25,743 - root - INFO - head hit:0.3672, head mean rank:577.6306, topn:10.
2021-03-25 08:54:25,743 - root - INFO - tail hit:0.4198, tail mean rank:568.1051, topn:10.
2021-03-25 08:54:25,744 - root - INFO - avg hit:0.3935, avg mean rank:572.8678, topn:10.
2021-03-25 08:56:22,977 - root - INFO - head hit:0.3684, head mean rank:581.1002, topn:10.
2021-03-25 08:56:22,977 - root - INFO - tail hit:0.4217, tail mean rank:569.6578, topn:10.
2021-03-25 08:56:22,977 - root - INFO - avg hit:0.3951, avg mean rank:575.3790, topn:10.
2021-03-25 08:56:23,020 - root - INFO - Checkpointing ...
2021-03-25 08:57:32,908 - root - INFO - train loss:2.2780!
2021-03-25 08:58:57,546 - root - INFO - head hit:0.3690, head mean rank:579.5634, topn:10.
2021-03-25 08:58:57,546 - root - INFO - tail hit:0.4203, tail mean rank:567.4298, topn:10.
2021-03-25 08:58:57,547 - root - INFO - avg hit:0.3946, avg mean rank:573.4966, topn:10.
2021-03-25 09:00:55,310 - root - INFO - head hit:0.3710, head mean rank:584.5118, topn:10.
2021-03-25 09:00:55,310 - root - INFO - tail hit:0.4245, tail mean rank:568.5496, topn:10.
2021-03-25 09:00:55,311 - root - INFO - avg hit:0.3978, avg mean rank:576.5307, topn:10.
2021-03-25 09:00:55,355 - root - INFO - Checkpointing ...
2021-03-25 09:02:05,240 - root - INFO - train loss:2.2415!
2021-03-25 09:03:30,000 - root - INFO - head hit:0.3679, head mean rank:575.9286, topn:10.
2021-03-25 09:03:30,000 - root - INFO - tail hit:0.4213, tail mean rank:560.1231, topn:10.
2021-03-25 09:03:30,000 - root - INFO - avg hit:0.3946, avg mean rank:568.0259, topn:10.
2021-03-25 09:05:28,655 - root - INFO - head hit:0.3699, head mean rank:581.4327, topn:10.
2021-03-25 09:05:28,656 - root - INFO - tail hit:0.4234, tail mean rank:562.7811, topn:10.
2021-03-25 09:05:28,656 - root - INFO - avg hit:0.3967, avg mean rank:572.1069, topn:10.
2021-03-25 09:05:28,703 - root - INFO - No improvement after one epoch. Lowering learning rate.
2021-03-25 09:06:42,704 - root - INFO - train loss:1.9211!
2021-03-25 09:08:07,978 - root - INFO - head hit:0.3856, head mean rank:558.8775, topn:10.
2021-03-25 09:08:07,978 - root - INFO - tail hit:0.4337, tail mean rank:550.0471, topn:10.
2021-03-25 09:08:07,978 - root - INFO - avg hit:0.4096, avg mean rank:554.4623, topn:10.
2021-03-25 09:10:04,566 - root - INFO - head hit:0.3876, head mean rank:559.2370, topn:10.
2021-03-25 09:10:04,567 - root - INFO - tail hit:0.4386, tail mean rank:550.4073, topn:10.
2021-03-25 09:10:04,567 - root - INFO - avg hit:0.4131, avg mean rank:554.8222, topn:10.
2021-03-25 09:10:04,611 - root - INFO - Checkpointing ...
2021-03-25 09:11:27,076 - root - INFO - train loss:1.7371!
2021-03-25 09:12:53,061 - root - INFO - head hit:0.3906, head mean rank:553.1667, topn:10.
2021-03-25 09:12:53,061 - root - INFO - tail hit:0.4398, tail mean rank:542.8527, topn:10.
2021-03-25 09:12:53,062 - root - INFO - avg hit:0.4152, avg mean rank:548.0097, topn:10.
2021-03-25 09:14:51,259 - root - INFO - head hit:0.3941, head mean rank:558.9384, topn:10.
2021-03-25 09:14:51,260 - root - INFO - tail hit:0.4451, tail mean rank:546.0343, topn:10.
2021-03-25 09:14:51,260 - root - INFO - avg hit:0.4196, avg mean rank:552.4864, topn:10.
2021-03-25 09:14:51,304 - root - INFO - Checkpointing ...
2021-03-25 09:16:07,023 - root - INFO - train loss:1.6377!
2021-03-25 09:17:31,876 - root - INFO - head hit:0.3936, head mean rank:552.6864, topn:10.
2021-03-25 09:17:31,876 - root - INFO - tail hit:0.4426, tail mean rank:540.8852, topn:10.
2021-03-25 09:17:31,876 - root - INFO - avg hit:0.4181, avg mean rank:546.7858, topn:10.
2021-03-25 09:19:30,434 - root - INFO - head hit:0.3996, head mean rank:556.8793, topn:10.
2021-03-25 09:19:30,435 - root - INFO - tail hit:0.4469, tail mean rank:543.6455, topn:10.
2021-03-25 09:19:30,435 - root - INFO - avg hit:0.4233, avg mean rank:550.2624, topn:10.
2021-03-25 09:19:30,478 - root - INFO - Checkpointing ...
2021-03-25 09:20:46,519 - root - INFO - train loss:1.5701!
2021-03-25 09:22:11,266 - root - INFO - head hit:0.3969, head mean rank:554.6894, topn:10.
2021-03-25 09:22:11,266 - root - INFO - tail hit:0.4454, tail mean rank:543.3784, topn:10.
2021-03-25 09:22:11,267 - root - INFO - avg hit:0.4212, avg mean rank:549.0339, topn:10.
2021-03-25 09:24:08,897 - root - INFO - head hit:0.4018, head mean rank:555.3196, topn:10.
2021-03-25 09:24:08,897 - root - INFO - tail hit:0.4484, tail mean rank:544.1161, topn:10.
2021-03-25 09:24:08,897 - root - INFO - avg hit:0.4251, avg mean rank:549.7179, topn:10.
2021-03-25 09:24:08,940 - root - INFO - Checkpointing ...
2021-03-25 09:25:19,840 - root - INFO - train loss:1.5198!
2021-03-25 09:26:44,829 - root - INFO - head hit:0.3997, head mean rank:554.0173, topn:10.
2021-03-25 09:26:44,830 - root - INFO - tail hit:0.4475, tail mean rank:547.9503, topn:10.
2021-03-25 09:26:44,830 - root - INFO - avg hit:0.4236, avg mean rank:550.9838, topn:10.
2021-03-25 09:28:41,805 - root - INFO - head hit:0.4051, head mean rank:554.2739, topn:10.
2021-03-25 09:28:41,805 - root - INFO - tail hit:0.4520, tail mean rank:547.6810, topn:10.
2021-03-25 09:28:41,806 - root - INFO - avg hit:0.4286, avg mean rank:550.9774, topn:10.
2021-03-25 09:28:41,849 - root - INFO - Checkpointing ...
2021-03-25 09:29:59,272 - root - INFO - train loss:1.4930!
2021-03-25 09:31:24,137 - root - INFO - head hit:0.4011, head mean rank:552.5967, topn:10.
2021-03-25 09:31:24,138 - root - INFO - tail hit:0.4498, tail mean rank:547.7766, topn:10.
2021-03-25 09:31:24,147 - root - INFO - avg hit:0.4255, avg mean rank:550.1866, topn:10.
2021-03-25 09:33:21,743 - root - INFO - head hit:0.4051, head mean rank:553.7364, topn:10.
2021-03-25 09:33:21,743 - root - INFO - tail hit:0.4542, tail mean rank:548.9630, topn:10.
2021-03-25 09:33:21,743 - root - INFO - avg hit:0.4297, avg mean rank:551.3497, topn:10.
2021-03-25 09:33:21,788 - root - INFO - Checkpointing ...
2021-03-25 09:34:34,726 - root - INFO - train loss:1.4764!
2021-03-25 09:35:58,915 - root - INFO - head hit:0.4026, head mean rank:551.7279, topn:10.
2021-03-25 09:35:58,916 - root - INFO - tail hit:0.4512, tail mean rank:544.9518, topn:10.
2021-03-25 09:35:58,916 - root - INFO - avg hit:0.4269, avg mean rank:548.3398, topn:10.
2021-03-25 09:37:54,979 - root - INFO - head hit:0.4074, head mean rank:552.8602, topn:10.
2021-03-25 09:37:54,979 - root - INFO - tail hit:0.4560, tail mean rank:546.0597, topn:10.
2021-03-25 09:37:54,979 - root - INFO - avg hit:0.4317, avg mean rank:549.4599, topn:10.
2021-03-25 09:37:55,024 - root - INFO - Checkpointing ...
2021-03-25 09:39:05,898 - root - INFO - train loss:1.4304!
2021-03-25 09:40:30,982 - root - INFO - head hit:0.4044, head mean rank:552.9947, topn:10.
2021-03-25 09:40:30,982 - root - INFO - tail hit:0.4515, tail mean rank:542.7747, topn:10.
2021-03-25 09:40:30,982 - root - INFO - avg hit:0.4280, avg mean rank:547.8847, topn:10.
2021-03-25 09:42:28,353 - root - INFO - head hit:0.4093, head mean rank:554.2353, topn:10.
2021-03-25 09:42:28,353 - root - INFO - tail hit:0.4567, tail mean rank:546.6724, topn:10.
2021-03-25 09:42:28,353 - root - INFO - avg hit:0.4330, avg mean rank:550.4539, topn:10.
2021-03-25 09:42:28,396 - root - INFO - Checkpointing ...
2021-03-25 09:43:44,560 - root - INFO - train loss:1.4167!
2021-03-25 09:45:09,526 - root - INFO - head hit:0.4058, head mean rank:552.2028, topn:10.
2021-03-25 09:45:09,526 - root - INFO - tail hit:0.4543, tail mean rank:546.7964, topn:10.
2021-03-25 09:45:09,526 - root - INFO - avg hit:0.4300, avg mean rank:549.4996, topn:10.
2021-03-25 09:47:07,841 - root - INFO - head hit:0.4119, head mean rank:555.3385, topn:10.
2021-03-25 09:47:07,842 - root - INFO - tail hit:0.4579, tail mean rank:548.4967, topn:10.
2021-03-25 09:47:07,842 - root - INFO - avg hit:0.4349, avg mean rank:551.9176, topn:10.
2021-03-25 09:47:07,884 - root - INFO - Checkpointing ...
2021-03-25 09:48:22,024 - root - INFO - train loss:1.4200!
2021-03-25 09:49:46,462 - root - INFO - head hit:0.4087, head mean rank:554.3696, topn:10.
2021-03-25 09:49:46,462 - root - INFO - tail hit:0.4534, tail mean rank:544.0862, topn:10.
2021-03-25 09:49:46,462 - root - INFO - avg hit:0.4311, avg mean rank:549.2279, topn:10.
2021-03-25 09:51:45,492 - root - INFO - head hit:0.4114, head mean rank:555.8368, topn:10.
2021-03-25 09:51:45,492 - root - INFO - tail hit:0.4588, tail mean rank:547.1657, topn:10.
2021-03-25 09:51:45,492 - root - INFO - avg hit:0.4351, avg mean rank:551.5012, topn:10.
2021-03-25 09:51:45,536 - root - INFO - Checkpointing ...
2021-03-25 09:53:03,241 - root - INFO - train loss:1.3996!
2021-03-25 09:54:28,869 - root - INFO - head hit:0.4110, head mean rank:554.2917, topn:10.
2021-03-25 09:54:28,869 - root - INFO - tail hit:0.4545, tail mean rank:545.5357, topn:10.
2021-03-25 09:54:28,869 - root - INFO - avg hit:0.4328, avg mean rank:549.9137, topn:10.
2021-03-25 09:56:26,721 - root - INFO - head hit:0.4140, head mean rank:556.5926, topn:10.
2021-03-25 09:56:26,721 - root - INFO - tail hit:0.4598, tail mean rank:549.8771, topn:10.
2021-03-25 09:56:26,721 - root - INFO - avg hit:0.4369, avg mean rank:553.2348, topn:10.
2021-03-25 09:56:26,764 - root - INFO - Checkpointing ...
2021-03-25 09:57:40,999 - root - INFO - train loss:1.3724!
2021-03-25 09:59:05,887 - root - INFO - head hit:0.4105, head mean rank:556.0302, topn:10.
2021-03-25 09:59:05,888 - root - INFO - tail hit:0.4554, tail mean rank:546.1829, topn:10.
2021-03-25 09:59:05,888 - root - INFO - avg hit:0.4330, avg mean rank:551.1065, topn:10.
2021-03-25 10:01:01,452 - root - INFO - head hit:0.4161, head mean rank:558.8978, topn:10.
2021-03-25 10:01:01,452 - root - INFO - tail hit:0.4605, tail mean rank:548.1405, topn:10.
2021-03-25 10:01:01,452 - root - INFO - avg hit:0.4383, avg mean rank:553.5191, topn:10.
2021-03-25 10:01:01,495 - root - INFO - Checkpointing ...
2021-03-25 10:02:19,367 - root - INFO - train loss:1.3532!
2021-03-25 10:03:44,156 - root - INFO - head hit:0.4116, head mean rank:556.3216, topn:10.
2021-03-25 10:03:44,157 - root - INFO - tail hit:0.4567, tail mean rank:544.3551, topn:10.
2021-03-25 10:03:44,157 - root - INFO - avg hit:0.4341, avg mean rank:550.3383, topn:10.
2021-03-25 10:05:41,245 - root - INFO - head hit:0.4159, head mean rank:561.5161, topn:10.
2021-03-25 10:05:41,245 - root - INFO - tail hit:0.4620, tail mean rank:549.4900, topn:10.
2021-03-25 10:05:41,245 - root - INFO - avg hit:0.4390, avg mean rank:555.5031, topn:10.
2021-03-25 10:05:41,288 - root - INFO - Checkpointing ...
2021-03-25 10:06:52,530 - root - INFO - train loss:1.3436!
2021-03-25 10:08:17,544 - root - INFO - head hit:0.4129, head mean rank:555.8054, topn:10.
2021-03-25 10:08:17,544 - root - INFO - tail hit:0.4574, tail mean rank:545.4461, topn:10.
2021-03-25 10:08:17,544 - root - INFO - avg hit:0.4352, avg mean rank:550.6258, topn:10.
2021-03-25 10:10:15,024 - root - INFO - head hit:0.4166, head mean rank:559.9904, topn:10.
2021-03-25 10:10:15,024 - root - INFO - tail hit:0.4624, tail mean rank:548.4332, topn:10.
2021-03-25 10:10:15,025 - root - INFO - avg hit:0.4395, avg mean rank:554.2118, topn:10.
2021-03-25 10:10:15,068 - root - INFO - Checkpointing ...
2021-03-25 10:11:28,866 - root - INFO - train loss:1.3508!
2021-03-25 10:12:54,126 - root - INFO - head hit:0.4131, head mean rank:555.9057, topn:10.
2021-03-25 10:12:54,127 - root - INFO - tail hit:0.4572, tail mean rank:544.9319, topn:10.
2021-03-25 10:12:54,127 - root - INFO - avg hit:0.4351, avg mean rank:550.4188, topn:10.
2021-03-25 10:14:51,564 - root - INFO - head hit:0.4166, head mean rank:561.5754, topn:10.
2021-03-25 10:14:51,565 - root - INFO - tail hit:0.4634, tail mean rank:549.9880, topn:10.
2021-03-25 10:14:51,565 - root - INFO - avg hit:0.4400, avg mean rank:555.7817, topn:10.
2021-03-25 10:14:51,607 - root - INFO - No improvement after one epoch. Lowering learning rate.
2021-03-25 10:16:05,104 - root - INFO - train loss:1.2685!
2021-03-25 10:17:30,456 - root - INFO - head hit:0.4219, head mean rank:546.4182, topn:10.
2021-03-25 10:17:30,456 - root - INFO - tail hit:0.4642, tail mean rank:540.5693, topn:10.
2021-03-25 10:17:30,456 - root - INFO - avg hit:0.4431, avg mean rank:543.4938, topn:10.
2021-03-25 10:19:28,187 - root - INFO - head hit:0.4246, head mean rank:553.2047, topn:10.
2021-03-25 10:19:28,187 - root - INFO - tail hit:0.4687, tail mean rank:545.2977, topn:10.
2021-03-25 10:19:28,187 - root - INFO - avg hit:0.4466, avg mean rank:549.2512, topn:10.
2021-03-25 10:19:28,230 - root - INFO - Checkpointing ...
2021-03-25 10:20:42,038 - root - INFO - train loss:1.2092!
2021-03-25 10:22:06,672 - root - INFO - head hit:0.4258, head mean rank:545.5025, topn:10.
2021-03-25 10:22:06,672 - root - INFO - tail hit:0.4661, tail mean rank:537.3583, topn:10.
2021-03-25 10:22:06,672 - root - INFO - avg hit:0.4459, avg mean rank:541.4304, topn:10.
2021-03-25 10:24:03,905 - root - INFO - head hit:0.4291, head mean rank:551.3669, topn:10.
2021-03-25 10:24:03,906 - root - INFO - tail hit:0.4705, tail mean rank:543.5125, topn:10.
2021-03-25 10:24:03,906 - root - INFO - avg hit:0.4498, avg mean rank:547.4397, topn:10.
2021-03-25 10:24:03,945 - root - INFO - Checkpointing ...
2021-03-25 10:25:19,300 - root - INFO - train loss:1.1542!
2021-03-25 10:26:45,117 - root - INFO - head hit:0.4282, head mean rank:543.5069, topn:10.
2021-03-25 10:26:45,118 - root - INFO - tail hit:0.4688, tail mean rank:538.4139, topn:10.
2021-03-25 10:26:45,118 - root - INFO - avg hit:0.4485, avg mean rank:540.9604, topn:10.
2021-03-25 10:28:43,241 - root - INFO - head hit:0.4318, head mean rank:549.1244, topn:10.
2021-03-25 10:28:43,242 - root - INFO - tail hit:0.4728, tail mean rank:542.6852, topn:10.
2021-03-25 10:28:43,242 - root - INFO - avg hit:0.4523, avg mean rank:545.9048, topn:10.
2021-03-25 10:28:43,284 - root - INFO - Checkpointing ...
2021-03-25 10:30:00,948 - root - INFO - train loss:1.1364!
2021-03-25 10:31:25,603 - root - INFO - head hit:0.4297, head mean rank:543.7153, topn:10.
2021-03-25 10:31:25,604 - root - INFO - tail hit:0.4710, tail mean rank:538.4242, topn:10.
2021-03-25 10:31:25,604 - root - INFO - avg hit:0.4503, avg mean rank:541.0698, topn:10.
2021-03-25 10:33:23,271 - root - INFO - head hit:0.4337, head mean rank:549.0513, topn:10.
2021-03-25 10:33:23,271 - root - INFO - tail hit:0.4752, tail mean rank:543.9887, topn:10.
2021-03-25 10:33:23,271 - root - INFO - avg hit:0.4544, avg mean rank:546.5200, topn:10.
2021-03-25 10:33:23,315 - root - INFO - Checkpointing ...
2021-03-25 10:34:38,704 - root - INFO - train loss:1.1041!
2021-03-25 10:36:04,528 - root - INFO - head hit:0.4327, head mean rank:545.3046, topn:10.
2021-03-25 10:36:04,528 - root - INFO - tail hit:0.4714, tail mean rank:536.9894, topn:10.
2021-03-25 10:36:04,528 - root - INFO - avg hit:0.4520, avg mean rank:541.1470, topn:10.
2021-03-25 10:38:01,535 - root - INFO - head hit:0.4355, head mean rank:550.1342, topn:10.
2021-03-25 10:38:01,535 - root - INFO - tail hit:0.4771, tail mean rank:541.9404, topn:10.
2021-03-25 10:38:01,535 - root - INFO - avg hit:0.4563, avg mean rank:546.0373, topn:10.
2021-03-25 10:38:01,581 - root - INFO - Checkpointing ...
2021-03-25 10:39:13,931 - root - INFO - train loss:1.0669!
2021-03-25 10:40:39,008 - root - INFO - head hit:0.4314, head mean rank:545.7620, topn:10.
2021-03-25 10:40:39,008 - root - INFO - tail hit:0.4714, tail mean rank:539.7613, topn:10.
2021-03-25 10:40:39,008 - root - INFO - avg hit:0.4514, avg mean rank:542.7616, topn:10.
2021-03-25 10:42:37,555 - root - INFO - head hit:0.4368, head mean rank:550.7633, topn:10.
2021-03-25 10:42:37,555 - root - INFO - tail hit:0.4769, tail mean rank:543.7272, topn:10.
2021-03-25 10:42:37,555 - root - INFO - avg hit:0.4569, avg mean rank:547.2452, topn:10.
2021-03-25 10:42:37,598 - root - INFO - No improvement after one epoch. Lowering learning rate.
2021-03-25 10:43:51,567 - root - INFO - train loss:1.0398!
2021-03-25 10:45:16,079 - root - INFO - head hit:0.4342, head mean rank:542.1251, topn:10.
2021-03-25 10:45:16,079 - root - INFO - tail hit:0.4740, tail mean rank:535.4769, topn:10.
2021-03-25 10:45:16,080 - root - INFO - avg hit:0.4541, avg mean rank:538.8010, topn:10.
2021-03-25 10:47:12,719 - root - INFO - head hit:0.4392, head mean rank:548.1699, topn:10.
2021-03-25 10:47:12,719 - root - INFO - tail hit:0.4798, tail mean rank:539.9475, topn:10.
2021-03-25 10:47:12,719 - root - INFO - avg hit:0.4595, avg mean rank:544.0587, topn:10.
2021-03-25 10:47:12,762 - root - INFO - Checkpointing ...
2021-03-25 10:48:29,552 - root - INFO - train loss:1.0403!
2021-03-25 10:49:54,413 - root - INFO - head hit:0.4358, head mean rank:540.5713, topn:10.
2021-03-25 10:49:54,413 - root - INFO - tail hit:0.4751, tail mean rank:533.5080, topn:10.
2021-03-25 10:49:54,413 - root - INFO - avg hit:0.4555, avg mean rank:537.0397, topn:10.
2021-03-25 10:51:51,471 - root - INFO - head hit:0.4406, head mean rank:546.5029, topn:10.
2021-03-25 10:51:51,471 - root - INFO - tail hit:0.4818, tail mean rank:538.8189, topn:10.
2021-03-25 10:51:51,471 - root - INFO - avg hit:0.4612, avg mean rank:542.6609, topn:10.
2021-03-25 10:51:51,517 - root - INFO - Checkpointing ...
2021-03-25 10:53:11,021 - root - INFO - train loss:1.0322!
2021-03-25 10:54:36,579 - root - INFO - head hit:0.4380, head mean rank:540.0285, topn:10.
2021-03-25 10:54:36,579 - root - INFO - tail hit:0.4762, tail mean rank:532.7701, topn:10.
2021-03-25 10:54:36,579 - root - INFO - avg hit:0.4571, avg mean rank:536.3993, topn:10.
2021-03-25 10:56:33,656 - root - INFO - head hit:0.4422, head mean rank:546.3580, topn:10.
2021-03-25 10:56:33,656 - root - INFO - tail hit:0.4829, tail mean rank:538.0130, topn:10.
2021-03-25 10:56:33,656 - root - INFO - avg hit:0.4626, avg mean rank:542.1855, topn:10.
2021-03-25 10:56:33,700 - root - INFO - Checkpointing ...
2021-03-25 10:57:47,497 - root - INFO - train loss:1.0000!
2021-03-25 10:59:12,267 - root - INFO - head hit:0.4381, head mean rank:540.0161, topn:10.
2021-03-25 10:59:12,268 - root - INFO - tail hit:0.4787, tail mean rank:533.1160, topn:10.
2021-03-25 10:59:12,268 - root - INFO - avg hit:0.4584, avg mean rank:536.5661, topn:10.
2021-03-25 11:01:10,031 - root - INFO - head hit:0.4436, head mean rank:546.1020, topn:10.
2021-03-25 11:01:10,031 - root - INFO - tail hit:0.4834, tail mean rank:537.9359, topn:10.
2021-03-25 11:01:10,031 - root - INFO - avg hit:0.4635, avg mean rank:542.0190, topn:10.
2021-03-25 11:01:10,075 - root - INFO - Checkpointing ...
2021-03-25 11:02:26,799 - root - INFO - train loss:1.0022!
2021-03-25 11:03:51,381 - root - INFO - head hit:0.4397, head mean rank:539.2596, topn:10.
2021-03-25 11:03:51,382 - root - INFO - tail hit:0.4784, tail mean rank:532.2394, topn:10.
2021-03-25 11:03:51,382 - root - INFO - avg hit:0.4591, avg mean rank:535.7495, topn:10.
2021-03-25 11:05:48,445 - root - INFO - head hit:0.4452, head mean rank:546.0873, topn:10.
2021-03-25 11:05:48,445 - root - INFO - tail hit:0.4838, tail mean rank:537.5937, topn:10.
2021-03-25 11:05:48,445 - root - INFO - avg hit:0.4645, avg mean rank:541.8405, topn:10.
2021-03-25 11:05:48,487 - root - INFO - Checkpointing ...
2021-03-25 11:07:04,230 - root - INFO - train loss:0.9710!
2021-03-25 11:08:29,363 - root - INFO - head hit:0.4408, head mean rank:538.6081, topn:10.
2021-03-25 11:08:29,363 - root - INFO - tail hit:0.4796, tail mean rank:532.6573, topn:10.
2021-03-25 11:08:29,363 - root - INFO - avg hit:0.4602, avg mean rank:535.6327, topn:10.
2021-03-25 11:10:27,047 - root - INFO - head hit:0.4453, head mean rank:545.6987, topn:10.
2021-03-25 11:10:27,047 - root - INFO - tail hit:0.4844, tail mean rank:537.8662, topn:10.
2021-03-25 11:10:27,047 - root - INFO - avg hit:0.4648, avg mean rank:541.7824, topn:10.
2021-03-25 11:10:27,092 - root - INFO - Checkpointing ...
2021-03-25 11:11:38,412 - root - INFO - train loss:0.9548!
2021-03-25 11:13:03,320 - root - INFO - head hit:0.4411, head mean rank:537.9897, topn:10.
2021-03-25 11:13:03,321 - root - INFO - tail hit:0.4810, tail mean rank:534.0683, topn:10.
2021-03-25 11:13:03,321 - root - INFO - avg hit:0.4610, avg mean rank:536.0290, topn:10.
2021-03-25 11:15:01,084 - root - INFO - head hit:0.4463, head mean rank:545.5237, topn:10.
2021-03-25 11:15:01,084 - root - INFO - tail hit:0.4853, tail mean rank:539.1292, topn:10.
2021-03-25 11:15:01,086 - root - INFO - avg hit:0.4658, avg mean rank:542.3265, topn:10.
2021-03-25 11:15:01,130 - root - INFO - Checkpointing ...
2021-03-25 11:16:17,202 - root - INFO - train loss:0.9378!
2021-03-25 11:17:42,520 - root - INFO - head hit:0.4422, head mean rank:539.2660, topn:10.
2021-03-25 11:17:42,520 - root - INFO - tail hit:0.4808, tail mean rank:532.4212, topn:10.
2021-03-25 11:17:42,520 - root - INFO - avg hit:0.4615, avg mean rank:535.8436, topn:10.
2021-03-25 11:19:39,076 - root - INFO - head hit:0.4474, head mean rank:546.7734, topn:10.
2021-03-25 11:19:39,077 - root - INFO - tail hit:0.4860, tail mean rank:538.2133, topn:10.
2021-03-25 11:19:39,077 - root - INFO - avg hit:0.4667, avg mean rank:542.4934, topn:10.
2021-03-25 11:19:39,121 - root - INFO - Checkpointing ...
2021-03-25 11:20:55,161 - root - INFO - train loss:0.9525!
2021-03-25 11:22:20,175 - root - INFO - head hit:0.4427, head mean rank:539.3761, topn:10.
2021-03-25 11:22:20,175 - root - INFO - tail hit:0.4826, tail mean rank:533.5355, topn:10.
2021-03-25 11:22:20,175 - root - INFO - avg hit:0.4627, avg mean rank:536.4558, topn:10.
2021-03-25 11:24:16,270 - root - INFO - head hit:0.4478, head mean rank:546.5936, topn:10.
2021-03-25 11:24:16,270 - root - INFO - tail hit:0.4862, tail mean rank:538.1263, topn:10.
2021-03-25 11:24:16,270 - root - INFO - avg hit:0.4670, avg mean rank:542.3600, topn:10.
2021-03-25 11:24:16,314 - root - INFO - Checkpointing ...
2021-03-25 11:25:33,393 - root - INFO - train loss:0.9556!
2021-03-25 11:26:57,534 - root - INFO - head hit:0.4443, head mean rank:539.2674, topn:10.
2021-03-25 11:26:57,534 - root - INFO - tail hit:0.4830, tail mean rank:533.9060, topn:10.
2021-03-25 11:26:57,534 - root - INFO - avg hit:0.4637, avg mean rank:536.5867, topn:10.
2021-03-25 11:28:54,454 - root - INFO - head hit:0.4496, head mean rank:546.4143, topn:10.
2021-03-25 11:28:54,454 - root - INFO - tail hit:0.4875, tail mean rank:538.8207, topn:10.
2021-03-25 11:28:54,454 - root - INFO - avg hit:0.4686, avg mean rank:542.6175, topn:10.
2021-03-25 11:28:54,497 - root - INFO - Checkpointing ...
2021-03-25 11:30:12,319 - root - INFO - train loss:0.9499!
2021-03-25 11:31:38,042 - root - INFO - head hit:0.4442, head mean rank:539.2188, topn:10.
2021-03-25 11:31:38,042 - root - INFO - tail hit:0.4843, tail mean rank:532.8189, topn:10.
2021-03-25 11:31:38,042 - root - INFO - avg hit:0.4642, avg mean rank:536.0189, topn:10.
2021-03-25 11:33:35,534 - root - INFO - head hit:0.4496, head mean rank:545.8747, topn:10.
2021-03-25 11:33:35,534 - root - INFO - tail hit:0.4878, tail mean rank:537.0607, topn:10.
2021-03-25 11:33:35,534 - root - INFO - avg hit:0.4687, avg mean rank:541.4677, topn:10.
2021-03-25 11:33:35,576 - root - INFO - Checkpointing ...
2021-03-25 11:34:50,431 - root - INFO - train loss:0.9125!
2021-03-25 11:36:15,684 - root - INFO - head hit:0.4452, head mean rank:540.0989, topn:10.
2021-03-25 11:36:15,684 - root - INFO - tail hit:0.4838, tail mean rank:534.0548, topn:10.
2021-03-25 11:36:15,685 - root - INFO - avg hit:0.4645, avg mean rank:537.0769, topn:10.
2021-03-25 11:38:12,797 - root - INFO - head hit:0.4500, head mean rank:545.9145, topn:10.
2021-03-25 11:38:12,797 - root - INFO - tail hit:0.4877, tail mean rank:538.5261, topn:10.
2021-03-25 11:38:12,797 - root - INFO - avg hit:0.4689, avg mean rank:542.2203, topn:10.
2021-03-25 11:38:12,836 - root - INFO - Checkpointing ...
2021-03-25 11:39:27,504 - root - INFO - train loss:0.8979!
2021-03-25 11:40:53,230 - root - INFO - head hit:0.4460, head mean rank:540.9083, topn:10.
2021-03-25 11:40:53,231 - root - INFO - tail hit:0.4840, tail mean rank:531.4797, topn:10.
2021-03-25 11:40:53,240 - root - INFO - avg hit:0.4650, avg mean rank:536.1940, topn:10.
2021-03-25 11:42:50,278 - root - INFO - head hit:0.4502, head mean rank:546.0380, topn:10.
2021-03-25 11:42:50,279 - root - INFO - tail hit:0.4885, tail mean rank:536.0686, topn:10.
2021-03-25 11:42:50,279 - root - INFO - avg hit:0.4694, avg mean rank:541.0533, topn:10.
2021-03-25 11:42:50,323 - root - INFO - Checkpointing ...
2021-03-25 11:44:04,796 - root - INFO - train loss:0.9348!
2021-03-25 11:45:29,579 - root - INFO - head hit:0.4467, head mean rank:540.4020, topn:10.
2021-03-25 11:45:29,580 - root - INFO - tail hit:0.4852, tail mean rank:532.4090, topn:10.
2021-03-25 11:45:29,580 - root - INFO - avg hit:0.4659, avg mean rank:536.4055, topn:10.
2021-03-25 11:47:27,684 - root - INFO - head hit:0.4514, head mean rank:545.7393, topn:10.
2021-03-25 11:47:27,684 - root - INFO - tail hit:0.4888, tail mean rank:536.9282, topn:10.
2021-03-25 11:47:27,685 - root - INFO - avg hit:0.4701, avg mean rank:541.3337, topn:10.
2021-03-25 11:47:27,730 - root - INFO - Checkpointing ...
2021-03-25 11:48:44,519 - root - INFO - train loss:0.8977!
2021-03-25 11:50:10,180 - root - INFO - head hit:0.4473, head mean rank:539.8336, topn:10.
2021-03-25 11:50:10,180 - root - INFO - tail hit:0.4850, tail mean rank:533.4310, topn:10.
2021-03-25 11:50:10,180 - root - INFO - avg hit:0.4662, avg mean rank:536.6323, topn:10.
2021-03-25 11:52:08,562 - root - INFO - head hit:0.4513, head mean rank:545.4579, topn:10.
2021-03-25 11:52:08,563 - root - INFO - tail hit:0.4897, tail mean rank:537.9438, topn:10.
2021-03-25 11:52:08,563 - root - INFO - avg hit:0.4705, avg mean rank:541.7008, topn:10.
2021-03-25 11:52:08,602 - root - INFO - Checkpointing ...
2021-03-25 11:53:19,516 - root - INFO - train loss:0.9040!
2021-03-25 11:54:45,169 - root - INFO - head hit:0.4465, head mean rank:540.1607, topn:10.
2021-03-25 11:54:45,169 - root - INFO - tail hit:0.4863, tail mean rank:533.1506, topn:10.
2021-03-25 11:54:45,169 - root - INFO - avg hit:0.4664, avg mean rank:536.6557, topn:10.
2021-03-25 11:56:43,646 - root - INFO - head hit:0.4520, head mean rank:545.2751, topn:10.
2021-03-25 11:56:43,646 - root - INFO - tail hit:0.4904, tail mean rank:537.5565, topn:10.
2021-03-25 11:56:43,646 - root - INFO - avg hit:0.4712, avg mean rank:541.4158, topn:10.
2021-03-25 11:56:43,689 - root - INFO - Checkpointing ...
2021-03-25 11:57:54,271 - root - INFO - train loss:0.8913!
2021-03-25 11:59:19,577 - root - INFO - head hit:0.4480, head mean rank:540.2521, topn:10.
2021-03-25 11:59:19,578 - root - INFO - tail hit:0.4863, tail mean rank:532.8556, topn:10.
2021-03-25 11:59:19,578 - root - INFO - avg hit:0.4671, avg mean rank:536.5539, topn:10.
2021-03-25 12:01:17,240 - root - INFO - head hit:0.4526, head mean rank:545.7474, topn:10.
2021-03-25 12:01:17,241 - root - INFO - tail hit:0.4916, tail mean rank:538.0911, topn:10.
2021-03-25 12:01:17,241 - root - INFO - avg hit:0.4721, avg mean rank:541.9193, topn:10.
2021-03-25 12:01:17,275 - root - INFO - Checkpointing ...
2021-03-25 12:02:27,205 - root - INFO - train loss:0.8917!
2021-03-25 12:03:52,284 - root - INFO - head hit:0.4482, head mean rank:540.0267, topn:10.
2021-03-25 12:03:52,284 - root - INFO - tail hit:0.4868, tail mean rank:532.6050, topn:10.
2021-03-25 12:03:52,285 - root - INFO - avg hit:0.4675, avg mean rank:536.3158, topn:10.
2021-03-25 12:05:49,672 - root - INFO - head hit:0.4524, head mean rank:545.3170, topn:10.
2021-03-25 12:05:49,673 - root - INFO - tail hit:0.4918, tail mean rank:538.0583, topn:10.
2021-03-25 12:05:49,673 - root - INFO - avg hit:0.4721, avg mean rank:541.6877, topn:10.
2021-03-25 12:05:49,716 - root - INFO - Checkpointing ...
2021-03-25 12:06:59,556 - root - INFO - train loss:0.9012!
2021-03-25 12:08:25,241 - root - INFO - head hit:0.4498, head mean rank:538.0667, topn:10.
2021-03-25 12:08:25,242 - root - INFO - tail hit:0.4875, tail mean rank:534.7573, topn:10.
2021-03-25 12:08:25,242 - root - INFO - avg hit:0.4687, avg mean rank:536.4120, topn:10.
2021-03-25 12:10:23,461 - root - INFO - head hit:0.4535, head mean rank:543.5984, topn:10.
2021-03-25 12:10:23,461 - root - INFO - tail hit:0.4928, tail mean rank:539.8907, topn:10.
2021-03-25 12:10:23,461 - root - INFO - avg hit:0.4731, avg mean rank:541.7446, topn:10.
2021-03-25 12:10:23,501 - root - INFO - Checkpointing ...
2021-03-25 12:11:36,804 - root - INFO - train loss:0.8557!
2021-03-25 12:13:02,319 - root - INFO - head hit:0.4495, head mean rank:540.0343, topn:10.
2021-03-25 12:13:02,319 - root - INFO - tail hit:0.4881, tail mean rank:533.0659, topn:10.
2021-03-25 12:13:02,319 - root - INFO - avg hit:0.4688, avg mean rank:536.5501, topn:10.
2021-03-25 12:14:59,384 - root - INFO - head hit:0.4537, head mean rank:545.3259, topn:10.
2021-03-25 12:14:59,384 - root - INFO - tail hit:0.4927, tail mean rank:538.3128, topn:10.
2021-03-25 12:14:59,384 - root - INFO - avg hit:0.4732, avg mean rank:541.8193, topn:10.
2021-03-25 12:14:59,428 - root - INFO - Checkpointing ...
2021-03-25 12:16:12,886 - root - INFO - train loss:0.8817!
2021-03-25 12:17:38,374 - root - INFO - head hit:0.4492, head mean rank:539.0189, topn:10.
2021-03-25 12:17:38,375 - root - INFO - tail hit:0.4877, tail mean rank:534.4761, topn:10.
2021-03-25 12:17:38,375 - root - INFO - avg hit:0.4684, avg mean rank:536.7475, topn:10.
2021-03-25 12:19:36,278 - root - INFO - head hit:0.4550, head mean rank:545.0005, topn:10.
2021-03-25 12:19:36,279 - root - INFO - tail hit:0.4934, tail mean rank:539.0050, topn:10.
2021-03-25 12:19:36,279 - root - INFO - avg hit:0.4742, avg mean rank:542.0028, topn:10.
2021-03-25 12:19:36,320 - root - INFO - No improvement after one epoch. Lowering learning rate.
2021-03-25 12:20:46,476 - root - INFO - train loss:0.8650!
2021-03-25 12:22:12,224 - root - INFO - head hit:0.4507, head mean rank:539.0808, topn:10.
2021-03-25 12:22:12,225 - root - INFO - tail hit:0.4880, tail mean rank:533.1423, topn:10.
2021-03-25 12:22:12,229 - root - INFO - avg hit:0.4694, avg mean rank:536.1116, topn:10.
2021-03-25 12:24:09,613 - root - INFO - head hit:0.4553, head mean rank:545.1272, topn:10.
2021-03-25 12:24:09,613 - root - INFO - tail hit:0.4941, tail mean rank:538.0479, topn:10.
2021-03-25 12:24:09,613 - root - INFO - avg hit:0.4747, avg mean rank:541.5875, topn:10.
2021-03-25 12:24:09,657 - root - INFO - Checkpointing ...
2021-03-25 12:25:21,774 - root - INFO - train loss:0.8727!
2021-03-25 12:26:47,584 - root - INFO - head hit:0.4512, head mean rank:538.0207, topn:10.
2021-03-25 12:26:47,584 - root - INFO - tail hit:0.4890, tail mean rank:532.7122, topn:10.
2021-03-25 12:26:47,587 - root - INFO - avg hit:0.4701, avg mean rank:535.3664, topn:10.
2021-03-25 12:28:45,329 - root - INFO - head hit:0.4564, head mean rank:544.3091, topn:10.
2021-03-25 12:28:45,329 - root - INFO - tail hit:0.4937, tail mean rank:538.3513, topn:10.
2021-03-25 12:28:45,329 - root - INFO - avg hit:0.4751, avg mean rank:541.3302, topn:10.
2021-03-25 12:28:45,371 - root - INFO - Checkpointing ...
2021-03-25 12:29:54,981 - root - INFO - train loss:0.8487!
2021-03-25 12:31:20,454 - root - INFO - head hit:0.4519, head mean rank:538.0825, topn:10.
2021-03-25 12:31:20,455 - root - INFO - tail hit:0.4907, tail mean rank:532.2762, topn:10.
2021-03-25 12:31:20,455 - root - INFO - avg hit:0.4713, avg mean rank:535.1794, topn:10.
2021-03-25 12:33:18,075 - root - INFO - head hit:0.4570, head mean rank:544.5790, topn:10.
2021-03-25 12:33:18,076 - root - INFO - tail hit:0.4949, tail mean rank:538.1771, topn:10.
2021-03-25 12:33:18,076 - root - INFO - avg hit:0.4759, avg mean rank:541.3781, topn:10.
2021-03-25 12:33:18,119 - root - INFO - Checkpointing ...
2021-03-25 12:34:27,811 - root - INFO - train loss:0.8539!
2021-03-25 12:35:53,744 - root - INFO - head hit:0.4527, head mean rank:537.5650, topn:10.
2021-03-25 12:35:53,744 - root - INFO - tail hit:0.4908, tail mean rank:532.0618, topn:10.
2021-03-25 12:35:53,744 - root - INFO - avg hit:0.4717, avg mean rank:534.8134, topn:10.
2021-03-25 12:37:49,472 - root - INFO - head hit:0.4580, head mean rank:544.0796, topn:10.
2021-03-25 12:37:49,472 - root - INFO - tail hit:0.4952, tail mean rank:538.0095, topn:10.
2021-03-25 12:37:49,472 - root - INFO - avg hit:0.4766, avg mean rank:541.0445, topn:10.
2021-03-25 12:37:49,510 - root - INFO - Checkpointing ...
2021-03-25 12:38:58,665 - root - INFO - train loss:0.8414!
2021-03-25 12:40:22,897 - root - INFO - head hit:0.4535, head mean rank:537.6570, topn:10.
2021-03-25 12:40:22,898 - root - INFO - tail hit:0.4908, tail mean rank:532.1725, topn:10.
2021-03-25 12:40:22,898 - root - INFO - avg hit:0.4722, avg mean rank:534.9148, topn:10.
2021-03-25 12:42:20,013 - root - INFO - head hit:0.4586, head mean rank:544.0776, topn:10.
2021-03-25 12:42:20,013 - root - INFO - tail hit:0.4951, tail mean rank:538.0638, topn:10.
2021-03-25 12:42:20,013 - root - INFO - avg hit:0.4768, avg mean rank:541.0707, topn:10.
2021-03-25 12:42:20,065 - root - INFO - Checkpointing ...
2021-03-25 12:43:30,004 - root - INFO - train loss:0.8438!
2021-03-25 12:44:55,060 - root - INFO - head hit:0.4539, head mean rank:537.7959, topn:10.
2021-03-25 12:44:55,060 - root - INFO - tail hit:0.4902, tail mean rank:532.3528, topn:10.
2021-03-25 12:44:55,060 - root - INFO - avg hit:0.4721, avg mean rank:535.0744, topn:10.
2021-03-25 12:46:52,204 - root - INFO - head hit:0.4585, head mean rank:544.1414, topn:10.
2021-03-25 12:46:52,204 - root - INFO - tail hit:0.4952, tail mean rank:538.2386, topn:10.
2021-03-25 12:46:52,209 - root - INFO - avg hit:0.4768, avg mean rank:541.1900, topn:10.
2021-03-25 12:46:52,251 - root - INFO - No improvement after one epoch. Lowering learning rate.
2021-03-25 12:48:02,176 - root - INFO - train loss:0.8407!
2021-03-25 12:49:26,539 - root - INFO - head hit:0.4538, head mean rank:536.9989, topn:10.
2021-03-25 12:49:26,539 - root - INFO - tail hit:0.4909, tail mean rank:532.2739, topn:10.
2021-03-25 12:49:26,539 - root - INFO - avg hit:0.4724, avg mean rank:534.6364, topn:10.
2021-03-25 12:51:23,859 - root - INFO - head hit:0.4590, head mean rank:543.1251, topn:10.
2021-03-25 12:51:23,859 - root - INFO - tail hit:0.4962, tail mean rank:537.9516, topn:10.
2021-03-25 12:51:23,859 - root - INFO - avg hit:0.4776, avg mean rank:540.5383, topn:10.
2021-03-25 12:51:23,906 - root - INFO - Checkpointing ...
2021-03-25 12:52:33,601 - root - INFO - train loss:0.8318!
2021-03-25 12:53:58,306 - root - INFO - head hit:0.4543, head mean rank:537.0322, topn:10.
2021-03-25 12:53:58,307 - root - INFO - tail hit:0.4913, tail mean rank:532.6212, topn:10.
2021-03-25 12:53:58,308 - root - INFO - avg hit:0.4728, avg mean rank:534.8267, topn:10.
2021-03-25 12:55:55,815 - root - INFO - head hit:0.4596, head mean rank:543.0850, topn:10.
2021-03-25 12:55:55,815 - root - INFO - tail hit:0.4963, tail mean rank:537.9951, topn:10.
2021-03-25 12:55:55,815 - root - INFO - avg hit:0.4780, avg mean rank:540.5400, topn:10.
2021-03-25 12:55:55,857 - root - INFO - Checkpointing ...
2021-03-25 12:57:05,157 - root - INFO - train loss:0.8302!
2021-03-25 12:58:30,431 - root - INFO - head hit:0.4552, head mean rank:536.9642, topn:10.
2021-03-25 12:58:30,431 - root - INFO - tail hit:0.4917, tail mean rank:532.0197, topn:10.
2021-03-25 12:58:30,431 - root - INFO - avg hit:0.4735, avg mean rank:534.4920, topn:10.
2021-03-25 13:00:28,673 - root - INFO - head hit:0.4596, head mean rank:542.8093, topn:10.
2021-03-25 13:00:28,673 - root - INFO - tail hit:0.4965, tail mean rank:537.1380, topn:10.
2021-03-25 13:00:28,673 - root - INFO - avg hit:0.4781, avg mean rank:539.9737, topn:10.
2021-03-25 13:00:28,716 - root - INFO - Checkpointing ...
2021-03-25 13:01:37,912 - root - INFO - train loss:0.8247!
2021-03-25 13:03:02,478 - root - INFO - head hit:0.4553, head mean rank:536.9257, topn:10.
2021-03-25 13:03:02,478 - root - INFO - tail hit:0.4917, tail mean rank:531.9861, topn:10.
2021-03-25 13:03:02,478 - root - INFO - avg hit:0.4735, avg mean rank:534.4559, topn:10.
2021-03-25 13:05:00,296 - root - INFO - head hit:0.4603, head mean rank:542.7720, topn:10.
2021-03-25 13:05:00,296 - root - INFO - tail hit:0.4969, tail mean rank:536.9222, topn:10.
2021-03-25 13:05:00,296 - root - INFO - avg hit:0.4786, avg mean rank:539.8471, topn:10.
2021-03-25 13:05:00,339 - root - INFO - Checkpointing ...
2021-03-25 13:06:09,832 - root - INFO - train loss:0.8431!
2021-03-25 13:07:35,302 - root - INFO - head hit:0.4552, head mean rank:536.7216, topn:10.
2021-03-25 13:07:35,302 - root - INFO - tail hit:0.4925, tail mean rank:532.2284, topn:10.
2021-03-25 13:07:35,302 - root - INFO - avg hit:0.4739, avg mean rank:534.4750, topn:10.
2021-03-25 13:09:32,742 - root - INFO - head hit:0.4608, head mean rank:542.1954, topn:10.
2021-03-25 13:09:32,742 - root - INFO - tail hit:0.4976, tail mean rank:537.1038, topn:10.
2021-03-25 13:09:32,742 - root - INFO - avg hit:0.4792, avg mean rank:539.6496, topn:10.
2021-03-25 13:09:32,785 - root - INFO - Checkpointing ...
2021-03-25 13:10:46,894 - root - INFO - train loss:0.8392!
2021-03-25 13:12:11,241 - root - INFO - head hit:0.4557, head mean rank:536.7116, topn:10.
2021-03-25 13:12:11,241 - root - INFO - tail hit:0.4924, tail mean rank:532.2771, topn:10.
2021-03-25 13:12:11,241 - root - INFO - avg hit:0.4741, avg mean rank:534.4943, topn:10.
2021-03-25 13:14:08,847 - root - INFO - head hit:0.4606, head mean rank:542.1277, topn:10.
2021-03-25 13:14:08,847 - root - INFO - tail hit:0.4977, tail mean rank:537.0694, topn:10.
2021-03-25 13:14:08,847 - root - INFO - avg hit:0.4792, avg mean rank:539.5985, topn:10.
2021-03-25 13:14:08,890 - root - INFO - Checkpointing ...
2021-03-25 13:15:18,940 - root - INFO - train loss:0.8029!
2021-03-25 13:16:43,776 - root - INFO - head hit:0.4560, head mean rank:536.7268, topn:10.
2021-03-25 13:16:43,776 - root - INFO - tail hit:0.4930, tail mean rank:532.4277, topn:10.
2021-03-25 13:16:43,776 - root - INFO - avg hit:0.4745, avg mean rank:534.5772, topn:10.
2021-03-25 13:18:41,409 - root - INFO - head hit:0.4610, head mean rank:542.1417, topn:10.
2021-03-25 13:18:41,409 - root - INFO - tail hit:0.4980, tail mean rank:537.0876, topn:10.
2021-03-25 13:18:41,409 - root - INFO - avg hit:0.4795, avg mean rank:539.6146, topn:10.
2021-03-25 13:18:41,451 - root - INFO - Checkpointing ...
2021-03-25 13:19:50,558 - root - INFO - train loss:0.8018!
2021-03-25 13:21:14,843 - root - INFO - head hit:0.4556, head mean rank:536.9400, topn:10.
2021-03-25 13:21:14,843 - root - INFO - tail hit:0.4929, tail mean rank:532.3323, topn:10.
2021-03-25 13:21:14,843 - root - INFO - avg hit:0.4742, avg mean rank:534.6362, topn:10.
2021-03-25 13:23:11,749 - root - INFO - head hit:0.4618, head mean rank:542.2096, topn:10.
2021-03-25 13:23:11,749 - root - INFO - tail hit:0.4978, tail mean rank:536.6183, topn:10.
2021-03-25 13:23:11,749 - root - INFO - avg hit:0.4798, avg mean rank:539.4139, topn:10.
2021-03-25 13:23:11,793 - root - INFO - No improvement after one epoch. Lowering learning rate.
2021-03-25 13:24:20,523 - root - INFO - train loss:0.8067!
2021-03-25 13:25:45,370 - root - INFO - head hit:0.4562, head mean rank:537.2312, topn:10.
2021-03-25 13:25:45,370 - root - INFO - tail hit:0.4934, tail mean rank:532.3286, topn:10.
2021-03-25 13:25:45,370 - root - INFO - avg hit:0.4748, avg mean rank:534.7799, topn:10.
2021-03-25 13:27:43,724 - root - INFO - head hit:0.4620, head mean rank:542.4353, topn:10.
2021-03-25 13:27:43,725 - root - INFO - tail hit:0.4978, tail mean rank:536.5509, topn:10.
2021-03-25 13:27:43,725 - root - INFO - avg hit:0.4799, avg mean rank:539.4931, topn:10.
2021-03-25 13:27:43,767 - root - INFO - Checkpointing ...
2021-03-25 13:28:58,440 - root - INFO - train loss:0.8059!
2021-03-25 13:30:23,321 - root - INFO - head hit:0.4564, head mean rank:536.9784, topn:10.
2021-03-25 13:30:23,322 - root - INFO - tail hit:0.4934, tail mean rank:531.8543, topn:10.
2021-03-25 13:30:23,322 - root - INFO - avg hit:0.4749, avg mean rank:534.4163, topn:10.
2021-03-25 13:32:20,421 - root - INFO - head hit:0.4622, head mean rank:542.4022, topn:10.
2021-03-25 13:32:20,421 - root - INFO - tail hit:0.4979, tail mean rank:536.1991, topn:10.
2021-03-25 13:32:20,421 - root - INFO - avg hit:0.4801, avg mean rank:539.3007, topn:10.
2021-03-25 13:32:20,461 - root - INFO - Checkpointing ...
2021-03-25 13:33:32,728 - root - INFO - train loss:0.7941!
2021-03-25 13:34:57,938 - root - INFO - head hit:0.4566, head mean rank:536.9686, topn:10.
2021-03-25 13:34:57,938 - root - INFO - tail hit:0.4938, tail mean rank:531.9871, topn:10.
2021-03-25 13:34:57,938 - root - INFO - avg hit:0.4752, avg mean rank:534.4779, topn:10.
2021-03-25 13:36:54,357 - root - INFO - head hit:0.4623, head mean rank:542.3096, topn:10.
2021-03-25 13:36:54,357 - root - INFO - tail hit:0.4979, tail mean rank:536.2900, topn:10.
2021-03-25 13:36:54,357 - root - INFO - avg hit:0.4801, avg mean rank:539.2998, topn:10.
2021-03-25 13:36:54,401 - root - INFO - Checkpointing ...
2021-03-25 13:38:03,511 - root - INFO - train loss:0.8011!
2021-03-25 13:39:28,750 - root - INFO - head hit:0.4564, head mean rank:537.1580, topn:10.
2021-03-25 13:39:28,750 - root - INFO - tail hit:0.4936, tail mean rank:532.0116, topn:10.
2021-03-25 13:39:28,750 - root - INFO - avg hit:0.4750, avg mean rank:534.5848, topn:10.
2021-03-25 13:41:26,674 - root - INFO - head hit:0.4621, head mean rank:542.4748, topn:10.
2021-03-25 13:41:26,674 - root - INFO - tail hit:0.4981, tail mean rank:536.3034, topn:10.
2021-03-25 13:41:26,679 - root - INFO - avg hit:0.4801, avg mean rank:539.3891, topn:10.
2021-03-25 13:41:26,723 - root - INFO - No improvement after one epoch. Lowering learning rate.
2021-03-25 13:42:36,247 - root - INFO - train loss:0.8188!
2021-03-25 13:44:00,739 - root - INFO - head hit:0.4567, head mean rank:537.1548, topn:10.
2021-03-25 13:44:00,740 - root - INFO - tail hit:0.4937, tail mean rank:531.8734, topn:10.
2021-03-25 13:44:00,740 - root - INFO - avg hit:0.4752, avg mean rank:534.5141, topn:10.
2021-03-25 13:45:58,524 - root - INFO - head hit:0.4622, head mean rank:542.5527, topn:10.
2021-03-25 13:45:58,524 - root - INFO - tail hit:0.4985, tail mean rank:536.1697, topn:10.
2021-03-25 13:45:58,524 - root - INFO - avg hit:0.4803, avg mean rank:539.3612, topn:10.
2021-03-25 13:45:58,566 - root - INFO - Checkpointing ...
2021-03-25 13:47:07,629 - root - INFO - train loss:0.8101!
2021-03-25 13:48:32,461 - root - INFO - head hit:0.4569, head mean rank:537.0396, topn:10.
2021-03-25 13:48:32,461 - root - INFO - tail hit:0.4940, tail mean rank:531.9359, topn:10.
2021-03-25 13:48:32,461 - root - INFO - avg hit:0.4754, avg mean rank:534.4878, topn:10.
2021-03-25 13:50:29,575 - root - INFO - head hit:0.4624, head mean rank:542.4261, topn:10.
2021-03-25 13:50:29,575 - root - INFO - tail hit:0.4985, tail mean rank:536.2268, topn:10.
2021-03-25 13:50:29,575 - root - INFO - avg hit:0.4805, avg mean rank:539.3264, topn:10.
2021-03-25 13:50:29,619 - root - INFO - Checkpointing ...
2021-03-25 13:51:38,916 - root - INFO - train loss:0.8260!
2021-03-25 13:53:03,928 - root - INFO - head hit:0.4567, head mean rank:536.9810, topn:10.
2021-03-25 13:53:03,928 - root - INFO - tail hit:0.4942, tail mean rank:531.9787, topn:10.
2021-03-25 13:53:03,928 - root - INFO - avg hit:0.4755, avg mean rank:534.4799, topn:10.
2021-03-25 13:55:00,963 - root - INFO - head hit:0.4626, head mean rank:542.3801, topn:10.
2021-03-25 13:55:00,963 - root - INFO - tail hit:0.4984, tail mean rank:536.2661, topn:10.
2021-03-25 13:55:00,963 - root - INFO - avg hit:0.4805, avg mean rank:539.3231, topn:10.
2021-03-25 13:55:01,006 - root - INFO - Checkpointing ...
2021-03-25 13:56:10,440 - root - INFO - train loss:0.7945!
2021-03-25 13:57:34,963 - root - INFO - head hit:0.4569, head mean rank:536.8175, topn:10.
2021-03-25 13:57:34,964 - root - INFO - tail hit:0.4941, tail mean rank:531.9174, topn:10.
2021-03-25 13:57:34,964 - root - INFO - avg hit:0.4755, avg mean rank:534.3674, topn:10.
2021-03-25 13:59:32,152 - root - INFO - head hit:0.4628, head mean rank:542.1919, topn:10.
2021-03-25 13:59:32,153 - root - INFO - tail hit:0.4985, tail mean rank:536.2112, topn:10.
2021-03-25 13:59:32,153 - root - INFO - avg hit:0.4806, avg mean rank:539.2015, topn:10.
2021-03-25 13:59:32,192 - root - INFO - Checkpointing ...
2021-03-25 14:00:41,313 - root - INFO - train loss:0.8083!
2021-03-25 14:02:05,056 - root - INFO - head hit:0.4569, head mean rank:536.9191, topn:10.
2021-03-25 14:02:05,057 - root - INFO - tail hit:0.4942, tail mean rank:531.8252, topn:10.
2021-03-25 14:02:05,057 - root - INFO - avg hit:0.4756, avg mean rank:534.3721, topn:10.
2021-03-25 14:04:01,701 - root - INFO - head hit:0.4627, head mean rank:542.3233, topn:10.
2021-03-25 14:04:01,701 - root - INFO - tail hit:0.4984, tail mean rank:536.1631, topn:10.
2021-03-25 14:04:01,701 - root - INFO - avg hit:0.4806, avg mean rank:539.2432, topn:10.
2021-03-25 14:04:01,740 - root - INFO - Checkpointing ...
2021-03-25 14:05:11,230 - root - INFO - train loss:0.7993!
2021-03-25 14:06:35,929 - root - INFO - head hit:0.4571, head mean rank:536.7087, topn:10.
2021-03-25 14:06:35,929 - root - INFO - tail hit:0.4940, tail mean rank:531.7128, topn:10.
2021-03-25 14:06:35,929 - root - INFO - avg hit:0.4755, avg mean rank:534.2107, topn:10.
2021-03-25 14:08:33,231 - root - INFO - head hit:0.4629, head mean rank:542.1303, topn:10.
2021-03-25 14:08:33,231 - root - INFO - tail hit:0.4986, tail mean rank:536.0960, topn:10.
2021-03-25 14:08:33,232 - root - INFO - avg hit:0.4807, avg mean rank:539.1132, topn:10.
2021-03-25 14:08:33,274 - root - INFO - No improvement after one epoch. Lowering learning rate.
2021-03-25 14:09:42,830 - root - INFO - train loss:0.8007!
2021-03-25 14:11:07,095 - root - INFO - head hit:0.4571, head mean rank:536.6574, topn:10.
2021-03-25 14:11:07,096 - root - INFO - tail hit:0.4940, tail mean rank:531.7012, topn:10.
2021-03-25 14:11:07,096 - root - INFO - avg hit:0.4755, avg mean rank:534.1793, topn:10.
2021-03-25 14:13:03,955 - root - INFO - head hit:0.4630, head mean rank:542.0929, topn:10.
2021-03-25 14:13:03,955 - root - INFO - tail hit:0.4986, tail mean rank:536.1042, topn:10.
2021-03-25 14:13:03,955 - root - INFO - avg hit:0.4808, avg mean rank:539.0985, topn:10.
2021-03-25 14:13:03,994 - root - INFO - No improvement after one epoch. Lowering learning rate.
2021-03-25 14:14:14,326 - root - INFO - train loss:0.8084!
2021-03-25 14:15:40,207 - root - INFO - head hit:0.4570, head mean rank:536.6399, topn:10.
2021-03-25 14:15:40,207 - root - INFO - tail hit:0.4939, tail mean rank:531.6739, topn:10.
2021-03-25 14:15:40,207 - root - INFO - avg hit:0.4755, avg mean rank:534.1569, topn:10.
2021-03-25 14:17:37,504 - root - INFO - head hit:0.4628, head mean rank:542.0769, topn:10.
2021-03-25 14:17:37,504 - root - INFO - tail hit:0.4987, tail mean rank:536.0739, topn:10.
2021-03-25 14:17:37,504 - root - INFO - avg hit:0.4807, avg mean rank:539.0754, topn:10.
2021-03-25 14:17:37,547 - root - INFO - No improvement after one epoch. Lowering learning rate.
2021-03-25 14:18:47,264 - root - INFO - train loss:0.7970!
2021-03-25 14:20:11,895 - root - INFO - head hit:0.4571, head mean rank:536.6317, topn:10.
2021-03-25 14:20:11,896 - root - INFO - tail hit:0.4939, tail mean rank:531.6715, topn:10.
2021-03-25 14:20:11,896 - root - INFO - avg hit:0.4755, avg mean rank:534.1516, topn:10.
2021-03-25 14:22:10,551 - root - INFO - head hit:0.4627, head mean rank:542.0741, topn:10.
2021-03-25 14:22:10,551 - root - INFO - tail hit:0.4987, tail mean rank:536.0689, topn:10.
2021-03-25 14:22:10,551 - root - INFO - avg hit:0.4807, avg mean rank:539.0715, topn:10.
2021-03-25 14:22:10,590 - root - INFO - No improvement after one epoch. Lowering learning rate.
2021-03-25 14:23:20,006 - root - INFO - train loss:0.8190!
2021-03-25 14:24:44,701 - root - INFO - head hit:0.4571, head mean rank:536.6302, topn:10.
2021-03-25 14:24:44,702 - root - INFO - tail hit:0.4939, tail mean rank:531.6676, topn:10.
2021-03-25 14:24:44,702 - root - INFO - avg hit:0.4755, avg mean rank:534.1489, topn:10.
2021-03-25 14:26:43,034 - root - INFO - head hit:0.4628, head mean rank:542.0749, topn:10.
2021-03-25 14:26:43,035 - root - INFO - tail hit:0.4987, tail mean rank:536.0653, topn:10.
2021-03-25 14:26:43,035 - root - INFO - avg hit:0.4808, avg mean rank:539.0701, topn:10.
2021-03-25 14:26:43,078 - root - INFO - No improvement after one epoch. Lowering learning rate.
2021-03-25 14:26:43,095 - root - INFO - No improvement after 45750 steps. Stopping training.
