2021-03-06 00:00:48,986 - root - INFO - Flag Values:
{
    "L1_flag": true,
    "batch_size": 256,
    "ckpt_path": "/home/juarez/git/results/JIIS-revised-exp1/ml-sun_ho_sfKG_ig-mv-complex-25/",
    "clipping_max_value": 5.0,
    "data_path": "/home/juarez/git/datasets/JIIS-revised-exp1/ml-sun_ho_sfKG_ig-mv-complex-25/cao-format/",
    "dataset": "ml1m",
    "early_stopping_steps_to_wait": 51960,
    "embedding_size": 100,
    "eval_interval_steps": 10392,
    "eval_only_mode": false,
    "experiment_name": "ml1m-jtransup-1614999648",
    "filter_wrong_corrupted": true,
    "has_visualization": false,
    "is_report": false,
    "joint_ratio": 0.5,
    "kg_lambda": 1.0,
    "kg_test_files": "valid.dat:test.dat",
    "l2_lambda": 0.0,
    "learning_rate": 0.005,
    "learning_rate_decay_when_no_progress": 0.5,
    "load_ckpt_file": "/home/juarez/git/results/JIIS-revised-exp1/ml-sun_ho_sfKG_ig-mv-complex-25/ml1m-transup-pretrained.ckpt:/home/juarez/git/results/JIIS-revised-exp1/ml-sun_ho_sfKG_ig-mv-complex-25/ml1m-transh-pretrained.ckpt",
    "load_experiment_name": null,
    "log_level": "debug",
    "log_path": "/home/juarez/git/results/JIIS-revised-exp1/ml-sun_ho_sfKG_ig-mv-complex-25/",
    "margin": 1.0,
    "max_queue": 10,
    "model_type": "jtransup",
    "momentum": 0.9,
    "negtive_samples": 1,
    "norm_lambda": 1.0,
    "num_preferences": 4,
    "num_processes": 4,
    "optimizer_type": "Adam",
    "rec_test_files": "valid.dat:test.dat",
    "seed": 0,
    "share_embeddings": false,
    "topn": 10,
    "training_steps": 1039200,
    "use_st_gumbel": false,
    "visualization_port": 8097
}
2021-03-06 00:00:49,155 - root - INFO - Totally 69982 train ratings, 9998,19995 eval ratings in files: /home/juarez/git/datasets/JIIS-revised-exp1/ml-sun_ho_sfKG_ig-mv-complex-25/cao-format/ml1m/valid.dat;/home/juarez/git/datasets/JIIS-revised-exp1/ml-sun_ho_sfKG_ig-mv-complex-25/cao-format/ml1m/test.dat!
2021-03-06 00:00:49,157 - root - INFO - successfully load 943 users and 1675 items!
2021-03-06 00:00:49,224 - root - INFO - Totally 3145 train triples, 389,765 eval triples in files: /home/juarez/git/datasets/JIIS-revised-exp1/ml-sun_ho_sfKG_ig-mv-complex-25/cao-format/ml1m/kg/valid.dat;/home/juarez/git/datasets/JIIS-revised-exp1/ml-sun_ho_sfKG_ig-mv-complex-25/cao-format/ml1m/kg/test.dat!
2021-03-06 00:00:49,225 - root - INFO - successfully load 1654 entities and 3 relations!
2021-03-06 00:00:49,231 - root - INFO - Find 1561 aligned items and entities!
2021-03-06 00:00:49,232 - root - INFO - Building model.
2021-03-06 00:00:50,437 - root - INFO - Architecture: jTransUPModel(
  (user_embeddings): Embedding(943, 100)
  (item_embeddings): Embedding(1675, 100)
  (pref_embeddings): Embedding(3, 100)
  (pref_norm_embeddings): Embedding(3, 100)
  (ent_embeddings): Embedding(1655, 100, padding_idx=1654)
  (rel_embeddings): Embedding(3, 100)
  (norm_embeddings): Embedding(3, 100)
)
2021-03-06 00:00:50,437 - root - INFO - Total params: 428500.0
2021-03-06 00:00:50,438 - root - INFO - One epoch is 547 steps.
2021-03-06 00:00:50,438 - root - INFO - Found checkpoint, restoring pre-trained embeddings.
2021-03-06 00:00:50,442 - root - INFO - Load Embeddings of user_embeddings.weight, item_embeddings.weight, pref_embeddings.weight, pref_norm_embeddings.weight from /home/juarez/git/results/JIIS-revised-exp1/ml-sun_ho_sfKG_ig-mv-complex-25/ml1m-transup-pretrained.ckpt.
2021-03-06 00:00:50,442 - root - INFO - Found checkpoint, restoring pre-trained embeddings.
2021-03-06 00:00:50,444 - root - INFO - Restored 1654 entities from checkpoint.
2021-03-06 00:00:50,444 - root - INFO - Load Embeddings of ent_embeddings.weight, rel_embeddings.weight, norm_embeddings.weight from /home/juarez/git/results/JIIS-revised-exp1/ml-sun_ho_sfKG_ig-mv-complex-25/ml1m-transh-pretrained.ckpt.
2021-03-06 00:00:50,444 - root - INFO - Training.
2021-03-06 00:00:50,444 - root - INFO - rec train loss:0.0000, kg train loss:0.0000!
2021-03-06 00:00:51,923 - root - INFO - f1:0.0705, p:0.0824, r:0.0846, hit:0.4995, ndcg:0.3062, topn:10.
2021-03-06 00:00:53,284 - root - INFO - f1:0.0834, p:0.1452, r:0.0744, hit:0.6596, ndcg:0.4358, topn:10.
2021-03-06 00:00:53,982 - root - INFO - head hit:0.3239, head mean rank:344.5064, topn:10.
2021-03-06 00:00:53,982 - root - INFO - tail hit:0.7558, tail mean rank:15.7301, topn:10.
2021-03-06 00:00:53,982 - root - INFO - avg hit:0.5398, avg mean rank:180.1183, topn:10.
2021-03-06 00:00:55,043 - root - INFO - head hit:0.3412, head mean rank:318.6824, topn:10.
2021-03-06 00:00:55,043 - root - INFO - tail hit:0.7595, tail mean rank:15.8261, topn:10.
2021-03-06 00:00:55,043 - root - INFO - avg hit:0.5503, avg mean rank:167.2542, topn:10.
2021-03-06 00:02:47,108 - root - INFO - rec train loss:2.2438, kg train loss:10.3668!
2021-03-06 00:02:48,487 - root - INFO - f1:0.1647, p:0.1919, r:0.2056, hit:0.7466, ndcg:0.4970, topn:10.
2021-03-06 00:02:49,799 - root - INFO - f1:0.1904, p:0.3110, r:0.1796, hit:0.8908, ndcg:0.6234, topn:10.
2021-03-06 00:02:50,527 - root - INFO - head hit:0.1414, head mean rank:311.4216, topn:10.
2021-03-06 00:02:50,528 - root - INFO - tail hit:0.2725, tail mean rank:111.4242, topn:10.
2021-03-06 00:02:50,528 - root - INFO - avg hit:0.2069, avg mean rank:211.4229, topn:10.
2021-03-06 00:02:51,504 - root - INFO - head hit:0.1425, head mean rank:311.3752, topn:10.
2021-03-06 00:02:51,505 - root - INFO - tail hit:0.3046, tail mean rank:98.3425, topn:10.
2021-03-06 00:02:51,505 - root - INFO - avg hit:0.2235, avg mean rank:204.8588, topn:10.
2021-03-06 00:02:51,506 - root - INFO - Checkpointing ...
2021-03-06 00:04:41,451 - root - INFO - rec train loss:2.1773, kg train loss:10.1221!
2021-03-06 00:04:42,915 - root - INFO - f1:0.1807, p:0.2162, r:0.2169, hit:0.7678, ndcg:0.5362, topn:10.
2021-03-06 00:04:44,336 - root - INFO - f1:0.2097, p:0.3440, r:0.1978, hit:0.8940, ndcg:0.6556, topn:10.
2021-03-06 00:04:45,075 - root - INFO - head hit:0.1465, head mean rank:302.9717, topn:10.
2021-03-06 00:04:45,075 - root - INFO - tail hit:0.2751, tail mean rank:121.9177, topn:10.
2021-03-06 00:04:45,076 - root - INFO - avg hit:0.2108, avg mean rank:212.4447, topn:10.
2021-03-06 00:04:46,155 - root - INFO - head hit:0.1386, head mean rank:292.4039, topn:10.
2021-03-06 00:04:46,155 - root - INFO - tail hit:0.2641, tail mean rank:110.7791, topn:10.
2021-03-06 00:04:46,155 - root - INFO - avg hit:0.2013, avg mean rank:201.5915, topn:10.
2021-03-06 00:04:46,156 - root - INFO - Checkpointing ...
2021-03-06 00:06:37,027 - root - INFO - rec train loss:2.1432, kg train loss:10.1581!
2021-03-06 00:06:38,395 - root - INFO - f1:0.1919, p:0.2282, r:0.2323, hit:0.7911, ndcg:0.5701, topn:10.
2021-03-06 00:06:39,685 - root - INFO - f1:0.2236, p:0.3681, r:0.2093, hit:0.9046, ndcg:0.6705, topn:10.
2021-03-06 00:06:40,404 - root - INFO - head hit:0.1465, head mean rank:315.2237, topn:10.
2021-03-06 00:06:40,404 - root - INFO - tail hit:0.3882, tail mean rank:94.7815, topn:10.
2021-03-06 00:06:40,405 - root - INFO - avg hit:0.2674, avg mean rank:205.0026, topn:10.
2021-03-06 00:06:41,449 - root - INFO - head hit:0.1373, head mean rank:290.9007, topn:10.
2021-03-06 00:06:41,449 - root - INFO - tail hit:0.3699, tail mean rank:94.1660, topn:10.
2021-03-06 00:06:41,449 - root - INFO - avg hit:0.2536, avg mean rank:192.5333, topn:10.
2021-03-06 00:06:41,450 - root - INFO - Checkpointing ...
2021-03-06 00:08:31,498 - root - INFO - rec train loss:2.1255, kg train loss:10.0921!
2021-03-06 00:08:32,873 - root - INFO - f1:0.2101, p:0.2481, r:0.2569, hit:0.8229, ndcg:0.5978, topn:10.
2021-03-06 00:08:34,224 - root - INFO - f1:0.2369, p:0.3887, r:0.2218, hit:0.9099, ndcg:0.6940, topn:10.
2021-03-06 00:08:34,953 - root - INFO - head hit:0.1105, head mean rank:318.6607, topn:10.
2021-03-06 00:08:34,953 - root - INFO - tail hit:0.4190, tail mean rank:96.2134, topn:10.
2021-03-06 00:08:34,953 - root - INFO - avg hit:0.2648, avg mean rank:207.4370, topn:10.
2021-03-06 00:08:35,992 - root - INFO - head hit:0.1294, head mean rank:310.5229, topn:10.
2021-03-06 00:08:35,992 - root - INFO - tail hit:0.3908, tail mean rank:84.6275, topn:10.
2021-03-06 00:08:35,992 - root - INFO - avg hit:0.2601, avg mean rank:197.5752, topn:10.
2021-03-06 00:08:35,993 - root - INFO - Checkpointing ...
2021-03-06 00:10:24,921 - root - INFO - rec train loss:2.1610, kg train loss:10.1858!
2021-03-06 00:10:26,513 - root - INFO - f1:0.2129, p:0.2550, r:0.2543, hit:0.8144, ndcg:0.6036, topn:10.
2021-03-06 00:10:27,883 - root - INFO - f1:0.2377, p:0.3926, r:0.2212, hit:0.9035, ndcg:0.7058, topn:10.
2021-03-06 00:10:28,641 - root - INFO - head hit:0.1671, head mean rank:310.0231, topn:10.
2021-03-06 00:10:28,641 - root - INFO - tail hit:0.3830, tail mean rank:85.3830, topn:10.
2021-03-06 00:10:28,641 - root - INFO - avg hit:0.2751, avg mean rank:197.7031, topn:10.
2021-03-06 00:10:29,710 - root - INFO - head hit:0.1686, head mean rank:302.3817, topn:10.
2021-03-06 00:10:29,710 - root - INFO - tail hit:0.3556, tail mean rank:91.4562, topn:10.
2021-03-06 00:10:29,710 - root - INFO - avg hit:0.2621, avg mean rank:196.9190, topn:10.
2021-03-06 00:10:29,711 - root - INFO - Checkpointing ...
2021-03-06 00:12:18,489 - root - INFO - rec train loss:2.1347, kg train loss:10.0095!
2021-03-06 00:12:19,869 - root - INFO - f1:0.2187, p:0.2622, r:0.2597, hit:0.8155, ndcg:0.6186, topn:10.
2021-03-06 00:12:21,219 - root - INFO - f1:0.2460, p:0.4055, r:0.2280, hit:0.9173, ndcg:0.7221, topn:10.
2021-03-06 00:12:21,861 - root - INFO - head hit:0.1671, head mean rank:292.7712, topn:10.
2021-03-06 00:12:21,861 - root - INFO - tail hit:0.3316, tail mean rank:100.1028, topn:10.
2021-03-06 00:12:21,861 - root - INFO - avg hit:0.2494, avg mean rank:196.4370, topn:10.
2021-03-06 00:12:22,916 - root - INFO - head hit:0.1529, head mean rank:311.7059, topn:10.
2021-03-06 00:12:22,917 - root - INFO - tail hit:0.3582, tail mean rank:113.3712, topn:10.
2021-03-06 00:12:22,917 - root - INFO - avg hit:0.2556, avg mean rank:212.5386, topn:10.
2021-03-06 00:12:22,918 - root - INFO - Checkpointing ...
2021-03-06 00:14:10,601 - root - INFO - rec train loss:2.1060, kg train loss:10.0673!
2021-03-06 00:14:12,002 - root - INFO - f1:0.2223, p:0.2664, r:0.2638, hit:0.8144, ndcg:0.6190, topn:10.
2021-03-06 00:14:13,359 - root - INFO - f1:0.2508, p:0.4117, r:0.2321, hit:0.9215, ndcg:0.7340, topn:10.
2021-03-06 00:14:14,066 - root - INFO - head hit:0.1234, head mean rank:321.0540, topn:10.
2021-03-06 00:14:14,066 - root - INFO - tail hit:0.2545, tail mean rank:124.9692, topn:10.
2021-03-06 00:14:14,066 - root - INFO - avg hit:0.1889, avg mean rank:223.0116, topn:10.
2021-03-06 00:14:15,207 - root - INFO - head hit:0.1242, head mean rank:299.9660, topn:10.
2021-03-06 00:14:15,208 - root - INFO - tail hit:0.2497, tail mean rank:127.0667, topn:10.
2021-03-06 00:14:15,208 - root - INFO - avg hit:0.1869, avg mean rank:213.5163, topn:10.
2021-03-06 00:14:15,209 - root - INFO - Checkpointing ...
2021-03-06 00:16:05,528 - root - INFO - rec train loss:2.1580, kg train loss:10.0728!
2021-03-06 00:16:06,877 - root - INFO - f1:0.2283, p:0.2727, r:0.2728, hit:0.8250, ndcg:0.6362, topn:10.
2021-03-06 00:16:08,210 - root - INFO - f1:0.2534, p:0.4171, r:0.2330, hit:0.9141, ndcg:0.7340, topn:10.
2021-03-06 00:16:08,889 - root - INFO - head hit:0.1671, head mean rank:260.7969, topn:10.
2021-03-06 00:16:08,890 - root - INFO - tail hit:0.2468, tail mean rank:109.5681, topn:10.
2021-03-06 00:16:08,890 - root - INFO - avg hit:0.2069, avg mean rank:185.1825, topn:10.
2021-03-06 00:16:09,832 - root - INFO - head hit:0.1608, head mean rank:295.1111, topn:10.
2021-03-06 00:16:09,833 - root - INFO - tail hit:0.2588, tail mean rank:131.4405, topn:10.
2021-03-06 00:16:09,833 - root - INFO - avg hit:0.2098, avg mean rank:213.2758, topn:10.
2021-03-06 00:16:09,834 - root - INFO - Checkpointing ...
2021-03-06 00:17:58,724 - root - INFO - rec train loss:2.1309, kg train loss:10.1040!
2021-03-06 00:18:00,032 - root - INFO - f1:0.2388, p:0.2857, r:0.2847, hit:0.8378, ndcg:0.6467, topn:10.
2021-03-06 00:18:01,396 - root - INFO - f1:0.2604, p:0.4275, r:0.2402, hit:0.9120, ndcg:0.7450, topn:10.
2021-03-06 00:18:02,051 - root - INFO - head hit:0.1594, head mean rank:336.5450, topn:10.
2021-03-06 00:18:02,051 - root - INFO - tail hit:0.2211, tail mean rank:170.2699, topn:10.
2021-03-06 00:18:02,051 - root - INFO - avg hit:0.1902, avg mean rank:253.4075, topn:10.
2021-03-06 00:18:03,095 - root - INFO - head hit:0.1464, head mean rank:294.5229, topn:10.
2021-03-06 00:18:03,095 - root - INFO - tail hit:0.2510, tail mean rank:145.8889, topn:10.
2021-03-06 00:18:03,095 - root - INFO - avg hit:0.1987, avg mean rank:220.2059, topn:10.
2021-03-06 00:18:03,096 - root - INFO - Checkpointing ...
2021-03-06 00:19:54,083 - root - INFO - rec train loss:2.1244, kg train loss:10.0796!
2021-03-06 00:19:55,437 - root - INFO - f1:0.2405, p:0.2876, r:0.2874, hit:0.8356, ndcg:0.6549, topn:10.
2021-03-06 00:19:56,793 - root - INFO - f1:0.2603, p:0.4303, r:0.2383, hit:0.9130, ndcg:0.7512, topn:10.
2021-03-06 00:19:57,525 - root - INFO - head hit:0.1671, head mean rank:299.3368, topn:10.
2021-03-06 00:19:57,526 - root - INFO - tail hit:0.2314, tail mean rank:134.8175, topn:10.
2021-03-06 00:19:57,526 - root - INFO - avg hit:0.1992, avg mean rank:217.0771, topn:10.
2021-03-06 00:19:58,587 - root - INFO - head hit:0.1438, head mean rank:281.1529, topn:10.
2021-03-06 00:19:58,587 - root - INFO - tail hit:0.2340, tail mean rank:156.9830, topn:10.
2021-03-06 00:19:58,587 - root - INFO - avg hit:0.1889, avg mean rank:219.0680, topn:10.
2021-03-06 00:19:58,589 - root - INFO - Checkpointing ...
2021-03-06 00:21:48,554 - root - INFO - rec train loss:2.1524, kg train loss:10.1396!
2021-03-06 00:21:49,871 - root - INFO - f1:0.2433, p:0.2924, r:0.2861, hit:0.8388, ndcg:0.6617, topn:10.
2021-03-06 00:21:51,221 - root - INFO - f1:0.2628, p:0.4355, r:0.2399, hit:0.9109, ndcg:0.7438, topn:10.
2021-03-06 00:21:51,955 - root - INFO - head hit:0.1388, head mean rank:329.9203, topn:10.
2021-03-06 00:21:51,955 - root - INFO - tail hit:0.3111, tail mean rank:127.3933, topn:10.
2021-03-06 00:21:51,955 - root - INFO - avg hit:0.2249, avg mean rank:228.6568, topn:10.
2021-03-06 00:21:52,828 - root - INFO - head hit:0.1556, head mean rank:308.3150, topn:10.
2021-03-06 00:21:52,828 - root - INFO - tail hit:0.3425, tail mean rank:117.3255, topn:10.
2021-03-06 00:21:52,828 - root - INFO - avg hit:0.2490, avg mean rank:212.8203, topn:10.
2021-03-06 00:21:52,828 - root - INFO - Checkpointing ...
2021-03-06 00:23:44,881 - root - INFO - rec train loss:2.1220, kg train loss:10.1112!
2021-03-06 00:23:46,218 - root - INFO - f1:0.2445, p:0.2926, r:0.2898, hit:0.8314, ndcg:0.6588, topn:10.
2021-03-06 00:23:47,501 - root - INFO - f1:0.2712, p:0.4448, r:0.2499, hit:0.9194, ndcg:0.7571, topn:10.
2021-03-06 00:23:48,152 - root - INFO - head hit:0.1671, head mean rank:306.5758, topn:10.
2021-03-06 00:23:48,153 - root - INFO - tail hit:0.3265, tail mean rank:109.8997, topn:10.
2021-03-06 00:23:48,153 - root - INFO - avg hit:0.2468, avg mean rank:208.2378, topn:10.
2021-03-06 00:23:49,159 - root - INFO - head hit:0.1386, head mean rank:311.2876, topn:10.
2021-03-06 00:23:49,159 - root - INFO - tail hit:0.3085, tail mean rank:104.6275, topn:10.
2021-03-06 00:23:49,160 - root - INFO - avg hit:0.2235, avg mean rank:207.9575, topn:10.
2021-03-06 00:23:49,160 - root - INFO - Checkpointing ...
2021-03-06 00:25:38,437 - root - INFO - rec train loss:2.1013, kg train loss:10.0104!
2021-03-06 00:25:39,853 - root - INFO - f1:0.2491, p:0.2992, r:0.2939, hit:0.8346, ndcg:0.6691, topn:10.
2021-03-06 00:25:41,225 - root - INFO - f1:0.2719, p:0.4475, r:0.2489, hit:0.9205, ndcg:0.7683, topn:10.
2021-03-06 00:25:41,974 - root - INFO - head hit:0.1183, head mean rank:308.8175, topn:10.
2021-03-06 00:25:41,974 - root - INFO - tail hit:0.3342, tail mean rank:120.8329, topn:10.
2021-03-06 00:25:41,974 - root - INFO - avg hit:0.2262, avg mean rank:214.8252, topn:10.
2021-03-06 00:25:43,047 - root - INFO - head hit:0.1503, head mean rank:304.8078, topn:10.
2021-03-06 00:25:43,048 - root - INFO - tail hit:0.3124, tail mean rank:112.8667, topn:10.
2021-03-06 00:25:43,048 - root - INFO - avg hit:0.2314, avg mean rank:208.8373, topn:10.
2021-03-06 00:25:43,049 - root - INFO - Checkpointing ...
2021-03-06 00:27:32,777 - root - INFO - rec train loss:2.0890, kg train loss:10.1757!
2021-03-06 00:27:34,119 - root - INFO - f1:0.2477, p:0.2989, r:0.2896, hit:0.8293, ndcg:0.6684, topn:10.
2021-03-06 00:27:35,501 - root - INFO - f1:0.2712, p:0.4484, r:0.2468, hit:0.9162, ndcg:0.7689, topn:10.
2021-03-06 00:27:36,236 - root - INFO - head hit:0.1825, head mean rank:306.8458, topn:10.
2021-03-06 00:27:36,237 - root - INFO - tail hit:0.3033, tail mean rank:106.7481, topn:10.
2021-03-06 00:27:36,237 - root - INFO - avg hit:0.2429, avg mean rank:206.7969, topn:10.
2021-03-06 00:27:37,267 - root - INFO - head hit:0.1817, head mean rank:298.7268, topn:10.
2021-03-06 00:27:37,267 - root - INFO - tail hit:0.3163, tail mean rank:117.2078, topn:10.
2021-03-06 00:27:37,267 - root - INFO - avg hit:0.2490, avg mean rank:207.9673, topn:10.
2021-03-06 00:27:37,268 - root - INFO - No improvement after one epoch. Lowering learning rate.
2021-03-06 00:29:26,543 - root - INFO - rec train loss:0.3535, kg train loss:1.7571!
2021-03-06 00:29:27,933 - root - INFO - f1:0.2717, p:0.3260, r:0.3180, hit:0.8452, ndcg:0.6971, topn:10.
2021-03-06 00:29:29,346 - root - INFO - f1:0.2914, p:0.4758, r:0.2661, hit:0.9300, ndcg:0.7850, topn:10.
2021-03-06 00:29:30,049 - root - INFO - head hit:0.2314, head mean rank:277.8946, topn:10.
2021-03-06 00:29:30,050 - root - INFO - tail hit:0.4602, tail mean rank:60.6735, topn:10.
2021-03-06 00:29:30,050 - root - INFO - avg hit:0.3458, avg mean rank:169.2841, topn:10.
2021-03-06 00:29:31,094 - root - INFO - head hit:0.2288, head mean rank:260.2902, topn:10.
2021-03-06 00:29:31,094 - root - INFO - tail hit:0.4889, tail mean rank:60.7007, topn:10.
2021-03-06 00:29:31,094 - root - INFO - avg hit:0.3588, avg mean rank:160.4954, topn:10.
2021-03-06 00:29:31,095 - root - INFO - Checkpointing ...
2021-03-06 00:31:20,840 - root - INFO - rec train loss:0.3322, kg train loss:1.6536!
2021-03-06 00:31:22,230 - root - INFO - f1:0.2808, p:0.3353, r:0.3296, hit:0.8568, ndcg:0.7112, topn:10.
2021-03-06 00:31:23,634 - root - INFO - f1:0.3044, p:0.4924, r:0.2803, hit:0.9353, ndcg:0.8004, topn:10.
2021-03-06 00:31:24,342 - root - INFO - head hit:0.2262, head mean rank:252.5193, topn:10.
2021-03-06 00:31:24,342 - root - INFO - tail hit:0.5064, tail mean rank:53.7326, topn:10.
2021-03-06 00:31:24,342 - root - INFO - avg hit:0.3663, avg mean rank:153.1260, topn:10.
2021-03-06 00:31:25,409 - root - INFO - head hit:0.2235, head mean rank:259.5399, topn:10.
2021-03-06 00:31:25,409 - root - INFO - tail hit:0.5163, tail mean rank:55.5333, topn:10.
2021-03-06 00:31:25,409 - root - INFO - avg hit:0.3699, avg mean rank:157.5366, topn:10.
2021-03-06 00:31:25,410 - root - INFO - Checkpointing ...
2021-03-06 00:33:17,863 - root - INFO - rec train loss:0.3259, kg train loss:1.6445!
2021-03-06 00:33:19,261 - root - INFO - f1:0.2856, p:0.3415, r:0.3352, hit:0.8600, ndcg:0.7130, topn:10.
2021-03-06 00:33:20,621 - root - INFO - f1:0.3066, p:0.4952, r:0.2815, hit:0.9311, ndcg:0.8012, topn:10.
2021-03-06 00:33:21,314 - root - INFO - head hit:0.1979, head mean rank:289.8483, topn:10.
2021-03-06 00:33:21,315 - root - INFO - tail hit:0.4422, tail mean rank:69.1285, topn:10.
2021-03-06 00:33:21,315 - root - INFO - avg hit:0.3201, avg mean rank:179.4884, topn:10.
2021-03-06 00:33:22,437 - root - INFO - head hit:0.2601, head mean rank:258.0000, topn:10.
2021-03-06 00:33:22,438 - root - INFO - tail hit:0.4340, tail mean rank:65.8327, topn:10.
2021-03-06 00:33:22,438 - root - INFO - avg hit:0.3471, avg mean rank:161.9163, topn:10.
2021-03-06 00:33:22,439 - root - INFO - Checkpointing ...
2021-03-06 00:35:12,627 - root - INFO - rec train loss:0.3133, kg train loss:1.6718!
2021-03-06 00:35:13,989 - root - INFO - f1:0.2859, p:0.3434, r:0.3324, hit:0.8526, ndcg:0.7170, topn:10.
2021-03-06 00:35:15,321 - root - INFO - f1:0.3088, p:0.5000, r:0.2830, hit:0.9226, ndcg:0.8053, topn:10.
2021-03-06 00:35:16,045 - root - INFO - head hit:0.1928, head mean rank:288.8920, topn:10.
2021-03-06 00:35:16,045 - root - INFO - tail hit:0.4242, tail mean rank:68.7378, topn:10.
2021-03-06 00:35:16,045 - root - INFO - avg hit:0.3085, avg mean rank:178.8149, topn:10.
2021-03-06 00:35:17,153 - root - INFO - head hit:0.2131, head mean rank:273.9725, topn:10.
2021-03-06 00:35:17,153 - root - INFO - tail hit:0.4222, tail mean rank:68.8392, topn:10.
2021-03-06 00:35:17,153 - root - INFO - avg hit:0.3176, avg mean rank:171.4059, topn:10.
2021-03-06 00:35:17,154 - root - INFO - Checkpointing ...
2021-03-06 00:37:07,717 - root - INFO - rec train loss:0.3319, kg train loss:1.6652!
2021-03-06 00:37:09,109 - root - INFO - f1:0.2969, p:0.3521, r:0.3511, hit:0.8696, ndcg:0.7354, topn:10.
2021-03-06 00:37:10,503 - root - INFO - f1:0.3160, p:0.5093, r:0.2903, hit:0.9374, ndcg:0.8143, topn:10.
2021-03-06 00:37:11,190 - root - INFO - head hit:0.2314, head mean rank:284.5090, topn:10.
2021-03-06 00:37:11,190 - root - INFO - tail hit:0.4653, tail mean rank:48.0103, topn:10.
2021-03-06 00:37:11,190 - root - INFO - avg hit:0.3483, avg mean rank:166.2596, topn:10.
2021-03-06 00:37:12,187 - root - INFO - head hit:0.2444, head mean rank:278.2627, topn:10.
2021-03-06 00:37:12,187 - root - INFO - tail hit:0.5333, tail mean rank:54.6824, topn:10.
2021-03-06 00:37:12,188 - root - INFO - avg hit:0.3889, avg mean rank:166.4725, topn:10.
2021-03-06 00:37:12,188 - root - INFO - Checkpointing ...
2021-03-06 00:39:01,269 - root - INFO - rec train loss:0.3367, kg train loss:1.6800!
2021-03-06 00:39:02,621 - root - INFO - f1:0.2999, p:0.3552, r:0.3536, hit:0.8770, ndcg:0.7401, topn:10.
2021-03-06 00:39:03,970 - root - INFO - f1:0.3192, p:0.5122, r:0.2944, hit:0.9343, ndcg:0.8150, topn:10.
2021-03-06 00:39:04,650 - root - INFO - head hit:0.2005, head mean rank:276.9846, topn:10.
2021-03-06 00:39:04,650 - root - INFO - tail hit:0.4422, tail mean rank:69.1260, topn:10.
2021-03-06 00:39:04,650 - root - INFO - avg hit:0.3213, avg mean rank:173.0553, topn:10.
2021-03-06 00:39:05,651 - root - INFO - head hit:0.2353, head mean rank:263.3948, topn:10.
2021-03-06 00:39:05,652 - root - INFO - tail hit:0.4588, tail mean rank:60.4562, topn:10.
2021-03-06 00:39:05,652 - root - INFO - avg hit:0.3471, avg mean rank:161.9255, topn:10.
2021-03-06 00:39:05,653 - root - INFO - Checkpointing ...
2021-03-06 00:40:56,230 - root - INFO - rec train loss:0.3142, kg train loss:1.6732!
2021-03-06 00:40:57,622 - root - INFO - f1:0.3004, p:0.3565, r:0.3521, hit:0.8717, ndcg:0.7388, topn:10.
2021-03-06 00:40:58,903 - root - INFO - f1:0.3188, p:0.5131, r:0.2918, hit:0.9364, ndcg:0.8226, topn:10.
2021-03-06 00:40:59,614 - root - INFO - head hit:0.2519, head mean rank:264.1260, topn:10.
2021-03-06 00:40:59,615 - root - INFO - tail hit:0.4473, tail mean rank:70.6118, topn:10.
2021-03-06 00:40:59,615 - root - INFO - avg hit:0.3496, avg mean rank:167.3689, topn:10.
2021-03-06 00:41:00,723 - root - INFO - head hit:0.2392, head mean rank:262.7124, topn:10.
2021-03-06 00:41:00,724 - root - INFO - tail hit:0.4405, tail mean rank:70.3673, topn:10.
2021-03-06 00:41:00,724 - root - INFO - avg hit:0.3399, avg mean rank:166.5399, topn:10.
2021-03-06 00:41:00,725 - root - INFO - Checkpointing ...
2021-03-06 00:42:50,716 - root - INFO - rec train loss:0.3299, kg train loss:1.6691!
2021-03-06 00:42:52,148 - root - INFO - f1:0.2978, p:0.3530, r:0.3504, hit:0.8685, ndcg:0.7407, topn:10.
2021-03-06 00:42:53,509 - root - INFO - f1:0.3155, p:0.5087, r:0.2892, hit:0.9300, ndcg:0.8197, topn:10.
2021-03-06 00:42:54,254 - root - INFO - head hit:0.2211, head mean rank:270.2339, topn:10.
2021-03-06 00:42:54,254 - root - INFO - tail hit:0.4781, tail mean rank:58.0051, topn:10.
2021-03-06 00:42:54,254 - root - INFO - avg hit:0.3496, avg mean rank:164.1195, topn:10.
2021-03-06 00:42:55,327 - root - INFO - head hit:0.2392, head mean rank:259.1647, topn:10.
2021-03-06 00:42:55,327 - root - INFO - tail hit:0.4667, tail mean rank:60.7503, topn:10.
2021-03-06 00:42:55,327 - root - INFO - avg hit:0.3529, avg mean rank:159.9575, topn:10.
2021-03-06 00:42:55,328 - root - INFO - No improvement after one epoch. Lowering learning rate.
2021-03-06 00:44:43,167 - root - INFO - rec train loss:0.0396, kg train loss:0.2357!
2021-03-06 00:44:44,549 - root - INFO - f1:0.3111, p:0.3682, r:0.3668, hit:0.8770, ndcg:0.7634, topn:10.
2021-03-06 00:44:45,900 - root - INFO - f1:0.3295, p:0.5275, r:0.3022, hit:0.9279, ndcg:0.8326, topn:10.
2021-03-06 00:44:46,614 - root - INFO - head hit:0.3342, head mean rank:246.5784, topn:10.
2021-03-06 00:44:46,614 - root - INFO - tail hit:0.5990, tail mean rank:30.6170, topn:10.
2021-03-06 00:44:46,615 - root - INFO - avg hit:0.4666, avg mean rank:138.5977, topn:10.
2021-03-06 00:44:47,704 - root - INFO - head hit:0.3373, head mean rank:253.8458, topn:10.
2021-03-06 00:44:47,705 - root - INFO - tail hit:0.6183, tail mean rank:36.3059, topn:10.
2021-03-06 00:44:47,705 - root - INFO - avg hit:0.4778, avg mean rank:145.0758, topn:10.
2021-03-06 00:44:47,706 - root - INFO - Checkpointing ...
2021-03-06 00:46:33,313 - root - INFO - rec train loss:0.0316, kg train loss:0.1999!
2021-03-06 00:46:34,675 - root - INFO - f1:0.3150, p:0.3735, r:0.3682, hit:0.8855, ndcg:0.7750, topn:10.
2021-03-06 00:46:36,038 - root - INFO - f1:0.3323, p:0.5321, r:0.3043, hit:0.9290, ndcg:0.8304, topn:10.
2021-03-06 00:46:36,761 - root - INFO - head hit:0.3470, head mean rank:255.9203, topn:10.
2021-03-06 00:46:36,761 - root - INFO - tail hit:0.6195, tail mean rank:39.5938, topn:10.
2021-03-06 00:46:36,762 - root - INFO - avg hit:0.4833, avg mean rank:147.7571, topn:10.
2021-03-06 00:46:37,778 - root - INFO - head hit:0.3464, head mean rank:257.1869, topn:10.
2021-03-06 00:46:37,778 - root - INFO - tail hit:0.5882, tail mean rank:48.4889, topn:10.
2021-03-06 00:46:37,778 - root - INFO - avg hit:0.4673, avg mean rank:152.8379, topn:10.
2021-03-06 00:46:37,779 - root - INFO - Checkpointing ...
2021-03-06 00:48:23,272 - root - INFO - rec train loss:0.0291, kg train loss:0.1925!
2021-03-06 00:48:24,662 - root - INFO - f1:0.3185, p:0.3769, r:0.3743, hit:0.8823, ndcg:0.7718, topn:10.
2021-03-06 00:48:26,051 - root - INFO - f1:0.3346, p:0.5350, r:0.3059, hit:0.9311, ndcg:0.8391, topn:10.
2021-03-06 00:48:26,697 - root - INFO - head hit:0.3033, head mean rank:255.9332, topn:10.
2021-03-06 00:48:26,698 - root - INFO - tail hit:0.6272, tail mean rank:31.0180, topn:10.
2021-03-06 00:48:26,698 - root - INFO - avg hit:0.4653, avg mean rank:143.4756, topn:10.
2021-03-06 00:48:27,782 - root - INFO - head hit:0.3163, head mean rank:247.2144, topn:10.
2021-03-06 00:48:27,783 - root - INFO - tail hit:0.6275, tail mean rank:35.0889, topn:10.
2021-03-06 00:48:27,783 - root - INFO - avg hit:0.4719, avg mean rank:141.1516, topn:10.
2021-03-06 00:48:27,784 - root - INFO - Checkpointing ...
2021-03-06 00:50:12,631 - root - INFO - rec train loss:0.0305, kg train loss:0.1834!
2021-03-06 00:50:14,049 - root - INFO - f1:0.3201, p:0.3788, r:0.3742, hit:0.8812, ndcg:0.7795, topn:10.
2021-03-06 00:50:15,398 - root - INFO - f1:0.3385, p:0.5402, r:0.3093, hit:0.9332, ndcg:0.8461, topn:10.
2021-03-06 00:50:16,058 - root - INFO - head hit:0.3265, head mean rank:266.2468, topn:10.
2021-03-06 00:50:16,058 - root - INFO - tail hit:0.6787, tail mean rank:27.3985, topn:10.
2021-03-06 00:50:16,058 - root - INFO - avg hit:0.5026, avg mean rank:146.8226, topn:10.
2021-03-06 00:50:17,074 - root - INFO - head hit:0.3516, head mean rank:241.2641, topn:10.
2021-03-06 00:50:17,074 - root - INFO - tail hit:0.6863, tail mean rank:26.4667, topn:10.
2021-03-06 00:50:17,074 - root - INFO - avg hit:0.5190, avg mean rank:133.8654, topn:10.
2021-03-06 00:50:17,075 - root - INFO - Checkpointing ...
2021-03-06 00:52:02,252 - root - INFO - rec train loss:0.0256, kg train loss:0.1964!
2021-03-06 00:52:03,655 - root - INFO - f1:0.3239, p:0.3827, r:0.3799, hit:0.8929, ndcg:0.7894, topn:10.
2021-03-06 00:52:04,957 - root - INFO - f1:0.3395, p:0.5420, r:0.3103, hit:0.9374, ndcg:0.8480, topn:10.
2021-03-06 00:52:05,689 - root - INFO - head hit:0.3213, head mean rank:255.8303, topn:10.
2021-03-06 00:52:05,690 - root - INFO - tail hit:0.6684, tail mean rank:31.4704, topn:10.
2021-03-06 00:52:05,690 - root - INFO - avg hit:0.4949, avg mean rank:143.6504, topn:10.
2021-03-06 00:52:06,776 - root - INFO - head hit:0.3542, head mean rank:244.6013, topn:10.
2021-03-06 00:52:06,776 - root - INFO - tail hit:0.6471, tail mean rank:27.3542, topn:10.
2021-03-06 00:52:06,776 - root - INFO - avg hit:0.5007, avg mean rank:135.9778, topn:10.
2021-03-06 00:52:06,777 - root - INFO - Checkpointing ...
2021-03-06 00:53:52,335 - root - INFO - rec train loss:0.0276, kg train loss:0.1827!
2021-03-06 00:53:53,681 - root - INFO - f1:0.3252, p:0.3839, r:0.3814, hit:0.8876, ndcg:0.7845, topn:10.
2021-03-06 00:53:55,304 - root - INFO - f1:0.3421, p:0.5452, r:0.3124, hit:0.9343, ndcg:0.8479, topn:10.
2021-03-06 00:53:55,958 - root - INFO - head hit:0.3008, head mean rank:245.0463, topn:10.
2021-03-06 00:53:55,958 - root - INFO - tail hit:0.6530, tail mean rank:24.4704, topn:10.
2021-03-06 00:53:55,958 - root - INFO - avg hit:0.4769, avg mean rank:134.7584, topn:10.
2021-03-06 00:53:57,071 - root - INFO - head hit:0.2928, head mean rank:233.4157, topn:10.
2021-03-06 00:53:57,071 - root - INFO - tail hit:0.6366, tail mean rank:26.6627, topn:10.
2021-03-06 00:53:57,072 - root - INFO - avg hit:0.4647, avg mean rank:130.0392, topn:10.
2021-03-06 00:53:57,073 - root - INFO - Checkpointing ...
2021-03-06 00:55:42,695 - root - INFO - rec train loss:0.0258, kg train loss:0.1849!
2021-03-06 00:55:43,986 - root - INFO - f1:0.3287, p:0.3876, r:0.3876, hit:0.8971, ndcg:0.7969, topn:10.
2021-03-06 00:55:45,372 - root - INFO - f1:0.3447, p:0.5480, r:0.3152, hit:0.9343, ndcg:0.8512, topn:10.
2021-03-06 00:55:46,092 - root - INFO - head hit:0.3033, head mean rank:251.3522, topn:10.
2021-03-06 00:55:46,092 - root - INFO - tail hit:0.6555, tail mean rank:25.3573, topn:10.
2021-03-06 00:55:46,092 - root - INFO - avg hit:0.4794, avg mean rank:138.3548, topn:10.
2021-03-06 00:55:47,154 - root - INFO - head hit:0.3425, head mean rank:258.3399, topn:10.
2021-03-06 00:55:47,154 - root - INFO - tail hit:0.6458, tail mean rank:27.0092, topn:10.
2021-03-06 00:55:47,155 - root - INFO - avg hit:0.4941, avg mean rank:142.6745, topn:10.
2021-03-06 00:55:47,156 - root - INFO - Checkpointing ...
2021-03-06 00:57:32,936 - root - INFO - rec train loss:0.0279, kg train loss:0.1818!
2021-03-06 00:57:34,321 - root - INFO - f1:0.3277, p:0.3863, r:0.3846, hit:0.8950, ndcg:0.7947, topn:10.
2021-03-06 00:57:35,686 - root - INFO - f1:0.3490, p:0.5530, r:0.3202, hit:0.9364, ndcg:0.8546, topn:10.
2021-03-06 00:57:36,406 - root - INFO - head hit:0.3470, head mean rank:232.0668, topn:10.
2021-03-06 00:57:36,406 - root - INFO - tail hit:0.6478, tail mean rank:29.1285, topn:10.
2021-03-06 00:57:36,406 - root - INFO - avg hit:0.4974, avg mean rank:130.5977, topn:10.
2021-03-06 00:57:37,457 - root - INFO - head hit:0.3412, head mean rank:239.8314, topn:10.
2021-03-06 00:57:37,457 - root - INFO - tail hit:0.6667, tail mean rank:28.9111, topn:10.
2021-03-06 00:57:37,457 - root - INFO - avg hit:0.5039, avg mean rank:134.3712, topn:10.
2021-03-06 00:57:37,458 - root - INFO - No improvement after one epoch. Lowering learning rate.
2021-03-06 00:59:22,972 - root - INFO - rec train loss:0.0064, kg train loss:0.0461!
2021-03-06 00:59:24,321 - root - INFO - f1:0.3344, p:0.3934, r:0.3929, hit:0.8940, ndcg:0.8012, topn:10.
2021-03-06 00:59:25,739 - root - INFO - f1:0.3525, p:0.5575, r:0.3235, hit:0.9374, ndcg:0.8602, topn:10.
2021-03-06 00:59:26,455 - root - INFO - head hit:0.3470, head mean rank:225.7738, topn:10.
2021-03-06 00:59:26,455 - root - INFO - tail hit:0.7249, tail mean rank:17.7609, topn:10.
2021-03-06 00:59:26,455 - root - INFO - avg hit:0.5360, avg mean rank:121.7674, topn:10.
2021-03-06 00:59:27,516 - root - INFO - head hit:0.3804, head mean rank:225.3935, topn:10.
2021-03-06 00:59:27,516 - root - INFO - tail hit:0.6928, tail mean rank:19.7856, topn:10.
2021-03-06 00:59:27,516 - root - INFO - avg hit:0.5366, avg mean rank:122.5895, topn:10.
2021-03-06 00:59:27,516 - root - INFO - Checkpointing ...
2021-03-06 01:01:13,090 - root - INFO - rec train loss:0.0042, kg train loss:0.0387!
2021-03-06 01:01:14,365 - root - INFO - f1:0.3347, p:0.3944, r:0.3927, hit:0.8971, ndcg:0.8067, topn:10.
2021-03-06 01:01:15,680 - root - INFO - f1:0.3527, p:0.5589, r:0.3228, hit:0.9364, ndcg:0.8620, topn:10.
2021-03-06 01:01:16,450 - root - INFO - head hit:0.4087, head mean rank:243.7404, topn:10.
2021-03-06 01:01:16,450 - root - INFO - tail hit:0.7661, tail mean rank:16.6247, topn:10.
2021-03-06 01:01:16,451 - root - INFO - avg hit:0.5874, avg mean rank:130.1825, topn:10.
2021-03-06 01:01:17,491 - root - INFO - head hit:0.4092, head mean rank:224.2301, topn:10.
2021-03-06 01:01:17,492 - root - INFO - tail hit:0.7490, tail mean rank:18.6026, topn:10.
2021-03-06 01:01:17,492 - root - INFO - avg hit:0.5791, avg mean rank:121.4163, topn:10.
2021-03-06 01:01:17,493 - root - INFO - Checkpointing ...
2021-03-06 01:03:03,214 - root - INFO - rec train loss:0.0037, kg train loss:0.0374!
2021-03-06 01:03:04,660 - root - INFO - f1:0.3373, p:0.3969, r:0.3963, hit:0.8929, ndcg:0.8070, topn:10.
2021-03-06 01:03:05,945 - root - INFO - f1:0.3582, p:0.5647, r:0.3289, hit:0.9364, ndcg:0.8638, topn:10.
2021-03-06 01:03:06,604 - root - INFO - head hit:0.3830, head mean rank:246.4961, topn:10.
2021-03-06 01:03:06,604 - root - INFO - tail hit:0.7249, tail mean rank:18.9537, topn:10.
2021-03-06 01:03:06,605 - root - INFO - avg hit:0.5540, avg mean rank:132.7249, topn:10.
2021-03-06 01:03:07,587 - root - INFO - head hit:0.4170, head mean rank:227.4889, topn:10.
2021-03-06 01:03:07,587 - root - INFO - tail hit:0.7346, tail mean rank:19.1490, topn:10.
2021-03-06 01:03:07,587 - root - INFO - avg hit:0.5758, avg mean rank:123.3190, topn:10.
2021-03-06 01:03:07,588 - root - INFO - Checkpointing ...
2021-03-06 01:04:53,406 - root - INFO - rec train loss:0.0042, kg train loss:0.0325!
2021-03-06 01:04:54,754 - root - INFO - f1:0.3366, p:0.3959, r:0.3950, hit:0.8971, ndcg:0.8070, topn:10.
2021-03-06 01:04:56,117 - root - INFO - f1:0.3569, p:0.5636, r:0.3274, hit:0.9364, ndcg:0.8603, topn:10.
2021-03-06 01:04:56,827 - root - INFO - head hit:0.3393, head mean rank:250.2982, topn:10.
2021-03-06 01:04:56,827 - root - INFO - tail hit:0.7686, tail mean rank:12.8226, topn:10.
2021-03-06 01:04:56,827 - root - INFO - avg hit:0.5540, avg mean rank:131.5604, topn:10.
2021-03-06 01:04:57,886 - root - INFO - head hit:0.3712, head mean rank:227.4471, topn:10.
2021-03-06 01:04:57,886 - root - INFO - tail hit:0.7765, tail mean rank:14.3634, topn:10.
2021-03-06 01:04:57,887 - root - INFO - avg hit:0.5739, avg mean rank:120.9052, topn:10.
2021-03-06 01:04:57,888 - root - INFO - No improvement after one epoch. Lowering learning rate.
2021-03-06 01:06:43,853 - root - INFO - rec train loss:0.0011, kg train loss:0.0094!
2021-03-06 01:06:45,238 - root - INFO - f1:0.3422, p:0.4024, r:0.4019, hit:0.8971, ndcg:0.8146, topn:10.
2021-03-06 01:06:46,573 - root - INFO - f1:0.3596, p:0.5673, r:0.3292, hit:0.9374, ndcg:0.8645, topn:10.
2021-03-06 01:06:47,264 - root - INFO - head hit:0.3779, head mean rank:242.9537, topn:10.
2021-03-06 01:06:47,264 - root - INFO - tail hit:0.7712, tail mean rank:12.8895, topn:10.
2021-03-06 01:06:47,265 - root - INFO - avg hit:0.5746, avg mean rank:127.9216, topn:10.
2021-03-06 01:06:48,344 - root - INFO - head hit:0.4209, head mean rank:216.6431, topn:10.
2021-03-06 01:06:48,344 - root - INFO - tail hit:0.7895, tail mean rank:14.4993, topn:10.
2021-03-06 01:06:48,344 - root - INFO - avg hit:0.6052, avg mean rank:115.5712, topn:10.
2021-03-06 01:06:48,345 - root - INFO - Checkpointing ...
2021-03-06 01:08:33,215 - root - INFO - rec train loss:0.0007, kg train loss:0.0086!
2021-03-06 01:08:34,404 - root - INFO - f1:0.3442, p:0.4042, r:0.4042, hit:0.9003, ndcg:0.8158, topn:10.
2021-03-06 01:08:35,691 - root - INFO - f1:0.3611, p:0.5691, r:0.3306, hit:0.9364, ndcg:0.8684, topn:10.
2021-03-06 01:08:36,264 - root - INFO - head hit:0.3830, head mean rank:244.5604, topn:10.
2021-03-06 01:08:36,265 - root - INFO - tail hit:0.7763, tail mean rank:13.0180, topn:10.
2021-03-06 01:08:36,265 - root - INFO - avg hit:0.5797, avg mean rank:128.7892, topn:10.
2021-03-06 01:08:37,224 - root - INFO - head hit:0.4170, head mean rank:216.9412, topn:10.
2021-03-06 01:08:37,224 - root - INFO - tail hit:0.7948, tail mean rank:13.4458, topn:10.
2021-03-06 01:08:37,224 - root - INFO - avg hit:0.6059, avg mean rank:115.1935, topn:10.
2021-03-06 01:08:37,225 - root - INFO - Checkpointing ...
2021-03-06 01:10:22,965 - root - INFO - rec train loss:0.0007, kg train loss:0.0122!
2021-03-06 01:10:24,358 - root - INFO - f1:0.3458, p:0.4062, r:0.4066, hit:0.9014, ndcg:0.8217, topn:10.
2021-03-06 01:10:25,733 - root - INFO - f1:0.3619, p:0.5701, r:0.3314, hit:0.9374, ndcg:0.8704, topn:10.
2021-03-06 01:10:26,462 - root - INFO - head hit:0.3805, head mean rank:248.0925, topn:10.
2021-03-06 01:10:26,463 - root - INFO - tail hit:0.7943, tail mean rank:13.3830, topn:10.
2021-03-06 01:10:26,463 - root - INFO - avg hit:0.5874, avg mean rank:130.7378, topn:10.
2021-03-06 01:10:27,455 - root - INFO - head hit:0.4052, head mean rank:216.7529, topn:10.
2021-03-06 01:10:27,455 - root - INFO - tail hit:0.8039, tail mean rank:11.9542, topn:10.
2021-03-06 01:10:27,455 - root - INFO - avg hit:0.6046, avg mean rank:114.3536, topn:10.
2021-03-06 01:10:27,456 - root - INFO - Checkpointing ...
2021-03-06 01:12:13,144 - root - INFO - rec train loss:0.0005, kg train loss:0.0077!
2021-03-06 01:12:14,532 - root - INFO - f1:0.3470, p:0.4075, r:0.4073, hit:0.9014, ndcg:0.8210, topn:10.
2021-03-06 01:12:15,847 - root - INFO - f1:0.3623, p:0.5709, r:0.3316, hit:0.9364, ndcg:0.8684, topn:10.
2021-03-06 01:12:16,513 - root - INFO - head hit:0.3830, head mean rank:240.4987, topn:10.
2021-03-06 01:12:16,513 - root - INFO - tail hit:0.8021, tail mean rank:11.1414, topn:10.
2021-03-06 01:12:16,513 - root - INFO - avg hit:0.5925, avg mean rank:125.8201, topn:10.
2021-03-06 01:12:17,576 - root - INFO - head hit:0.4078, head mean rank:213.9425, topn:10.
2021-03-06 01:12:17,576 - root - INFO - tail hit:0.8118, tail mean rank:10.6824, topn:10.
2021-03-06 01:12:17,576 - root - INFO - avg hit:0.6098, avg mean rank:112.3124, topn:10.
2021-03-06 01:12:17,577 - root - INFO - Checkpointing ...
2021-03-06 01:14:02,940 - root - INFO - rec train loss:0.0006, kg train loss:0.0091!
2021-03-06 01:14:04,345 - root - INFO - f1:0.3504, p:0.4107, r:0.4126, hit:0.9067, ndcg:0.8213, topn:10.
2021-03-06 01:14:05,744 - root - INFO - f1:0.3646, p:0.5736, r:0.3338, hit:0.9364, ndcg:0.8698, topn:10.
2021-03-06 01:14:06,506 - root - INFO - head hit:0.4087, head mean rank:235.6838, topn:10.
2021-03-06 01:14:06,506 - root - INFO - tail hit:0.8046, tail mean rank:9.5527, topn:10.
2021-03-06 01:14:06,506 - root - INFO - avg hit:0.6067, avg mean rank:122.6183, topn:10.
2021-03-06 01:14:07,470 - root - INFO - head hit:0.4275, head mean rank:217.8889, topn:10.
2021-03-06 01:14:07,470 - root - INFO - tail hit:0.8131, tail mean rank:9.7660, topn:10.
2021-03-06 01:14:07,470 - root - INFO - avg hit:0.6203, avg mean rank:113.8275, topn:10.
2021-03-06 01:14:07,471 - root - INFO - Checkpointing ...
2021-03-06 01:15:52,700 - root - INFO - rec train loss:0.0008, kg train loss:0.0074!
2021-03-06 01:15:54,298 - root - INFO - f1:0.3480, p:0.4087, r:0.4079, hit:0.9003, ndcg:0.8239, topn:10.
2021-03-06 01:15:55,687 - root - INFO - f1:0.3653, p:0.5747, r:0.3342, hit:0.9406, ndcg:0.8721, topn:10.
2021-03-06 01:15:56,393 - root - INFO - head hit:0.3985, head mean rank:235.7095, topn:10.
2021-03-06 01:15:56,393 - root - INFO - tail hit:0.8072, tail mean rank:10.8843, topn:10.
2021-03-06 01:15:56,394 - root - INFO - avg hit:0.6028, avg mean rank:123.2969, topn:10.
2021-03-06 01:15:57,395 - root - INFO - head hit:0.4222, head mean rank:215.6170, topn:10.
2021-03-06 01:15:57,396 - root - INFO - tail hit:0.8196, tail mean rank:10.7752, topn:10.
2021-03-06 01:15:57,396 - root - INFO - avg hit:0.6209, avg mean rank:113.1961, topn:10.
2021-03-06 01:15:57,397 - root - INFO - No improvement after one epoch. Lowering learning rate.
2021-03-06 01:17:42,560 - root - INFO - rec train loss:0.0003, kg train loss:0.0035!
2021-03-06 01:17:43,974 - root - INFO - f1:0.3498, p:0.4110, r:0.4097, hit:0.9003, ndcg:0.8237, topn:10.
2021-03-06 01:17:45,372 - root - INFO - f1:0.3671, p:0.5771, r:0.3358, hit:0.9385, ndcg:0.8740, topn:10.
2021-03-06 01:17:45,999 - root - INFO - head hit:0.3830, head mean rank:238.1722, topn:10.
2021-03-06 01:17:45,999 - root - INFO - tail hit:0.8175, tail mean rank:9.0874, topn:10.
2021-03-06 01:17:45,999 - root - INFO - avg hit:0.6003, avg mean rank:123.6298, topn:10.
2021-03-06 01:17:46,977 - root - INFO - head hit:0.4275, head mean rank:219.2444, topn:10.
2021-03-06 01:17:46,977 - root - INFO - tail hit:0.8235, tail mean rank:9.0314, topn:10.
2021-03-06 01:17:46,977 - root - INFO - avg hit:0.6255, avg mean rank:114.1379, topn:10.
2021-03-06 01:17:46,978 - root - INFO - No improvement after one epoch. Lowering learning rate.
2021-03-06 01:19:32,394 - root - INFO - rec train loss:0.0002, kg train loss:0.0011!
2021-03-06 01:19:33,742 - root - INFO - f1:0.3501, p:0.4110, r:0.4098, hit:0.9014, ndcg:0.8248, topn:10.
2021-03-06 01:19:35,060 - root - INFO - f1:0.3670, p:0.5769, r:0.3362, hit:0.9396, ndcg:0.8741, topn:10.
2021-03-06 01:19:35,654 - root - INFO - head hit:0.3907, head mean rank:238.6838, topn:10.
2021-03-06 01:19:35,654 - root - INFO - tail hit:0.8201, tail mean rank:9.1620, topn:10.
2021-03-06 01:19:35,654 - root - INFO - avg hit:0.6054, avg mean rank:123.9229, topn:10.
2021-03-06 01:19:36,514 - root - INFO - head hit:0.4431, head mean rank:216.3595, topn:10.
2021-03-06 01:19:36,515 - root - INFO - tail hit:0.8248, tail mean rank:9.1359, topn:10.
2021-03-06 01:19:36,515 - root - INFO - avg hit:0.6340, avg mean rank:112.7477, topn:10.
2021-03-06 01:19:36,515 - root - INFO - No improvement after one epoch. Lowering learning rate.
2021-03-06 01:21:21,892 - root - INFO - rec train loss:0.0000, kg train loss:0.0001!
2021-03-06 01:21:23,272 - root - INFO - f1:0.3509, p:0.4120, r:0.4103, hit:0.9003, ndcg:0.8255, topn:10.
2021-03-06 01:21:24,552 - root - INFO - f1:0.3665, p:0.5765, r:0.3352, hit:0.9385, ndcg:0.8748, topn:10.
2021-03-06 01:21:25,223 - root - INFO - head hit:0.3882, head mean rank:238.4910, topn:10.
2021-03-06 01:21:25,223 - root - INFO - tail hit:0.8201, tail mean rank:9.1080, topn:10.
2021-03-06 01:21:25,223 - root - INFO - avg hit:0.6041, avg mean rank:123.7995, topn:10.
2021-03-06 01:21:26,302 - root - INFO - head hit:0.4418, head mean rank:216.1451, topn:10.
2021-03-06 01:21:26,302 - root - INFO - tail hit:0.8235, tail mean rank:9.2209, topn:10.
2021-03-06 01:21:26,303 - root - INFO - avg hit:0.6327, avg mean rank:112.6830, topn:10.
2021-03-06 01:21:26,304 - root - INFO - Checkpointing ...
2021-03-06 01:23:12,026 - root - INFO - rec train loss:0.0001, kg train loss:0.0003!
2021-03-06 01:23:13,411 - root - INFO - f1:0.3509, p:0.4120, r:0.4104, hit:0.9003, ndcg:0.8263, topn:10.
2021-03-06 01:23:14,705 - root - INFO - f1:0.3672, p:0.5773, r:0.3360, hit:0.9406, ndcg:0.8765, topn:10.
2021-03-06 01:23:15,417 - root - INFO - head hit:0.3856, head mean rank:238.8638, topn:10.
2021-03-06 01:23:15,418 - root - INFO - tail hit:0.8201, tail mean rank:9.0411, topn:10.
2021-03-06 01:23:15,418 - root - INFO - avg hit:0.6028, avg mean rank:123.9524, topn:10.
2021-03-06 01:23:16,452 - root - INFO - head hit:0.4458, head mean rank:216.8588, topn:10.
2021-03-06 01:23:16,453 - root - INFO - tail hit:0.8248, tail mean rank:9.0980, topn:10.
2021-03-06 01:23:16,453 - root - INFO - avg hit:0.6353, avg mean rank:112.9784, topn:10.
2021-03-06 01:23:16,454 - root - INFO - Checkpointing ...
2021-03-06 01:25:01,768 - root - INFO - rec train loss:0.0000, kg train loss:0.0000!
2021-03-06 01:25:03,124 - root - INFO - f1:0.3515, p:0.4125, r:0.4106, hit:0.9003, ndcg:0.8270, topn:10.
2021-03-06 01:25:04,529 - root - INFO - f1:0.3674, p:0.5774, r:0.3365, hit:0.9406, ndcg:0.8765, topn:10.
2021-03-06 01:25:05,282 - root - INFO - head hit:0.3882, head mean rank:239.3085, topn:10.
2021-03-06 01:25:05,283 - root - INFO - tail hit:0.8175, tail mean rank:9.0771, topn:10.
2021-03-06 01:25:05,283 - root - INFO - avg hit:0.6028, avg mean rank:124.1928, topn:10.
2021-03-06 01:25:06,317 - root - INFO - head hit:0.4418, head mean rank:217.1399, topn:10.
2021-03-06 01:25:06,317 - root - INFO - tail hit:0.8209, tail mean rank:9.1072, topn:10.
2021-03-06 01:25:06,317 - root - INFO - avg hit:0.6314, avg mean rank:113.1235, topn:10.
2021-03-06 01:25:06,318 - root - INFO - Checkpointing ...
2021-03-06 01:26:52,204 - root - INFO - rec train loss:0.0000, kg train loss:0.0002!
2021-03-06 01:26:53,531 - root - INFO - f1:0.3520, p:0.4130, r:0.4124, hit:0.9035, ndcg:0.8293, topn:10.
2021-03-06 01:26:54,954 - root - INFO - f1:0.3676, p:0.5778, r:0.3364, hit:0.9406, ndcg:0.8769, topn:10.
2021-03-06 01:26:55,643 - root - INFO - head hit:0.3882, head mean rank:239.8843, topn:10.
2021-03-06 01:26:55,643 - root - INFO - tail hit:0.8123, tail mean rank:9.2596, topn:10.
2021-03-06 01:26:55,643 - root - INFO - avg hit:0.6003, avg mean rank:124.5720, topn:10.
2021-03-06 01:26:56,634 - root - INFO - head hit:0.4392, head mean rank:217.6915, topn:10.
2021-03-06 01:26:56,634 - root - INFO - tail hit:0.8170, tail mean rank:9.0941, topn:10.
2021-03-06 01:26:56,634 - root - INFO - avg hit:0.6281, avg mean rank:113.3928, topn:10.
2021-03-06 01:26:56,635 - root - INFO - Checkpointing ...
2021-03-06 01:28:42,070 - root - INFO - rec train loss:0.0000, kg train loss:0.0000!
2021-03-06 01:28:43,466 - root - INFO - f1:0.3513, p:0.4122, r:0.4121, hit:0.9035, ndcg:0.8296, topn:10.
2021-03-06 01:28:44,877 - root - INFO - f1:0.3677, p:0.5778, r:0.3367, hit:0.9417, ndcg:0.8776, topn:10.
2021-03-06 01:28:45,612 - root - INFO - head hit:0.3933, head mean rank:239.9357, topn:10.
2021-03-06 01:28:45,612 - root - INFO - tail hit:0.8123, tail mean rank:9.2031, topn:10.
2021-03-06 01:28:45,613 - root - INFO - avg hit:0.6028, avg mean rank:124.5694, topn:10.
2021-03-06 01:28:46,687 - root - INFO - head hit:0.4418, head mean rank:218.0732, topn:10.
2021-03-06 01:28:46,687 - root - INFO - tail hit:0.8183, tail mean rank:8.9961, topn:10.
2021-03-06 01:28:46,688 - root - INFO - avg hit:0.6301, avg mean rank:113.5346, topn:10.
2021-03-06 01:28:46,689 - root - INFO - No improvement after one epoch. Lowering learning rate.
2021-03-06 01:30:32,158 - root - INFO - rec train loss:0.0000, kg train loss:0.0000!
2021-03-06 01:30:33,471 - root - INFO - f1:0.3526, p:0.4137, r:0.4128, hit:0.9024, ndcg:0.8284, topn:10.
2021-03-06 01:30:34,869 - root - INFO - f1:0.3684, p:0.5786, r:0.3374, hit:0.9417, ndcg:0.8774, topn:10.
2021-03-06 01:30:35,575 - root - INFO - head hit:0.3882, head mean rank:240.2494, topn:10.
2021-03-06 01:30:35,576 - root - INFO - tail hit:0.8123, tail mean rank:9.2185, topn:10.
2021-03-06 01:30:35,576 - root - INFO - avg hit:0.6003, avg mean rank:124.7339, topn:10.
2021-03-06 01:30:36,632 - root - INFO - head hit:0.4366, head mean rank:218.3660, topn:10.
2021-03-06 01:30:36,633 - root - INFO - tail hit:0.8183, tail mean rank:9.0301, topn:10.
2021-03-06 01:30:36,633 - root - INFO - avg hit:0.6275, avg mean rank:113.6980, topn:10.
2021-03-06 01:30:36,634 - root - INFO - Checkpointing ...
2021-03-06 01:32:22,109 - root - INFO - rec train loss:0.0000, kg train loss:0.0000!
2021-03-06 01:32:23,434 - root - INFO - f1:0.3527, p:0.4137, r:0.4132, hit:0.9024, ndcg:0.8287, topn:10.
2021-03-06 01:32:24,774 - root - INFO - f1:0.3685, p:0.5788, r:0.3375, hit:0.9417, ndcg:0.8771, topn:10.
2021-03-06 01:32:25,531 - root - INFO - head hit:0.3907, head mean rank:240.8226, topn:10.
2021-03-06 01:32:25,531 - root - INFO - tail hit:0.8098, tail mean rank:9.2494, topn:10.
2021-03-06 01:32:25,531 - root - INFO - avg hit:0.6003, avg mean rank:125.0360, topn:10.
2021-03-06 01:32:26,534 - root - INFO - head hit:0.4405, head mean rank:218.4536, topn:10.
2021-03-06 01:32:26,534 - root - INFO - tail hit:0.8196, tail mean rank:9.0092, topn:10.
2021-03-06 01:32:26,534 - root - INFO - avg hit:0.6301, avg mean rank:113.7314, topn:10.
2021-03-06 01:32:26,535 - root - INFO - Checkpointing ...
2021-03-06 01:34:12,440 - root - INFO - rec train loss:0.0000, kg train loss:0.0001!
2021-03-06 01:34:13,843 - root - INFO - f1:0.3528, p:0.4139, r:0.4138, hit:0.9035, ndcg:0.8299, topn:10.
2021-03-06 01:34:15,276 - root - INFO - f1:0.3689, p:0.5792, r:0.3379, hit:0.9417, ndcg:0.8771, topn:10.
2021-03-06 01:34:15,993 - root - INFO - head hit:0.3933, head mean rank:240.6915, topn:10.
2021-03-06 01:34:15,994 - root - INFO - tail hit:0.8072, tail mean rank:9.2853, topn:10.
2021-03-06 01:34:15,994 - root - INFO - avg hit:0.6003, avg mean rank:124.9884, topn:10.
2021-03-06 01:34:17,040 - root - INFO - head hit:0.4444, head mean rank:218.6601, topn:10.
2021-03-06 01:34:17,041 - root - INFO - tail hit:0.8196, tail mean rank:9.0275, topn:10.
2021-03-06 01:34:17,041 - root - INFO - avg hit:0.6320, avg mean rank:113.8438, topn:10.
2021-03-06 01:34:17,042 - root - INFO - Checkpointing ...
2021-03-06 01:36:03,201 - root - INFO - rec train loss:0.0001, kg train loss:0.0001!
2021-03-06 01:36:04,532 - root - INFO - f1:0.3525, p:0.4136, r:0.4135, hit:0.9046, ndcg:0.8308, topn:10.
2021-03-06 01:36:06,143 - root - INFO - f1:0.3692, p:0.5796, r:0.3382, hit:0.9406, ndcg:0.8767, topn:10.
2021-03-06 01:36:06,823 - root - INFO - head hit:0.3907, head mean rank:240.4679, topn:10.
2021-03-06 01:36:06,824 - root - INFO - tail hit:0.8123, tail mean rank:9.1825, topn:10.
2021-03-06 01:36:06,824 - root - INFO - avg hit:0.6015, avg mean rank:124.8252, topn:10.
2021-03-06 01:36:07,909 - root - INFO - head hit:0.4418, head mean rank:218.3765, topn:10.
2021-03-06 01:36:07,909 - root - INFO - tail hit:0.8209, tail mean rank:8.9882, topn:10.
2021-03-06 01:36:07,909 - root - INFO - avg hit:0.6314, avg mean rank:113.6824, topn:10.
2021-03-06 01:36:07,910 - root - INFO - No improvement after one epoch. Lowering learning rate.
2021-03-06 01:37:53,218 - root - INFO - rec train loss:0.0000, kg train loss:0.0001!
2021-03-06 01:37:54,624 - root - INFO - f1:0.3524, p:0.4135, r:0.4134, hit:0.9046, ndcg:0.8308, topn:10.
2021-03-06 01:37:55,935 - root - INFO - f1:0.3696, p:0.5799, r:0.3386, hit:0.9417, ndcg:0.8767, topn:10.
2021-03-06 01:37:56,656 - root - INFO - head hit:0.3933, head mean rank:240.8021, topn:10.
2021-03-06 01:37:56,656 - root - INFO - tail hit:0.8123, tail mean rank:9.1877, topn:10.
2021-03-06 01:37:56,656 - root - INFO - avg hit:0.6028, avg mean rank:124.9949, topn:10.
2021-03-06 01:37:57,653 - root - INFO - head hit:0.4418, head mean rank:218.5804, topn:10.
2021-03-06 01:37:57,653 - root - INFO - tail hit:0.8209, tail mean rank:8.9007, topn:10.
2021-03-06 01:37:57,653 - root - INFO - avg hit:0.6314, avg mean rank:113.7405, topn:10.
2021-03-06 01:37:57,654 - root - INFO - No improvement after one epoch. Lowering learning rate.
2021-03-06 01:39:42,991 - root - INFO - rec train loss:0.0000, kg train loss:0.0000!
2021-03-06 01:39:44,335 - root - INFO - f1:0.3519, p:0.4131, r:0.4117, hit:0.9024, ndcg:0.8305, topn:10.
2021-03-06 01:39:45,650 - root - INFO - f1:0.3693, p:0.5795, r:0.3383, hit:0.9417, ndcg:0.8769, topn:10.
2021-03-06 01:39:46,368 - root - INFO - head hit:0.3959, head mean rank:240.7198, topn:10.
2021-03-06 01:39:46,368 - root - INFO - tail hit:0.8123, tail mean rank:9.1517, topn:10.
2021-03-06 01:39:46,369 - root - INFO - avg hit:0.6041, avg mean rank:124.9357, topn:10.
2021-03-06 01:39:47,451 - root - INFO - head hit:0.4405, head mean rank:218.5556, topn:10.
2021-03-06 01:39:47,451 - root - INFO - tail hit:0.8209, tail mean rank:8.8614, topn:10.
2021-03-06 01:39:47,452 - root - INFO - avg hit:0.6307, avg mean rank:113.7085, topn:10.
2021-03-06 01:39:47,452 - root - INFO - No improvement after one epoch. Lowering learning rate.
2021-03-06 01:41:32,862 - root - INFO - rec train loss:0.0000, kg train loss:0.0000!
2021-03-06 01:41:34,306 - root - INFO - f1:0.3522, p:0.4134, r:0.4124, hit:0.9035, ndcg:0.8305, topn:10.
2021-03-06 01:41:35,629 - root - INFO - f1:0.3693, p:0.5795, r:0.3383, hit:0.9417, ndcg:0.8769, topn:10.
2021-03-06 01:41:36,371 - root - INFO - head hit:0.3959, head mean rank:240.6195, topn:10.
2021-03-06 01:41:36,371 - root - INFO - tail hit:0.8123, tail mean rank:9.1542, topn:10.
2021-03-06 01:41:36,371 - root - INFO - avg hit:0.6041, avg mean rank:124.8869, topn:10.
2021-03-06 01:41:37,360 - root - INFO - head hit:0.4418, head mean rank:218.5686, topn:10.
2021-03-06 01:41:37,360 - root - INFO - tail hit:0.8209, tail mean rank:8.8719, topn:10.
2021-03-06 01:41:37,361 - root - INFO - avg hit:0.6314, avg mean rank:113.7203, topn:10.
2021-03-06 01:41:37,361 - root - INFO - No improvement after one epoch. Lowering learning rate.
2021-03-06 01:43:22,573 - root - INFO - rec train loss:0.0000, kg train loss:0.0000!
2021-03-06 01:43:23,977 - root - INFO - f1:0.3522, p:0.4134, r:0.4124, hit:0.9035, ndcg:0.8304, topn:10.
2021-03-06 01:43:25,338 - root - INFO - f1:0.3693, p:0.5795, r:0.3383, hit:0.9417, ndcg:0.8769, topn:10.
2021-03-06 01:43:26,064 - root - INFO - head hit:0.3959, head mean rank:240.6375, topn:10.
2021-03-06 01:43:26,065 - root - INFO - tail hit:0.8123, tail mean rank:9.1517, topn:10.
2021-03-06 01:43:26,065 - root - INFO - avg hit:0.6041, avg mean rank:124.8946, topn:10.
2021-03-06 01:43:27,098 - root - INFO - head hit:0.4418, head mean rank:218.6275, topn:10.
2021-03-06 01:43:27,098 - root - INFO - tail hit:0.8209, tail mean rank:8.8641, topn:10.
2021-03-06 01:43:27,098 - root - INFO - avg hit:0.6314, avg mean rank:113.7458, topn:10.
2021-03-06 01:43:27,099 - root - INFO - No improvement after one epoch. Lowering learning rate.
2021-03-06 01:43:27,140 - root - INFO - No improvement after 51960 steps. Stopping training.
2021-03-06 01:43:28,845 - root - INFO - From CaseRecommender evaluator: {'PREC@10': 0.413362, 'RECALL@10': 0.412361, 'NDCG@10': 0.830371, 'MAP@10': 0.792475, 'MAP': 0.792475}.
2021-03-06 01:43:29,029 - root - INFO - From kg-summ-rec diversity evaluator: {'GENRE_COVERAGE@10': 0.470705, 'GENRE_REDUNDANCY@10': 0.437423, 'ILD_GENRE@10': 0.809235}.
2021-03-06 01:43:30,789 - root - INFO - From CaseRecommender evaluator: {'PREC@10': 0.579533, 'RECALL@10': 0.338259, 'NDCG@10': 0.876878, 'MAP@10': 0.842764, 'MAP': 0.842764}.
2021-03-06 01:43:30,996 - root - INFO - From kg-summ-rec diversity evaluator: {'GENRE_COVERAGE@10': 0.461603, 'GENRE_REDUNDANCY@10': 0.42833, 'ILD_GENRE@10': 0.803509}.
