2021-03-05 19:26:30,792 - root - INFO - Flag Values:
{
    "L1_flag": false,
    "batch_size": 256,
    "ckpt_path": "/home/juarez/git/results/JIIS-revised-exp1/ml-sun_ho_sfKG_ig-mv-complex-25/",
    "clipping_max_value": 5.0,
    "data_path": "/home/juarez/git/datasets/JIIS-revised-exp1/ml-sun_ho_sfKG_ig-mv-complex-25/cao-format/",
    "dataset": "ml1m",
    "early_stopping_steps_to_wait": 1331,
    "embedding_size": 100,
    "eval_interval_steps": 266,
    "eval_only_mode": false,
    "experiment_name": "ml1m-bprmf-1614983190",
    "filter_wrong_corrupted": true,
    "has_visualization": false,
    "is_report": false,
    "joint_ratio": 0.5,
    "kg_lambda": 1.0,
    "kg_test_files": null,
    "l2_lambda": 1e-05,
    "learning_rate": 0.005,
    "learning_rate_decay_when_no_progress": 0.5,
    "load_ckpt_file": null,
    "load_experiment_name": null,
    "log_level": "debug",
    "log_path": "/home/juarez/git/results/JIIS-revised-exp1/ml-sun_ho_sfKG_ig-mv-complex-25/",
    "margin": 1.0,
    "max_queue": 10,
    "model_type": "bprmf",
    "momentum": 0.9,
    "negtive_samples": 1,
    "norm_lambda": 1.0,
    "num_preferences": 4,
    "num_processes": 4,
    "optimizer_type": "Adagrad",
    "rec_test_files": "valid.dat:test.dat",
    "seed": 0,
    "share_embeddings": false,
    "topn": 10,
    "training_steps": 26630,
    "use_st_gumbel": false,
    "visualization_port": 8097
}
2021-03-05 19:26:31,098 - root - INFO - Totally 69982 train ratings, 9998,19995 eval ratings in files: /home/juarez/git/datasets/JIIS-revised-exp1/ml-sun_ho_sfKG_ig-mv-complex-25/cao-format/ml1m/valid.dat;/home/juarez/git/datasets/JIIS-revised-exp1/ml-sun_ho_sfKG_ig-mv-complex-25/cao-format/ml1m/test.dat!
2021-03-05 19:26:31,101 - root - INFO - successfully load 943 users and 1675 items!
2021-03-05 19:26:31,183 - root - INFO - Building model.
2021-03-05 19:26:32,458 - root - INFO - Architecture: BPRMF(
  (user_embeddings): Embedding(943, 100)
  (item_embeddings): Embedding(1675, 100)
)
2021-03-05 19:26:32,459 - root - INFO - Total params: 261800.0
2021-03-05 19:26:32,462 - root - INFO - One epoch is 274 steps.
2021-03-05 19:26:32,463 - root - INFO - Training.
2021-03-05 19:26:32,463 - root - INFO - train loss:0.0000!
2021-03-05 19:26:33,629 - root - INFO - f1:0.0065, p:0.0075, r:0.0088, hit:0.0700, ndcg:0.0370, topn:10.
2021-03-05 19:26:34,667 - root - INFO - f1:0.0055, p:0.0108, r:0.0045, hit:0.0986, ndcg:0.0545, topn:10.
2021-03-05 19:26:36,329 - root - INFO - train loss:0.6944!
2021-03-05 19:26:37,334 - root - INFO - f1:0.0077, p:0.0093, r:0.0105, hit:0.0848, ndcg:0.0435, topn:10.
2021-03-05 19:26:38,335 - root - INFO - f1:0.0093, p:0.0178, r:0.0080, hit:0.1548, ndcg:0.0822, topn:10.
2021-03-05 19:26:38,340 - root - INFO - Checkpointing ...
2021-03-05 19:26:40,127 - root - INFO - train loss:0.6866!
2021-03-05 19:26:41,162 - root - INFO - f1:0.0086, p:0.0107, r:0.0110, hit:0.0944, ndcg:0.0478, topn:10.
2021-03-05 19:26:42,211 - root - INFO - f1:0.0108, p:0.0210, r:0.0091, hit:0.1760, ndcg:0.0931, topn:10.
2021-03-05 19:26:42,216 - root - INFO - Checkpointing ...
2021-03-05 19:26:43,990 - root - INFO - train loss:0.6816!
2021-03-05 19:26:44,998 - root - INFO - f1:0.0102, p:0.0128, r:0.0125, hit:0.1103, ndcg:0.0550, topn:10.
2021-03-05 19:26:45,998 - root - INFO - f1:0.0121, p:0.0242, r:0.0100, hit:0.1930, ndcg:0.1049, topn:10.
2021-03-05 19:26:46,002 - root - INFO - Checkpointing ...
2021-03-05 19:26:47,657 - root - INFO - train loss:0.6763!
2021-03-05 19:26:48,683 - root - INFO - f1:0.0123, p:0.0159, r:0.0145, hit:0.1357, ndcg:0.0691, topn:10.
2021-03-05 19:26:49,753 - root - INFO - f1:0.0142, p:0.0291, r:0.0117, hit:0.2163, ndcg:0.1211, topn:10.
2021-03-05 19:26:49,758 - root - INFO - Checkpointing ...
2021-03-05 19:26:51,735 - root - INFO - train loss:0.6716!
2021-03-05 19:26:52,742 - root - INFO - f1:0.0146, p:0.0191, r:0.0165, hit:0.1580, ndcg:0.0837, topn:10.
2021-03-05 19:26:53,729 - root - INFO - f1:0.0177, p:0.0379, r:0.0143, hit:0.2513, ndcg:0.1438, topn:10.
2021-03-05 19:26:53,732 - root - INFO - Checkpointing ...
2021-03-05 19:26:55,591 - root - INFO - train loss:0.6656!
2021-03-05 19:26:56,548 - root - INFO - f1:0.0177, p:0.0242, r:0.0192, hit:0.1856, ndcg:0.1031, topn:10.
2021-03-05 19:26:57,510 - root - INFO - f1:0.0217, p:0.0461, r:0.0174, hit:0.2895, ndcg:0.1697, topn:10.
2021-03-05 19:26:57,513 - root - INFO - Checkpointing ...
2021-03-05 19:26:58,972 - root - INFO - train loss:0.6590!
2021-03-05 19:27:00,255 - root - INFO - f1:0.0231, p:0.0317, r:0.0241, hit:0.2280, ndcg:0.1277, topn:10.
2021-03-05 19:27:01,258 - root - INFO - f1:0.0269, p:0.0578, r:0.0216, hit:0.3372, ndcg:0.1963, topn:10.
2021-03-05 19:27:01,262 - root - INFO - Checkpointing ...
2021-03-05 19:27:03,006 - root - INFO - train loss:0.6512!
2021-03-05 19:27:04,080 - root - INFO - f1:0.0287, p:0.0399, r:0.0285, hit:0.2598, ndcg:0.1478, topn:10.
2021-03-05 19:27:05,060 - root - INFO - f1:0.0348, p:0.0747, r:0.0280, hit:0.3839, ndcg:0.2241, topn:10.
2021-03-05 19:27:05,065 - root - INFO - Checkpointing ...
2021-03-05 19:27:06,727 - root - INFO - train loss:0.6419!
2021-03-05 19:27:07,661 - root - INFO - f1:0.0352, p:0.0485, r:0.0360, hit:0.2959, ndcg:0.1724, topn:10.
2021-03-05 19:27:08,647 - root - INFO - f1:0.0410, p:0.0875, r:0.0327, hit:0.4157, ndcg:0.2450, topn:10.
2021-03-05 19:27:08,651 - root - INFO - Checkpointing ...
2021-03-05 19:27:10,603 - root - INFO - train loss:0.6327!
2021-03-05 19:27:11,636 - root - INFO - f1:0.0415, p:0.0574, r:0.0425, hit:0.3256, ndcg:0.1947, topn:10.
2021-03-05 19:27:12,647 - root - INFO - f1:0.0489, p:0.1037, r:0.0391, hit:0.4528, ndcg:0.2713, topn:10.
2021-03-05 19:27:12,652 - root - INFO - Checkpointing ...
2021-03-05 19:27:14,072 - root - INFO - train loss:0.6214!
2021-03-05 19:27:15,043 - root - INFO - f1:0.0466, p:0.0638, r:0.0476, hit:0.3489, ndcg:0.2142, topn:10.
2021-03-05 19:27:16,043 - root - INFO - f1:0.0554, p:0.1160, r:0.0443, hit:0.4814, ndcg:0.2966, topn:10.
2021-03-05 19:27:16,048 - root - INFO - Checkpointing ...
2021-03-05 19:27:17,605 - root - INFO - train loss:0.6090!
2021-03-05 19:27:18,701 - root - INFO - f1:0.0524, p:0.0714, r:0.0536, hit:0.3775, ndcg:0.2339, topn:10.
2021-03-05 19:27:19,720 - root - INFO - f1:0.0608, p:0.1268, r:0.0489, hit:0.5080, ndcg:0.3155, topn:10.
2021-03-05 19:27:19,725 - root - INFO - Checkpointing ...
2021-03-05 19:27:21,511 - root - INFO - train loss:0.5968!
2021-03-05 19:27:22,516 - root - INFO - f1:0.0575, p:0.0780, r:0.0585, hit:0.3955, ndcg:0.2495, topn:10.
2021-03-05 19:27:23,558 - root - INFO - f1:0.0651, p:0.1351, r:0.0525, hit:0.5228, ndcg:0.3320, topn:10.
2021-03-05 19:27:23,562 - root - INFO - Checkpointing ...
2021-03-05 19:27:25,184 - root - INFO - train loss:0.5825!
2021-03-05 19:27:26,260 - root - INFO - f1:0.0621, p:0.0838, r:0.0635, hit:0.4157, ndcg:0.2642, topn:10.
2021-03-05 19:27:27,252 - root - INFO - f1:0.0695, p:0.1435, r:0.0560, hit:0.5345, ndcg:0.3451, topn:10.
2021-03-05 19:27:27,257 - root - INFO - Checkpointing ...
2021-03-05 19:27:28,948 - root - INFO - train loss:0.5685!
2021-03-05 19:27:29,933 - root - INFO - f1:0.0668, p:0.0887, r:0.0708, hit:0.4369, ndcg:0.2768, topn:10.
2021-03-05 19:27:30,936 - root - INFO - f1:0.0758, p:0.1536, r:0.0615, hit:0.5557, ndcg:0.3578, topn:10.
2021-03-05 19:27:30,940 - root - INFO - Checkpointing ...
2021-03-05 19:27:32,406 - root - INFO - train loss:0.5542!
2021-03-05 19:27:33,441 - root - INFO - f1:0.0710, p:0.0942, r:0.0748, hit:0.4592, ndcg:0.2899, topn:10.
2021-03-05 19:27:34,471 - root - INFO - f1:0.0805, p:0.1616, r:0.0657, hit:0.5790, ndcg:0.3730, topn:10.
2021-03-05 19:27:34,475 - root - INFO - Checkpointing ...
2021-03-05 19:27:36,179 - root - INFO - train loss:0.5398!
2021-03-05 19:27:37,226 - root - INFO - f1:0.0751, p:0.0987, r:0.0800, hit:0.4772, ndcg:0.3003, topn:10.
2021-03-05 19:27:38,256 - root - INFO - f1:0.0856, p:0.1696, r:0.0706, hit:0.6045, ndcg:0.3871, topn:10.
2021-03-05 19:27:38,261 - root - INFO - Checkpointing ...
2021-03-05 19:27:39,989 - root - INFO - train loss:0.5253!
2021-03-05 19:27:40,991 - root - INFO - f1:0.0792, p:0.1035, r:0.0858, hit:0.4931, ndcg:0.3117, topn:10.
2021-03-05 19:27:42,088 - root - INFO - f1:0.0893, p:0.1755, r:0.0742, hit:0.6214, ndcg:0.4006, topn:10.
2021-03-05 19:27:42,092 - root - INFO - Checkpointing ...
2021-03-05 19:27:43,872 - root - INFO - train loss:0.5096!
2021-03-05 19:27:44,898 - root - INFO - f1:0.0822, p:0.1071, r:0.0889, hit:0.5016, ndcg:0.3195, topn:10.
2021-03-05 19:27:45,939 - root - INFO - f1:0.0934, p:0.1823, r:0.0777, hit:0.6341, ndcg:0.4121, topn:10.
2021-03-05 19:27:45,943 - root - INFO - Checkpointing ...
2021-03-05 19:27:47,514 - root - INFO - train loss:0.4969!
2021-03-05 19:27:48,521 - root - INFO - f1:0.0861, p:0.1115, r:0.0940, hit:0.5175, ndcg:0.3286, topn:10.
2021-03-05 19:27:49,749 - root - INFO - f1:0.0964, p:0.1864, r:0.0806, hit:0.6416, ndcg:0.4224, topn:10.
2021-03-05 19:27:49,753 - root - INFO - Checkpointing ...
2021-03-05 19:27:51,142 - root - INFO - train loss:0.4838!
2021-03-05 19:27:52,183 - root - INFO - f1:0.0892, p:0.1146, r:0.0984, hit:0.5292, ndcg:0.3412, topn:10.
2021-03-05 19:27:53,186 - root - INFO - f1:0.0991, p:0.1905, r:0.0837, hit:0.6501, ndcg:0.4306, topn:10.
2021-03-05 19:27:53,190 - root - INFO - Checkpointing ...
2021-03-05 19:27:54,639 - root - INFO - train loss:0.4703!
2021-03-05 19:27:55,681 - root - INFO - f1:0.0916, p:0.1170, r:0.1015, hit:0.5419, ndcg:0.3504, topn:10.
2021-03-05 19:27:56,714 - root - INFO - f1:0.1040, p:0.1968, r:0.0888, hit:0.6681, ndcg:0.4435, topn:10.
2021-03-05 19:27:56,718 - root - INFO - Checkpointing ...
2021-03-05 19:27:58,523 - root - INFO - train loss:0.4593!
2021-03-05 19:27:59,562 - root - INFO - f1:0.0944, p:0.1196, r:0.1059, hit:0.5493, ndcg:0.3551, topn:10.
2021-03-05 19:28:00,587 - root - INFO - f1:0.1057, p:0.1992, r:0.0903, hit:0.6723, ndcg:0.4484, topn:10.
2021-03-05 19:28:00,591 - root - INFO - Checkpointing ...
2021-03-05 19:28:02,108 - root - INFO - train loss:0.4482!
2021-03-05 19:28:03,009 - root - INFO - f1:0.0967, p:0.1217, r:0.1095, hit:0.5610, ndcg:0.3631, topn:10.
2021-03-05 19:28:04,088 - root - INFO - f1:0.1086, p:0.2027, r:0.0936, hit:0.6819, ndcg:0.4549, topn:10.
2021-03-05 19:28:04,092 - root - INFO - Checkpointing ...
2021-03-05 19:28:05,880 - root - INFO - train loss:0.4375!
2021-03-05 19:28:06,958 - root - INFO - f1:0.0980, p:0.1227, r:0.1119, hit:0.5673, ndcg:0.3683, topn:10.
2021-03-05 19:28:07,979 - root - INFO - f1:0.1121, p:0.2066, r:0.0973, hit:0.6967, ndcg:0.4631, topn:10.
2021-03-05 19:28:07,983 - root - INFO - Checkpointing ...
2021-03-05 19:28:09,815 - root - INFO - train loss:0.4291!
2021-03-05 19:28:10,785 - root - INFO - f1:0.0995, p:0.1243, r:0.1137, hit:0.5726, ndcg:0.3736, topn:10.
2021-03-05 19:28:11,824 - root - INFO - f1:0.1134, p:0.2087, r:0.0985, hit:0.6999, ndcg:0.4667, topn:10.
2021-03-05 19:28:11,829 - root - INFO - Checkpointing ...
2021-03-05 19:28:13,757 - root - INFO - train loss:0.4196!
2021-03-05 19:28:14,855 - root - INFO - f1:0.1006, p:0.1252, r:0.1154, hit:0.5801, ndcg:0.3806, topn:10.
2021-03-05 19:28:15,869 - root - INFO - f1:0.1165, p:0.2120, r:0.1022, hit:0.7137, ndcg:0.4753, topn:10.
2021-03-05 19:28:15,874 - root - INFO - Checkpointing ...
2021-03-05 19:28:17,579 - root - INFO - train loss:0.4086!
2021-03-05 19:28:18,623 - root - INFO - f1:0.1017, p:0.1262, r:0.1168, hit:0.5811, ndcg:0.3851, topn:10.
2021-03-05 19:28:19,648 - root - INFO - f1:0.1193, p:0.2156, r:0.1053, hit:0.7211, ndcg:0.4821, topn:10.
2021-03-05 19:28:19,650 - root - INFO - Checkpointing ...
2021-03-05 19:28:21,151 - root - INFO - train loss:0.4036!
2021-03-05 19:28:22,228 - root - INFO - f1:0.1033, p:0.1277, r:0.1191, hit:0.5928, ndcg:0.3924, topn:10.
2021-03-05 19:28:23,284 - root - INFO - f1:0.1206, p:0.2172, r:0.1062, hit:0.7232, ndcg:0.4875, topn:10.
2021-03-05 19:28:23,288 - root - INFO - Checkpointing ...
2021-03-05 19:28:25,240 - root - INFO - train loss:0.3959!
2021-03-05 19:28:26,344 - root - INFO - f1:0.1045, p:0.1291, r:0.1209, hit:0.5907, ndcg:0.3933, topn:10.
2021-03-05 19:28:27,409 - root - INFO - f1:0.1231, p:0.2204, r:0.1091, hit:0.7349, ndcg:0.4949, topn:10.
2021-03-05 19:28:27,414 - root - INFO - Checkpointing ...
2021-03-05 19:28:29,261 - root - INFO - train loss:0.3888!
2021-03-05 19:28:30,311 - root - INFO - f1:0.1052, p:0.1296, r:0.1225, hit:0.5949, ndcg:0.3996, topn:10.
2021-03-05 19:28:31,374 - root - INFO - f1:0.1252, p:0.2234, r:0.1111, hit:0.7402, ndcg:0.4996, topn:10.
2021-03-05 19:28:31,379 - root - INFO - Checkpointing ...
2021-03-05 19:28:32,796 - root - INFO - train loss:0.3831!
2021-03-05 19:28:33,835 - root - INFO - f1:0.1073, p:0.1312, r:0.1272, hit:0.6023, ndcg:0.4041, topn:10.
2021-03-05 19:28:34,906 - root - INFO - f1:0.1265, p:0.2245, r:0.1127, hit:0.7423, ndcg:0.5040, topn:10.
2021-03-05 19:28:34,910 - root - INFO - Checkpointing ...
2021-03-05 19:28:36,282 - root - INFO - train loss:0.3763!
2021-03-05 19:28:37,188 - root - INFO - f1:0.1084, p:0.1323, r:0.1288, hit:0.6023, ndcg:0.4064, topn:10.
2021-03-05 19:28:38,228 - root - INFO - f1:0.1286, p:0.2269, r:0.1149, hit:0.7466, ndcg:0.5084, topn:10.
2021-03-05 19:28:38,232 - root - INFO - Checkpointing ...
2021-03-05 19:28:39,763 - root - INFO - train loss:0.3711!
2021-03-05 19:28:40,719 - root - INFO - f1:0.1100, p:0.1334, r:0.1316, hit:0.6076, ndcg:0.4091, topn:10.
2021-03-05 19:28:41,662 - root - INFO - f1:0.1306, p:0.2287, r:0.1177, hit:0.7572, ndcg:0.5156, topn:10.
2021-03-05 19:28:41,665 - root - INFO - Checkpointing ...
2021-03-05 19:28:43,166 - root - INFO - train loss:0.3661!
2021-03-05 19:28:44,210 - root - INFO - f1:0.1117, p:0.1347, r:0.1341, hit:0.6182, ndcg:0.4139, topn:10.
2021-03-05 19:28:45,288 - root - INFO - f1:0.1328, p:0.2314, r:0.1198, hit:0.7625, ndcg:0.5201, topn:10.
2021-03-05 19:28:45,293 - root - INFO - Checkpointing ...
2021-03-05 19:28:47,049 - root - INFO - train loss:0.3615!
2021-03-05 19:28:48,121 - root - INFO - f1:0.1129, p:0.1356, r:0.1362, hit:0.6225, ndcg:0.4165, topn:10.
2021-03-05 19:28:49,050 - root - INFO - f1:0.1348, p:0.2341, r:0.1218, hit:0.7667, ndcg:0.5227, topn:10.
2021-03-05 19:28:49,053 - root - INFO - Checkpointing ...
2021-03-05 19:28:50,718 - root - INFO - train loss:0.3566!
2021-03-05 19:28:51,760 - root - INFO - f1:0.1144, p:0.1372, r:0.1382, hit:0.6214, ndcg:0.4171, topn:10.
2021-03-05 19:28:52,677 - root - INFO - f1:0.1359, p:0.2358, r:0.1226, hit:0.7678, ndcg:0.5269, topn:10.
2021-03-05 19:28:52,681 - root - INFO - Checkpointing ...
2021-03-05 19:28:54,383 - root - INFO - train loss:0.3523!
2021-03-05 19:28:55,394 - root - INFO - f1:0.1158, p:0.1383, r:0.1397, hit:0.6235, ndcg:0.4180, topn:10.
2021-03-05 19:28:56,476 - root - INFO - f1:0.1368, p:0.2370, r:0.1238, hit:0.7709, ndcg:0.5322, topn:10.
2021-03-05 19:28:56,479 - root - INFO - Checkpointing ...
2021-03-05 19:28:58,336 - root - INFO - train loss:0.3496!
2021-03-05 19:28:59,344 - root - INFO - f1:0.1174, p:0.1398, r:0.1421, hit:0.6288, ndcg:0.4214, topn:10.
2021-03-05 19:29:00,339 - root - INFO - f1:0.1380, p:0.2386, r:0.1250, hit:0.7720, ndcg:0.5356, topn:10.
2021-03-05 19:29:00,343 - root - INFO - Checkpointing ...
2021-03-05 19:29:02,343 - root - INFO - train loss:0.3450!
2021-03-05 19:29:03,379 - root - INFO - f1:0.1184, p:0.1406, r:0.1436, hit:0.6320, ndcg:0.4233, topn:10.
2021-03-05 19:29:04,486 - root - INFO - f1:0.1390, p:0.2400, r:0.1260, hit:0.7741, ndcg:0.5393, topn:10.
2021-03-05 19:29:04,489 - root - INFO - Checkpointing ...
2021-03-05 19:29:06,004 - root - INFO - train loss:0.3419!
2021-03-05 19:29:07,078 - root - INFO - f1:0.1197, p:0.1418, r:0.1456, hit:0.6363, ndcg:0.4250, topn:10.
2021-03-05 19:29:08,102 - root - INFO - f1:0.1397, p:0.2410, r:0.1267, hit:0.7720, ndcg:0.5405, topn:10.
2021-03-05 19:29:08,105 - root - INFO - Checkpointing ...
2021-03-05 19:29:09,544 - root - INFO - train loss:0.3388!
2021-03-05 19:29:10,548 - root - INFO - f1:0.1205, p:0.1426, r:0.1473, hit:0.6331, ndcg:0.4246, topn:10.
2021-03-05 19:29:11,594 - root - INFO - f1:0.1409, p:0.2422, r:0.1281, hit:0.7741, ndcg:0.5418, topn:10.
2021-03-05 19:29:11,598 - root - INFO - Checkpointing ...
2021-03-05 19:29:13,285 - root - INFO - train loss:0.3354!
2021-03-05 19:29:14,288 - root - INFO - f1:0.1208, p:0.1431, r:0.1476, hit:0.6363, ndcg:0.4277, topn:10.
2021-03-05 19:29:15,339 - root - INFO - f1:0.1423, p:0.2435, r:0.1300, hit:0.7784, ndcg:0.5451, topn:10.
2021-03-05 19:29:15,344 - root - INFO - Checkpointing ...
2021-03-05 19:29:16,868 - root - INFO - train loss:0.3321!
2021-03-05 19:29:17,930 - root - INFO - f1:0.1210, p:0.1429, r:0.1484, hit:0.6363, ndcg:0.4286, topn:10.
2021-03-05 19:29:19,006 - root - INFO - f1:0.1432, p:0.2443, r:0.1310, hit:0.7815, ndcg:0.5472, topn:10.
2021-03-05 19:29:19,010 - root - INFO - Checkpointing ...
2021-03-05 19:29:20,459 - root - INFO - train loss:0.3291!
2021-03-05 19:29:21,498 - root - INFO - f1:0.1218, p:0.1438, r:0.1495, hit:0.6394, ndcg:0.4291, topn:10.
2021-03-05 19:29:22,541 - root - INFO - f1:0.1438, p:0.2451, r:0.1317, hit:0.7847, ndcg:0.5503, topn:10.
2021-03-05 19:29:22,546 - root - INFO - Checkpointing ...
2021-03-05 19:29:24,183 - root - INFO - train loss:0.3278!
2021-03-05 19:29:25,235 - root - INFO - f1:0.1230, p:0.1448, r:0.1519, hit:0.6469, ndcg:0.4310, topn:10.
2021-03-05 19:29:26,281 - root - INFO - f1:0.1448, p:0.2459, r:0.1329, hit:0.7900, ndcg:0.5542, topn:10.
2021-03-05 19:29:26,284 - root - INFO - Checkpointing ...
2021-03-05 19:29:28,070 - root - INFO - train loss:0.3221!
2021-03-05 19:29:29,356 - root - INFO - f1:0.1229, p:0.1444, r:0.1517, hit:0.6501, ndcg:0.4351, topn:10.
2021-03-05 19:29:30,405 - root - INFO - f1:0.1459, p:0.2469, r:0.1342, hit:0.7911, ndcg:0.5548, topn:10.
2021-03-05 19:29:31,856 - root - INFO - train loss:0.3216!
2021-03-05 19:29:32,896 - root - INFO - f1:0.1231, p:0.1448, r:0.1522, hit:0.6532, ndcg:0.4384, topn:10.
2021-03-05 19:29:33,976 - root - INFO - f1:0.1471, p:0.2485, r:0.1353, hit:0.7911, ndcg:0.5539, topn:10.
2021-03-05 19:29:33,981 - root - INFO - Checkpointing ...
2021-03-05 19:29:35,938 - root - INFO - train loss:0.3202!
2021-03-05 19:29:36,991 - root - INFO - f1:0.1240, p:0.1454, r:0.1534, hit:0.6575, ndcg:0.4398, topn:10.
2021-03-05 19:29:37,994 - root - INFO - f1:0.1475, p:0.2492, r:0.1353, hit:0.7911, ndcg:0.5561, topn:10.
2021-03-05 19:29:37,998 - root - INFO - Checkpointing ...
2021-03-05 19:29:39,393 - root - INFO - train loss:0.3177!
2021-03-05 19:29:40,420 - root - INFO - f1:0.1247, p:0.1461, r:0.1543, hit:0.6575, ndcg:0.4404, topn:10.
2021-03-05 19:29:41,528 - root - INFO - f1:0.1473, p:0.2490, r:0.1351, hit:0.7922, ndcg:0.5585, topn:10.
2021-03-05 19:29:41,533 - root - INFO - Checkpointing ...
2021-03-05 19:29:43,076 - root - INFO - train loss:0.3139!
2021-03-05 19:29:44,172 - root - INFO - f1:0.1247, p:0.1460, r:0.1545, hit:0.6596, ndcg:0.4429, topn:10.
2021-03-05 19:29:45,281 - root - INFO - f1:0.1479, p:0.2497, r:0.1357, hit:0.7943, ndcg:0.5604, topn:10.
2021-03-05 19:29:45,286 - root - INFO - Checkpointing ...
2021-03-05 19:29:46,704 - root - INFO - train loss:0.3104!
2021-03-05 19:29:47,790 - root - INFO - f1:0.1254, p:0.1469, r:0.1553, hit:0.6607, ndcg:0.4445, topn:10.
2021-03-05 19:29:48,901 - root - INFO - f1:0.1488, p:0.2504, r:0.1369, hit:0.7985, ndcg:0.5643, topn:10.
2021-03-05 19:29:48,905 - root - INFO - Checkpointing ...
2021-03-05 19:29:50,826 - root - INFO - train loss:0.3122!
2021-03-05 19:29:51,889 - root - INFO - f1:0.1258, p:0.1474, r:0.1558, hit:0.6617, ndcg:0.4468, topn:10.
2021-03-05 19:29:52,968 - root - INFO - f1:0.1490, p:0.2504, r:0.1374, hit:0.7985, ndcg:0.5648, topn:10.
2021-03-05 19:29:52,973 - root - INFO - Checkpointing ...
2021-03-05 19:29:54,920 - root - INFO - train loss:0.3077!
2021-03-05 19:29:55,992 - root - INFO - f1:0.1259, p:0.1473, r:0.1572, hit:0.6628, ndcg:0.4488, topn:10.
2021-03-05 19:29:57,037 - root - INFO - f1:0.1504, p:0.2520, r:0.1390, hit:0.8049, ndcg:0.5671, topn:10.
2021-03-05 19:29:57,041 - root - INFO - Checkpointing ...
2021-03-05 19:29:58,825 - root - INFO - train loss:0.3067!
2021-03-05 19:29:59,853 - root - INFO - f1:0.1265, p:0.1477, r:0.1580, hit:0.6670, ndcg:0.4504, topn:10.
2021-03-05 19:30:00,901 - root - INFO - f1:0.1513, p:0.2529, r:0.1405, hit:0.8091, ndcg:0.5704, topn:10.
2021-03-05 19:30:00,905 - root - INFO - Checkpointing ...
2021-03-05 19:30:02,414 - root - INFO - train loss:0.3044!
2021-03-05 19:30:03,504 - root - INFO - f1:0.1271, p:0.1483, r:0.1588, hit:0.6691, ndcg:0.4523, topn:10.
2021-03-05 19:30:04,527 - root - INFO - f1:0.1529, p:0.2543, r:0.1426, hit:0.8112, ndcg:0.5707, topn:10.
2021-03-05 19:30:04,531 - root - INFO - Checkpointing ...
2021-03-05 19:30:06,201 - root - INFO - train loss:0.2993!
2021-03-05 19:30:07,209 - root - INFO - f1:0.1278, p:0.1489, r:0.1599, hit:0.6691, ndcg:0.4525, topn:10.
2021-03-05 19:30:08,249 - root - INFO - f1:0.1535, p:0.2549, r:0.1433, hit:0.8123, ndcg:0.5709, topn:10.
2021-03-05 19:30:08,253 - root - INFO - Checkpointing ...
2021-03-05 19:30:09,989 - root - INFO - train loss:0.3004!
2021-03-05 19:30:11,103 - root - INFO - f1:0.1290, p:0.1501, r:0.1614, hit:0.6723, ndcg:0.4536, topn:10.
2021-03-05 19:30:12,166 - root - INFO - f1:0.1538, p:0.2555, r:0.1435, hit:0.8123, ndcg:0.5721, topn:10.
2021-03-05 19:30:12,169 - root - INFO - Checkpointing ...
2021-03-05 19:30:13,867 - root - INFO - train loss:0.3012!
2021-03-05 19:30:14,914 - root - INFO - f1:0.1288, p:0.1498, r:0.1612, hit:0.6713, ndcg:0.4543, topn:10.
2021-03-05 19:30:15,998 - root - INFO - f1:0.1546, p:0.2564, r:0.1444, hit:0.8134, ndcg:0.5741, topn:10.
2021-03-05 19:30:17,416 - root - INFO - train loss:0.2977!
2021-03-05 19:30:18,641 - root - INFO - f1:0.1296, p:0.1506, r:0.1621, hit:0.6744, ndcg:0.4562, topn:10.
2021-03-05 19:30:19,705 - root - INFO - f1:0.1554, p:0.2574, r:0.1454, hit:0.8187, ndcg:0.5770, topn:10.
2021-03-05 19:30:19,708 - root - INFO - Checkpointing ...
2021-03-05 19:30:21,129 - root - INFO - train loss:0.2969!
2021-03-05 19:30:22,147 - root - INFO - f1:0.1303, p:0.1512, r:0.1630, hit:0.6755, ndcg:0.4565, topn:10.
2021-03-05 19:30:23,156 - root - INFO - f1:0.1560, p:0.2576, r:0.1461, hit:0.8187, ndcg:0.5765, topn:10.
2021-03-05 19:30:23,160 - root - INFO - Checkpointing ...
2021-03-05 19:30:24,671 - root - INFO - train loss:0.2935!
2021-03-05 19:30:25,658 - root - INFO - f1:0.1310, p:0.1516, r:0.1641, hit:0.6787, ndcg:0.4583, topn:10.
2021-03-05 19:30:26,677 - root - INFO - f1:0.1575, p:0.2593, r:0.1477, hit:0.8218, ndcg:0.5780, topn:10.
2021-03-05 19:30:26,681 - root - INFO - Checkpointing ...
2021-03-05 19:30:28,255 - root - INFO - train loss:0.2946!
2021-03-05 19:30:29,291 - root - INFO - f1:0.1319, p:0.1526, r:0.1653, hit:0.6808, ndcg:0.4596, topn:10.
2021-03-05 19:30:30,320 - root - INFO - f1:0.1579, p:0.2598, r:0.1480, hit:0.8271, ndcg:0.5821, topn:10.
2021-03-05 19:30:30,324 - root - INFO - Checkpointing ...
2021-03-05 19:30:31,895 - root - INFO - train loss:0.2922!
2021-03-05 19:30:32,936 - root - INFO - f1:0.1324, p:0.1531, r:0.1659, hit:0.6797, ndcg:0.4596, topn:10.
2021-03-05 19:30:33,997 - root - INFO - f1:0.1586, p:0.2610, r:0.1484, hit:0.8271, ndcg:0.5820, topn:10.
2021-03-05 19:30:34,001 - root - INFO - Checkpointing ...
2021-03-05 19:30:35,621 - root - INFO - train loss:0.2906!
2021-03-05 19:30:36,670 - root - INFO - f1:0.1338, p:0.1545, r:0.1679, hit:0.6850, ndcg:0.4619, topn:10.
2021-03-05 19:30:37,726 - root - INFO - f1:0.1592, p:0.2616, r:0.1490, hit:0.8261, ndcg:0.5829, topn:10.
2021-03-05 19:30:37,730 - root - INFO - Checkpointing ...
2021-03-05 19:30:39,228 - root - INFO - train loss:0.2862!
2021-03-05 19:30:40,271 - root - INFO - f1:0.1345, p:0.1550, r:0.1688, hit:0.6861, ndcg:0.4615, topn:10.
2021-03-05 19:30:41,319 - root - INFO - f1:0.1599, p:0.2625, r:0.1499, hit:0.8271, ndcg:0.5841, topn:10.
2021-03-05 19:30:41,321 - root - INFO - Checkpointing ...
2021-03-05 19:30:43,026 - root - INFO - train loss:0.2875!
2021-03-05 19:30:44,093 - root - INFO - f1:0.1345, p:0.1551, r:0.1689, hit:0.6872, ndcg:0.4627, topn:10.
2021-03-05 19:30:45,104 - root - INFO - f1:0.1600, p:0.2627, r:0.1499, hit:0.8271, ndcg:0.5848, topn:10.
2021-03-05 19:30:45,107 - root - INFO - Checkpointing ...
2021-03-05 19:30:46,600 - root - INFO - train loss:0.2839!
2021-03-05 19:30:47,621 - root - INFO - f1:0.1344, p:0.1549, r:0.1688, hit:0.6882, ndcg:0.4655, topn:10.
2021-03-05 19:30:48,687 - root - INFO - f1:0.1613, p:0.2641, r:0.1515, hit:0.8303, ndcg:0.5868, topn:10.
2021-03-05 19:30:50,061 - root - INFO - train loss:0.2832!
2021-03-05 19:30:51,058 - root - INFO - f1:0.1355, p:0.1562, r:0.1701, hit:0.6872, ndcg:0.4634, topn:10.
2021-03-05 19:30:52,087 - root - INFO - f1:0.1619, p:0.2649, r:0.1520, hit:0.8303, ndcg:0.5891, topn:10.
2021-03-05 19:30:52,091 - root - INFO - Checkpointing ...
2021-03-05 19:30:53,551 - root - INFO - train loss:0.2844!
2021-03-05 19:30:54,551 - root - INFO - f1:0.1356, p:0.1561, r:0.1707, hit:0.6893, ndcg:0.4656, topn:10.
2021-03-05 19:30:55,571 - root - INFO - f1:0.1622, p:0.2653, r:0.1526, hit:0.8324, ndcg:0.5897, topn:10.
2021-03-05 19:30:55,575 - root - INFO - Checkpointing ...
2021-03-05 19:30:57,041 - root - INFO - train loss:0.2831!
2021-03-05 19:30:58,112 - root - INFO - f1:0.1364, p:0.1572, r:0.1715, hit:0.6893, ndcg:0.4665, topn:10.
2021-03-05 19:30:59,162 - root - INFO - f1:0.1625, p:0.2655, r:0.1530, hit:0.8324, ndcg:0.5908, topn:10.
2021-03-05 19:30:59,167 - root - INFO - Checkpointing ...
2021-03-05 19:31:00,768 - root - INFO - train loss:0.2806!
2021-03-05 19:31:01,699 - root - INFO - f1:0.1367, p:0.1575, r:0.1718, hit:0.6903, ndcg:0.4666, topn:10.
2021-03-05 19:31:02,708 - root - INFO - f1:0.1636, p:0.2668, r:0.1542, hit:0.8356, ndcg:0.5920, topn:10.
2021-03-05 19:31:02,712 - root - INFO - Checkpointing ...
2021-03-05 19:31:04,500 - root - INFO - train loss:0.2834!
2021-03-05 19:31:05,574 - root - INFO - f1:0.1370, p:0.1576, r:0.1727, hit:0.6903, ndcg:0.4675, topn:10.
2021-03-05 19:31:06,799 - root - INFO - f1:0.1638, p:0.2669, r:0.1544, hit:0.8367, ndcg:0.5939, topn:10.
2021-03-05 19:31:06,802 - root - INFO - Checkpointing ...
2021-03-05 19:31:08,417 - root - INFO - train loss:0.2802!
2021-03-05 19:31:09,360 - root - INFO - f1:0.1376, p:0.1583, r:0.1732, hit:0.6914, ndcg:0.4688, topn:10.
2021-03-05 19:31:10,450 - root - INFO - f1:0.1642, p:0.2672, r:0.1549, hit:0.8346, ndcg:0.5934, topn:10.
2021-03-05 19:31:10,454 - root - INFO - Checkpointing ...
2021-03-05 19:31:12,115 - root - INFO - train loss:0.2782!
2021-03-05 19:31:13,137 - root - INFO - f1:0.1381, p:0.1586, r:0.1743, hit:0.6967, ndcg:0.4724, topn:10.
2021-03-05 19:31:14,196 - root - INFO - f1:0.1640, p:0.2670, r:0.1546, hit:0.8346, ndcg:0.5938, topn:10.
2021-03-05 19:31:14,200 - root - INFO - Checkpointing ...
2021-03-05 19:31:15,747 - root - INFO - train loss:0.2758!
2021-03-05 19:31:16,797 - root - INFO - f1:0.1382, p:0.1590, r:0.1742, hit:0.6957, ndcg:0.4723, topn:10.
2021-03-05 19:31:17,887 - root - INFO - f1:0.1645, p:0.2678, r:0.1551, hit:0.8346, ndcg:0.5954, topn:10.
2021-03-05 19:31:17,891 - root - INFO - Checkpointing ...
2021-03-05 19:31:19,585 - root - INFO - train loss:0.2771!
2021-03-05 19:31:20,545 - root - INFO - f1:0.1389, p:0.1596, r:0.1750, hit:0.6957, ndcg:0.4713, topn:10.
2021-03-05 19:31:21,519 - root - INFO - f1:0.1660, p:0.2696, r:0.1568, hit:0.8388, ndcg:0.5958, topn:10.
2021-03-05 19:31:21,524 - root - INFO - Checkpointing ...
2021-03-05 19:31:23,283 - root - INFO - train loss:0.2760!
2021-03-05 19:31:24,340 - root - INFO - f1:0.1396, p:0.1600, r:0.1770, hit:0.6978, ndcg:0.4728, topn:10.
2021-03-05 19:31:25,407 - root - INFO - f1:0.1659, p:0.2691, r:0.1568, hit:0.8367, ndcg:0.5962, topn:10.
2021-03-05 19:31:25,411 - root - INFO - Checkpointing ...
2021-03-05 19:31:26,968 - root - INFO - train loss:0.2738!
2021-03-05 19:31:28,022 - root - INFO - f1:0.1397, p:0.1602, r:0.1771, hit:0.6978, ndcg:0.4724, topn:10.
2021-03-05 19:31:29,026 - root - INFO - f1:0.1667, p:0.2704, r:0.1575, hit:0.8378, ndcg:0.5967, topn:10.
2021-03-05 19:31:29,030 - root - INFO - Checkpointing ...
2021-03-05 19:31:30,733 - root - INFO - train loss:0.2717!
2021-03-05 19:31:31,757 - root - INFO - f1:0.1401, p:0.1606, r:0.1777, hit:0.6999, ndcg:0.4732, topn:10.
2021-03-05 19:31:32,797 - root - INFO - f1:0.1670, p:0.2706, r:0.1580, hit:0.8378, ndcg:0.5980, topn:10.
2021-03-05 19:31:32,801 - root - INFO - Checkpointing ...
2021-03-05 19:31:34,548 - root - INFO - train loss:0.2708!
2021-03-05 19:31:35,640 - root - INFO - f1:0.1403, p:0.1604, r:0.1781, hit:0.6988, ndcg:0.4739, topn:10.
2021-03-05 19:31:36,669 - root - INFO - f1:0.1681, p:0.2721, r:0.1594, hit:0.8399, ndcg:0.5983, topn:10.
2021-03-05 19:31:36,673 - root - INFO - Checkpointing ...
2021-03-05 19:31:38,372 - root - INFO - train loss:0.2700!
2021-03-05 19:31:39,385 - root - INFO - f1:0.1410, p:0.1613, r:0.1793, hit:0.7031, ndcg:0.4747, topn:10.
2021-03-05 19:31:40,412 - root - INFO - f1:0.1694, p:0.2738, r:0.1608, hit:0.8420, ndcg:0.5986, topn:10.
2021-03-05 19:31:40,417 - root - INFO - Checkpointing ...
2021-03-05 19:31:42,350 - root - INFO - train loss:0.2696!
2021-03-05 19:31:43,376 - root - INFO - f1:0.1411, p:0.1614, r:0.1791, hit:0.7020, ndcg:0.4736, topn:10.
2021-03-05 19:31:44,428 - root - INFO - f1:0.1692, p:0.2735, r:0.1607, hit:0.8431, ndcg:0.6001, topn:10.
2021-03-05 19:31:44,433 - root - INFO - Checkpointing ...
2021-03-05 19:31:46,018 - root - INFO - train loss:0.2681!
2021-03-05 19:31:47,067 - root - INFO - f1:0.1410, p:0.1612, r:0.1792, hit:0.7031, ndcg:0.4752, topn:10.
2021-03-05 19:31:48,169 - root - INFO - f1:0.1700, p:0.2742, r:0.1615, hit:0.8462, ndcg:0.6031, topn:10.
2021-03-05 19:31:49,626 - root - INFO - train loss:0.2689!
2021-03-05 19:31:50,657 - root - INFO - f1:0.1409, p:0.1611, r:0.1791, hit:0.7041, ndcg:0.4744, topn:10.
2021-03-05 19:31:51,691 - root - INFO - f1:0.1708, p:0.2749, r:0.1623, hit:0.8473, ndcg:0.6033, topn:10.
2021-03-05 19:31:51,695 - root - INFO - No improvement after one epoch. Lowering learning rate.
2021-03-05 19:31:53,306 - root - INFO - train loss:0.2686!
2021-03-05 19:31:54,379 - root - INFO - f1:0.1418, p:0.1622, r:0.1819, hit:0.7084, ndcg:0.4802, topn:10.
2021-03-05 19:31:55,661 - root - INFO - f1:0.1721, p:0.2775, r:0.1631, hit:0.8484, ndcg:0.6042, topn:10.
2021-03-05 19:31:55,666 - root - INFO - Checkpointing ...
2021-03-05 19:31:57,177 - root - INFO - train loss:0.2609!
2021-03-05 19:31:58,178 - root - INFO - f1:0.1423, p:0.1629, r:0.1826, hit:0.7063, ndcg:0.4796, topn:10.
2021-03-05 19:31:59,239 - root - INFO - f1:0.1744, p:0.2806, r:0.1658, hit:0.8526, ndcg:0.6081, topn:10.
2021-03-05 19:31:59,243 - root - INFO - Checkpointing ...
2021-03-05 19:32:00,697 - root - INFO - train loss:0.2601!
2021-03-05 19:32:01,733 - root - INFO - f1:0.1443, p:0.1648, r:0.1853, hit:0.7084, ndcg:0.4781, topn:10.
2021-03-05 19:32:02,802 - root - INFO - f1:0.1764, p:0.2832, r:0.1681, hit:0.8537, ndcg:0.6077, topn:10.
2021-03-05 19:32:02,806 - root - INFO - Checkpointing ...
2021-03-05 19:32:04,574 - root - INFO - train loss:0.2554!
2021-03-05 19:32:05,611 - root - INFO - f1:0.1445, p:0.1650, r:0.1856, hit:0.7052, ndcg:0.4782, topn:10.
2021-03-05 19:32:06,683 - root - INFO - f1:0.1772, p:0.2842, r:0.1690, hit:0.8537, ndcg:0.6090, topn:10.
2021-03-05 19:32:06,687 - root - INFO - Checkpointing ...
2021-03-05 19:32:08,249 - root - INFO - train loss:0.2541!
2021-03-05 19:32:09,300 - root - INFO - f1:0.1459, p:0.1667, r:0.1872, hit:0.7073, ndcg:0.4789, topn:10.
2021-03-05 19:32:10,399 - root - INFO - f1:0.1772, p:0.2844, r:0.1690, hit:0.8537, ndcg:0.6096, topn:10.
2021-03-05 19:32:10,404 - root - INFO - Checkpointing ...
2021-03-05 19:32:12,018 - root - INFO - train loss:0.2516!
2021-03-05 19:32:13,093 - root - INFO - f1:0.1464, p:0.1671, r:0.1881, hit:0.7073, ndcg:0.4809, topn:10.
2021-03-05 19:32:14,158 - root - INFO - f1:0.1777, p:0.2854, r:0.1694, hit:0.8526, ndcg:0.6109, topn:10.
2021-03-05 19:32:14,163 - root - INFO - Checkpointing ...
2021-03-05 19:32:15,797 - root - INFO - train loss:0.2496!
2021-03-05 19:32:16,849 - root - INFO - f1:0.1478, p:0.1686, r:0.1899, hit:0.7084, ndcg:0.4808, topn:10.
2021-03-05 19:32:17,857 - root - INFO - f1:0.1785, p:0.2863, r:0.1702, hit:0.8537, ndcg:0.6115, topn:10.
2021-03-05 19:32:17,862 - root - INFO - Checkpointing ...
2021-03-05 19:32:19,284 - root - INFO - train loss:0.2502!
2021-03-05 19:32:20,329 - root - INFO - f1:0.1482, p:0.1690, r:0.1901, hit:0.7105, ndcg:0.4814, topn:10.
2021-03-05 19:32:21,257 - root - INFO - f1:0.1793, p:0.2874, r:0.1712, hit:0.8579, ndcg:0.6139, topn:10.
2021-03-05 19:32:21,260 - root - INFO - Checkpointing ...
2021-03-05 19:32:22,672 - root - INFO - train loss:0.2448!
2021-03-05 19:32:23,680 - root - INFO - f1:0.1487, p:0.1697, r:0.1913, hit:0.7105, ndcg:0.4816, topn:10.
2021-03-05 19:32:24,788 - root - INFO - f1:0.1796, p:0.2881, r:0.1714, hit:0.8568, ndcg:0.6134, topn:10.
2021-03-05 19:32:24,792 - root - INFO - Checkpointing ...
2021-03-05 19:32:26,369 - root - INFO - train loss:0.2461!
2021-03-05 19:32:27,347 - root - INFO - f1:0.1493, p:0.1703, r:0.1920, hit:0.7137, ndcg:0.4837, topn:10.
2021-03-05 19:32:28,319 - root - INFO - f1:0.1799, p:0.2879, r:0.1718, hit:0.8558, ndcg:0.6152, topn:10.
2021-03-05 19:32:28,323 - root - INFO - Checkpointing ...
2021-03-05 19:32:29,958 - root - INFO - train loss:0.2429!
2021-03-05 19:32:30,959 - root - INFO - f1:0.1495, p:0.1705, r:0.1920, hit:0.7147, ndcg:0.4845, topn:10.
2021-03-05 19:32:32,009 - root - INFO - f1:0.1807, p:0.2891, r:0.1727, hit:0.8568, ndcg:0.6155, topn:10.
2021-03-05 19:32:32,013 - root - INFO - Checkpointing ...
2021-03-05 19:32:33,557 - root - INFO - train loss:0.2434!
2021-03-05 19:32:34,566 - root - INFO - f1:0.1494, p:0.1705, r:0.1918, hit:0.7169, ndcg:0.4862, topn:10.
2021-03-05 19:32:35,561 - root - INFO - f1:0.1804, p:0.2889, r:0.1723, hit:0.8558, ndcg:0.6164, topn:10.
2021-03-05 19:32:36,955 - root - INFO - train loss:0.2387!
2021-03-05 19:32:37,979 - root - INFO - f1:0.1496, p:0.1707, r:0.1922, hit:0.7169, ndcg:0.4866, topn:10.
2021-03-05 19:32:39,005 - root - INFO - f1:0.1810, p:0.2894, r:0.1730, hit:0.8590, ndcg:0.6173, topn:10.
2021-03-05 19:32:39,010 - root - INFO - Checkpointing ...
2021-03-05 19:32:40,651 - root - INFO - train loss:0.2433!
2021-03-05 19:32:41,641 - root - INFO - f1:0.1504, p:0.1714, r:0.1933, hit:0.7179, ndcg:0.4862, topn:10.
2021-03-05 19:32:42,650 - root - INFO - f1:0.1812, p:0.2900, r:0.1729, hit:0.8590, ndcg:0.6178, topn:10.
2021-03-05 19:32:42,653 - root - INFO - Checkpointing ...
2021-03-05 19:32:44,147 - root - INFO - train loss:0.2406!
2021-03-05 19:32:45,348 - root - INFO - f1:0.1510, p:0.1720, r:0.1938, hit:0.7179, ndcg:0.4859, topn:10.
2021-03-05 19:32:46,410 - root - INFO - f1:0.1822, p:0.2914, r:0.1740, hit:0.8611, ndcg:0.6180, topn:10.
2021-03-05 19:32:46,415 - root - INFO - Checkpointing ...
2021-03-05 19:32:48,078 - root - INFO - From CaseRecommender evaluator: {'PREC@10': 0.17211, 'RECALL@10': 0.194432, 'NDCG@10': 0.486451, 'MAP@10': 0.376557, 'MAP': 0.376557}.
2021-03-05 19:32:48,272 - root - INFO - From kg-summ-rec diversity evaluator: {'GENRE_COVERAGE@10': 0.478968, 'GENRE_REDUNDANCY@10': 0.420363, 'ILD_GENRE@10': 0.813364}.
2021-03-05 19:32:49,772 - root - INFO - From CaseRecommender evaluator: {'PREC@10': 0.291304, 'RECALL@10': 0.17386, 'NDCG@10': 0.618267, 'MAP@10': 0.506497, 'MAP': 0.506497}.
2021-03-05 19:32:49,967 - root - INFO - From kg-summ-rec diversity evaluator: {'GENRE_COVERAGE@10': 0.476935, 'GENRE_REDUNDANCY@10': 0.417361, 'ILD_GENRE@10': 0.813824}.
