2021-03-05 19:32:53,437 - root - INFO - Flag Values:
{
    "L1_flag": true,
    "batch_size": 256,
    "ckpt_path": "/home/juarez/git/results/JIIS-revised-exp1/ml-sun_ho_sfKG_ig-mv-complex-25/",
    "clipping_max_value": 5.0,
    "data_path": "/home/juarez/git/datasets/JIIS-revised-exp1/ml-sun_ho_sfKG_ig-mv-complex-25/cao-format/",
    "dataset": "ml1m",
    "early_stopping_steps_to_wait": 13317,
    "embedding_size": 100,
    "eval_interval_steps": 2663,
    "eval_only_mode": false,
    "experiment_name": "ml1m-transup-1614983573",
    "filter_wrong_corrupted": true,
    "has_visualization": false,
    "is_report": false,
    "joint_ratio": 0.5,
    "kg_lambda": 1.0,
    "kg_test_files": null,
    "l2_lambda": 1e-05,
    "learning_rate": 0.005,
    "learning_rate_decay_when_no_progress": 0.5,
    "load_ckpt_file": "/home/juarez/git/results/JIIS-revised-exp1/ml-sun_ho_sfKG_ig-mv-complex-25/ml1m-bprmf-pretrained.ckpt",
    "load_experiment_name": null,
    "log_level": "debug",
    "log_path": "/home/juarez/git/results/JIIS-revised-exp1/ml-sun_ho_sfKG_ig-mv-complex-25/",
    "margin": 1.0,
    "max_queue": 10,
    "model_type": "transup",
    "momentum": 0.9,
    "negtive_samples": 1,
    "norm_lambda": 1.0,
    "num_preferences": 3,
    "num_processes": 4,
    "optimizer_type": "Adagrad",
    "rec_test_files": "valid.dat:test.dat",
    "seed": 0,
    "share_embeddings": false,
    "topn": 10,
    "training_steps": 266300,
    "use_st_gumbel": false,
    "visualization_port": 8097
}
2021-03-05 19:32:53,678 - root - INFO - Totally 69982 train ratings, 9998,19995 eval ratings in files: /home/juarez/git/datasets/JIIS-revised-exp1/ml-sun_ho_sfKG_ig-mv-complex-25/cao-format/ml1m/valid.dat;/home/juarez/git/datasets/JIIS-revised-exp1/ml-sun_ho_sfKG_ig-mv-complex-25/cao-format/ml1m/test.dat!
2021-03-05 19:32:53,681 - root - INFO - successfully load 943 users and 1675 items!
2021-03-05 19:32:53,760 - root - INFO - Building model.
2021-03-05 19:32:55,045 - root - INFO - Architecture: TransUPModel(
  (user_embeddings): Embedding(943, 100)
  (item_embeddings): Embedding(1675, 100)
  (pref_embeddings): Embedding(3, 100)
  (pref_norm_embeddings): Embedding(3, 100)
)
2021-03-05 19:32:55,045 - root - INFO - Total params: 262400.0
2021-03-05 19:32:55,045 - root - INFO - One epoch is 274 steps.
2021-03-05 19:32:55,046 - root - INFO - Found checkpoint, restoring pre-trained embeddings.
2021-03-05 19:32:55,049 - root - INFO - Load Embeddings of user_embeddings.weight, item_embeddings.weight from /home/juarez/git/results/JIIS-revised-exp1/ml-sun_ho_sfKG_ig-mv-complex-25/ml1m-bprmf-pretrained.ckpt.
2021-03-05 19:32:55,049 - root - INFO - Training.
2021-03-05 19:32:55,049 - root - INFO - train loss:0.0000!
2021-03-05 19:32:56,408 - root - INFO - f1:0.0719, p:0.0976, r:0.0760, hit:0.4464, ndcg:0.2676, topn:10.
2021-03-05 19:32:57,637 - root - INFO - f1:0.0774, p:0.1597, r:0.0625, hit:0.5663, ndcg:0.3575, topn:10.
2021-03-05 19:33:23,668 - root - INFO - train loss:77.9066!
2021-03-05 19:33:24,894 - root - INFO - f1:0.1440, p:0.1674, r:0.1790, hit:0.7179, ndcg:0.4437, topn:10.
2021-03-05 19:33:26,136 - root - INFO - f1:0.1697, p:0.2738, r:0.1620, hit:0.8484, ndcg:0.5676, topn:10.
2021-03-05 19:33:26,139 - root - INFO - Checkpointing ...
2021-03-05 19:33:49,641 - root - INFO - train loss:0.1735!
2021-03-05 19:33:50,884 - root - INFO - f1:0.1475, p:0.1714, r:0.1838, hit:0.7264, ndcg:0.4563, topn:10.
2021-03-05 19:33:52,104 - root - INFO - f1:0.1749, p:0.2825, r:0.1668, hit:0.8558, ndcg:0.5827, topn:10.
2021-03-05 19:33:52,107 - root - INFO - Checkpointing ...
2021-03-05 19:34:14,132 - root - INFO - train loss:0.1629!
2021-03-05 19:34:15,366 - root - INFO - f1:0.1504, p:0.1752, r:0.1865, hit:0.7296, ndcg:0.4664, topn:10.
2021-03-05 19:34:16,630 - root - INFO - f1:0.1824, p:0.2937, r:0.1742, hit:0.8727, ndcg:0.5940, topn:10.
2021-03-05 19:34:16,633 - root - INFO - Checkpointing ...
2021-03-05 19:34:41,011 - root - INFO - train loss:0.1568!
2021-03-05 19:34:42,268 - root - INFO - f1:0.1544, p:0.1801, r:0.1923, hit:0.7338, ndcg:0.4712, topn:10.
2021-03-05 19:34:43,497 - root - INFO - f1:0.1864, p:0.2992, r:0.1784, hit:0.8791, ndcg:0.6017, topn:10.
2021-03-05 19:34:43,501 - root - INFO - Checkpointing ...
2021-03-05 19:35:06,356 - root - INFO - train loss:0.1515!
2021-03-05 19:35:07,611 - root - INFO - f1:0.1566, p:0.1829, r:0.1940, hit:0.7338, ndcg:0.4772, topn:10.
2021-03-05 19:35:08,893 - root - INFO - f1:0.1890, p:0.3027, r:0.1810, hit:0.8812, ndcg:0.6090, topn:10.
2021-03-05 19:35:08,898 - root - INFO - Checkpointing ...
2021-03-05 19:35:33,227 - root - INFO - train loss:0.1478!
2021-03-05 19:35:34,464 - root - INFO - f1:0.1597, p:0.1864, r:0.1983, hit:0.7370, ndcg:0.4850, topn:10.
2021-03-05 19:35:35,645 - root - INFO - f1:0.1918, p:0.3069, r:0.1838, hit:0.8855, ndcg:0.6141, topn:10.
2021-03-05 19:35:35,648 - root - INFO - Checkpointing ...
2021-03-05 19:35:58,760 - root - INFO - train loss:0.1444!
2021-03-05 19:36:00,261 - root - INFO - f1:0.1627, p:0.1895, r:0.2033, hit:0.7476, ndcg:0.4910, topn:10.
2021-03-05 19:36:01,520 - root - INFO - f1:0.1942, p:0.3108, r:0.1864, hit:0.8844, ndcg:0.6159, topn:10.
2021-03-05 19:36:01,524 - root - INFO - Checkpointing ...
2021-03-05 19:36:23,181 - root - INFO - train loss:0.1420!
2021-03-05 19:36:24,511 - root - INFO - f1:0.1655, p:0.1923, r:0.2056, hit:0.7529, ndcg:0.4912, topn:10.
2021-03-05 19:36:25,769 - root - INFO - f1:0.1976, p:0.3160, r:0.1895, hit:0.8887, ndcg:0.6226, topn:10.
2021-03-05 19:36:25,774 - root - INFO - Checkpointing ...
2021-03-05 19:36:47,805 - root - INFO - train loss:0.1393!
2021-03-05 19:36:49,073 - root - INFO - f1:0.1670, p:0.1938, r:0.2080, hit:0.7572, ndcg:0.4956, topn:10.
2021-03-05 19:36:50,296 - root - INFO - f1:0.1992, p:0.3179, r:0.1922, hit:0.8876, ndcg:0.6240, topn:10.
2021-03-05 19:36:50,300 - root - INFO - Checkpointing ...
2021-03-05 19:37:12,224 - root - INFO - train loss:0.1376!
2021-03-05 19:37:13,490 - root - INFO - f1:0.1694, p:0.1965, r:0.2117, hit:0.7635, ndcg:0.4997, topn:10.
2021-03-05 19:37:14,828 - root - INFO - f1:0.2015, p:0.3213, r:0.1946, hit:0.8918, ndcg:0.6260, topn:10.
2021-03-05 19:37:14,832 - root - INFO - Checkpointing ...
2021-03-05 19:37:38,019 - root - INFO - train loss:0.1354!
2021-03-05 19:37:39,278 - root - INFO - f1:0.1700, p:0.1971, r:0.2133, hit:0.7635, ndcg:0.5030, topn:10.
2021-03-05 19:37:40,578 - root - INFO - f1:0.2030, p:0.3233, r:0.1961, hit:0.8929, ndcg:0.6298, topn:10.
2021-03-05 19:37:40,582 - root - INFO - Checkpointing ...
2021-03-05 19:38:03,289 - root - INFO - train loss:0.1339!
2021-03-05 19:38:04,654 - root - INFO - f1:0.1722, p:0.1994, r:0.2156, hit:0.7688, ndcg:0.5069, topn:10.
2021-03-05 19:38:05,893 - root - INFO - f1:0.2038, p:0.3255, r:0.1965, hit:0.8908, ndcg:0.6335, topn:10.
2021-03-05 19:38:05,897 - root - INFO - Checkpointing ...
2021-03-05 19:38:28,518 - root - INFO - train loss:0.1327!
2021-03-05 19:38:29,733 - root - INFO - f1:0.1728, p:0.2006, r:0.2157, hit:0.7625, ndcg:0.5080, topn:10.
2021-03-05 19:38:31,023 - root - INFO - f1:0.2054, p:0.3270, r:0.1982, hit:0.8918, ndcg:0.6370, topn:10.
2021-03-05 19:38:31,026 - root - INFO - Checkpointing ...
2021-03-05 19:38:53,178 - root - INFO - train loss:0.1310!
2021-03-05 19:38:54,323 - root - INFO - f1:0.1736, p:0.2013, r:0.2169, hit:0.7667, ndcg:0.5115, topn:10.
2021-03-05 19:38:55,600 - root - INFO - f1:0.2063, p:0.3278, r:0.1987, hit:0.8929, ndcg:0.6402, topn:10.
2021-03-05 19:38:55,603 - root - INFO - Checkpointing ...
2021-03-05 19:39:18,096 - root - INFO - train loss:0.1294!
2021-03-05 19:39:19,345 - root - INFO - f1:0.1744, p:0.2022, r:0.2181, hit:0.7656, ndcg:0.5164, topn:10.
2021-03-05 19:39:20,565 - root - INFO - f1:0.2074, p:0.3295, r:0.2001, hit:0.8929, ndcg:0.6433, topn:10.
2021-03-05 19:39:20,569 - root - INFO - Checkpointing ...
2021-03-05 19:39:44,086 - root - INFO - train loss:0.1286!
2021-03-05 19:39:45,346 - root - INFO - f1:0.1761, p:0.2038, r:0.2206, hit:0.7720, ndcg:0.5196, topn:10.
2021-03-05 19:39:46,645 - root - INFO - f1:0.2080, p:0.3309, r:0.2003, hit:0.8929, ndcg:0.6448, topn:10.
2021-03-05 19:39:46,650 - root - INFO - Checkpointing ...
2021-03-05 19:40:08,144 - root - INFO - train loss:0.1274!
2021-03-05 19:40:09,453 - root - INFO - f1:0.1787, p:0.2067, r:0.2235, hit:0.7762, ndcg:0.5192, topn:10.
2021-03-05 19:40:10,727 - root - INFO - f1:0.2105, p:0.3344, r:0.2025, hit:0.8993, ndcg:0.6474, topn:10.
2021-03-05 19:40:10,731 - root - INFO - Checkpointing ...
2021-03-05 19:40:32,794 - root - INFO - train loss:0.1262!
2021-03-05 19:40:34,034 - root - INFO - f1:0.1796, p:0.2076, r:0.2247, hit:0.7805, ndcg:0.5227, topn:10.
2021-03-05 19:40:35,297 - root - INFO - f1:0.2113, p:0.3353, r:0.2033, hit:0.8971, ndcg:0.6475, topn:10.
2021-03-05 19:40:35,301 - root - INFO - Checkpointing ...
2021-03-05 19:40:57,817 - root - INFO - train loss:0.1253!
2021-03-05 19:40:59,067 - root - INFO - f1:0.1805, p:0.2091, r:0.2261, hit:0.7805, ndcg:0.5236, topn:10.
2021-03-05 19:41:00,339 - root - INFO - f1:0.2122, p:0.3372, r:0.2038, hit:0.8982, ndcg:0.6478, topn:10.
2021-03-05 19:41:00,344 - root - INFO - Checkpointing ...
2021-03-05 19:41:24,370 - root - INFO - train loss:0.1245!
2021-03-05 19:41:25,889 - root - INFO - f1:0.1807, p:0.2094, r:0.2254, hit:0.7815, ndcg:0.5241, topn:10.
2021-03-05 19:41:27,133 - root - INFO - f1:0.2149, p:0.3408, r:0.2065, hit:0.9003, ndcg:0.6494, topn:10.
2021-03-05 19:41:27,139 - root - INFO - Checkpointing ...
2021-03-05 19:41:49,733 - root - INFO - train loss:0.1237!
2021-03-05 19:41:51,024 - root - INFO - f1:0.1811, p:0.2095, r:0.2269, hit:0.7837, ndcg:0.5271, topn:10.
2021-03-05 19:41:52,297 - root - INFO - f1:0.2148, p:0.3406, r:0.2063, hit:0.9003, ndcg:0.6512, topn:10.
2021-03-05 19:41:52,301 - root - INFO - Checkpointing ...
2021-03-05 19:42:16,705 - root - INFO - train loss:0.1230!
2021-03-05 19:42:17,890 - root - INFO - f1:0.1831, p:0.2119, r:0.2298, hit:0.7890, ndcg:0.5289, topn:10.
2021-03-05 19:42:19,064 - root - INFO - f1:0.2159, p:0.3421, r:0.2073, hit:0.9046, ndcg:0.6547, topn:10.
2021-03-05 19:42:19,069 - root - INFO - Checkpointing ...
2021-03-05 19:42:43,580 - root - INFO - train loss:0.1220!
2021-03-05 19:42:44,824 - root - INFO - f1:0.1842, p:0.2126, r:0.2312, hit:0.7869, ndcg:0.5277, topn:10.
2021-03-05 19:42:45,991 - root - INFO - f1:0.2169, p:0.3436, r:0.2085, hit:0.9088, ndcg:0.6572, topn:10.
2021-03-05 19:42:45,994 - root - INFO - Checkpointing ...
2021-03-05 19:43:08,821 - root - INFO - train loss:0.1212!
2021-03-05 19:43:10,008 - root - INFO - f1:0.1846, p:0.2133, r:0.2315, hit:0.7858, ndcg:0.5295, topn:10.
2021-03-05 19:43:11,238 - root - INFO - f1:0.2174, p:0.3445, r:0.2089, hit:0.9067, ndcg:0.6593, topn:10.
2021-03-05 19:43:11,243 - root - INFO - Checkpointing ...
2021-03-05 19:43:34,617 - root - INFO - train loss:0.1205!
2021-03-05 19:43:35,859 - root - INFO - f1:0.1842, p:0.2133, r:0.2305, hit:0.7837, ndcg:0.5309, topn:10.
2021-03-05 19:43:37,113 - root - INFO - f1:0.2193, p:0.3470, r:0.2109, hit:0.9077, ndcg:0.6592, topn:10.
2021-03-05 19:43:37,118 - root - INFO - No improvement after one epoch. Lowering learning rate.
2021-03-05 19:44:00,314 - root - INFO - train loss:0.1253!
2021-03-05 19:44:01,547 - root - INFO - f1:0.1882, p:0.2170, r:0.2372, hit:0.7932, ndcg:0.5491, topn:10.
2021-03-05 19:44:02,761 - root - INFO - f1:0.2222, p:0.3527, r:0.2127, hit:0.9099, ndcg:0.6759, topn:10.
2021-03-05 19:44:02,766 - root - INFO - Checkpointing ...
2021-03-05 19:44:26,417 - root - INFO - train loss:0.1180!
2021-03-05 19:44:27,709 - root - INFO - f1:0.1907, p:0.2198, r:0.2400, hit:0.7932, ndcg:0.5512, topn:10.
2021-03-05 19:44:28,920 - root - INFO - f1:0.2272, p:0.3591, r:0.2181, hit:0.9162, ndcg:0.6865, topn:10.
2021-03-05 19:44:28,924 - root - INFO - Checkpointing ...
2021-03-05 19:44:52,175 - root - INFO - train loss:0.1155!
2021-03-05 19:44:53,388 - root - INFO - f1:0.1924, p:0.2218, r:0.2418, hit:0.7985, ndcg:0.5547, topn:10.
2021-03-05 19:44:54,608 - root - INFO - f1:0.2300, p:0.3633, r:0.2209, hit:0.9162, ndcg:0.6868, topn:10.
2021-03-05 19:44:54,611 - root - INFO - Checkpointing ...
2021-03-05 19:45:16,833 - root - INFO - train loss:0.1140!
2021-03-05 19:45:18,023 - root - INFO - f1:0.1935, p:0.2228, r:0.2437, hit:0.7985, ndcg:0.5566, topn:10.
2021-03-05 19:45:19,195 - root - INFO - f1:0.2324, p:0.3671, r:0.2230, hit:0.9215, ndcg:0.6912, topn:10.
2021-03-05 19:45:19,198 - root - INFO - Checkpointing ...
2021-03-05 19:45:41,551 - root - INFO - train loss:0.1125!
2021-03-05 19:45:42,810 - root - INFO - f1:0.1958, p:0.2249, r:0.2475, hit:0.8049, ndcg:0.5625, topn:10.
2021-03-05 19:45:44,074 - root - INFO - f1:0.2333, p:0.3695, r:0.2228, hit:0.9183, ndcg:0.6942, topn:10.
2021-03-05 19:45:44,078 - root - INFO - Checkpointing ...
2021-03-05 19:46:07,807 - root - INFO - train loss:0.1121!
2021-03-05 19:46:09,073 - root - INFO - f1:0.1965, p:0.2260, r:0.2478, hit:0.8028, ndcg:0.5611, topn:10.
2021-03-05 19:46:10,282 - root - INFO - f1:0.2339, p:0.3707, r:0.2232, hit:0.9236, ndcg:0.6957, topn:10.
2021-03-05 19:46:10,286 - root - INFO - Checkpointing ...
2021-03-05 19:46:34,045 - root - INFO - train loss:0.1110!
2021-03-05 19:46:35,282 - root - INFO - f1:0.1967, p:0.2263, r:0.2480, hit:0.8070, ndcg:0.5654, topn:10.
2021-03-05 19:46:36,511 - root - INFO - f1:0.2355, p:0.3726, r:0.2249, hit:0.9215, ndcg:0.6973, topn:10.
2021-03-05 19:46:36,516 - root - INFO - Checkpointing ...
2021-03-05 19:46:59,145 - root - INFO - train loss:0.1102!
2021-03-05 19:47:00,444 - root - INFO - f1:0.1979, p:0.2276, r:0.2495, hit:0.8059, ndcg:0.5677, topn:10.
2021-03-05 19:47:01,934 - root - INFO - f1:0.2357, p:0.3733, r:0.2251, hit:0.9226, ndcg:0.6997, topn:10.
2021-03-05 19:47:01,939 - root - INFO - Checkpointing ...
2021-03-05 19:47:25,367 - root - INFO - train loss:0.1099!
2021-03-05 19:47:26,604 - root - INFO - f1:0.1995, p:0.2291, r:0.2517, hit:0.8081, ndcg:0.5714, topn:10.
2021-03-05 19:47:27,885 - root - INFO - f1:0.2364, p:0.3740, r:0.2263, hit:0.9247, ndcg:0.7015, topn:10.
2021-03-05 19:47:27,890 - root - INFO - Checkpointing ...
2021-03-05 19:47:50,398 - root - INFO - train loss:0.1092!
2021-03-05 19:47:51,711 - root - INFO - f1:0.1997, p:0.2292, r:0.2521, hit:0.8070, ndcg:0.5717, topn:10.
2021-03-05 19:47:52,930 - root - INFO - f1:0.2372, p:0.3752, r:0.2269, hit:0.9268, ndcg:0.7044, topn:10.
2021-03-05 19:47:52,936 - root - INFO - Checkpointing ...
2021-03-05 19:48:16,522 - root - INFO - train loss:0.1083!
2021-03-05 19:48:17,713 - root - INFO - f1:0.1994, p:0.2292, r:0.2511, hit:0.8038, ndcg:0.5698, topn:10.
2021-03-05 19:48:18,970 - root - INFO - f1:0.2389, p:0.3777, r:0.2284, hit:0.9247, ndcg:0.7043, topn:10.
2021-03-05 19:48:18,973 - root - INFO - No improvement after one epoch. Lowering learning rate.
2021-03-05 19:48:41,273 - root - INFO - train loss:0.1105!
2021-03-05 19:48:42,595 - root - INFO - f1:0.1998, p:0.2301, r:0.2510, hit:0.8049, ndcg:0.5705, topn:10.
2021-03-05 19:48:43,847 - root - INFO - f1:0.2380, p:0.3776, r:0.2269, hit:0.9194, ndcg:0.7080, topn:10.
2021-03-05 19:48:43,851 - root - INFO - Checkpointing ...
2021-03-05 19:49:05,499 - root - INFO - train loss:0.1071!
2021-03-05 19:49:06,698 - root - INFO - f1:0.2006, p:0.2310, r:0.2523, hit:0.8038, ndcg:0.5723, topn:10.
2021-03-05 19:49:07,911 - root - INFO - f1:0.2406, p:0.3809, r:0.2299, hit:0.9215, ndcg:0.7076, topn:10.
2021-03-05 19:49:07,919 - root - INFO - Checkpointing ...
2021-03-05 19:49:30,724 - root - INFO - train loss:0.1073!
2021-03-05 19:49:31,938 - root - INFO - f1:0.2008, p:0.2315, r:0.2517, hit:0.8070, ndcg:0.5772, topn:10.
2021-03-05 19:49:33,202 - root - INFO - f1:0.2408, p:0.3814, r:0.2299, hit:0.9236, ndcg:0.7102, topn:10.
2021-03-05 19:49:33,207 - root - INFO - Checkpointing ...
2021-03-05 19:49:55,888 - root - INFO - train loss:0.1062!
2021-03-05 19:49:57,170 - root - INFO - f1:0.2028, p:0.2337, r:0.2548, hit:0.8081, ndcg:0.5757, topn:10.
2021-03-05 19:49:58,402 - root - INFO - f1:0.2416, p:0.3828, r:0.2305, hit:0.9247, ndcg:0.7109, topn:10.
2021-03-05 19:49:58,406 - root - INFO - Checkpointing ...
2021-03-05 19:50:20,544 - root - INFO - train loss:0.1054!
2021-03-05 19:50:21,787 - root - INFO - f1:0.2040, p:0.2347, r:0.2565, hit:0.8102, ndcg:0.5790, topn:10.
2021-03-05 19:50:23,051 - root - INFO - f1:0.2418, p:0.3839, r:0.2303, hit:0.9205, ndcg:0.7106, topn:10.
2021-03-05 19:50:23,055 - root - INFO - Checkpointing ...
2021-03-05 19:50:45,579 - root - INFO - train loss:0.1050!
2021-03-05 19:50:46,888 - root - INFO - f1:0.2045, p:0.2349, r:0.2584, hit:0.8112, ndcg:0.5807, topn:10.
2021-03-05 19:50:48,128 - root - INFO - f1:0.2420, p:0.3837, r:0.2307, hit:0.9226, ndcg:0.7118, topn:10.
2021-03-05 19:50:48,133 - root - INFO - Checkpointing ...
2021-03-05 19:51:11,650 - root - INFO - train loss:0.1040!
2021-03-05 19:51:12,854 - root - INFO - f1:0.2054, p:0.2359, r:0.2588, hit:0.8102, ndcg:0.5811, topn:10.
2021-03-05 19:51:14,093 - root - INFO - f1:0.2437, p:0.3856, r:0.2330, hit:0.9258, ndcg:0.7139, topn:10.
2021-03-05 19:51:14,098 - root - INFO - Checkpointing ...
2021-03-05 19:51:36,937 - root - INFO - train loss:0.1040!
2021-03-05 19:51:38,185 - root - INFO - f1:0.2059, p:0.2366, r:0.2601, hit:0.8155, ndcg:0.5828, topn:10.
2021-03-05 19:51:39,471 - root - INFO - f1:0.2445, p:0.3866, r:0.2337, hit:0.9258, ndcg:0.7145, topn:10.
2021-03-05 19:51:39,473 - root - INFO - Checkpointing ...
2021-03-05 19:52:02,633 - root - INFO - train loss:0.1040!
2021-03-05 19:52:03,898 - root - INFO - f1:0.2058, p:0.2367, r:0.2592, hit:0.8155, ndcg:0.5834, topn:10.
2021-03-05 19:52:05,098 - root - INFO - f1:0.2446, p:0.3869, r:0.2338, hit:0.9247, ndcg:0.7147, topn:10.
2021-03-05 19:52:05,103 - root - INFO - No improvement after one epoch. Lowering learning rate.
2021-03-05 19:52:29,116 - root - INFO - train loss:0.1048!
2021-03-05 19:52:30,408 - root - INFO - f1:0.2077, p:0.2383, r:0.2615, hit:0.8197, ndcg:0.5820, topn:10.
2021-03-05 19:52:31,912 - root - INFO - f1:0.2433, p:0.3860, r:0.2321, hit:0.9268, ndcg:0.7165, topn:10.
2021-03-05 19:52:31,917 - root - INFO - Checkpointing ...
2021-03-05 19:52:52,965 - root - INFO - train loss:0.1032!
2021-03-05 19:52:54,197 - root - INFO - f1:0.2076, p:0.2380, r:0.2614, hit:0.8155, ndcg:0.5811, topn:10.
2021-03-05 19:52:55,455 - root - INFO - f1:0.2441, p:0.3864, r:0.2330, hit:0.9268, ndcg:0.7182, topn:10.
2021-03-05 19:52:55,458 - root - INFO - No improvement after one epoch. Lowering learning rate.
2021-03-05 19:53:18,221 - root - INFO - train loss:0.1034!
2021-03-05 19:53:19,511 - root - INFO - f1:0.2072, p:0.2381, r:0.2601, hit:0.8134, ndcg:0.5808, topn:10.
2021-03-05 19:53:20,805 - root - INFO - f1:0.2440, p:0.3869, r:0.2325, hit:0.9258, ndcg:0.7176, topn:10.
2021-03-05 19:53:20,809 - root - INFO - No improvement after one epoch. Lowering learning rate.
2021-03-05 19:53:42,865 - root - INFO - train loss:0.1036!
2021-03-05 19:53:44,152 - root - INFO - f1:0.2071, p:0.2379, r:0.2604, hit:0.8144, ndcg:0.5830, topn:10.
2021-03-05 19:53:45,379 - root - INFO - f1:0.2441, p:0.3871, r:0.2322, hit:0.9258, ndcg:0.7184, topn:10.
2021-03-05 19:53:45,383 - root - INFO - No improvement after one epoch. Lowering learning rate.
2021-03-05 19:54:07,506 - root - INFO - train loss:0.1031!
2021-03-05 19:54:08,739 - root - INFO - f1:0.2071, p:0.2379, r:0.2604, hit:0.8155, ndcg:0.5834, topn:10.
2021-03-05 19:54:09,967 - root - INFO - f1:0.2432, p:0.3859, r:0.2314, hit:0.9247, ndcg:0.7177, topn:10.
2021-03-05 19:54:09,970 - root - INFO - No improvement after one epoch. Lowering learning rate.
2021-03-05 19:54:33,943 - root - INFO - train loss:0.1028!
2021-03-05 19:54:35,251 - root - INFO - f1:0.2072, p:0.2380, r:0.2605, hit:0.8134, ndcg:0.5824, topn:10.
2021-03-05 19:54:36,557 - root - INFO - f1:0.2435, p:0.3863, r:0.2317, hit:0.9247, ndcg:0.7173, topn:10.
2021-03-05 19:54:36,561 - root - INFO - No improvement after one epoch. Lowering learning rate.
2021-03-05 19:54:36,621 - root - INFO - No improvement after 13317 steps. Stopping training.
2021-03-05 19:54:38,303 - root - INFO - From CaseRecommender evaluator: {'PREC@10': 0.23807, 'RECALL@10': 0.260606, 'NDCG@10': 0.582362, 'MAP@10': 0.475169, 'MAP': 0.475169}.
2021-03-05 19:54:38,506 - root - INFO - From kg-summ-rec diversity evaluator: {'GENRE_COVERAGE@10': 0.470352, 'GENRE_REDUNDANCY@10': 0.427755, 'ILD_GENRE@10': 0.807035}.
2021-03-05 19:54:40,223 - root - INFO - From CaseRecommender evaluator: {'PREC@10': 0.386532, 'RECALL@10': 0.231755, 'NDCG@10': 0.716825, 'MAP@10': 0.61567, 'MAP': 0.61567}.
2021-03-05 19:54:40,427 - root - INFO - From kg-summ-rec diversity evaluator: {'GENRE_COVERAGE@10': 0.466861, 'GENRE_REDUNDANCY@10': 0.422435, 'ILD_GENRE@10': 0.80487}.
