2021-03-04 22:37:52,064 - root - INFO - Flag Values:
{
    "L1_flag": true,
    "batch_size": 256,
    "ckpt_path": "/home/juarez/git/results/JIIS-revised-exp1/ml-sun_ho_sKG_ig-mv-complex-75/",
    "clipping_max_value": 5.0,
    "data_path": "/home/juarez/git/datasets/JIIS-revised-exp1/ml-sun_ho_sKG_ig-mv-complex-75/cao-format/",
    "dataset": "ml1m",
    "early_stopping_steps_to_wait": 13317,
    "embedding_size": 100,
    "eval_interval_steps": 2663,
    "eval_only_mode": false,
    "experiment_name": "ml1m-transup-1614908272",
    "filter_wrong_corrupted": true,
    "has_visualization": false,
    "is_report": false,
    "joint_ratio": 0.5,
    "kg_lambda": 1.0,
    "kg_test_files": null,
    "l2_lambda": 1e-05,
    "learning_rate": 0.005,
    "learning_rate_decay_when_no_progress": 0.5,
    "load_ckpt_file": "/home/juarez/git/results/JIIS-revised-exp1/ml-sun_ho_sKG_ig-mv-complex-75/ml1m-bprmf-pretrained.ckpt",
    "load_experiment_name": null,
    "log_level": "debug",
    "log_path": "/home/juarez/git/results/JIIS-revised-exp1/ml-sun_ho_sKG_ig-mv-complex-75/",
    "margin": 1.0,
    "max_queue": 10,
    "model_type": "transup",
    "momentum": 0.9,
    "negtive_samples": 1,
    "norm_lambda": 1.0,
    "num_preferences": 3,
    "num_processes": 4,
    "optimizer_type": "Adagrad",
    "rec_test_files": "valid.dat:test.dat",
    "seed": 0,
    "share_embeddings": false,
    "topn": 10,
    "training_steps": 266300,
    "use_st_gumbel": false,
    "visualization_port": 8097
}
2021-03-04 22:37:52,301 - root - INFO - Totally 69982 train ratings, 9998,19995 eval ratings in files: /home/juarez/git/datasets/JIIS-revised-exp1/ml-sun_ho_sKG_ig-mv-complex-75/cao-format/ml1m/valid.dat;/home/juarez/git/datasets/JIIS-revised-exp1/ml-sun_ho_sKG_ig-mv-complex-75/cao-format/ml1m/test.dat!
2021-03-04 22:37:52,303 - root - INFO - successfully load 943 users and 1675 items!
2021-03-04 22:37:52,383 - root - INFO - Building model.
2021-03-04 22:37:53,695 - root - INFO - Architecture: TransUPModel(
  (user_embeddings): Embedding(943, 100)
  (item_embeddings): Embedding(1675, 100)
  (pref_embeddings): Embedding(3, 100)
  (pref_norm_embeddings): Embedding(3, 100)
)
2021-03-04 22:37:53,695 - root - INFO - Total params: 262400.0
2021-03-04 22:37:53,696 - root - INFO - One epoch is 274 steps.
2021-03-04 22:37:53,696 - root - INFO - Found checkpoint, restoring pre-trained embeddings.
2021-03-04 22:37:53,699 - root - INFO - Load Embeddings of user_embeddings.weight, item_embeddings.weight from /home/juarez/git/results/JIIS-revised-exp1/ml-sun_ho_sKG_ig-mv-complex-75/ml1m-bprmf-pretrained.ckpt.
2021-03-04 22:37:53,700 - root - INFO - Training.
2021-03-04 22:37:53,700 - root - INFO - train loss:0.0000!
2021-03-04 22:37:55,201 - root - INFO - f1:0.0721, p:0.0973, r:0.0767, hit:0.4433, ndcg:0.2688, topn:10.
2021-03-04 22:37:56,545 - root - INFO - f1:0.0774, p:0.1601, r:0.0614, hit:0.5705, ndcg:0.3621, topn:10.
2021-03-04 22:38:19,225 - root - INFO - train loss:78.0386!
2021-03-04 22:38:20,427 - root - INFO - f1:0.1416, p:0.1644, r:0.1763, hit:0.7105, ndcg:0.4419, topn:10.
2021-03-04 22:38:21,769 - root - INFO - f1:0.1707, p:0.2766, r:0.1632, hit:0.8558, ndcg:0.5699, topn:10.
2021-03-04 22:38:21,773 - root - INFO - Checkpointing ...
2021-03-04 22:38:43,745 - root - INFO - train loss:0.1745!
2021-03-04 22:38:45,074 - root - INFO - f1:0.1465, p:0.1697, r:0.1828, hit:0.7264, ndcg:0.4558, topn:10.
2021-03-04 22:38:46,362 - root - INFO - f1:0.1769, p:0.2861, r:0.1690, hit:0.8621, ndcg:0.5874, topn:10.
2021-03-04 22:38:46,367 - root - INFO - Checkpointing ...
2021-03-04 22:39:08,281 - root - INFO - train loss:0.1635!
2021-03-04 22:39:09,614 - root - INFO - f1:0.1512, p:0.1753, r:0.1892, hit:0.7349, ndcg:0.4631, topn:10.
2021-03-04 22:39:10,963 - root - INFO - f1:0.1825, p:0.2934, r:0.1749, hit:0.8674, ndcg:0.5929, topn:10.
2021-03-04 22:39:10,966 - root - INFO - Checkpointing ...
2021-03-04 22:39:32,335 - root - INFO - train loss:0.1567!
2021-03-04 22:39:33,646 - root - INFO - f1:0.1531, p:0.1777, r:0.1906, hit:0.7306, ndcg:0.4675, topn:10.
2021-03-04 22:39:34,932 - root - INFO - f1:0.1859, p:0.2977, r:0.1787, hit:0.8696, ndcg:0.5974, topn:10.
2021-03-04 22:39:34,936 - root - INFO - Checkpointing ...
2021-03-04 22:39:58,144 - root - INFO - train loss:0.1520!
2021-03-04 22:39:59,508 - root - INFO - f1:0.1551, p:0.1801, r:0.1929, hit:0.7413, ndcg:0.4750, topn:10.
2021-03-04 22:40:00,855 - root - INFO - f1:0.1882, p:0.3017, r:0.1803, hit:0.8696, ndcg:0.6043, topn:10.
2021-03-04 22:40:00,860 - root - INFO - Checkpointing ...
2021-03-04 22:40:21,857 - root - INFO - train loss:0.1481!
2021-03-04 22:40:23,189 - root - INFO - f1:0.1568, p:0.1824, r:0.1937, hit:0.7444, ndcg:0.4795, topn:10.
2021-03-04 22:40:24,475 - root - INFO - f1:0.1917, p:0.3067, r:0.1843, hit:0.8759, ndcg:0.6089, topn:10.
2021-03-04 22:40:24,478 - root - INFO - Checkpointing ...
2021-03-04 22:40:45,580 - root - INFO - train loss:0.1451!
2021-03-04 22:40:47,139 - root - INFO - f1:0.1598, p:0.1860, r:0.1959, hit:0.7508, ndcg:0.4874, topn:10.
2021-03-04 22:40:48,429 - root - INFO - f1:0.1941, p:0.3102, r:0.1864, hit:0.8791, ndcg:0.6127, topn:10.
2021-03-04 22:40:48,433 - root - INFO - Checkpointing ...
2021-03-04 22:41:09,802 - root - INFO - train loss:0.1420!
2021-03-04 22:41:11,098 - root - INFO - f1:0.1628, p:0.1894, r:0.2004, hit:0.7582, ndcg:0.4920, topn:10.
2021-03-04 22:41:12,426 - root - INFO - f1:0.1959, p:0.3120, r:0.1884, hit:0.8844, ndcg:0.6182, topn:10.
2021-03-04 22:41:12,430 - root - INFO - Checkpointing ...
2021-03-04 22:41:33,506 - root - INFO - train loss:0.1398!
2021-03-04 22:41:34,778 - root - INFO - f1:0.1651, p:0.1910, r:0.2041, hit:0.7635, ndcg:0.4957, topn:10.
2021-03-04 22:41:36,099 - root - INFO - f1:0.1976, p:0.3151, r:0.1902, hit:0.8887, ndcg:0.6208, topn:10.
2021-03-04 22:41:36,104 - root - INFO - Checkpointing ...
2021-03-04 22:41:57,844 - root - INFO - train loss:0.1379!
2021-03-04 22:41:59,098 - root - INFO - f1:0.1660, p:0.1926, r:0.2044, hit:0.7625, ndcg:0.4989, topn:10.
2021-03-04 22:42:00,456 - root - INFO - f1:0.1988, p:0.3168, r:0.1912, hit:0.8865, ndcg:0.6264, topn:10.
2021-03-04 22:42:00,464 - root - INFO - Checkpointing ...
2021-03-04 22:42:21,149 - root - INFO - train loss:0.1358!
2021-03-04 22:42:22,490 - root - INFO - f1:0.1675, p:0.1940, r:0.2065, hit:0.7635, ndcg:0.5010, topn:10.
2021-03-04 22:42:23,847 - root - INFO - f1:0.1998, p:0.3182, r:0.1923, hit:0.8876, ndcg:0.6284, topn:10.
2021-03-04 22:42:23,850 - root - INFO - Checkpointing ...
2021-03-04 22:42:45,460 - root - INFO - train loss:0.1341!
2021-03-04 22:42:46,754 - root - INFO - f1:0.1682, p:0.1957, r:0.2063, hit:0.7646, ndcg:0.5049, topn:10.
2021-03-04 22:42:48,081 - root - INFO - f1:0.2020, p:0.3216, r:0.1946, hit:0.8961, ndcg:0.6315, topn:10.
2021-03-04 22:42:48,086 - root - INFO - Checkpointing ...
2021-03-04 22:43:09,289 - root - INFO - train loss:0.1327!
2021-03-04 22:43:10,608 - root - INFO - f1:0.1695, p:0.1967, r:0.2091, hit:0.7667, ndcg:0.5066, topn:10.
2021-03-04 22:43:11,898 - root - INFO - f1:0.2034, p:0.3239, r:0.1959, hit:0.8971, ndcg:0.6352, topn:10.
2021-03-04 22:43:11,903 - root - INFO - Checkpointing ...
2021-03-04 22:43:33,497 - root - INFO - train loss:0.1312!
2021-03-04 22:43:34,834 - root - INFO - f1:0.1710, p:0.1984, r:0.2107, hit:0.7667, ndcg:0.5070, topn:10.
2021-03-04 22:43:36,163 - root - INFO - f1:0.2049, p:0.3263, r:0.1971, hit:0.8950, ndcg:0.6392, topn:10.
2021-03-04 22:43:36,167 - root - INFO - Checkpointing ...
2021-03-04 22:43:57,321 - root - INFO - train loss:0.1298!
2021-03-04 22:43:58,639 - root - INFO - f1:0.1731, p:0.2002, r:0.2137, hit:0.7709, ndcg:0.5104, topn:10.
2021-03-04 22:43:59,909 - root - INFO - f1:0.2074, p:0.3296, r:0.1998, hit:0.8971, ndcg:0.6421, topn:10.
2021-03-04 22:43:59,914 - root - INFO - Checkpointing ...
2021-03-04 22:44:20,263 - root - INFO - train loss:0.1288!
2021-03-04 22:44:21,636 - root - INFO - f1:0.1733, p:0.2005, r:0.2145, hit:0.7699, ndcg:0.5135, topn:10.
2021-03-04 22:44:23,031 - root - INFO - f1:0.2083, p:0.3308, r:0.2007, hit:0.8961, ndcg:0.6432, topn:10.
2021-03-04 22:44:23,035 - root - INFO - Checkpointing ...
2021-03-04 22:44:45,846 - root - INFO - train loss:0.1277!
2021-03-04 22:44:47,134 - root - INFO - f1:0.1732, p:0.2007, r:0.2137, hit:0.7699, ndcg:0.5155, topn:10.
2021-03-04 22:44:48,483 - root - INFO - f1:0.2100, p:0.3333, r:0.2025, hit:0.8993, ndcg:0.6476, topn:10.
2021-03-04 22:44:48,487 - root - INFO - No improvement after one epoch. Lowering learning rate.
2021-03-04 22:45:10,546 - root - INFO - train loss:0.1308!
2021-03-04 22:45:11,911 - root - INFO - f1:0.1840, p:0.2107, r:0.2331, hit:0.7953, ndcg:0.5411, topn:10.
2021-03-04 22:45:13,172 - root - INFO - f1:0.2158, p:0.3411, r:0.2081, hit:0.9109, ndcg:0.6766, topn:10.
2021-03-04 22:45:13,176 - root - INFO - Checkpointing ...
2021-03-04 22:45:35,071 - root - INFO - train loss:0.1233!
2021-03-04 22:45:36,311 - root - INFO - f1:0.1869, p:0.2143, r:0.2375, hit:0.7953, ndcg:0.5455, topn:10.
2021-03-04 22:45:37,599 - root - INFO - f1:0.2183, p:0.3457, r:0.2097, hit:0.9088, ndcg:0.6806, topn:10.
2021-03-04 22:45:37,602 - root - INFO - Checkpointing ...
2021-03-04 22:45:59,127 - root - INFO - train loss:0.1207!
2021-03-04 22:46:00,650 - root - INFO - f1:0.1890, p:0.2161, r:0.2413, hit:0.8017, ndcg:0.5538, topn:10.
2021-03-04 22:46:01,976 - root - INFO - f1:0.2226, p:0.3510, r:0.2144, hit:0.9077, ndcg:0.6839, topn:10.
2021-03-04 22:46:01,982 - root - INFO - Checkpointing ...
2021-03-04 22:46:24,442 - root - INFO - train loss:0.1189!
2021-03-04 22:46:25,780 - root - INFO - f1:0.1881, p:0.2152, r:0.2395, hit:0.7975, ndcg:0.5562, topn:10.
2021-03-04 22:46:27,154 - root - INFO - f1:0.2236, p:0.3534, r:0.2150, hit:0.9130, ndcg:0.6881, topn:10.
2021-03-04 22:46:27,159 - root - INFO - No improvement after one epoch. Lowering learning rate.
2021-03-04 22:46:48,090 - root - INFO - train loss:0.1196!
2021-03-04 22:46:49,397 - root - INFO - f1:0.1907, p:0.2177, r:0.2446, hit:0.7975, ndcg:0.5584, topn:10.
2021-03-04 22:46:50,726 - root - INFO - f1:0.2260, p:0.3582, r:0.2162, hit:0.9067, ndcg:0.6913, topn:10.
2021-03-04 22:46:50,730 - root - INFO - Checkpointing ...
2021-03-04 22:47:12,383 - root - INFO - train loss:0.1162!
2021-03-04 22:47:13,647 - root - INFO - f1:0.1915, p:0.2189, r:0.2457, hit:0.8006, ndcg:0.5639, topn:10.
2021-03-04 22:47:15,015 - root - INFO - f1:0.2273, p:0.3597, r:0.2178, hit:0.9088, ndcg:0.6914, topn:10.
2021-03-04 22:47:15,018 - root - INFO - Checkpointing ...
2021-03-04 22:47:36,908 - root - INFO - train loss:0.1150!
2021-03-04 22:47:38,160 - root - INFO - f1:0.1920, p:0.2199, r:0.2450, hit:0.8006, ndcg:0.5638, topn:10.
2021-03-04 22:47:39,507 - root - INFO - f1:0.2294, p:0.3621, r:0.2202, hit:0.9120, ndcg:0.6942, topn:10.
2021-03-04 22:47:39,511 - root - INFO - Checkpointing ...
2021-03-04 22:48:02,181 - root - INFO - train loss:0.1137!
2021-03-04 22:48:03,367 - root - INFO - f1:0.1928, p:0.2211, r:0.2450, hit:0.7985, ndcg:0.5657, topn:10.
2021-03-04 22:48:04,687 - root - INFO - f1:0.2301, p:0.3631, r:0.2209, hit:0.9130, ndcg:0.6956, topn:10.
2021-03-04 22:48:04,690 - root - INFO - Checkpointing ...
2021-03-04 22:48:25,853 - root - INFO - train loss:0.1128!
2021-03-04 22:48:27,187 - root - INFO - f1:0.1934, p:0.2222, r:0.2458, hit:0.8017, ndcg:0.5678, topn:10.
2021-03-04 22:48:28,492 - root - INFO - f1:0.2316, p:0.3655, r:0.2221, hit:0.9120, ndcg:0.6971, topn:10.
2021-03-04 22:48:28,496 - root - INFO - Checkpointing ...
2021-03-04 22:48:50,123 - root - INFO - train loss:0.1123!
2021-03-04 22:48:51,441 - root - INFO - f1:0.1938, p:0.2225, r:0.2467, hit:0.8017, ndcg:0.5693, topn:10.
2021-03-04 22:48:52,747 - root - INFO - f1:0.2330, p:0.3670, r:0.2239, hit:0.9162, ndcg:0.6990, topn:10.
2021-03-04 22:48:52,751 - root - INFO - Checkpointing ...
2021-03-04 22:49:12,976 - root - INFO - train loss:0.1113!
2021-03-04 22:49:14,271 - root - INFO - f1:0.1949, p:0.2234, r:0.2483, hit:0.8049, ndcg:0.5718, topn:10.
2021-03-04 22:49:15,599 - root - INFO - f1:0.2332, p:0.3671, r:0.2243, hit:0.9173, ndcg:0.6997, topn:10.
2021-03-04 22:49:15,603 - root - INFO - Checkpointing ...
2021-03-04 22:49:37,345 - root - INFO - train loss:0.1113!
2021-03-04 22:49:38,566 - root - INFO - f1:0.1960, p:0.2246, r:0.2497, hit:0.8070, ndcg:0.5718, topn:10.
2021-03-04 22:49:39,939 - root - INFO - f1:0.2338, p:0.3683, r:0.2248, hit:0.9162, ndcg:0.6992, topn:10.
2021-03-04 22:49:39,942 - root - INFO - Checkpointing ...
2021-03-04 22:50:01,818 - root - INFO - train loss:0.1112!
2021-03-04 22:50:03,161 - root - INFO - f1:0.1963, p:0.2249, r:0.2496, hit:0.8059, ndcg:0.5713, topn:10.
2021-03-04 22:50:04,477 - root - INFO - f1:0.2334, p:0.3677, r:0.2244, hit:0.9173, ndcg:0.7001, topn:10.
2021-03-04 22:50:04,481 - root - INFO - Checkpointing ...
2021-03-04 22:50:26,024 - root - INFO - train loss:0.1103!
2021-03-04 22:50:27,323 - root - INFO - f1:0.1971, p:0.2256, r:0.2509, hit:0.8070, ndcg:0.5714, topn:10.
2021-03-04 22:50:28,591 - root - INFO - f1:0.2335, p:0.3685, r:0.2240, hit:0.9173, ndcg:0.7000, topn:10.
2021-03-04 22:50:28,596 - root - INFO - Checkpointing ...
2021-03-04 22:50:50,653 - root - INFO - train loss:0.1102!
2021-03-04 22:50:51,993 - root - INFO - f1:0.1973, p:0.2258, r:0.2512, hit:0.8091, ndcg:0.5751, topn:10.
2021-03-04 22:50:53,315 - root - INFO - f1:0.2340, p:0.3696, r:0.2245, hit:0.9173, ndcg:0.7009, topn:10.
2021-03-04 22:50:53,319 - root - INFO - Checkpointing ...
2021-03-04 22:51:15,254 - root - INFO - train loss:0.1095!
2021-03-04 22:51:16,529 - root - INFO - f1:0.1974, p:0.2265, r:0.2506, hit:0.8091, ndcg:0.5759, topn:10.
2021-03-04 22:51:18,060 - root - INFO - f1:0.2339, p:0.3692, r:0.2242, hit:0.9162, ndcg:0.7018, topn:10.
2021-03-04 22:51:18,064 - root - INFO - Checkpointing ...
2021-03-04 22:51:38,808 - root - INFO - train loss:0.1095!
2021-03-04 22:51:40,010 - root - INFO - f1:0.1967, p:0.2260, r:0.2491, hit:0.8070, ndcg:0.5750, topn:10.
2021-03-04 22:51:41,322 - root - INFO - f1:0.2346, p:0.3700, r:0.2251, hit:0.9183, ndcg:0.7021, topn:10.
2021-03-04 22:51:41,327 - root - INFO - No improvement after one epoch. Lowering learning rate.
2021-03-04 22:52:02,657 - root - INFO - train loss:0.1104!
2021-03-04 22:52:03,990 - root - INFO - f1:0.1980, p:0.2271, r:0.2513, hit:0.8049, ndcg:0.5725, topn:10.
2021-03-04 22:52:05,287 - root - INFO - f1:0.2349, p:0.3701, r:0.2253, hit:0.9141, ndcg:0.7021, topn:10.
2021-03-04 22:52:05,291 - root - INFO - Checkpointing ...
2021-03-04 22:52:26,184 - root - INFO - train loss:0.1091!
2021-03-04 22:52:27,483 - root - INFO - f1:0.1982, p:0.2271, r:0.2515, hit:0.8049, ndcg:0.5737, topn:10.
2021-03-04 22:52:28,849 - root - INFO - f1:0.2354, p:0.3715, r:0.2256, hit:0.9162, ndcg:0.7033, topn:10.
2021-03-04 22:52:28,853 - root - INFO - Checkpointing ...
2021-03-04 22:52:50,520 - root - INFO - train loss:0.1086!
2021-03-04 22:52:51,823 - root - INFO - f1:0.1979, p:0.2271, r:0.2511, hit:0.8028, ndcg:0.5740, topn:10.
2021-03-04 22:52:53,179 - root - INFO - f1:0.2356, p:0.3723, r:0.2255, hit:0.9162, ndcg:0.7029, topn:10.
2021-03-04 22:52:53,183 - root - INFO - No improvement after one epoch. Lowering learning rate.
2021-03-04 22:53:15,653 - root - INFO - train loss:0.1083!
2021-03-04 22:53:16,960 - root - INFO - f1:0.1992, p:0.2288, r:0.2513, hit:0.8017, ndcg:0.5735, topn:10.
2021-03-04 22:53:18,323 - root - INFO - f1:0.2363, p:0.3732, r:0.2263, hit:0.9162, ndcg:0.7017, topn:10.
2021-03-04 22:53:18,327 - root - INFO - Checkpointing ...
2021-03-04 22:53:39,612 - root - INFO - train loss:0.1081!
2021-03-04 22:53:40,918 - root - INFO - f1:0.1990, p:0.2284, r:0.2515, hit:0.8049, ndcg:0.5747, topn:10.
2021-03-04 22:53:42,213 - root - INFO - f1:0.2365, p:0.3736, r:0.2265, hit:0.9162, ndcg:0.7030, topn:10.
2021-03-04 22:53:42,216 - root - INFO - No improvement after one epoch. Lowering learning rate.
2021-03-04 22:54:04,795 - root - INFO - train loss:0.1081!
2021-03-04 22:54:06,117 - root - INFO - f1:0.1985, p:0.2279, r:0.2512, hit:0.8028, ndcg:0.5739, topn:10.
2021-03-04 22:54:07,454 - root - INFO - f1:0.2365, p:0.3736, r:0.2264, hit:0.9183, ndcg:0.7028, topn:10.
2021-03-04 22:54:07,458 - root - INFO - No improvement after one epoch. Lowering learning rate.
2021-03-04 22:54:28,063 - root - INFO - train loss:0.1075!
2021-03-04 22:54:29,337 - root - INFO - f1:0.1977, p:0.2271, r:0.2501, hit:0.8028, ndcg:0.5745, topn:10.
2021-03-04 22:54:30,722 - root - INFO - f1:0.2360, p:0.3731, r:0.2257, hit:0.9183, ndcg:0.7036, topn:10.
2021-03-04 22:54:30,726 - root - INFO - No improvement after one epoch. Lowering learning rate.
2021-03-04 22:54:52,382 - root - INFO - train loss:0.1079!
2021-03-04 22:54:53,726 - root - INFO - f1:0.1982, p:0.2276, r:0.2507, hit:0.8028, ndcg:0.5755, topn:10.
2021-03-04 22:54:55,053 - root - INFO - f1:0.2362, p:0.3733, r:0.2259, hit:0.9183, ndcg:0.7040, topn:10.
2021-03-04 22:54:55,057 - root - INFO - No improvement after one epoch. Lowering learning rate.
2021-03-04 22:55:15,333 - root - INFO - train loss:0.1078!
2021-03-04 22:55:16,638 - root - INFO - f1:0.1983, p:0.2279, r:0.2508, hit:0.8028, ndcg:0.5755, topn:10.
2021-03-04 22:55:17,885 - root - INFO - f1:0.2364, p:0.3735, r:0.2262, hit:0.9205, ndcg:0.7045, topn:10.
2021-03-04 22:55:17,888 - root - INFO - No improvement after one epoch. Lowering learning rate.
2021-03-04 22:55:17,928 - root - INFO - No improvement after 13317 steps. Stopping training.
2021-03-04 22:55:19,496 - root - INFO - From CaseRecommender evaluator: {'PREC@10': 0.227996, 'RECALL@10': 0.250834, 'NDCG@10': 0.575429, 'MAP@10': 0.467217, 'MAP': 0.467217}.
2021-03-04 22:55:19,762 - root - INFO - From kg-summ-rec diversity evaluator: {'GENRE_COVERAGE@10': 0.471412, 'GENRE_REDUNDANCY@10': 0.429584, 'ILD_GENRE@10': 0.809751}.
2021-03-04 22:55:21,588 - root - INFO - From CaseRecommender evaluator: {'PREC@10': 0.373383, 'RECALL@10': 0.226149, 'NDCG@10': 0.704436, 'MAP@10': 0.598191, 'MAP': 0.598191}.
2021-03-04 22:55:21,791 - root - INFO - From kg-summ-rec diversity evaluator: {'GENRE_COVERAGE@10': 0.468805, 'GENRE_REDUNDANCY@10': 0.424609, 'ILD_GENRE@10': 0.807632}.
