2021-03-04 22:31:36,800 - root - INFO - Flag Values:
{
    "L1_flag": false,
    "batch_size": 256,
    "ckpt_path": "/home/juarez/git/results/JIIS-revised-exp1/ml-sun_ho_sKG_ig-mv-complex-75/",
    "clipping_max_value": 5.0,
    "data_path": "/home/juarez/git/datasets/JIIS-revised-exp1/ml-sun_ho_sKG_ig-mv-complex-75/cao-format/",
    "dataset": "ml1m",
    "early_stopping_steps_to_wait": 1331,
    "embedding_size": 100,
    "eval_interval_steps": 266,
    "eval_only_mode": false,
    "experiment_name": "ml1m-bprmf-1614907896",
    "filter_wrong_corrupted": true,
    "has_visualization": false,
    "is_report": false,
    "joint_ratio": 0.5,
    "kg_lambda": 1.0,
    "kg_test_files": null,
    "l2_lambda": 1e-05,
    "learning_rate": 0.005,
    "learning_rate_decay_when_no_progress": 0.5,
    "load_ckpt_file": null,
    "load_experiment_name": null,
    "log_level": "debug",
    "log_path": "/home/juarez/git/results/JIIS-revised-exp1/ml-sun_ho_sKG_ig-mv-complex-75/",
    "margin": 1.0,
    "max_queue": 10,
    "model_type": "bprmf",
    "momentum": 0.9,
    "negtive_samples": 1,
    "norm_lambda": 1.0,
    "num_preferences": 4,
    "num_processes": 4,
    "optimizer_type": "Adagrad",
    "rec_test_files": "valid.dat:test.dat",
    "seed": 0,
    "share_embeddings": false,
    "topn": 10,
    "training_steps": 26630,
    "use_st_gumbel": false,
    "visualization_port": 8097
}
2021-03-04 22:31:37,105 - root - INFO - Totally 69982 train ratings, 9998,19995 eval ratings in files: /home/juarez/git/datasets/JIIS-revised-exp1/ml-sun_ho_sKG_ig-mv-complex-75/cao-format/ml1m/valid.dat;/home/juarez/git/datasets/JIIS-revised-exp1/ml-sun_ho_sKG_ig-mv-complex-75/cao-format/ml1m/test.dat!
2021-03-04 22:31:37,138 - root - INFO - successfully load 943 users and 1675 items!
2021-03-04 22:31:37,218 - root - INFO - Building model.
2021-03-04 22:31:38,484 - root - INFO - Architecture: BPRMF(
  (user_embeddings): Embedding(943, 100)
  (item_embeddings): Embedding(1675, 100)
)
2021-03-04 22:31:38,485 - root - INFO - Total params: 261800.0
2021-03-04 22:31:38,485 - root - INFO - One epoch is 274 steps.
2021-03-04 22:31:38,486 - root - INFO - Training.
2021-03-04 22:31:38,486 - root - INFO - train loss:0.0000!
2021-03-04 22:31:39,629 - root - INFO - f1:0.0058, p:0.0071, r:0.0065, hit:0.0679, ndcg:0.0350, topn:10.
2021-03-04 22:31:40,591 - root - INFO - f1:0.0085, p:0.0156, r:0.0080, hit:0.1389, ndcg:0.0766, topn:10.
2021-03-04 22:31:42,223 - root - INFO - train loss:0.6945!
2021-03-04 22:31:43,220 - root - INFO - f1:0.0073, p:0.0090, r:0.0084, hit:0.0827, ndcg:0.0429, topn:10.
2021-03-04 22:31:44,203 - root - INFO - f1:0.0110, p:0.0216, r:0.0092, hit:0.1835, ndcg:0.1028, topn:10.
2021-03-04 22:31:44,210 - root - INFO - Checkpointing ...
2021-03-04 22:31:46,091 - root - INFO - train loss:0.6870!
2021-03-04 22:31:47,075 - root - INFO - f1:0.0077, p:0.0095, r:0.0088, hit:0.0870, ndcg:0.0472, topn:10.
2021-03-04 22:31:48,025 - root - INFO - f1:0.0119, p:0.0234, r:0.0099, hit:0.1962, ndcg:0.1155, topn:10.
2021-03-04 22:31:48,028 - root - INFO - Checkpointing ...
2021-03-04 22:31:49,808 - root - INFO - train loss:0.6820!
2021-03-04 22:31:50,787 - root - INFO - f1:0.0094, p:0.0121, r:0.0103, hit:0.1103, ndcg:0.0559, topn:10.
2021-03-04 22:31:51,714 - root - INFO - f1:0.0137, p:0.0268, r:0.0117, hit:0.2153, ndcg:0.1288, topn:10.
2021-03-04 22:31:51,719 - root - INFO - Checkpointing ...
2021-03-04 22:31:53,369 - root - INFO - train loss:0.6774!
2021-03-04 22:31:54,314 - root - INFO - f1:0.0108, p:0.0137, r:0.0119, hit:0.1209, ndcg:0.0633, topn:10.
2021-03-04 22:31:55,317 - root - INFO - f1:0.0151, p:0.0302, r:0.0127, hit:0.2312, ndcg:0.1413, topn:10.
2021-03-04 22:31:55,322 - root - INFO - Checkpointing ...
2021-03-04 22:31:57,125 - root - INFO - train loss:0.6726!
2021-03-04 22:31:58,108 - root - INFO - f1:0.0137, p:0.0178, r:0.0149, hit:0.1516, ndcg:0.0786, topn:10.
2021-03-04 22:31:59,108 - root - INFO - f1:0.0180, p:0.0364, r:0.0151, hit:0.2662, ndcg:0.1616, topn:10.
2021-03-04 22:31:59,111 - root - INFO - Checkpointing ...
2021-03-04 22:32:00,681 - root - INFO - train loss:0.6670!
2021-03-04 22:32:01,622 - root - INFO - f1:0.0169, p:0.0218, r:0.0185, hit:0.1792, ndcg:0.0934, topn:10.
2021-03-04 22:32:02,661 - root - INFO - f1:0.0217, p:0.0444, r:0.0179, hit:0.2990, ndcg:0.1802, topn:10.
2021-03-04 22:32:02,665 - root - INFO - Checkpointing ...
2021-03-04 22:32:04,069 - root - INFO - train loss:0.6600!
2021-03-04 22:32:05,229 - root - INFO - f1:0.0228, p:0.0299, r:0.0242, hit:0.2259, ndcg:0.1179, topn:10.
2021-03-04 22:32:06,137 - root - INFO - f1:0.0268, p:0.0563, r:0.0216, hit:0.3393, ndcg:0.2046, topn:10.
2021-03-04 22:32:06,140 - root - INFO - Checkpointing ...
2021-03-04 22:32:07,521 - root - INFO - train loss:0.6531!
2021-03-04 22:32:08,505 - root - INFO - f1:0.0278, p:0.0364, r:0.0302, hit:0.2651, ndcg:0.1454, topn:10.
2021-03-04 22:32:09,491 - root - INFO - f1:0.0337, p:0.0697, r:0.0274, hit:0.3881, ndcg:0.2301, topn:10.
2021-03-04 22:32:09,495 - root - INFO - Checkpointing ...
2021-03-04 22:32:11,173 - root - INFO - train loss:0.6452!
2021-03-04 22:32:12,157 - root - INFO - f1:0.0356, p:0.0464, r:0.0382, hit:0.3118, ndcg:0.1705, topn:10.
2021-03-04 22:32:13,195 - root - INFO - f1:0.0411, p:0.0844, r:0.0336, hit:0.4316, ndcg:0.2573, topn:10.
2021-03-04 22:32:13,199 - root - INFO - Checkpointing ...
2021-03-04 22:32:14,918 - root - INFO - train loss:0.6355!
2021-03-04 22:32:15,873 - root - INFO - f1:0.0433, p:0.0560, r:0.0464, hit:0.3595, ndcg:0.1995, topn:10.
2021-03-04 22:32:16,891 - root - INFO - f1:0.0490, p:0.0996, r:0.0403, hit:0.4761, ndcg:0.2864, topn:10.
2021-03-04 22:32:16,896 - root - INFO - Checkpointing ...
2021-03-04 22:32:18,635 - root - INFO - train loss:0.6251!
2021-03-04 22:32:19,615 - root - INFO - f1:0.0513, p:0.0660, r:0.0554, hit:0.4008, ndcg:0.2253, topn:10.
2021-03-04 22:32:20,545 - root - INFO - f1:0.0556, p:0.1130, r:0.0462, hit:0.5069, ndcg:0.3103, topn:10.
2021-03-04 22:32:20,548 - root - INFO - Checkpointing ...
2021-03-04 22:32:22,075 - root - INFO - train loss:0.6139!
2021-03-04 22:32:23,093 - root - INFO - f1:0.0577, p:0.0747, r:0.0618, hit:0.4274, ndcg:0.2492, topn:10.
2021-03-04 22:32:24,034 - root - INFO - f1:0.0645, p:0.1301, r:0.0529, hit:0.5376, ndcg:0.3297, topn:10.
2021-03-04 22:32:24,040 - root - INFO - Checkpointing ...
2021-03-04 22:32:25,630 - root - INFO - train loss:0.6006!
2021-03-04 22:32:26,614 - root - INFO - f1:0.0624, p:0.0808, r:0.0670, hit:0.4475, ndcg:0.2681, topn:10.
2021-03-04 22:32:27,577 - root - INFO - f1:0.0712, p:0.1422, r:0.0591, hit:0.5642, ndcg:0.3518, topn:10.
2021-03-04 22:32:27,581 - root - INFO - Checkpointing ...
2021-03-04 22:32:29,176 - root - INFO - train loss:0.5877!
2021-03-04 22:32:30,110 - root - INFO - f1:0.0674, p:0.0870, r:0.0729, hit:0.4645, ndcg:0.2844, topn:10.
2021-03-04 22:32:31,073 - root - INFO - f1:0.0766, p:0.1519, r:0.0634, hit:0.5875, ndcg:0.3701, topn:10.
2021-03-04 22:32:31,076 - root - INFO - Checkpointing ...
2021-03-04 22:32:32,777 - root - INFO - train loss:0.5734!
2021-03-04 22:32:33,759 - root - INFO - f1:0.0724, p:0.0931, r:0.0781, hit:0.4793, ndcg:0.2933, topn:10.
2021-03-04 22:32:34,745 - root - INFO - f1:0.0813, p:0.1603, r:0.0674, hit:0.6066, ndcg:0.3917, topn:10.
2021-03-04 22:32:34,750 - root - INFO - Checkpointing ...
2021-03-04 22:32:36,422 - root - INFO - train loss:0.5589!
2021-03-04 22:32:37,465 - root - INFO - f1:0.0767, p:0.0987, r:0.0839, hit:0.4963, ndcg:0.3064, topn:10.
2021-03-04 22:32:38,418 - root - INFO - f1:0.0879, p:0.1697, r:0.0738, hit:0.6320, ndcg:0.4044, topn:10.
2021-03-04 22:32:38,421 - root - INFO - Checkpointing ...
2021-03-04 22:32:40,197 - root - INFO - train loss:0.5445!
2021-03-04 22:32:41,161 - root - INFO - f1:0.0811, p:0.1039, r:0.0894, hit:0.5122, ndcg:0.3208, topn:10.
2021-03-04 22:32:42,186 - root - INFO - f1:0.0916, p:0.1752, r:0.0768, hit:0.6458, ndcg:0.4189, topn:10.
2021-03-04 22:32:42,191 - root - INFO - Checkpointing ...
2021-03-04 22:32:43,758 - root - INFO - train loss:0.5297!
2021-03-04 22:32:44,696 - root - INFO - f1:0.0845, p:0.1074, r:0.0952, hit:0.5217, ndcg:0.3302, topn:10.
2021-03-04 22:32:45,690 - root - INFO - f1:0.0948, p:0.1805, r:0.0797, hit:0.6511, ndcg:0.4281, topn:10.
2021-03-04 22:32:45,694 - root - INFO - Checkpointing ...
2021-03-04 22:32:47,699 - root - INFO - train loss:0.5157!
2021-03-04 22:32:48,706 - root - INFO - f1:0.0878, p:0.1109, r:0.1000, hit:0.5366, ndcg:0.3418, topn:10.
2021-03-04 22:32:49,769 - root - INFO - f1:0.0995, p:0.1877, r:0.0841, hit:0.6628, ndcg:0.4376, topn:10.
2021-03-04 22:32:49,774 - root - INFO - Checkpointing ...
2021-03-04 22:32:51,504 - root - INFO - train loss:0.5004!
2021-03-04 22:32:52,528 - root - INFO - f1:0.0904, p:0.1136, r:0.1034, hit:0.5472, ndcg:0.3529, topn:10.
2021-03-04 22:32:53,760 - root - INFO - f1:0.1028, p:0.1932, r:0.0872, hit:0.6723, ndcg:0.4468, topn:10.
2021-03-04 22:32:53,765 - root - INFO - Checkpointing ...
2021-03-04 22:32:55,532 - root - INFO - train loss:0.4881!
2021-03-04 22:32:56,574 - root - INFO - f1:0.0910, p:0.1147, r:0.1034, hit:0.5493, ndcg:0.3593, topn:10.
2021-03-04 22:32:57,606 - root - INFO - f1:0.1059, p:0.1971, r:0.0902, hit:0.6829, ndcg:0.4521, topn:10.
2021-03-04 22:32:57,609 - root - INFO - Checkpointing ...
2021-03-04 22:32:59,283 - root - INFO - train loss:0.4749!
2021-03-04 22:33:00,309 - root - INFO - f1:0.0942, p:0.1173, r:0.1088, hit:0.5599, ndcg:0.3664, topn:10.
2021-03-04 22:33:01,294 - root - INFO - f1:0.1088, p:0.2012, r:0.0930, hit:0.6903, ndcg:0.4622, topn:10.
2021-03-04 22:33:01,298 - root - INFO - Checkpointing ...
2021-03-04 22:33:02,771 - root - INFO - train loss:0.4618!
2021-03-04 22:33:03,710 - root - INFO - f1:0.0961, p:0.1189, r:0.1117, hit:0.5620, ndcg:0.3712, topn:10.
2021-03-04 22:33:04,733 - root - INFO - f1:0.1119, p:0.2056, r:0.0963, hit:0.6967, ndcg:0.4675, topn:10.
2021-03-04 22:33:04,737 - root - INFO - Checkpointing ...
2021-03-04 22:33:06,145 - root - INFO - train loss:0.4525!
2021-03-04 22:33:07,164 - root - INFO - f1:0.0983, p:0.1211, r:0.1153, hit:0.5695, ndcg:0.3762, topn:10.
2021-03-04 22:33:08,093 - root - INFO - f1:0.1150, p:0.2103, r:0.0992, hit:0.7063, ndcg:0.4746, topn:10.
2021-03-04 22:33:08,097 - root - INFO - Checkpointing ...
2021-03-04 22:33:09,614 - root - INFO - train loss:0.4394!
2021-03-04 22:33:10,535 - root - INFO - f1:0.1001, p:0.1230, r:0.1176, hit:0.5769, ndcg:0.3794, topn:10.
2021-03-04 22:33:11,566 - root - INFO - f1:0.1179, p:0.2143, r:0.1022, hit:0.7179, ndcg:0.4842, topn:10.
2021-03-04 22:33:11,570 - root - INFO - Checkpointing ...
2021-03-04 22:33:13,077 - root - INFO - train loss:0.4311!
2021-03-04 22:33:14,135 - root - INFO - f1:0.1011, p:0.1241, r:0.1179, hit:0.5801, ndcg:0.3835, topn:10.
2021-03-04 22:33:15,134 - root - INFO - f1:0.1210, p:0.2176, r:0.1058, hit:0.7275, ndcg:0.4916, topn:10.
2021-03-04 22:33:15,138 - root - INFO - Checkpointing ...
2021-03-04 22:33:16,798 - root - INFO - train loss:0.4215!
2021-03-04 22:33:17,750 - root - INFO - f1:0.1018, p:0.1250, r:0.1189, hit:0.5801, ndcg:0.3857, topn:10.
2021-03-04 22:33:18,773 - root - INFO - f1:0.1236, p:0.2203, r:0.1087, hit:0.7381, ndcg:0.5014, topn:10.
2021-03-04 22:33:18,776 - root - INFO - Checkpointing ...
2021-03-04 22:33:20,511 - root - INFO - train loss:0.4125!
2021-03-04 22:33:21,491 - root - INFO - f1:0.1030, p:0.1262, r:0.1207, hit:0.5875, ndcg:0.3907, topn:10.
2021-03-04 22:33:22,525 - root - INFO - f1:0.1258, p:0.2232, r:0.1108, hit:0.7476, ndcg:0.5089, topn:10.
2021-03-04 22:33:22,529 - root - INFO - Checkpointing ...
2021-03-04 22:33:23,959 - root - INFO - train loss:0.4039!
2021-03-04 22:33:24,924 - root - INFO - f1:0.1057, p:0.1285, r:0.1247, hit:0.6002, ndcg:0.3966, topn:10.
2021-03-04 22:33:25,928 - root - INFO - f1:0.1272, p:0.2248, r:0.1122, hit:0.7550, ndcg:0.5173, topn:10.
2021-03-04 22:33:25,933 - root - INFO - Checkpointing ...
2021-03-04 22:33:27,440 - root - INFO - train loss:0.3968!
2021-03-04 22:33:28,402 - root - INFO - f1:0.1060, p:0.1288, r:0.1249, hit:0.6002, ndcg:0.3990, topn:10.
2021-03-04 22:33:29,430 - root - INFO - f1:0.1287, p:0.2266, r:0.1138, hit:0.7593, ndcg:0.5222, topn:10.
2021-03-04 22:33:29,434 - root - INFO - Checkpointing ...
2021-03-04 22:33:31,023 - root - INFO - train loss:0.3892!
2021-03-04 22:33:32,033 - root - INFO - f1:0.1067, p:0.1295, r:0.1261, hit:0.6055, ndcg:0.4033, topn:10.
2021-03-04 22:33:33,032 - root - INFO - f1:0.1300, p:0.2280, r:0.1154, hit:0.7603, ndcg:0.5257, topn:10.
2021-03-04 22:33:33,035 - root - INFO - Checkpointing ...
2021-03-04 22:33:34,584 - root - INFO - train loss:0.3830!
2021-03-04 22:33:35,566 - root - INFO - f1:0.1074, p:0.1302, r:0.1270, hit:0.6087, ndcg:0.4070, topn:10.
2021-03-04 22:33:36,634 - root - INFO - f1:0.1315, p:0.2296, r:0.1173, hit:0.7646, ndcg:0.5296, topn:10.
2021-03-04 22:33:36,638 - root - INFO - Checkpointing ...
2021-03-04 22:33:38,100 - root - INFO - train loss:0.3772!
2021-03-04 22:33:39,098 - root - INFO - f1:0.1080, p:0.1303, r:0.1283, hit:0.6129, ndcg:0.4135, topn:10.
2021-03-04 22:33:40,294 - root - INFO - f1:0.1327, p:0.2314, r:0.1182, hit:0.7656, ndcg:0.5331, topn:10.
2021-03-04 22:33:40,299 - root - INFO - Checkpointing ...
2021-03-04 22:33:41,787 - root - INFO - train loss:0.3722!
2021-03-04 22:33:42,716 - root - INFO - f1:0.1096, p:0.1317, r:0.1315, hit:0.6161, ndcg:0.4148, topn:10.
2021-03-04 22:33:43,728 - root - INFO - f1:0.1342, p:0.2331, r:0.1199, hit:0.7699, ndcg:0.5351, topn:10.
2021-03-04 22:33:43,732 - root - INFO - Checkpointing ...
2021-03-04 22:33:45,362 - root - INFO - train loss:0.3658!
2021-03-04 22:33:46,363 - root - INFO - f1:0.1103, p:0.1323, r:0.1326, hit:0.6172, ndcg:0.4177, topn:10.
2021-03-04 22:33:47,353 - root - INFO - f1:0.1358, p:0.2349, r:0.1220, hit:0.7784, ndcg:0.5396, topn:10.
2021-03-04 22:33:47,358 - root - INFO - Checkpointing ...
2021-03-04 22:33:48,866 - root - INFO - train loss:0.3601!
2021-03-04 22:33:49,802 - root - INFO - f1:0.1125, p:0.1346, r:0.1358, hit:0.6278, ndcg:0.4197, topn:10.
2021-03-04 22:33:50,737 - root - INFO - f1:0.1374, p:0.2368, r:0.1239, hit:0.7826, ndcg:0.5426, topn:10.
2021-03-04 22:33:50,740 - root - INFO - Checkpointing ...
2021-03-04 22:33:52,386 - root - INFO - train loss:0.3576!
2021-03-04 22:33:53,347 - root - INFO - f1:0.1133, p:0.1352, r:0.1371, hit:0.6320, ndcg:0.4233, topn:10.
2021-03-04 22:33:54,391 - root - INFO - f1:0.1383, p:0.2376, r:0.1250, hit:0.7858, ndcg:0.5477, topn:10.
2021-03-04 22:33:54,396 - root - INFO - Checkpointing ...
2021-03-04 22:33:55,849 - root - INFO - train loss:0.3533!
2021-03-04 22:33:56,795 - root - INFO - f1:0.1146, p:0.1366, r:0.1389, hit:0.6341, ndcg:0.4267, topn:10.
2021-03-04 22:33:57,787 - root - INFO - f1:0.1393, p:0.2391, r:0.1259, hit:0.7869, ndcg:0.5505, topn:10.
2021-03-04 22:33:57,791 - root - INFO - Checkpointing ...
2021-03-04 22:33:59,204 - root - INFO - train loss:0.3483!
2021-03-04 22:34:00,142 - root - INFO - f1:0.1152, p:0.1371, r:0.1396, hit:0.6363, ndcg:0.4266, topn:10.
2021-03-04 22:34:01,127 - root - INFO - f1:0.1405, p:0.2401, r:0.1275, hit:0.7911, ndcg:0.5518, topn:10.
2021-03-04 22:34:01,132 - root - INFO - Checkpointing ...
2021-03-04 22:34:02,695 - root - INFO - train loss:0.3461!
2021-03-04 22:34:03,672 - root - INFO - f1:0.1168, p:0.1386, r:0.1417, hit:0.6437, ndcg:0.4308, topn:10.
2021-03-04 22:34:04,658 - root - INFO - f1:0.1415, p:0.2414, r:0.1284, hit:0.7922, ndcg:0.5536, topn:10.
2021-03-04 22:34:04,662 - root - INFO - Checkpointing ...
2021-03-04 22:34:06,375 - root - INFO - train loss:0.3414!
2021-03-04 22:34:07,379 - root - INFO - f1:0.1179, p:0.1398, r:0.1432, hit:0.6479, ndcg:0.4354, topn:10.
2021-03-04 22:34:08,392 - root - INFO - f1:0.1419, p:0.2417, r:0.1290, hit:0.7922, ndcg:0.5566, topn:10.
2021-03-04 22:34:08,396 - root - INFO - Checkpointing ...
2021-03-04 22:34:10,236 - root - INFO - train loss:0.3396!
2021-03-04 22:34:11,229 - root - INFO - f1:0.1184, p:0.1403, r:0.1441, hit:0.6469, ndcg:0.4359, topn:10.
2021-03-04 22:34:12,234 - root - INFO - f1:0.1434, p:0.2433, r:0.1307, hit:0.7964, ndcg:0.5593, topn:10.
2021-03-04 22:34:12,238 - root - INFO - Checkpointing ...
2021-03-04 22:34:13,872 - root - INFO - train loss:0.3344!
2021-03-04 22:34:14,914 - root - INFO - f1:0.1201, p:0.1418, r:0.1464, hit:0.6543, ndcg:0.4389, topn:10.
2021-03-04 22:34:15,903 - root - INFO - f1:0.1441, p:0.2441, r:0.1316, hit:0.7985, ndcg:0.5624, topn:10.
2021-03-04 22:34:15,907 - root - INFO - Checkpointing ...
2021-03-04 22:34:17,325 - root - INFO - train loss:0.3324!
2021-03-04 22:34:18,287 - root - INFO - f1:0.1210, p:0.1426, r:0.1476, hit:0.6564, ndcg:0.4405, topn:10.
2021-03-04 22:34:19,273 - root - INFO - f1:0.1456, p:0.2454, r:0.1334, hit:0.8017, ndcg:0.5631, topn:10.
2021-03-04 22:34:19,277 - root - INFO - Checkpointing ...
2021-03-04 22:34:20,883 - root - INFO - train loss:0.3303!
2021-03-04 22:34:21,903 - root - INFO - f1:0.1215, p:0.1432, r:0.1482, hit:0.6585, ndcg:0.4420, topn:10.
2021-03-04 22:34:22,908 - root - INFO - f1:0.1459, p:0.2459, r:0.1337, hit:0.8017, ndcg:0.5659, topn:10.
2021-03-04 22:34:22,912 - root - INFO - Checkpointing ...
2021-03-04 22:34:24,611 - root - INFO - train loss:0.3264!
2021-03-04 22:34:25,634 - root - INFO - f1:0.1222, p:0.1439, r:0.1492, hit:0.6585, ndcg:0.4424, topn:10.
2021-03-04 22:34:26,631 - root - INFO - f1:0.1466, p:0.2467, r:0.1346, hit:0.8059, ndcg:0.5698, topn:10.
2021-03-04 22:34:26,634 - root - INFO - Checkpointing ...
2021-03-04 22:34:28,417 - root - INFO - train loss:0.3249!
2021-03-04 22:34:29,578 - root - INFO - f1:0.1225, p:0.1439, r:0.1498, hit:0.6596, ndcg:0.4460, topn:10.
2021-03-04 22:34:30,585 - root - INFO - f1:0.1472, p:0.2477, r:0.1347, hit:0.8081, ndcg:0.5716, topn:10.
2021-03-04 22:34:30,590 - root - INFO - Checkpointing ...
2021-03-04 22:34:32,206 - root - INFO - train loss:0.3200!
2021-03-04 22:34:33,175 - root - INFO - f1:0.1237, p:0.1450, r:0.1518, hit:0.6628, ndcg:0.4478, topn:10.
2021-03-04 22:34:34,185 - root - INFO - f1:0.1481, p:0.2487, r:0.1359, hit:0.8123, ndcg:0.5738, topn:10.
2021-03-04 22:34:34,190 - root - INFO - Checkpointing ...
2021-03-04 22:34:35,780 - root - INFO - train loss:0.3186!
2021-03-04 22:34:36,788 - root - INFO - f1:0.1246, p:0.1456, r:0.1531, hit:0.6660, ndcg:0.4505, topn:10.
2021-03-04 22:34:37,755 - root - INFO - f1:0.1494, p:0.2506, r:0.1372, hit:0.8144, ndcg:0.5760, topn:10.
2021-03-04 22:34:37,760 - root - INFO - Checkpointing ...
2021-03-04 22:34:39,453 - root - INFO - train loss:0.3165!
2021-03-04 22:34:40,396 - root - INFO - f1:0.1250, p:0.1458, r:0.1539, hit:0.6691, ndcg:0.4526, topn:10.
2021-03-04 22:34:41,402 - root - INFO - f1:0.1507, p:0.2521, r:0.1390, hit:0.8176, ndcg:0.5774, topn:10.
2021-03-04 22:34:41,406 - root - INFO - Checkpointing ...
2021-03-04 22:34:43,193 - root - INFO - train loss:0.3141!
2021-03-04 22:34:44,173 - root - INFO - f1:0.1254, p:0.1463, r:0.1543, hit:0.6691, ndcg:0.4531, topn:10.
2021-03-04 22:34:45,185 - root - INFO - f1:0.1522, p:0.2533, r:0.1409, hit:0.8208, ndcg:0.5787, topn:10.
2021-03-04 22:34:45,190 - root - INFO - Checkpointing ...
2021-03-04 22:34:46,851 - root - INFO - train loss:0.3125!
2021-03-04 22:34:47,825 - root - INFO - f1:0.1263, p:0.1471, r:0.1555, hit:0.6702, ndcg:0.4556, topn:10.
2021-03-04 22:34:48,832 - root - INFO - f1:0.1527, p:0.2541, r:0.1412, hit:0.8218, ndcg:0.5795, topn:10.
2021-03-04 22:34:48,837 - root - INFO - Checkpointing ...
2021-03-04 22:34:50,796 - root - INFO - train loss:0.3103!
2021-03-04 22:34:51,863 - root - INFO - f1:0.1269, p:0.1477, r:0.1570, hit:0.6702, ndcg:0.4571, topn:10.
2021-03-04 22:34:52,914 - root - INFO - f1:0.1530, p:0.2545, r:0.1415, hit:0.8229, ndcg:0.5803, topn:10.
2021-03-04 22:34:52,918 - root - INFO - Checkpointing ...
2021-03-04 22:34:54,623 - root - INFO - train loss:0.3096!
2021-03-04 22:34:55,603 - root - INFO - f1:0.1272, p:0.1481, r:0.1573, hit:0.6691, ndcg:0.4573, topn:10.
2021-03-04 22:34:56,605 - root - INFO - f1:0.1534, p:0.2554, r:0.1417, hit:0.8240, ndcg:0.5825, topn:10.
2021-03-04 22:34:56,609 - root - INFO - Checkpointing ...
2021-03-04 22:34:58,443 - root - INFO - train loss:0.3065!
2021-03-04 22:34:59,529 - root - INFO - f1:0.1276, p:0.1484, r:0.1579, hit:0.6702, ndcg:0.4585, topn:10.
2021-03-04 22:35:00,570 - root - INFO - f1:0.1539, p:0.2561, r:0.1423, hit:0.8250, ndcg:0.5830, topn:10.
2021-03-04 22:35:00,575 - root - INFO - Checkpointing ...
2021-03-04 22:35:02,235 - root - INFO - train loss:0.3030!
2021-03-04 22:35:03,240 - root - INFO - f1:0.1282, p:0.1491, r:0.1586, hit:0.6723, ndcg:0.4604, topn:10.
2021-03-04 22:35:04,261 - root - INFO - f1:0.1549, p:0.2568, r:0.1437, hit:0.8261, ndcg:0.5846, topn:10.
2021-03-04 22:35:04,266 - root - INFO - Checkpointing ...
2021-03-04 22:35:05,940 - root - INFO - train loss:0.3035!
2021-03-04 22:35:06,985 - root - INFO - f1:0.1284, p:0.1492, r:0.1590, hit:0.6734, ndcg:0.4622, topn:10.
2021-03-04 22:35:08,026 - root - INFO - f1:0.1554, p:0.2574, r:0.1440, hit:0.8282, ndcg:0.5866, topn:10.
2021-03-04 22:35:08,031 - root - INFO - Checkpointing ...
2021-03-04 22:35:09,811 - root - INFO - train loss:0.3014!
2021-03-04 22:35:10,831 - root - INFO - f1:0.1288, p:0.1494, r:0.1599, hit:0.6744, ndcg:0.4636, topn:10.
2021-03-04 22:35:11,837 - root - INFO - f1:0.1565, p:0.2589, r:0.1457, hit:0.8335, ndcg:0.5895, topn:10.
2021-03-04 22:35:11,841 - root - INFO - Checkpointing ...
2021-03-04 22:35:13,524 - root - INFO - train loss:0.2985!
2021-03-04 22:35:14,572 - root - INFO - f1:0.1296, p:0.1503, r:0.1611, hit:0.6776, ndcg:0.4645, topn:10.
2021-03-04 22:35:15,594 - root - INFO - f1:0.1571, p:0.2593, r:0.1463, hit:0.8335, ndcg:0.5892, topn:10.
2021-03-04 22:35:15,598 - root - INFO - Checkpointing ...
2021-03-04 22:35:17,409 - root - INFO - train loss:0.2998!
2021-03-04 22:35:18,547 - root - INFO - f1:0.1299, p:0.1508, r:0.1612, hit:0.6776, ndcg:0.4651, topn:10.
2021-03-04 22:35:19,488 - root - INFO - f1:0.1579, p:0.2606, r:0.1472, hit:0.8367, ndcg:0.5900, topn:10.
2021-03-04 22:35:19,491 - root - INFO - Checkpointing ...
2021-03-04 22:35:21,142 - root - INFO - train loss:0.2961!
2021-03-04 22:35:22,095 - root - INFO - f1:0.1304, p:0.1512, r:0.1618, hit:0.6787, ndcg:0.4659, topn:10.
2021-03-04 22:35:23,129 - root - INFO - f1:0.1583, p:0.2606, r:0.1478, hit:0.8378, ndcg:0.5901, topn:10.
2021-03-04 22:35:23,134 - root - INFO - Checkpointing ...
2021-03-04 22:35:24,943 - root - INFO - train loss:0.2961!
2021-03-04 22:35:25,990 - root - INFO - f1:0.1302, p:0.1508, r:0.1615, hit:0.6787, ndcg:0.4659, topn:10.
2021-03-04 22:35:26,990 - root - INFO - f1:0.1593, p:0.2619, r:0.1488, hit:0.8399, ndcg:0.5906, topn:10.
2021-03-04 22:35:28,400 - root - INFO - train loss:0.2934!
2021-03-04 22:35:29,376 - root - INFO - f1:0.1305, p:0.1511, r:0.1623, hit:0.6808, ndcg:0.4682, topn:10.
2021-03-04 22:35:30,400 - root - INFO - f1:0.1597, p:0.2621, r:0.1495, hit:0.8388, ndcg:0.5909, topn:10.
2021-03-04 22:35:30,405 - root - INFO - Checkpointing ...
2021-03-04 22:35:32,252 - root - INFO - train loss:0.2914!
2021-03-04 22:35:33,256 - root - INFO - f1:0.1316, p:0.1521, r:0.1639, hit:0.6861, ndcg:0.4705, topn:10.
2021-03-04 22:35:34,308 - root - INFO - f1:0.1602, p:0.2632, r:0.1497, hit:0.8378, ndcg:0.5916, topn:10.
2021-03-04 22:35:34,312 - root - INFO - Checkpointing ...
2021-03-04 22:35:36,013 - root - INFO - train loss:0.2936!
2021-03-04 22:35:37,039 - root - INFO - f1:0.1321, p:0.1525, r:0.1646, hit:0.6893, ndcg:0.4712, topn:10.
2021-03-04 22:35:38,041 - root - INFO - f1:0.1610, p:0.2642, r:0.1508, hit:0.8367, ndcg:0.5914, topn:10.
2021-03-04 22:35:38,047 - root - INFO - Checkpointing ...
2021-03-04 22:35:39,904 - root - INFO - train loss:0.2887!
2021-03-04 22:35:40,913 - root - INFO - f1:0.1330, p:0.1533, r:0.1657, hit:0.6925, ndcg:0.4741, topn:10.
2021-03-04 22:35:41,950 - root - INFO - f1:0.1621, p:0.2654, r:0.1519, hit:0.8378, ndcg:0.5925, topn:10.
2021-03-04 22:35:41,955 - root - INFO - Checkpointing ...
2021-03-04 22:35:43,835 - root - INFO - train loss:0.2856!
2021-03-04 22:35:44,863 - root - INFO - f1:0.1332, p:0.1538, r:0.1657, hit:0.6914, ndcg:0.4740, topn:10.
2021-03-04 22:35:45,827 - root - INFO - f1:0.1627, p:0.2663, r:0.1525, hit:0.8409, ndcg:0.5938, topn:10.
2021-03-04 22:35:45,831 - root - INFO - Checkpointing ...
2021-03-04 22:35:47,436 - root - INFO - train loss:0.2883!
2021-03-04 22:35:48,467 - root - INFO - f1:0.1342, p:0.1549, r:0.1672, hit:0.6925, ndcg:0.4748, topn:10.
2021-03-04 22:35:49,468 - root - INFO - f1:0.1634, p:0.2670, r:0.1532, hit:0.8409, ndcg:0.5948, topn:10.
2021-03-04 22:35:49,472 - root - INFO - Checkpointing ...
2021-03-04 22:35:51,205 - root - INFO - train loss:0.2845!
2021-03-04 22:35:52,242 - root - INFO - f1:0.1347, p:0.1551, r:0.1683, hit:0.6946, ndcg:0.4758, topn:10.
2021-03-04 22:35:53,248 - root - INFO - f1:0.1643, p:0.2679, r:0.1542, hit:0.8431, ndcg:0.5952, topn:10.
2021-03-04 22:35:53,253 - root - INFO - Checkpointing ...
2021-03-04 22:35:54,818 - root - INFO - train loss:0.2829!
2021-03-04 22:35:55,763 - root - INFO - f1:0.1355, p:0.1560, r:0.1695, hit:0.6978, ndcg:0.4773, topn:10.
2021-03-04 22:35:56,775 - root - INFO - f1:0.1644, p:0.2683, r:0.1543, hit:0.8409, ndcg:0.5954, topn:10.
2021-03-04 22:35:56,779 - root - INFO - Checkpointing ...
2021-03-04 22:35:58,588 - root - INFO - train loss:0.2849!
2021-03-04 22:35:59,598 - root - INFO - f1:0.1356, p:0.1558, r:0.1698, hit:0.6967, ndcg:0.4772, topn:10.
2021-03-04 22:36:00,618 - root - INFO - f1:0.1649, p:0.2688, r:0.1548, hit:0.8388, ndcg:0.5946, topn:10.
2021-03-04 22:36:00,623 - root - INFO - Checkpointing ...
2021-03-04 22:36:02,186 - root - INFO - train loss:0.2818!
2021-03-04 22:36:03,188 - root - INFO - f1:0.1368, p:0.1569, r:0.1713, hit:0.7010, ndcg:0.4802, topn:10.
2021-03-04 22:36:04,184 - root - INFO - f1:0.1656, p:0.2698, r:0.1556, hit:0.8409, ndcg:0.5948, topn:10.
2021-03-04 22:36:04,187 - root - INFO - Checkpointing ...
2021-03-04 22:36:05,573 - root - INFO - train loss:0.2809!
2021-03-04 22:36:06,530 - root - INFO - f1:0.1373, p:0.1574, r:0.1719, hit:0.7031, ndcg:0.4802, topn:10.
2021-03-04 22:36:07,697 - root - INFO - f1:0.1658, p:0.2700, r:0.1556, hit:0.8409, ndcg:0.5977, topn:10.
2021-03-04 22:36:07,702 - root - INFO - Checkpointing ...
2021-03-04 22:36:09,176 - root - INFO - train loss:0.2784!
2021-03-04 22:36:10,150 - root - INFO - f1:0.1379, p:0.1580, r:0.1725, hit:0.7020, ndcg:0.4804, topn:10.
2021-03-04 22:36:11,017 - root - INFO - f1:0.1666, p:0.2708, r:0.1565, hit:0.8441, ndcg:0.5984, topn:10.
2021-03-04 22:36:11,021 - root - INFO - Checkpointing ...
2021-03-04 22:36:12,694 - root - INFO - train loss:0.2780!
2021-03-04 22:36:13,746 - root - INFO - f1:0.1376, p:0.1577, r:0.1723, hit:0.7020, ndcg:0.4818, topn:10.
2021-03-04 22:36:14,787 - root - INFO - f1:0.1672, p:0.2719, r:0.1570, hit:0.8452, ndcg:0.5989, topn:10.
2021-03-04 22:36:16,362 - root - INFO - train loss:0.2768!
2021-03-04 22:36:17,351 - root - INFO - f1:0.1376, p:0.1577, r:0.1724, hit:0.7020, ndcg:0.4818, topn:10.
2021-03-04 22:36:18,412 - root - INFO - f1:0.1678, p:0.2724, r:0.1576, hit:0.8462, ndcg:0.5991, topn:10.
2021-03-04 22:36:18,417 - root - INFO - No improvement after one epoch. Lowering learning rate.
2021-03-04 22:36:20,233 - root - INFO - train loss:0.2780!
2021-03-04 22:36:21,205 - root - INFO - f1:0.1388, p:0.1593, r:0.1738, hit:0.6957, ndcg:0.4788, topn:10.
2021-03-04 22:36:22,184 - root - INFO - f1:0.1700, p:0.2740, r:0.1616, hit:0.8473, ndcg:0.6045, topn:10.
2021-03-04 22:36:22,187 - root - INFO - Checkpointing ...
2021-03-04 22:36:23,485 - root - INFO - train loss:0.2692!
2021-03-04 22:36:24,405 - root - INFO - f1:0.1399, p:0.1603, r:0.1756, hit:0.6957, ndcg:0.4789, topn:10.
2021-03-04 22:36:25,277 - root - INFO - f1:0.1715, p:0.2761, r:0.1630, hit:0.8494, ndcg:0.6037, topn:10.
2021-03-04 22:36:25,281 - root - INFO - Checkpointing ...
2021-03-04 22:36:26,760 - root - INFO - train loss:0.2676!
2021-03-04 22:36:27,726 - root - INFO - f1:0.1401, p:0.1604, r:0.1763, hit:0.6957, ndcg:0.4797, topn:10.
2021-03-04 22:36:28,741 - root - INFO - f1:0.1721, p:0.2772, r:0.1636, hit:0.8515, ndcg:0.6060, topn:10.
2021-03-04 22:36:28,746 - root - INFO - Checkpointing ...
2021-03-04 22:36:30,136 - root - INFO - train loss:0.2628!
2021-03-04 22:36:31,145 - root - INFO - f1:0.1407, p:0.1609, r:0.1772, hit:0.7031, ndcg:0.4823, topn:10.
2021-03-04 22:36:32,148 - root - INFO - f1:0.1731, p:0.2789, r:0.1646, hit:0.8526, ndcg:0.6071, topn:10.
2021-03-04 22:36:32,152 - root - INFO - Checkpointing ...
2021-03-04 22:36:33,495 - root - INFO - train loss:0.2611!
2021-03-04 22:36:34,428 - root - INFO - f1:0.1414, p:0.1616, r:0.1779, hit:0.7052, ndcg:0.4833, topn:10.
2021-03-04 22:36:35,456 - root - INFO - f1:0.1745, p:0.2800, r:0.1665, hit:0.8558, ndcg:0.6087, topn:10.
2021-03-04 22:36:35,459 - root - INFO - Checkpointing ...
2021-03-04 22:36:37,075 - root - INFO - train loss:0.2600!
2021-03-04 22:36:38,067 - root - INFO - f1:0.1421, p:0.1626, r:0.1786, hit:0.7063, ndcg:0.4844, topn:10.
2021-03-04 22:36:39,096 - root - INFO - f1:0.1752, p:0.2811, r:0.1671, hit:0.8558, ndcg:0.6090, topn:10.
2021-03-04 22:36:39,101 - root - INFO - Checkpointing ...
2021-03-04 22:36:40,723 - root - INFO - train loss:0.2574!
2021-03-04 22:36:41,668 - root - INFO - f1:0.1438, p:0.1637, r:0.1817, hit:0.7158, ndcg:0.4868, topn:10.
2021-03-04 22:36:42,651 - root - INFO - f1:0.1760, p:0.2822, r:0.1678, hit:0.8547, ndcg:0.6101, topn:10.
2021-03-04 22:36:42,655 - root - INFO - Checkpointing ...
2021-03-04 22:36:44,191 - root - INFO - train loss:0.2582!
2021-03-04 22:36:45,198 - root - INFO - f1:0.1450, p:0.1650, r:0.1836, hit:0.7190, ndcg:0.4882, topn:10.
2021-03-04 22:36:46,251 - root - INFO - f1:0.1765, p:0.2829, r:0.1684, hit:0.8558, ndcg:0.6114, topn:10.
2021-03-04 22:36:46,255 - root - INFO - Checkpointing ...
2021-03-04 22:36:47,712 - root - INFO - train loss:0.2553!
2021-03-04 22:36:48,765 - root - INFO - f1:0.1450, p:0.1649, r:0.1839, hit:0.7190, ndcg:0.4899, topn:10.
2021-03-04 22:36:49,764 - root - INFO - f1:0.1779, p:0.2844, r:0.1699, hit:0.8579, ndcg:0.6127, topn:10.
2021-03-04 22:36:49,767 - root - INFO - Checkpointing ...
2021-03-04 22:36:51,592 - root - INFO - train loss:0.2546!
2021-03-04 22:36:52,652 - root - INFO - f1:0.1459, p:0.1659, r:0.1849, hit:0.7222, ndcg:0.4925, topn:10.
2021-03-04 22:36:53,851 - root - INFO - f1:0.1785, p:0.2855, r:0.1705, hit:0.8611, ndcg:0.6154, topn:10.
2021-03-04 22:36:53,856 - root - INFO - Checkpointing ...
2021-03-04 22:36:55,755 - root - INFO - train loss:0.2514!
2021-03-04 22:36:56,797 - root - INFO - f1:0.1463, p:0.1663, r:0.1864, hit:0.7222, ndcg:0.4915, topn:10.
2021-03-04 22:36:57,850 - root - INFO - f1:0.1788, p:0.2858, r:0.1708, hit:0.8600, ndcg:0.6163, topn:10.
2021-03-04 22:36:57,854 - root - INFO - Checkpointing ...
2021-03-04 22:36:59,600 - root - INFO - train loss:0.2489!
2021-03-04 22:37:00,603 - root - INFO - f1:0.1469, p:0.1670, r:0.1870, hit:0.7253, ndcg:0.4928, topn:10.
2021-03-04 22:37:01,586 - root - INFO - f1:0.1789, p:0.2861, r:0.1714, hit:0.8600, ndcg:0.6178, topn:10.
2021-03-04 22:37:01,590 - root - INFO - Checkpointing ...
2021-03-04 22:37:02,987 - root - INFO - train loss:0.2506!
2021-03-04 22:37:03,972 - root - INFO - f1:0.1472, p:0.1671, r:0.1876, hit:0.7264, ndcg:0.4946, topn:10.
2021-03-04 22:37:04,940 - root - INFO - f1:0.1791, p:0.2864, r:0.1713, hit:0.8579, ndcg:0.6174, topn:10.
2021-03-04 22:37:04,944 - root - INFO - Checkpointing ...
2021-03-04 22:37:06,457 - root - INFO - train loss:0.2472!
2021-03-04 22:37:07,488 - root - INFO - f1:0.1481, p:0.1681, r:0.1888, hit:0.7253, ndcg:0.4937, topn:10.
2021-03-04 22:37:08,511 - root - INFO - f1:0.1802, p:0.2880, r:0.1724, hit:0.8579, ndcg:0.6155, topn:10.
2021-03-04 22:37:08,515 - root - INFO - Checkpointing ...
2021-03-04 22:37:10,010 - root - INFO - train loss:0.2479!
2021-03-04 22:37:11,042 - root - INFO - f1:0.1486, p:0.1688, r:0.1890, hit:0.7275, ndcg:0.4954, topn:10.
2021-03-04 22:37:12,084 - root - INFO - f1:0.1800, p:0.2881, r:0.1721, hit:0.8558, ndcg:0.6156, topn:10.
2021-03-04 22:37:12,089 - root - INFO - Checkpointing ...
2021-03-04 22:37:13,805 - root - INFO - train loss:0.2450!
2021-03-04 22:37:14,759 - root - INFO - f1:0.1485, p:0.1689, r:0.1888, hit:0.7264, ndcg:0.4955, topn:10.
2021-03-04 22:37:15,782 - root - INFO - f1:0.1804, p:0.2884, r:0.1727, hit:0.8558, ndcg:0.6159, topn:10.
2021-03-04 22:37:17,669 - root - INFO - train loss:0.2474!
2021-03-04 22:37:18,710 - root - INFO - f1:0.1492, p:0.1698, r:0.1898, hit:0.7264, ndcg:0.4953, topn:10.
2021-03-04 22:37:19,751 - root - INFO - f1:0.1808, p:0.2889, r:0.1736, hit:0.8579, ndcg:0.6170, topn:10.
2021-03-04 22:37:19,755 - root - INFO - Checkpointing ...
2021-03-04 22:37:21,432 - root - INFO - train loss:0.2459!
2021-03-04 22:37:22,438 - root - INFO - f1:0.1494, p:0.1699, r:0.1905, hit:0.7285, ndcg:0.4968, topn:10.
2021-03-04 22:37:23,473 - root - INFO - f1:0.1810, p:0.2891, r:0.1737, hit:0.8590, ndcg:0.6176, topn:10.
2021-03-04 22:37:23,480 - root - INFO - Checkpointing ...
2021-03-04 22:37:25,287 - root - INFO - train loss:0.2420!
2021-03-04 22:37:26,311 - root - INFO - f1:0.1509, p:0.1714, r:0.1924, hit:0.7317, ndcg:0.4963, topn:10.
2021-03-04 22:37:27,318 - root - INFO - f1:0.1814, p:0.2895, r:0.1742, hit:0.8600, ndcg:0.6185, topn:10.
2021-03-04 22:37:27,322 - root - INFO - Checkpointing ...
2021-03-04 22:37:28,871 - root - INFO - train loss:0.2427!
2021-03-04 22:37:29,905 - root - INFO - f1:0.1511, p:0.1716, r:0.1933, hit:0.7317, ndcg:0.4962, topn:10.
2021-03-04 22:37:30,880 - root - INFO - f1:0.1816, p:0.2900, r:0.1743, hit:0.8600, ndcg:0.6185, topn:10.
2021-03-04 22:37:30,885 - root - INFO - Checkpointing ...
2021-03-04 22:37:32,549 - root - INFO - train loss:0.2417!
2021-03-04 22:37:33,568 - root - INFO - f1:0.1511, p:0.1717, r:0.1924, hit:0.7338, ndcg:0.4981, topn:10.
2021-03-04 22:37:34,650 - root - INFO - f1:0.1819, p:0.2907, r:0.1745, hit:0.8600, ndcg:0.6196, topn:10.
2021-03-04 22:37:36,079 - root - INFO - train loss:0.2434!
2021-03-04 22:37:37,084 - root - INFO - f1:0.1512, p:0.1719, r:0.1925, hit:0.7338, ndcg:0.4987, topn:10.
2021-03-04 22:37:38,103 - root - INFO - f1:0.1822, p:0.2911, r:0.1749, hit:0.8621, ndcg:0.6207, topn:10.
2021-03-04 22:37:38,107 - root - INFO - Checkpointing ...
2021-03-04 22:37:39,609 - root - INFO - train loss:0.2387!
2021-03-04 22:37:40,585 - root - INFO - f1:0.1511, p:0.1718, r:0.1925, hit:0.7328, ndcg:0.4976, topn:10.
2021-03-04 22:37:41,602 - root - INFO - f1:0.1825, p:0.2915, r:0.1752, hit:0.8632, ndcg:0.6212, topn:10.
2021-03-04 22:37:43,064 - root - INFO - train loss:0.2394!
2021-03-04 22:37:44,252 - root - INFO - f1:0.1513, p:0.1720, r:0.1925, hit:0.7349, ndcg:0.4987, topn:10.
2021-03-04 22:37:45,269 - root - INFO - f1:0.1829, p:0.2920, r:0.1757, hit:0.8653, ndcg:0.6223, topn:10.
2021-03-04 22:37:45,272 - root - INFO - Checkpointing ...
2021-03-04 22:37:46,741 - root - INFO - From CaseRecommender evaluator: {'PREC@10': 0.17211, 'RECALL@10': 0.192784, 'NDCG@10': 0.499036, 'MAP@10': 0.385184, 'MAP': 0.385184}.
2021-03-04 22:37:46,942 - root - INFO - From kg-summ-rec diversity evaluator: {'GENRE_COVERAGE@10': 0.481531, 'GENRE_REDUNDANCY@10': 0.424117, 'ILD_GENRE@10': 0.817206}.
2021-03-04 22:37:48,415 - root - INFO - From CaseRecommender evaluator: {'PREC@10': 0.292259, 'RECALL@10': 0.175744, 'NDCG@10': 0.622308, 'MAP@10': 0.511376, 'MAP': 0.511376}.
2021-03-04 22:37:48,627 - root - INFO - From kg-summ-rec diversity evaluator: {'GENRE_COVERAGE@10': 0.477598, 'GENRE_REDUNDANCY@10': 0.418663, 'ILD_GENRE@10': 0.817187}.
