2021-03-04 22:05:56,575 - root - INFO - Flag Values:
{
    "L1_flag": true,
    "batch_size": 256,
    "ckpt_path": "/home/juarez/git/results/JIIS-revised-exp1/ml-sun_ho_sKG_ig-mv-complex-75/",
    "clipping_max_value": 5.0,
    "data_path": "/home/juarez/git/datasets/JIIS-revised-exp1/ml-sun_ho_sKG_ig-mv-complex-75/cao-format/",
    "dataset": "ml1m",
    "early_stopping_steps_to_wait": 24363,
    "embedding_size": 100,
    "eval_interval_steps": 4873,
    "eval_only_mode": false,
    "experiment_name": "ml1m-transe-1614906356",
    "filter_wrong_corrupted": true,
    "has_visualization": false,
    "is_report": false,
    "joint_ratio": 0.5,
    "kg_lambda": 1.0,
    "kg_test_files": "valid.dat:test.dat",
    "l2_lambda": 0.0,
    "learning_rate": 0.001,
    "learning_rate_decay_when_no_progress": 0.5,
    "load_ckpt_file": null,
    "load_experiment_name": null,
    "log_level": "debug",
    "log_path": "/home/juarez/git/results/JIIS-revised-exp1/ml-sun_ho_sKG_ig-mv-complex-75/",
    "margin": 1.0,
    "max_queue": 10,
    "model_type": "transe",
    "momentum": 0.9,
    "negtive_samples": 1,
    "norm_lambda": 1.0,
    "num_preferences": 4,
    "num_processes": 4,
    "optimizer_type": "Adam",
    "rec_test_files": null,
    "seed": 0,
    "share_embeddings": false,
    "topn": 10,
    "training_steps": 487300,
    "use_st_gumbel": false,
    "visualization_port": 8097
}
2021-03-04 22:05:56,692 - root - INFO - Totally 7762 train triples, 804,1636 eval triples in files: /home/juarez/git/datasets/JIIS-revised-exp1/ml-sun_ho_sKG_ig-mv-complex-75/cao-format/ml1m/kg/valid.dat;/home/juarez/git/datasets/JIIS-revised-exp1/ml-sun_ho_sKG_ig-mv-complex-75/cao-format/ml1m/kg/test.dat!
2021-03-04 22:05:56,728 - root - INFO - successfully load 4730 entities and 3 relations!
2021-03-04 22:05:56,745 - root - INFO - Building model.
2021-03-04 22:05:58,263 - root - INFO - Architecture: TransEModel(
  (ent_embeddings): Embedding(4730, 100)
  (rel_embeddings): Embedding(3, 100)
)
2021-03-04 22:05:58,263 - root - INFO - Total params: 473300.0
2021-03-04 22:05:58,263 - root - INFO - One epoch is 31 steps.
2021-03-04 22:05:58,264 - root - INFO - Training.
2021-03-04 22:05:58,264 - root - INFO - train loss:0.0000!
2021-03-04 22:06:00,005 - root - INFO - head hit:0.0025, head mean rank:2200.7376, topn:10.
2021-03-04 22:06:00,005 - root - INFO - tail hit:0.0025, tail mean rank:2413.7002, topn:10.
2021-03-04 22:06:00,005 - root - INFO - avg hit:0.0025, avg mean rank:2307.2189, topn:10.
2021-03-04 22:06:03,001 - root - INFO - head hit:0.0018, head mean rank:2182.9401, topn:10.
2021-03-04 22:06:03,002 - root - INFO - tail hit:0.0031, tail mean rank:2324.4725, topn:10.
2021-03-04 22:06:03,002 - root - INFO - avg hit:0.0024, avg mean rank:2253.7063, topn:10.
2021-03-04 22:06:29,233 - root - INFO - train loss:9.7081!
2021-03-04 22:06:30,814 - root - INFO - head hit:0.0510, head mean rank:1123.5634, topn:10.
2021-03-04 22:06:30,814 - root - INFO - tail hit:0.2164, tail mean rank:675.2774, topn:10.
2021-03-04 22:06:30,814 - root - INFO - avg hit:0.1337, avg mean rank:899.4204, topn:10.
2021-03-04 22:06:33,597 - root - INFO - head hit:0.0452, head mean rank:1069.4425, topn:10.
2021-03-04 22:06:33,598 - root - INFO - tail hit:0.2469, tail mean rank:662.0067, topn:10.
2021-03-04 22:06:33,598 - root - INFO - avg hit:0.1461, avg mean rank:865.7246, topn:10.
2021-03-04 22:06:33,599 - root - INFO - Checkpointing ...
2021-03-04 22:06:58,247 - root - INFO - train loss:0.4845!
2021-03-04 22:06:59,815 - root - INFO - head hit:0.0808, head mean rank:935.6940, topn:10.
2021-03-04 22:06:59,816 - root - INFO - tail hit:0.2376, tail mean rank:618.9167, topn:10.
2021-03-04 22:06:59,816 - root - INFO - avg hit:0.1592, avg mean rank:777.3053, topn:10.
2021-03-04 22:07:02,640 - root - INFO - head hit:0.0654, head mean rank:950.1540, topn:10.
2021-03-04 22:07:02,641 - root - INFO - tail hit:0.2366, tail mean rank:592.6369, topn:10.
2021-03-04 22:07:02,641 - root - INFO - avg hit:0.1510, avg mean rank:771.3955, topn:10.
2021-03-04 22:07:02,643 - root - INFO - Checkpointing ...
2021-03-04 22:07:26,974 - root - INFO - train loss:0.2914!
2021-03-04 22:07:28,528 - root - INFO - head hit:0.0821, head mean rank:924.9577, topn:10.
2021-03-04 22:07:28,529 - root - INFO - tail hit:0.2537, tail mean rank:572.4129, topn:10.
2021-03-04 22:07:28,529 - root - INFO - avg hit:0.1679, avg mean rank:748.6853, topn:10.
2021-03-04 22:07:31,395 - root - INFO - head hit:0.0776, head mean rank:920.7084, topn:10.
2021-03-04 22:07:31,395 - root - INFO - tail hit:0.2506, tail mean rank:565.9774, topn:10.
2021-03-04 22:07:31,395 - root - INFO - avg hit:0.1641, avg mean rank:743.3429, topn:10.
2021-03-04 22:07:31,396 - root - INFO - Checkpointing ...
2021-03-04 22:07:56,625 - root - INFO - train loss:0.2315!
2021-03-04 22:07:58,172 - root - INFO - head hit:0.0821, head mean rank:880.8806, topn:10.
2021-03-04 22:07:58,172 - root - INFO - tail hit:0.2724, tail mean rank:598.8943, topn:10.
2021-03-04 22:07:58,172 - root - INFO - avg hit:0.1772, avg mean rank:739.8874, topn:10.
2021-03-04 22:08:00,910 - root - INFO - head hit:0.0862, head mean rank:844.1858, topn:10.
2021-03-04 22:08:00,911 - root - INFO - tail hit:0.3013, tail mean rank:544.7952, topn:10.
2021-03-04 22:08:00,911 - root - INFO - avg hit:0.1938, avg mean rank:694.4905, topn:10.
2021-03-04 22:08:00,912 - root - INFO - Checkpointing ...
2021-03-04 22:08:25,275 - root - INFO - train loss:0.1840!
2021-03-04 22:08:26,845 - root - INFO - head hit:0.0995, head mean rank:871.6206, topn:10.
2021-03-04 22:08:26,845 - root - INFO - tail hit:0.2674, tail mean rank:540.3545, topn:10.
2021-03-04 22:08:26,845 - root - INFO - avg hit:0.1835, avg mean rank:705.9876, topn:10.
2021-03-04 22:08:29,724 - root - INFO - head hit:0.0966, head mean rank:814.6131, topn:10.
2021-03-04 22:08:29,724 - root - INFO - tail hit:0.2855, tail mean rank:542.9927, topn:10.
2021-03-04 22:08:29,725 - root - INFO - avg hit:0.1910, avg mean rank:678.8029, topn:10.
2021-03-04 22:08:29,726 - root - INFO - Checkpointing ...
2021-03-04 22:08:54,292 - root - INFO - train loss:0.1599!
2021-03-04 22:08:55,903 - root - INFO - head hit:0.1007, head mean rank:835.6007, topn:10.
2021-03-04 22:08:55,904 - root - INFO - tail hit:0.2463, tail mean rank:569.5672, topn:10.
2021-03-04 22:08:55,904 - root - INFO - avg hit:0.1735, avg mean rank:702.5840, topn:10.
2021-03-04 22:08:58,828 - root - INFO - head hit:0.1064, head mean rank:808.2628, topn:10.
2021-03-04 22:08:58,829 - root - INFO - tail hit:0.2738, tail mean rank:514.2598, topn:10.
2021-03-04 22:08:58,829 - root - INFO - avg hit:0.1901, avg mean rank:661.2613, topn:10.
2021-03-04 22:08:58,830 - root - INFO - No improvement after one epoch. Lowering learning rate.
2021-03-04 22:09:24,211 - root - INFO - train loss:0.0591!
2021-03-04 22:09:25,821 - root - INFO - head hit:0.1182, head mean rank:809.1343, topn:10.
2021-03-04 22:09:25,821 - root - INFO - tail hit:0.3097, tail mean rank:512.8669, topn:10.
2021-03-04 22:09:25,821 - root - INFO - avg hit:0.2139, avg mean rank:661.0006, topn:10.
2021-03-04 22:09:28,773 - root - INFO - head hit:0.1186, head mean rank:767.2555, topn:10.
2021-03-04 22:09:28,774 - root - INFO - tail hit:0.3319, tail mean rank:481.4425, topn:10.
2021-03-04 22:09:28,774 - root - INFO - avg hit:0.2252, avg mean rank:624.3490, topn:10.
2021-03-04 22:09:28,776 - root - INFO - Checkpointing ...
2021-03-04 22:09:51,863 - root - INFO - train loss:0.0289!
2021-03-04 22:09:53,428 - root - INFO - head hit:0.1169, head mean rank:792.4639, topn:10.
2021-03-04 22:09:53,428 - root - INFO - tail hit:0.3308, tail mean rank:501.1555, topn:10.
2021-03-04 22:09:53,428 - root - INFO - avg hit:0.2239, avg mean rank:646.8097, topn:10.
2021-03-04 22:09:56,248 - root - INFO - head hit:0.1333, head mean rank:747.9224, topn:10.
2021-03-04 22:09:56,248 - root - INFO - tail hit:0.3600, tail mean rank:464.6907, topn:10.
2021-03-04 22:09:56,249 - root - INFO - avg hit:0.2466, avg mean rank:606.3065, topn:10.
2021-03-04 22:09:56,250 - root - INFO - Checkpointing ...
2021-03-04 22:10:19,367 - root - INFO - train loss:0.0216!
2021-03-04 22:10:20,836 - root - INFO - head hit:0.1219, head mean rank:793.3371, topn:10.
2021-03-04 22:10:20,837 - root - INFO - tail hit:0.3532, tail mean rank:494.9789, topn:10.
2021-03-04 22:10:20,837 - root - INFO - avg hit:0.2376, avg mean rank:644.1580, topn:10.
2021-03-04 22:10:23,658 - root - INFO - head hit:0.1314, head mean rank:745.9138, topn:10.
2021-03-04 22:10:23,659 - root - INFO - tail hit:0.3686, tail mean rank:459.1082, topn:10.
2021-03-04 22:10:23,659 - root - INFO - avg hit:0.2500, avg mean rank:602.5110, topn:10.
2021-03-04 22:10:23,660 - root - INFO - Checkpointing ...
2021-03-04 22:10:46,949 - root - INFO - train loss:0.0159!
2021-03-04 22:10:48,469 - root - INFO - head hit:0.1244, head mean rank:786.5709, topn:10.
2021-03-04 22:10:48,470 - root - INFO - tail hit:0.3532, tail mean rank:486.1915, topn:10.
2021-03-04 22:10:48,470 - root - INFO - avg hit:0.2388, avg mean rank:636.3812, topn:10.
2021-03-04 22:10:51,250 - root - INFO - head hit:0.1375, head mean rank:742.2353, topn:10.
2021-03-04 22:10:51,251 - root - INFO - tail hit:0.3747, tail mean rank:461.1522, topn:10.
2021-03-04 22:10:51,251 - root - INFO - avg hit:0.2561, avg mean rank:601.6938, topn:10.
2021-03-04 22:10:51,252 - root - INFO - Checkpointing ...
2021-03-04 22:11:14,502 - root - INFO - train loss:0.0147!
2021-03-04 22:11:15,993 - root - INFO - head hit:0.1244, head mean rank:772.4129, topn:10.
2021-03-04 22:11:15,994 - root - INFO - tail hit:0.3570, tail mean rank:469.2090, topn:10.
2021-03-04 22:11:15,994 - root - INFO - avg hit:0.2407, avg mean rank:620.8109, topn:10.
2021-03-04 22:11:18,796 - root - INFO - head hit:0.1406, head mean rank:730.9866, topn:10.
2021-03-04 22:11:18,797 - root - INFO - tail hit:0.3808, tail mean rank:460.3276, topn:10.
2021-03-04 22:11:18,797 - root - INFO - avg hit:0.2607, avg mean rank:595.6571, topn:10.
2021-03-04 22:11:18,798 - root - INFO - Checkpointing ...
2021-03-04 22:11:42,009 - root - INFO - train loss:0.0107!
2021-03-04 22:11:43,548 - root - INFO - head hit:0.1306, head mean rank:778.5995, topn:10.
2021-03-04 22:11:43,548 - root - INFO - tail hit:0.3619, tail mean rank:470.6592, topn:10.
2021-03-04 22:11:43,548 - root - INFO - avg hit:0.2463, avg mean rank:624.6294, topn:10.
2021-03-04 22:11:46,143 - root - INFO - head hit:0.1296, head mean rank:733.8105, topn:10.
2021-03-04 22:11:46,143 - root - INFO - tail hit:0.3845, tail mean rank:454.2928, topn:10.
2021-03-04 22:11:46,143 - root - INFO - avg hit:0.2570, avg mean rank:594.0517, topn:10.
2021-03-04 22:11:46,144 - root - INFO - Checkpointing ...
2021-03-04 22:12:09,628 - root - INFO - train loss:0.0096!
2021-03-04 22:12:11,129 - root - INFO - head hit:0.1343, head mean rank:824.7886, topn:10.
2021-03-04 22:12:11,130 - root - INFO - tail hit:0.3570, tail mean rank:472.5933, topn:10.
2021-03-04 22:12:11,130 - root - INFO - avg hit:0.2456, avg mean rank:648.6909, topn:10.
2021-03-04 22:12:13,980 - root - INFO - head hit:0.1400, head mean rank:754.7335, topn:10.
2021-03-04 22:12:13,980 - root - INFO - tail hit:0.3710, tail mean rank:452.6913, topn:10.
2021-03-04 22:12:13,980 - root - INFO - avg hit:0.2555, avg mean rank:603.7124, topn:10.
2021-03-04 22:12:13,982 - root - INFO - No improvement after one epoch. Lowering learning rate.
2021-03-04 22:12:37,275 - root - INFO - train loss:0.0058!
2021-03-04 22:12:38,868 - root - INFO - head hit:0.1480, head mean rank:799.2823, topn:10.
2021-03-04 22:12:38,869 - root - INFO - tail hit:0.3657, tail mean rank:457.9851, topn:10.
2021-03-04 22:12:38,869 - root - INFO - avg hit:0.2568, avg mean rank:628.6337, topn:10.
2021-03-04 22:12:41,894 - root - INFO - head hit:0.1491, head mean rank:735.0550, topn:10.
2021-03-04 22:12:41,895 - root - INFO - tail hit:0.3863, tail mean rank:437.9444, topn:10.
2021-03-04 22:12:41,895 - root - INFO - avg hit:0.2677, avg mean rank:586.4997, topn:10.
2021-03-04 22:12:41,897 - root - INFO - Checkpointing ...
2021-03-04 22:13:05,463 - root - INFO - train loss:0.0038!
2021-03-04 22:13:07,003 - root - INFO - head hit:0.1443, head mean rank:819.2400, topn:10.
2021-03-04 22:13:07,003 - root - INFO - tail hit:0.3831, tail mean rank:462.2562, topn:10.
2021-03-04 22:13:07,004 - root - INFO - avg hit:0.2637, avg mean rank:640.7481, topn:10.
2021-03-04 22:13:09,878 - root - INFO - head hit:0.1553, head mean rank:750.3105, topn:10.
2021-03-04 22:13:09,879 - root - INFO - tail hit:0.4034, tail mean rank:444.2702, topn:10.
2021-03-04 22:13:09,879 - root - INFO - avg hit:0.2793, avg mean rank:597.2903, topn:10.
2021-03-04 22:13:09,880 - root - INFO - Checkpointing ...
2021-03-04 22:13:33,027 - root - INFO - train loss:0.0031!
2021-03-04 22:13:34,596 - root - INFO - head hit:0.1368, head mean rank:810.4540, topn:10.
2021-03-04 22:13:34,596 - root - INFO - tail hit:0.3893, tail mean rank:457.0560, topn:10.
2021-03-04 22:13:34,596 - root - INFO - avg hit:0.2631, avg mean rank:633.7550, topn:10.
2021-03-04 22:13:37,476 - root - INFO - head hit:0.1424, head mean rank:745.9401, topn:10.
2021-03-04 22:13:37,477 - root - INFO - tail hit:0.4083, tail mean rank:439.1589, topn:10.
2021-03-04 22:13:37,477 - root - INFO - avg hit:0.2754, avg mean rank:592.5495, topn:10.
2021-03-04 22:13:37,478 - root - INFO - No improvement after one epoch. Lowering learning rate.
2021-03-04 22:14:00,775 - root - INFO - train loss:0.0031!
2021-03-04 22:14:02,298 - root - INFO - head hit:0.1468, head mean rank:799.3109, topn:10.
2021-03-04 22:14:02,298 - root - INFO - tail hit:0.3893, tail mean rank:451.0746, topn:10.
2021-03-04 22:14:02,298 - root - INFO - avg hit:0.2680, avg mean rank:625.1928, topn:10.
2021-03-04 22:14:05,091 - root - INFO - head hit:0.1553, head mean rank:739.0220, topn:10.
2021-03-04 22:14:05,091 - root - INFO - tail hit:0.4016, tail mean rank:434.8564, topn:10.
2021-03-04 22:14:05,091 - root - INFO - avg hit:0.2784, avg mean rank:586.9392, topn:10.
2021-03-04 22:14:05,093 - root - INFO - Checkpointing ...
2021-03-04 22:14:28,521 - root - INFO - train loss:0.0021!
2021-03-04 22:14:30,129 - root - INFO - head hit:0.1480, head mean rank:792.1430, topn:10.
2021-03-04 22:14:30,129 - root - INFO - tail hit:0.3831, tail mean rank:449.5236, topn:10.
2021-03-04 22:14:30,129 - root - INFO - avg hit:0.2655, avg mean rank:620.8333, topn:10.
2021-03-04 22:14:33,025 - root - INFO - head hit:0.1626, head mean rank:735.3435, topn:10.
2021-03-04 22:14:33,025 - root - INFO - tail hit:0.3967, tail mean rank:434.4963, topn:10.
2021-03-04 22:14:33,025 - root - INFO - avg hit:0.2796, avg mean rank:584.9199, topn:10.
2021-03-04 22:14:33,026 - root - INFO - No improvement after one epoch. Lowering learning rate.
2021-03-04 22:14:56,362 - root - INFO - train loss:0.0013!
2021-03-04 22:14:58,001 - root - INFO - head hit:0.1517, head mean rank:792.3147, topn:10.
2021-03-04 22:14:58,001 - root - INFO - tail hit:0.3918, tail mean rank:448.8209, topn:10.
2021-03-04 22:14:58,002 - root - INFO - avg hit:0.2718, avg mean rank:620.5678, topn:10.
2021-03-04 22:15:00,773 - root - INFO - head hit:0.1614, head mean rank:734.9633, topn:10.
2021-03-04 22:15:00,773 - root - INFO - tail hit:0.4053, tail mean rank:434.7476, topn:10.
2021-03-04 22:15:00,773 - root - INFO - avg hit:0.2833, avg mean rank:584.8554, topn:10.
2021-03-04 22:15:00,774 - root - INFO - Checkpointing ...
2021-03-04 22:15:23,576 - root - INFO - train loss:0.0015!
2021-03-04 22:15:25,200 - root - INFO - head hit:0.1505, head mean rank:792.3221, topn:10.
2021-03-04 22:15:25,200 - root - INFO - tail hit:0.3943, tail mean rank:446.6368, topn:10.
2021-03-04 22:15:25,200 - root - INFO - avg hit:0.2724, avg mean rank:619.4795, topn:10.
2021-03-04 22:15:28,044 - root - INFO - head hit:0.1608, head mean rank:735.3710, topn:10.
2021-03-04 22:15:28,044 - root - INFO - tail hit:0.4089, tail mean rank:433.8753, topn:10.
2021-03-04 22:15:28,044 - root - INFO - avg hit:0.2848, avg mean rank:584.6232, topn:10.
2021-03-04 22:15:28,046 - root - INFO - Checkpointing ...
2021-03-04 22:15:50,984 - root - INFO - train loss:0.0013!
2021-03-04 22:15:52,470 - root - INFO - head hit:0.1493, head mean rank:792.3134, topn:10.
2021-03-04 22:15:52,471 - root - INFO - tail hit:0.3930, tail mean rank:445.0933, topn:10.
2021-03-04 22:15:52,471 - root - INFO - avg hit:0.2711, avg mean rank:618.7034, topn:10.
2021-03-04 22:15:55,134 - root - INFO - head hit:0.1620, head mean rank:735.0165, topn:10.
2021-03-04 22:15:55,134 - root - INFO - tail hit:0.4101, tail mean rank:432.8130, topn:10.
2021-03-04 22:15:55,134 - root - INFO - avg hit:0.2861, avg mean rank:583.9147, topn:10.
2021-03-04 22:15:55,135 - root - INFO - No improvement after one epoch. Lowering learning rate.
2021-03-04 22:16:18,411 - root - INFO - train loss:0.0014!
2021-03-04 22:16:19,807 - root - INFO - head hit:0.1505, head mean rank:792.3221, topn:10.
2021-03-04 22:16:19,808 - root - INFO - tail hit:0.3943, tail mean rank:444.6667, topn:10.
2021-03-04 22:16:19,808 - root - INFO - avg hit:0.2724, avg mean rank:618.4944, topn:10.
2021-03-04 22:16:22,716 - root - INFO - head hit:0.1583, head mean rank:735.4756, topn:10.
2021-03-04 22:16:22,716 - root - INFO - tail hit:0.4114, tail mean rank:433.4389, topn:10.
2021-03-04 22:16:22,717 - root - INFO - avg hit:0.2848, avg mean rank:584.4572, topn:10.
2021-03-04 22:16:22,718 - root - INFO - No improvement after one epoch. Lowering learning rate.
2021-03-04 22:16:45,715 - root - INFO - train loss:0.0006!
2021-03-04 22:16:47,313 - root - INFO - head hit:0.1530, head mean rank:792.6542, topn:10.
2021-03-04 22:16:47,314 - root - INFO - tail hit:0.3943, tail mean rank:444.2425, topn:10.
2021-03-04 22:16:47,314 - root - INFO - avg hit:0.2736, avg mean rank:618.4484, topn:10.
2021-03-04 22:16:50,062 - root - INFO - head hit:0.1577, head mean rank:735.5067, topn:10.
2021-03-04 22:16:50,063 - root - INFO - tail hit:0.4114, tail mean rank:433.1161, topn:10.
2021-03-04 22:16:50,063 - root - INFO - avg hit:0.2845, avg mean rank:584.3114, topn:10.
2021-03-04 22:16:50,064 - root - INFO - Checkpointing ...
2021-03-04 22:17:13,049 - root - INFO - train loss:0.0011!
2021-03-04 22:17:14,573 - root - INFO - head hit:0.1530, head mean rank:793.1119, topn:10.
2021-03-04 22:17:14,574 - root - INFO - tail hit:0.3943, tail mean rank:444.7077, topn:10.
2021-03-04 22:17:14,574 - root - INFO - avg hit:0.2736, avg mean rank:618.9098, topn:10.
2021-03-04 22:17:17,416 - root - INFO - head hit:0.1589, head mean rank:735.6443, topn:10.
2021-03-04 22:17:17,416 - root - INFO - tail hit:0.4108, tail mean rank:433.7861, topn:10.
2021-03-04 22:17:17,416 - root - INFO - avg hit:0.2848, avg mean rank:584.7152, topn:10.
2021-03-04 22:17:17,418 - root - INFO - No improvement after one epoch. Lowering learning rate.
2021-03-04 22:17:40,762 - root - INFO - train loss:0.0010!
2021-03-04 22:17:42,334 - root - INFO - head hit:0.1542, head mean rank:793.1530, topn:10.
2021-03-04 22:17:42,335 - root - INFO - tail hit:0.3943, tail mean rank:445.2289, topn:10.
2021-03-04 22:17:42,335 - root - INFO - avg hit:0.2743, avg mean rank:619.1909, topn:10.
2021-03-04 22:17:45,168 - root - INFO - head hit:0.1595, head mean rank:735.3557, topn:10.
2021-03-04 22:17:45,169 - root - INFO - tail hit:0.4120, tail mean rank:434.0208, topn:10.
2021-03-04 22:17:45,169 - root - INFO - avg hit:0.2858, avg mean rank:584.6883, topn:10.
2021-03-04 22:17:45,171 - root - INFO - Checkpointing ...
2021-03-04 22:18:08,680 - root - INFO - train loss:0.0011!
2021-03-04 22:18:10,315 - root - INFO - head hit:0.1505, head mean rank:793.7065, topn:10.
2021-03-04 22:18:10,315 - root - INFO - tail hit:0.3955, tail mean rank:445.5361, topn:10.
2021-03-04 22:18:10,316 - root - INFO - avg hit:0.2730, avg mean rank:619.6213, topn:10.
2021-03-04 22:18:13,237 - root - INFO - head hit:0.1595, head mean rank:735.8362, topn:10.
2021-03-04 22:18:13,238 - root - INFO - tail hit:0.4126, tail mean rank:434.3233, topn:10.
2021-03-04 22:18:13,238 - root - INFO - avg hit:0.2861, avg mean rank:585.0798, topn:10.
2021-03-04 22:18:13,239 - root - INFO - No improvement after one epoch. Lowering learning rate.
2021-03-04 22:18:36,251 - root - INFO - train loss:0.0009!
2021-03-04 22:18:37,870 - root - INFO - head hit:0.1493, head mean rank:793.8172, topn:10.
2021-03-04 22:18:37,870 - root - INFO - tail hit:0.3968, tail mean rank:445.6219, topn:10.
2021-03-04 22:18:37,870 - root - INFO - avg hit:0.2730, avg mean rank:619.7195, topn:10.
2021-03-04 22:18:40,606 - root - INFO - head hit:0.1595, head mean rank:736.0092, topn:10.
2021-03-04 22:18:40,606 - root - INFO - tail hit:0.4132, tail mean rank:434.3399, topn:10.
2021-03-04 22:18:40,606 - root - INFO - avg hit:0.2864, avg mean rank:585.1745, topn:10.
2021-03-04 22:18:40,608 - root - INFO - No improvement after one epoch. Lowering learning rate.
2021-03-04 22:19:03,887 - root - INFO - train loss:0.0010!
2021-03-04 22:19:05,399 - root - INFO - head hit:0.1493, head mean rank:793.8420, topn:10.
2021-03-04 22:19:05,399 - root - INFO - tail hit:0.3968, tail mean rank:445.6244, topn:10.
2021-03-04 22:19:05,399 - root - INFO - avg hit:0.2730, avg mean rank:619.7332, topn:10.
2021-03-04 22:19:08,195 - root - INFO - head hit:0.1595, head mean rank:736.0257, topn:10.
2021-03-04 22:19:08,195 - root - INFO - tail hit:0.4132, tail mean rank:434.2757, topn:10.
2021-03-04 22:19:08,195 - root - INFO - avg hit:0.2864, avg mean rank:585.1507, topn:10.
2021-03-04 22:19:08,197 - root - INFO - No improvement after one epoch. Lowering learning rate.
2021-03-04 22:19:31,337 - root - INFO - train loss:0.0010!
2021-03-04 22:19:32,834 - root - INFO - head hit:0.1493, head mean rank:793.8234, topn:10.
2021-03-04 22:19:32,834 - root - INFO - tail hit:0.3968, tail mean rank:445.6405, topn:10.
2021-03-04 22:19:32,834 - root - INFO - avg hit:0.2730, avg mean rank:619.7320, topn:10.
2021-03-04 22:19:35,522 - root - INFO - head hit:0.1595, head mean rank:736.0067, topn:10.
2021-03-04 22:19:35,522 - root - INFO - tail hit:0.4132, tail mean rank:434.2824, topn:10.
2021-03-04 22:19:35,522 - root - INFO - avg hit:0.2864, avg mean rank:585.1446, topn:10.
2021-03-04 22:19:35,524 - root - INFO - No improvement after one epoch. Lowering learning rate.
2021-03-04 22:19:58,422 - root - INFO - No improvement after 24363 steps. Stopping training.
