2021-03-06 08:50:59,197 - root - INFO - Flag Values:
{
    "L1_flag": false,
    "batch_size": 256,
    "ckpt_path": "/home/juarez/git/results/JIIS-revised-exp1/ml-sun_ho_sfKG_ig-mv-complex-75/",
    "clipping_max_value": 5.0,
    "data_path": "/home/juarez/git/datasets/JIIS-revised-exp1/ml-sun_ho_sfKG_ig-mv-complex-75/cao-format/",
    "dataset": "ml1m",
    "early_stopping_steps_to_wait": 1331,
    "embedding_size": 100,
    "eval_interval_steps": 266,
    "eval_only_mode": false,
    "experiment_name": "ml1m-bprmf-1615031459",
    "filter_wrong_corrupted": true,
    "has_visualization": false,
    "is_report": false,
    "joint_ratio": 0.5,
    "kg_lambda": 1.0,
    "kg_test_files": null,
    "l2_lambda": 1e-05,
    "learning_rate": 0.005,
    "learning_rate_decay_when_no_progress": 0.5,
    "load_ckpt_file": null,
    "load_experiment_name": null,
    "log_level": "debug",
    "log_path": "/home/juarez/git/results/JIIS-revised-exp1/ml-sun_ho_sfKG_ig-mv-complex-75/",
    "margin": 1.0,
    "max_queue": 10,
    "model_type": "bprmf",
    "momentum": 0.9,
    "negtive_samples": 1,
    "norm_lambda": 1.0,
    "num_preferences": 4,
    "num_processes": 4,
    "optimizer_type": "Adagrad",
    "rec_test_files": "valid.dat:test.dat",
    "seed": 0,
    "share_embeddings": false,
    "topn": 10,
    "training_steps": 26630,
    "use_st_gumbel": false,
    "visualization_port": 8097
}
2021-03-06 08:50:59,569 - root - INFO - Totally 69982 train ratings, 9998,19995 eval ratings in files: /home/juarez/git/datasets/JIIS-revised-exp1/ml-sun_ho_sfKG_ig-mv-complex-75/cao-format/ml1m/valid.dat;/home/juarez/git/datasets/JIIS-revised-exp1/ml-sun_ho_sfKG_ig-mv-complex-75/cao-format/ml1m/test.dat!
2021-03-06 08:50:59,576 - root - INFO - successfully load 943 users and 1675 items!
2021-03-06 08:50:59,693 - root - INFO - Building model.
2021-03-06 08:51:00,951 - root - INFO - Architecture: BPRMF(
  (user_embeddings): Embedding(943, 100)
  (item_embeddings): Embedding(1675, 100)
)
2021-03-06 08:51:00,952 - root - INFO - Total params: 261800.0
2021-03-06 08:51:00,952 - root - INFO - One epoch is 274 steps.
2021-03-06 08:51:00,953 - root - INFO - Training.
2021-03-06 08:51:00,953 - root - INFO - train loss:0.0000!
2021-03-06 08:51:02,152 - root - INFO - f1:0.0059, p:0.0076, r:0.0067, hit:0.0732, ndcg:0.0367, topn:10.
2021-03-06 08:51:03,115 - root - INFO - f1:0.0070, p:0.0141, r:0.0058, hit:0.1198, ndcg:0.0641, topn:10.
2021-03-06 08:51:04,990 - root - INFO - train loss:0.6947!
2021-03-06 08:51:05,951 - root - INFO - f1:0.0069, p:0.0091, r:0.0074, hit:0.0848, ndcg:0.0434, topn:10.
2021-03-06 08:51:06,937 - root - INFO - f1:0.0089, p:0.0185, r:0.0073, hit:0.1495, ndcg:0.0807, topn:10.
2021-03-06 08:51:06,942 - root - INFO - Checkpointing ...
2021-03-06 08:51:08,539 - root - INFO - train loss:0.6871!
2021-03-06 08:51:09,591 - root - INFO - f1:0.0080, p:0.0103, r:0.0096, hit:0.0965, ndcg:0.0488, topn:10.
2021-03-06 08:51:10,659 - root - INFO - f1:0.0096, p:0.0203, r:0.0079, hit:0.1591, ndcg:0.0840, topn:10.
2021-03-06 08:51:10,662 - root - INFO - Checkpointing ...
2021-03-06 08:51:12,526 - root - INFO - train loss:0.6825!
2021-03-06 08:51:13,543 - root - INFO - f1:0.0088, p:0.0117, r:0.0102, hit:0.1050, ndcg:0.0537, topn:10.
2021-03-06 08:51:14,557 - root - INFO - f1:0.0113, p:0.0232, r:0.0093, hit:0.1792, ndcg:0.0944, topn:10.
2021-03-06 08:51:14,561 - root - INFO - Checkpointing ...
2021-03-06 08:51:16,210 - root - INFO - train loss:0.6781!
2021-03-06 08:51:17,235 - root - INFO - f1:0.0106, p:0.0140, r:0.0119, hit:0.1220, ndcg:0.0629, topn:10.
2021-03-06 08:51:18,276 - root - INFO - f1:0.0127, p:0.0267, r:0.0103, hit:0.1983, ndcg:0.1056, topn:10.
2021-03-06 08:51:18,280 - root - INFO - Checkpointing ...
2021-03-06 08:51:19,884 - root - INFO - train loss:0.6738!
2021-03-06 08:51:20,833 - root - INFO - f1:0.0122, p:0.0160, r:0.0138, hit:0.1379, ndcg:0.0751, topn:10.
2021-03-06 08:51:21,815 - root - INFO - f1:0.0152, p:0.0322, r:0.0121, hit:0.2259, ndcg:0.1218, topn:10.
2021-03-06 08:51:21,819 - root - INFO - Checkpointing ...
2021-03-06 08:51:23,419 - root - INFO - train loss:0.6686!
2021-03-06 08:51:24,384 - root - INFO - f1:0.0147, p:0.0196, r:0.0162, hit:0.1612, ndcg:0.0916, topn:10.
2021-03-06 08:51:25,411 - root - INFO - f1:0.0188, p:0.0399, r:0.0153, hit:0.2587, ndcg:0.1408, topn:10.
2021-03-06 08:51:25,415 - root - INFO - Checkpointing ...
2021-03-06 08:51:26,984 - root - INFO - train loss:0.6630!
2021-03-06 08:51:28,253 - root - INFO - f1:0.0182, p:0.0250, r:0.0188, hit:0.1930, ndcg:0.1073, topn:10.
2021-03-06 08:51:29,310 - root - INFO - f1:0.0229, p:0.0487, r:0.0184, hit:0.3001, ndcg:0.1657, topn:10.
2021-03-06 08:51:29,313 - root - INFO - Checkpointing ...
2021-03-06 08:51:30,823 - root - INFO - train loss:0.6567!
2021-03-06 08:51:31,773 - root - INFO - f1:0.0227, p:0.0310, r:0.0236, hit:0.2174, ndcg:0.1255, topn:10.
2021-03-06 08:51:32,809 - root - INFO - f1:0.0279, p:0.0592, r:0.0223, hit:0.3383, ndcg:0.1921, topn:10.
2021-03-06 08:51:32,814 - root - INFO - Checkpointing ...
2021-03-06 08:51:34,776 - root - INFO - train loss:0.6492!
2021-03-06 08:51:35,818 - root - INFO - f1:0.0289, p:0.0390, r:0.0298, hit:0.2651, ndcg:0.1551, topn:10.
2021-03-06 08:51:36,794 - root - INFO - f1:0.0345, p:0.0726, r:0.0274, hit:0.3881, ndcg:0.2216, topn:10.
2021-03-06 08:51:36,798 - root - INFO - Checkpointing ...
2021-03-06 08:51:38,496 - root - INFO - train loss:0.6404!
2021-03-06 08:51:39,498 - root - INFO - f1:0.0351, p:0.0474, r:0.0359, hit:0.3086, ndcg:0.1804, topn:10.
2021-03-06 08:51:40,565 - root - INFO - f1:0.0396, p:0.0846, r:0.0310, hit:0.4115, ndcg:0.2437, topn:10.
2021-03-06 08:51:40,569 - root - INFO - Checkpointing ...
2021-03-06 08:51:42,326 - root - INFO - train loss:0.6311!
2021-03-06 08:51:43,411 - root - INFO - f1:0.0427, p:0.0572, r:0.0440, hit:0.3499, ndcg:0.2044, topn:10.
2021-03-06 08:51:44,479 - root - INFO - f1:0.0464, p:0.0972, r:0.0369, hit:0.4401, ndcg:0.2703, topn:10.
2021-03-06 08:51:44,482 - root - INFO - Checkpointing ...
2021-03-06 08:51:45,818 - root - INFO - train loss:0.6201!
2021-03-06 08:51:46,810 - root - INFO - f1:0.0474, p:0.0634, r:0.0488, hit:0.3733, ndcg:0.2245, topn:10.
2021-03-06 08:51:47,819 - root - INFO - f1:0.0530, p:0.1097, r:0.0426, hit:0.4719, ndcg:0.2966, topn:10.
2021-03-06 08:51:47,824 - root - INFO - Checkpointing ...
2021-03-06 08:51:49,582 - root - INFO - train loss:0.6090!
2021-03-06 08:51:50,647 - root - INFO - f1:0.0532, p:0.0705, r:0.0552, hit:0.4083, ndcg:0.2488, topn:10.
2021-03-06 08:51:51,694 - root - INFO - f1:0.0593, p:0.1206, r:0.0483, hit:0.5122, ndcg:0.3197, topn:10.
2021-03-06 08:51:51,698 - root - INFO - Checkpointing ...
2021-03-06 08:51:53,429 - root - INFO - train loss:0.5968!
2021-03-06 08:51:54,451 - root - INFO - f1:0.0580, p:0.0765, r:0.0610, hit:0.4295, ndcg:0.2663, topn:10.
2021-03-06 08:51:55,412 - root - INFO - f1:0.0667, p:0.1344, r:0.0542, hit:0.5376, ndcg:0.3366, topn:10.
2021-03-06 08:51:55,416 - root - INFO - Checkpointing ...
2021-03-06 08:51:57,113 - root - INFO - train loss:0.5829!
2021-03-06 08:51:58,110 - root - INFO - f1:0.0630, p:0.0828, r:0.0661, hit:0.4433, ndcg:0.2821, topn:10.
2021-03-06 08:51:59,139 - root - INFO - f1:0.0725, p:0.1446, r:0.0591, hit:0.5620, ndcg:0.3626, topn:10.
2021-03-06 08:51:59,142 - root - INFO - Checkpointing ...
2021-03-06 08:52:00,918 - root - INFO - train loss:0.5699!
2021-03-06 08:52:01,893 - root - INFO - f1:0.0685, p:0.0893, r:0.0723, hit:0.4602, ndcg:0.2937, topn:10.
2021-03-06 08:52:02,897 - root - INFO - f1:0.0769, p:0.1520, r:0.0632, hit:0.5779, ndcg:0.3781, topn:10.
2021-03-06 08:52:02,901 - root - INFO - Checkpointing ...
2021-03-06 08:52:04,436 - root - INFO - train loss:0.5557!
2021-03-06 08:52:05,485 - root - INFO - f1:0.0733, p:0.0954, r:0.0773, hit:0.4761, ndcg:0.3039, topn:10.
2021-03-06 08:52:06,532 - root - INFO - f1:0.0819, p:0.1599, r:0.0676, hit:0.6045, ndcg:0.3966, topn:10.
2021-03-06 08:52:06,537 - root - INFO - Checkpointing ...
2021-03-06 08:52:08,212 - root - INFO - train loss:0.5416!
2021-03-06 08:52:09,257 - root - INFO - f1:0.0781, p:0.1004, r:0.0832, hit:0.4984, ndcg:0.3189, topn:10.
2021-03-06 08:52:10,323 - root - INFO - f1:0.0869, p:0.1673, r:0.0723, hit:0.6225, ndcg:0.4120, topn:10.
2021-03-06 08:52:10,326 - root - INFO - Checkpointing ...
2021-03-06 08:52:11,733 - root - INFO - train loss:0.5287!
2021-03-06 08:52:12,781 - root - INFO - f1:0.0828, p:0.1053, r:0.0893, hit:0.5175, ndcg:0.3293, topn:10.
2021-03-06 08:52:13,826 - root - INFO - f1:0.0920, p:0.1754, r:0.0771, hit:0.6394, ndcg:0.4254, topn:10.
2021-03-06 08:52:13,830 - root - INFO - Checkpointing ...
2021-03-06 08:52:15,621 - root - INFO - train loss:0.5143!
2021-03-06 08:52:16,686 - root - INFO - f1:0.0863, p:0.1094, r:0.0928, hit:0.5260, ndcg:0.3418, topn:10.
2021-03-06 08:52:17,886 - root - INFO - f1:0.0957, p:0.1817, r:0.0803, hit:0.6596, ndcg:0.4439, topn:10.
2021-03-06 08:52:17,892 - root - INFO - Checkpointing ...
2021-03-06 08:52:19,727 - root - INFO - train loss:0.4997!
2021-03-06 08:52:20,771 - root - INFO - f1:0.0913, p:0.1144, r:0.1010, hit:0.5451, ndcg:0.3518, topn:10.
2021-03-06 08:52:21,793 - root - INFO - f1:0.1004, p:0.1883, r:0.0852, hit:0.6670, ndcg:0.4507, topn:10.
2021-03-06 08:52:21,796 - root - INFO - Checkpointing ...
2021-03-06 08:52:23,639 - root - INFO - train loss:0.4873!
2021-03-06 08:52:24,670 - root - INFO - f1:0.0940, p:0.1170, r:0.1061, hit:0.5557, ndcg:0.3587, topn:10.
2021-03-06 08:52:25,693 - root - INFO - f1:0.1041, p:0.1930, r:0.0889, hit:0.6819, ndcg:0.4688, topn:10.
2021-03-06 08:52:25,698 - root - INFO - Checkpointing ...
2021-03-06 08:52:27,447 - root - INFO - train loss:0.4757!
2021-03-06 08:52:28,457 - root - INFO - f1:0.0973, p:0.1207, r:0.1097, hit:0.5631, ndcg:0.3643, topn:10.
2021-03-06 08:52:29,535 - root - INFO - f1:0.1078, p:0.1975, r:0.0933, hit:0.6988, ndcg:0.4815, topn:10.
2021-03-06 08:52:29,540 - root - INFO - Checkpointing ...
2021-03-06 08:52:31,488 - root - INFO - train loss:0.4629!
2021-03-06 08:52:32,558 - root - INFO - f1:0.1001, p:0.1235, r:0.1142, hit:0.5737, ndcg:0.3692, topn:10.
2021-03-06 08:52:33,607 - root - INFO - f1:0.1100, p:0.2003, r:0.0954, hit:0.7052, ndcg:0.4903, topn:10.
2021-03-06 08:52:33,611 - root - INFO - Checkpointing ...
2021-03-06 08:52:35,433 - root - INFO - train loss:0.4518!
2021-03-06 08:52:36,497 - root - INFO - f1:0.1019, p:0.1248, r:0.1180, hit:0.5811, ndcg:0.3733, topn:10.
2021-03-06 08:52:37,522 - root - INFO - f1:0.1125, p:0.2035, r:0.0982, hit:0.7169, ndcg:0.5011, topn:10.
2021-03-06 08:52:37,526 - root - INFO - Checkpointing ...
2021-03-06 08:52:39,256 - root - INFO - train loss:0.4418!
2021-03-06 08:52:40,280 - root - INFO - f1:0.1057, p:0.1287, r:0.1234, hit:0.5960, ndcg:0.3799, topn:10.
2021-03-06 08:52:41,352 - root - INFO - f1:0.1145, p:0.2055, r:0.1007, hit:0.7232, ndcg:0.5071, topn:10.
2021-03-06 08:52:41,357 - root - INFO - Checkpointing ...
2021-03-06 08:52:43,107 - root - INFO - train loss:0.4307!
2021-03-06 08:52:44,151 - root - INFO - f1:0.1068, p:0.1297, r:0.1253, hit:0.6013, ndcg:0.3882, topn:10.
2021-03-06 08:52:45,098 - root - INFO - f1:0.1167, p:0.2082, r:0.1032, hit:0.7317, ndcg:0.5174, topn:10.
2021-03-06 08:52:45,102 - root - INFO - Checkpointing ...
2021-03-06 08:52:46,535 - root - INFO - train loss:0.4227!
2021-03-06 08:52:47,481 - root - INFO - f1:0.1086, p:0.1312, r:0.1281, hit:0.6023, ndcg:0.3919, topn:10.
2021-03-06 08:52:48,479 - root - INFO - f1:0.1197, p:0.2121, r:0.1063, hit:0.7434, ndcg:0.5250, topn:10.
2021-03-06 08:52:48,483 - root - INFO - Checkpointing ...
2021-03-06 08:52:50,301 - root - INFO - train loss:0.4147!
2021-03-06 08:52:51,304 - root - INFO - f1:0.1090, p:0.1317, r:0.1285, hit:0.6076, ndcg:0.3970, topn:10.
2021-03-06 08:52:52,372 - root - INFO - f1:0.1219, p:0.2145, r:0.1089, hit:0.7508, ndcg:0.5317, topn:10.
2021-03-06 08:52:52,377 - root - INFO - Checkpointing ...
2021-03-06 08:52:54,144 - root - INFO - train loss:0.4067!
2021-03-06 08:52:55,184 - root - INFO - f1:0.1096, p:0.1327, r:0.1292, hit:0.6076, ndcg:0.3991, topn:10.
2021-03-06 08:52:56,213 - root - INFO - f1:0.1240, p:0.2171, r:0.1109, hit:0.7572, ndcg:0.5364, topn:10.
2021-03-06 08:52:56,218 - root - INFO - Checkpointing ...
2021-03-06 08:52:58,018 - root - INFO - train loss:0.3984!
2021-03-06 08:52:59,072 - root - INFO - f1:0.1095, p:0.1322, r:0.1292, hit:0.6076, ndcg:0.4022, topn:10.
2021-03-06 08:53:00,118 - root - INFO - f1:0.1254, p:0.2186, r:0.1127, hit:0.7635, ndcg:0.5419, topn:10.
2021-03-06 08:53:02,106 - root - INFO - train loss:0.3913!
2021-03-06 08:53:03,182 - root - INFO - f1:0.1108, p:0.1337, r:0.1311, hit:0.6129, ndcg:0.4060, topn:10.
2021-03-06 08:53:04,240 - root - INFO - f1:0.1271, p:0.2210, r:0.1144, hit:0.7667, ndcg:0.5441, topn:10.
2021-03-06 08:53:04,243 - root - INFO - Checkpointing ...
2021-03-06 08:53:05,566 - root - INFO - train loss:0.3848!
2021-03-06 08:53:06,589 - root - INFO - f1:0.1108, p:0.1337, r:0.1310, hit:0.6087, ndcg:0.4086, topn:10.
2021-03-06 08:53:07,798 - root - INFO - f1:0.1292, p:0.2240, r:0.1164, hit:0.7741, ndcg:0.5490, topn:10.
2021-03-06 08:53:09,479 - root - INFO - train loss:0.3801!
2021-03-06 08:53:10,487 - root - INFO - f1:0.1135, p:0.1358, r:0.1357, hit:0.6193, ndcg:0.4155, topn:10.
2021-03-06 08:53:11,513 - root - INFO - f1:0.1300, p:0.2251, r:0.1171, hit:0.7720, ndcg:0.5512, topn:10.
2021-03-06 08:53:11,516 - root - INFO - Checkpointing ...
2021-03-06 08:53:13,115 - root - INFO - train loss:0.3746!
2021-03-06 08:53:14,134 - root - INFO - f1:0.1151, p:0.1367, r:0.1393, hit:0.6267, ndcg:0.4169, topn:10.
2021-03-06 08:53:15,193 - root - INFO - f1:0.1321, p:0.2277, r:0.1197, hit:0.7784, ndcg:0.5544, topn:10.
2021-03-06 08:53:15,196 - root - INFO - Checkpointing ...
2021-03-06 08:53:17,084 - root - INFO - train loss:0.3688!
2021-03-06 08:53:18,115 - root - INFO - f1:0.1163, p:0.1375, r:0.1413, hit:0.6320, ndcg:0.4208, topn:10.
2021-03-06 08:53:19,131 - root - INFO - f1:0.1333, p:0.2291, r:0.1211, hit:0.7837, ndcg:0.5577, topn:10.
2021-03-06 08:53:19,135 - root - INFO - Checkpointing ...
2021-03-06 08:53:20,694 - root - INFO - train loss:0.3642!
2021-03-06 08:53:21,663 - root - INFO - f1:0.1176, p:0.1390, r:0.1427, hit:0.6363, ndcg:0.4235, topn:10.
2021-03-06 08:53:22,664 - root - INFO - f1:0.1347, p:0.2310, r:0.1221, hit:0.7826, ndcg:0.5595, topn:10.
2021-03-06 08:53:22,668 - root - INFO - Checkpointing ...
2021-03-06 08:53:24,283 - root - INFO - train loss:0.3593!
2021-03-06 08:53:25,171 - root - INFO - f1:0.1182, p:0.1400, r:0.1431, hit:0.6373, ndcg:0.4248, topn:10.
2021-03-06 08:53:26,165 - root - INFO - f1:0.1373, p:0.2341, r:0.1254, hit:0.7890, ndcg:0.5621, topn:10.
2021-03-06 08:53:26,169 - root - INFO - Checkpointing ...
2021-03-06 08:53:27,540 - root - INFO - train loss:0.3556!
2021-03-06 08:53:28,596 - root - INFO - f1:0.1191, p:0.1406, r:0.1444, hit:0.6384, ndcg:0.4258, topn:10.
2021-03-06 08:53:29,507 - root - INFO - f1:0.1389, p:0.2357, r:0.1273, hit:0.7922, ndcg:0.5650, topn:10.
2021-03-06 08:53:29,510 - root - INFO - Checkpointing ...
2021-03-06 08:53:31,191 - root - INFO - train loss:0.3495!
2021-03-06 08:53:32,255 - root - INFO - f1:0.1217, p:0.1427, r:0.1493, hit:0.6448, ndcg:0.4283, topn:10.
2021-03-06 08:53:33,263 - root - INFO - f1:0.1399, p:0.2370, r:0.1282, hit:0.7943, ndcg:0.5661, topn:10.
2021-03-06 08:53:33,267 - root - INFO - Checkpointing ...
2021-03-06 08:53:34,991 - root - INFO - train loss:0.3475!
2021-03-06 08:53:36,064 - root - INFO - f1:0.1218, p:0.1429, r:0.1490, hit:0.6469, ndcg:0.4306, topn:10.
2021-03-06 08:53:37,105 - root - INFO - f1:0.1410, p:0.2384, r:0.1292, hit:0.7964, ndcg:0.5678, topn:10.
2021-03-06 08:53:37,109 - root - INFO - Checkpointing ...
2021-03-06 08:53:38,594 - root - INFO - train loss:0.3425!
2021-03-06 08:53:39,559 - root - INFO - f1:0.1229, p:0.1439, r:0.1506, hit:0.6543, ndcg:0.4341, topn:10.
2021-03-06 08:53:40,649 - root - INFO - f1:0.1426, p:0.2403, r:0.1311, hit:0.7996, ndcg:0.5702, topn:10.
2021-03-06 08:53:40,654 - root - INFO - Checkpointing ...
2021-03-06 08:53:42,301 - root - INFO - train loss:0.3405!
2021-03-06 08:53:43,305 - root - INFO - f1:0.1233, p:0.1443, r:0.1510, hit:0.6575, ndcg:0.4364, topn:10.
2021-03-06 08:53:44,388 - root - INFO - f1:0.1440, p:0.2418, r:0.1325, hit:0.8038, ndcg:0.5718, topn:10.
2021-03-06 08:53:44,392 - root - INFO - Checkpointing ...
2021-03-06 08:53:45,947 - root - INFO - train loss:0.3370!
2021-03-06 08:53:46,930 - root - INFO - f1:0.1243, p:0.1453, r:0.1522, hit:0.6596, ndcg:0.4385, topn:10.
2021-03-06 08:53:47,973 - root - INFO - f1:0.1448, p:0.2429, r:0.1330, hit:0.8017, ndcg:0.5713, topn:10.
2021-03-06 08:53:47,977 - root - INFO - Checkpointing ...
2021-03-06 08:53:49,549 - root - INFO - train loss:0.3355!
2021-03-06 08:53:50,590 - root - INFO - f1:0.1246, p:0.1455, r:0.1525, hit:0.6617, ndcg:0.4397, topn:10.
2021-03-06 08:53:51,624 - root - INFO - f1:0.1465, p:0.2446, r:0.1350, hit:0.8038, ndcg:0.5728, topn:10.
2021-03-06 08:53:51,628 - root - INFO - Checkpointing ...
2021-03-06 08:53:53,212 - root - INFO - train loss:0.3301!
2021-03-06 08:53:54,223 - root - INFO - f1:0.1245, p:0.1454, r:0.1524, hit:0.6596, ndcg:0.4422, topn:10.
2021-03-06 08:53:55,252 - root - INFO - f1:0.1475, p:0.2456, r:0.1367, hit:0.8081, ndcg:0.5744, topn:10.
2021-03-06 08:53:57,000 - root - INFO - train loss:0.3256!
2021-03-06 08:53:58,187 - root - INFO - f1:0.1263, p:0.1471, r:0.1550, hit:0.6670, ndcg:0.4441, topn:10.
2021-03-06 08:53:59,181 - root - INFO - f1:0.1482, p:0.2467, r:0.1372, hit:0.8112, ndcg:0.5790, topn:10.
2021-03-06 08:53:59,186 - root - INFO - Checkpointing ...
2021-03-06 08:54:00,777 - root - INFO - train loss:0.3254!
2021-03-06 08:54:01,746 - root - INFO - f1:0.1267, p:0.1473, r:0.1559, hit:0.6681, ndcg:0.4463, topn:10.
2021-03-06 08:54:02,735 - root - INFO - f1:0.1494, p:0.2480, r:0.1385, hit:0.8155, ndcg:0.5816, topn:10.
2021-03-06 08:54:02,739 - root - INFO - Checkpointing ...
2021-03-06 08:54:04,416 - root - INFO - train loss:0.3234!
2021-03-06 08:54:05,477 - root - INFO - f1:0.1275, p:0.1479, r:0.1579, hit:0.6744, ndcg:0.4494, topn:10.
2021-03-06 08:54:06,555 - root - INFO - f1:0.1501, p:0.2487, r:0.1393, hit:0.8165, ndcg:0.5822, topn:10.
2021-03-06 08:54:06,560 - root - INFO - Checkpointing ...
2021-03-06 08:54:08,239 - root - INFO - train loss:0.3183!
2021-03-06 08:54:09,312 - root - INFO - f1:0.1274, p:0.1480, r:0.1577, hit:0.6734, ndcg:0.4508, topn:10.
2021-03-06 08:54:10,388 - root - INFO - f1:0.1507, p:0.2496, r:0.1398, hit:0.8176, ndcg:0.5839, topn:10.
2021-03-06 08:54:12,120 - root - INFO - train loss:0.3182!
2021-03-06 08:54:13,159 - root - INFO - f1:0.1272, p:0.1478, r:0.1571, hit:0.6713, ndcg:0.4509, topn:10.
2021-03-06 08:54:14,207 - root - INFO - f1:0.1516, p:0.2506, r:0.1407, hit:0.8187, ndcg:0.5851, topn:10.
2021-03-06 08:54:14,210 - root - INFO - No improvement after one epoch. Lowering learning rate.
2021-03-06 08:54:15,848 - root - INFO - train loss:0.3161!
2021-03-06 08:54:16,833 - root - INFO - f1:0.1309, p:0.1513, r:0.1625, hit:0.6850, ndcg:0.4564, topn:10.
2021-03-06 08:54:17,878 - root - INFO - f1:0.1548, p:0.2548, r:0.1441, hit:0.8282, ndcg:0.5879, topn:10.
2021-03-06 08:54:17,881 - root - INFO - Checkpointing ...
2021-03-06 08:54:19,435 - root - INFO - train loss:0.3035!
2021-03-06 08:54:20,440 - root - INFO - f1:0.1312, p:0.1521, r:0.1628, hit:0.6850, ndcg:0.4612, topn:10.
2021-03-06 08:54:21,470 - root - INFO - f1:0.1569, p:0.2572, r:0.1468, hit:0.8303, ndcg:0.5903, topn:10.
2021-03-06 08:54:21,474 - root - INFO - Checkpointing ...
2021-03-06 08:54:23,160 - root - INFO - train loss:0.2972!
2021-03-06 08:54:24,192 - root - INFO - f1:0.1318, p:0.1525, r:0.1638, hit:0.6861, ndcg:0.4612, topn:10.
2021-03-06 08:54:25,291 - root - INFO - f1:0.1579, p:0.2593, r:0.1476, hit:0.8303, ndcg:0.5922, topn:10.
2021-03-06 08:54:25,295 - root - INFO - Checkpointing ...
2021-03-06 08:54:27,093 - root - INFO - train loss:0.2973!
2021-03-06 08:54:28,209 - root - INFO - f1:0.1328, p:0.1538, r:0.1651, hit:0.6893, ndcg:0.4659, topn:10.
2021-03-06 08:54:29,228 - root - INFO - f1:0.1591, p:0.2611, r:0.1487, hit:0.8303, ndcg:0.5926, topn:10.
2021-03-06 08:54:29,231 - root - INFO - Checkpointing ...
2021-03-06 08:54:31,083 - root - INFO - train loss:0.2901!
2021-03-06 08:54:32,152 - root - INFO - f1:0.1337, p:0.1547, r:0.1666, hit:0.6893, ndcg:0.4690, topn:10.
2021-03-06 08:54:33,208 - root - INFO - f1:0.1599, p:0.2622, r:0.1494, hit:0.8314, ndcg:0.5955, topn:10.
2021-03-06 08:54:33,212 - root - INFO - Checkpointing ...
2021-03-06 08:54:35,087 - root - INFO - train loss:0.2906!
2021-03-06 08:54:36,158 - root - INFO - f1:0.1349, p:0.1559, r:0.1681, hit:0.6925, ndcg:0.4697, topn:10.
2021-03-06 08:54:37,118 - root - INFO - f1:0.1603, p:0.2625, r:0.1502, hit:0.8303, ndcg:0.5964, topn:10.
2021-03-06 08:54:37,120 - root - INFO - Checkpointing ...
2021-03-06 08:54:38,911 - root - INFO - train loss:0.2848!
2021-03-06 08:54:39,930 - root - INFO - f1:0.1350, p:0.1561, r:0.1682, hit:0.6935, ndcg:0.4711, topn:10.
2021-03-06 08:54:40,977 - root - INFO - f1:0.1611, p:0.2639, r:0.1506, hit:0.8293, ndcg:0.5984, topn:10.
2021-03-06 08:54:40,982 - root - INFO - Checkpointing ...
2021-03-06 08:54:42,713 - root - INFO - train loss:0.2853!
2021-03-06 08:54:43,751 - root - INFO - f1:0.1360, p:0.1572, r:0.1700, hit:0.6946, ndcg:0.4715, topn:10.
2021-03-06 08:54:44,769 - root - INFO - f1:0.1619, p:0.2650, r:0.1514, hit:0.8303, ndcg:0.5987, topn:10.
2021-03-06 08:54:44,772 - root - INFO - Checkpointing ...
2021-03-06 08:54:46,337 - root - INFO - train loss:0.2833!
2021-03-06 08:54:47,569 - root - INFO - f1:0.1368, p:0.1579, r:0.1713, hit:0.6967, ndcg:0.4727, topn:10.
2021-03-06 08:54:48,495 - root - INFO - f1:0.1627, p:0.2662, r:0.1522, hit:0.8335, ndcg:0.6009, topn:10.
2021-03-06 08:54:48,500 - root - INFO - Checkpointing ...
2021-03-06 08:54:50,288 - root - INFO - train loss:0.2817!
2021-03-06 08:54:51,367 - root - INFO - f1:0.1371, p:0.1580, r:0.1720, hit:0.6978, ndcg:0.4734, topn:10.
2021-03-06 08:54:52,419 - root - INFO - f1:0.1629, p:0.2668, r:0.1524, hit:0.8314, ndcg:0.6021, topn:10.
2021-03-06 08:54:52,423 - root - INFO - Checkpointing ...
2021-03-06 08:54:54,129 - root - INFO - train loss:0.2791!
2021-03-06 08:54:55,181 - root - INFO - f1:0.1378, p:0.1586, r:0.1729, hit:0.6967, ndcg:0.4731, topn:10.
2021-03-06 08:54:56,170 - root - INFO - f1:0.1628, p:0.2663, r:0.1524, hit:0.8324, ndcg:0.6030, topn:10.
2021-03-06 08:54:56,173 - root - INFO - Checkpointing ...
2021-03-06 08:54:57,719 - root - INFO - train loss:0.2796!
2021-03-06 08:54:58,764 - root - INFO - f1:0.1385, p:0.1592, r:0.1741, hit:0.6978, ndcg:0.4739, topn:10.
2021-03-06 08:54:59,720 - root - INFO - f1:0.1638, p:0.2676, r:0.1534, hit:0.8356, ndcg:0.6045, topn:10.
2021-03-06 08:54:59,722 - root - INFO - Checkpointing ...
2021-03-06 08:55:01,315 - root - INFO - train loss:0.2768!
2021-03-06 08:55:02,268 - root - INFO - f1:0.1388, p:0.1593, r:0.1759, hit:0.6978, ndcg:0.4748, topn:10.
2021-03-06 08:55:03,275 - root - INFO - f1:0.1640, p:0.2677, r:0.1536, hit:0.8356, ndcg:0.6050, topn:10.
2021-03-06 08:55:03,278 - root - INFO - Checkpointing ...
2021-03-06 08:55:04,999 - root - INFO - train loss:0.2758!
2021-03-06 08:55:05,983 - root - INFO - f1:0.1394, p:0.1599, r:0.1765, hit:0.6988, ndcg:0.4760, topn:10.
2021-03-06 08:55:07,012 - root - INFO - f1:0.1645, p:0.2687, r:0.1541, hit:0.8356, ndcg:0.6050, topn:10.
2021-03-06 08:55:07,017 - root - INFO - Checkpointing ...
2021-03-06 08:55:08,660 - root - INFO - train loss:0.2716!
2021-03-06 08:55:09,688 - root - INFO - f1:0.1389, p:0.1596, r:0.1758, hit:0.6957, ndcg:0.4753, topn:10.
2021-03-06 08:55:10,775 - root - INFO - f1:0.1653, p:0.2696, r:0.1549, hit:0.8367, ndcg:0.6055, topn:10.
2021-03-06 08:55:12,504 - root - INFO - train loss:0.2720!
2021-03-06 08:55:13,523 - root - INFO - f1:0.1398, p:0.1603, r:0.1772, hit:0.6978, ndcg:0.4765, topn:10.
2021-03-06 08:55:14,521 - root - INFO - f1:0.1658, p:0.2704, r:0.1555, hit:0.8367, ndcg:0.6072, topn:10.
2021-03-06 08:55:14,526 - root - INFO - Checkpointing ...
2021-03-06 08:55:16,466 - root - INFO - train loss:0.2710!
2021-03-06 08:55:17,509 - root - INFO - f1:0.1407, p:0.1615, r:0.1780, hit:0.6999, ndcg:0.4778, topn:10.
2021-03-06 08:55:18,526 - root - INFO - f1:0.1670, p:0.2721, r:0.1567, hit:0.8367, ndcg:0.6075, topn:10.
2021-03-06 08:55:18,530 - root - INFO - Checkpointing ...
2021-03-06 08:55:20,187 - root - INFO - train loss:0.2691!
2021-03-06 08:55:21,237 - root - INFO - f1:0.1411, p:0.1619, r:0.1785, hit:0.6988, ndcg:0.4781, topn:10.
2021-03-06 08:55:22,279 - root - INFO - f1:0.1678, p:0.2732, r:0.1575, hit:0.8388, ndcg:0.6088, topn:10.
2021-03-06 08:55:22,282 - root - INFO - Checkpointing ...
2021-03-06 08:55:23,739 - root - INFO - train loss:0.2690!
2021-03-06 08:55:24,806 - root - INFO - f1:0.1413, p:0.1619, r:0.1789, hit:0.6999, ndcg:0.4796, topn:10.
2021-03-06 08:55:25,877 - root - INFO - f1:0.1684, p:0.2740, r:0.1581, hit:0.8388, ndcg:0.6087, topn:10.
2021-03-06 08:55:25,881 - root - INFO - Checkpointing ...
2021-03-06 08:55:27,733 - root - INFO - train loss:0.2677!
2021-03-06 08:55:28,769 - root - INFO - f1:0.1410, p:0.1617, r:0.1787, hit:0.6988, ndcg:0.4799, topn:10.
2021-03-06 08:55:29,773 - root - INFO - f1:0.1684, p:0.2739, r:0.1582, hit:0.8378, ndcg:0.6079, topn:10.
2021-03-06 08:55:31,495 - root - INFO - train loss:0.2678!
2021-03-06 08:55:32,481 - root - INFO - f1:0.1414, p:0.1619, r:0.1796, hit:0.7010, ndcg:0.4812, topn:10.
2021-03-06 08:55:33,508 - root - INFO - f1:0.1686, p:0.2743, r:0.1582, hit:0.8409, ndcg:0.6100, topn:10.
2021-03-06 08:55:33,513 - root - INFO - Checkpointing ...
2021-03-06 08:55:35,211 - root - INFO - train loss:0.2647!
2021-03-06 08:55:36,229 - root - INFO - f1:0.1418, p:0.1626, r:0.1801, hit:0.7020, ndcg:0.4830, topn:10.
2021-03-06 08:55:37,417 - root - INFO - f1:0.1699, p:0.2761, r:0.1596, hit:0.8420, ndcg:0.6107, topn:10.
2021-03-06 08:55:37,422 - root - INFO - Checkpointing ...
2021-03-06 08:55:39,017 - root - INFO - train loss:0.2638!
2021-03-06 08:55:40,095 - root - INFO - f1:0.1419, p:0.1625, r:0.1802, hit:0.7031, ndcg:0.4833, topn:10.
2021-03-06 08:55:41,144 - root - INFO - f1:0.1702, p:0.2768, r:0.1598, hit:0.8409, ndcg:0.6102, topn:10.
2021-03-06 08:55:41,149 - root - INFO - Checkpointing ...
2021-03-06 08:55:43,061 - root - INFO - train loss:0.2638!
2021-03-06 08:55:44,123 - root - INFO - f1:0.1423, p:0.1630, r:0.1807, hit:0.7041, ndcg:0.4848, topn:10.
2021-03-06 08:55:45,185 - root - INFO - f1:0.1707, p:0.2771, r:0.1603, hit:0.8409, ndcg:0.6105, topn:10.
2021-03-06 08:55:45,190 - root - INFO - Checkpointing ...
2021-03-06 08:55:46,930 - root - INFO - train loss:0.2601!
2021-03-06 08:55:48,020 - root - INFO - f1:0.1429, p:0.1635, r:0.1815, hit:0.7041, ndcg:0.4853, topn:10.
2021-03-06 08:55:49,067 - root - INFO - f1:0.1705, p:0.2767, r:0.1602, hit:0.8420, ndcg:0.6122, topn:10.
2021-03-06 08:55:49,071 - root - INFO - Checkpointing ...
2021-03-06 08:55:50,573 - root - INFO - train loss:0.2610!
2021-03-06 08:55:51,642 - root - INFO - f1:0.1433, p:0.1637, r:0.1829, hit:0.7041, ndcg:0.4845, topn:10.
2021-03-06 08:55:52,728 - root - INFO - f1:0.1713, p:0.2777, r:0.1614, hit:0.8441, ndcg:0.6134, topn:10.
2021-03-06 08:55:52,733 - root - INFO - Checkpointing ...
2021-03-06 08:55:54,266 - root - INFO - train loss:0.2598!
2021-03-06 08:55:55,354 - root - INFO - f1:0.1433, p:0.1637, r:0.1829, hit:0.7041, ndcg:0.4846, topn:10.
2021-03-06 08:55:56,422 - root - INFO - f1:0.1719, p:0.2783, r:0.1619, hit:0.8441, ndcg:0.6132, topn:10.
2021-03-06 08:55:57,907 - root - INFO - train loss:0.2579!
2021-03-06 08:55:58,927 - root - INFO - f1:0.1434, p:0.1637, r:0.1835, hit:0.7052, ndcg:0.4858, topn:10.
2021-03-06 08:55:59,961 - root - INFO - f1:0.1720, p:0.2785, r:0.1621, hit:0.8452, ndcg:0.6139, topn:10.
2021-03-06 08:55:59,965 - root - INFO - Checkpointing ...
2021-03-06 08:56:01,512 - root - INFO - train loss:0.2586!
2021-03-06 08:56:02,528 - root - INFO - f1:0.1441, p:0.1643, r:0.1845, hit:0.7084, ndcg:0.4867, topn:10.
2021-03-06 08:56:03,532 - root - INFO - f1:0.1726, p:0.2796, r:0.1625, hit:0.8462, ndcg:0.6149, topn:10.
2021-03-06 08:56:03,536 - root - INFO - Checkpointing ...
2021-03-06 08:56:05,090 - root - INFO - train loss:0.2594!
2021-03-06 08:56:06,079 - root - INFO - f1:0.1442, p:0.1646, r:0.1846, hit:0.7094, ndcg:0.4884, topn:10.
2021-03-06 08:56:07,104 - root - INFO - f1:0.1724, p:0.2791, r:0.1624, hit:0.8452, ndcg:0.6156, topn:10.
2021-03-06 08:56:07,109 - root - INFO - Checkpointing ...
2021-03-06 08:56:08,725 - root - INFO - train loss:0.2566!
2021-03-06 08:56:09,823 - root - INFO - f1:0.1445, p:0.1648, r:0.1850, hit:0.7116, ndcg:0.4895, topn:10.
2021-03-06 08:56:10,886 - root - INFO - f1:0.1733, p:0.2801, r:0.1632, hit:0.8462, ndcg:0.6149, topn:10.
2021-03-06 08:56:10,890 - root - INFO - Checkpointing ...
2021-03-06 08:56:12,428 - root - INFO - train loss:0.2571!
2021-03-06 08:56:13,447 - root - INFO - f1:0.1451, p:0.1655, r:0.1856, hit:0.7116, ndcg:0.4902, topn:10.
2021-03-06 08:56:14,499 - root - INFO - f1:0.1734, p:0.2801, r:0.1634, hit:0.8462, ndcg:0.6161, topn:10.
2021-03-06 08:56:14,503 - root - INFO - Checkpointing ...
2021-03-06 08:56:16,228 - root - INFO - train loss:0.2543!
2021-03-06 08:56:17,198 - root - INFO - f1:0.1453, p:0.1659, r:0.1857, hit:0.7116, ndcg:0.4903, topn:10.
2021-03-06 08:56:18,254 - root - INFO - f1:0.1733, p:0.2799, r:0.1635, hit:0.8484, ndcg:0.6178, topn:10.
2021-03-06 08:56:18,259 - root - INFO - Checkpointing ...
2021-03-06 08:56:20,045 - root - INFO - train loss:0.2567!
2021-03-06 08:56:21,083 - root - INFO - f1:0.1456, p:0.1663, r:0.1860, hit:0.7126, ndcg:0.4909, topn:10.
2021-03-06 08:56:22,175 - root - INFO - f1:0.1739, p:0.2807, r:0.1640, hit:0.8484, ndcg:0.6174, topn:10.
2021-03-06 08:56:22,179 - root - INFO - Checkpointing ...
2021-03-06 08:56:23,756 - root - INFO - train loss:0.2559!
2021-03-06 08:56:24,738 - root - INFO - f1:0.1455, p:0.1661, r:0.1858, hit:0.7126, ndcg:0.4917, topn:10.
2021-03-06 08:56:25,906 - root - INFO - f1:0.1744, p:0.2817, r:0.1645, hit:0.8484, ndcg:0.6177, topn:10.
2021-03-06 08:56:27,347 - root - INFO - train loss:0.2539!
2021-03-06 08:56:28,289 - root - INFO - f1:0.1460, p:0.1665, r:0.1871, hit:0.7147, ndcg:0.4929, topn:10.
2021-03-06 08:56:29,334 - root - INFO - f1:0.1748, p:0.2822, r:0.1651, hit:0.8494, ndcg:0.6182, topn:10.
2021-03-06 08:56:29,337 - root - INFO - Checkpointing ...
2021-03-06 08:56:30,873 - root - INFO - train loss:0.2537!
2021-03-06 08:56:31,901 - root - INFO - f1:0.1462, p:0.1667, r:0.1874, hit:0.7147, ndcg:0.4928, topn:10.
2021-03-06 08:56:32,927 - root - INFO - f1:0.1754, p:0.2829, r:0.1656, hit:0.8484, ndcg:0.6181, topn:10.
2021-03-06 08:56:32,930 - root - INFO - Checkpointing ...
2021-03-06 08:56:34,475 - root - INFO - train loss:0.2538!
2021-03-06 08:56:35,544 - root - INFO - f1:0.1465, p:0.1670, r:0.1878, hit:0.7137, ndcg:0.4915, topn:10.
2021-03-06 08:56:36,543 - root - INFO - f1:0.1757, p:0.2837, r:0.1659, hit:0.8494, ndcg:0.6185, topn:10.
2021-03-06 08:56:36,547 - root - INFO - Checkpointing ...
2021-03-06 08:56:37,963 - root - INFO - train loss:0.2511!
2021-03-06 08:56:38,946 - root - INFO - f1:0.1469, p:0.1674, r:0.1882, hit:0.7147, ndcg:0.4919, topn:10.
2021-03-06 08:56:39,936 - root - INFO - f1:0.1759, p:0.2839, r:0.1660, hit:0.8473, ndcg:0.6171, topn:10.
2021-03-06 08:56:39,941 - root - INFO - Checkpointing ...
2021-03-06 08:56:41,405 - root - INFO - train loss:0.2508!
2021-03-06 08:56:42,494 - root - INFO - f1:0.1472, p:0.1678, r:0.1885, hit:0.7147, ndcg:0.4932, topn:10.
2021-03-06 08:56:43,617 - root - INFO - f1:0.1763, p:0.2846, r:0.1663, hit:0.8484, ndcg:0.6185, topn:10.
2021-03-06 08:56:43,621 - root - INFO - Checkpointing ...
2021-03-06 08:56:45,082 - root - INFO - train loss:0.2497!
2021-03-06 08:56:46,110 - root - INFO - f1:0.1471, p:0.1676, r:0.1884, hit:0.7126, ndcg:0.4917, topn:10.
2021-03-06 08:56:47,225 - root - INFO - f1:0.1765, p:0.2847, r:0.1666, hit:0.8494, ndcg:0.6182, topn:10.
2021-03-06 08:56:48,859 - root - INFO - train loss:0.2473!
2021-03-06 08:56:49,916 - root - INFO - f1:0.1473, p:0.1677, r:0.1890, hit:0.7137, ndcg:0.4926, topn:10.
2021-03-06 08:56:50,959 - root - INFO - f1:0.1768, p:0.2850, r:0.1671, hit:0.8494, ndcg:0.6191, topn:10.
2021-03-06 08:56:50,963 - root - INFO - Checkpointing ...
2021-03-06 08:56:52,637 - root - INFO - train loss:0.2500!
2021-03-06 08:56:53,693 - root - INFO - f1:0.1478, p:0.1685, r:0.1893, hit:0.7137, ndcg:0.4930, topn:10.
2021-03-06 08:56:54,781 - root - INFO - f1:0.1768, p:0.2849, r:0.1671, hit:0.8505, ndcg:0.6200, topn:10.
2021-03-06 08:56:54,785 - root - INFO - Checkpointing ...
2021-03-06 08:56:56,377 - root - INFO - train loss:0.2473!
2021-03-06 08:56:57,420 - root - INFO - f1:0.1480, p:0.1686, r:0.1897, hit:0.7126, ndcg:0.4923, topn:10.
2021-03-06 08:56:58,424 - root - INFO - f1:0.1769, p:0.2852, r:0.1671, hit:0.8505, ndcg:0.6199, topn:10.
2021-03-06 08:56:58,429 - root - INFO - Checkpointing ...
2021-03-06 08:57:00,115 - root - INFO - train loss:0.2484!
2021-03-06 08:57:01,083 - root - INFO - f1:0.1481, p:0.1686, r:0.1897, hit:0.7147, ndcg:0.4937, topn:10.
2021-03-06 08:57:02,056 - root - INFO - f1:0.1775, p:0.2854, r:0.1681, hit:0.8526, ndcg:0.6207, topn:10.
2021-03-06 08:57:02,059 - root - INFO - Checkpointing ...
2021-03-06 08:57:03,409 - root - INFO - train loss:0.2461!
2021-03-06 08:57:04,457 - root - INFO - f1:0.1483, p:0.1688, r:0.1901, hit:0.7147, ndcg:0.4936, topn:10.
2021-03-06 08:57:05,489 - root - INFO - f1:0.1776, p:0.2857, r:0.1682, hit:0.8515, ndcg:0.6200, topn:10.
2021-03-06 08:57:05,493 - root - INFO - Checkpointing ...
2021-03-06 08:57:07,057 - root - INFO - train loss:0.2453!
2021-03-06 08:57:08,081 - root - INFO - f1:0.1482, p:0.1688, r:0.1900, hit:0.7158, ndcg:0.4943, topn:10.
2021-03-06 08:57:09,180 - root - INFO - f1:0.1781, p:0.2863, r:0.1687, hit:0.8537, ndcg:0.6210, topn:10.
2021-03-06 08:57:10,928 - root - INFO - train loss:0.2459!
2021-03-06 08:57:11,966 - root - INFO - f1:0.1483, p:0.1689, r:0.1901, hit:0.7147, ndcg:0.4944, topn:10.
2021-03-06 08:57:12,996 - root - INFO - f1:0.1781, p:0.2860, r:0.1690, hit:0.8537, ndcg:0.6209, topn:10.
2021-03-06 08:57:12,998 - root - INFO - No improvement after one epoch. Lowering learning rate.
2021-03-06 08:57:14,699 - root - INFO - train loss:0.2467!
2021-03-06 08:57:15,961 - root - INFO - f1:0.1476, p:0.1681, r:0.1893, hit:0.7158, ndcg:0.4934, topn:10.
2021-03-06 08:57:17,023 - root - INFO - f1:0.1779, p:0.2866, r:0.1684, hit:0.8579, ndcg:0.6205, topn:10.
2021-03-06 08:57:17,028 - root - INFO - No improvement after one epoch. Lowering learning rate.
2021-03-06 08:57:18,555 - root - INFO - From CaseRecommender evaluator: {'PREC@10': 0.168399, 'RECALL@10': 0.189196, 'NDCG@10': 0.491722, 'MAP@10': 0.38081, 'MAP': 0.38081}.
2021-03-06 08:57:18,749 - root - INFO - From kg-summ-rec diversity evaluator: {'GENRE_COVERAGE@10': 0.475875, 'GENRE_REDUNDANCY@10': 0.420921, 'ILD_GENRE@10': 0.817977}.
2021-03-06 08:57:20,147 - root - INFO - From CaseRecommender evaluator: {'PREC@10': 0.287593, 'RECALL@10': 0.169428, 'NDCG@10': 0.621012, 'MAP@10': 0.507349, 'MAP': 0.507349}.
2021-03-06 08:57:20,340 - root - INFO - From kg-summ-rec diversity evaluator: {'GENRE_COVERAGE@10': 0.470838, 'GENRE_REDUNDANCY@10': 0.414733, 'ILD_GENRE@10': 0.815584}.
