2021-03-06 08:38:01,733 - root - INFO - Flag Values:
{
    "L1_flag": true,
    "batch_size": 256,
    "ckpt_path": "/home/juarez/git/results/JIIS-revised-exp1/ml-sun_ho_sfKG_ig-mv-complex-75/",
    "clipping_max_value": 5.0,
    "data_path": "/home/juarez/git/datasets/JIIS-revised-exp1/ml-sun_ho_sfKG_ig-mv-complex-75/cao-format/",
    "dataset": "ml1m",
    "early_stopping_steps_to_wait": 24363,
    "embedding_size": 100,
    "eval_interval_steps": 4873,
    "eval_only_mode": false,
    "experiment_name": "ml1m-transe-1615030681",
    "filter_wrong_corrupted": true,
    "has_visualization": false,
    "is_report": false,
    "joint_ratio": 0.5,
    "kg_lambda": 1.0,
    "kg_test_files": "valid.dat:test.dat",
    "l2_lambda": 0.0,
    "learning_rate": 0.001,
    "learning_rate_decay_when_no_progress": 0.5,
    "load_ckpt_file": null,
    "load_experiment_name": null,
    "log_level": "debug",
    "log_path": "/home/juarez/git/results/JIIS-revised-exp1/ml-sun_ho_sfKG_ig-mv-complex-75/",
    "margin": 1.0,
    "max_queue": 10,
    "model_type": "transe",
    "momentum": 0.9,
    "negtive_samples": 1,
    "norm_lambda": 1.0,
    "num_preferences": 4,
    "num_processes": 4,
    "optimizer_type": "Adam",
    "rec_test_files": null,
    "seed": 0,
    "share_embeddings": false,
    "topn": 10,
    "training_steps": 487300,
    "use_st_gumbel": false,
    "visualization_port": 8097
}
2021-03-06 08:38:01,767 - root - INFO - Totally 2892 train triples, 337,648 eval triples in files: /home/juarez/git/datasets/JIIS-revised-exp1/ml-sun_ho_sfKG_ig-mv-complex-75/cao-format/ml1m/kg/valid.dat;/home/juarez/git/datasets/JIIS-revised-exp1/ml-sun_ho_sfKG_ig-mv-complex-75/cao-format/ml1m/kg/test.dat!
2021-03-06 08:38:01,781 - root - INFO - successfully load 1555 entities and 3 relations!
2021-03-06 08:38:01,785 - root - INFO - Building model.
2021-03-06 08:38:03,258 - root - INFO - Architecture: TransEModel(
  (ent_embeddings): Embedding(1555, 100)
  (rel_embeddings): Embedding(3, 100)
)
2021-03-06 08:38:03,258 - root - INFO - Total params: 155800.0
2021-03-06 08:38:03,258 - root - INFO - One epoch is 12 steps.
2021-03-06 08:38:03,259 - root - INFO - Training.
2021-03-06 08:38:03,259 - root - INFO - train loss:0.0000!
2021-03-06 08:38:03,982 - root - INFO - head hit:0.0089, head mean rank:591.7448, topn:10.
2021-03-06 08:38:03,982 - root - INFO - tail hit:0.0119, tail mean rank:728.7389, topn:10.
2021-03-06 08:38:03,982 - root - INFO - avg hit:0.0104, avg mean rank:660.2418, topn:10.
2021-03-06 08:38:04,854 - root - INFO - head hit:0.0093, head mean rank:578.9043, topn:10.
2021-03-06 08:38:04,855 - root - INFO - tail hit:0.0062, tail mean rank:697.1420, topn:10.
2021-03-06 08:38:04,855 - root - INFO - avg hit:0.0077, avg mean rank:638.0231, topn:10.
2021-03-06 08:38:30,744 - root - INFO - train loss:4.6329!
2021-03-06 08:38:31,304 - root - INFO - head hit:0.2107, head mean rank:371.0208, topn:10.
2021-03-06 08:38:31,305 - root - INFO - tail hit:0.7181, tail mean rank:20.3591, topn:10.
2021-03-06 08:38:31,305 - root - INFO - avg hit:0.4644, avg mean rank:195.6899, topn:10.
2021-03-06 08:38:32,122 - root - INFO - head hit:0.1960, head mean rank:376.1836, topn:10.
2021-03-06 08:38:32,122 - root - INFO - tail hit:0.7438, tail mean rank:14.7315, topn:10.
2021-03-06 08:38:32,123 - root - INFO - avg hit:0.4699, avg mean rank:195.4576, topn:10.
2021-03-06 08:38:32,123 - root - INFO - Checkpointing ...
2021-03-06 08:38:56,563 - root - INFO - train loss:0.0747!
2021-03-06 08:38:57,200 - root - INFO - head hit:0.1929, head mean rank:341.9110, topn:10.
2021-03-06 08:38:57,201 - root - INFO - tail hit:0.7151, tail mean rank:18.1365, topn:10.
2021-03-06 08:38:57,201 - root - INFO - avg hit:0.4540, avg mean rank:180.0237, topn:10.
2021-03-06 08:38:58,051 - root - INFO - head hit:0.2068, head mean rank:359.0170, topn:10.
2021-03-06 08:38:58,051 - root - INFO - tail hit:0.7176, tail mean rank:14.7377, topn:10.
2021-03-06 08:38:58,051 - root - INFO - avg hit:0.4622, avg mean rank:186.8773, topn:10.
2021-03-06 08:38:58,052 - root - INFO - No improvement after one epoch. Lowering learning rate.
2021-03-06 08:39:22,722 - root - INFO - train loss:0.0086!
2021-03-06 08:39:23,353 - root - INFO - head hit:0.2522, head mean rank:329.6053, topn:10.
2021-03-06 08:39:23,353 - root - INFO - tail hit:0.7774, tail mean rank:13.2730, topn:10.
2021-03-06 08:39:23,353 - root - INFO - avg hit:0.5148, avg mean rank:171.4392, topn:10.
2021-03-06 08:39:24,242 - root - INFO - head hit:0.2747, head mean rank:361.5340, topn:10.
2021-03-06 08:39:24,242 - root - INFO - tail hit:0.7747, tail mean rank:10.2701, topn:10.
2021-03-06 08:39:24,243 - root - INFO - avg hit:0.5247, avg mean rank:185.9020, topn:10.
2021-03-06 08:39:24,243 - root - INFO - Checkpointing ...
2021-03-06 08:39:48,552 - root - INFO - train loss:0.0039!
2021-03-06 08:39:49,090 - root - INFO - head hit:0.2522, head mean rank:321.0564, topn:10.
2021-03-06 08:39:49,091 - root - INFO - tail hit:0.7774, tail mean rank:14.4184, topn:10.
2021-03-06 08:39:49,091 - root - INFO - avg hit:0.5148, avg mean rank:167.7374, topn:10.
2021-03-06 08:39:49,985 - root - INFO - head hit:0.2870, head mean rank:350.0386, topn:10.
2021-03-06 08:39:49,985 - root - INFO - tail hit:0.7670, tail mean rank:9.8426, topn:10.
2021-03-06 08:39:49,985 - root - INFO - avg hit:0.5270, avg mean rank:179.9406, topn:10.
2021-03-06 08:39:49,986 - root - INFO - No improvement after one epoch. Lowering learning rate.
2021-03-06 08:40:14,654 - root - INFO - train loss:0.0011!
2021-03-06 08:40:15,280 - root - INFO - head hit:0.2700, head mean rank:315.2878, topn:10.
2021-03-06 08:40:15,281 - root - INFO - tail hit:0.7715, tail mean rank:12.8754, topn:10.
2021-03-06 08:40:15,281 - root - INFO - avg hit:0.5208, avg mean rank:164.0816, topn:10.
2021-03-06 08:40:16,088 - root - INFO - head hit:0.2948, head mean rank:344.8272, topn:10.
2021-03-06 08:40:16,089 - root - INFO - tail hit:0.7731, tail mean rank:8.8349, topn:10.
2021-03-06 08:40:16,089 - root - INFO - avg hit:0.5340, avg mean rank:176.8310, topn:10.
2021-03-06 08:40:16,089 - root - INFO - Checkpointing ...
2021-03-06 08:40:40,350 - root - INFO - train loss:0.0003!
2021-03-06 08:40:40,852 - root - INFO - head hit:0.2730, head mean rank:314.5846, topn:10.
2021-03-06 08:40:40,852 - root - INFO - tail hit:0.7685, tail mean rank:13.6053, topn:10.
2021-03-06 08:40:40,853 - root - INFO - avg hit:0.5208, avg mean rank:164.0950, topn:10.
2021-03-06 08:40:41,651 - root - INFO - head hit:0.2886, head mean rank:345.2330, topn:10.
2021-03-06 08:40:41,651 - root - INFO - tail hit:0.7577, tail mean rank:9.6759, topn:10.
2021-03-06 08:40:41,652 - root - INFO - avg hit:0.5231, avg mean rank:177.4545, topn:10.
2021-03-06 08:40:41,652 - root - INFO - No improvement after one epoch. Lowering learning rate.
2021-03-06 08:41:05,820 - root - INFO - train loss:0.0002!
2021-03-06 08:41:06,341 - root - INFO - head hit:0.2878, head mean rank:317.2344, topn:10.
2021-03-06 08:41:06,341 - root - INFO - tail hit:0.8101, tail mean rank:11.4392, topn:10.
2021-03-06 08:41:06,341 - root - INFO - avg hit:0.5490, avg mean rank:164.3368, topn:10.
2021-03-06 08:41:07,229 - root - INFO - head hit:0.2948, head mean rank:345.0756, topn:10.
2021-03-06 08:41:07,229 - root - INFO - tail hit:0.7917, tail mean rank:7.8426, topn:10.
2021-03-06 08:41:07,229 - root - INFO - avg hit:0.5432, avg mean rank:176.4591, topn:10.
2021-03-06 08:41:07,230 - root - INFO - Checkpointing ...
2021-03-06 08:41:32,006 - root - INFO - train loss:0.0000!
2021-03-06 08:41:32,622 - root - INFO - head hit:0.2789, head mean rank:316.1187, topn:10.
2021-03-06 08:41:32,623 - root - INFO - tail hit:0.7834, tail mean rank:11.8338, topn:10.
2021-03-06 08:41:32,623 - root - INFO - avg hit:0.5312, avg mean rank:163.9763, topn:10.
2021-03-06 08:41:33,439 - root - INFO - head hit:0.2932, head mean rank:343.8673, topn:10.
2021-03-06 08:41:33,439 - root - INFO - tail hit:0.7870, tail mean rank:8.0031, topn:10.
2021-03-06 08:41:33,439 - root - INFO - avg hit:0.5401, avg mean rank:175.9352, topn:10.
2021-03-06 08:41:33,440 - root - INFO - No improvement after one epoch. Lowering learning rate.
2021-03-06 08:41:57,688 - root - INFO - train loss:0.0001!
2021-03-06 08:41:58,295 - root - INFO - head hit:0.2819, head mean rank:316.5193, topn:10.
2021-03-06 08:41:58,295 - root - INFO - tail hit:0.7834, tail mean rank:11.7300, topn:10.
2021-03-06 08:41:58,295 - root - INFO - avg hit:0.5326, avg mean rank:164.1246, topn:10.
2021-03-06 08:41:59,158 - root - INFO - head hit:0.2917, head mean rank:343.6312, topn:10.
2021-03-06 08:41:59,158 - root - INFO - tail hit:0.7901, tail mean rank:7.9938, topn:10.
2021-03-06 08:41:59,158 - root - INFO - avg hit:0.5409, avg mean rank:175.8125, topn:10.
2021-03-06 08:41:59,159 - root - INFO - No improvement after one epoch. Lowering learning rate.
2021-03-06 08:42:23,512 - root - INFO - train loss:0.0000!
2021-03-06 08:42:24,122 - root - INFO - head hit:0.2849, head mean rank:316.8279, topn:10.
2021-03-06 08:42:24,122 - root - INFO - tail hit:0.7834, tail mean rank:11.7181, topn:10.
2021-03-06 08:42:24,122 - root - INFO - avg hit:0.5341, avg mean rank:164.2730, topn:10.
2021-03-06 08:42:24,947 - root - INFO - head hit:0.2948, head mean rank:343.5231, topn:10.
2021-03-06 08:42:24,947 - root - INFO - tail hit:0.7886, tail mean rank:7.9707, topn:10.
2021-03-06 08:42:24,947 - root - INFO - avg hit:0.5417, avg mean rank:175.7469, topn:10.
2021-03-06 08:42:24,948 - root - INFO - No improvement after one epoch. Lowering learning rate.
2021-03-06 08:42:49,159 - root - INFO - train loss:0.0000!
2021-03-06 08:42:49,802 - root - INFO - head hit:0.2849, head mean rank:316.8279, topn:10.
2021-03-06 08:42:49,802 - root - INFO - tail hit:0.7834, tail mean rank:11.7181, topn:10.
2021-03-06 08:42:49,802 - root - INFO - avg hit:0.5341, avg mean rank:164.2730, topn:10.
2021-03-06 08:42:50,692 - root - INFO - head hit:0.2948, head mean rank:343.5231, topn:10.
2021-03-06 08:42:50,692 - root - INFO - tail hit:0.7886, tail mean rank:7.9707, topn:10.
2021-03-06 08:42:50,692 - root - INFO - avg hit:0.5417, avg mean rank:175.7469, topn:10.
2021-03-06 08:42:50,693 - root - INFO - No improvement after one epoch. Lowering learning rate.
2021-03-06 08:43:14,841 - root - INFO - No improvement after 24363 steps. Stopping training.
