2021-03-06 08:43:18,271 - root - INFO - Flag Values:
{
    "L1_flag": true,
    "batch_size": 256,
    "ckpt_path": "/home/juarez/git/results/JIIS-revised-exp1/ml-sun_ho_sfKG_ig-mv-complex-75/",
    "clipping_max_value": 5.0,
    "data_path": "/home/juarez/git/datasets/JIIS-revised-exp1/ml-sun_ho_sfKG_ig-mv-complex-75/cao-format/",
    "dataset": "ml1m",
    "early_stopping_steps_to_wait": 24363,
    "embedding_size": 100,
    "eval_interval_steps": 4873,
    "eval_only_mode": false,
    "experiment_name": "ml1m-transh-1615030998",
    "filter_wrong_corrupted": true,
    "has_visualization": false,
    "is_report": false,
    "joint_ratio": 0.5,
    "kg_lambda": 1.0,
    "kg_test_files": "valid.dat:test.dat",
    "l2_lambda": 0.0,
    "learning_rate": 0.001,
    "learning_rate_decay_when_no_progress": 0.5,
    "load_ckpt_file": "/home/juarez/git/results/JIIS-revised-exp1/ml-sun_ho_sfKG_ig-mv-complex-75/ml1m-transe-pretrained.ckpt",
    "load_experiment_name": null,
    "log_level": "debug",
    "log_path": "/home/juarez/git/results/JIIS-revised-exp1/ml-sun_ho_sfKG_ig-mv-complex-75/",
    "margin": 1.0,
    "max_queue": 10,
    "model_type": "transh",
    "momentum": 0.9,
    "negtive_samples": 1,
    "norm_lambda": 1.0,
    "num_preferences": 4,
    "num_processes": 4,
    "optimizer_type": "Adam",
    "rec_test_files": null,
    "seed": 0,
    "share_embeddings": false,
    "topn": 10,
    "training_steps": 487300,
    "use_st_gumbel": false,
    "visualization_port": 8097
}
2021-03-06 08:43:18,284 - root - INFO - Totally 2892 train triples, 337,648 eval triples in files: /home/juarez/git/datasets/JIIS-revised-exp1/ml-sun_ho_sfKG_ig-mv-complex-75/cao-format/ml1m/kg/valid.dat;/home/juarez/git/datasets/JIIS-revised-exp1/ml-sun_ho_sfKG_ig-mv-complex-75/cao-format/ml1m/kg/test.dat!
2021-03-06 08:43:18,286 - root - INFO - successfully load 1555 entities and 3 relations!
2021-03-06 08:43:18,291 - root - INFO - Building model.
2021-03-06 08:43:19,395 - root - INFO - Architecture: TransHModel(
  (ent_embeddings): Embedding(1555, 100)
  (rel_embeddings): Embedding(3, 100)
  (norm_embeddings): Embedding(3, 100)
)
2021-03-06 08:43:19,396 - root - INFO - Total params: 156100.0
2021-03-06 08:43:19,396 - root - INFO - One epoch is 12 steps.
2021-03-06 08:43:19,396 - root - INFO - Found checkpoint, restoring pre-trained embeddings.
2021-03-06 08:43:19,398 - root - INFO - Load Embeddings of ent_embeddings.weight, rel_embeddings.weight from /home/juarez/git/results/JIIS-revised-exp1/ml-sun_ho_sfKG_ig-mv-complex-75/ml1m-transe-pretrained.ckpt.
2021-03-06 08:43:19,399 - root - INFO - Training.
2021-03-06 08:43:19,399 - root - INFO - train loss:0.0000!
2021-03-06 08:43:20,061 - root - INFO - head hit:0.2641, head mean rank:323.5935, topn:10.
2021-03-06 08:43:20,062 - root - INFO - tail hit:0.7745, tail mean rank:12.1157, topn:10.
2021-03-06 08:43:20,062 - root - INFO - avg hit:0.5193, avg mean rank:167.8546, topn:10.
2021-03-06 08:43:20,830 - root - INFO - head hit:0.2793, head mean rank:348.5833, topn:10.
2021-03-06 08:43:20,831 - root - INFO - tail hit:0.7793, tail mean rank:8.1142, topn:10.
2021-03-06 08:43:20,831 - root - INFO - avg hit:0.5293, avg mean rank:178.3488, topn:10.
2021-03-06 08:43:56,472 - root - INFO - train loss:0.0310!
2021-03-06 08:43:57,029 - root - INFO - head hit:0.2226, head mean rank:326.3086, topn:10.
2021-03-06 08:43:57,029 - root - INFO - tail hit:0.6914, tail mean rank:19.2789, topn:10.
2021-03-06 08:43:57,029 - root - INFO - avg hit:0.4570, avg mean rank:172.7938, topn:10.
2021-03-06 08:43:57,825 - root - INFO - head hit:0.2315, head mean rank:340.7068, topn:10.
2021-03-06 08:43:57,825 - root - INFO - tail hit:0.7022, tail mean rank:15.1019, topn:10.
2021-03-06 08:43:57,826 - root - INFO - avg hit:0.4668, avg mean rank:177.9043, topn:10.
2021-03-06 08:43:57,826 - root - INFO - Checkpointing ...
2021-03-06 08:44:32,221 - root - INFO - train loss:0.0291!
2021-03-06 08:44:32,810 - root - INFO - head hit:0.2255, head mean rank:323.0178, topn:10.
2021-03-06 08:44:32,811 - root - INFO - tail hit:0.7300, tail mean rank:15.8902, topn:10.
2021-03-06 08:44:32,811 - root - INFO - avg hit:0.4777, avg mean rank:169.4540, topn:10.
2021-03-06 08:44:33,678 - root - INFO - head hit:0.2284, head mean rank:345.4213, topn:10.
2021-03-06 08:44:33,678 - root - INFO - tail hit:0.7238, tail mean rank:14.0355, topn:10.
2021-03-06 08:44:33,678 - root - INFO - avg hit:0.4761, avg mean rank:179.7284, topn:10.
2021-03-06 08:44:33,679 - root - INFO - Checkpointing ...
2021-03-06 08:45:10,536 - root - INFO - train loss:0.0257!
2021-03-06 08:45:11,087 - root - INFO - head hit:0.2255, head mean rank:343.8843, topn:10.
2021-03-06 08:45:11,087 - root - INFO - tail hit:0.6855, tail mean rank:20.4629, topn:10.
2021-03-06 08:45:11,087 - root - INFO - avg hit:0.4555, avg mean rank:182.1736, topn:10.
2021-03-06 08:45:11,956 - root - INFO - head hit:0.2361, head mean rank:332.6898, topn:10.
2021-03-06 08:45:11,956 - root - INFO - tail hit:0.7191, tail mean rank:16.9090, topn:10.
2021-03-06 08:45:11,956 - root - INFO - avg hit:0.4776, avg mean rank:174.7994, topn:10.
2021-03-06 08:45:11,957 - root - INFO - No improvement after one epoch. Lowering learning rate.
2021-03-06 08:45:47,779 - root - INFO - train loss:0.0034!
2021-03-06 08:45:48,416 - root - INFO - head hit:0.2641, head mean rank:339.1276, topn:10.
2021-03-06 08:45:48,417 - root - INFO - tail hit:0.7418, tail mean rank:15.3591, topn:10.
2021-03-06 08:45:48,417 - root - INFO - avg hit:0.5030, avg mean rank:177.2433, topn:10.
2021-03-06 08:45:49,282 - root - INFO - head hit:0.2593, head mean rank:324.2346, topn:10.
2021-03-06 08:45:49,282 - root - INFO - tail hit:0.7762, tail mean rank:12.1265, topn:10.
2021-03-06 08:45:49,282 - root - INFO - avg hit:0.5177, avg mean rank:168.1806, topn:10.
2021-03-06 08:45:49,283 - root - INFO - Checkpointing ...
2021-03-06 08:46:27,711 - root - INFO - train loss:0.0019!
2021-03-06 08:46:28,344 - root - INFO - head hit:0.2522, head mean rank:330.6231, topn:10.
2021-03-06 08:46:28,344 - root - INFO - tail hit:0.7478, tail mean rank:16.5905, topn:10.
2021-03-06 08:46:28,345 - root - INFO - avg hit:0.5000, avg mean rank:173.6068, topn:10.
2021-03-06 08:46:29,498 - root - INFO - head hit:0.2639, head mean rank:322.7515, topn:10.
2021-03-06 08:46:29,498 - root - INFO - tail hit:0.7423, tail mean rank:15.2932, topn:10.
2021-03-06 08:46:29,499 - root - INFO - avg hit:0.5031, avg mean rank:169.0224, topn:10.
2021-03-06 08:46:29,499 - root - INFO - No improvement after one epoch. Lowering learning rate.
2021-03-06 08:47:05,814 - root - INFO - train loss:0.0009!
2021-03-06 08:47:06,450 - root - INFO - head hit:0.3116, head mean rank:329.7774, topn:10.
2021-03-06 08:47:06,450 - root - INFO - tail hit:0.7389, tail mean rank:13.1573, topn:10.
2021-03-06 08:47:06,450 - root - INFO - avg hit:0.5252, avg mean rank:171.4674, topn:10.
2021-03-06 08:47:07,266 - root - INFO - head hit:0.2917, head mean rank:318.5586, topn:10.
2021-03-06 08:47:07,266 - root - INFO - tail hit:0.7608, tail mean rank:11.9012, topn:10.
2021-03-06 08:47:07,267 - root - INFO - avg hit:0.5262, avg mean rank:165.2299, topn:10.
2021-03-06 08:47:07,267 - root - INFO - Checkpointing ...
2021-03-06 08:47:43,214 - root - INFO - train loss:0.0004!
2021-03-06 08:47:43,779 - root - INFO - head hit:0.3086, head mean rank:327.6380, topn:10.
2021-03-06 08:47:43,779 - root - INFO - tail hit:0.7507, tail mean rank:13.1484, topn:10.
2021-03-06 08:47:43,779 - root - INFO - avg hit:0.5297, avg mean rank:170.3932, topn:10.
2021-03-06 08:47:44,625 - root - INFO - head hit:0.2917, head mean rank:315.0741, topn:10.
2021-03-06 08:47:44,626 - root - INFO - tail hit:0.7515, tail mean rank:12.4599, topn:10.
2021-03-06 08:47:44,626 - root - INFO - avg hit:0.5216, avg mean rank:163.7670, topn:10.
2021-03-06 08:47:44,626 - root - INFO - Checkpointing ...
2021-03-06 08:48:20,872 - root - INFO - train loss:0.0002!
2021-03-06 08:48:21,438 - root - INFO - head hit:0.2938, head mean rank:332.3887, topn:10.
2021-03-06 08:48:21,439 - root - INFO - tail hit:0.7596, tail mean rank:11.5490, topn:10.
2021-03-06 08:48:21,439 - root - INFO - avg hit:0.5267, avg mean rank:171.9688, topn:10.
2021-03-06 08:48:22,332 - root - INFO - head hit:0.3056, head mean rank:321.6605, topn:10.
2021-03-06 08:48:22,332 - root - INFO - tail hit:0.7639, tail mean rank:10.2485, topn:10.
2021-03-06 08:48:22,332 - root - INFO - avg hit:0.5347, avg mean rank:165.9545, topn:10.
2021-03-06 08:48:22,333 - root - INFO - No improvement after one epoch. Lowering learning rate.
2021-03-06 08:49:00,892 - root - INFO - train loss:0.0001!
2021-03-06 08:49:01,449 - root - INFO - head hit:0.3027, head mean rank:329.3917, topn:10.
2021-03-06 08:49:01,449 - root - INFO - tail hit:0.7478, tail mean rank:12.6528, topn:10.
2021-03-06 08:49:01,449 - root - INFO - avg hit:0.5252, avg mean rank:171.0223, topn:10.
2021-03-06 08:49:02,323 - root - INFO - head hit:0.2994, head mean rank:319.6281, topn:10.
2021-03-06 08:49:02,324 - root - INFO - tail hit:0.7670, tail mean rank:11.0463, topn:10.
2021-03-06 08:49:02,324 - root - INFO - avg hit:0.5332, avg mean rank:165.3372, topn:10.
2021-03-06 08:49:02,325 - root - INFO - No improvement after one epoch. Lowering learning rate.
2021-03-06 08:49:38,133 - root - INFO - train loss:0.0000!
2021-03-06 08:49:38,710 - root - INFO - head hit:0.3027, head mean rank:329.8576, topn:10.
2021-03-06 08:49:38,711 - root - INFO - tail hit:0.7567, tail mean rank:12.6053, topn:10.
2021-03-06 08:49:38,711 - root - INFO - avg hit:0.5297, avg mean rank:171.2315, topn:10.
2021-03-06 08:49:39,580 - root - INFO - head hit:0.3009, head mean rank:319.7160, topn:10.
2021-03-06 08:49:39,580 - root - INFO - tail hit:0.7685, tail mean rank:10.9877, topn:10.
2021-03-06 08:49:39,580 - root - INFO - avg hit:0.5347, avg mean rank:165.3519, topn:10.
2021-03-06 08:49:39,581 - root - INFO - No improvement after one epoch. Lowering learning rate.
2021-03-06 08:50:16,394 - root - INFO - train loss:0.0000!
2021-03-06 08:50:16,986 - root - INFO - head hit:0.3027, head mean rank:329.9407, topn:10.
2021-03-06 08:50:16,986 - root - INFO - tail hit:0.7537, tail mean rank:12.6469, topn:10.
2021-03-06 08:50:16,987 - root - INFO - avg hit:0.5282, avg mean rank:171.2938, topn:10.
2021-03-06 08:50:17,893 - root - INFO - head hit:0.3009, head mean rank:319.5123, topn:10.
2021-03-06 08:50:17,893 - root - INFO - tail hit:0.7685, tail mean rank:11.0077, topn:10.
2021-03-06 08:50:17,893 - root - INFO - avg hit:0.5347, avg mean rank:165.2600, topn:10.
2021-03-06 08:50:17,894 - root - INFO - No improvement after one epoch. Lowering learning rate.
2021-03-06 08:50:55,708 - root - INFO - No improvement after 24363 steps. Stopping training.
