2021-03-06 08:57:23,665 - root - INFO - Flag Values:
{
    "L1_flag": true,
    "batch_size": 256,
    "ckpt_path": "/home/juarez/git/results/JIIS-revised-exp1/ml-sun_ho_sfKG_ig-mv-complex-75/",
    "clipping_max_value": 5.0,
    "data_path": "/home/juarez/git/datasets/JIIS-revised-exp1/ml-sun_ho_sfKG_ig-mv-complex-75/cao-format/",
    "dataset": "ml1m",
    "early_stopping_steps_to_wait": 13317,
    "embedding_size": 100,
    "eval_interval_steps": 2663,
    "eval_only_mode": false,
    "experiment_name": "ml1m-transup-1615031843",
    "filter_wrong_corrupted": true,
    "has_visualization": false,
    "is_report": false,
    "joint_ratio": 0.5,
    "kg_lambda": 1.0,
    "kg_test_files": null,
    "l2_lambda": 1e-05,
    "learning_rate": 0.005,
    "learning_rate_decay_when_no_progress": 0.5,
    "load_ckpt_file": "/home/juarez/git/results/JIIS-revised-exp1/ml-sun_ho_sfKG_ig-mv-complex-75/ml1m-bprmf-pretrained.ckpt",
    "load_experiment_name": null,
    "log_level": "debug",
    "log_path": "/home/juarez/git/results/JIIS-revised-exp1/ml-sun_ho_sfKG_ig-mv-complex-75/",
    "margin": 1.0,
    "max_queue": 10,
    "model_type": "transup",
    "momentum": 0.9,
    "negtive_samples": 1,
    "norm_lambda": 1.0,
    "num_preferences": 3,
    "num_processes": 4,
    "optimizer_type": "Adagrad",
    "rec_test_files": "valid.dat:test.dat",
    "seed": 0,
    "share_embeddings": false,
    "topn": 10,
    "training_steps": 266300,
    "use_st_gumbel": false,
    "visualization_port": 8097
}
2021-03-06 08:57:23,901 - root - INFO - Totally 69982 train ratings, 9998,19995 eval ratings in files: /home/juarez/git/datasets/JIIS-revised-exp1/ml-sun_ho_sfKG_ig-mv-complex-75/cao-format/ml1m/valid.dat;/home/juarez/git/datasets/JIIS-revised-exp1/ml-sun_ho_sfKG_ig-mv-complex-75/cao-format/ml1m/test.dat!
2021-03-06 08:57:23,904 - root - INFO - successfully load 943 users and 1675 items!
2021-03-06 08:57:23,984 - root - INFO - Building model.
2021-03-06 08:57:25,290 - root - INFO - Architecture: TransUPModel(
  (user_embeddings): Embedding(943, 100)
  (item_embeddings): Embedding(1675, 100)
  (pref_embeddings): Embedding(3, 100)
  (pref_norm_embeddings): Embedding(3, 100)
)
2021-03-06 08:57:25,291 - root - INFO - Total params: 262400.0
2021-03-06 08:57:25,291 - root - INFO - One epoch is 274 steps.
2021-03-06 08:57:25,292 - root - INFO - Found checkpoint, restoring pre-trained embeddings.
2021-03-06 08:57:25,295 - root - INFO - Load Embeddings of user_embeddings.weight, item_embeddings.weight from /home/juarez/git/results/JIIS-revised-exp1/ml-sun_ho_sfKG_ig-mv-complex-75/ml1m-bprmf-pretrained.ckpt.
2021-03-06 08:57:25,295 - root - INFO - Training.
2021-03-06 08:57:25,295 - root - INFO - train loss:0.0000!
2021-03-06 08:57:26,755 - root - INFO - f1:0.0727, p:0.0981, r:0.0762, hit:0.4549, ndcg:0.2735, topn:10.
2021-03-06 08:57:27,952 - root - INFO - f1:0.0779, p:0.1615, r:0.0623, hit:0.5673, ndcg:0.3593, topn:10.
2021-03-06 08:57:46,925 - root - INFO - train loss:78.2567!
2021-03-06 08:57:48,139 - root - INFO - f1:0.1416, p:0.1655, r:0.1737, hit:0.7137, ndcg:0.4489, topn:10.
2021-03-06 08:57:49,474 - root - INFO - f1:0.1683, p:0.2733, r:0.1603, hit:0.8526, ndcg:0.5812, topn:10.
2021-03-06 08:57:49,479 - root - INFO - Checkpointing ...
2021-03-06 08:58:10,031 - root - INFO - train loss:0.1758!
2021-03-06 08:58:11,395 - root - INFO - f1:0.1465, p:0.1710, r:0.1806, hit:0.7126, ndcg:0.4536, topn:10.
2021-03-06 08:58:12,791 - root - INFO - f1:0.1766, p:0.2847, r:0.1696, hit:0.8674, ndcg:0.5950, topn:10.
2021-03-06 08:58:12,797 - root - INFO - Checkpointing ...
2021-03-06 08:58:32,944 - root - INFO - train loss:0.1646!
2021-03-06 08:58:34,245 - root - INFO - f1:0.1520, p:0.1762, r:0.1882, hit:0.7338, ndcg:0.4684, topn:10.
2021-03-06 08:58:35,538 - root - INFO - f1:0.1817, p:0.2932, r:0.1738, hit:0.8759, ndcg:0.6036, topn:10.
2021-03-06 08:58:35,541 - root - INFO - Checkpointing ...
2021-03-06 08:58:53,993 - root - INFO - train loss:0.1572!
2021-03-06 08:58:55,271 - root - INFO - f1:0.1548, p:0.1799, r:0.1917, hit:0.7359, ndcg:0.4725, topn:10.
2021-03-06 08:58:56,614 - root - INFO - f1:0.1852, p:0.2984, r:0.1783, hit:0.8834, ndcg:0.6105, topn:10.
2021-03-06 08:58:56,619 - root - INFO - Checkpointing ...
2021-03-06 08:59:17,877 - root - INFO - train loss:0.1527!
2021-03-06 08:59:19,109 - root - INFO - f1:0.1577, p:0.1831, r:0.1950, hit:0.7391, ndcg:0.4764, topn:10.
2021-03-06 08:59:20,451 - root - INFO - f1:0.1880, p:0.3028, r:0.1807, hit:0.8855, ndcg:0.6182, topn:10.
2021-03-06 08:59:20,456 - root - INFO - Checkpointing ...
2021-03-06 08:59:43,052 - root - INFO - train loss:0.1474!
2021-03-06 08:59:44,457 - root - INFO - f1:0.1611, p:0.1870, r:0.1997, hit:0.7466, ndcg:0.4831, topn:10.
2021-03-06 08:59:45,704 - root - INFO - f1:0.1912, p:0.3076, r:0.1839, hit:0.8876, ndcg:0.6212, topn:10.
2021-03-06 08:59:45,709 - root - INFO - Checkpointing ...
2021-03-06 09:00:07,221 - root - INFO - train loss:0.1449!
2021-03-06 09:00:08,761 - root - INFO - f1:0.1625, p:0.1881, r:0.2018, hit:0.7487, ndcg:0.4869, topn:10.
2021-03-06 09:00:10,016 - root - INFO - f1:0.1950, p:0.3122, r:0.1884, hit:0.8929, ndcg:0.6237, topn:10.
2021-03-06 09:00:10,021 - root - INFO - Checkpointing ...
2021-03-06 09:00:31,170 - root - INFO - train loss:0.1425!
2021-03-06 09:00:32,483 - root - INFO - f1:0.1651, p:0.1911, r:0.2048, hit:0.7561, ndcg:0.4933, topn:10.
2021-03-06 09:00:33,792 - root - INFO - f1:0.1957, p:0.3139, r:0.1887, hit:0.8876, ndcg:0.6263, topn:10.
2021-03-06 09:00:33,797 - root - INFO - Checkpointing ...
2021-03-06 09:00:54,523 - root - INFO - train loss:0.1394!
2021-03-06 09:00:55,847 - root - INFO - f1:0.1656, p:0.1914, r:0.2062, hit:0.7582, ndcg:0.4988, topn:10.
2021-03-06 09:00:57,206 - root - INFO - f1:0.1988, p:0.3178, r:0.1921, hit:0.8918, ndcg:0.6312, topn:10.
2021-03-06 09:00:57,210 - root - INFO - Checkpointing ...
2021-03-06 09:01:17,675 - root - INFO - train loss:0.1375!
2021-03-06 09:01:18,971 - root - INFO - f1:0.1676, p:0.1938, r:0.2082, hit:0.7572, ndcg:0.4979, topn:10.
2021-03-06 09:01:20,271 - root - INFO - f1:0.2006, p:0.3198, r:0.1942, hit:0.8961, ndcg:0.6345, topn:10.
2021-03-06 09:01:20,275 - root - INFO - Checkpointing ...
2021-03-06 09:01:40,825 - root - INFO - train loss:0.1355!
2021-03-06 09:01:42,120 - root - INFO - f1:0.1686, p:0.1948, r:0.2094, hit:0.7582, ndcg:0.5010, topn:10.
2021-03-06 09:01:43,465 - root - INFO - f1:0.2040, p:0.3238, r:0.1982, hit:0.9046, ndcg:0.6393, topn:10.
2021-03-06 09:01:43,469 - root - INFO - Checkpointing ...
2021-03-06 09:02:03,787 - root - INFO - train loss:0.1340!
2021-03-06 09:02:05,147 - root - INFO - f1:0.1703, p:0.1964, r:0.2123, hit:0.7635, ndcg:0.5043, topn:10.
2021-03-06 09:02:06,488 - root - INFO - f1:0.2054, p:0.3255, r:0.1991, hit:0.9003, ndcg:0.6397, topn:10.
2021-03-06 09:02:06,492 - root - INFO - Checkpointing ...
2021-03-06 09:02:27,222 - root - INFO - train loss:0.1326!
2021-03-06 09:02:28,559 - root - INFO - f1:0.1724, p:0.1992, r:0.2145, hit:0.7667, ndcg:0.5080, topn:10.
2021-03-06 09:02:29,907 - root - INFO - f1:0.2059, p:0.3266, r:0.1997, hit:0.8982, ndcg:0.6418, topn:10.
2021-03-06 09:02:29,912 - root - INFO - Checkpointing ...
2021-03-06 09:02:50,824 - root - INFO - train loss:0.1310!
2021-03-06 09:02:52,107 - root - INFO - f1:0.1746, p:0.2014, r:0.2168, hit:0.7688, ndcg:0.5102, topn:10.
2021-03-06 09:02:53,378 - root - INFO - f1:0.2072, p:0.3288, r:0.2007, hit:0.8982, ndcg:0.6430, topn:10.
2021-03-06 09:02:53,382 - root - INFO - Checkpointing ...
2021-03-06 09:03:14,580 - root - INFO - train loss:0.1297!
2021-03-06 09:03:15,880 - root - INFO - f1:0.1753, p:0.2022, r:0.2177, hit:0.7720, ndcg:0.5143, topn:10.
2021-03-06 09:03:17,176 - root - INFO - f1:0.2090, p:0.3311, r:0.2028, hit:0.9003, ndcg:0.6439, topn:10.
2021-03-06 09:03:17,181 - root - INFO - Checkpointing ...
2021-03-06 09:03:38,107 - root - INFO - train loss:0.1291!
2021-03-06 09:03:39,378 - root - INFO - f1:0.1759, p:0.2030, r:0.2196, hit:0.7752, ndcg:0.5167, topn:10.
2021-03-06 09:03:40,612 - root - INFO - f1:0.2098, p:0.3320, r:0.2034, hit:0.9014, ndcg:0.6470, topn:10.
2021-03-06 09:03:40,616 - root - INFO - Checkpointing ...
2021-03-06 09:04:01,230 - root - INFO - train loss:0.1270!
2021-03-06 09:04:02,642 - root - INFO - f1:0.1775, p:0.2051, r:0.2208, hit:0.7752, ndcg:0.5163, topn:10.
2021-03-06 09:04:03,937 - root - INFO - f1:0.2116, p:0.3350, r:0.2054, hit:0.9056, ndcg:0.6514, topn:10.
2021-03-06 09:04:03,942 - root - INFO - Checkpointing ...
2021-03-06 09:04:24,524 - root - INFO - train loss:0.1264!
2021-03-06 09:04:25,772 - root - INFO - f1:0.1804, p:0.2080, r:0.2251, hit:0.7826, ndcg:0.5192, topn:10.
2021-03-06 09:04:27,102 - root - INFO - f1:0.2128, p:0.3366, r:0.2068, hit:0.9035, ndcg:0.6543, topn:10.
2021-03-06 09:04:27,105 - root - INFO - Checkpointing ...
2021-03-06 09:04:47,683 - root - INFO - train loss:0.1254!
2021-03-06 09:04:48,932 - root - INFO - f1:0.1799, p:0.2076, r:0.2241, hit:0.7794, ndcg:0.5195, topn:10.
2021-03-06 09:04:50,163 - root - INFO - f1:0.2150, p:0.3393, r:0.2088, hit:0.9056, ndcg:0.6547, topn:10.
2021-03-06 09:04:50,167 - root - INFO - No improvement after one epoch. Lowering learning rate.
2021-03-06 09:05:11,485 - root - INFO - train loss:0.1292!
2021-03-06 09:05:13,043 - root - INFO - f1:0.1860, p:0.2137, r:0.2341, hit:0.7900, ndcg:0.5408, topn:10.
2021-03-06 09:05:14,433 - root - INFO - f1:0.2190, p:0.3467, r:0.2113, hit:0.9120, ndcg:0.6751, topn:10.
2021-03-06 09:05:14,437 - root - INFO - Checkpointing ...
2021-03-06 09:05:34,172 - root - INFO - train loss:0.1209!
2021-03-06 09:05:35,409 - root - INFO - f1:0.1899, p:0.2180, r:0.2397, hit:0.7943, ndcg:0.5470, topn:10.
2021-03-06 09:05:36,781 - root - INFO - f1:0.2229, p:0.3524, r:0.2152, hit:0.9099, ndcg:0.6807, topn:10.
2021-03-06 09:05:36,786 - root - INFO - Checkpointing ...
2021-03-06 09:05:58,166 - root - INFO - train loss:0.1187!
2021-03-06 09:05:59,526 - root - INFO - f1:0.1905, p:0.2191, r:0.2403, hit:0.7953, ndcg:0.5536, topn:10.
2021-03-06 09:06:00,810 - root - INFO - f1:0.2263, p:0.3571, r:0.2184, hit:0.9109, ndcg:0.6826, topn:10.
2021-03-06 09:06:00,815 - root - INFO - Checkpointing ...
2021-03-06 09:06:22,238 - root - INFO - train loss:0.1170!
2021-03-06 09:06:23,559 - root - INFO - f1:0.1917, p:0.2204, r:0.2412, hit:0.7996, ndcg:0.5591, topn:10.
2021-03-06 09:06:24,901 - root - INFO - f1:0.2276, p:0.3593, r:0.2198, hit:0.9141, ndcg:0.6869, topn:10.
2021-03-06 09:06:24,904 - root - INFO - Checkpointing ...
2021-03-06 09:06:45,961 - root - INFO - train loss:0.1150!
2021-03-06 09:06:47,262 - root - INFO - f1:0.1931, p:0.2221, r:0.2435, hit:0.8028, ndcg:0.5593, topn:10.
2021-03-06 09:06:48,599 - root - INFO - f1:0.2296, p:0.3620, r:0.2219, hit:0.9152, ndcg:0.6886, topn:10.
2021-03-06 09:06:48,603 - root - INFO - Checkpointing ...
2021-03-06 09:07:09,039 - root - INFO - train loss:0.1144!
2021-03-06 09:07:10,307 - root - INFO - f1:0.1935, p:0.2225, r:0.2444, hit:0.7996, ndcg:0.5569, topn:10.
2021-03-06 09:07:11,693 - root - INFO - f1:0.2300, p:0.3631, r:0.2220, hit:0.9152, ndcg:0.6923, topn:10.
2021-03-06 09:07:11,698 - root - INFO - Checkpointing ...
2021-03-06 09:07:33,275 - root - INFO - train loss:0.1133!
2021-03-06 09:07:34,576 - root - INFO - f1:0.1960, p:0.2249, r:0.2478, hit:0.8070, ndcg:0.5598, topn:10.
2021-03-06 09:07:35,833 - root - INFO - f1:0.2305, p:0.3647, r:0.2218, hit:0.9152, ndcg:0.6959, topn:10.
2021-03-06 09:07:35,837 - root - INFO - Checkpointing ...
2021-03-06 09:07:57,286 - root - INFO - train loss:0.1124!
2021-03-06 09:07:58,623 - root - INFO - f1:0.1968, p:0.2256, r:0.2493, hit:0.8081, ndcg:0.5614, topn:10.
2021-03-06 09:07:59,944 - root - INFO - f1:0.2337, p:0.3683, r:0.2255, hit:0.9173, ndcg:0.6980, topn:10.
2021-03-06 09:07:59,949 - root - INFO - Checkpointing ...
2021-03-06 09:08:21,370 - root - INFO - train loss:0.1114!
2021-03-06 09:08:22,695 - root - INFO - f1:0.1966, p:0.2258, r:0.2485, hit:0.8059, ndcg:0.5649, topn:10.
2021-03-06 09:08:24,028 - root - INFO - f1:0.2347, p:0.3695, r:0.2266, hit:0.9205, ndcg:0.6983, topn:10.
2021-03-06 09:08:24,033 - root - INFO - No improvement after one epoch. Lowering learning rate.
2021-03-06 09:08:45,424 - root - INFO - train loss:0.1136!
2021-03-06 09:08:46,716 - root - INFO - f1:0.1976, p:0.2268, r:0.2495, hit:0.8112, ndcg:0.5682, topn:10.
2021-03-06 09:08:48,062 - root - INFO - f1:0.2336, p:0.3689, r:0.2244, hit:0.9194, ndcg:0.7024, topn:10.
2021-03-06 09:08:48,066 - root - INFO - Checkpointing ...
2021-03-06 09:09:08,618 - root - INFO - train loss:0.1107!
2021-03-06 09:09:09,982 - root - INFO - f1:0.1991, p:0.2286, r:0.2516, hit:0.8123, ndcg:0.5689, topn:10.
2021-03-06 09:09:11,342 - root - INFO - f1:0.2348, p:0.3710, r:0.2259, hit:0.9226, ndcg:0.7072, topn:10.
2021-03-06 09:09:11,347 - root - INFO - Checkpointing ...
2021-03-06 09:09:32,741 - root - INFO - train loss:0.1097!
2021-03-06 09:09:34,068 - root - INFO - f1:0.2002, p:0.2298, r:0.2531, hit:0.8134, ndcg:0.5709, topn:10.
2021-03-06 09:09:35,338 - root - INFO - f1:0.2360, p:0.3725, r:0.2270, hit:0.9215, ndcg:0.7054, topn:10.
2021-03-06 09:09:35,341 - root - INFO - Checkpointing ...
2021-03-06 09:09:56,440 - root - INFO - train loss:0.1081!
2021-03-06 09:09:57,806 - root - INFO - f1:0.1998, p:0.2292, r:0.2528, hit:0.8144, ndcg:0.5725, topn:10.
2021-03-06 09:09:59,036 - root - INFO - f1:0.2370, p:0.3739, r:0.2275, hit:0.9215, ndcg:0.7075, topn:10.
2021-03-06 09:09:59,041 - root - INFO - No improvement after one epoch. Lowering learning rate.
2021-03-06 09:10:20,173 - root - INFO - train loss:0.1094!
2021-03-06 09:10:21,511 - root - INFO - f1:0.1995, p:0.2286, r:0.2533, hit:0.8155, ndcg:0.5758, topn:10.
2021-03-06 09:10:23,090 - root - INFO - f1:0.2379, p:0.3759, r:0.2281, hit:0.9236, ndcg:0.7083, topn:10.
2021-03-06 09:10:23,093 - root - INFO - No improvement after one epoch. Lowering learning rate.
2021-03-06 09:10:44,746 - root - INFO - train loss:0.1081!
2021-03-06 09:10:45,991 - root - INFO - f1:0.1997, p:0.2292, r:0.2533, hit:0.8165, ndcg:0.5753, topn:10.
2021-03-06 09:10:47,395 - root - INFO - f1:0.2383, p:0.3769, r:0.2282, hit:0.9236, ndcg:0.7097, topn:10.
2021-03-06 09:10:47,400 - root - INFO - No improvement after one epoch. Lowering learning rate.
2021-03-06 09:11:08,552 - root - INFO - train loss:0.1078!
2021-03-06 09:11:09,840 - root - INFO - f1:0.2005, p:0.2298, r:0.2544, hit:0.8197, ndcg:0.5769, topn:10.
2021-03-06 09:11:11,133 - root - INFO - f1:0.2376, p:0.3758, r:0.2275, hit:0.9215, ndcg:0.7095, topn:10.
2021-03-06 09:11:11,136 - root - INFO - Checkpointing ...
2021-03-06 09:11:32,694 - root - INFO - train loss:0.1077!
2021-03-06 09:11:33,930 - root - INFO - f1:0.2008, p:0.2304, r:0.2543, hit:0.8187, ndcg:0.5765, topn:10.
2021-03-06 09:11:35,282 - root - INFO - f1:0.2380, p:0.3762, r:0.2280, hit:0.9226, ndcg:0.7105, topn:10.
2021-03-06 09:11:35,286 - root - INFO - Checkpointing ...
2021-03-06 09:11:56,486 - root - INFO - train loss:0.1075!
2021-03-06 09:11:57,773 - root - INFO - f1:0.2007, p:0.2304, r:0.2532, hit:0.8165, ndcg:0.5760, topn:10.
2021-03-06 09:11:59,087 - root - INFO - f1:0.2382, p:0.3764, r:0.2282, hit:0.9226, ndcg:0.7104, topn:10.
2021-03-06 09:11:59,092 - root - INFO - No improvement after one epoch. Lowering learning rate.
2021-03-06 09:12:20,074 - root - INFO - train loss:0.1079!
2021-03-06 09:12:21,430 - root - INFO - f1:0.2010, p:0.2309, r:0.2534, hit:0.8144, ndcg:0.5749, topn:10.
2021-03-06 09:12:22,769 - root - INFO - f1:0.2380, p:0.3765, r:0.2278, hit:0.9215, ndcg:0.7097, topn:10.
2021-03-06 09:12:22,774 - root - INFO - Checkpointing ...
2021-03-06 09:12:43,044 - root - INFO - train loss:0.1075!
2021-03-06 09:12:44,318 - root - INFO - f1:0.2012, p:0.2311, r:0.2536, hit:0.8155, ndcg:0.5754, topn:10.
2021-03-06 09:12:45,563 - root - INFO - f1:0.2381, p:0.3767, r:0.2279, hit:0.9215, ndcg:0.7098, topn:10.
2021-03-06 09:12:45,566 - root - INFO - Checkpointing ...
2021-03-06 09:13:05,154 - root - INFO - train loss:0.1071!
2021-03-06 09:13:06,532 - root - INFO - f1:0.2010, p:0.2309, r:0.2535, hit:0.8155, ndcg:0.5758, topn:10.
2021-03-06 09:13:07,815 - root - INFO - f1:0.2382, p:0.3767, r:0.2281, hit:0.9226, ndcg:0.7101, topn:10.
2021-03-06 09:13:07,820 - root - INFO - No improvement after one epoch. Lowering learning rate.
2021-03-06 09:13:29,165 - root - INFO - train loss:0.1072!
2021-03-06 09:13:30,476 - root - INFO - f1:0.2010, p:0.2308, r:0.2544, hit:0.8144, ndcg:0.5756, topn:10.
2021-03-06 09:13:31,819 - root - INFO - f1:0.2382, p:0.3769, r:0.2279, hit:0.9215, ndcg:0.7110, topn:10.
2021-03-06 09:13:31,823 - root - INFO - No improvement after one epoch. Lowering learning rate.
2021-03-06 09:13:53,240 - root - INFO - train loss:0.1067!
2021-03-06 09:13:54,539 - root - INFO - f1:0.2010, p:0.2309, r:0.2542, hit:0.8134, ndcg:0.5754, topn:10.
2021-03-06 09:13:55,851 - root - INFO - f1:0.2383, p:0.3772, r:0.2280, hit:0.9215, ndcg:0.7105, topn:10.
2021-03-06 09:13:55,854 - root - INFO - No improvement after one epoch. Lowering learning rate.
2021-03-06 09:14:16,915 - root - INFO - train loss:0.1072!
2021-03-06 09:14:18,113 - root - INFO - f1:0.2010, p:0.2308, r:0.2542, hit:0.8134, ndcg:0.5754, topn:10.
2021-03-06 09:14:19,458 - root - INFO - f1:0.2384, p:0.3773, r:0.2281, hit:0.9215, ndcg:0.7105, topn:10.
2021-03-06 09:14:19,461 - root - INFO - No improvement after one epoch. Lowering learning rate.
2021-03-06 09:14:39,546 - root - INFO - train loss:0.1070!
2021-03-06 09:14:40,926 - root - INFO - f1:0.2010, p:0.2308, r:0.2542, hit:0.8144, ndcg:0.5761, topn:10.
2021-03-06 09:14:42,252 - root - INFO - f1:0.2383, p:0.3771, r:0.2280, hit:0.9215, ndcg:0.7111, topn:10.
2021-03-06 09:14:42,256 - root - INFO - No improvement after one epoch. Lowering learning rate.
2021-03-06 09:14:42,309 - root - INFO - No improvement after 13317 steps. Stopping training.
2021-03-06 09:14:44,038 - root - INFO - From CaseRecommender evaluator: {'PREC@10': 0.230753, 'RECALL@10': 0.254151, 'NDCG@10': 0.576062, 'MAP@10': 0.46833, 'MAP': 0.46833}.
2021-03-06 09:14:44,243 - root - INFO - From kg-summ-rec diversity evaluator: {'GENRE_COVERAGE@10': 0.472694, 'GENRE_REDUNDANCY@10': 0.429418, 'ILD_GENRE@10': 0.809635}.
2021-03-06 09:14:45,993 - root - INFO - From CaseRecommender evaluator: {'PREC@10': 0.377094, 'RECALL@10': 0.227962, 'NDCG@10': 0.711123, 'MAP@10': 0.606686, 'MAP': 0.606686}.
2021-03-06 09:14:46,201 - root - INFO - From kg-summ-rec diversity evaluator: {'GENRE_COVERAGE@10': 0.468849, 'GENRE_REDUNDANCY@10': 0.423387, 'ILD_GENRE@10': 0.807303}.
