2021-03-06 12:33:53,313 - root - INFO - Flag Values:
{
    "L1_flag": true,
    "batch_size": 256,
    "ckpt_path": "/home/juarez/git/results/JIIS-revised-exp1/ml-sun_ho_sfKG_ig-mv-complex-75/",
    "clipping_max_value": 5.0,
    "data_path": "/home/juarez/git/datasets/JIIS-revised-exp1/ml-sun_ho_sfKG_ig-mv-complex-75/cao-format/",
    "dataset": "ml1m",
    "early_stopping_steps_to_wait": 51960,
    "embedding_size": 100,
    "eval_interval_steps": 10392,
    "eval_only_mode": false,
    "experiment_name": "ml1m-cofm-1615044833",
    "filter_wrong_corrupted": true,
    "has_visualization": false,
    "is_report": false,
    "joint_ratio": 0.5,
    "kg_lambda": 1.0,
    "kg_test_files": "valid.dat:test.dat",
    "l2_lambda": 0.0,
    "learning_rate": 0.005,
    "learning_rate_decay_when_no_progress": 0.5,
    "load_ckpt_file": "/home/juarez/git/results/JIIS-revised-exp1/ml-sun_ho_sfKG_ig-mv-complex-75/ml1m-bprmf-pretrained.ckpt:/home/juarez/git/results/JIIS-revised-exp1/ml-sun_ho_sfKG_ig-mv-complex-75/ml1m-transe-pretrained.ckpt",
    "load_experiment_name": null,
    "log_level": "debug",
    "log_path": "/home/juarez/git/results/JIIS-revised-exp1/ml-sun_ho_sfKG_ig-mv-complex-75/",
    "margin": 1.0,
    "max_queue": 10,
    "model_type": "cofm",
    "momentum": 0.9,
    "negtive_samples": 1,
    "norm_lambda": 1.0,
    "num_preferences": 4,
    "num_processes": 4,
    "optimizer_type": "Adam",
    "rec_test_files": "valid.dat:test.dat",
    "seed": 0,
    "share_embeddings": false,
    "topn": 10,
    "training_steps": 1039200,
    "use_st_gumbel": false,
    "visualization_port": 8097
}
2021-03-06 12:33:53,488 - root - INFO - Totally 69982 train ratings, 9998,19995 eval ratings in files: /home/juarez/git/datasets/JIIS-revised-exp1/ml-sun_ho_sfKG_ig-mv-complex-75/cao-format/ml1m/valid.dat;/home/juarez/git/datasets/JIIS-revised-exp1/ml-sun_ho_sfKG_ig-mv-complex-75/cao-format/ml1m/test.dat!
2021-03-06 12:33:53,490 - root - INFO - successfully load 943 users and 1675 items!
2021-03-06 12:33:53,558 - root - INFO - Totally 2892 train triples, 337,648 eval triples in files: /home/juarez/git/datasets/JIIS-revised-exp1/ml-sun_ho_sfKG_ig-mv-complex-75/cao-format/ml1m/kg/valid.dat;/home/juarez/git/datasets/JIIS-revised-exp1/ml-sun_ho_sfKG_ig-mv-complex-75/cao-format/ml1m/kg/test.dat!
2021-03-06 12:33:53,559 - root - INFO - successfully load 1555 entities and 3 relations!
2021-03-06 12:33:53,565 - root - INFO - Find 1514 aligned items and entities!
2021-03-06 12:33:53,565 - root - INFO - Building model.
2021-03-06 12:33:54,853 - root - INFO - Architecture: coFM(
  (user_embeddings): Embedding(943, 100)
  (user_bias): Embedding(943, 1)
  (item_bias): Embedding(1675, 1)
  (rel_embeddings): Embedding(3, 100)
  (ent_embeddings): Embedding(1555, 100)
  (item_embeddings): Embedding(1675, 100)
)
2021-03-06 12:33:54,854 - root - INFO - Total params: 420219.0
2021-03-06 12:33:54,854 - root - INFO - One epoch is 547 steps.
2021-03-06 12:33:54,855 - root - INFO - Found checkpoint, restoring pre-trained embeddings.
2021-03-06 12:33:54,857 - root - INFO - Load Embeddings of user_embeddings.weight, item_embeddings.weight from /home/juarez/git/results/JIIS-revised-exp1/ml-sun_ho_sfKG_ig-mv-complex-75/ml1m-bprmf-pretrained.ckpt.
2021-03-06 12:33:54,857 - root - INFO - Found checkpoint, restoring pre-trained embeddings.
2021-03-06 12:33:54,859 - root - INFO - Load Embeddings of ent_embeddings.weight, rel_embeddings.weight from /home/juarez/git/results/JIIS-revised-exp1/ml-sun_ho_sfKG_ig-mv-complex-75/ml1m-transe-pretrained.ckpt.
2021-03-06 12:33:54,859 - root - INFO - Training.
2021-03-06 12:33:54,860 - root - INFO - rec train loss:0.0000, kg train loss:0.0000!
2021-03-06 12:33:56,092 - root - INFO - f1:0.1493, p:0.1695, r:0.1919, hit:0.7253, ndcg:0.4904, topn:10.
2021-03-06 12:33:57,155 - root - INFO - f1:0.1775, p:0.2835, r:0.1700, hit:0.8600, ndcg:0.6216, topn:10.
2021-03-06 12:33:57,762 - root - INFO - head hit:0.2849, head mean rank:316.7893, topn:10.
2021-03-06 12:33:57,763 - root - INFO - tail hit:0.7864, tail mean rank:11.6944, topn:10.
2021-03-06 12:33:57,763 - root - INFO - avg hit:0.5356, avg mean rank:164.2418, topn:10.
2021-03-06 12:33:58,665 - root - INFO - head hit:0.2917, head mean rank:343.5386, topn:10.
2021-03-06 12:33:58,665 - root - INFO - tail hit:0.7886, tail mean rank:7.9568, topn:10.
2021-03-06 12:33:58,665 - root - INFO - avg hit:0.5401, avg mean rank:175.7477, topn:10.
2021-03-06 12:35:09,560 - root - INFO - rec train loss:2.7569, kg train loss:7.5282!
2021-03-06 12:35:10,519 - root - INFO - f1:0.1425, p:0.1686, r:0.1691, hit:0.7052, ndcg:0.4684, topn:10.
2021-03-06 12:35:11,585 - root - INFO - f1:0.1700, p:0.2847, r:0.1567, hit:0.8473, ndcg:0.5920, topn:10.
2021-03-06 12:35:12,241 - root - INFO - head hit:0.1335, head mean rank:334.8368, topn:10.
2021-03-06 12:35:12,241 - root - INFO - tail hit:0.4006, tail mean rank:67.5104, topn:10.
2021-03-06 12:35:12,241 - root - INFO - avg hit:0.2671, avg mean rank:201.1736, topn:10.
2021-03-06 12:35:13,116 - root - INFO - head hit:0.1543, head mean rank:302.6728, topn:10.
2021-03-06 12:35:13,117 - root - INFO - tail hit:0.3457, tail mean rank:63.7731, topn:10.
2021-03-06 12:35:13,117 - root - INFO - avg hit:0.2500, avg mean rank:183.2230, topn:10.
2021-03-06 12:35:13,118 - root - INFO - Checkpointing ...
2021-03-06 12:36:23,086 - root - INFO - rec train loss:2.6381, kg train loss:7.3641!
2021-03-06 12:36:24,212 - root - INFO - f1:0.1488, p:0.1753, r:0.1785, hit:0.7253, ndcg:0.4850, topn:10.
2021-03-06 12:36:25,319 - root - INFO - f1:0.1818, p:0.3007, r:0.1681, hit:0.8653, ndcg:0.6251, topn:10.
2021-03-06 12:36:25,984 - root - INFO - head hit:0.1365, head mean rank:335.2522, topn:10.
2021-03-06 12:36:25,985 - root - INFO - tail hit:0.3234, tail mean rank:88.7448, topn:10.
2021-03-06 12:36:25,985 - root - INFO - avg hit:0.2300, avg mean rank:211.9985, topn:10.
2021-03-06 12:36:26,875 - root - INFO - head hit:0.1435, head mean rank:302.1358, topn:10.
2021-03-06 12:36:26,875 - root - INFO - tail hit:0.3210, tail mean rank:93.9336, topn:10.
2021-03-06 12:36:26,875 - root - INFO - avg hit:0.2323, avg mean rank:198.0347, topn:10.
2021-03-06 12:36:26,876 - root - INFO - Checkpointing ...
2021-03-06 12:37:37,563 - root - INFO - rec train loss:2.6595, kg train loss:7.4438!
2021-03-06 12:37:38,712 - root - INFO - f1:0.1482, p:0.1771, r:0.1728, hit:0.7179, ndcg:0.4890, topn:10.
2021-03-06 12:37:39,829 - root - INFO - f1:0.1831, p:0.3036, r:0.1685, hit:0.8812, ndcg:0.6345, topn:10.
2021-03-06 12:37:40,441 - root - INFO - head hit:0.1395, head mean rank:317.9614, topn:10.
2021-03-06 12:37:40,441 - root - INFO - tail hit:0.3680, tail mean rank:70.0890, topn:10.
2021-03-06 12:37:40,441 - root - INFO - avg hit:0.2537, avg mean rank:194.0252, topn:10.
2021-03-06 12:37:41,301 - root - INFO - head hit:0.1142, head mean rank:302.0432, topn:10.
2021-03-06 12:37:41,301 - root - INFO - tail hit:0.3611, tail mean rank:55.7037, topn:10.
2021-03-06 12:37:41,302 - root - INFO - avg hit:0.2377, avg mean rank:178.8735, topn:10.
2021-03-06 12:37:41,302 - root - INFO - No improvement after one epoch. Lowering learning rate.
2021-03-06 12:38:49,943 - root - INFO - rec train loss:0.7452, kg train loss:1.3223!
2021-03-06 12:38:51,064 - root - INFO - f1:0.1812, p:0.2141, r:0.2177, hit:0.7741, ndcg:0.5404, topn:10.
2021-03-06 12:38:52,379 - root - INFO - f1:0.2113, p:0.3462, r:0.1960, hit:0.8971, ndcg:0.6690, topn:10.
2021-03-06 12:38:53,046 - root - INFO - head hit:0.2077, head mean rank:254.8487, topn:10.
2021-03-06 12:38:53,046 - root - INFO - tail hit:0.5045, tail mean rank:40.3620, topn:10.
2021-03-06 12:38:53,047 - root - INFO - avg hit:0.3561, avg mean rank:147.6053, topn:10.
2021-03-06 12:38:53,976 - root - INFO - head hit:0.2160, head mean rank:248.3256, topn:10.
2021-03-06 12:38:53,976 - root - INFO - tail hit:0.5586, tail mean rank:37.0201, topn:10.
2021-03-06 12:38:53,977 - root - INFO - avg hit:0.3873, avg mean rank:142.6728, topn:10.
2021-03-06 12:38:53,977 - root - INFO - Checkpointing ...
2021-03-06 12:40:03,153 - root - INFO - rec train loss:0.7196, kg train loss:1.2895!
2021-03-06 12:40:04,262 - root - INFO - f1:0.1805, p:0.2137, r:0.2166, hit:0.7752, ndcg:0.5511, topn:10.
2021-03-06 12:40:05,365 - root - INFO - f1:0.2132, p:0.3487, r:0.1996, hit:0.9109, ndcg:0.6851, topn:10.
2021-03-06 12:40:05,995 - root - INFO - head hit:0.1988, head mean rank:257.5312, topn:10.
2021-03-06 12:40:05,996 - root - INFO - tail hit:0.4481, tail mean rank:48.6439, topn:10.
2021-03-06 12:40:05,996 - root - INFO - avg hit:0.3234, avg mean rank:153.0875, topn:10.
2021-03-06 12:40:06,995 - root - INFO - head hit:0.2052, head mean rank:265.8719, topn:10.
2021-03-06 12:40:06,995 - root - INFO - tail hit:0.4475, tail mean rank:43.0617, topn:10.
2021-03-06 12:40:06,995 - root - INFO - avg hit:0.3264, avg mean rank:154.4668, topn:10.
2021-03-06 12:40:06,996 - root - INFO - No improvement after one epoch. Lowering learning rate.
2021-03-06 12:41:17,596 - root - INFO - rec train loss:0.2615, kg train loss:0.2859!
2021-03-06 12:41:18,685 - root - INFO - f1:0.2110, p:0.2510, r:0.2481, hit:0.8028, ndcg:0.5869, topn:10.
2021-03-06 12:41:19,833 - root - INFO - f1:0.2412, p:0.3915, r:0.2259, hit:0.9279, ndcg:0.7110, topn:10.
2021-03-06 12:41:20,482 - root - INFO - head hit:0.3116, head mean rank:217.2285, topn:10.
2021-03-06 12:41:20,482 - root - INFO - tail hit:0.7359, tail mean rank:18.7507, topn:10.
2021-03-06 12:41:20,482 - root - INFO - avg hit:0.5237, avg mean rank:117.9896, topn:10.
2021-03-06 12:41:21,356 - root - INFO - head hit:0.2855, head mean rank:231.5386, topn:10.
2021-03-06 12:41:21,356 - root - INFO - tail hit:0.6836, tail mean rank:19.4120, topn:10.
2021-03-06 12:41:21,356 - root - INFO - avg hit:0.4846, avg mean rank:125.4753, topn:10.
2021-03-06 12:41:21,357 - root - INFO - Checkpointing ...
2021-03-06 12:42:30,993 - root - INFO - rec train loss:0.2369, kg train loss:0.2714!
2021-03-06 12:42:32,099 - root - INFO - f1:0.2230, p:0.2655, r:0.2642, hit:0.8165, ndcg:0.6005, topn:10.
2021-03-06 12:42:33,166 - root - INFO - f1:0.2485, p:0.4048, r:0.2325, hit:0.9406, ndcg:0.7242, topn:10.
2021-03-06 12:42:33,705 - root - INFO - head hit:0.2967, head mean rank:224.2671, topn:10.
2021-03-06 12:42:33,705 - root - INFO - tail hit:0.7092, tail mean rank:22.2938, topn:10.
2021-03-06 12:42:33,705 - root - INFO - avg hit:0.5030, avg mean rank:123.2804, topn:10.
2021-03-06 12:42:34,624 - root - INFO - head hit:0.2870, head mean rank:221.1019, topn:10.
2021-03-06 12:42:34,624 - root - INFO - tail hit:0.7022, tail mean rank:18.2793, topn:10.
2021-03-06 12:42:34,625 - root - INFO - avg hit:0.4946, avg mean rank:119.6906, topn:10.
2021-03-06 12:42:34,625 - root - INFO - Checkpointing ...
2021-03-06 12:43:43,657 - root - INFO - rec train loss:0.2322, kg train loss:0.2676!
2021-03-06 12:43:44,774 - root - INFO - f1:0.2247, p:0.2690, r:0.2622, hit:0.8144, ndcg:0.5991, topn:10.
2021-03-06 12:43:45,924 - root - INFO - f1:0.2491, p:0.4092, r:0.2308, hit:0.9173, ndcg:0.7190, topn:10.
2021-03-06 12:43:46,586 - root - INFO - head hit:0.3264, head mean rank:219.6439, topn:10.
2021-03-06 12:43:46,587 - root - INFO - tail hit:0.7537, tail mean rank:18.8457, topn:10.
2021-03-06 12:43:46,587 - root - INFO - avg hit:0.5401, avg mean rank:119.2448, topn:10.
2021-03-06 12:43:47,444 - root - INFO - head hit:0.3117, head mean rank:225.9969, topn:10.
2021-03-06 12:43:47,445 - root - INFO - tail hit:0.7438, tail mean rank:15.4722, topn:10.
2021-03-06 12:43:47,445 - root - INFO - avg hit:0.5278, avg mean rank:120.7346, topn:10.
2021-03-06 12:43:47,445 - root - INFO - Checkpointing ...
2021-03-06 12:44:58,957 - root - INFO - rec train loss:0.2258, kg train loss:0.2670!
2021-03-06 12:45:00,083 - root - INFO - f1:0.2300, p:0.2751, r:0.2706, hit:0.8208, ndcg:0.6086, topn:10.
2021-03-06 12:45:01,229 - root - INFO - f1:0.2583, p:0.4201, r:0.2413, hit:0.9321, ndcg:0.7366, topn:10.
2021-03-06 12:45:01,872 - root - INFO - head hit:0.3650, head mean rank:208.2107, topn:10.
2021-03-06 12:45:01,873 - root - INFO - tail hit:0.7151, tail mean rank:17.7211, topn:10.
2021-03-06 12:45:01,873 - root - INFO - avg hit:0.5401, avg mean rank:112.9659, topn:10.
2021-03-06 12:45:02,745 - root - INFO - head hit:0.3210, head mean rank:219.2207, topn:10.
2021-03-06 12:45:02,746 - root - INFO - tail hit:0.7006, tail mean rank:21.4753, topn:10.
2021-03-06 12:45:02,746 - root - INFO - avg hit:0.5108, avg mean rank:120.3480, topn:10.
2021-03-06 12:45:02,747 - root - INFO - Checkpointing ...
2021-03-06 12:46:12,607 - root - INFO - rec train loss:0.2224, kg train loss:0.2618!
2021-03-06 12:46:13,769 - root - INFO - f1:0.2313, p:0.2770, r:0.2710, hit:0.8271, ndcg:0.6168, topn:10.
2021-03-06 12:46:14,872 - root - INFO - f1:0.2605, p:0.4249, r:0.2424, hit:0.9268, ndcg:0.7353, topn:10.
2021-03-06 12:46:15,492 - root - INFO - head hit:0.3027, head mean rank:228.0059, topn:10.
2021-03-06 12:46:15,492 - root - INFO - tail hit:0.8101, tail mean rank:16.0979, topn:10.
2021-03-06 12:46:15,492 - root - INFO - avg hit:0.5564, avg mean rank:122.0519, topn:10.
2021-03-06 12:46:16,362 - root - INFO - head hit:0.2762, head mean rank:211.9660, topn:10.
2021-03-06 12:46:16,362 - root - INFO - tail hit:0.7762, tail mean rank:10.9151, topn:10.
2021-03-06 12:46:16,362 - root - INFO - avg hit:0.5262, avg mean rank:111.4406, topn:10.
2021-03-06 12:46:16,363 - root - INFO - Checkpointing ...
2021-03-06 12:47:25,121 - root - INFO - rec train loss:0.2212, kg train loss:0.2508!
2021-03-06 12:47:26,205 - root - INFO - f1:0.2387, p:0.2850, r:0.2830, hit:0.8346, ndcg:0.6241, topn:10.
2021-03-06 12:47:27,239 - root - INFO - f1:0.2632, p:0.4309, r:0.2435, hit:0.9290, ndcg:0.7357, topn:10.
2021-03-06 12:47:27,907 - root - INFO - head hit:0.3234, head mean rank:236.3828, topn:10.
2021-03-06 12:47:27,907 - root - INFO - tail hit:0.7448, tail mean rank:19.9822, topn:10.
2021-03-06 12:47:27,908 - root - INFO - avg hit:0.5341, avg mean rank:128.1825, topn:10.
2021-03-06 12:47:28,828 - root - INFO - head hit:0.3349, head mean rank:231.1049, topn:10.
2021-03-06 12:47:28,828 - root - INFO - tail hit:0.7670, tail mean rank:15.2315, topn:10.
2021-03-06 12:47:28,828 - root - INFO - avg hit:0.5509, avg mean rank:123.1682, topn:10.
2021-03-06 12:47:28,829 - root - INFO - Checkpointing ...
2021-03-06 12:48:38,220 - root - INFO - rec train loss:0.2172, kg train loss:0.2610!
2021-03-06 12:48:39,356 - root - INFO - f1:0.2396, p:0.2871, r:0.2832, hit:0.8324, ndcg:0.6265, topn:10.
2021-03-06 12:48:40,474 - root - INFO - f1:0.2644, p:0.4318, r:0.2450, hit:0.9300, ndcg:0.7381, topn:10.
2021-03-06 12:48:41,070 - root - INFO - head hit:0.3264, head mean rank:224.1454, topn:10.
2021-03-06 12:48:41,071 - root - INFO - tail hit:0.7745, tail mean rank:15.9050, topn:10.
2021-03-06 12:48:41,071 - root - INFO - avg hit:0.5504, avg mean rank:120.0252, topn:10.
2021-03-06 12:48:42,041 - root - INFO - head hit:0.3071, head mean rank:226.6296, topn:10.
2021-03-06 12:48:42,041 - root - INFO - tail hit:0.7793, tail mean rank:16.1852, topn:10.
2021-03-06 12:48:42,042 - root - INFO - avg hit:0.5432, avg mean rank:121.4074, topn:10.
2021-03-06 12:48:42,042 - root - INFO - Checkpointing ...
2021-03-06 12:49:51,461 - root - INFO - rec train loss:0.2177, kg train loss:0.2514!
2021-03-06 12:49:52,607 - root - INFO - f1:0.2422, p:0.2891, r:0.2863, hit:0.8314, ndcg:0.6280, topn:10.
2021-03-06 12:49:53,656 - root - INFO - f1:0.2655, p:0.4355, r:0.2443, hit:0.9311, ndcg:0.7400, topn:10.
2021-03-06 12:49:54,284 - root - INFO - head hit:0.3175, head mean rank:223.0742, topn:10.
2021-03-06 12:49:54,284 - root - INFO - tail hit:0.6439, tail mean rank:24.8813, topn:10.
2021-03-06 12:49:54,284 - root - INFO - avg hit:0.4807, avg mean rank:123.9777, topn:10.
2021-03-06 12:49:55,213 - root - INFO - head hit:0.2731, head mean rank:237.3040, topn:10.
2021-03-06 12:49:55,213 - root - INFO - tail hit:0.6883, tail mean rank:24.9614, topn:10.
2021-03-06 12:49:55,213 - root - INFO - avg hit:0.4807, avg mean rank:131.1327, topn:10.
2021-03-06 12:49:55,214 - root - INFO - Checkpointing ...
2021-03-06 12:51:03,691 - root - INFO - rec train loss:0.2154, kg train loss:0.2499!
2021-03-06 12:51:04,735 - root - INFO - f1:0.2459, p:0.2946, r:0.2877, hit:0.8314, ndcg:0.6383, topn:10.
2021-03-06 12:51:05,885 - root - INFO - f1:0.2688, p:0.4401, r:0.2486, hit:0.9321, ndcg:0.7448, topn:10.
2021-03-06 12:51:06,510 - root - INFO - head hit:0.2908, head mean rank:224.7567, topn:10.
2021-03-06 12:51:06,511 - root - INFO - tail hit:0.6320, tail mean rank:28.0386, topn:10.
2021-03-06 12:51:06,511 - root - INFO - avg hit:0.4614, avg mean rank:126.3976, topn:10.
2021-03-06 12:51:07,375 - root - INFO - head hit:0.2948, head mean rank:213.0201, topn:10.
2021-03-06 12:51:07,375 - root - INFO - tail hit:0.6389, tail mean rank:24.3904, topn:10.
2021-03-06 12:51:07,375 - root - INFO - avg hit:0.4668, avg mean rank:118.7052, topn:10.
2021-03-06 12:51:07,376 - root - INFO - Checkpointing ...
2021-03-06 12:52:14,577 - root - INFO - rec train loss:0.2137, kg train loss:0.2501!
2021-03-06 12:52:15,704 - root - INFO - f1:0.2518, p:0.2994, r:0.2993, hit:0.8420, ndcg:0.6507, topn:10.
2021-03-06 12:52:16,873 - root - INFO - f1:0.2722, p:0.4423, r:0.2524, hit:0.9406, ndcg:0.7585, topn:10.
2021-03-06 12:52:17,509 - root - INFO - head hit:0.3086, head mean rank:235.7033, topn:10.
2021-03-06 12:52:17,509 - root - INFO - tail hit:0.6677, tail mean rank:20.4837, topn:10.
2021-03-06 12:52:17,510 - root - INFO - avg hit:0.4881, avg mean rank:128.0935, topn:10.
2021-03-06 12:52:18,423 - root - INFO - head hit:0.3410, head mean rank:219.0910, topn:10.
2021-03-06 12:52:18,423 - root - INFO - tail hit:0.7222, tail mean rank:19.2315, topn:10.
2021-03-06 12:52:18,423 - root - INFO - avg hit:0.5316, avg mean rank:119.1613, topn:10.
2021-03-06 12:52:18,424 - root - INFO - Checkpointing ...
2021-03-06 12:53:26,264 - root - INFO - rec train loss:0.2120, kg train loss:0.2456!
2021-03-06 12:53:27,555 - root - INFO - f1:0.2477, p:0.2958, r:0.2922, hit:0.8399, ndcg:0.6440, topn:10.
2021-03-06 12:53:28,639 - root - INFO - f1:0.2690, p:0.4425, r:0.2460, hit:0.9236, ndcg:0.7509, topn:10.
2021-03-06 12:53:29,253 - root - INFO - head hit:0.3116, head mean rank:203.1721, topn:10.
2021-03-06 12:53:29,254 - root - INFO - tail hit:0.7329, tail mean rank:21.9911, topn:10.
2021-03-06 12:53:29,254 - root - INFO - avg hit:0.5223, avg mean rank:112.5816, topn:10.
2021-03-06 12:53:30,189 - root - INFO - head hit:0.3056, head mean rank:226.7870, topn:10.
2021-03-06 12:53:30,190 - root - INFO - tail hit:0.7253, tail mean rank:20.2284, topn:10.
2021-03-06 12:53:30,190 - root - INFO - avg hit:0.5154, avg mean rank:123.5077, topn:10.
2021-03-06 12:53:30,191 - root - INFO - No improvement after one epoch. Lowering learning rate.
2021-03-06 12:54:38,994 - root - INFO - rec train loss:0.1074, kg train loss:0.1063!
2021-03-06 12:54:40,177 - root - INFO - f1:0.2650, p:0.3156, r:0.3127, hit:0.8505, ndcg:0.6601, topn:10.
2021-03-06 12:54:41,314 - root - INFO - f1:0.2869, p:0.4654, r:0.2655, hit:0.9364, ndcg:0.7588, topn:10.
2021-03-06 12:54:41,920 - root - INFO - head hit:0.3917, head mean rank:209.4985, topn:10.
2021-03-06 12:54:41,920 - root - INFO - tail hit:0.8309, tail mean rank:5.8961, topn:10.
2021-03-06 12:54:41,920 - root - INFO - avg hit:0.6113, avg mean rank:107.6973, topn:10.
2021-03-06 12:54:42,830 - root - INFO - head hit:0.3873, head mean rank:206.1636, topn:10.
2021-03-06 12:54:42,830 - root - INFO - tail hit:0.8426, tail mean rank:7.7407, topn:10.
2021-03-06 12:54:42,830 - root - INFO - avg hit:0.6150, avg mean rank:106.9522, topn:10.
2021-03-06 12:54:42,830 - root - INFO - Checkpointing ...
2021-03-06 12:55:53,633 - root - INFO - rec train loss:0.1028, kg train loss:0.1031!
2021-03-06 12:55:54,780 - root - INFO - f1:0.2715, p:0.3243, r:0.3183, hit:0.8484, ndcg:0.6631, topn:10.
2021-03-06 12:55:55,911 - root - INFO - f1:0.2913, p:0.4716, r:0.2700, hit:0.9396, ndcg:0.7670, topn:10.
2021-03-06 12:55:56,571 - root - INFO - head hit:0.3591, head mean rank:203.9377, topn:10.
2021-03-06 12:55:56,571 - root - INFO - tail hit:0.8368, tail mean rank:6.9377, topn:10.
2021-03-06 12:55:56,571 - root - INFO - avg hit:0.5979, avg mean rank:105.4377, topn:10.
2021-03-06 12:55:57,490 - root - INFO - head hit:0.3611, head mean rank:199.0988, topn:10.
2021-03-06 12:55:57,490 - root - INFO - tail hit:0.8519, tail mean rank:7.0417, topn:10.
2021-03-06 12:55:57,491 - root - INFO - avg hit:0.6065, avg mean rank:103.0702, topn:10.
2021-03-06 12:55:57,491 - root - INFO - Checkpointing ...
2021-03-06 12:57:05,494 - root - INFO - rec train loss:0.1003, kg train loss:0.1018!
2021-03-06 12:57:06,593 - root - INFO - f1:0.2745, p:0.3285, r:0.3209, hit:0.8526, ndcg:0.6728, topn:10.
2021-03-06 12:57:07,769 - root - INFO - f1:0.2937, p:0.4765, r:0.2716, hit:0.9470, ndcg:0.7735, topn:10.
2021-03-06 12:57:08,434 - root - INFO - head hit:0.4125, head mean rank:203.6261, topn:10.
2021-03-06 12:57:08,434 - root - INFO - tail hit:0.8487, tail mean rank:7.3947, topn:10.
2021-03-06 12:57:08,434 - root - INFO - avg hit:0.6306, avg mean rank:105.5104, topn:10.
2021-03-06 12:57:09,332 - root - INFO - head hit:0.4120, head mean rank:201.9306, topn:10.
2021-03-06 12:57:09,333 - root - INFO - tail hit:0.8225, tail mean rank:6.9228, topn:10.
2021-03-06 12:57:09,333 - root - INFO - avg hit:0.6173, avg mean rank:104.4267, topn:10.
2021-03-06 12:57:09,333 - root - INFO - Checkpointing ...
2021-03-06 12:58:23,038 - root - INFO - rec train loss:0.1000, kg train loss:0.1066!
2021-03-06 12:58:24,186 - root - INFO - f1:0.2818, p:0.3364, r:0.3293, hit:0.8558, ndcg:0.6827, topn:10.
2021-03-06 12:58:25,276 - root - INFO - f1:0.2966, p:0.4813, r:0.2736, hit:0.9427, ndcg:0.7791, topn:10.
2021-03-06 12:58:25,885 - root - INFO - head hit:0.4184, head mean rank:211.2374, topn:10.
2021-03-06 12:58:25,886 - root - INFO - tail hit:0.8843, tail mean rank:4.8665, topn:10.
2021-03-06 12:58:25,886 - root - INFO - avg hit:0.6513, avg mean rank:108.0519, topn:10.
2021-03-06 12:58:26,814 - root - INFO - head hit:0.3997, head mean rank:203.1929, topn:10.
2021-03-06 12:58:26,815 - root - INFO - tail hit:0.8781, tail mean rank:6.3781, topn:10.
2021-03-06 12:58:26,815 - root - INFO - avg hit:0.6389, avg mean rank:104.7855, topn:10.
2021-03-06 12:58:26,815 - root - INFO - Checkpointing ...
2021-03-06 12:59:37,496 - root - INFO - rec train loss:0.0987, kg train loss:0.1006!
2021-03-06 12:59:38,581 - root - INFO - f1:0.2839, p:0.3386, r:0.3316, hit:0.8632, ndcg:0.6862, topn:10.
2021-03-06 12:59:39,697 - root - INFO - f1:0.2993, p:0.4850, r:0.2759, hit:0.9417, ndcg:0.7767, topn:10.
2021-03-06 12:59:40,329 - root - INFO - head hit:0.4332, head mean rank:195.4451, topn:10.
2021-03-06 12:59:40,330 - root - INFO - tail hit:0.8338, tail mean rank:6.7982, topn:10.
2021-03-06 12:59:40,330 - root - INFO - avg hit:0.6335, avg mean rank:101.1217, topn:10.
2021-03-06 12:59:41,283 - root - INFO - head hit:0.4306, head mean rank:190.1775, topn:10.
2021-03-06 12:59:41,283 - root - INFO - tail hit:0.8395, tail mean rank:7.0062, topn:10.
2021-03-06 12:59:41,283 - root - INFO - avg hit:0.6350, avg mean rank:98.5918, topn:10.
2021-03-06 12:59:41,284 - root - INFO - Checkpointing ...
2021-03-06 13:00:54,013 - root - INFO - rec train loss:0.0978, kg train loss:0.1039!
2021-03-06 13:00:55,159 - root - INFO - f1:0.2866, p:0.3427, r:0.3336, hit:0.8600, ndcg:0.6915, topn:10.
2021-03-06 13:00:56,318 - root - INFO - f1:0.3053, p:0.4925, r:0.2825, hit:0.9449, ndcg:0.7856, topn:10.
2021-03-06 13:00:56,964 - root - INFO - head hit:0.4125, head mean rank:209.5519, topn:10.
2021-03-06 13:00:56,964 - root - INFO - tail hit:0.8665, tail mean rank:5.1157, topn:10.
2021-03-06 13:00:56,964 - root - INFO - avg hit:0.6395, avg mean rank:107.3338, topn:10.
2021-03-06 13:00:57,920 - root - INFO - head hit:0.4120, head mean rank:198.1497, topn:10.
2021-03-06 13:00:57,921 - root - INFO - tail hit:0.8812, tail mean rank:5.4846, topn:10.
2021-03-06 13:00:57,921 - root - INFO - avg hit:0.6466, avg mean rank:101.8171, topn:10.
2021-03-06 13:00:57,922 - root - INFO - Checkpointing ...
2021-03-06 13:02:08,265 - root - INFO - rec train loss:0.0980, kg train loss:0.0992!
2021-03-06 13:02:09,390 - root - INFO - f1:0.2890, p:0.3444, r:0.3386, hit:0.8590, ndcg:0.6895, topn:10.
2021-03-06 13:02:10,518 - root - INFO - f1:0.3071, p:0.4941, r:0.2848, hit:0.9480, ndcg:0.7893, topn:10.
2021-03-06 13:02:11,177 - root - INFO - head hit:0.3976, head mean rank:202.9080, topn:10.
2021-03-06 13:02:11,177 - root - INFO - tail hit:0.8724, tail mean rank:5.1662, topn:10.
2021-03-06 13:02:11,177 - root - INFO - avg hit:0.6350, avg mean rank:104.0371, topn:10.
2021-03-06 13:02:12,059 - root - INFO - head hit:0.4198, head mean rank:198.8302, topn:10.
2021-03-06 13:02:12,060 - root - INFO - tail hit:0.8657, tail mean rank:6.0216, topn:10.
2021-03-06 13:02:12,060 - root - INFO - avg hit:0.6427, avg mean rank:102.4259, topn:10.
2021-03-06 13:02:12,061 - root - INFO - Checkpointing ...
2021-03-06 13:03:21,126 - root - INFO - rec train loss:0.0966, kg train loss:0.1001!
2021-03-06 13:03:22,268 - root - INFO - f1:0.2899, p:0.3461, r:0.3378, hit:0.8664, ndcg:0.6945, topn:10.
2021-03-06 13:03:23,426 - root - INFO - f1:0.3078, p:0.4959, r:0.2858, hit:0.9502, ndcg:0.7944, topn:10.
2021-03-06 13:03:24,096 - root - INFO - head hit:0.4214, head mean rank:199.8843, topn:10.
2021-03-06 13:03:24,097 - root - INFO - tail hit:0.8783, tail mean rank:4.4303, topn:10.
2021-03-06 13:03:24,097 - root - INFO - avg hit:0.6499, avg mean rank:102.1573, topn:10.
2021-03-06 13:03:24,952 - root - INFO - head hit:0.3997, head mean rank:204.5401, topn:10.
2021-03-06 13:03:24,952 - root - INFO - tail hit:0.8904, tail mean rank:4.8457, topn:10.
2021-03-06 13:03:24,953 - root - INFO - avg hit:0.6451, avg mean rank:104.6929, topn:10.
2021-03-06 13:03:24,953 - root - INFO - Checkpointing ...
2021-03-06 13:04:33,257 - root - INFO - rec train loss:0.0967, kg train loss:0.1008!
2021-03-06 13:04:34,404 - root - INFO - f1:0.2929, p:0.3497, r:0.3408, hit:0.8653, ndcg:0.6960, topn:10.
2021-03-06 13:04:35,530 - root - INFO - f1:0.3110, p:0.5001, r:0.2885, hit:0.9470, ndcg:0.7925, topn:10.
2021-03-06 13:04:36,210 - root - INFO - head hit:0.4243, head mean rank:202.9347, topn:10.
2021-03-06 13:04:36,211 - root - INFO - tail hit:0.8872, tail mean rank:3.9644, topn:10.
2021-03-06 13:04:36,211 - root - INFO - avg hit:0.6558, avg mean rank:103.4496, topn:10.
2021-03-06 13:04:37,111 - root - INFO - head hit:0.4213, head mean rank:194.4028, topn:10.
2021-03-06 13:04:37,111 - root - INFO - tail hit:0.8935, tail mean rank:4.2562, topn:10.
2021-03-06 13:04:37,111 - root - INFO - avg hit:0.6574, avg mean rank:99.3295, topn:10.
2021-03-06 13:04:37,112 - root - INFO - Checkpointing ...
2021-03-06 13:05:48,119 - root - INFO - rec train loss:0.0963, kg train loss:0.0993!
2021-03-06 13:05:49,274 - root - INFO - f1:0.2959, p:0.3528, r:0.3456, hit:0.8696, ndcg:0.6970, topn:10.
2021-03-06 13:05:50,436 - root - INFO - f1:0.3140, p:0.5051, r:0.2902, hit:0.9491, ndcg:0.7914, topn:10.
2021-03-06 13:05:51,082 - root - INFO - head hit:0.3917, head mean rank:195.1187, topn:10.
2021-03-06 13:05:51,082 - root - INFO - tail hit:0.8961, tail mean rank:4.0267, topn:10.
2021-03-06 13:05:51,082 - root - INFO - avg hit:0.6439, avg mean rank:99.5727, topn:10.
2021-03-06 13:05:51,964 - root - INFO - head hit:0.4244, head mean rank:189.4259, topn:10.
2021-03-06 13:05:51,964 - root - INFO - tail hit:0.8904, tail mean rank:4.6188, topn:10.
2021-03-06 13:05:51,964 - root - INFO - avg hit:0.6574, avg mean rank:97.0224, topn:10.
2021-03-06 13:05:51,965 - root - INFO - Checkpointing ...
2021-03-06 13:07:02,289 - root - INFO - rec train loss:0.0955, kg train loss:0.1004!
2021-03-06 13:07:03,457 - root - INFO - f1:0.2950, p:0.3524, r:0.3427, hit:0.8611, ndcg:0.7023, topn:10.
2021-03-06 13:07:04,843 - root - INFO - f1:0.3146, p:0.5066, r:0.2907, hit:0.9470, ndcg:0.8003, topn:10.
2021-03-06 13:07:05,508 - root - INFO - head hit:0.3976, head mean rank:210.3264, topn:10.
2021-03-06 13:07:05,508 - root - INFO - tail hit:0.9080, tail mean rank:4.6291, topn:10.
2021-03-06 13:07:05,508 - root - INFO - avg hit:0.6528, avg mean rank:107.4777, topn:10.
2021-03-06 13:07:06,467 - root - INFO - head hit:0.4167, head mean rank:197.4290, topn:10.
2021-03-06 13:07:06,467 - root - INFO - tail hit:0.8951, tail mean rank:4.9074, topn:10.
2021-03-06 13:07:06,467 - root - INFO - avg hit:0.6559, avg mean rank:101.1682, topn:10.
2021-03-06 13:07:06,468 - root - INFO - No improvement after one epoch. Lowering learning rate.
2021-03-06 13:08:18,917 - root - INFO - rec train loss:0.0505, kg train loss:0.0490!
2021-03-06 13:08:20,021 - root - INFO - f1:0.2976, p:0.3551, r:0.3462, hit:0.8611, ndcg:0.7044, topn:10.
2021-03-06 13:08:21,083 - root - INFO - f1:0.3176, p:0.5102, r:0.2946, hit:0.9544, ndcg:0.8024, topn:10.
2021-03-06 13:08:21,717 - root - INFO - head hit:0.4243, head mean rank:206.2611, topn:10.
2021-03-06 13:08:21,717 - root - INFO - tail hit:0.9228, tail mean rank:4.2018, topn:10.
2021-03-06 13:08:21,717 - root - INFO - avg hit:0.6736, avg mean rank:105.2315, topn:10.
2021-03-06 13:08:22,664 - root - INFO - head hit:0.4383, head mean rank:188.7577, topn:10.
2021-03-06 13:08:22,665 - root - INFO - tail hit:0.8981, tail mean rank:4.2994, topn:10.
2021-03-06 13:08:22,665 - root - INFO - avg hit:0.6682, avg mean rank:96.5285, topn:10.
2021-03-06 13:08:22,666 - root - INFO - Checkpointing ...
2021-03-06 13:09:33,634 - root - INFO - rec train loss:0.0501, kg train loss:0.0473!
2021-03-06 13:09:34,743 - root - INFO - f1:0.3000, p:0.3580, r:0.3483, hit:0.8643, ndcg:0.7077, topn:10.
2021-03-06 13:09:35,863 - root - INFO - f1:0.3185, p:0.5119, r:0.2946, hit:0.9512, ndcg:0.8046, topn:10.
2021-03-06 13:09:36,478 - root - INFO - head hit:0.4303, head mean rank:199.9021, topn:10.
2021-03-06 13:09:36,478 - root - INFO - tail hit:0.8932, tail mean rank:4.5460, topn:10.
2021-03-06 13:09:36,478 - root - INFO - avg hit:0.6617, avg mean rank:102.2240, topn:10.
2021-03-06 13:09:37,351 - root - INFO - head hit:0.4475, head mean rank:183.9213, topn:10.
2021-03-06 13:09:37,351 - root - INFO - tail hit:0.8920, tail mean rank:4.5340, topn:10.
2021-03-06 13:09:37,351 - root - INFO - avg hit:0.6698, avg mean rank:94.2276, topn:10.
2021-03-06 13:09:37,352 - root - INFO - Checkpointing ...
2021-03-06 13:10:46,328 - root - INFO - rec train loss:0.0498, kg train loss:0.0515!
2021-03-06 13:10:47,450 - root - INFO - f1:0.3010, p:0.3591, r:0.3492, hit:0.8674, ndcg:0.7118, topn:10.
2021-03-06 13:10:48,625 - root - INFO - f1:0.3192, p:0.5129, r:0.2955, hit:0.9544, ndcg:0.8075, topn:10.
2021-03-06 13:10:49,245 - root - INFO - head hit:0.4332, head mean rank:196.9822, topn:10.
2021-03-06 13:10:49,246 - root - INFO - tail hit:0.9169, tail mean rank:4.0089, topn:10.
2021-03-06 13:10:49,246 - root - INFO - avg hit:0.6751, avg mean rank:100.4955, topn:10.
2021-03-06 13:10:50,134 - root - INFO - head hit:0.4630, head mean rank:187.0015, topn:10.
2021-03-06 13:10:50,134 - root - INFO - tail hit:0.9028, tail mean rank:4.2037, topn:10.
2021-03-06 13:10:50,134 - root - INFO - avg hit:0.6829, avg mean rank:95.6026, topn:10.
2021-03-06 13:10:50,135 - root - INFO - Checkpointing ...
2021-03-06 13:11:57,607 - root - INFO - rec train loss:0.0495, kg train loss:0.0482!
2021-03-06 13:11:58,747 - root - INFO - f1:0.3026, p:0.3612, r:0.3514, hit:0.8664, ndcg:0.7096, topn:10.
2021-03-06 13:11:59,917 - root - INFO - f1:0.3193, p:0.5134, r:0.2950, hit:0.9512, ndcg:0.8065, topn:10.
2021-03-06 13:12:00,552 - root - INFO - head hit:0.4570, head mean rank:196.9674, topn:10.
2021-03-06 13:12:00,553 - root - INFO - tail hit:0.9080, tail mean rank:3.9288, topn:10.
2021-03-06 13:12:00,553 - root - INFO - avg hit:0.6825, avg mean rank:100.4481, topn:10.
2021-03-06 13:12:01,500 - root - INFO - head hit:0.4691, head mean rank:190.3673, topn:10.
2021-03-06 13:12:01,500 - root - INFO - tail hit:0.9043, tail mean rank:4.3580, topn:10.
2021-03-06 13:12:01,500 - root - INFO - avg hit:0.6867, avg mean rank:97.3627, topn:10.
2021-03-06 13:12:01,501 - root - INFO - Checkpointing ...
2021-03-06 13:13:10,528 - root - INFO - rec train loss:0.0493, kg train loss:0.0497!
2021-03-06 13:13:11,653 - root - INFO - f1:0.3035, p:0.3626, r:0.3517, hit:0.8653, ndcg:0.7105, topn:10.
2021-03-06 13:13:12,754 - root - INFO - f1:0.3205, p:0.5148, r:0.2958, hit:0.9491, ndcg:0.8061, topn:10.
2021-03-06 13:13:13,299 - root - INFO - head hit:0.4362, head mean rank:190.2641, topn:10.
2021-03-06 13:13:13,300 - root - INFO - tail hit:0.9110, tail mean rank:4.0059, topn:10.
2021-03-06 13:13:13,300 - root - INFO - avg hit:0.6736, avg mean rank:97.1350, topn:10.
2021-03-06 13:13:14,246 - root - INFO - head hit:0.4815, head mean rank:182.7407, topn:10.
2021-03-06 13:13:14,246 - root - INFO - tail hit:0.9043, tail mean rank:4.3843, topn:10.
2021-03-06 13:13:14,246 - root - INFO - avg hit:0.6929, avg mean rank:93.5625, topn:10.
2021-03-06 13:13:14,247 - root - INFO - Checkpointing ...
2021-03-06 13:14:23,170 - root - INFO - rec train loss:0.0490, kg train loss:0.0476!
2021-03-06 13:14:24,229 - root - INFO - f1:0.3066, p:0.3652, r:0.3565, hit:0.8685, ndcg:0.7117, topn:10.
2021-03-06 13:14:25,378 - root - INFO - f1:0.3222, p:0.5169, r:0.2981, hit:0.9459, ndcg:0.8060, topn:10.
2021-03-06 13:14:26,002 - root - INFO - head hit:0.4481, head mean rank:189.3591, topn:10.
2021-03-06 13:14:26,002 - root - INFO - tail hit:0.9199, tail mean rank:3.9080, topn:10.
2021-03-06 13:14:26,003 - root - INFO - avg hit:0.6840, avg mean rank:96.6335, topn:10.
2021-03-06 13:14:26,893 - root - INFO - head hit:0.4691, head mean rank:180.2901, topn:10.
2021-03-06 13:14:26,893 - root - INFO - tail hit:0.9105, tail mean rank:4.2083, topn:10.
2021-03-06 13:14:26,893 - root - INFO - avg hit:0.6898, avg mean rank:92.2492, topn:10.
2021-03-06 13:14:26,894 - root - INFO - Checkpointing ...
2021-03-06 13:15:34,828 - root - INFO - rec train loss:0.0489, kg train loss:0.0481!
2021-03-06 13:15:35,938 - root - INFO - f1:0.3081, p:0.3668, r:0.3584, hit:0.8717, ndcg:0.7128, topn:10.
2021-03-06 13:15:37,060 - root - INFO - f1:0.3238, p:0.5191, r:0.2995, hit:0.9449, ndcg:0.8060, topn:10.
2021-03-06 13:15:37,712 - root - INFO - head hit:0.4392, head mean rank:194.7893, topn:10.
2021-03-06 13:15:37,713 - root - INFO - tail hit:0.9021, tail mean rank:3.9733, topn:10.
2021-03-06 13:15:37,713 - root - INFO - avg hit:0.6706, avg mean rank:99.3813, topn:10.
2021-03-06 13:15:38,650 - root - INFO - head hit:0.4660, head mean rank:182.2840, topn:10.
2021-03-06 13:15:38,650 - root - INFO - tail hit:0.9059, tail mean rank:4.2469, topn:10.
2021-03-06 13:15:38,650 - root - INFO - avg hit:0.6860, avg mean rank:93.2654, topn:10.
2021-03-06 13:15:38,651 - root - INFO - Checkpointing ...
2021-03-06 13:16:49,464 - root - INFO - rec train loss:0.0488, kg train loss:0.0471!
2021-03-06 13:16:50,565 - root - INFO - f1:0.3075, p:0.3669, r:0.3560, hit:0.8632, ndcg:0.7145, topn:10.
2021-03-06 13:16:51,689 - root - INFO - f1:0.3239, p:0.5199, r:0.2987, hit:0.9502, ndcg:0.8076, topn:10.
2021-03-06 13:16:52,352 - root - INFO - head hit:0.4451, head mean rank:196.3620, topn:10.
2021-03-06 13:16:52,352 - root - INFO - tail hit:0.9080, tail mean rank:3.8783, topn:10.
2021-03-06 13:16:52,352 - root - INFO - avg hit:0.6766, avg mean rank:100.1202, topn:10.
2021-03-06 13:16:53,175 - root - INFO - head hit:0.4568, head mean rank:188.5386, topn:10.
2021-03-06 13:16:53,176 - root - INFO - tail hit:0.9120, tail mean rank:3.9444, topn:10.
2021-03-06 13:16:53,176 - root - INFO - avg hit:0.6844, avg mean rank:96.2415, topn:10.
2021-03-06 13:16:53,177 - root - INFO - No improvement after one epoch. Lowering learning rate.
2021-03-06 13:18:01,612 - root - INFO - rec train loss:0.0265, kg train loss:0.0242!
2021-03-06 13:18:02,709 - root - INFO - f1:0.3084, p:0.3676, r:0.3573, hit:0.8674, ndcg:0.7154, topn:10.
2021-03-06 13:18:03,853 - root - INFO - f1:0.3251, p:0.5214, r:0.3001, hit:0.9502, ndcg:0.8091, topn:10.
2021-03-06 13:18:04,492 - root - INFO - head hit:0.4570, head mean rank:196.0534, topn:10.
2021-03-06 13:18:04,492 - root - INFO - tail hit:0.9169, tail mean rank:3.8398, topn:10.
2021-03-06 13:18:04,492 - root - INFO - avg hit:0.6869, avg mean rank:99.9466, topn:10.
2021-03-06 13:18:05,354 - root - INFO - head hit:0.4660, head mean rank:186.0216, topn:10.
2021-03-06 13:18:05,355 - root - INFO - tail hit:0.9151, tail mean rank:3.9198, topn:10.
2021-03-06 13:18:05,355 - root - INFO - avg hit:0.6906, avg mean rank:94.9707, topn:10.
2021-03-06 13:18:05,356 - root - INFO - Checkpointing ...
2021-03-06 13:19:16,160 - root - INFO - rec train loss:0.0263, kg train loss:0.0239!
2021-03-06 13:19:17,314 - root - INFO - f1:0.3091, p:0.3683, r:0.3582, hit:0.8685, ndcg:0.7164, topn:10.
2021-03-06 13:19:18,423 - root - INFO - f1:0.3254, p:0.5217, r:0.3002, hit:0.9491, ndcg:0.8087, topn:10.
2021-03-06 13:19:19,068 - root - INFO - head hit:0.4599, head mean rank:194.2967, topn:10.
2021-03-06 13:19:19,068 - root - INFO - tail hit:0.9199, tail mean rank:3.6973, topn:10.
2021-03-06 13:19:19,068 - root - INFO - avg hit:0.6899, avg mean rank:98.9970, topn:10.
2021-03-06 13:19:19,944 - root - INFO - head hit:0.4722, head mean rank:183.8951, topn:10.
2021-03-06 13:19:19,944 - root - INFO - tail hit:0.9136, tail mean rank:3.7407, topn:10.
2021-03-06 13:19:19,944 - root - INFO - avg hit:0.6929, avg mean rank:93.8179, topn:10.
2021-03-06 13:19:19,945 - root - INFO - Checkpointing ...
2021-03-06 13:20:29,157 - root - INFO - rec train loss:0.0262, kg train loss:0.0239!
2021-03-06 13:20:30,275 - root - INFO - f1:0.3107, p:0.3696, r:0.3615, hit:0.8727, ndcg:0.7165, topn:10.
2021-03-06 13:20:31,426 - root - INFO - f1:0.3255, p:0.5221, r:0.3006, hit:0.9480, ndcg:0.8107, topn:10.
2021-03-06 13:20:32,076 - root - INFO - head hit:0.4599, head mean rank:193.8724, topn:10.
2021-03-06 13:20:32,077 - root - INFO - tail hit:0.9139, tail mean rank:3.8813, topn:10.
2021-03-06 13:20:32,077 - root - INFO - avg hit:0.6869, avg mean rank:98.8769, topn:10.
2021-03-06 13:20:32,999 - root - INFO - head hit:0.4630, head mean rank:185.4352, topn:10.
2021-03-06 13:20:32,999 - root - INFO - tail hit:0.9105, tail mean rank:3.9120, topn:10.
2021-03-06 13:20:32,999 - root - INFO - avg hit:0.6867, avg mean rank:94.6736, topn:10.
2021-03-06 13:20:33,000 - root - INFO - Checkpointing ...
2021-03-06 13:21:40,560 - root - INFO - rec train loss:0.0260, kg train loss:0.0239!
2021-03-06 13:21:41,619 - root - INFO - f1:0.3115, p:0.3706, r:0.3622, hit:0.8706, ndcg:0.7164, topn:10.
2021-03-06 13:21:42,966 - root - INFO - f1:0.3269, p:0.5238, r:0.3019, hit:0.9491, ndcg:0.8106, topn:10.
2021-03-06 13:21:43,572 - root - INFO - head hit:0.4659, head mean rank:191.2641, topn:10.
2021-03-06 13:21:43,572 - root - INFO - tail hit:0.9228, tail mean rank:3.6409, topn:10.
2021-03-06 13:21:43,572 - root - INFO - avg hit:0.6944, avg mean rank:97.4525, topn:10.
2021-03-06 13:21:44,495 - root - INFO - head hit:0.4676, head mean rank:182.9846, topn:10.
2021-03-06 13:21:44,495 - root - INFO - tail hit:0.9136, tail mean rank:3.6543, topn:10.
2021-03-06 13:21:44,496 - root - INFO - avg hit:0.6906, avg mean rank:93.3194, topn:10.
2021-03-06 13:21:44,497 - root - INFO - Checkpointing ...
2021-03-06 13:22:53,860 - root - INFO - rec train loss:0.0261, kg train loss:0.0238!
2021-03-06 13:22:54,977 - root - INFO - f1:0.3124, p:0.3716, r:0.3622, hit:0.8727, ndcg:0.7181, topn:10.
2021-03-06 13:22:56,085 - root - INFO - f1:0.3272, p:0.5238, r:0.3024, hit:0.9502, ndcg:0.8117, topn:10.
2021-03-06 13:22:56,793 - root - INFO - head hit:0.4718, head mean rank:190.7774, topn:10.
2021-03-06 13:22:56,793 - root - INFO - tail hit:0.9199, tail mean rank:3.6944, topn:10.
2021-03-06 13:22:56,793 - root - INFO - avg hit:0.6958, avg mean rank:97.2359, topn:10.
2021-03-06 13:22:57,726 - root - INFO - head hit:0.4722, head mean rank:181.9738, topn:10.
2021-03-06 13:22:57,726 - root - INFO - tail hit:0.9151, tail mean rank:3.7207, topn:10.
2021-03-06 13:22:57,726 - root - INFO - avg hit:0.6937, avg mean rank:92.8472, topn:10.
2021-03-06 13:22:57,727 - root - INFO - Checkpointing ...
2021-03-06 13:24:07,497 - root - INFO - rec train loss:0.0259, kg train loss:0.0238!
2021-03-06 13:24:08,611 - root - INFO - f1:0.3115, p:0.3707, r:0.3618, hit:0.8706, ndcg:0.7198, topn:10.
2021-03-06 13:24:09,765 - root - INFO - f1:0.3260, p:0.5229, r:0.3010, hit:0.9523, ndcg:0.8178, topn:10.
2021-03-06 13:24:10,367 - root - INFO - head hit:0.4688, head mean rank:190.7151, topn:10.
2021-03-06 13:24:10,368 - root - INFO - tail hit:0.9080, tail mean rank:3.7567, topn:10.
2021-03-06 13:24:10,368 - root - INFO - avg hit:0.6884, avg mean rank:97.2359, topn:10.
2021-03-06 13:24:11,275 - root - INFO - head hit:0.4753, head mean rank:182.0833, topn:10.
2021-03-06 13:24:11,276 - root - INFO - tail hit:0.9136, tail mean rank:3.6836, topn:10.
2021-03-06 13:24:11,276 - root - INFO - avg hit:0.6944, avg mean rank:92.8835, topn:10.
2021-03-06 13:24:11,277 - root - INFO - No improvement after one epoch. Lowering learning rate.
2021-03-06 13:25:19,232 - root - INFO - rec train loss:0.0148, kg train loss:0.0124!
2021-03-06 13:25:20,410 - root - INFO - f1:0.3124, p:0.3718, r:0.3621, hit:0.8727, ndcg:0.7193, topn:10.
2021-03-06 13:25:21,432 - root - INFO - f1:0.3272, p:0.5241, r:0.3027, hit:0.9523, ndcg:0.8159, topn:10.
2021-03-06 13:25:22,001 - root - INFO - head hit:0.4718, head mean rank:190.6499, topn:10.
2021-03-06 13:25:22,002 - root - INFO - tail hit:0.9021, tail mean rank:3.8071, topn:10.
2021-03-06 13:25:22,002 - root - INFO - avg hit:0.6869, avg mean rank:97.2285, topn:10.
2021-03-06 13:25:22,869 - root - INFO - head hit:0.4707, head mean rank:183.7423, topn:10.
2021-03-06 13:25:22,869 - root - INFO - tail hit:0.9136, tail mean rank:3.6852, topn:10.
2021-03-06 13:25:22,869 - root - INFO - avg hit:0.6921, avg mean rank:93.7137, topn:10.
2021-03-06 13:25:22,870 - root - INFO - Checkpointing ...
2021-03-06 13:26:32,225 - root - INFO - rec train loss:0.0148, kg train loss:0.0124!
2021-03-06 13:26:33,383 - root - INFO - f1:0.3121, p:0.3717, r:0.3611, hit:0.8706, ndcg:0.7189, topn:10.
2021-03-06 13:26:34,506 - root - INFO - f1:0.3279, p:0.5250, r:0.3031, hit:0.9512, ndcg:0.8153, topn:10.
2021-03-06 13:26:35,176 - root - INFO - head hit:0.4718, head mean rank:191.9139, topn:10.
2021-03-06 13:26:35,177 - root - INFO - tail hit:0.9021, tail mean rank:3.7033, topn:10.
2021-03-06 13:26:35,177 - root - INFO - avg hit:0.6869, avg mean rank:97.8086, topn:10.
2021-03-06 13:26:36,093 - root - INFO - head hit:0.4738, head mean rank:183.8086, topn:10.
2021-03-06 13:26:36,094 - root - INFO - tail hit:0.9136, tail mean rank:3.5972, topn:10.
2021-03-06 13:26:36,094 - root - INFO - avg hit:0.6937, avg mean rank:93.7029, topn:10.
2021-03-06 13:26:36,095 - root - INFO - No improvement after one epoch. Lowering learning rate.
2021-03-06 13:27:44,741 - root - INFO - rec train loss:0.0092, kg train loss:0.0066!
2021-03-06 13:27:45,885 - root - INFO - f1:0.3122, p:0.3718, r:0.3620, hit:0.8717, ndcg:0.7195, topn:10.
2021-03-06 13:27:47,036 - root - INFO - f1:0.3282, p:0.5252, r:0.3036, hit:0.9533, ndcg:0.8168, topn:10.
2021-03-06 13:27:47,700 - root - INFO - head hit:0.4718, head mean rank:192.0772, topn:10.
2021-03-06 13:27:47,700 - root - INFO - tail hit:0.9021, tail mean rank:3.7062, topn:10.
2021-03-06 13:27:47,700 - root - INFO - avg hit:0.6869, avg mean rank:97.8917, topn:10.
2021-03-06 13:27:48,634 - root - INFO - head hit:0.4753, head mean rank:183.8997, topn:10.
2021-03-06 13:27:48,635 - root - INFO - tail hit:0.9136, tail mean rank:3.5895, topn:10.
2021-03-06 13:27:48,635 - root - INFO - avg hit:0.6944, avg mean rank:93.7446, topn:10.
2021-03-06 13:27:48,636 - root - INFO - No improvement after one epoch. Lowering learning rate.
2021-03-06 13:28:59,330 - root - INFO - rec train loss:0.0064, kg train loss:0.0038!
2021-03-06 13:29:00,490 - root - INFO - f1:0.3121, p:0.3717, r:0.3617, hit:0.8717, ndcg:0.7202, topn:10.
2021-03-06 13:29:01,608 - root - INFO - f1:0.3283, p:0.5255, r:0.3037, hit:0.9533, ndcg:0.8167, topn:10.
2021-03-06 13:29:02,234 - root - INFO - head hit:0.4718, head mean rank:192.0297, topn:10.
2021-03-06 13:29:02,234 - root - INFO - tail hit:0.9021, tail mean rank:3.7151, topn:10.
2021-03-06 13:29:02,234 - root - INFO - avg hit:0.6869, avg mean rank:97.8724, topn:10.
2021-03-06 13:29:03,152 - root - INFO - head hit:0.4769, head mean rank:183.8951, topn:10.
2021-03-06 13:29:03,152 - root - INFO - tail hit:0.9136, tail mean rank:3.5941, topn:10.
2021-03-06 13:29:03,153 - root - INFO - avg hit:0.6952, avg mean rank:93.7446, topn:10.
2021-03-06 13:29:03,153 - root - INFO - No improvement after one epoch. Lowering learning rate.
2021-03-06 13:30:14,854 - root - INFO - rec train loss:0.0050, kg train loss:0.0023!
2021-03-06 13:30:15,932 - root - INFO - f1:0.3123, p:0.3719, r:0.3622, hit:0.8727, ndcg:0.7203, topn:10.
2021-03-06 13:30:16,928 - root - INFO - f1:0.3282, p:0.5255, r:0.3036, hit:0.9533, ndcg:0.8169, topn:10.
2021-03-06 13:30:17,553 - root - INFO - head hit:0.4718, head mean rank:192.0653, topn:10.
2021-03-06 13:30:17,554 - root - INFO - tail hit:0.9021, tail mean rank:3.7092, topn:10.
2021-03-06 13:30:17,554 - root - INFO - avg hit:0.6869, avg mean rank:97.8872, topn:10.
2021-03-06 13:30:18,475 - root - INFO - head hit:0.4769, head mean rank:183.9660, topn:10.
2021-03-06 13:30:18,475 - root - INFO - tail hit:0.9136, tail mean rank:3.5910, topn:10.
2021-03-06 13:30:18,475 - root - INFO - avg hit:0.6952, avg mean rank:93.7785, topn:10.
2021-03-06 13:30:18,476 - root - INFO - No improvement after one epoch. Lowering learning rate.
2021-03-06 13:31:27,236 - root - INFO - rec train loss:0.0042, kg train loss:0.0016!
2021-03-06 13:31:28,387 - root - INFO - f1:0.3123, p:0.3719, r:0.3622, hit:0.8727, ndcg:0.7203, topn:10.
2021-03-06 13:31:29,449 - root - INFO - f1:0.3281, p:0.5253, r:0.3035, hit:0.9533, ndcg:0.8169, topn:10.
2021-03-06 13:31:30,115 - root - INFO - head hit:0.4718, head mean rank:192.0504, topn:10.
2021-03-06 13:31:30,115 - root - INFO - tail hit:0.9021, tail mean rank:3.7122, topn:10.
2021-03-06 13:31:30,115 - root - INFO - avg hit:0.6869, avg mean rank:97.8813, topn:10.
2021-03-06 13:31:31,034 - root - INFO - head hit:0.4769, head mean rank:183.9090, topn:10.
2021-03-06 13:31:31,034 - root - INFO - tail hit:0.9136, tail mean rank:3.5910, topn:10.
2021-03-06 13:31:31,034 - root - INFO - avg hit:0.6952, avg mean rank:93.7500, topn:10.
2021-03-06 13:31:31,035 - root - INFO - No improvement after one epoch. Lowering learning rate.
2021-03-06 13:31:31,061 - root - INFO - No improvement after 51960 steps. Stopping training.
2021-03-06 13:31:32,567 - root - INFO - From CaseRecommender evaluator: {'PREC@10': 0.371898, 'RECALL@10': 0.362206, 'NDCG@10': 0.720285, 'MAP@10': 0.640706, 'MAP': 0.640706}.
2021-03-06 13:31:32,851 - root - INFO - From kg-summ-rec diversity evaluator: {'GENRE_COVERAGE@10': 0.457494, 'GENRE_REDUNDANCY@10': 0.421233, 'ILD_GENRE@10': 0.793375}.
2021-03-06 13:31:34,513 - root - INFO - From CaseRecommender evaluator: {'PREC@10': 0.525345, 'RECALL@10': 0.303541, 'NDCG@10': 0.816903, 'MAP@10': 0.746255, 'MAP': 0.746255}.
2021-03-06 13:31:34,718 - root - INFO - From kg-summ-rec diversity evaluator: {'GENRE_COVERAGE@10': 0.448834, 'GENRE_REDUNDANCY@10': 0.415956, 'ILD_GENRE@10': 0.790881}.
