2021-03-06 13:31:38,156 - root - INFO - Flag Values:
{
    "L1_flag": true,
    "batch_size": 256,
    "ckpt_path": "/home/juarez/git/results/JIIS-revised-exp1/ml-sun_ho_sfKG_ig-mv-complex-75/",
    "clipping_max_value": 5.0,
    "data_path": "/home/juarez/git/datasets/JIIS-revised-exp1/ml-sun_ho_sfKG_ig-mv-complex-75/cao-format/",
    "dataset": "ml1m",
    "early_stopping_steps_to_wait": 51960,
    "embedding_size": 100,
    "eval_interval_steps": 10392,
    "eval_only_mode": false,
    "experiment_name": "ml1m-jtransup-1615048298",
    "filter_wrong_corrupted": true,
    "has_visualization": false,
    "is_report": false,
    "joint_ratio": 0.5,
    "kg_lambda": 1.0,
    "kg_test_files": "valid.dat:test.dat",
    "l2_lambda": 0.0,
    "learning_rate": 0.005,
    "learning_rate_decay_when_no_progress": 0.5,
    "load_ckpt_file": "/home/juarez/git/results/JIIS-revised-exp1/ml-sun_ho_sfKG_ig-mv-complex-75/ml1m-transup-pretrained.ckpt:/home/juarez/git/results/JIIS-revised-exp1/ml-sun_ho_sfKG_ig-mv-complex-75/ml1m-transh-pretrained.ckpt",
    "load_experiment_name": null,
    "log_level": "debug",
    "log_path": "/home/juarez/git/results/JIIS-revised-exp1/ml-sun_ho_sfKG_ig-mv-complex-75/",
    "margin": 1.0,
    "max_queue": 10,
    "model_type": "jtransup",
    "momentum": 0.9,
    "negtive_samples": 1,
    "norm_lambda": 1.0,
    "num_preferences": 4,
    "num_processes": 4,
    "optimizer_type": "Adam",
    "rec_test_files": "valid.dat:test.dat",
    "seed": 0,
    "share_embeddings": false,
    "topn": 10,
    "training_steps": 1039200,
    "use_st_gumbel": false,
    "visualization_port": 8097
}
2021-03-06 13:31:38,391 - root - INFO - Totally 69982 train ratings, 9998,19995 eval ratings in files: /home/juarez/git/datasets/JIIS-revised-exp1/ml-sun_ho_sfKG_ig-mv-complex-75/cao-format/ml1m/valid.dat;/home/juarez/git/datasets/JIIS-revised-exp1/ml-sun_ho_sfKG_ig-mv-complex-75/cao-format/ml1m/test.dat!
2021-03-06 13:31:38,394 - root - INFO - successfully load 943 users and 1675 items!
2021-03-06 13:31:38,485 - root - INFO - Totally 2892 train triples, 337,648 eval triples in files: /home/juarez/git/datasets/JIIS-revised-exp1/ml-sun_ho_sfKG_ig-mv-complex-75/cao-format/ml1m/kg/valid.dat;/home/juarez/git/datasets/JIIS-revised-exp1/ml-sun_ho_sfKG_ig-mv-complex-75/cao-format/ml1m/kg/test.dat!
2021-03-06 13:31:38,487 - root - INFO - successfully load 1555 entities and 3 relations!
2021-03-06 13:31:38,495 - root - INFO - Find 1514 aligned items and entities!
2021-03-06 13:31:38,496 - root - INFO - Building model.
2021-03-06 13:31:40,100 - root - INFO - Architecture: jTransUPModel(
  (user_embeddings): Embedding(943, 100)
  (item_embeddings): Embedding(1675, 100)
  (pref_embeddings): Embedding(3, 100)
  (pref_norm_embeddings): Embedding(3, 100)
  (ent_embeddings): Embedding(1556, 100, padding_idx=1555)
  (rel_embeddings): Embedding(3, 100)
  (norm_embeddings): Embedding(3, 100)
)
2021-03-06 13:31:40,101 - root - INFO - Total params: 418600.0
2021-03-06 13:31:40,101 - root - INFO - One epoch is 547 steps.
2021-03-06 13:31:40,102 - root - INFO - Found checkpoint, restoring pre-trained embeddings.
2021-03-06 13:31:40,106 - root - INFO - Load Embeddings of user_embeddings.weight, item_embeddings.weight, pref_embeddings.weight, pref_norm_embeddings.weight from /home/juarez/git/results/JIIS-revised-exp1/ml-sun_ho_sfKG_ig-mv-complex-75/ml1m-transup-pretrained.ckpt.
2021-03-06 13:31:40,106 - root - INFO - Found checkpoint, restoring pre-trained embeddings.
2021-03-06 13:31:40,109 - root - INFO - Restored 1555 entities from checkpoint.
2021-03-06 13:31:40,109 - root - INFO - Load Embeddings of ent_embeddings.weight, rel_embeddings.weight, norm_embeddings.weight from /home/juarez/git/results/JIIS-revised-exp1/ml-sun_ho_sfKG_ig-mv-complex-75/ml1m-transh-pretrained.ckpt.
2021-03-06 13:31:40,109 - root - INFO - Training.
2021-03-06 13:31:40,109 - root - INFO - rec train loss:0.0000, kg train loss:0.0000!
2021-03-06 13:31:41,530 - root - INFO - f1:0.0728, p:0.0880, r:0.0869, hit:0.4963, ndcg:0.3228, topn:10.
2021-03-06 13:31:42,837 - root - INFO - f1:0.0802, p:0.1429, r:0.0730, hit:0.6416, ndcg:0.4355, topn:10.
2021-03-06 13:31:43,484 - root - INFO - head hit:0.2997, head mean rank:330.9347, topn:10.
2021-03-06 13:31:43,484 - root - INFO - tail hit:0.7359, tail mean rank:12.9911, topn:10.
2021-03-06 13:31:43,484 - root - INFO - avg hit:0.5178, avg mean rank:171.9629, topn:10.
2021-03-06 13:31:44,421 - root - INFO - head hit:0.2963, head mean rank:320.5231, topn:10.
2021-03-06 13:31:44,421 - root - INFO - tail hit:0.7546, tail mean rank:11.3488, topn:10.
2021-03-06 13:31:44,422 - root - INFO - avg hit:0.5255, avg mean rank:165.9360, topn:10.
2021-03-06 13:33:38,028 - root - INFO - rec train loss:1.9890, kg train loss:9.2040!
2021-03-06 13:33:39,405 - root - INFO - f1:0.1635, p:0.1929, r:0.2004, hit:0.7391, ndcg:0.4847, topn:10.
2021-03-06 13:33:40,667 - root - INFO - f1:0.1902, p:0.3126, r:0.1802, hit:0.8770, ndcg:0.6104, topn:10.
2021-03-06 13:33:41,358 - root - INFO - head hit:0.0950, head mean rank:362.3947, topn:10.
2021-03-06 13:33:41,358 - root - INFO - tail hit:0.3591, tail mean rank:89.7033, topn:10.
2021-03-06 13:33:41,358 - root - INFO - avg hit:0.2270, avg mean rank:226.0490, topn:10.
2021-03-06 13:33:42,246 - root - INFO - head hit:0.1019, head mean rank:331.7762, topn:10.
2021-03-06 13:33:42,247 - root - INFO - tail hit:0.3256, tail mean rank:87.8133, topn:10.
2021-03-06 13:33:42,247 - root - INFO - avg hit:0.2137, avg mean rank:209.7948, topn:10.
2021-03-06 13:33:42,247 - root - INFO - Checkpointing ...
2021-03-06 13:35:34,139 - root - INFO - rec train loss:1.8877, kg train loss:9.0677!
2021-03-06 13:35:35,548 - root - INFO - f1:0.1790, p:0.2150, r:0.2152, hit:0.7497, ndcg:0.5211, topn:10.
2021-03-06 13:35:36,954 - root - INFO - f1:0.2056, p:0.3397, r:0.1923, hit:0.8918, ndcg:0.6508, topn:10.
2021-03-06 13:35:37,611 - root - INFO - head hit:0.1187, head mean rank:315.3116, topn:10.
2021-03-06 13:35:37,612 - root - INFO - tail hit:0.2641, tail mean rank:99.8012, topn:10.
2021-03-06 13:35:37,612 - root - INFO - avg hit:0.1914, avg mean rank:207.5564, topn:10.
2021-03-06 13:35:38,565 - root - INFO - head hit:0.1312, head mean rank:324.7685, topn:10.
2021-03-06 13:35:38,565 - root - INFO - tail hit:0.2546, tail mean rank:104.5571, topn:10.
2021-03-06 13:35:38,565 - root - INFO - avg hit:0.1929, avg mean rank:214.6628, topn:10.
2021-03-06 13:35:38,566 - root - INFO - Checkpointing ...
2021-03-06 13:37:30,912 - root - INFO - rec train loss:1.9118, kg train loss:9.0917!
2021-03-06 13:37:32,313 - root - INFO - f1:0.1927, p:0.2320, r:0.2259, hit:0.7635, ndcg:0.5387, topn:10.
2021-03-06 13:37:33,678 - root - INFO - f1:0.2205, p:0.3659, r:0.2050, hit:0.8971, ndcg:0.6752, topn:10.
2021-03-06 13:37:34,306 - root - INFO - head hit:0.1246, head mean rank:337.4629, topn:10.
2021-03-06 13:37:34,307 - root - INFO - tail hit:0.2611, tail mean rank:114.0801, topn:10.
2021-03-06 13:37:34,307 - root - INFO - avg hit:0.1929, avg mean rank:225.7715, topn:10.
2021-03-06 13:37:35,184 - root - INFO - head hit:0.1327, head mean rank:321.6852, topn:10.
2021-03-06 13:37:35,185 - root - INFO - tail hit:0.2778, tail mean rank:93.3056, topn:10.
2021-03-06 13:37:35,185 - root - INFO - avg hit:0.2052, avg mean rank:207.4954, topn:10.
2021-03-06 13:37:35,185 - root - INFO - Checkpointing ...
2021-03-06 13:39:27,487 - root - INFO - rec train loss:1.9001, kg train loss:9.0914!
2021-03-06 13:39:28,799 - root - INFO - f1:0.1971, p:0.2392, r:0.2279, hit:0.7476, ndcg:0.5447, topn:10.
2021-03-06 13:39:30,396 - root - INFO - f1:0.2219, p:0.3764, r:0.2014, hit:0.9067, ndcg:0.6956, topn:10.
2021-03-06 13:39:31,001 - root - INFO - head hit:0.1068, head mean rank:335.8101, topn:10.
2021-03-06 13:39:31,001 - root - INFO - tail hit:0.3383, tail mean rank:90.7923, topn:10.
2021-03-06 13:39:31,001 - root - INFO - avg hit:0.2226, avg mean rank:213.3012, topn:10.
2021-03-06 13:39:31,941 - root - INFO - head hit:0.1157, head mean rank:339.7793, topn:10.
2021-03-06 13:39:31,942 - root - INFO - tail hit:0.3364, tail mean rank:83.8441, topn:10.
2021-03-06 13:39:31,942 - root - INFO - avg hit:0.2261, avg mean rank:211.8117, topn:10.
2021-03-06 13:39:31,943 - root - INFO - Checkpointing ...
2021-03-06 13:41:23,828 - root - INFO - rec train loss:1.8940, kg train loss:8.9856!
2021-03-06 13:41:25,158 - root - INFO - f1:0.2119, p:0.2556, r:0.2489, hit:0.7943, ndcg:0.5882, topn:10.
2021-03-06 13:41:26,497 - root - INFO - f1:0.2374, p:0.3936, r:0.2198, hit:0.9120, ndcg:0.7107, topn:10.
2021-03-06 13:41:27,109 - root - INFO - head hit:0.1187, head mean rank:318.2819, topn:10.
2021-03-06 13:41:27,109 - root - INFO - tail hit:0.1899, tail mean rank:126.3917, topn:10.
2021-03-06 13:41:27,109 - root - INFO - avg hit:0.1543, avg mean rank:222.3368, topn:10.
2021-03-06 13:41:28,104 - root - INFO - head hit:0.1281, head mean rank:303.1929, topn:10.
2021-03-06 13:41:28,105 - root - INFO - tail hit:0.2269, tail mean rank:114.7207, topn:10.
2021-03-06 13:41:28,105 - root - INFO - avg hit:0.1775, avg mean rank:208.9568, topn:10.
2021-03-06 13:41:28,106 - root - INFO - Checkpointing ...
2021-03-06 13:43:19,675 - root - INFO - rec train loss:1.8939, kg train loss:9.0496!
2021-03-06 13:43:20,995 - root - INFO - f1:0.2143, p:0.2594, r:0.2505, hit:0.7996, ndcg:0.6054, topn:10.
2021-03-06 13:43:22,356 - root - INFO - f1:0.2396, p:0.3993, r:0.2203, hit:0.9056, ndcg:0.7122, topn:10.
2021-03-06 13:43:22,978 - root - INFO - head hit:0.0772, head mean rank:358.1869, topn:10.
2021-03-06 13:43:22,979 - root - INFO - tail hit:0.2997, tail mean rank:95.3739, topn:10.
2021-03-06 13:43:22,979 - root - INFO - avg hit:0.1884, avg mean rank:226.7804, topn:10.
2021-03-06 13:43:23,960 - root - INFO - head hit:0.1049, head mean rank:310.7546, topn:10.
2021-03-06 13:43:23,960 - root - INFO - tail hit:0.3519, tail mean rank:90.4475, topn:10.
2021-03-06 13:43:23,961 - root - INFO - avg hit:0.2284, avg mean rank:200.6011, topn:10.
2021-03-06 13:43:23,962 - root - INFO - Checkpointing ...
2021-03-06 13:45:17,496 - root - INFO - rec train loss:1.8799, kg train loss:9.1168!
2021-03-06 13:45:18,834 - root - INFO - f1:0.2246, p:0.2709, r:0.2630, hit:0.8059, ndcg:0.6197, topn:10.
2021-03-06 13:45:20,207 - root - INFO - f1:0.2478, p:0.4103, r:0.2287, hit:0.9194, ndcg:0.7298, topn:10.
2021-03-06 13:45:20,877 - root - INFO - head hit:0.1335, head mean rank:322.7656, topn:10.
2021-03-06 13:45:20,877 - root - INFO - tail hit:0.2671, tail mean rank:113.2582, topn:10.
2021-03-06 13:45:20,877 - root - INFO - avg hit:0.2003, avg mean rank:218.0119, topn:10.
2021-03-06 13:45:21,839 - root - INFO - head hit:0.1250, head mean rank:316.9136, topn:10.
2021-03-06 13:45:21,840 - root - INFO - tail hit:0.2454, tail mean rank:102.6651, topn:10.
2021-03-06 13:45:21,840 - root - INFO - avg hit:0.1852, avg mean rank:209.7894, topn:10.
2021-03-06 13:45:21,841 - root - INFO - Checkpointing ...
2021-03-06 13:47:14,237 - root - INFO - rec train loss:1.9046, kg train loss:9.1391!
2021-03-06 13:47:15,580 - root - INFO - f1:0.2303, p:0.2759, r:0.2712, hit:0.8155, ndcg:0.6220, topn:10.
2021-03-06 13:47:16,976 - root - INFO - f1:0.2572, p:0.4245, r:0.2382, hit:0.9321, ndcg:0.7362, topn:10.
2021-03-06 13:47:17,638 - root - INFO - head hit:0.1246, head mean rank:309.0415, topn:10.
2021-03-06 13:47:17,639 - root - INFO - tail hit:0.2196, tail mean rank:101.0623, topn:10.
2021-03-06 13:47:17,639 - root - INFO - avg hit:0.1721, avg mean rank:205.0519, topn:10.
2021-03-06 13:47:18,552 - root - INFO - head hit:0.1250, head mean rank:323.8333, topn:10.
2021-03-06 13:47:18,553 - root - INFO - tail hit:0.2577, tail mean rank:98.7114, topn:10.
2021-03-06 13:47:18,553 - root - INFO - avg hit:0.1914, avg mean rank:211.2724, topn:10.
2021-03-06 13:47:18,553 - root - INFO - Checkpointing ...
2021-03-06 13:49:10,996 - root - INFO - rec train loss:1.8950, kg train loss:9.0110!
2021-03-06 13:49:12,364 - root - INFO - f1:0.2290, p:0.2751, r:0.2659, hit:0.8134, ndcg:0.6275, topn:10.
2021-03-06 13:49:13,745 - root - INFO - f1:0.2517, p:0.4178, r:0.2315, hit:0.9226, ndcg:0.7395, topn:10.
2021-03-06 13:49:14,414 - root - INFO - head hit:0.1039, head mean rank:326.0950, topn:10.
2021-03-06 13:49:14,414 - root - INFO - tail hit:0.3145, tail mean rank:78.3056, topn:10.
2021-03-06 13:49:14,414 - root - INFO - avg hit:0.2092, avg mean rank:202.2003, topn:10.
2021-03-06 13:49:15,361 - root - INFO - head hit:0.1312, head mean rank:354.7330, topn:10.
2021-03-06 13:49:15,361 - root - INFO - tail hit:0.3426, tail mean rank:74.1358, topn:10.
2021-03-06 13:49:15,361 - root - INFO - avg hit:0.2369, avg mean rank:214.4344, topn:10.
2021-03-06 13:49:15,362 - root - INFO - No improvement after one epoch. Lowering learning rate.
2021-03-06 13:51:07,228 - root - INFO - rec train loss:0.3091, kg train loss:1.5509!
2021-03-06 13:51:08,605 - root - INFO - f1:0.2560, p:0.3071, r:0.3011, hit:0.8441, ndcg:0.6702, topn:10.
2021-03-06 13:51:10,007 - root - INFO - f1:0.2794, p:0.4596, r:0.2569, hit:0.9364, ndcg:0.7659, topn:10.
2021-03-06 13:51:10,656 - root - INFO - head hit:0.2018, head mean rank:304.5935, topn:10.
2021-03-06 13:51:10,656 - root - INFO - tail hit:0.3264, tail mean rank:72.5964, topn:10.
2021-03-06 13:51:10,656 - root - INFO - avg hit:0.2641, avg mean rank:188.5950, topn:10.
2021-03-06 13:51:11,556 - root - INFO - head hit:0.1960, head mean rank:291.3565, topn:10.
2021-03-06 13:51:11,557 - root - INFO - tail hit:0.3704, tail mean rank:67.8457, topn:10.
2021-03-06 13:51:11,557 - root - INFO - avg hit:0.2832, avg mean rank:179.6011, topn:10.
2021-03-06 13:51:11,557 - root - INFO - Checkpointing ...
2021-03-06 13:53:03,732 - root - INFO - rec train loss:0.2978, kg train loss:1.5094!
2021-03-06 13:53:05,090 - root - INFO - f1:0.2656, p:0.3195, r:0.3060, hit:0.8409, ndcg:0.6891, topn:10.
2021-03-06 13:53:06,362 - root - INFO - f1:0.2916, p:0.4753, r:0.2693, hit:0.9406, ndcg:0.7839, topn:10.
2021-03-06 13:53:07,044 - root - INFO - head hit:0.1691, head mean rank:288.1573, topn:10.
2021-03-06 13:53:07,045 - root - INFO - tail hit:0.4451, tail mean rank:47.1187, topn:10.
2021-03-06 13:53:07,045 - root - INFO - avg hit:0.3071, avg mean rank:167.6380, topn:10.
2021-03-06 13:53:07,999 - root - INFO - head hit:0.1605, head mean rank:305.3349, topn:10.
2021-03-06 13:53:07,999 - root - INFO - tail hit:0.4552, tail mean rank:56.2747, topn:10.
2021-03-06 13:53:07,999 - root - INFO - avg hit:0.3079, avg mean rank:180.8048, topn:10.
2021-03-06 13:53:08,000 - root - INFO - Checkpointing ...
2021-03-06 13:55:00,737 - root - INFO - rec train loss:0.2911, kg train loss:1.4937!
2021-03-06 13:55:02,147 - root - INFO - f1:0.2721, p:0.3271, r:0.3173, hit:0.8462, ndcg:0.6912, topn:10.
2021-03-06 13:55:03,430 - root - INFO - f1:0.2941, p:0.4809, r:0.2712, hit:0.9396, ndcg:0.7957, topn:10.
2021-03-06 13:55:04,130 - root - INFO - head hit:0.1721, head mean rank:327.8783, topn:10.
2021-03-06 13:55:04,131 - root - INFO - tail hit:0.4748, tail mean rank:41.6439, topn:10.
2021-03-06 13:55:04,131 - root - INFO - avg hit:0.3234, avg mean rank:184.7611, topn:10.
2021-03-06 13:55:05,059 - root - INFO - head hit:0.2068, head mean rank:308.3380, topn:10.
2021-03-06 13:55:05,059 - root - INFO - tail hit:0.5293, tail mean rank:35.2731, topn:10.
2021-03-06 13:55:05,060 - root - INFO - avg hit:0.3681, avg mean rank:171.8056, topn:10.
2021-03-06 13:55:05,060 - root - INFO - Checkpointing ...
2021-03-06 13:56:56,623 - root - INFO - rec train loss:0.2891, kg train loss:1.4931!
2021-03-06 13:56:57,936 - root - INFO - f1:0.2776, p:0.3321, r:0.3257, hit:0.8505, ndcg:0.7018, topn:10.
2021-03-06 13:56:59,346 - root - INFO - f1:0.2979, p:0.4870, r:0.2732, hit:0.9374, ndcg:0.7992, topn:10.
2021-03-06 13:56:59,985 - root - INFO - head hit:0.1484, head mean rank:339.3650, topn:10.
2021-03-06 13:56:59,986 - root - INFO - tail hit:0.4985, tail mean rank:37.8131, topn:10.
2021-03-06 13:56:59,986 - root - INFO - avg hit:0.3234, avg mean rank:188.5890, topn:10.
2021-03-06 13:57:00,912 - root - INFO - head hit:0.1775, head mean rank:314.3981, topn:10.
2021-03-06 13:57:00,913 - root - INFO - tail hit:0.4923, tail mean rank:39.5247, topn:10.
2021-03-06 13:57:00,913 - root - INFO - avg hit:0.3349, avg mean rank:176.9614, topn:10.
2021-03-06 13:57:00,914 - root - INFO - Checkpointing ...
2021-03-06 13:58:53,151 - root - INFO - rec train loss:0.2921, kg train loss:1.4910!
2021-03-06 13:58:54,382 - root - INFO - f1:0.2849, p:0.3394, r:0.3352, hit:0.8568, ndcg:0.7083, topn:10.
2021-03-06 13:58:55,694 - root - INFO - f1:0.3041, p:0.4936, r:0.2805, hit:0.9459, ndcg:0.8055, topn:10.
2021-03-06 13:58:56,301 - root - INFO - head hit:0.1395, head mean rank:317.8694, topn:10.
2021-03-06 13:58:56,301 - root - INFO - tail hit:0.3828, tail mean rank:57.8843, topn:10.
2021-03-06 13:58:56,302 - root - INFO - avg hit:0.2611, avg mean rank:187.8769, topn:10.
2021-03-06 13:58:57,212 - root - INFO - head hit:0.1636, head mean rank:304.2623, topn:10.
2021-03-06 13:58:57,212 - root - INFO - tail hit:0.4475, tail mean rank:49.4321, topn:10.
2021-03-06 13:58:57,213 - root - INFO - avg hit:0.3056, avg mean rank:176.8472, topn:10.
2021-03-06 13:58:57,213 - root - INFO - Checkpointing ...
2021-03-06 14:00:52,369 - root - INFO - rec train loss:0.2760, kg train loss:1.5084!
2021-03-06 14:00:53,688 - root - INFO - f1:0.2856, p:0.3410, r:0.3320, hit:0.8600, ndcg:0.7206, topn:10.
2021-03-06 14:00:55,060 - root - INFO - f1:0.3064, p:0.4973, r:0.2824, hit:0.9449, ndcg:0.8092, topn:10.
2021-03-06 14:00:55,703 - root - INFO - head hit:0.1691, head mean rank:311.3650, topn:10.
2021-03-06 14:00:55,703 - root - INFO - tail hit:0.4125, tail mean rank:49.3027, topn:10.
2021-03-06 14:00:55,703 - root - INFO - avg hit:0.2908, avg mean rank:180.3338, topn:10.
2021-03-06 14:00:56,629 - root - INFO - head hit:0.1806, head mean rank:284.8596, topn:10.
2021-03-06 14:00:56,629 - root - INFO - tail hit:0.4630, tail mean rank:50.1219, topn:10.
2021-03-06 14:00:56,629 - root - INFO - avg hit:0.3218, avg mean rank:167.4907, topn:10.
2021-03-06 14:00:56,630 - root - INFO - Checkpointing ...
2021-03-06 14:02:49,678 - root - INFO - rec train loss:0.2882, kg train loss:1.5014!
2021-03-06 14:02:51,238 - root - INFO - f1:0.2859, p:0.3417, r:0.3338, hit:0.8600, ndcg:0.7244, topn:10.
2021-03-06 14:02:52,570 - root - INFO - f1:0.3060, p:0.4958, r:0.2816, hit:0.9480, ndcg:0.8190, topn:10.
2021-03-06 14:02:53,274 - root - INFO - head hit:0.2196, head mean rank:287.7715, topn:10.
2021-03-06 14:02:53,275 - root - INFO - tail hit:0.4807, tail mean rank:46.5490, topn:10.
2021-03-06 14:02:53,275 - root - INFO - avg hit:0.3501, avg mean rank:167.1602, topn:10.
2021-03-06 14:02:54,242 - root - INFO - head hit:0.2207, head mean rank:282.4167, topn:10.
2021-03-06 14:02:54,242 - root - INFO - tail hit:0.4645, tail mean rank:47.5417, topn:10.
2021-03-06 14:02:54,243 - root - INFO - avg hit:0.3426, avg mean rank:164.9792, topn:10.
2021-03-06 14:02:54,244 - root - INFO - Checkpointing ...
2021-03-06 14:04:44,112 - root - INFO - rec train loss:0.2829, kg train loss:1.4709!
2021-03-06 14:04:45,458 - root - INFO - f1:0.2902, p:0.3458, r:0.3383, hit:0.8664, ndcg:0.7250, topn:10.
2021-03-06 14:04:46,790 - root - INFO - f1:0.3122, p:0.5050, r:0.2874, hit:0.9480, ndcg:0.8172, topn:10.
2021-03-06 14:04:47,466 - root - INFO - head hit:0.1424, head mean rank:276.1157, topn:10.
2021-03-06 14:04:47,467 - root - INFO - tail hit:0.4481, tail mean rank:48.7923, topn:10.
2021-03-06 14:04:47,467 - root - INFO - avg hit:0.2953, avg mean rank:162.4540, topn:10.
2021-03-06 14:04:48,426 - root - INFO - head hit:0.1358, head mean rank:303.7269, topn:10.
2021-03-06 14:04:48,427 - root - INFO - tail hit:0.3951, tail mean rank:55.8981, topn:10.
2021-03-06 14:04:48,427 - root - INFO - avg hit:0.2654, avg mean rank:179.8125, topn:10.
2021-03-06 14:04:48,428 - root - INFO - Checkpointing ...
2021-03-06 14:06:37,218 - root - INFO - rec train loss:0.2812, kg train loss:1.4789!
2021-03-06 14:06:38,566 - root - INFO - f1:0.2859, p:0.3417, r:0.3350, hit:0.8643, ndcg:0.7331, topn:10.
2021-03-06 14:06:39,924 - root - INFO - f1:0.3105, p:0.5028, r:0.2851, hit:0.9417, ndcg:0.8188, topn:10.
2021-03-06 14:06:40,567 - root - INFO - head hit:0.1691, head mean rank:303.9555, topn:10.
2021-03-06 14:06:40,567 - root - INFO - tail hit:0.3887, tail mean rank:62.9258, topn:10.
2021-03-06 14:06:40,568 - root - INFO - avg hit:0.2789, avg mean rank:183.4407, topn:10.
2021-03-06 14:06:41,507 - root - INFO - head hit:0.1728, head mean rank:283.7994, topn:10.
2021-03-06 14:06:41,507 - root - INFO - tail hit:0.4028, tail mean rank:57.6836, topn:10.
2021-03-06 14:06:41,507 - root - INFO - avg hit:0.2878, avg mean rank:170.7415, topn:10.
2021-03-06 14:06:41,508 - root - INFO - No improvement after one epoch. Lowering learning rate.
2021-03-06 14:08:30,244 - root - INFO - rec train loss:0.0342, kg train loss:0.2309!
2021-03-06 14:08:31,487 - root - INFO - f1:0.3051, p:0.3628, r:0.3560, hit:0.8717, ndcg:0.7474, topn:10.
2021-03-06 14:08:32,907 - root - INFO - f1:0.3254, p:0.5224, r:0.2993, hit:0.9449, ndcg:0.8284, topn:10.
2021-03-06 14:08:33,569 - root - INFO - head hit:0.2641, head mean rank:293.7300, topn:10.
2021-03-06 14:08:33,569 - root - INFO - tail hit:0.5668, tail mean rank:33.7507, topn:10.
2021-03-06 14:08:33,569 - root - INFO - avg hit:0.4154, avg mean rank:163.7404, topn:10.
2021-03-06 14:08:34,500 - root - INFO - head hit:0.2454, head mean rank:278.8889, topn:10.
2021-03-06 14:08:34,500 - root - INFO - tail hit:0.5494, tail mean rank:29.5293, topn:10.
2021-03-06 14:08:34,500 - root - INFO - avg hit:0.3974, avg mean rank:154.2091, topn:10.
2021-03-06 14:08:34,501 - root - INFO - Checkpointing ...
2021-03-06 14:10:23,275 - root - INFO - rec train loss:0.0266, kg train loss:0.1773!
2021-03-06 14:10:24,562 - root - INFO - f1:0.3064, p:0.3649, r:0.3568, hit:0.8664, ndcg:0.7555, topn:10.
2021-03-06 14:10:25,883 - root - INFO - f1:0.3268, p:0.5257, r:0.2992, hit:0.9470, ndcg:0.8320, topn:10.
2021-03-06 14:10:26,564 - root - INFO - head hit:0.2582, head mean rank:285.6380, topn:10.
2021-03-06 14:10:26,564 - root - INFO - tail hit:0.4985, tail mean rank:44.1365, topn:10.
2021-03-06 14:10:26,564 - root - INFO - avg hit:0.3783, avg mean rank:164.8872, topn:10.
2021-03-06 14:10:27,517 - root - INFO - head hit:0.2469, head mean rank:263.4907, topn:10.
2021-03-06 14:10:27,517 - root - INFO - tail hit:0.5525, tail mean rank:43.1759, topn:10.
2021-03-06 14:10:27,517 - root - INFO - avg hit:0.3997, avg mean rank:153.3333, topn:10.
2021-03-06 14:10:27,518 - root - INFO - Checkpointing ...
2021-03-06 14:12:15,973 - root - INFO - rec train loss:0.0266, kg train loss:0.1642!
2021-03-06 14:12:17,291 - root - INFO - f1:0.3134, p:0.3722, r:0.3649, hit:0.8717, ndcg:0.7563, topn:10.
2021-03-06 14:12:18,637 - root - INFO - f1:0.3332, p:0.5337, r:0.3053, hit:0.9470, ndcg:0.8397, topn:10.
2021-03-06 14:12:19,214 - root - INFO - head hit:0.2760, head mean rank:278.9050, topn:10.
2021-03-06 14:12:19,214 - root - INFO - tail hit:0.6291, tail mean rank:28.8902, topn:10.
2021-03-06 14:12:19,214 - root - INFO - avg hit:0.4525, avg mean rank:153.8976, topn:10.
2021-03-06 14:12:20,059 - root - INFO - head hit:0.2531, head mean rank:273.8519, topn:10.
2021-03-06 14:12:20,060 - root - INFO - tail hit:0.6512, tail mean rank:24.1836, topn:10.
2021-03-06 14:12:20,060 - root - INFO - avg hit:0.4522, avg mean rank:149.0177, topn:10.
2021-03-06 14:12:20,061 - root - INFO - Checkpointing ...
2021-03-06 14:14:08,765 - root - INFO - rec train loss:0.0279, kg train loss:0.1894!
2021-03-06 14:14:10,174 - root - INFO - f1:0.3143, p:0.3736, r:0.3642, hit:0.8727, ndcg:0.7627, topn:10.
2021-03-06 14:14:11,510 - root - INFO - f1:0.3356, p:0.5364, r:0.3091, hit:0.9523, ndcg:0.8472, topn:10.
2021-03-06 14:14:12,149 - root - INFO - head hit:0.2374, head mean rank:296.2908, topn:10.
2021-03-06 14:14:12,149 - root - INFO - tail hit:0.5460, tail mean rank:39.0831, topn:10.
2021-03-06 14:14:12,149 - root - INFO - avg hit:0.3917, avg mean rank:167.6869, topn:10.
2021-03-06 14:14:13,041 - root - INFO - head hit:0.2377, head mean rank:280.6096, topn:10.
2021-03-06 14:14:13,042 - root - INFO - tail hit:0.5586, tail mean rank:37.8272, topn:10.
2021-03-06 14:14:13,042 - root - INFO - avg hit:0.3981, avg mean rank:159.2184, topn:10.
2021-03-06 14:14:13,043 - root - INFO - Checkpointing ...
2021-03-06 14:16:02,109 - root - INFO - rec train loss:0.0286, kg train loss:0.1832!
2021-03-06 14:16:03,384 - root - INFO - f1:0.3173, p:0.3769, r:0.3684, hit:0.8802, ndcg:0.7740, topn:10.
2021-03-06 14:16:04,728 - root - INFO - f1:0.3404, p:0.5424, r:0.3132, hit:0.9491, ndcg:0.8454, topn:10.
2021-03-06 14:16:05,360 - root - INFO - head hit:0.2493, head mean rank:288.7864, topn:10.
2021-03-06 14:16:05,364 - root - INFO - tail hit:0.6083, tail mean rank:31.0178, topn:10.
2021-03-06 14:16:05,364 - root - INFO - avg hit:0.4288, avg mean rank:159.9021, topn:10.
2021-03-06 14:16:06,269 - root - INFO - head hit:0.2747, head mean rank:277.8333, topn:10.
2021-03-06 14:16:06,269 - root - INFO - tail hit:0.6188, tail mean rank:28.7099, topn:10.
2021-03-06 14:16:06,269 - root - INFO - avg hit:0.4468, avg mean rank:153.2716, topn:10.
2021-03-06 14:16:06,270 - root - INFO - Checkpointing ...
2021-03-06 14:17:54,579 - root - INFO - rec train loss:0.0257, kg train loss:0.1797!
2021-03-06 14:17:55,930 - root - INFO - f1:0.3219, p:0.3814, r:0.3743, hit:0.8780, ndcg:0.7731, topn:10.
2021-03-06 14:17:57,304 - root - INFO - f1:0.3401, p:0.5420, r:0.3139, hit:0.9523, ndcg:0.8493, topn:10.
2021-03-06 14:17:57,951 - root - INFO - head hit:0.2700, head mean rank:296.6973, topn:10.
2021-03-06 14:17:57,951 - root - INFO - tail hit:0.6528, tail mean rank:27.8071, topn:10.
2021-03-06 14:17:57,951 - root - INFO - avg hit:0.4614, avg mean rank:162.2522, topn:10.
2021-03-06 14:17:58,936 - root - INFO - head hit:0.2469, head mean rank:275.3488, topn:10.
2021-03-06 14:17:58,936 - root - INFO - tail hit:0.6389, tail mean rank:27.4784, topn:10.
2021-03-06 14:17:58,936 - root - INFO - avg hit:0.4429, avg mean rank:151.4136, topn:10.
2021-03-06 14:17:58,937 - root - INFO - Checkpointing ...
2021-03-06 14:19:47,658 - root - INFO - rec train loss:0.0244, kg train loss:0.1744!
2021-03-06 14:19:49,018 - root - INFO - f1:0.3205, p:0.3804, r:0.3740, hit:0.8802, ndcg:0.7804, topn:10.
2021-03-06 14:19:50,370 - root - INFO - f1:0.3419, p:0.5441, r:0.3155, hit:0.9502, ndcg:0.8512, topn:10.
2021-03-06 14:19:51,006 - root - INFO - head hit:0.2463, head mean rank:276.2344, topn:10.
2021-03-06 14:19:51,006 - root - INFO - tail hit:0.5608, tail mean rank:32.2433, topn:10.
2021-03-06 14:19:51,006 - root - INFO - avg hit:0.4036, avg mean rank:154.2389, topn:10.
2021-03-06 14:19:51,973 - root - INFO - head hit:0.2577, head mean rank:278.3410, topn:10.
2021-03-06 14:19:51,973 - root - INFO - tail hit:0.5818, tail mean rank:30.5494, topn:10.
2021-03-06 14:19:51,973 - root - INFO - avg hit:0.4198, avg mean rank:154.4452, topn:10.
2021-03-06 14:19:51,974 - root - INFO - No improvement after one epoch. Lowering learning rate.
2021-03-06 14:21:40,804 - root - INFO - rec train loss:0.0052, kg train loss:0.0472!
2021-03-06 14:21:42,126 - root - INFO - f1:0.3308, p:0.3909, r:0.3856, hit:0.8844, ndcg:0.7826, topn:10.
2021-03-06 14:21:43,462 - root - INFO - f1:0.3445, p:0.5481, r:0.3175, hit:0.9459, ndcg:0.8568, topn:10.
2021-03-06 14:21:44,131 - root - INFO - head hit:0.2938, head mean rank:271.5994, topn:10.
2021-03-06 14:21:44,131 - root - INFO - tail hit:0.7181, tail mean rank:24.9941, topn:10.
2021-03-06 14:21:44,131 - root - INFO - avg hit:0.5059, avg mean rank:148.2967, topn:10.
2021-03-06 14:21:45,054 - root - INFO - head hit:0.2824, head mean rank:262.5833, topn:10.
2021-03-06 14:21:45,054 - root - INFO - tail hit:0.7238, tail mean rank:18.0910, topn:10.
2021-03-06 14:21:45,054 - root - INFO - avg hit:0.5031, avg mean rank:140.3372, topn:10.
2021-03-06 14:21:45,055 - root - INFO - Checkpointing ...
2021-03-06 14:23:33,884 - root - INFO - rec train loss:0.0041, kg train loss:0.0378!
2021-03-06 14:23:35,265 - root - INFO - f1:0.3312, p:0.3922, r:0.3836, hit:0.8802, ndcg:0.7859, topn:10.
2021-03-06 14:23:36,816 - root - INFO - f1:0.3474, p:0.5514, r:0.3200, hit:0.9480, ndcg:0.8575, topn:10.
2021-03-06 14:23:37,438 - root - INFO - head hit:0.3116, head mean rank:258.9911, topn:10.
2021-03-06 14:23:37,438 - root - INFO - tail hit:0.6825, tail mean rank:24.3353, topn:10.
2021-03-06 14:23:37,439 - root - INFO - avg hit:0.4970, avg mean rank:141.6632, topn:10.
2021-03-06 14:23:38,405 - root - INFO - head hit:0.2963, head mean rank:257.6806, topn:10.
2021-03-06 14:23:38,406 - root - INFO - tail hit:0.7269, tail mean rank:17.8302, topn:10.
2021-03-06 14:23:38,406 - root - INFO - avg hit:0.5116, avg mean rank:137.7554, topn:10.
2021-03-06 14:23:38,407 - root - INFO - Checkpointing ...
2021-03-06 14:25:27,934 - root - INFO - rec train loss:0.0042, kg train loss:0.0360!
2021-03-06 14:25:29,234 - root - INFO - f1:0.3327, p:0.3941, r:0.3859, hit:0.8844, ndcg:0.7944, topn:10.
2021-03-06 14:25:30,562 - root - INFO - f1:0.3497, p:0.5549, r:0.3221, hit:0.9480, ndcg:0.8575, topn:10.
2021-03-06 14:25:31,237 - root - INFO - head hit:0.3116, head mean rank:241.8932, topn:10.
2021-03-06 14:25:31,238 - root - INFO - tail hit:0.7537, tail mean rank:18.8160, topn:10.
2021-03-06 14:25:31,238 - root - INFO - avg hit:0.5326, avg mean rank:130.3546, topn:10.
2021-03-06 14:25:32,173 - root - INFO - head hit:0.3056, head mean rank:246.5278, topn:10.
2021-03-06 14:25:32,173 - root - INFO - tail hit:0.7809, tail mean rank:11.5941, topn:10.
2021-03-06 14:25:32,174 - root - INFO - avg hit:0.5432, avg mean rank:129.0610, topn:10.
2021-03-06 14:25:32,175 - root - INFO - Checkpointing ...
2021-03-06 14:27:22,894 - root - INFO - rec train loss:0.0047, kg train loss:0.0419!
2021-03-06 14:27:24,208 - root - INFO - f1:0.3344, p:0.3958, r:0.3873, hit:0.8823, ndcg:0.7945, topn:10.
2021-03-06 14:27:25,559 - root - INFO - f1:0.3543, p:0.5598, r:0.3277, hit:0.9597, ndcg:0.8656, topn:10.
2021-03-06 14:27:26,225 - root - INFO - head hit:0.2967, head mean rank:261.6795, topn:10.
2021-03-06 14:27:26,225 - root - INFO - tail hit:0.8071, tail mean rank:13.7804, topn:10.
2021-03-06 14:27:26,225 - root - INFO - avg hit:0.5519, avg mean rank:137.7300, topn:10.
2021-03-06 14:27:27,140 - root - INFO - head hit:0.3179, head mean rank:252.0000, topn:10.
2021-03-06 14:27:27,140 - root - INFO - tail hit:0.8194, tail mean rank:11.3241, topn:10.
2021-03-06 14:27:27,141 - root - INFO - avg hit:0.5687, avg mean rank:131.6620, topn:10.
2021-03-06 14:27:27,141 - root - INFO - Checkpointing ...
2021-03-06 14:29:17,560 - root - INFO - rec train loss:0.0036, kg train loss:0.0407!
2021-03-06 14:29:18,826 - root - INFO - f1:0.3356, p:0.3971, r:0.3893, hit:0.8844, ndcg:0.7986, topn:10.
2021-03-06 14:29:20,074 - root - INFO - f1:0.3547, p:0.5602, r:0.3275, hit:0.9555, ndcg:0.8684, topn:10.
2021-03-06 14:29:20,597 - root - INFO - head hit:0.2611, head mean rank:271.9763, topn:10.
2021-03-06 14:29:20,597 - root - INFO - tail hit:0.7834, tail mean rank:14.7270, topn:10.
2021-03-06 14:29:20,597 - root - INFO - avg hit:0.5223, avg mean rank:143.3516, topn:10.
2021-03-06 14:29:21,477 - root - INFO - head hit:0.3040, head mean rank:260.8457, topn:10.
2021-03-06 14:29:21,478 - root - INFO - tail hit:0.7932, tail mean rank:12.1420, topn:10.
2021-03-06 14:29:21,478 - root - INFO - avg hit:0.5486, avg mean rank:136.4938, topn:10.
2021-03-06 14:29:21,478 - root - INFO - Checkpointing ...
2021-03-06 14:31:12,066 - root - INFO - rec train loss:0.0040, kg train loss:0.0387!
2021-03-06 14:31:13,421 - root - INFO - f1:0.3394, p:0.4006, r:0.3952, hit:0.8897, ndcg:0.8005, topn:10.
2021-03-06 14:31:14,742 - root - INFO - f1:0.3580, p:0.5638, r:0.3311, hit:0.9576, ndcg:0.8674, topn:10.
2021-03-06 14:31:15,410 - root - INFO - head hit:0.3264, head mean rank:242.4926, topn:10.
2021-03-06 14:31:15,410 - root - INFO - tail hit:0.7626, tail mean rank:11.2552, topn:10.
2021-03-06 14:31:15,410 - root - INFO - avg hit:0.5445, avg mean rank:126.8739, topn:10.
2021-03-06 14:31:16,311 - root - INFO - head hit:0.3056, head mean rank:238.8117, topn:10.
2021-03-06 14:31:16,311 - root - INFO - tail hit:0.7778, tail mean rank:12.4877, topn:10.
2021-03-06 14:31:16,311 - root - INFO - avg hit:0.5417, avg mean rank:125.6497, topn:10.
2021-03-06 14:31:16,312 - root - INFO - Checkpointing ...
2021-03-06 14:33:05,702 - root - INFO - rec train loss:0.0039, kg train loss:0.0365!
2021-03-06 14:33:07,098 - root - INFO - f1:0.3375, p:0.3994, r:0.3910, hit:0.8876, ndcg:0.8059, topn:10.
2021-03-06 14:33:08,502 - root - INFO - f1:0.3554, p:0.5616, r:0.3277, hit:0.9523, ndcg:0.8702, topn:10.
2021-03-06 14:33:09,219 - root - INFO - head hit:0.3383, head mean rank:249.8932, topn:10.
2021-03-06 14:33:09,220 - root - INFO - tail hit:0.7240, tail mean rank:15.1039, topn:10.
2021-03-06 14:33:09,220 - root - INFO - avg hit:0.5312, avg mean rank:132.4985, topn:10.
2021-03-06 14:33:10,205 - root - INFO - head hit:0.3086, head mean rank:243.0586, topn:10.
2021-03-06 14:33:10,205 - root - INFO - tail hit:0.7269, tail mean rank:13.1250, topn:10.
2021-03-06 14:33:10,205 - root - INFO - avg hit:0.5177, avg mean rank:128.0918, topn:10.
2021-03-06 14:33:10,206 - root - INFO - No improvement after one epoch. Lowering learning rate.
2021-03-06 14:34:59,871 - root - INFO - rec train loss:0.0010, kg train loss:0.0094!
2021-03-06 14:35:01,239 - root - INFO - f1:0.3430, p:0.4036, r:0.4008, hit:0.8971, ndcg:0.8057, topn:10.
2021-03-06 14:35:02,542 - root - INFO - f1:0.3590, p:0.5668, r:0.3304, hit:0.9523, ndcg:0.8808, topn:10.
2021-03-06 14:35:03,185 - root - INFO - head hit:0.3739, head mean rank:249.8872, topn:10.
2021-03-06 14:35:03,185 - root - INFO - tail hit:0.7923, tail mean rank:10.2611, topn:10.
2021-03-06 14:35:03,185 - root - INFO - avg hit:0.5831, avg mean rank:130.0742, topn:10.
2021-03-06 14:35:04,108 - root - INFO - head hit:0.3472, head mean rank:238.8688, topn:10.
2021-03-06 14:35:04,109 - root - INFO - tail hit:0.8056, tail mean rank:8.7052, topn:10.
2021-03-06 14:35:04,109 - root - INFO - avg hit:0.5764, avg mean rank:123.7870, topn:10.
2021-03-06 14:35:04,110 - root - INFO - Checkpointing ...
2021-03-06 14:36:54,760 - root - INFO - rec train loss:0.0008, kg train loss:0.0111!
2021-03-06 14:36:56,136 - root - INFO - f1:0.3437, p:0.4051, r:0.4003, hit:0.8961, ndcg:0.8102, topn:10.
2021-03-06 14:36:57,516 - root - INFO - f1:0.3615, p:0.5688, r:0.3337, hit:0.9533, ndcg:0.8752, topn:10.
2021-03-06 14:36:58,157 - root - INFO - head hit:0.3501, head mean rank:255.7596, topn:10.
2021-03-06 14:36:58,157 - root - INFO - tail hit:0.8042, tail mean rank:9.4421, topn:10.
2021-03-06 14:36:58,158 - root - INFO - avg hit:0.5772, avg mean rank:132.6009, topn:10.
2021-03-06 14:36:59,037 - root - INFO - head hit:0.3287, head mean rank:243.2670, topn:10.
2021-03-06 14:36:59,038 - root - INFO - tail hit:0.8472, tail mean rank:7.9877, topn:10.
2021-03-06 14:36:59,038 - root - INFO - avg hit:0.5880, avg mean rank:125.6273, topn:10.
2021-03-06 14:36:59,038 - root - INFO - Checkpointing ...
2021-03-06 14:38:49,589 - root - INFO - rec train loss:0.0008, kg train loss:0.0099!
2021-03-06 14:38:50,878 - root - INFO - f1:0.3449, p:0.4068, r:0.3989, hit:0.8887, ndcg:0.8059, topn:10.
2021-03-06 14:38:52,309 - root - INFO - f1:0.3621, p:0.5703, r:0.3334, hit:0.9544, ndcg:0.8770, topn:10.
2021-03-06 14:38:52,994 - root - INFO - head hit:0.3323, head mean rank:251.4510, topn:10.
2021-03-06 14:38:52,995 - root - INFO - tail hit:0.8220, tail mean rank:8.5282, topn:10.
2021-03-06 14:38:52,995 - root - INFO - avg hit:0.5772, avg mean rank:129.9896, topn:10.
2021-03-06 14:38:53,921 - root - INFO - head hit:0.3256, head mean rank:247.8596, topn:10.
2021-03-06 14:38:53,921 - root - INFO - tail hit:0.8503, tail mean rank:7.3488, topn:10.
2021-03-06 14:38:53,921 - root - INFO - avg hit:0.5880, avg mean rank:127.6042, topn:10.
2021-03-06 14:38:53,922 - root - INFO - Checkpointing ...
2021-03-06 14:40:44,296 - root - INFO - rec train loss:0.0007, kg train loss:0.0096!
2021-03-06 14:40:45,635 - root - INFO - f1:0.3464, p:0.4075, r:0.4035, hit:0.8950, ndcg:0.8096, topn:10.
2021-03-06 14:40:47,025 - root - INFO - f1:0.3646, p:0.5726, r:0.3367, hit:0.9565, ndcg:0.8773, topn:10.
2021-03-06 14:40:47,677 - root - INFO - head hit:0.3442, head mean rank:241.8487, topn:10.
2021-03-06 14:40:47,677 - root - INFO - tail hit:0.8398, tail mean rank:7.4125, topn:10.
2021-03-06 14:40:47,678 - root - INFO - avg hit:0.5920, avg mean rank:124.6306, topn:10.
2021-03-06 14:40:48,649 - root - INFO - head hit:0.3688, head mean rank:241.6173, topn:10.
2021-03-06 14:40:48,649 - root - INFO - tail hit:0.8657, tail mean rank:6.4367, topn:10.
2021-03-06 14:40:48,649 - root - INFO - avg hit:0.6173, avg mean rank:124.0270, topn:10.
2021-03-06 14:40:48,650 - root - INFO - Checkpointing ...
2021-03-06 14:42:38,824 - root - INFO - rec train loss:0.0006, kg train loss:0.0098!
2021-03-06 14:42:40,249 - root - INFO - f1:0.3474, p:0.4089, r:0.4035, hit:0.8993, ndcg:0.8138, topn:10.
2021-03-06 14:42:41,640 - root - INFO - f1:0.3640, p:0.5721, r:0.3361, hit:0.9565, ndcg:0.8794, topn:10.
2021-03-06 14:42:42,301 - root - INFO - head hit:0.3561, head mean rank:248.8991, topn:10.
2021-03-06 14:42:42,302 - root - INFO - tail hit:0.8368, tail mean rank:8.0920, topn:10.
2021-03-06 14:42:42,302 - root - INFO - avg hit:0.5964, avg mean rank:128.4955, topn:10.
2021-03-06 14:42:43,221 - root - INFO - head hit:0.3441, head mean rank:244.4506, topn:10.
2021-03-06 14:42:43,222 - root - INFO - tail hit:0.8627, tail mean rank:7.3519, topn:10.
2021-03-06 14:42:43,222 - root - INFO - avg hit:0.6034, avg mean rank:125.9012, topn:10.
2021-03-06 14:42:43,223 - root - INFO - Checkpointing ...
2021-03-06 14:44:33,475 - root - INFO - rec train loss:0.0008, kg train loss:0.0092!
2021-03-06 14:44:34,871 - root - INFO - f1:0.3479, p:0.4097, r:0.4042, hit:0.8961, ndcg:0.8145, topn:10.
2021-03-06 14:44:36,209 - root - INFO - f1:0.3632, p:0.5714, r:0.3351, hit:0.9533, ndcg:0.8754, topn:10.
2021-03-06 14:44:36,825 - root - INFO - head hit:0.3887, head mean rank:253.6647, topn:10.
2021-03-06 14:44:36,825 - root - INFO - tail hit:0.8309, tail mean rank:7.3027, topn:10.
2021-03-06 14:44:36,825 - root - INFO - avg hit:0.6098, avg mean rank:130.4837, topn:10.
2021-03-06 14:44:37,760 - root - INFO - head hit:0.3642, head mean rank:242.1111, topn:10.
2021-03-06 14:44:37,760 - root - INFO - tail hit:0.8673, tail mean rank:6.3272, topn:10.
2021-03-06 14:44:37,761 - root - INFO - avg hit:0.6157, avg mean rank:124.2191, topn:10.
2021-03-06 14:44:37,761 - root - INFO - Checkpointing ...
2021-03-06 14:46:28,187 - root - INFO - rec train loss:0.0008, kg train loss:0.0089!
2021-03-06 14:46:29,505 - root - INFO - f1:0.3497, p:0.4120, r:0.4053, hit:0.8940, ndcg:0.8151, topn:10.
2021-03-06 14:46:31,000 - root - INFO - f1:0.3656, p:0.5743, r:0.3369, hit:0.9523, ndcg:0.8791, topn:10.
2021-03-06 14:46:31,587 - root - INFO - head hit:0.3739, head mean rank:242.7982, topn:10.
2021-03-06 14:46:31,588 - root - INFO - tail hit:0.8368, tail mean rank:6.5074, topn:10.
2021-03-06 14:46:31,588 - root - INFO - avg hit:0.6053, avg mean rank:124.6528, topn:10.
2021-03-06 14:46:32,490 - root - INFO - head hit:0.3380, head mean rank:236.1821, topn:10.
2021-03-06 14:46:32,490 - root - INFO - tail hit:0.8627, tail mean rank:5.9429, topn:10.
2021-03-06 14:46:32,491 - root - INFO - avg hit:0.6003, avg mean rank:121.0625, topn:10.
2021-03-06 14:46:32,491 - root - INFO - Checkpointing ...
2021-03-06 14:48:22,355 - root - INFO - rec train loss:0.0010, kg train loss:0.0088!
2021-03-06 14:48:23,672 - root - INFO - f1:0.3490, p:0.4111, r:0.4043, hit:0.8950, ndcg:0.8151, topn:10.
2021-03-06 14:48:24,996 - root - INFO - f1:0.3660, p:0.5750, r:0.3375, hit:0.9533, ndcg:0.8784, topn:10.
2021-03-06 14:48:25,645 - root - INFO - head hit:0.4006, head mean rank:243.1454, topn:10.
2021-03-06 14:48:25,645 - root - INFO - tail hit:0.8516, tail mean rank:6.2819, topn:10.
2021-03-06 14:48:25,645 - root - INFO - avg hit:0.6261, avg mean rank:124.7136, topn:10.
2021-03-06 14:48:26,559 - root - INFO - head hit:0.3565, head mean rank:242.5309, topn:10.
2021-03-06 14:48:26,560 - root - INFO - tail hit:0.8503, tail mean rank:6.1142, topn:10.
2021-03-06 14:48:26,560 - root - INFO - avg hit:0.6034, avg mean rank:124.3225, topn:10.
2021-03-06 14:48:26,560 - root - INFO - No improvement after one epoch. Lowering learning rate.
2021-03-06 14:50:16,454 - root - INFO - rec train loss:0.0007, kg train loss:0.0028!
2021-03-06 14:50:17,767 - root - INFO - f1:0.3490, p:0.4115, r:0.4034, hit:0.8918, ndcg:0.8145, topn:10.
2021-03-06 14:50:19,133 - root - INFO - f1:0.3680, p:0.5772, r:0.3398, hit:0.9597, ndcg:0.8836, topn:10.
2021-03-06 14:50:19,809 - root - INFO - head hit:0.3769, head mean rank:239.7715, topn:10.
2021-03-06 14:50:19,809 - root - INFO - tail hit:0.8665, tail mean rank:5.4125, topn:10.
2021-03-06 14:50:19,810 - root - INFO - avg hit:0.6217, avg mean rank:122.5920, topn:10.
2021-03-06 14:50:20,715 - root - INFO - head hit:0.3765, head mean rank:242.5602, topn:10.
2021-03-06 14:50:20,715 - root - INFO - tail hit:0.8719, tail mean rank:4.9444, topn:10.
2021-03-06 14:50:20,715 - root - INFO - avg hit:0.6242, avg mean rank:123.7523, topn:10.
2021-03-06 14:50:20,716 - root - INFO - No improvement after one epoch. Lowering learning rate.
2021-03-06 14:52:10,544 - root - INFO - rec train loss:0.0001, kg train loss:0.0005!
2021-03-06 14:52:11,900 - root - INFO - f1:0.3497, p:0.4123, r:0.4044, hit:0.8940, ndcg:0.8174, topn:10.
2021-03-06 14:52:13,265 - root - INFO - f1:0.3693, p:0.5787, r:0.3413, hit:0.9586, ndcg:0.8829, topn:10.
2021-03-06 14:52:13,915 - root - INFO - head hit:0.3917, head mean rank:237.7389, topn:10.
2021-03-06 14:52:13,915 - root - INFO - tail hit:0.8635, tail mean rank:5.5015, topn:10.
2021-03-06 14:52:13,915 - root - INFO - avg hit:0.6276, avg mean rank:121.6202, topn:10.
2021-03-06 14:52:14,804 - root - INFO - head hit:0.3704, head mean rank:239.9522, topn:10.
2021-03-06 14:52:14,804 - root - INFO - tail hit:0.8796, tail mean rank:4.9367, topn:10.
2021-03-06 14:52:14,804 - root - INFO - avg hit:0.6250, avg mean rank:122.4444, topn:10.
2021-03-06 14:52:14,805 - root - INFO - Checkpointing ...
2021-03-06 14:54:04,753 - root - INFO - rec train loss:0.0002, kg train loss:0.0007!
2021-03-06 14:54:06,141 - root - INFO - f1:0.3494, p:0.4123, r:0.4035, hit:0.8908, ndcg:0.8178, topn:10.
2021-03-06 14:54:07,514 - root - INFO - f1:0.3687, p:0.5782, r:0.3406, hit:0.9544, ndcg:0.8819, topn:10.
2021-03-06 14:54:08,220 - root - INFO - head hit:0.3828, head mean rank:235.1395, topn:10.
2021-03-06 14:54:08,220 - root - INFO - tail hit:0.8635, tail mean rank:5.7537, topn:10.
2021-03-06 14:54:08,220 - root - INFO - avg hit:0.6231, avg mean rank:120.4466, topn:10.
2021-03-06 14:54:09,167 - root - INFO - head hit:0.3843, head mean rank:239.0448, topn:10.
2021-03-06 14:54:09,167 - root - INFO - tail hit:0.8657, tail mean rank:5.1019, topn:10.
2021-03-06 14:54:09,167 - root - INFO - avg hit:0.6250, avg mean rank:122.0733, topn:10.
2021-03-06 14:54:09,168 - root - INFO - No improvement after one epoch. Lowering learning rate.
2021-03-06 14:55:58,544 - root - INFO - rec train loss:0.0001, kg train loss:0.0003!
2021-03-06 14:55:59,956 - root - INFO - f1:0.3505, p:0.4135, r:0.4047, hit:0.8929, ndcg:0.8180, topn:10.
2021-03-06 14:56:01,320 - root - INFO - f1:0.3688, p:0.5783, r:0.3408, hit:0.9555, ndcg:0.8821, topn:10.
2021-03-06 14:56:01,950 - root - INFO - head hit:0.3947, head mean rank:234.8398, topn:10.
2021-03-06 14:56:01,951 - root - INFO - tail hit:0.8605, tail mean rank:5.5015, topn:10.
2021-03-06 14:56:01,951 - root - INFO - avg hit:0.6276, avg mean rank:120.1706, topn:10.
2021-03-06 14:56:02,904 - root - INFO - head hit:0.3889, head mean rank:238.8009, topn:10.
2021-03-06 14:56:02,904 - root - INFO - tail hit:0.8750, tail mean rank:5.0108, topn:10.
2021-03-06 14:56:02,904 - root - INFO - avg hit:0.6319, avg mean rank:121.9059, topn:10.
2021-03-06 14:56:02,905 - root - INFO - Checkpointing ...
2021-03-06 14:57:52,354 - root - INFO - rec train loss:0.0000, kg train loss:0.0002!
2021-03-06 14:57:53,746 - root - INFO - f1:0.3512, p:0.4139, r:0.4060, hit:0.8929, ndcg:0.8181, topn:10.
2021-03-06 14:57:55,127 - root - INFO - f1:0.3686, p:0.5779, r:0.3409, hit:0.9576, ndcg:0.8848, topn:10.
2021-03-06 14:57:55,826 - root - INFO - head hit:0.3947, head mean rank:235.6024, topn:10.
2021-03-06 14:57:55,827 - root - INFO - tail hit:0.8635, tail mean rank:5.6558, topn:10.
2021-03-06 14:57:55,827 - root - INFO - avg hit:0.6291, avg mean rank:120.6291, topn:10.
2021-03-06 14:57:56,724 - root - INFO - head hit:0.3843, head mean rank:238.3688, topn:10.
2021-03-06 14:57:56,724 - root - INFO - tail hit:0.8704, tail mean rank:5.2160, topn:10.
2021-03-06 14:57:56,724 - root - INFO - avg hit:0.6273, avg mean rank:121.7924, topn:10.
2021-03-06 14:57:56,725 - root - INFO - Checkpointing ...
2021-03-06 14:59:46,442 - root - INFO - rec train loss:0.0000, kg train loss:0.0008!
2021-03-06 14:59:47,839 - root - INFO - f1:0.3513, p:0.4139, r:0.4065, hit:0.8950, ndcg:0.8188, topn:10.
2021-03-06 14:59:49,162 - root - INFO - f1:0.3692, p:0.5787, r:0.3412, hit:0.9576, ndcg:0.8853, topn:10.
2021-03-06 14:59:49,802 - root - INFO - head hit:0.3887, head mean rank:235.5668, topn:10.
2021-03-06 14:59:49,802 - root - INFO - tail hit:0.8665, tail mean rank:5.6795, topn:10.
2021-03-06 14:59:49,803 - root - INFO - avg hit:0.6276, avg mean rank:120.6231, topn:10.
2021-03-06 14:59:50,734 - root - INFO - head hit:0.3812, head mean rank:240.3009, topn:10.
2021-03-06 14:59:50,735 - root - INFO - tail hit:0.8688, tail mean rank:5.2855, topn:10.
2021-03-06 14:59:50,735 - root - INFO - avg hit:0.6250, avg mean rank:122.7932, topn:10.
2021-03-06 14:59:50,736 - root - INFO - Checkpointing ...
2021-03-06 15:01:40,874 - root - INFO - rec train loss:0.0002, kg train loss:0.0004!
2021-03-06 15:01:42,215 - root - INFO - f1:0.3515, p:0.4142, r:0.4062, hit:0.8950, ndcg:0.8180, topn:10.
2021-03-06 15:01:43,606 - root - INFO - f1:0.3689, p:0.5788, r:0.3403, hit:0.9576, ndcg:0.8861, topn:10.
2021-03-06 15:01:44,278 - root - INFO - head hit:0.3858, head mean rank:236.1484, topn:10.
2021-03-06 15:01:44,278 - root - INFO - tail hit:0.8665, tail mean rank:5.4688, topn:10.
2021-03-06 15:01:44,278 - root - INFO - avg hit:0.6261, avg mean rank:120.8086, topn:10.
2021-03-06 15:01:45,168 - root - INFO - head hit:0.3812, head mean rank:241.3981, topn:10.
2021-03-06 15:01:45,168 - root - INFO - tail hit:0.8765, tail mean rank:5.0278, topn:10.
2021-03-06 15:01:45,168 - root - INFO - avg hit:0.6289, avg mean rank:123.2130, topn:10.
2021-03-06 15:01:45,169 - root - INFO - Checkpointing ...
2021-03-06 15:03:34,965 - root - INFO - rec train loss:0.0001, kg train loss:0.0011!
2021-03-06 15:03:36,405 - root - INFO - f1:0.3528, p:0.4154, r:0.4080, hit:0.8950, ndcg:0.8186, topn:10.
2021-03-06 15:03:37,759 - root - INFO - f1:0.3699, p:0.5796, r:0.3417, hit:0.9586, ndcg:0.8856, topn:10.
2021-03-06 15:03:38,377 - root - INFO - head hit:0.3976, head mean rank:234.8991, topn:10.
2021-03-06 15:03:38,377 - root - INFO - tail hit:0.8694, tail mean rank:5.4036, topn:10.
2021-03-06 15:03:38,378 - root - INFO - avg hit:0.6335, avg mean rank:120.1513, topn:10.
2021-03-06 15:03:39,300 - root - INFO - head hit:0.3796, head mean rank:241.7978, topn:10.
2021-03-06 15:03:39,301 - root - INFO - tail hit:0.8827, tail mean rank:5.0000, topn:10.
2021-03-06 15:03:39,301 - root - INFO - avg hit:0.6312, avg mean rank:123.3989, topn:10.
2021-03-06 15:03:39,301 - root - INFO - Checkpointing ...
2021-03-06 15:05:29,722 - root - INFO - rec train loss:0.0000, kg train loss:0.0003!
2021-03-06 15:05:31,095 - root - INFO - f1:0.3525, p:0.4154, r:0.4071, hit:0.8940, ndcg:0.8206, topn:10.
2021-03-06 15:05:32,457 - root - INFO - f1:0.3696, p:0.5792, r:0.3417, hit:0.9586, ndcg:0.8866, topn:10.
2021-03-06 15:05:33,067 - root - INFO - head hit:0.3887, head mean rank:236.6766, topn:10.
2021-03-06 15:05:33,067 - root - INFO - tail hit:0.8605, tail mean rank:5.6231, topn:10.
2021-03-06 15:05:33,067 - root - INFO - avg hit:0.6246, avg mean rank:121.1499, topn:10.
2021-03-06 15:05:33,994 - root - INFO - head hit:0.3843, head mean rank:241.3519, topn:10.
2021-03-06 15:05:33,994 - root - INFO - tail hit:0.8750, tail mean rank:5.1451, topn:10.
2021-03-06 15:05:33,994 - root - INFO - avg hit:0.6296, avg mean rank:123.2485, topn:10.
2021-03-06 15:05:33,995 - root - INFO - No improvement after one epoch. Lowering learning rate.
2021-03-06 15:07:23,608 - root - INFO - rec train loss:0.0001, kg train loss:0.0001!
2021-03-06 15:07:24,995 - root - INFO - f1:0.3518, p:0.4147, r:0.4060, hit:0.8929, ndcg:0.8216, topn:10.
2021-03-06 15:07:26,386 - root - INFO - f1:0.3691, p:0.5789, r:0.3410, hit:0.9586, ndcg:0.8881, topn:10.
2021-03-06 15:07:27,040 - root - INFO - head hit:0.3917, head mean rank:235.6439, topn:10.
2021-03-06 15:07:27,040 - root - INFO - tail hit:0.8694, tail mean rank:5.4451, topn:10.
2021-03-06 15:07:27,040 - root - INFO - avg hit:0.6306, avg mean rank:120.5445, topn:10.
2021-03-06 15:07:27,977 - root - INFO - head hit:0.3843, head mean rank:240.8596, topn:10.
2021-03-06 15:07:27,977 - root - INFO - tail hit:0.8781, tail mean rank:5.0062, topn:10.
2021-03-06 15:07:27,978 - root - INFO - avg hit:0.6312, avg mean rank:122.9329, topn:10.
2021-03-06 15:07:27,978 - root - INFO - No improvement after one epoch. Lowering learning rate.
2021-03-06 15:09:18,546 - root - INFO - rec train loss:0.0000, kg train loss:0.0001!
2021-03-06 15:09:20,115 - root - INFO - f1:0.3523, p:0.4154, r:0.4066, hit:0.8940, ndcg:0.8219, topn:10.
2021-03-06 15:09:21,453 - root - INFO - f1:0.3691, p:0.5788, r:0.3409, hit:0.9586, ndcg:0.8885, topn:10.
2021-03-06 15:09:22,046 - root - INFO - head hit:0.3917, head mean rank:235.7893, topn:10.
2021-03-06 15:09:22,046 - root - INFO - tail hit:0.8754, tail mean rank:5.3858, topn:10.
2021-03-06 15:09:22,046 - root - INFO - avg hit:0.6335, avg mean rank:120.5875, topn:10.
2021-03-06 15:09:22,971 - root - INFO - head hit:0.3812, head mean rank:241.3364, topn:10.
2021-03-06 15:09:22,971 - root - INFO - tail hit:0.8765, tail mean rank:4.9923, topn:10.
2021-03-06 15:09:22,971 - root - INFO - avg hit:0.6289, avg mean rank:123.1644, topn:10.
2021-03-06 15:09:22,972 - root - INFO - No improvement after one epoch. Lowering learning rate.
2021-03-06 15:11:13,748 - root - INFO - rec train loss:0.0000, kg train loss:0.0001!
2021-03-06 15:11:15,048 - root - INFO - f1:0.3521, p:0.4152, r:0.4063, hit:0.8929, ndcg:0.8218, topn:10.
2021-03-06 15:11:16,430 - root - INFO - f1:0.3692, p:0.5789, r:0.3411, hit:0.9586, ndcg:0.8880, topn:10.
2021-03-06 15:11:17,069 - root - INFO - head hit:0.3917, head mean rank:235.8071, topn:10.
2021-03-06 15:11:17,070 - root - INFO - tail hit:0.8783, tail mean rank:5.3205, topn:10.
2021-03-06 15:11:17,070 - root - INFO - avg hit:0.6350, avg mean rank:120.5638, topn:10.
2021-03-06 15:11:18,034 - root - INFO - head hit:0.3827, head mean rank:241.1744, topn:10.
2021-03-06 15:11:18,034 - root - INFO - tail hit:0.8781, tail mean rank:4.9599, topn:10.
2021-03-06 15:11:18,034 - root - INFO - avg hit:0.6304, avg mean rank:123.0671, topn:10.
2021-03-06 15:11:18,035 - root - INFO - No improvement after one epoch. Lowering learning rate.
2021-03-06 15:13:08,025 - root - INFO - rec train loss:0.0000, kg train loss:0.0000!
2021-03-06 15:13:09,372 - root - INFO - f1:0.3524, p:0.4155, r:0.4067, hit:0.8929, ndcg:0.8216, topn:10.
2021-03-06 15:13:10,674 - root - INFO - f1:0.3695, p:0.5792, r:0.3414, hit:0.9586, ndcg:0.8875, topn:10.
2021-03-06 15:13:11,308 - root - INFO - head hit:0.3887, head mean rank:235.8131, topn:10.
2021-03-06 15:13:11,308 - root - INFO - tail hit:0.8783, tail mean rank:5.3234, topn:10.
2021-03-06 15:13:11,309 - root - INFO - avg hit:0.6335, avg mean rank:120.5682, topn:10.
2021-03-06 15:13:12,263 - root - INFO - head hit:0.3796, head mean rank:241.2238, topn:10.
2021-03-06 15:13:12,263 - root - INFO - tail hit:0.8812, tail mean rank:4.9522, topn:10.
2021-03-06 15:13:12,263 - root - INFO - avg hit:0.6304, avg mean rank:123.0880, topn:10.
2021-03-06 15:13:12,264 - root - INFO - No improvement after one epoch. Lowering learning rate.
2021-03-06 15:13:12,280 - root - INFO - No improvement after 51960 steps. Stopping training.
2021-03-06 15:13:14,086 - root - INFO - From CaseRecommender evaluator: {'PREC@10': 0.415483, 'RECALL@10': 0.406678, 'NDCG@10': 0.821627, 'MAP@10': 0.780347, 'MAP': 0.780347}.
2021-03-06 15:13:14,283 - root - INFO - From kg-summ-rec diversity evaluator: {'GENRE_COVERAGE@10': 0.474196, 'GENRE_REDUNDANCY@10': 0.439764, 'ILD_GENRE@10': 0.814082}.
2021-03-06 15:13:16,105 - root - INFO - From CaseRecommender evaluator: {'PREC@10': 0.579215, 'RECALL@10': 0.341418, 'NDCG@10': 0.887507, 'MAP@10': 0.847421, 'MAP': 0.847421}.
2021-03-06 15:13:16,305 - root - INFO - From kg-summ-rec diversity evaluator: {'GENRE_COVERAGE@10': 0.464563, 'GENRE_REDUNDANCY@10': 0.430572, 'ILD_GENRE@10': 0.806295}.
