2021-03-06 17:50:28,771 - root - INFO - Flag Values:
{
    "L1_flag": true,
    "batch_size": 256,
    "ckpt_path": "/home/juarez/git/results/JIIS-revised-exp1/ml-sun_ho_fKG/",
    "clipping_max_value": 5.0,
    "data_path": "/home/juarez/git/datasets/JIIS-revised-exp1/ml-sun_ho_fKG/cao-format/",
    "dataset": "ml1m",
    "early_stopping_steps_to_wait": 24363,
    "embedding_size": 100,
    "eval_interval_steps": 4873,
    "eval_only_mode": false,
    "experiment_name": "ml1m-transe-1615063828",
    "filter_wrong_corrupted": true,
    "has_visualization": false,
    "is_report": false,
    "joint_ratio": 0.5,
    "kg_lambda": 1.0,
    "kg_test_files": "valid.dat:test.dat",
    "l2_lambda": 0.0,
    "learning_rate": 0.001,
    "learning_rate_decay_when_no_progress": 0.5,
    "load_ckpt_file": null,
    "load_experiment_name": null,
    "log_level": "debug",
    "log_path": "/home/juarez/git/results/JIIS-revised-exp1/ml-sun_ho_fKG/",
    "margin": 1.0,
    "max_queue": 10,
    "model_type": "transe",
    "momentum": 0.9,
    "negtive_samples": 1,
    "norm_lambda": 1.0,
    "num_preferences": 4,
    "num_processes": 4,
    "optimizer_type": "Adam",
    "rec_test_files": null,
    "seed": 0,
    "share_embeddings": false,
    "topn": 10,
    "training_steps": 487300,
    "use_st_gumbel": false,
    "visualization_port": 8097
}
2021-03-06 17:50:28,849 - root - INFO - Totally 2962 train triples, 361,690 eval triples in files: /home/juarez/git/datasets/JIIS-revised-exp1/ml-sun_ho_fKG/cao-format/ml1m/kg/valid.dat;/home/juarez/git/datasets/JIIS-revised-exp1/ml-sun_ho_fKG/cao-format/ml1m/kg/test.dat!
2021-03-06 17:50:28,878 - root - INFO - successfully load 1587 entities and 3 relations!
2021-03-06 17:50:28,886 - root - INFO - Building model.
2021-03-06 17:50:30,141 - root - INFO - Architecture: TransEModel(
  (ent_embeddings): Embedding(1587, 100)
  (rel_embeddings): Embedding(3, 100)
)
2021-03-06 17:50:30,141 - root - INFO - Total params: 159000.0
2021-03-06 17:50:30,141 - root - INFO - One epoch is 12 steps.
2021-03-06 17:50:30,141 - root - INFO - Training.
2021-03-06 17:50:30,141 - root - INFO - train loss:0.0000!
2021-03-06 17:50:30,938 - root - INFO - head hit:0.0083, head mean rank:623.8172, topn:10.
2021-03-06 17:50:30,939 - root - INFO - tail hit:0.0000, tail mean rank:1021.8809, topn:10.
2021-03-06 17:50:30,939 - root - INFO - avg hit:0.0042, avg mean rank:822.8490, topn:10.
2021-03-06 17:50:31,932 - root - INFO - head hit:0.0130, head mean rank:571.8594, topn:10.
2021-03-06 17:50:31,933 - root - INFO - tail hit:0.0014, tail mean rank:984.3464, topn:10.
2021-03-06 17:50:31,933 - root - INFO - avg hit:0.0072, avg mean rank:778.1029, topn:10.
2021-03-06 17:51:00,712 - root - INFO - train loss:5.0192!
2021-03-06 17:51:01,323 - root - INFO - head hit:0.2410, head mean rank:435.2410, topn:10.
2021-03-06 17:51:01,323 - root - INFO - tail hit:0.6953, tail mean rank:20.2715, topn:10.
2021-03-06 17:51:01,323 - root - INFO - avg hit:0.4681, avg mean rank:227.7562, topn:10.
2021-03-06 17:51:02,217 - root - INFO - head hit:0.2145, head mean rank:354.0522, topn:10.
2021-03-06 17:51:02,217 - root - INFO - tail hit:0.7420, tail mean rank:16.1464, topn:10.
2021-03-06 17:51:02,218 - root - INFO - avg hit:0.4783, avg mean rank:185.0993, topn:10.
2021-03-06 17:51:02,218 - root - INFO - Checkpointing ...
2021-03-06 17:51:28,227 - root - INFO - train loss:0.0840!
2021-03-06 17:51:28,791 - root - INFO - head hit:0.1884, head mean rank:404.7147, topn:10.
2021-03-06 17:51:28,791 - root - INFO - tail hit:0.6620, tail mean rank:19.9723, topn:10.
2021-03-06 17:51:28,792 - root - INFO - avg hit:0.4252, avg mean rank:212.3435, topn:10.
2021-03-06 17:51:29,566 - root - INFO - head hit:0.2014, head mean rank:357.0072, topn:10.
2021-03-06 17:51:29,566 - root - INFO - tail hit:0.7072, tail mean rank:18.4145, topn:10.
2021-03-06 17:51:29,566 - root - INFO - avg hit:0.4543, avg mean rank:187.7109, topn:10.
2021-03-06 17:51:29,567 - root - INFO - No improvement after one epoch. Lowering learning rate.
2021-03-06 17:51:54,820 - root - INFO - train loss:0.0095!
2021-03-06 17:51:55,394 - root - INFO - head hit:0.2576, head mean rank:401.6427, topn:10.
2021-03-06 17:51:55,395 - root - INFO - tail hit:0.7424, tail mean rank:18.2742, topn:10.
2021-03-06 17:51:55,395 - root - INFO - avg hit:0.5000, avg mean rank:209.9584, topn:10.
2021-03-06 17:51:56,280 - root - INFO - head hit:0.2536, head mean rank:341.0971, topn:10.
2021-03-06 17:51:56,280 - root - INFO - tail hit:0.7739, tail mean rank:14.1754, topn:10.
2021-03-06 17:51:56,280 - root - INFO - avg hit:0.5138, avg mean rank:177.6362, topn:10.
2021-03-06 17:51:56,281 - root - INFO - Checkpointing ...
2021-03-06 17:52:22,147 - root - INFO - train loss:0.0043!
2021-03-06 17:52:22,762 - root - INFO - head hit:0.2410, head mean rank:390.7313, topn:10.
2021-03-06 17:52:22,763 - root - INFO - tail hit:0.7341, tail mean rank:14.1828, topn:10.
2021-03-06 17:52:22,763 - root - INFO - avg hit:0.4875, avg mean rank:202.4571, topn:10.
2021-03-06 17:52:23,644 - root - INFO - head hit:0.2449, head mean rank:341.2333, topn:10.
2021-03-06 17:52:23,644 - root - INFO - tail hit:0.7812, tail mean rank:12.0841, topn:10.
2021-03-06 17:52:23,644 - root - INFO - avg hit:0.5130, avg mean rank:176.6587, topn:10.
2021-03-06 17:52:23,645 - root - INFO - No improvement after one epoch. Lowering learning rate.
2021-03-06 17:52:52,042 - root - INFO - train loss:0.0011!
2021-03-06 17:52:52,655 - root - INFO - head hit:0.2798, head mean rank:387.7175, topn:10.
2021-03-06 17:52:52,656 - root - INFO - tail hit:0.7452, tail mean rank:13.3158, topn:10.
2021-03-06 17:52:52,656 - root - INFO - avg hit:0.5125, avg mean rank:200.5166, topn:10.
2021-03-06 17:52:53,430 - root - INFO - head hit:0.2623, head mean rank:337.7667, topn:10.
2021-03-06 17:52:53,430 - root - INFO - tail hit:0.7783, tail mean rank:11.5725, topn:10.
2021-03-06 17:52:53,430 - root - INFO - avg hit:0.5203, avg mean rank:174.6696, topn:10.
2021-03-06 17:52:53,431 - root - INFO - Checkpointing ...
2021-03-06 17:53:18,750 - root - INFO - train loss:0.0004!
2021-03-06 17:53:19,282 - root - INFO - head hit:0.2687, head mean rank:392.2382, topn:10.
2021-03-06 17:53:19,283 - root - INFO - tail hit:0.7479, tail mean rank:13.9197, topn:10.
2021-03-06 17:53:19,283 - root - INFO - avg hit:0.5083, avg mean rank:203.0789, topn:10.
2021-03-06 17:53:20,186 - root - INFO - head hit:0.2710, head mean rank:337.2087, topn:10.
2021-03-06 17:53:20,186 - root - INFO - tail hit:0.7928, tail mean rank:10.4986, topn:10.
2021-03-06 17:53:20,186 - root - INFO - avg hit:0.5319, avg mean rank:173.8536, topn:10.
2021-03-06 17:53:20,187 - root - INFO - No improvement after one epoch. Lowering learning rate.
2021-03-06 17:53:46,314 - root - INFO - train loss:0.0002!
2021-03-06 17:53:46,916 - root - INFO - head hit:0.2770, head mean rank:390.5900, topn:10.
2021-03-06 17:53:46,916 - root - INFO - tail hit:0.7507, tail mean rank:14.8726, topn:10.
2021-03-06 17:53:46,916 - root - INFO - avg hit:0.5139, avg mean rank:202.7313, topn:10.
2021-03-06 17:53:47,785 - root - INFO - head hit:0.2739, head mean rank:334.8986, topn:10.
2021-03-06 17:53:47,785 - root - INFO - tail hit:0.7841, tail mean rank:10.8942, topn:10.
2021-03-06 17:53:47,785 - root - INFO - avg hit:0.5290, avg mean rank:172.8964, topn:10.
2021-03-06 17:53:47,786 - root - INFO - Checkpointing ...
2021-03-06 17:54:13,232 - root - INFO - train loss:0.0002!
2021-03-06 17:54:13,813 - root - INFO - head hit:0.2770, head mean rank:392.5568, topn:10.
2021-03-06 17:54:13,813 - root - INFO - tail hit:0.7535, tail mean rank:13.7479, topn:10.
2021-03-06 17:54:13,813 - root - INFO - avg hit:0.5152, avg mean rank:203.1524, topn:10.
2021-03-06 17:54:14,726 - root - INFO - head hit:0.2725, head mean rank:336.5449, topn:10.
2021-03-06 17:54:14,726 - root - INFO - tail hit:0.7899, tail mean rank:10.2217, topn:10.
2021-03-06 17:54:14,726 - root - INFO - avg hit:0.5312, avg mean rank:173.3833, topn:10.
2021-03-06 17:54:14,727 - root - INFO - Checkpointing ...
2021-03-06 17:54:39,979 - root - INFO - train loss:0.0001!
2021-03-06 17:54:40,613 - root - INFO - head hit:0.2825, head mean rank:393.8116, topn:10.
2021-03-06 17:54:40,613 - root - INFO - tail hit:0.7618, tail mean rank:13.3629, topn:10.
2021-03-06 17:54:40,613 - root - INFO - avg hit:0.5222, avg mean rank:203.5873, topn:10.
2021-03-06 17:54:41,430 - root - INFO - head hit:0.2710, head mean rank:336.0841, topn:10.
2021-03-06 17:54:41,431 - root - INFO - tail hit:0.7899, tail mean rank:9.9449, topn:10.
2021-03-06 17:54:41,431 - root - INFO - avg hit:0.5304, avg mean rank:173.0145, topn:10.
2021-03-06 17:54:41,431 - root - INFO - Checkpointing ...
2021-03-06 17:55:06,389 - root - INFO - train loss:0.0001!
2021-03-06 17:55:06,887 - root - INFO - head hit:0.2853, head mean rank:393.2881, topn:10.
2021-03-06 17:55:06,888 - root - INFO - tail hit:0.7562, tail mean rank:13.2825, topn:10.
2021-03-06 17:55:06,888 - root - INFO - avg hit:0.5208, avg mean rank:203.2853, topn:10.
2021-03-06 17:55:07,784 - root - INFO - head hit:0.2739, head mean rank:335.3029, topn:10.
2021-03-06 17:55:07,784 - root - INFO - tail hit:0.7957, tail mean rank:9.9333, topn:10.
2021-03-06 17:55:07,784 - root - INFO - avg hit:0.5348, avg mean rank:172.6181, topn:10.
2021-03-06 17:55:07,785 - root - INFO - No improvement after one epoch. Lowering learning rate.
2021-03-06 17:55:34,468 - root - INFO - train loss:0.0000!
2021-03-06 17:55:35,087 - root - INFO - head hit:0.2909, head mean rank:393.4127, topn:10.
2021-03-06 17:55:35,087 - root - INFO - tail hit:0.7562, tail mean rank:13.1801, topn:10.
2021-03-06 17:55:35,087 - root - INFO - avg hit:0.5235, avg mean rank:203.2964, topn:10.
2021-03-06 17:55:35,975 - root - INFO - head hit:0.2768, head mean rank:335.3768, topn:10.
2021-03-06 17:55:35,976 - root - INFO - tail hit:0.7971, tail mean rank:9.8623, topn:10.
2021-03-06 17:55:35,976 - root - INFO - avg hit:0.5370, avg mean rank:172.6196, topn:10.
2021-03-06 17:55:35,977 - root - INFO - Checkpointing ...
2021-03-06 17:56:01,995 - root - INFO - train loss:0.0000!
2021-03-06 17:56:02,633 - root - INFO - head hit:0.2909, head mean rank:393.5845, topn:10.
2021-03-06 17:56:02,634 - root - INFO - tail hit:0.7562, tail mean rank:13.1136, topn:10.
2021-03-06 17:56:02,634 - root - INFO - avg hit:0.5235, avg mean rank:203.3490, topn:10.
2021-03-06 17:56:03,530 - root - INFO - head hit:0.2768, head mean rank:335.2565, topn:10.
2021-03-06 17:56:03,530 - root - INFO - tail hit:0.7986, tail mean rank:9.8623, topn:10.
2021-03-06 17:56:03,530 - root - INFO - avg hit:0.5377, avg mean rank:172.5594, topn:10.
2021-03-06 17:56:03,531 - root - INFO - No improvement after one epoch. Lowering learning rate.
2021-03-06 17:56:28,933 - root - INFO - train loss:0.0000!
2021-03-06 17:56:29,515 - root - INFO - head hit:0.2909, head mean rank:393.1163, topn:10.
2021-03-06 17:56:29,515 - root - INFO - tail hit:0.7645, tail mean rank:13.0139, topn:10.
2021-03-06 17:56:29,515 - root - INFO - avg hit:0.5277, avg mean rank:203.0651, topn:10.
2021-03-06 17:56:30,358 - root - INFO - head hit:0.2754, head mean rank:334.9391, topn:10.
2021-03-06 17:56:30,358 - root - INFO - tail hit:0.8000, tail mean rank:9.7957, topn:10.
2021-03-06 17:56:30,358 - root - INFO - avg hit:0.5377, avg mean rank:172.3674, topn:10.
2021-03-06 17:56:30,359 - root - INFO - Checkpointing ...
2021-03-06 17:56:56,892 - root - INFO - train loss:0.0000!
2021-03-06 17:56:57,551 - root - INFO - head hit:0.2936, head mean rank:392.8449, topn:10.
2021-03-06 17:56:57,551 - root - INFO - tail hit:0.7645, tail mean rank:12.9778, topn:10.
2021-03-06 17:56:57,551 - root - INFO - avg hit:0.5291, avg mean rank:202.9114, topn:10.
2021-03-06 17:56:58,448 - root - INFO - head hit:0.2768, head mean rank:334.9435, topn:10.
2021-03-06 17:56:58,448 - root - INFO - tail hit:0.8029, tail mean rank:9.7725, topn:10.
2021-03-06 17:56:58,448 - root - INFO - avg hit:0.5399, avg mean rank:172.3580, topn:10.
2021-03-06 17:56:58,449 - root - INFO - Checkpointing ...
2021-03-06 17:57:24,596 - root - INFO - train loss:0.0000!
2021-03-06 17:57:25,252 - root - INFO - head hit:0.2936, head mean rank:392.8172, topn:10.
2021-03-06 17:57:25,253 - root - INFO - tail hit:0.7645, tail mean rank:12.9640, topn:10.
2021-03-06 17:57:25,253 - root - INFO - avg hit:0.5291, avg mean rank:202.8906, topn:10.
2021-03-06 17:57:26,171 - root - INFO - head hit:0.2768, head mean rank:334.9594, topn:10.
2021-03-06 17:57:26,171 - root - INFO - tail hit:0.8029, tail mean rank:9.7681, topn:10.
2021-03-06 17:57:26,171 - root - INFO - avg hit:0.5399, avg mean rank:172.3638, topn:10.
2021-03-06 17:57:26,172 - root - INFO - No improvement after one epoch. Lowering learning rate.
2021-03-06 17:57:51,238 - root - INFO - train loss:0.0000!
2021-03-06 17:57:51,836 - root - INFO - head hit:0.2909, head mean rank:392.8587, topn:10.
2021-03-06 17:57:51,836 - root - INFO - tail hit:0.7645, tail mean rank:13.0166, topn:10.
2021-03-06 17:57:51,836 - root - INFO - avg hit:0.5277, avg mean rank:202.9377, topn:10.
2021-03-06 17:57:52,735 - root - INFO - head hit:0.2768, head mean rank:335.0087, topn:10.
2021-03-06 17:57:52,736 - root - INFO - tail hit:0.8029, tail mean rank:9.7725, topn:10.
2021-03-06 17:57:52,736 - root - INFO - avg hit:0.5399, avg mean rank:172.3906, topn:10.
2021-03-06 17:57:52,737 - root - INFO - No improvement after one epoch. Lowering learning rate.
2021-03-06 17:58:20,059 - root - INFO - train loss:0.0000!
2021-03-06 17:58:20,677 - root - INFO - head hit:0.2909, head mean rank:392.8587, topn:10.
2021-03-06 17:58:20,678 - root - INFO - tail hit:0.7645, tail mean rank:13.0166, topn:10.
2021-03-06 17:58:20,678 - root - INFO - avg hit:0.5277, avg mean rank:202.9377, topn:10.
2021-03-06 17:58:21,544 - root - INFO - head hit:0.2768, head mean rank:335.0087, topn:10.
2021-03-06 17:58:21,545 - root - INFO - tail hit:0.8029, tail mean rank:9.7725, topn:10.
2021-03-06 17:58:21,545 - root - INFO - avg hit:0.5399, avg mean rank:172.3906, topn:10.
2021-03-06 17:58:21,546 - root - INFO - No improvement after one epoch. Lowering learning rate.
2021-03-06 17:58:46,328 - root - INFO - train loss:0.0001!
2021-03-06 17:58:46,836 - root - INFO - head hit:0.2909, head mean rank:392.8643, topn:10.
2021-03-06 17:58:46,836 - root - INFO - tail hit:0.7645, tail mean rank:13.0139, topn:10.
2021-03-06 17:58:46,837 - root - INFO - avg hit:0.5277, avg mean rank:202.9391, topn:10.
2021-03-06 17:58:47,699 - root - INFO - head hit:0.2768, head mean rank:335.0435, topn:10.
2021-03-06 17:58:47,700 - root - INFO - tail hit:0.8029, tail mean rank:9.7667, topn:10.
2021-03-06 17:58:47,700 - root - INFO - avg hit:0.5399, avg mean rank:172.4051, topn:10.
2021-03-06 17:58:47,701 - root - INFO - No improvement after one epoch. Lowering learning rate.
2021-03-06 17:59:13,645 - root - INFO - No improvement after 24363 steps. Stopping training.
