2021-03-06 18:12:11,855 - root - INFO - Flag Values:
{
    "L1_flag": true,
    "batch_size": 256,
    "ckpt_path": "/home/juarez/git/results/JIIS-revised-exp1/ml-sun_ho_fKG/",
    "clipping_max_value": 5.0,
    "data_path": "/home/juarez/git/datasets/JIIS-revised-exp1/ml-sun_ho_fKG/cao-format/",
    "dataset": "ml1m",
    "early_stopping_steps_to_wait": 13317,
    "embedding_size": 100,
    "eval_interval_steps": 2663,
    "eval_only_mode": false,
    "experiment_name": "ml1m-transup-1615065131",
    "filter_wrong_corrupted": true,
    "has_visualization": false,
    "is_report": false,
    "joint_ratio": 0.5,
    "kg_lambda": 1.0,
    "kg_test_files": null,
    "l2_lambda": 1e-05,
    "learning_rate": 0.005,
    "learning_rate_decay_when_no_progress": 0.5,
    "load_ckpt_file": "/home/juarez/git/results/JIIS-revised-exp1/ml-sun_ho_fKG/ml1m-bprmf-pretrained.ckpt",
    "load_experiment_name": null,
    "log_level": "debug",
    "log_path": "/home/juarez/git/results/JIIS-revised-exp1/ml-sun_ho_fKG/",
    "margin": 1.0,
    "max_queue": 10,
    "model_type": "transup",
    "momentum": 0.9,
    "negtive_samples": 1,
    "norm_lambda": 1.0,
    "num_preferences": 3,
    "num_processes": 4,
    "optimizer_type": "Adagrad",
    "rec_test_files": "valid.dat:test.dat",
    "seed": 0,
    "share_embeddings": false,
    "topn": 10,
    "training_steps": 266300,
    "use_st_gumbel": false,
    "visualization_port": 8097
}
2021-03-06 18:12:12,093 - root - INFO - Totally 69982 train ratings, 9998,19995 eval ratings in files: /home/juarez/git/datasets/JIIS-revised-exp1/ml-sun_ho_fKG/cao-format/ml1m/valid.dat;/home/juarez/git/datasets/JIIS-revised-exp1/ml-sun_ho_fKG/cao-format/ml1m/test.dat!
2021-03-06 18:12:12,096 - root - INFO - successfully load 943 users and 1675 items!
2021-03-06 18:12:12,176 - root - INFO - Building model.
2021-03-06 18:12:13,450 - root - INFO - Architecture: TransUPModel(
  (user_embeddings): Embedding(943, 100)
  (item_embeddings): Embedding(1675, 100)
  (pref_embeddings): Embedding(3, 100)
  (pref_norm_embeddings): Embedding(3, 100)
)
2021-03-06 18:12:13,451 - root - INFO - Total params: 262400.0
2021-03-06 18:12:13,451 - root - INFO - One epoch is 274 steps.
2021-03-06 18:12:13,452 - root - INFO - Found checkpoint, restoring pre-trained embeddings.
2021-03-06 18:12:13,456 - root - INFO - Load Embeddings of user_embeddings.weight, item_embeddings.weight from /home/juarez/git/results/JIIS-revised-exp1/ml-sun_ho_fKG/ml1m-bprmf-pretrained.ckpt.
2021-03-06 18:12:13,456 - root - INFO - Training.
2021-03-06 18:12:13,456 - root - INFO - train loss:0.0000!
2021-03-06 18:12:14,814 - root - INFO - f1:0.0701, p:0.0954, r:0.0693, hit:0.4443, ndcg:0.2733, topn:10.
2021-03-06 18:12:16,005 - root - INFO - f1:0.0750, p:0.1558, r:0.0598, hit:0.5557, ndcg:0.3493, topn:10.
2021-03-06 18:12:39,789 - root - INFO - train loss:80.8812!
2021-03-06 18:12:41,050 - root - INFO - f1:0.1376, p:0.1604, r:0.1690, hit:0.6957, ndcg:0.4458, topn:10.
2021-03-06 18:12:42,292 - root - INFO - f1:0.1689, p:0.2758, r:0.1601, hit:0.8611, ndcg:0.5867, topn:10.
2021-03-06 18:12:42,295 - root - INFO - Checkpointing ...
2021-03-06 18:13:05,727 - root - INFO - train loss:0.1728!
2021-03-06 18:13:07,004 - root - INFO - f1:0.1432, p:0.1665, r:0.1759, hit:0.7105, ndcg:0.4601, topn:10.
2021-03-06 18:13:08,296 - root - INFO - f1:0.1757, p:0.2840, r:0.1676, hit:0.8674, ndcg:0.5960, topn:10.
2021-03-06 18:13:08,300 - root - INFO - Checkpointing ...
2021-03-06 18:13:30,138 - root - INFO - train loss:0.1623!
2021-03-06 18:13:31,288 - root - INFO - f1:0.1481, p:0.1718, r:0.1825, hit:0.7222, ndcg:0.4682, topn:10.
2021-03-06 18:13:32,584 - root - INFO - f1:0.1798, p:0.2900, r:0.1713, hit:0.8696, ndcg:0.6035, topn:10.
2021-03-06 18:13:32,588 - root - INFO - Checkpointing ...
2021-03-06 18:13:55,364 - root - INFO - train loss:0.1556!
2021-03-06 18:13:56,649 - root - INFO - f1:0.1516, p:0.1759, r:0.1861, hit:0.7275, ndcg:0.4775, topn:10.
2021-03-06 18:13:57,961 - root - INFO - f1:0.1842, p:0.2957, r:0.1759, hit:0.8780, ndcg:0.6088, topn:10.
2021-03-06 18:13:57,966 - root - INFO - Checkpointing ...
2021-03-06 18:14:18,398 - root - INFO - train loss:0.1511!
2021-03-06 18:14:19,627 - root - INFO - f1:0.1549, p:0.1797, r:0.1910, hit:0.7402, ndcg:0.4878, topn:10.
2021-03-06 18:14:20,885 - root - INFO - f1:0.1878, p:0.3005, r:0.1792, hit:0.8802, ndcg:0.6124, topn:10.
2021-03-06 18:14:20,890 - root - INFO - Checkpointing ...
2021-03-06 18:14:42,201 - root - INFO - train loss:0.1475!
2021-03-06 18:14:43,377 - root - INFO - f1:0.1572, p:0.1823, r:0.1932, hit:0.7423, ndcg:0.4906, topn:10.
2021-03-06 18:14:44,569 - root - INFO - f1:0.1902, p:0.3049, r:0.1813, hit:0.8844, ndcg:0.6189, topn:10.
2021-03-06 18:14:44,573 - root - INFO - Checkpointing ...
2021-03-06 18:15:05,080 - root - INFO - train loss:0.1438!
2021-03-06 18:15:06,606 - root - INFO - f1:0.1581, p:0.1832, r:0.1959, hit:0.7466, ndcg:0.4949, topn:10.
2021-03-06 18:15:07,779 - root - INFO - f1:0.1926, p:0.3078, r:0.1842, hit:0.8834, ndcg:0.6194, topn:10.
2021-03-06 18:15:07,783 - root - INFO - Checkpointing ...
2021-03-06 18:15:30,243 - root - INFO - train loss:0.1417!
2021-03-06 18:15:31,531 - root - INFO - f1:0.1594, p:0.1848, r:0.1970, hit:0.7487, ndcg:0.4985, topn:10.
2021-03-06 18:15:32,795 - root - INFO - f1:0.1937, p:0.3105, r:0.1848, hit:0.8887, ndcg:0.6241, topn:10.
2021-03-06 18:15:32,799 - root - INFO - Checkpointing ...
2021-03-06 18:15:55,718 - root - INFO - train loss:0.1390!
2021-03-06 18:15:57,016 - root - INFO - f1:0.1608, p:0.1859, r:0.1994, hit:0.7529, ndcg:0.5013, topn:10.
2021-03-06 18:15:58,255 - root - INFO - f1:0.1961, p:0.3135, r:0.1877, hit:0.8897, ndcg:0.6257, topn:10.
2021-03-06 18:15:58,259 - root - INFO - Checkpointing ...
2021-03-06 18:16:19,783 - root - INFO - train loss:0.1368!
2021-03-06 18:16:21,056 - root - INFO - f1:0.1631, p:0.1885, r:0.2024, hit:0.7550, ndcg:0.5023, topn:10.
2021-03-06 18:16:22,325 - root - INFO - f1:0.1989, p:0.3175, r:0.1905, hit:0.8897, ndcg:0.6285, topn:10.
2021-03-06 18:16:22,329 - root - INFO - Checkpointing ...
2021-03-06 18:16:43,690 - root - INFO - train loss:0.1346!
2021-03-06 18:16:44,983 - root - INFO - f1:0.1653, p:0.1911, r:0.2052, hit:0.7625, ndcg:0.5070, topn:10.
2021-03-06 18:16:46,221 - root - INFO - f1:0.2003, p:0.3192, r:0.1921, hit:0.8897, ndcg:0.6306, topn:10.
2021-03-06 18:16:46,224 - root - INFO - Checkpointing ...
2021-03-06 18:17:08,370 - root - INFO - train loss:0.1334!
2021-03-06 18:17:09,669 - root - INFO - f1:0.1664, p:0.1923, r:0.2070, hit:0.7646, ndcg:0.5131, topn:10.
2021-03-06 18:17:10,991 - root - INFO - f1:0.2023, p:0.3217, r:0.1943, hit:0.8950, ndcg:0.6354, topn:10.
2021-03-06 18:17:10,995 - root - INFO - Checkpointing ...
2021-03-06 18:17:32,118 - root - INFO - train loss:0.1317!
2021-03-06 18:17:33,426 - root - INFO - f1:0.1673, p:0.1935, r:0.2080, hit:0.7667, ndcg:0.5122, topn:10.
2021-03-06 18:17:34,655 - root - INFO - f1:0.2032, p:0.3232, r:0.1953, hit:0.8971, ndcg:0.6376, topn:10.
2021-03-06 18:17:34,659 - root - INFO - Checkpointing ...
2021-03-06 18:17:57,181 - root - INFO - train loss:0.1303!
2021-03-06 18:17:58,460 - root - INFO - f1:0.1682, p:0.1945, r:0.2096, hit:0.7678, ndcg:0.5146, topn:10.
2021-03-06 18:17:59,759 - root - INFO - f1:0.2045, p:0.3251, r:0.1966, hit:0.8993, ndcg:0.6381, topn:10.
2021-03-06 18:17:59,762 - root - INFO - Checkpointing ...
2021-03-06 18:18:21,735 - root - INFO - train loss:0.1290!
2021-03-06 18:18:22,968 - root - INFO - f1:0.1702, p:0.1967, r:0.2127, hit:0.7731, ndcg:0.5179, topn:10.
2021-03-06 18:18:24,205 - root - INFO - f1:0.2065, p:0.3275, r:0.1989, hit:0.9014, ndcg:0.6392, topn:10.
2021-03-06 18:18:24,210 - root - INFO - Checkpointing ...
2021-03-06 18:18:45,965 - root - INFO - train loss:0.1282!
2021-03-06 18:18:47,260 - root - INFO - f1:0.1720, p:0.1985, r:0.2149, hit:0.7794, ndcg:0.5234, topn:10.
2021-03-06 18:18:48,513 - root - INFO - f1:0.2092, p:0.3314, r:0.2013, hit:0.9035, ndcg:0.6424, topn:10.
2021-03-06 18:18:48,516 - root - INFO - Checkpointing ...
2021-03-06 18:19:11,723 - root - INFO - train loss:0.1273!
2021-03-06 18:19:13,009 - root - INFO - f1:0.1722, p:0.1993, r:0.2148, hit:0.7805, ndcg:0.5252, topn:10.
2021-03-06 18:19:14,316 - root - INFO - f1:0.2091, p:0.3312, r:0.2013, hit:0.9056, ndcg:0.6453, topn:10.
2021-03-06 18:19:14,320 - root - INFO - Checkpointing ...
2021-03-06 18:19:35,351 - root - INFO - train loss:0.1262!
2021-03-06 18:19:36,645 - root - INFO - f1:0.1726, p:0.1998, r:0.2141, hit:0.7784, ndcg:0.5266, topn:10.
2021-03-06 18:19:37,864 - root - INFO - f1:0.2099, p:0.3323, r:0.2021, hit:0.9046, ndcg:0.6443, topn:10.
2021-03-06 18:19:37,868 - root - INFO - Checkpointing ...
2021-03-06 18:19:59,708 - root - INFO - train loss:0.1253!
2021-03-06 18:20:00,984 - root - INFO - f1:0.1742, p:0.2006, r:0.2171, hit:0.7847, ndcg:0.5297, topn:10.
2021-03-06 18:20:02,166 - root - INFO - f1:0.2113, p:0.3343, r:0.2034, hit:0.9035, ndcg:0.6467, topn:10.
2021-03-06 18:20:02,171 - root - INFO - Checkpointing ...
2021-03-06 18:20:23,813 - root - INFO - train loss:0.1242!
2021-03-06 18:20:25,341 - root - INFO - f1:0.1756, p:0.2023, r:0.2184, hit:0.7847, ndcg:0.5309, topn:10.
2021-03-06 18:20:26,576 - root - INFO - f1:0.2127, p:0.3361, r:0.2047, hit:0.9067, ndcg:0.6479, topn:10.
2021-03-06 18:20:26,580 - root - INFO - Checkpointing ...
2021-03-06 18:20:48,440 - root - INFO - train loss:0.1234!
2021-03-06 18:20:49,691 - root - INFO - f1:0.1761, p:0.2032, r:0.2178, hit:0.7794, ndcg:0.5318, topn:10.
2021-03-06 18:20:51,005 - root - INFO - f1:0.2130, p:0.3369, r:0.2049, hit:0.9099, ndcg:0.6538, topn:10.
2021-03-06 18:20:51,010 - root - INFO - Checkpointing ...
2021-03-06 18:21:13,046 - root - INFO - train loss:0.1226!
2021-03-06 18:21:14,321 - root - INFO - f1:0.1770, p:0.2046, r:0.2193, hit:0.7869, ndcg:0.5342, topn:10.
2021-03-06 18:21:15,545 - root - INFO - f1:0.2133, p:0.3374, r:0.2049, hit:0.9067, ndcg:0.6528, topn:10.
2021-03-06 18:21:15,548 - root - INFO - Checkpointing ...
2021-03-06 18:21:37,571 - root - INFO - train loss:0.1218!
2021-03-06 18:21:38,904 - root - INFO - f1:0.1777, p:0.2059, r:0.2198, hit:0.7815, ndcg:0.5337, topn:10.
2021-03-06 18:21:40,187 - root - INFO - f1:0.2141, p:0.3389, r:0.2062, hit:0.9099, ndcg:0.6559, topn:10.
2021-03-06 18:21:40,191 - root - INFO - Checkpointing ...
2021-03-06 18:22:02,483 - root - INFO - train loss:0.1209!
2021-03-06 18:22:03,746 - root - INFO - f1:0.1789, p:0.2069, r:0.2212, hit:0.7858, ndcg:0.5359, topn:10.
2021-03-06 18:22:04,993 - root - INFO - f1:0.2152, p:0.3405, r:0.2071, hit:0.9109, ndcg:0.6578, topn:10.
2021-03-06 18:22:04,997 - root - INFO - Checkpointing ...
2021-03-06 18:22:27,254 - root - INFO - train loss:0.1203!
2021-03-06 18:22:28,556 - root - INFO - f1:0.1788, p:0.2066, r:0.2219, hit:0.7837, ndcg:0.5357, topn:10.
2021-03-06 18:22:29,823 - root - INFO - f1:0.2154, p:0.3418, r:0.2069, hit:0.9109, ndcg:0.6603, topn:10.
2021-03-06 18:22:29,827 - root - INFO - No improvement after one epoch. Lowering learning rate.
2021-03-06 18:22:50,693 - root - INFO - train loss:0.1239!
2021-03-06 18:22:51,956 - root - INFO - f1:0.1866, p:0.2146, r:0.2335, hit:0.7953, ndcg:0.5487, topn:10.
2021-03-06 18:22:53,246 - root - INFO - f1:0.2220, p:0.3509, r:0.2132, hit:0.9173, ndcg:0.6778, topn:10.
2021-03-06 18:22:53,250 - root - INFO - Checkpointing ...
2021-03-06 18:23:15,025 - root - INFO - train loss:0.1180!
2021-03-06 18:23:16,307 - root - INFO - f1:0.1907, p:0.2192, r:0.2388, hit:0.8081, ndcg:0.5623, topn:10.
2021-03-06 18:23:17,558 - root - INFO - f1:0.2262, p:0.3573, r:0.2171, hit:0.9215, ndcg:0.6859, topn:10.
2021-03-06 18:23:17,566 - root - INFO - Checkpointing ...
2021-03-06 18:23:39,249 - root - INFO - train loss:0.1153!
2021-03-06 18:23:40,514 - root - INFO - f1:0.1937, p:0.2217, r:0.2443, hit:0.8155, ndcg:0.5672, topn:10.
2021-03-06 18:23:41,784 - root - INFO - f1:0.2279, p:0.3594, r:0.2190, hit:0.9226, ndcg:0.6885, topn:10.
2021-03-06 18:23:41,787 - root - INFO - Checkpointing ...
2021-03-06 18:24:02,598 - root - INFO - train loss:0.1135!
2021-03-06 18:24:03,808 - root - INFO - f1:0.1963, p:0.2246, r:0.2473, hit:0.8176, ndcg:0.5715, topn:10.
2021-03-06 18:24:05,041 - root - INFO - f1:0.2305, p:0.3630, r:0.2219, hit:0.9247, ndcg:0.6902, topn:10.
2021-03-06 18:24:05,045 - root - INFO - Checkpointing ...
2021-03-06 18:24:27,513 - root - INFO - train loss:0.1122!
2021-03-06 18:24:28,833 - root - INFO - f1:0.1965, p:0.2249, r:0.2478, hit:0.8165, ndcg:0.5722, topn:10.
2021-03-06 18:24:30,060 - root - INFO - f1:0.2325, p:0.3664, r:0.2232, hit:0.9215, ndcg:0.6918, topn:10.
2021-03-06 18:24:30,064 - root - INFO - Checkpointing ...
2021-03-06 18:24:50,868 - root - INFO - train loss:0.1112!
2021-03-06 18:24:52,128 - root - INFO - f1:0.1997, p:0.2280, r:0.2526, hit:0.8250, ndcg:0.5728, topn:10.
2021-03-06 18:24:53,394 - root - INFO - f1:0.2348, p:0.3685, r:0.2262, hit:0.9268, ndcg:0.6934, topn:10.
2021-03-06 18:24:53,398 - root - INFO - Checkpointing ...
2021-03-06 18:25:15,396 - root - INFO - train loss:0.1106!
2021-03-06 18:25:16,719 - root - INFO - f1:0.1996, p:0.2280, r:0.2524, hit:0.8250, ndcg:0.5773, topn:10.
2021-03-06 18:25:17,945 - root - INFO - f1:0.2348, p:0.3691, r:0.2261, hit:0.9279, ndcg:0.6974, topn:10.
2021-03-06 18:25:17,950 - root - INFO - No improvement after one epoch. Lowering learning rate.
2021-03-06 18:25:39,335 - root - INFO - train loss:0.1117!
2021-03-06 18:25:40,625 - root - INFO - f1:0.2005, p:0.2297, r:0.2529, hit:0.8261, ndcg:0.5808, topn:10.
2021-03-06 18:25:42,083 - root - INFO - f1:0.2356, p:0.3707, r:0.2261, hit:0.9236, ndcg:0.6999, topn:10.
2021-03-06 18:25:42,086 - root - INFO - Checkpointing ...
2021-03-06 18:26:02,194 - root - INFO - train loss:0.1092!
2021-03-06 18:26:03,504 - root - INFO - f1:0.2022, p:0.2311, r:0.2554, hit:0.8282, ndcg:0.5816, topn:10.
2021-03-06 18:26:04,762 - root - INFO - f1:0.2368, p:0.3722, r:0.2274, hit:0.9236, ndcg:0.7014, topn:10.
2021-03-06 18:26:04,766 - root - INFO - Checkpointing ...
2021-03-06 18:26:26,147 - root - INFO - train loss:0.1076!
2021-03-06 18:26:27,339 - root - INFO - f1:0.2031, p:0.2319, r:0.2569, hit:0.8293, ndcg:0.5822, topn:10.
2021-03-06 18:26:28,557 - root - INFO - f1:0.2383, p:0.3743, r:0.2284, hit:0.9226, ndcg:0.7038, topn:10.
2021-03-06 18:26:28,562 - root - INFO - Checkpointing ...
2021-03-06 18:26:48,453 - root - INFO - train loss:0.1073!
2021-03-06 18:26:49,692 - root - INFO - f1:0.2025, p:0.2314, r:0.2554, hit:0.8271, ndcg:0.5840, topn:10.
2021-03-06 18:26:50,975 - root - INFO - f1:0.2392, p:0.3762, r:0.2291, hit:0.9215, ndcg:0.7049, topn:10.
2021-03-06 18:26:50,978 - root - INFO - No improvement after one epoch. Lowering learning rate.
2021-03-06 18:27:12,927 - root - INFO - train loss:0.1077!
2021-03-06 18:27:14,142 - root - INFO - f1:0.2028, p:0.2321, r:0.2555, hit:0.8314, ndcg:0.5876, topn:10.
2021-03-06 18:27:15,382 - root - INFO - f1:0.2392, p:0.3756, r:0.2293, hit:0.9226, ndcg:0.7033, topn:10.
2021-03-06 18:27:15,387 - root - INFO - No improvement after one epoch. Lowering learning rate.
2021-03-06 18:27:37,368 - root - INFO - train loss:0.1070!
2021-03-06 18:27:38,607 - root - INFO - f1:0.2037, p:0.2334, r:0.2562, hit:0.8335, ndcg:0.5893, topn:10.
2021-03-06 18:27:39,849 - root - INFO - f1:0.2380, p:0.3751, r:0.2276, hit:0.9205, ndcg:0.7051, topn:10.
2021-03-06 18:27:39,853 - root - INFO - Checkpointing ...
2021-03-06 18:28:00,576 - root - INFO - train loss:0.1065!
2021-03-06 18:28:01,863 - root - INFO - f1:0.2032, p:0.2327, r:0.2558, hit:0.8314, ndcg:0.5885, topn:10.
2021-03-06 18:28:03,141 - root - INFO - f1:0.2386, p:0.3762, r:0.2280, hit:0.9205, ndcg:0.7054, topn:10.
2021-03-06 18:28:03,145 - root - INFO - No improvement after one epoch. Lowering learning rate.
2021-03-06 18:28:24,125 - root - INFO - train loss:0.1061!
2021-03-06 18:28:25,411 - root - INFO - f1:0.2032, p:0.2329, r:0.2554, hit:0.8314, ndcg:0.5885, topn:10.
2021-03-06 18:28:26,642 - root - INFO - f1:0.2394, p:0.3775, r:0.2288, hit:0.9194, ndcg:0.7033, topn:10.
2021-03-06 18:28:26,646 - root - INFO - No improvement after one epoch. Lowering learning rate.
2021-03-06 18:28:48,745 - root - INFO - train loss:0.1056!
2021-03-06 18:28:49,942 - root - INFO - f1:0.2032, p:0.2329, r:0.2555, hit:0.8314, ndcg:0.5882, topn:10.
2021-03-06 18:28:51,204 - root - INFO - f1:0.2393, p:0.3774, r:0.2286, hit:0.9194, ndcg:0.7039, topn:10.
2021-03-06 18:28:51,208 - root - INFO - No improvement after one epoch. Lowering learning rate.
2021-03-06 18:29:12,963 - root - INFO - train loss:0.1062!
2021-03-06 18:29:14,254 - root - INFO - f1:0.2031, p:0.2329, r:0.2550, hit:0.8303, ndcg:0.5882, topn:10.
2021-03-06 18:29:15,551 - root - INFO - f1:0.2393, p:0.3775, r:0.2287, hit:0.9205, ndcg:0.7042, topn:10.
2021-03-06 18:29:15,554 - root - INFO - No improvement after one epoch. Lowering learning rate.
2021-03-06 18:29:36,835 - root - INFO - train loss:0.1060!
2021-03-06 18:29:38,064 - root - INFO - f1:0.2033, p:0.2330, r:0.2557, hit:0.8303, ndcg:0.5878, topn:10.
2021-03-06 18:29:39,327 - root - INFO - f1:0.2396, p:0.3777, r:0.2290, hit:0.9205, ndcg:0.7037, topn:10.
2021-03-06 18:29:39,332 - root - INFO - No improvement after one epoch. Lowering learning rate.
2021-03-06 18:29:39,392 - root - INFO - No improvement after 13317 steps. Stopping training.
2021-03-06 18:29:40,982 - root - INFO - From CaseRecommender evaluator: {'PREC@10': 0.232874, 'RECALL@10': 0.255616, 'NDCG@10': 0.587752, 'MAP@10': 0.473956, 'MAP': 0.473956}.
2021-03-06 18:29:41,245 - root - INFO - From kg-summ-rec diversity evaluator: {'GENRE_COVERAGE@10': 0.474903, 'GENRE_REDUNDANCY@10': 0.431773, 'ILD_GENRE@10': 0.810239}.
2021-03-06 18:29:42,893 - root - INFO - From CaseRecommender evaluator: {'PREC@10': 0.377837, 'RECALL@10': 0.229051, 'NDCG@10': 0.703692, 'MAP@10': 0.60323, 'MAP': 0.60323}.
2021-03-06 18:29:43,097 - root - INFO - From kg-summ-rec diversity evaluator: {'GENRE_COVERAGE@10': 0.472826, 'GENRE_REDUNDANCY@10': 0.428844, 'ILD_GENRE@10': 0.808658}.
