2021-03-06 18:05:47,393 - root - INFO - Flag Values:
{
    "L1_flag": false,
    "batch_size": 256,
    "ckpt_path": "/home/juarez/git/results/JIIS-revised-exp1/ml-sun_ho_fKG/",
    "clipping_max_value": 5.0,
    "data_path": "/home/juarez/git/datasets/JIIS-revised-exp1/ml-sun_ho_fKG/cao-format/",
    "dataset": "ml1m",
    "early_stopping_steps_to_wait": 1331,
    "embedding_size": 100,
    "eval_interval_steps": 266,
    "eval_only_mode": false,
    "experiment_name": "ml1m-bprmf-1615064747",
    "filter_wrong_corrupted": true,
    "has_visualization": false,
    "is_report": false,
    "joint_ratio": 0.5,
    "kg_lambda": 1.0,
    "kg_test_files": null,
    "l2_lambda": 1e-05,
    "learning_rate": 0.005,
    "learning_rate_decay_when_no_progress": 0.5,
    "load_ckpt_file": null,
    "load_experiment_name": null,
    "log_level": "debug",
    "log_path": "/home/juarez/git/results/JIIS-revised-exp1/ml-sun_ho_fKG/",
    "margin": 1.0,
    "max_queue": 10,
    "model_type": "bprmf",
    "momentum": 0.9,
    "negtive_samples": 1,
    "norm_lambda": 1.0,
    "num_preferences": 4,
    "num_processes": 4,
    "optimizer_type": "Adagrad",
    "rec_test_files": "valid.dat:test.dat",
    "seed": 0,
    "share_embeddings": false,
    "topn": 10,
    "training_steps": 26630,
    "use_st_gumbel": false,
    "visualization_port": 8097
}
2021-03-06 18:05:47,754 - root - INFO - Totally 69982 train ratings, 9998,19995 eval ratings in files: /home/juarez/git/datasets/JIIS-revised-exp1/ml-sun_ho_fKG/cao-format/ml1m/valid.dat;/home/juarez/git/datasets/JIIS-revised-exp1/ml-sun_ho_fKG/cao-format/ml1m/test.dat!
2021-03-06 18:05:47,774 - root - INFO - successfully load 943 users and 1675 items!
2021-03-06 18:05:47,866 - root - INFO - Building model.
2021-03-06 18:05:48,977 - root - INFO - Architecture: BPRMF(
  (user_embeddings): Embedding(943, 100)
  (item_embeddings): Embedding(1675, 100)
)
2021-03-06 18:05:48,977 - root - INFO - Total params: 261800.0
2021-03-06 18:05:48,977 - root - INFO - One epoch is 274 steps.
2021-03-06 18:05:48,978 - root - INFO - Training.
2021-03-06 18:05:48,978 - root - INFO - train loss:0.0000!
2021-03-06 18:05:50,107 - root - INFO - f1:0.0064, p:0.0078, r:0.0071, hit:0.0721, ndcg:0.0367, topn:10.
2021-03-06 18:05:51,085 - root - INFO - f1:0.0072, p:0.0140, r:0.0062, hit:0.1198, ndcg:0.0661, topn:10.
2021-03-06 18:05:52,490 - root - INFO - train loss:0.6949!
2021-03-06 18:05:53,495 - root - INFO - f1:0.0075, p:0.0095, r:0.0079, hit:0.0870, ndcg:0.0494, topn:10.
2021-03-06 18:05:54,499 - root - INFO - f1:0.0093, p:0.0181, r:0.0078, hit:0.1580, ndcg:0.0875, topn:10.
2021-03-06 18:05:54,502 - root - INFO - Checkpointing ...
2021-03-06 18:05:55,810 - root - INFO - train loss:0.6871!
2021-03-06 18:05:56,831 - root - INFO - f1:0.0081, p:0.0104, r:0.0086, hit:0.0923, ndcg:0.0549, topn:10.
2021-03-06 18:05:57,807 - root - INFO - f1:0.0104, p:0.0201, r:0.0088, hit:0.1729, ndcg:0.0951, topn:10.
2021-03-06 18:05:57,811 - root - INFO - Checkpointing ...
2021-03-06 18:05:59,372 - root - INFO - train loss:0.6824!
2021-03-06 18:06:00,381 - root - INFO - f1:0.0098, p:0.0125, r:0.0104, hit:0.1103, ndcg:0.0630, topn:10.
2021-03-06 18:06:01,351 - root - INFO - f1:0.0118, p:0.0227, r:0.0100, hit:0.1845, ndcg:0.1012, topn:10.
2021-03-06 18:06:01,355 - root - INFO - Checkpointing ...
2021-03-06 18:06:03,018 - root - INFO - train loss:0.6780!
2021-03-06 18:06:04,002 - root - INFO - f1:0.0111, p:0.0146, r:0.0113, hit:0.1188, ndcg:0.0680, topn:10.
2021-03-06 18:06:05,023 - root - INFO - f1:0.0139, p:0.0271, r:0.0117, hit:0.2153, ndcg:0.1151, topn:10.
2021-03-06 18:06:05,028 - root - INFO - Checkpointing ...
2021-03-06 18:06:06,599 - root - INFO - train loss:0.6737!
2021-03-06 18:06:07,571 - root - INFO - f1:0.0132, p:0.0174, r:0.0137, hit:0.1357, ndcg:0.0797, topn:10.
2021-03-06 18:06:08,580 - root - INFO - f1:0.0173, p:0.0345, r:0.0142, hit:0.2503, ndcg:0.1368, topn:10.
2021-03-06 18:06:08,583 - root - INFO - Checkpointing ...
2021-03-06 18:06:10,234 - root - INFO - train loss:0.6687!
2021-03-06 18:06:11,225 - root - INFO - f1:0.0166, p:0.0221, r:0.0177, hit:0.1644, ndcg:0.0952, topn:10.
2021-03-06 18:06:12,163 - root - INFO - f1:0.0203, p:0.0415, r:0.0164, hit:0.2821, ndcg:0.1588, topn:10.
2021-03-06 18:06:12,166 - root - INFO - Checkpointing ...
2021-03-06 18:06:13,808 - root - INFO - train loss:0.6622!
2021-03-06 18:06:14,931 - root - INFO - f1:0.0202, p:0.0271, r:0.0211, hit:0.1941, ndcg:0.1120, topn:10.
2021-03-06 18:06:15,905 - root - INFO - f1:0.0244, p:0.0502, r:0.0196, hit:0.3181, ndcg:0.1850, topn:10.
2021-03-06 18:06:15,910 - root - INFO - Checkpointing ...
2021-03-06 18:06:17,348 - root - INFO - train loss:0.6553!
2021-03-06 18:06:18,331 - root - INFO - f1:0.0240, p:0.0326, r:0.0244, hit:0.2280, ndcg:0.1319, topn:10.
2021-03-06 18:06:19,323 - root - INFO - f1:0.0294, p:0.0618, r:0.0231, hit:0.3584, ndcg:0.2087, topn:10.
2021-03-06 18:06:19,327 - root - INFO - Checkpointing ...
2021-03-06 18:06:20,869 - root - INFO - train loss:0.6477!
2021-03-06 18:06:21,844 - root - INFO - f1:0.0302, p:0.0407, r:0.0309, hit:0.2641, ndcg:0.1523, topn:10.
2021-03-06 18:06:22,875 - root - INFO - f1:0.0349, p:0.0736, r:0.0275, hit:0.3913, ndcg:0.2344, topn:10.
2021-03-06 18:06:22,881 - root - INFO - Checkpointing ...
2021-03-06 18:06:24,717 - root - INFO - train loss:0.6392!
2021-03-06 18:06:25,736 - root - INFO - f1:0.0378, p:0.0503, r:0.0400, hit:0.3097, ndcg:0.1779, topn:10.
2021-03-06 18:06:26,771 - root - INFO - f1:0.0422, p:0.0885, r:0.0330, hit:0.4305, ndcg:0.2571, topn:10.
2021-03-06 18:06:26,774 - root - INFO - Checkpointing ...
2021-03-06 18:06:28,755 - root - INFO - train loss:0.6295!
2021-03-06 18:06:29,822 - root - INFO - f1:0.0443, p:0.0591, r:0.0465, hit:0.3415, ndcg:0.2004, topn:10.
2021-03-06 18:06:30,854 - root - INFO - f1:0.0493, p:0.1022, r:0.0386, hit:0.4719, ndcg:0.2850, topn:10.
2021-03-06 18:06:30,857 - root - INFO - Checkpointing ...
2021-03-06 18:06:32,355 - root - INFO - train loss:0.6180!
2021-03-06 18:06:33,361 - root - INFO - f1:0.0499, p:0.0669, r:0.0512, hit:0.3722, ndcg:0.2209, topn:10.
2021-03-06 18:06:34,371 - root - INFO - f1:0.0580, p:0.1183, r:0.0460, hit:0.5090, ndcg:0.3129, topn:10.
2021-03-06 18:06:34,375 - root - INFO - Checkpointing ...
2021-03-06 18:06:36,018 - root - INFO - train loss:0.6066!
2021-03-06 18:06:37,082 - root - INFO - f1:0.0565, p:0.0754, r:0.0580, hit:0.4030, ndcg:0.2420, topn:10.
2021-03-06 18:06:38,105 - root - INFO - f1:0.0653, p:0.1310, r:0.0527, hit:0.5387, ndcg:0.3393, topn:10.
2021-03-06 18:06:38,110 - root - INFO - Checkpointing ...
2021-03-06 18:06:39,912 - root - INFO - train loss:0.5942!
2021-03-06 18:06:40,987 - root - INFO - f1:0.0617, p:0.0817, r:0.0642, hit:0.4274, ndcg:0.2619, topn:10.
2021-03-06 18:06:42,038 - root - INFO - f1:0.0711, p:0.1407, r:0.0586, hit:0.5589, ndcg:0.3601, topn:10.
2021-03-06 18:06:42,042 - root - INFO - Checkpointing ...
2021-03-06 18:06:43,791 - root - INFO - train loss:0.5810!
2021-03-06 18:06:44,817 - root - INFO - f1:0.0672, p:0.0879, r:0.0710, hit:0.4475, ndcg:0.2802, topn:10.
2021-03-06 18:06:45,835 - root - INFO - f1:0.0766, p:0.1509, r:0.0631, hit:0.5811, ndcg:0.3760, topn:10.
2021-03-06 18:06:45,839 - root - INFO - Checkpointing ...
2021-03-06 18:06:47,560 - root - INFO - train loss:0.5667!
2021-03-06 18:06:48,567 - root - INFO - f1:0.0715, p:0.0925, r:0.0775, hit:0.4581, ndcg:0.2891, topn:10.
2021-03-06 18:06:49,574 - root - INFO - f1:0.0819, p:0.1604, r:0.0673, hit:0.5949, ndcg:0.3903, topn:10.
2021-03-06 18:06:49,578 - root - INFO - Checkpointing ...
2021-03-06 18:06:51,561 - root - INFO - train loss:0.5528!
2021-03-06 18:06:52,654 - root - INFO - f1:0.0746, p:0.0964, r:0.0817, hit:0.4666, ndcg:0.2987, topn:10.
2021-03-06 18:06:53,656 - root - INFO - f1:0.0870, p:0.1701, r:0.0714, hit:0.6172, ndcg:0.4087, topn:10.
2021-03-06 18:06:53,660 - root - INFO - Checkpointing ...
2021-03-06 18:06:55,031 - root - INFO - train loss:0.5390!
2021-03-06 18:06:56,113 - root - INFO - f1:0.0782, p:0.1005, r:0.0869, hit:0.4825, ndcg:0.3120, topn:10.
2021-03-06 18:06:57,175 - root - INFO - f1:0.0919, p:0.1777, r:0.0765, hit:0.6352, ndcg:0.4219, topn:10.
2021-03-06 18:06:57,179 - root - INFO - Checkpointing ...
2021-03-06 18:06:58,915 - root - INFO - train loss:0.5239!
2021-03-06 18:06:59,962 - root - INFO - f1:0.0812, p:0.1041, r:0.0904, hit:0.4952, ndcg:0.3211, topn:10.
2021-03-06 18:07:00,972 - root - INFO - f1:0.0956, p:0.1827, r:0.0804, hit:0.6532, ndcg:0.4382, topn:10.
2021-03-06 18:07:00,977 - root - INFO - Checkpointing ...
2021-03-06 18:07:02,579 - root - INFO - train loss:0.5109!
2021-03-06 18:07:03,590 - root - INFO - f1:0.0828, p:0.1063, r:0.0924, hit:0.5027, ndcg:0.3271, topn:10.
2021-03-06 18:07:04,785 - root - INFO - f1:0.0996, p:0.1889, r:0.0842, hit:0.6670, ndcg:0.4517, topn:10.
2021-03-06 18:07:04,790 - root - INFO - Checkpointing ...
2021-03-06 18:07:06,623 - root - INFO - train loss:0.4982!
2021-03-06 18:07:07,625 - root - INFO - f1:0.0851, p:0.1083, r:0.0945, hit:0.5143, ndcg:0.3370, topn:10.
2021-03-06 18:07:08,633 - root - INFO - f1:0.1042, p:0.1960, r:0.0886, hit:0.6755, ndcg:0.4627, topn:10.
2021-03-06 18:07:08,637 - root - INFO - Checkpointing ...
2021-03-06 18:07:10,465 - root - INFO - train loss:0.4842!
2021-03-06 18:07:11,484 - root - INFO - f1:0.0874, p:0.1112, r:0.0970, hit:0.5207, ndcg:0.3444, topn:10.
2021-03-06 18:07:12,575 - root - INFO - f1:0.1079, p:0.2013, r:0.0922, hit:0.6850, ndcg:0.4716, topn:10.
2021-03-06 18:07:12,579 - root - INFO - Checkpointing ...
2021-03-06 18:07:14,413 - root - INFO - train loss:0.4726!
2021-03-06 18:07:15,502 - root - INFO - f1:0.0889, p:0.1127, r:0.0985, hit:0.5260, ndcg:0.3506, topn:10.
2021-03-06 18:07:16,591 - root - INFO - f1:0.1107, p:0.2050, r:0.0951, hit:0.6935, ndcg:0.4787, topn:10.
2021-03-06 18:07:16,594 - root - INFO - Checkpointing ...
2021-03-06 18:07:18,282 - root - INFO - train loss:0.4606!
2021-03-06 18:07:19,341 - root - INFO - f1:0.0915, p:0.1150, r:0.1035, hit:0.5376, ndcg:0.3578, topn:10.
2021-03-06 18:07:20,377 - root - INFO - f1:0.1133, p:0.2086, r:0.0976, hit:0.7052, ndcg:0.4890, topn:10.
2021-03-06 18:07:20,381 - root - INFO - Checkpointing ...
2021-03-06 18:07:22,187 - root - INFO - train loss:0.4498!
2021-03-06 18:07:23,239 - root - INFO - f1:0.0942, p:0.1176, r:0.1068, hit:0.5429, ndcg:0.3633, topn:10.
2021-03-06 18:07:24,316 - root - INFO - f1:0.1151, p:0.2105, r:0.0996, hit:0.7179, ndcg:0.4953, topn:10.
2021-03-06 18:07:24,321 - root - INFO - Checkpointing ...
2021-03-06 18:07:26,114 - root - INFO - train loss:0.4402!
2021-03-06 18:07:27,050 - root - INFO - f1:0.0959, p:0.1192, r:0.1092, hit:0.5472, ndcg:0.3642, topn:10.
2021-03-06 18:07:28,074 - root - INFO - f1:0.1184, p:0.2158, r:0.1027, hit:0.7306, ndcg:0.5006, topn:10.
2021-03-06 18:07:28,078 - root - INFO - Checkpointing ...
2021-03-06 18:07:29,871 - root - INFO - train loss:0.4296!
2021-03-06 18:07:30,965 - root - INFO - f1:0.0977, p:0.1212, r:0.1124, hit:0.5504, ndcg:0.3670, topn:10.
2021-03-06 18:07:32,015 - root - INFO - f1:0.1212, p:0.2185, r:0.1064, hit:0.7402, ndcg:0.5042, topn:10.
2021-03-06 18:07:32,020 - root - INFO - Checkpointing ...
2021-03-06 18:07:33,961 - root - INFO - train loss:0.4204!
2021-03-06 18:07:35,034 - root - INFO - f1:0.0992, p:0.1233, r:0.1137, hit:0.5557, ndcg:0.3716, topn:10.
2021-03-06 18:07:35,994 - root - INFO - f1:0.1232, p:0.2208, r:0.1085, hit:0.7466, ndcg:0.5102, topn:10.
2021-03-06 18:07:35,997 - root - INFO - Checkpointing ...
2021-03-06 18:07:37,743 - root - INFO - train loss:0.4119!
2021-03-06 18:07:38,799 - root - INFO - f1:0.1017, p:0.1252, r:0.1175, hit:0.5695, ndcg:0.3786, topn:10.
2021-03-06 18:07:39,780 - root - INFO - f1:0.1252, p:0.2230, r:0.1108, hit:0.7561, ndcg:0.5164, topn:10.
2021-03-06 18:07:39,785 - root - INFO - Checkpointing ...
2021-03-06 18:07:41,710 - root - INFO - train loss:0.4034!
2021-03-06 18:07:42,804 - root - INFO - f1:0.1043, p:0.1274, r:0.1232, hit:0.5811, ndcg:0.3834, topn:10.
2021-03-06 18:07:43,823 - root - INFO - f1:0.1271, p:0.2256, r:0.1131, hit:0.7614, ndcg:0.5236, topn:10.
2021-03-06 18:07:43,828 - root - INFO - Checkpointing ...
2021-03-06 18:07:45,716 - root - INFO - train loss:0.3975!
2021-03-06 18:07:46,816 - root - INFO - f1:0.1060, p:0.1291, r:0.1248, hit:0.5843, ndcg:0.3859, topn:10.
2021-03-06 18:07:47,851 - root - INFO - f1:0.1292, p:0.2283, r:0.1154, hit:0.7625, ndcg:0.5285, topn:10.
2021-03-06 18:07:47,854 - root - INFO - Checkpointing ...
2021-03-06 18:07:49,399 - root - INFO - train loss:0.3904!
2021-03-06 18:07:50,441 - root - INFO - f1:0.1077, p:0.1304, r:0.1273, hit:0.5917, ndcg:0.3913, topn:10.
2021-03-06 18:07:51,487 - root - INFO - f1:0.1312, p:0.2308, r:0.1177, hit:0.7709, ndcg:0.5355, topn:10.
2021-03-06 18:07:51,491 - root - INFO - Checkpointing ...
2021-03-06 18:07:53,590 - root - INFO - train loss:0.3833!
2021-03-06 18:07:54,651 - root - INFO - f1:0.1093, p:0.1320, r:0.1295, hit:0.5981, ndcg:0.3943, topn:10.
2021-03-06 18:07:55,909 - root - INFO - f1:0.1334, p:0.2330, r:0.1200, hit:0.7773, ndcg:0.5396, topn:10.
2021-03-06 18:07:55,914 - root - INFO - Checkpointing ...
2021-03-06 18:07:57,452 - root - INFO - train loss:0.3778!
2021-03-06 18:07:58,415 - root - INFO - f1:0.1110, p:0.1332, r:0.1332, hit:0.6076, ndcg:0.4015, topn:10.
2021-03-06 18:07:59,379 - root - INFO - f1:0.1348, p:0.2352, r:0.1211, hit:0.7815, ndcg:0.5414, topn:10.
2021-03-06 18:07:59,382 - root - INFO - Checkpointing ...
2021-03-06 18:08:01,034 - root - INFO - train loss:0.3717!
2021-03-06 18:08:02,116 - root - INFO - f1:0.1120, p:0.1338, r:0.1349, hit:0.6172, ndcg:0.4057, topn:10.
2021-03-06 18:08:03,137 - root - INFO - f1:0.1369, p:0.2372, r:0.1237, hit:0.7826, ndcg:0.5442, topn:10.
2021-03-06 18:08:03,140 - root - INFO - Checkpointing ...
2021-03-06 18:08:04,563 - root - INFO - train loss:0.3673!
2021-03-06 18:08:05,572 - root - INFO - f1:0.1136, p:0.1356, r:0.1369, hit:0.6225, ndcg:0.4104, topn:10.
2021-03-06 18:08:06,560 - root - INFO - f1:0.1380, p:0.2382, r:0.1256, hit:0.7826, ndcg:0.5480, topn:10.
2021-03-06 18:08:06,565 - root - INFO - Checkpointing ...
2021-03-06 18:08:08,541 - root - INFO - train loss:0.3622!
2021-03-06 18:08:09,588 - root - INFO - f1:0.1148, p:0.1371, r:0.1378, hit:0.6235, ndcg:0.4121, topn:10.
2021-03-06 18:08:10,622 - root - INFO - f1:0.1392, p:0.2398, r:0.1269, hit:0.7858, ndcg:0.5506, topn:10.
2021-03-06 18:08:10,626 - root - INFO - Checkpointing ...
2021-03-06 18:08:12,144 - root - INFO - train loss:0.3576!
2021-03-06 18:08:13,189 - root - INFO - f1:0.1150, p:0.1369, r:0.1388, hit:0.6214, ndcg:0.4133, topn:10.
2021-03-06 18:08:14,217 - root - INFO - f1:0.1405, p:0.2411, r:0.1287, hit:0.7879, ndcg:0.5541, topn:10.
2021-03-06 18:08:14,222 - root - INFO - Checkpointing ...
2021-03-06 18:08:15,784 - root - INFO - train loss:0.3517!
2021-03-06 18:08:16,816 - root - INFO - f1:0.1150, p:0.1369, r:0.1391, hit:0.6214, ndcg:0.4173, topn:10.
2021-03-06 18:08:17,872 - root - INFO - f1:0.1415, p:0.2419, r:0.1299, hit:0.7922, ndcg:0.5588, topn:10.
2021-03-06 18:08:17,876 - root - INFO - Checkpointing ...
2021-03-06 18:08:19,790 - root - INFO - train loss:0.3486!
2021-03-06 18:08:20,842 - root - INFO - f1:0.1163, p:0.1380, r:0.1410, hit:0.6288, ndcg:0.4209, topn:10.
2021-03-06 18:08:21,769 - root - INFO - f1:0.1425, p:0.2431, r:0.1310, hit:0.7943, ndcg:0.5611, topn:10.
2021-03-06 18:08:21,771 - root - INFO - Checkpointing ...
2021-03-06 18:08:23,473 - root - INFO - train loss:0.3455!
2021-03-06 18:08:24,505 - root - INFO - f1:0.1169, p:0.1383, r:0.1424, hit:0.6299, ndcg:0.4227, topn:10.
2021-03-06 18:08:25,511 - root - INFO - f1:0.1445, p:0.2457, r:0.1329, hit:0.7985, ndcg:0.5643, topn:10.
2021-03-06 18:08:25,515 - root - INFO - Checkpointing ...
2021-03-06 18:08:27,313 - root - INFO - train loss:0.3431!
2021-03-06 18:08:28,310 - root - INFO - f1:0.1180, p:0.1392, r:0.1441, hit:0.6320, ndcg:0.4271, topn:10.
2021-03-06 18:08:29,312 - root - INFO - f1:0.1456, p:0.2471, r:0.1342, hit:0.8028, ndcg:0.5672, topn:10.
2021-03-06 18:08:29,316 - root - INFO - Checkpointing ...
2021-03-06 18:08:31,036 - root - INFO - train loss:0.3370!
2021-03-06 18:08:32,098 - root - INFO - f1:0.1197, p:0.1409, r:0.1464, hit:0.6373, ndcg:0.4298, topn:10.
2021-03-06 18:08:33,201 - root - INFO - f1:0.1462, p:0.2475, r:0.1346, hit:0.8038, ndcg:0.5689, topn:10.
2021-03-06 18:08:33,205 - root - INFO - Checkpointing ...
2021-03-06 18:08:34,868 - root - INFO - train loss:0.3358!
2021-03-06 18:08:35,765 - root - INFO - f1:0.1210, p:0.1422, r:0.1478, hit:0.6426, ndcg:0.4322, topn:10.
2021-03-06 18:08:36,813 - root - INFO - f1:0.1465, p:0.2475, r:0.1352, hit:0.8059, ndcg:0.5698, topn:10.
2021-03-06 18:08:36,818 - root - INFO - Checkpointing ...
2021-03-06 18:08:38,434 - root - INFO - train loss:0.3319!
2021-03-06 18:08:39,484 - root - INFO - f1:0.1221, p:0.1429, r:0.1505, hit:0.6469, ndcg:0.4327, topn:10.
2021-03-06 18:08:40,515 - root - INFO - f1:0.1474, p:0.2484, r:0.1362, hit:0.8091, ndcg:0.5719, topn:10.
2021-03-06 18:08:40,519 - root - INFO - Checkpointing ...
2021-03-06 18:08:42,283 - root - INFO - train loss:0.3302!
2021-03-06 18:08:43,346 - root - INFO - f1:0.1234, p:0.1445, r:0.1525, hit:0.6511, ndcg:0.4359, topn:10.
2021-03-06 18:08:44,431 - root - INFO - f1:0.1479, p:0.2489, r:0.1367, hit:0.8091, ndcg:0.5726, topn:10.
2021-03-06 18:08:44,434 - root - INFO - Checkpointing ...
2021-03-06 18:08:46,158 - root - INFO - train loss:0.3267!
2021-03-06 18:08:47,362 - root - INFO - f1:0.1234, p:0.1445, r:0.1527, hit:0.6501, ndcg:0.4364, topn:10.
2021-03-06 18:08:48,396 - root - INFO - f1:0.1482, p:0.2490, r:0.1372, hit:0.8091, ndcg:0.5739, topn:10.
2021-03-06 18:08:48,400 - root - INFO - Checkpointing ...
2021-03-06 18:08:50,067 - root - INFO - train loss:0.3247!
2021-03-06 18:08:51,149 - root - INFO - f1:0.1244, p:0.1454, r:0.1536, hit:0.6532, ndcg:0.4384, topn:10.
2021-03-06 18:08:52,240 - root - INFO - f1:0.1496, p:0.2504, r:0.1390, hit:0.8112, ndcg:0.5745, topn:10.
2021-03-06 18:08:52,245 - root - INFO - Checkpointing ...
2021-03-06 18:08:53,724 - root - INFO - train loss:0.3207!
2021-03-06 18:08:54,730 - root - INFO - f1:0.1245, p:0.1454, r:0.1542, hit:0.6554, ndcg:0.4408, topn:10.
2021-03-06 18:08:55,663 - root - INFO - f1:0.1506, p:0.2510, r:0.1404, hit:0.8134, ndcg:0.5757, topn:10.
2021-03-06 18:08:55,668 - root - INFO - Checkpointing ...
2021-03-06 18:08:57,241 - root - INFO - train loss:0.3189!
2021-03-06 18:08:58,191 - root - INFO - f1:0.1252, p:0.1459, r:0.1554, hit:0.6554, ndcg:0.4422, topn:10.
2021-03-06 18:08:59,218 - root - INFO - f1:0.1518, p:0.2525, r:0.1415, hit:0.8165, ndcg:0.5759, topn:10.
2021-03-06 18:08:59,222 - root - INFO - Checkpointing ...
2021-03-06 18:09:00,744 - root - INFO - train loss:0.3155!
2021-03-06 18:09:01,797 - root - INFO - f1:0.1256, p:0.1464, r:0.1561, hit:0.6564, ndcg:0.4440, topn:10.
2021-03-06 18:09:02,874 - root - INFO - f1:0.1520, p:0.2528, r:0.1417, hit:0.8187, ndcg:0.5791, topn:10.
2021-03-06 18:09:02,879 - root - INFO - Checkpointing ...
2021-03-06 18:09:04,807 - root - INFO - train loss:0.3143!
2021-03-06 18:09:05,849 - root - INFO - f1:0.1266, p:0.1475, r:0.1575, hit:0.6607, ndcg:0.4483, topn:10.
2021-03-06 18:09:06,861 - root - INFO - f1:0.1524, p:0.2532, r:0.1423, hit:0.8197, ndcg:0.5810, topn:10.
2021-03-06 18:09:06,865 - root - INFO - Checkpointing ...
2021-03-06 18:09:08,572 - root - INFO - train loss:0.3133!
2021-03-06 18:09:09,585 - root - INFO - f1:0.1273, p:0.1480, r:0.1587, hit:0.6617, ndcg:0.4506, topn:10.
2021-03-06 18:09:10,627 - root - INFO - f1:0.1531, p:0.2540, r:0.1428, hit:0.8176, ndcg:0.5796, topn:10.
2021-03-06 18:09:10,632 - root - INFO - Checkpointing ...
2021-03-06 18:09:12,388 - root - INFO - train loss:0.3113!
2021-03-06 18:09:13,413 - root - INFO - f1:0.1278, p:0.1483, r:0.1605, hit:0.6628, ndcg:0.4527, topn:10.
2021-03-06 18:09:14,453 - root - INFO - f1:0.1541, p:0.2554, r:0.1438, hit:0.8176, ndcg:0.5819, topn:10.
2021-03-06 18:09:14,458 - root - INFO - Checkpointing ...
2021-03-06 18:09:16,218 - root - INFO - train loss:0.3083!
2021-03-06 18:09:17,303 - root - INFO - f1:0.1286, p:0.1490, r:0.1607, hit:0.6691, ndcg:0.4541, topn:10.
2021-03-06 18:09:18,378 - root - INFO - f1:0.1543, p:0.2559, r:0.1440, hit:0.8208, ndcg:0.5840, topn:10.
2021-03-06 18:09:18,383 - root - INFO - Checkpointing ...
2021-03-06 18:09:20,032 - root - INFO - train loss:0.3042!
2021-03-06 18:09:21,076 - root - INFO - f1:0.1295, p:0.1496, r:0.1628, hit:0.6702, ndcg:0.4566, topn:10.
2021-03-06 18:09:22,071 - root - INFO - f1:0.1549, p:0.2567, r:0.1446, hit:0.8240, ndcg:0.5859, topn:10.
2021-03-06 18:09:22,076 - root - INFO - Checkpointing ...
2021-03-06 18:09:23,741 - root - INFO - train loss:0.3039!
2021-03-06 18:09:24,796 - root - INFO - f1:0.1301, p:0.1505, r:0.1635, hit:0.6702, ndcg:0.4556, topn:10.
2021-03-06 18:09:25,850 - root - INFO - f1:0.1562, p:0.2581, r:0.1461, hit:0.8282, ndcg:0.5866, topn:10.
2021-03-06 18:09:25,854 - root - INFO - Checkpointing ...
2021-03-06 18:09:27,617 - root - INFO - train loss:0.3036!
2021-03-06 18:09:28,693 - root - INFO - f1:0.1306, p:0.1509, r:0.1641, hit:0.6713, ndcg:0.4551, topn:10.
2021-03-06 18:09:29,763 - root - INFO - f1:0.1572, p:0.2591, r:0.1473, hit:0.8282, ndcg:0.5863, topn:10.
2021-03-06 18:09:29,767 - root - INFO - Checkpointing ...
2021-03-06 18:09:31,379 - root - INFO - train loss:0.2994!
2021-03-06 18:09:32,391 - root - INFO - f1:0.1315, p:0.1517, r:0.1653, hit:0.6734, ndcg:0.4566, topn:10.
2021-03-06 18:09:33,390 - root - INFO - f1:0.1575, p:0.2596, r:0.1479, hit:0.8293, ndcg:0.5864, topn:10.
2021-03-06 18:09:33,394 - root - INFO - Checkpointing ...
2021-03-06 18:09:35,115 - root - INFO - train loss:0.3011!
2021-03-06 18:09:36,299 - root - INFO - f1:0.1317, p:0.1521, r:0.1657, hit:0.6755, ndcg:0.4583, topn:10.
2021-03-06 18:09:37,298 - root - INFO - f1:0.1588, p:0.2613, r:0.1490, hit:0.8303, ndcg:0.5872, topn:10.
2021-03-06 18:09:37,301 - root - INFO - Checkpointing ...
2021-03-06 18:09:39,254 - root - INFO - train loss:0.2978!
2021-03-06 18:09:40,326 - root - INFO - f1:0.1318, p:0.1522, r:0.1658, hit:0.6744, ndcg:0.4589, topn:10.
2021-03-06 18:09:41,386 - root - INFO - f1:0.1600, p:0.2629, r:0.1503, hit:0.8335, ndcg:0.5881, topn:10.
2021-03-06 18:09:41,390 - root - INFO - Checkpointing ...
2021-03-06 18:09:42,915 - root - INFO - train loss:0.2981!
2021-03-06 18:09:43,989 - root - INFO - f1:0.1322, p:0.1526, r:0.1660, hit:0.6766, ndcg:0.4599, topn:10.
2021-03-06 18:09:45,013 - root - INFO - f1:0.1604, p:0.2630, r:0.1509, hit:0.8346, ndcg:0.5899, topn:10.
2021-03-06 18:09:45,017 - root - INFO - Checkpointing ...
2021-03-06 18:09:46,798 - root - INFO - train loss:0.2919!
2021-03-06 18:09:47,851 - root - INFO - f1:0.1331, p:0.1532, r:0.1674, hit:0.6797, ndcg:0.4613, topn:10.
2021-03-06 18:09:48,874 - root - INFO - f1:0.1616, p:0.2642, r:0.1524, hit:0.8378, ndcg:0.5908, topn:10.
2021-03-06 18:09:48,879 - root - INFO - Checkpointing ...
2021-03-06 18:09:50,491 - root - INFO - train loss:0.2934!
2021-03-06 18:09:51,477 - root - INFO - f1:0.1345, p:0.1547, r:0.1691, hit:0.6850, ndcg:0.4629, topn:10.
2021-03-06 18:09:52,517 - root - INFO - f1:0.1620, p:0.2652, r:0.1527, hit:0.8378, ndcg:0.5911, topn:10.
2021-03-06 18:09:52,523 - root - INFO - Checkpointing ...
2021-03-06 18:09:54,347 - root - INFO - train loss:0.2921!
2021-03-06 18:09:55,395 - root - INFO - f1:0.1350, p:0.1552, r:0.1697, hit:0.6850, ndcg:0.4644, topn:10.
2021-03-06 18:09:56,431 - root - INFO - f1:0.1623, p:0.2654, r:0.1530, hit:0.8367, ndcg:0.5930, topn:10.
2021-03-06 18:09:56,435 - root - INFO - Checkpointing ...
2021-03-06 18:09:58,094 - root - INFO - train loss:0.2905!
2021-03-06 18:09:59,092 - root - INFO - f1:0.1349, p:0.1552, r:0.1695, hit:0.6861, ndcg:0.4655, topn:10.
2021-03-06 18:10:00,175 - root - INFO - f1:0.1633, p:0.2666, r:0.1540, hit:0.8388, ndcg:0.5934, topn:10.
2021-03-06 18:10:02,123 - root - INFO - train loss:0.2883!
2021-03-06 18:10:03,186 - root - INFO - f1:0.1360, p:0.1562, r:0.1710, hit:0.6861, ndcg:0.4649, topn:10.
2021-03-06 18:10:04,181 - root - INFO - f1:0.1639, p:0.2672, r:0.1546, hit:0.8420, ndcg:0.5948, topn:10.
2021-03-06 18:10:04,184 - root - INFO - Checkpointing ...
2021-03-06 18:10:05,945 - root - INFO - train loss:0.2871!
2021-03-06 18:10:06,932 - root - INFO - f1:0.1361, p:0.1561, r:0.1715, hit:0.6893, ndcg:0.4670, topn:10.
2021-03-06 18:10:07,934 - root - INFO - f1:0.1643, p:0.2677, r:0.1552, hit:0.8420, ndcg:0.5960, topn:10.
2021-03-06 18:10:07,938 - root - INFO - Checkpointing ...
2021-03-06 18:10:09,655 - root - INFO - train loss:0.2847!
2021-03-06 18:10:10,722 - root - INFO - f1:0.1371, p:0.1573, r:0.1728, hit:0.6925, ndcg:0.4683, topn:10.
2021-03-06 18:10:11,742 - root - INFO - f1:0.1648, p:0.2688, r:0.1556, hit:0.8420, ndcg:0.5971, topn:10.
2021-03-06 18:10:11,746 - root - INFO - Checkpointing ...
2021-03-06 18:10:13,435 - root - INFO - train loss:0.2874!
2021-03-06 18:10:14,477 - root - INFO - f1:0.1370, p:0.1575, r:0.1723, hit:0.6903, ndcg:0.4679, topn:10.
2021-03-06 18:10:15,520 - root - INFO - f1:0.1654, p:0.2690, r:0.1562, hit:0.8420, ndcg:0.5975, topn:10.
2021-03-06 18:10:17,100 - root - INFO - train loss:0.2832!
2021-03-06 18:10:18,044 - root - INFO - f1:0.1379, p:0.1584, r:0.1733, hit:0.6946, ndcg:0.4696, topn:10.
2021-03-06 18:10:19,119 - root - INFO - f1:0.1666, p:0.2705, r:0.1576, hit:0.8441, ndcg:0.5986, topn:10.
2021-03-06 18:10:19,123 - root - INFO - Checkpointing ...
2021-03-06 18:10:20,634 - root - INFO - train loss:0.2820!
2021-03-06 18:10:21,642 - root - INFO - f1:0.1379, p:0.1585, r:0.1731, hit:0.6946, ndcg:0.4702, topn:10.
2021-03-06 18:10:22,729 - root - INFO - f1:0.1674, p:0.2713, r:0.1586, hit:0.8441, ndcg:0.5990, topn:10.
2021-03-06 18:10:22,732 - root - INFO - Checkpointing ...
2021-03-06 18:10:24,631 - root - INFO - train loss:0.2809!
2021-03-06 18:10:25,569 - root - INFO - f1:0.1383, p:0.1592, r:0.1733, hit:0.6957, ndcg:0.4709, topn:10.
2021-03-06 18:10:26,847 - root - INFO - f1:0.1678, p:0.2719, r:0.1590, hit:0.8452, ndcg:0.5996, topn:10.
2021-03-06 18:10:26,851 - root - INFO - Checkpointing ...
2021-03-06 18:10:28,521 - root - INFO - train loss:0.2785!
2021-03-06 18:10:29,574 - root - INFO - f1:0.1385, p:0.1594, r:0.1737, hit:0.6967, ndcg:0.4720, topn:10.
2021-03-06 18:10:30,652 - root - INFO - f1:0.1688, p:0.2732, r:0.1601, hit:0.8462, ndcg:0.6003, topn:10.
2021-03-06 18:10:30,656 - root - INFO - Checkpointing ...
2021-03-06 18:10:32,128 - root - INFO - train loss:0.2778!
2021-03-06 18:10:33,087 - root - INFO - f1:0.1395, p:0.1602, r:0.1758, hit:0.7010, ndcg:0.4727, topn:10.
2021-03-06 18:10:34,074 - root - INFO - f1:0.1691, p:0.2735, r:0.1604, hit:0.8462, ndcg:0.6009, topn:10.
2021-03-06 18:10:34,077 - root - INFO - Checkpointing ...
2021-03-06 18:10:35,457 - root - INFO - train loss:0.2763!
2021-03-06 18:10:36,362 - root - INFO - f1:0.1394, p:0.1600, r:0.1753, hit:0.7020, ndcg:0.4735, topn:10.
2021-03-06 18:10:37,390 - root - INFO - f1:0.1695, p:0.2741, r:0.1607, hit:0.8473, ndcg:0.6017, topn:10.
2021-03-06 18:10:39,051 - root - INFO - train loss:0.2744!
2021-03-06 18:10:40,132 - root - INFO - f1:0.1400, p:0.1604, r:0.1770, hit:0.7031, ndcg:0.4737, topn:10.
2021-03-06 18:10:41,166 - root - INFO - f1:0.1704, p:0.2752, r:0.1617, hit:0.8505, ndcg:0.6026, topn:10.
2021-03-06 18:10:41,170 - root - INFO - Checkpointing ...
2021-03-06 18:10:42,570 - root - INFO - train loss:0.2749!
2021-03-06 18:10:43,602 - root - INFO - f1:0.1401, p:0.1606, r:0.1773, hit:0.7041, ndcg:0.4746, topn:10.
2021-03-06 18:10:44,593 - root - INFO - f1:0.1705, p:0.2753, r:0.1616, hit:0.8505, ndcg:0.6027, topn:10.
2021-03-06 18:10:44,596 - root - INFO - Checkpointing ...
2021-03-06 18:10:45,931 - root - INFO - train loss:0.2747!
2021-03-06 18:10:47,006 - root - INFO - f1:0.1405, p:0.1611, r:0.1777, hit:0.7052, ndcg:0.4763, topn:10.
2021-03-06 18:10:48,059 - root - INFO - f1:0.1713, p:0.2765, r:0.1625, hit:0.8547, ndcg:0.6045, topn:10.
2021-03-06 18:10:48,063 - root - INFO - Checkpointing ...
2021-03-06 18:10:49,669 - root - INFO - train loss:0.2732!
2021-03-06 18:10:50,691 - root - INFO - f1:0.1405, p:0.1613, r:0.1775, hit:0.7041, ndcg:0.4764, topn:10.
2021-03-06 18:10:51,657 - root - INFO - f1:0.1717, p:0.2770, r:0.1630, hit:0.8537, ndcg:0.6053, topn:10.
2021-03-06 18:10:53,043 - root - INFO - train loss:0.2706!
2021-03-06 18:10:54,086 - root - INFO - f1:0.1407, p:0.1613, r:0.1780, hit:0.7073, ndcg:0.4791, topn:10.
2021-03-06 18:10:55,165 - root - INFO - f1:0.1723, p:0.2777, r:0.1637, hit:0.8547, ndcg:0.6053, topn:10.
2021-03-06 18:10:55,170 - root - INFO - Checkpointing ...
2021-03-06 18:10:56,527 - root - INFO - train loss:0.2691!
2021-03-06 18:10:57,489 - root - INFO - f1:0.1414, p:0.1622, r:0.1790, hit:0.7084, ndcg:0.4787, topn:10.
2021-03-06 18:10:58,522 - root - INFO - f1:0.1726, p:0.2783, r:0.1640, hit:0.8547, ndcg:0.6070, topn:10.
2021-03-06 18:10:58,526 - root - INFO - Checkpointing ...
2021-03-06 18:11:00,137 - root - INFO - train loss:0.2707!
2021-03-06 18:11:01,112 - root - INFO - f1:0.1416, p:0.1624, r:0.1793, hit:0.7105, ndcg:0.4791, topn:10.
2021-03-06 18:11:02,101 - root - INFO - f1:0.1733, p:0.2795, r:0.1645, hit:0.8537, ndcg:0.6075, topn:10.
2021-03-06 18:11:02,106 - root - INFO - Checkpointing ...
2021-03-06 18:11:03,662 - root - INFO - train loss:0.2679!
2021-03-06 18:11:04,712 - root - INFO - f1:0.1423, p:0.1631, r:0.1801, hit:0.7116, ndcg:0.4789, topn:10.
2021-03-06 18:11:05,747 - root - INFO - f1:0.1733, p:0.2794, r:0.1647, hit:0.8547, ndcg:0.6080, topn:10.
2021-03-06 18:11:05,751 - root - INFO - Checkpointing ...
2021-03-06 18:11:07,224 - root - INFO - train loss:0.2674!
2021-03-06 18:11:08,255 - root - INFO - f1:0.1426, p:0.1635, r:0.1804, hit:0.7137, ndcg:0.4798, topn:10.
2021-03-06 18:11:09,333 - root - INFO - f1:0.1735, p:0.2800, r:0.1648, hit:0.8547, ndcg:0.6086, topn:10.
2021-03-06 18:11:09,337 - root - INFO - Checkpointing ...
2021-03-06 18:11:10,839 - root - INFO - train loss:0.2652!
2021-03-06 18:11:11,873 - root - INFO - f1:0.1423, p:0.1631, r:0.1801, hit:0.7105, ndcg:0.4808, topn:10.
2021-03-06 18:11:13,120 - root - INFO - f1:0.1744, p:0.2806, r:0.1660, hit:0.8558, ndcg:0.6083, topn:10.
2021-03-06 18:11:14,724 - root - INFO - train loss:0.2641!
2021-03-06 18:11:15,833 - root - INFO - f1:0.1432, p:0.1641, r:0.1813, hit:0.7094, ndcg:0.4795, topn:10.
2021-03-06 18:11:16,919 - root - INFO - f1:0.1749, p:0.2811, r:0.1665, hit:0.8558, ndcg:0.6084, topn:10.
2021-03-06 18:11:16,923 - root - INFO - Checkpointing ...
2021-03-06 18:11:18,762 - root - INFO - train loss:0.2654!
2021-03-06 18:11:19,800 - root - INFO - f1:0.1434, p:0.1641, r:0.1819, hit:0.7105, ndcg:0.4795, topn:10.
2021-03-06 18:11:20,812 - root - INFO - f1:0.1754, p:0.2818, r:0.1671, hit:0.8568, ndcg:0.6088, topn:10.
2021-03-06 18:11:20,816 - root - INFO - Checkpointing ...
2021-03-06 18:11:22,625 - root - INFO - train loss:0.2637!
2021-03-06 18:11:23,652 - root - INFO - f1:0.1442, p:0.1650, r:0.1828, hit:0.7094, ndcg:0.4800, topn:10.
2021-03-06 18:11:24,670 - root - INFO - f1:0.1762, p:0.2829, r:0.1680, hit:0.8568, ndcg:0.6090, topn:10.
2021-03-06 18:11:24,675 - root - INFO - Checkpointing ...
2021-03-06 18:11:26,375 - root - INFO - train loss:0.2626!
2021-03-06 18:11:27,401 - root - INFO - f1:0.1448, p:0.1656, r:0.1836, hit:0.7094, ndcg:0.4796, topn:10.
2021-03-06 18:11:28,445 - root - INFO - f1:0.1770, p:0.2840, r:0.1687, hit:0.8590, ndcg:0.6103, topn:10.
2021-03-06 18:11:28,449 - root - INFO - Checkpointing ...
2021-03-06 18:11:30,062 - root - INFO - train loss:0.2616!
2021-03-06 18:11:31,113 - root - INFO - f1:0.1445, p:0.1653, r:0.1830, hit:0.7084, ndcg:0.4800, topn:10.
2021-03-06 18:11:32,087 - root - INFO - f1:0.1773, p:0.2842, r:0.1692, hit:0.8611, ndcg:0.6114, topn:10.
2021-03-06 18:11:33,550 - root - INFO - train loss:0.2616!
2021-03-06 18:11:34,586 - root - INFO - f1:0.1454, p:0.1661, r:0.1847, hit:0.7116, ndcg:0.4803, topn:10.
2021-03-06 18:11:35,653 - root - INFO - f1:0.1777, p:0.2846, r:0.1696, hit:0.8611, ndcg:0.6108, topn:10.
2021-03-06 18:11:35,657 - root - INFO - Checkpointing ...
2021-03-06 18:11:37,126 - root - INFO - train loss:0.2586!
2021-03-06 18:11:38,143 - root - INFO - f1:0.1456, p:0.1663, r:0.1848, hit:0.7116, ndcg:0.4802, topn:10.
2021-03-06 18:11:39,252 - root - INFO - f1:0.1779, p:0.2850, r:0.1698, hit:0.8611, ndcg:0.6112, topn:10.
2021-03-06 18:11:39,256 - root - INFO - Checkpointing ...
2021-03-06 18:11:40,818 - root - INFO - train loss:0.2601!
2021-03-06 18:11:41,799 - root - INFO - f1:0.1457, p:0.1668, r:0.1844, hit:0.7116, ndcg:0.4814, topn:10.
2021-03-06 18:11:42,805 - root - INFO - f1:0.1788, p:0.2856, r:0.1710, hit:0.8621, ndcg:0.6117, topn:10.
2021-03-06 18:11:42,808 - root - INFO - Checkpointing ...
2021-03-06 18:11:44,323 - root - INFO - train loss:0.2567!
2021-03-06 18:11:45,368 - root - INFO - f1:0.1467, p:0.1676, r:0.1860, hit:0.7137, ndcg:0.4807, topn:10.
2021-03-06 18:11:46,412 - root - INFO - f1:0.1786, p:0.2855, r:0.1707, hit:0.8621, ndcg:0.6118, topn:10.
2021-03-06 18:11:46,415 - root - INFO - Checkpointing ...
2021-03-06 18:11:47,937 - root - INFO - train loss:0.2561!
2021-03-06 18:11:48,987 - root - INFO - f1:0.1465, p:0.1674, r:0.1856, hit:0.7147, ndcg:0.4826, topn:10.
2021-03-06 18:11:50,047 - root - INFO - f1:0.1788, p:0.2857, r:0.1712, hit:0.8621, ndcg:0.6121, topn:10.
2021-03-06 18:11:51,597 - root - INFO - train loss:0.2573!
2021-03-06 18:11:52,626 - root - INFO - f1:0.1464, p:0.1672, r:0.1856, hit:0.7137, ndcg:0.4821, topn:10.
2021-03-06 18:11:53,661 - root - INFO - f1:0.1793, p:0.2861, r:0.1718, hit:0.8643, ndcg:0.6140, topn:10.
2021-03-06 18:11:53,664 - root - INFO - No improvement after one epoch. Lowering learning rate.
2021-03-06 18:11:55,115 - root - INFO - train loss:0.2566!
2021-03-06 18:11:56,173 - root - INFO - f1:0.1492, p:0.1703, r:0.1896, hit:0.7232, ndcg:0.4885, topn:10.
2021-03-06 18:11:57,178 - root - INFO - f1:0.1813, p:0.2888, r:0.1735, hit:0.8611, ndcg:0.6219, topn:10.
2021-03-06 18:11:57,183 - root - INFO - Checkpointing ...
2021-03-06 18:11:58,827 - root - INFO - train loss:0.2516!
2021-03-06 18:11:59,880 - root - INFO - f1:0.1500, p:0.1710, r:0.1904, hit:0.7264, ndcg:0.4871, topn:10.
2021-03-06 18:12:00,961 - root - INFO - f1:0.1824, p:0.2901, r:0.1748, hit:0.8611, ndcg:0.6226, topn:10.
2021-03-06 18:12:00,965 - root - INFO - Checkpointing ...
2021-03-06 18:12:02,747 - root - INFO - train loss:0.2474!
2021-03-06 18:12:03,958 - root - INFO - f1:0.1508, p:0.1721, r:0.1913, hit:0.7243, ndcg:0.4878, topn:10.
2021-03-06 18:12:04,983 - root - INFO - f1:0.1822, p:0.2903, r:0.1744, hit:0.8611, ndcg:0.6232, topn:10.
2021-03-06 18:12:04,987 - root - INFO - Checkpointing ...
2021-03-06 18:12:06,636 - root - INFO - From CaseRecommender evaluator: {'PREC@10': 0.172534, 'RECALL@10': 0.191411, 'NDCG@10': 0.488709, 'MAP@10': 0.376577, 'MAP': 0.376577}.
2021-03-06 18:12:06,832 - root - INFO - From kg-summ-rec diversity evaluator: {'GENRE_COVERAGE@10': 0.479984, 'GENRE_REDUNDANCY@10': 0.420917, 'ILD_GENRE@10': 0.811523}.
2021-03-06 18:12:08,289 - root - INFO - From CaseRecommender evaluator: {'PREC@10': 0.290668, 'RECALL@10': 0.174693, 'NDCG@10': 0.623811, 'MAP@10': 0.511487, 'MAP': 0.511487}.
2021-03-06 18:12:08,481 - root - INFO - From kg-summ-rec diversity evaluator: {'GENRE_COVERAGE@10': 0.478482, 'GENRE_REDUNDANCY@10': 0.418671, 'ILD_GENRE@10': 0.810971}.
