2021-03-04 15:21:56,842 - root - INFO - Flag Values:
{
    "L1_flag": false,
    "batch_size": 256,
    "ckpt_path": "/home/juarez/git/results/JIIS-revised-exp1/ml-sun_ho_sKG_ig-sv-complex-75/",
    "clipping_max_value": 5.0,
    "data_path": "/home/juarez/git/datasets/JIIS-revised-exp1/ml-sun_ho_sKG_ig-sv-complex-75/cao-format/",
    "dataset": "ml1m",
    "early_stopping_steps_to_wait": 1331,
    "embedding_size": 100,
    "eval_interval_steps": 266,
    "eval_only_mode": false,
    "experiment_name": "ml1m-bprmf-1614882116",
    "filter_wrong_corrupted": true,
    "has_visualization": false,
    "is_report": false,
    "joint_ratio": 0.5,
    "kg_lambda": 1.0,
    "kg_test_files": null,
    "l2_lambda": 1e-05,
    "learning_rate": 0.005,
    "learning_rate_decay_when_no_progress": 0.5,
    "load_ckpt_file": null,
    "load_experiment_name": null,
    "log_level": "debug",
    "log_path": "/home/juarez/git/results/JIIS-revised-exp1/ml-sun_ho_sKG_ig-sv-complex-75/",
    "margin": 1.0,
    "max_queue": 10,
    "model_type": "bprmf",
    "momentum": 0.9,
    "negtive_samples": 1,
    "norm_lambda": 1.0,
    "num_preferences": 4,
    "num_processes": 4,
    "optimizer_type": "Adagrad",
    "rec_test_files": "valid.dat:test.dat",
    "seed": 0,
    "share_embeddings": false,
    "topn": 10,
    "training_steps": 26630,
    "use_st_gumbel": false,
    "visualization_port": 8097
}
2021-03-04 15:21:57,106 - root - INFO - Totally 69982 train ratings, 9998,19995 eval ratings in files: /home/juarez/git/datasets/JIIS-revised-exp1/ml-sun_ho_sKG_ig-sv-complex-75/cao-format/ml1m/valid.dat;/home/juarez/git/datasets/JIIS-revised-exp1/ml-sun_ho_sKG_ig-sv-complex-75/cao-format/ml1m/test.dat!
2021-03-04 15:21:57,124 - root - INFO - successfully load 943 users and 1675 items!
2021-03-04 15:21:57,205 - root - INFO - Building model.
2021-03-04 15:21:58,491 - root - INFO - Architecture: BPRMF(
  (user_embeddings): Embedding(943, 100)
  (item_embeddings): Embedding(1675, 100)
)
2021-03-04 15:21:58,491 - root - INFO - Total params: 261800.0
2021-03-04 15:21:58,492 - root - INFO - One epoch is 274 steps.
2021-03-04 15:21:58,492 - root - INFO - Training.
2021-03-04 15:21:58,493 - root - INFO - train loss:0.0000!
2021-03-04 15:21:59,719 - root - INFO - f1:0.0058, p:0.0075, r:0.0065, hit:0.0689, ndcg:0.0397, topn:10.
2021-03-04 15:22:00,688 - root - INFO - f1:0.0075, p:0.0146, r:0.0063, hit:0.1209, ndcg:0.0663, topn:10.
2021-03-04 15:22:02,247 - root - INFO - train loss:0.6941!
2021-03-04 15:22:03,339 - root - INFO - f1:0.0082, p:0.0108, r:0.0087, hit:0.0976, ndcg:0.0526, topn:10.
2021-03-04 15:22:04,420 - root - INFO - f1:0.0096, p:0.0190, r:0.0081, hit:0.1516, ndcg:0.0865, topn:10.
2021-03-04 15:22:04,423 - root - INFO - Checkpointing ...
2021-03-04 15:22:05,734 - root - INFO - train loss:0.6864!
2021-03-04 15:22:06,760 - root - INFO - f1:0.0084, p:0.0112, r:0.0088, hit:0.0986, ndcg:0.0535, topn:10.
2021-03-04 15:22:07,786 - root - INFO - f1:0.0102, p:0.0206, r:0.0085, hit:0.1633, ndcg:0.0917, topn:10.
2021-03-04 15:22:07,791 - root - INFO - Checkpointing ...
2021-03-04 15:22:09,454 - root - INFO - train loss:0.6815!
2021-03-04 15:22:10,553 - root - INFO - f1:0.0094, p:0.0126, r:0.0099, hit:0.1082, ndcg:0.0593, topn:10.
2021-03-04 15:22:11,546 - root - INFO - f1:0.0121, p:0.0244, r:0.0101, hit:0.1845, ndcg:0.1031, topn:10.
2021-03-04 15:22:11,549 - root - INFO - Checkpointing ...
2021-03-04 15:22:13,014 - root - INFO - train loss:0.6774!
2021-03-04 15:22:14,076 - root - INFO - f1:0.0108, p:0.0147, r:0.0114, hit:0.1220, ndcg:0.0671, topn:10.
2021-03-04 15:22:15,208 - root - INFO - f1:0.0135, p:0.0284, r:0.0110, hit:0.2057, ndcg:0.1180, topn:10.
2021-03-04 15:22:15,212 - root - INFO - Checkpointing ...
2021-03-04 15:22:16,347 - root - INFO - train loss:0.6722!
2021-03-04 15:22:17,346 - root - INFO - f1:0.0135, p:0.0187, r:0.0138, hit:0.1516, ndcg:0.0854, topn:10.
2021-03-04 15:22:18,413 - root - INFO - f1:0.0167, p:0.0347, r:0.0136, hit:0.2365, ndcg:0.1379, topn:10.
2021-03-04 15:22:18,417 - root - INFO - Checkpointing ...
2021-03-04 15:22:20,002 - root - INFO - train loss:0.6666!
2021-03-04 15:22:21,029 - root - INFO - f1:0.0171, p:0.0236, r:0.0173, hit:0.1835, ndcg:0.1060, topn:10.
2021-03-04 15:22:22,065 - root - INFO - f1:0.0199, p:0.0428, r:0.0157, hit:0.2736, ndcg:0.1631, topn:10.
2021-03-04 15:22:22,069 - root - INFO - Checkpointing ...
2021-03-04 15:22:23,591 - root - INFO - train loss:0.6602!
2021-03-04 15:22:24,906 - root - INFO - f1:0.0213, p:0.0298, r:0.0210, hit:0.2174, ndcg:0.1259, topn:10.
2021-03-04 15:22:26,003 - root - INFO - f1:0.0246, p:0.0539, r:0.0192, hit:0.3171, ndcg:0.1914, topn:10.
2021-03-04 15:22:26,007 - root - INFO - Checkpointing ...
2021-03-04 15:22:27,379 - root - INFO - train loss:0.6526!
2021-03-04 15:22:28,401 - root - INFO - f1:0.0260, p:0.0362, r:0.0256, hit:0.2492, ndcg:0.1470, topn:10.
2021-03-04 15:22:29,476 - root - INFO - f1:0.0312, p:0.0683, r:0.0240, hit:0.3637, ndcg:0.2199, topn:10.
2021-03-04 15:22:29,481 - root - INFO - Checkpointing ...
2021-03-04 15:22:31,009 - root - INFO - train loss:0.6444!
2021-03-04 15:22:32,110 - root - INFO - f1:0.0310, p:0.0436, r:0.0302, hit:0.2757, ndcg:0.1669, topn:10.
2021-03-04 15:22:33,163 - root - INFO - f1:0.0381, p:0.0826, r:0.0297, hit:0.4136, ndcg:0.2549, topn:10.
2021-03-04 15:22:33,168 - root - INFO - Checkpointing ...
2021-03-04 15:22:34,632 - root - INFO - train loss:0.6348!
2021-03-04 15:22:35,720 - root - INFO - f1:0.0368, p:0.0513, r:0.0367, hit:0.3075, ndcg:0.1864, topn:10.
2021-03-04 15:22:36,824 - root - INFO - f1:0.0456, p:0.0978, r:0.0355, hit:0.4486, ndcg:0.2772, topn:10.
2021-03-04 15:22:36,832 - root - INFO - Checkpointing ...
2021-03-04 15:22:38,289 - root - INFO - train loss:0.6242!
2021-03-04 15:22:39,394 - root - INFO - f1:0.0438, p:0.0602, r:0.0438, hit:0.3489, ndcg:0.2069, topn:10.
2021-03-04 15:22:40,502 - root - INFO - f1:0.0530, p:0.1120, r:0.0412, hit:0.4846, ndcg:0.3029, topn:10.
2021-03-04 15:22:40,504 - root - INFO - Checkpointing ...
2021-03-04 15:22:41,979 - root - INFO - train loss:0.6121!
2021-03-04 15:22:43,016 - root - INFO - f1:0.0502, p:0.0683, r:0.0504, hit:0.3818, ndcg:0.2265, topn:10.
2021-03-04 15:22:44,068 - root - INFO - f1:0.0581, p:0.1227, r:0.0452, hit:0.5016, ndcg:0.3232, topn:10.
2021-03-04 15:22:44,071 - root - INFO - Checkpointing ...
2021-03-04 15:22:45,360 - root - INFO - train loss:0.6002!
2021-03-04 15:22:46,365 - root - INFO - f1:0.0544, p:0.0737, r:0.0547, hit:0.4008, ndcg:0.2450, topn:10.
2021-03-04 15:22:47,433 - root - INFO - f1:0.0650, p:0.1353, r:0.0513, hit:0.5302, ndcg:0.3391, topn:10.
2021-03-04 15:22:47,436 - root - INFO - Checkpointing ...
2021-03-04 15:22:49,000 - root - INFO - train loss:0.5867!
2021-03-04 15:22:50,113 - root - INFO - f1:0.0603, p:0.0818, r:0.0604, hit:0.4199, ndcg:0.2584, topn:10.
2021-03-04 15:22:51,238 - root - INFO - f1:0.0711, p:0.1466, r:0.0561, hit:0.5525, ndcg:0.3590, topn:10.
2021-03-04 15:22:51,243 - root - INFO - Checkpointing ...
2021-03-04 15:22:52,626 - root - INFO - train loss:0.5731!
2021-03-04 15:22:53,735 - root - INFO - f1:0.0648, p:0.0874, r:0.0652, hit:0.4433, ndcg:0.2713, topn:10.
2021-03-04 15:22:54,813 - root - INFO - f1:0.0759, p:0.1549, r:0.0601, hit:0.5790, ndcg:0.3797, topn:10.
2021-03-04 15:22:54,818 - root - INFO - Checkpointing ...
2021-03-04 15:22:56,207 - root - INFO - train loss:0.5583!
2021-03-04 15:22:57,239 - root - INFO - f1:0.0692, p:0.0920, r:0.0704, hit:0.4581, ndcg:0.2805, topn:10.
2021-03-04 15:22:58,233 - root - INFO - f1:0.0799, p:0.1611, r:0.0640, hit:0.5917, ndcg:0.3908, topn:10.
2021-03-04 15:22:58,236 - root - INFO - Checkpointing ...
2021-03-04 15:22:59,557 - root - INFO - train loss:0.5440!
2021-03-04 15:23:00,616 - root - INFO - f1:0.0721, p:0.0954, r:0.0738, hit:0.4687, ndcg:0.2904, topn:10.
2021-03-04 15:23:01,702 - root - INFO - f1:0.0834, p:0.1669, r:0.0669, hit:0.6023, ndcg:0.3974, topn:10.
2021-03-04 15:23:01,706 - root - INFO - Checkpointing ...
2021-03-04 15:23:03,202 - root - INFO - train loss:0.5299!
2021-03-04 15:23:04,355 - root - INFO - f1:0.0748, p:0.0983, r:0.0770, hit:0.4761, ndcg:0.2993, topn:10.
2021-03-04 15:23:05,475 - root - INFO - f1:0.0869, p:0.1733, r:0.0696, hit:0.6087, ndcg:0.4074, topn:10.
2021-03-04 15:23:05,479 - root - INFO - Checkpointing ...
2021-03-04 15:23:06,950 - root - INFO - train loss:0.5152!
2021-03-04 15:23:08,002 - root - INFO - f1:0.0782, p:0.1022, r:0.0807, hit:0.4931, ndcg:0.3089, topn:10.
2021-03-04 15:23:09,105 - root - INFO - f1:0.0898, p:0.1778, r:0.0723, hit:0.6182, ndcg:0.4166, topn:10.
2021-03-04 15:23:09,109 - root - INFO - Checkpointing ...
2021-03-04 15:23:10,586 - root - INFO - train loss:0.5018!
2021-03-04 15:23:11,879 - root - INFO - f1:0.0810, p:0.1050, r:0.0845, hit:0.5027, ndcg:0.3198, topn:10.
2021-03-04 15:23:13,014 - root - INFO - f1:0.0924, p:0.1824, r:0.0746, hit:0.6172, ndcg:0.4209, topn:10.
2021-03-04 15:23:13,018 - root - INFO - Checkpointing ...
2021-03-04 15:23:14,444 - root - INFO - train loss:0.4897!
2021-03-04 15:23:15,473 - root - INFO - f1:0.0833, p:0.1076, r:0.0875, hit:0.5133, ndcg:0.3287, topn:10.
2021-03-04 15:23:16,415 - root - INFO - f1:0.0958, p:0.1870, r:0.0786, hit:0.6288, ndcg:0.4297, topn:10.
2021-03-04 15:23:16,419 - root - INFO - Checkpointing ...
2021-03-04 15:23:17,931 - root - INFO - train loss:0.4749!
2021-03-04 15:23:18,989 - root - INFO - f1:0.0850, p:0.1099, r:0.0890, hit:0.5164, ndcg:0.3333, topn:10.
2021-03-04 15:23:20,048 - root - INFO - f1:0.0980, p:0.1898, r:0.0807, hit:0.6394, ndcg:0.4355, topn:10.
2021-03-04 15:23:20,052 - root - INFO - Checkpointing ...
2021-03-04 15:23:21,569 - root - INFO - train loss:0.4644!
2021-03-04 15:23:22,608 - root - INFO - f1:0.0875, p:0.1126, r:0.0930, hit:0.5249, ndcg:0.3389, topn:10.
2021-03-04 15:23:23,742 - root - INFO - f1:0.1015, p:0.1947, r:0.0839, hit:0.6532, ndcg:0.4433, topn:10.
2021-03-04 15:23:23,745 - root - INFO - Checkpointing ...
2021-03-04 15:23:25,179 - root - INFO - train loss:0.4520!
2021-03-04 15:23:26,256 - root - INFO - f1:0.0904, p:0.1155, r:0.0963, hit:0.5345, ndcg:0.3448, topn:10.
2021-03-04 15:23:27,243 - root - INFO - f1:0.1032, p:0.1968, r:0.0862, hit:0.6564, ndcg:0.4489, topn:10.
2021-03-04 15:23:27,247 - root - INFO - Checkpointing ...
2021-03-04 15:23:28,681 - root - INFO - train loss:0.4422!
2021-03-04 15:23:29,609 - root - INFO - f1:0.0921, p:0.1171, r:0.0991, hit:0.5440, ndcg:0.3505, topn:10.
2021-03-04 15:23:30,644 - root - INFO - f1:0.1051, p:0.1996, r:0.0882, hit:0.6638, ndcg:0.4520, topn:10.
2021-03-04 15:23:30,647 - root - INFO - Checkpointing ...
2021-03-04 15:23:32,127 - root - INFO - train loss:0.4322!
2021-03-04 15:23:33,259 - root - INFO - f1:0.0945, p:0.1196, r:0.1020, hit:0.5525, ndcg:0.3565, topn:10.
2021-03-04 15:23:34,376 - root - INFO - f1:0.1085, p:0.2038, r:0.0917, hit:0.6755, ndcg:0.4565, topn:10.
2021-03-04 15:23:34,380 - root - INFO - Checkpointing ...
2021-03-04 15:23:35,914 - root - INFO - train loss:0.4217!
2021-03-04 15:23:36,972 - root - INFO - f1:0.0962, p:0.1213, r:0.1042, hit:0.5589, ndcg:0.3609, topn:10.
2021-03-04 15:23:38,057 - root - INFO - f1:0.1110, p:0.2069, r:0.0942, hit:0.6840, ndcg:0.4620, topn:10.
2021-03-04 15:23:38,062 - root - INFO - Checkpointing ...
2021-03-04 15:23:39,518 - root - INFO - train loss:0.4142!
2021-03-04 15:23:40,486 - root - INFO - f1:0.0973, p:0.1222, r:0.1066, hit:0.5663, ndcg:0.3677, topn:10.
2021-03-04 15:23:41,562 - root - INFO - f1:0.1136, p:0.2109, r:0.0967, hit:0.6925, ndcg:0.4704, topn:10.
2021-03-04 15:23:41,565 - root - INFO - Checkpointing ...
2021-03-04 15:23:42,967 - root - INFO - train loss:0.4065!
2021-03-04 15:23:44,067 - root - INFO - f1:0.0982, p:0.1226, r:0.1086, hit:0.5716, ndcg:0.3728, topn:10.
2021-03-04 15:23:45,189 - root - INFO - f1:0.1162, p:0.2136, r:0.1000, hit:0.6988, ndcg:0.4734, topn:10.
2021-03-04 15:23:45,193 - root - INFO - Checkpointing ...
2021-03-04 15:23:46,967 - root - INFO - train loss:0.3994!
2021-03-04 15:23:48,044 - root - INFO - f1:0.1001, p:0.1246, r:0.1114, hit:0.5801, ndcg:0.3785, topn:10.
2021-03-04 15:23:49,166 - root - INFO - f1:0.1175, p:0.2156, r:0.1010, hit:0.7041, ndcg:0.4798, topn:10.
2021-03-04 15:23:49,171 - root - INFO - Checkpointing ...
2021-03-04 15:23:50,595 - root - INFO - train loss:0.3921!
2021-03-04 15:23:51,698 - root - INFO - f1:0.1007, p:0.1251, r:0.1127, hit:0.5811, ndcg:0.3810, topn:10.
2021-03-04 15:23:52,772 - root - INFO - f1:0.1192, p:0.2175, r:0.1033, hit:0.7137, ndcg:0.4870, topn:10.
2021-03-04 15:23:52,777 - root - INFO - Checkpointing ...
2021-03-04 15:23:54,256 - root - INFO - train loss:0.3851!
2021-03-04 15:23:55,320 - root - INFO - f1:0.1024, p:0.1267, r:0.1153, hit:0.5864, ndcg:0.3846, topn:10.
2021-03-04 15:23:56,429 - root - INFO - f1:0.1216, p:0.2207, r:0.1059, hit:0.7222, ndcg:0.4930, topn:10.
2021-03-04 15:23:56,433 - root - INFO - Checkpointing ...
2021-03-04 15:23:57,881 - root - INFO - train loss:0.3780!
2021-03-04 15:23:58,881 - root - INFO - f1:0.1026, p:0.1270, r:0.1153, hit:0.5843, ndcg:0.3847, topn:10.
2021-03-04 15:24:00,113 - root - INFO - f1:0.1228, p:0.2221, r:0.1072, hit:0.7285, ndcg:0.4991, topn:10.
2021-03-04 15:24:00,117 - root - INFO - Checkpointing ...
2021-03-04 15:24:01,647 - root - INFO - train loss:0.3731!
2021-03-04 15:24:02,670 - root - INFO - f1:0.1043, p:0.1286, r:0.1176, hit:0.5907, ndcg:0.3884, topn:10.
2021-03-04 15:24:03,738 - root - INFO - f1:0.1242, p:0.2238, r:0.1086, hit:0.7317, ndcg:0.5022, topn:10.
2021-03-04 15:24:03,741 - root - INFO - Checkpointing ...
2021-03-04 15:24:05,029 - root - INFO - train loss:0.3693!
2021-03-04 15:24:06,107 - root - INFO - f1:0.1057, p:0.1298, r:0.1196, hit:0.5928, ndcg:0.3907, topn:10.
2021-03-04 15:24:07,205 - root - INFO - f1:0.1257, p:0.2255, r:0.1106, hit:0.7349, ndcg:0.5053, topn:10.
2021-03-04 15:24:07,209 - root - INFO - Checkpointing ...
2021-03-04 15:24:08,952 - root - INFO - train loss:0.3636!
2021-03-04 15:24:09,995 - root - INFO - f1:0.1074, p:0.1313, r:0.1221, hit:0.5981, ndcg:0.3939, topn:10.
2021-03-04 15:24:11,090 - root - INFO - f1:0.1278, p:0.2281, r:0.1130, hit:0.7391, ndcg:0.5097, topn:10.
2021-03-04 15:24:11,094 - root - INFO - Checkpointing ...
2021-03-04 15:24:12,584 - root - INFO - train loss:0.3584!
2021-03-04 15:24:13,725 - root - INFO - f1:0.1076, p:0.1311, r:0.1233, hit:0.6045, ndcg:0.3977, topn:10.
2021-03-04 15:24:14,810 - root - INFO - f1:0.1285, p:0.2290, r:0.1136, hit:0.7434, ndcg:0.5125, topn:10.
2021-03-04 15:24:14,815 - root - INFO - Checkpointing ...
2021-03-04 15:24:16,076 - root - INFO - train loss:0.3535!
2021-03-04 15:24:17,121 - root - INFO - f1:0.1091, p:0.1326, r:0.1262, hit:0.6076, ndcg:0.3989, topn:10.
2021-03-04 15:24:18,178 - root - INFO - f1:0.1296, p:0.2302, r:0.1150, hit:0.7444, ndcg:0.5168, topn:10.
2021-03-04 15:24:18,182 - root - INFO - Checkpointing ...
2021-03-04 15:24:19,559 - root - INFO - train loss:0.3512!
2021-03-04 15:24:20,596 - root - INFO - f1:0.1101, p:0.1333, r:0.1280, hit:0.6119, ndcg:0.4022, topn:10.
2021-03-04 15:24:21,669 - root - INFO - f1:0.1317, p:0.2323, r:0.1172, hit:0.7529, ndcg:0.5201, topn:10.
2021-03-04 15:24:21,672 - root - INFO - Checkpointing ...
2021-03-04 15:24:23,034 - root - INFO - train loss:0.3471!
2021-03-04 15:24:24,133 - root - INFO - f1:0.1112, p:0.1344, r:0.1293, hit:0.6161, ndcg:0.4056, topn:10.
2021-03-04 15:24:25,254 - root - INFO - f1:0.1332, p:0.2345, r:0.1187, hit:0.7540, ndcg:0.5192, topn:10.
2021-03-04 15:24:25,258 - root - INFO - Checkpointing ...
2021-03-04 15:24:26,616 - root - INFO - train loss:0.3427!
2021-03-04 15:24:27,673 - root - INFO - f1:0.1117, p:0.1349, r:0.1298, hit:0.6204, ndcg:0.4102, topn:10.
2021-03-04 15:24:28,744 - root - INFO - f1:0.1337, p:0.2351, r:0.1194, hit:0.7572, ndcg:0.5248, topn:10.
2021-03-04 15:24:28,747 - root - INFO - Checkpointing ...
2021-03-04 15:24:30,292 - root - INFO - train loss:0.3395!
2021-03-04 15:24:31,380 - root - INFO - f1:0.1122, p:0.1355, r:0.1305, hit:0.6225, ndcg:0.4120, topn:10.
2021-03-04 15:24:32,523 - root - INFO - f1:0.1342, p:0.2356, r:0.1197, hit:0.7603, ndcg:0.5279, topn:10.
2021-03-04 15:24:32,527 - root - INFO - Checkpointing ...
2021-03-04 15:24:34,432 - root - INFO - train loss:0.3352!
2021-03-04 15:24:35,485 - root - INFO - f1:0.1133, p:0.1366, r:0.1324, hit:0.6288, ndcg:0.4149, topn:10.
2021-03-04 15:24:36,541 - root - INFO - f1:0.1358, p:0.2376, r:0.1216, hit:0.7678, ndcg:0.5313, topn:10.
2021-03-04 15:24:36,546 - root - INFO - Checkpointing ...
2021-03-04 15:24:38,192 - root - INFO - train loss:0.3349!
2021-03-04 15:24:39,299 - root - INFO - f1:0.1152, p:0.1381, r:0.1363, hit:0.6373, ndcg:0.4190, topn:10.
2021-03-04 15:24:40,382 - root - INFO - f1:0.1359, p:0.2375, r:0.1219, hit:0.7688, ndcg:0.5334, topn:10.
2021-03-04 15:24:40,387 - root - INFO - Checkpointing ...
2021-03-04 15:24:41,749 - root - INFO - train loss:0.3300!
2021-03-04 15:24:42,725 - root - INFO - f1:0.1157, p:0.1387, r:0.1369, hit:0.6384, ndcg:0.4211, topn:10.
2021-03-04 15:24:43,837 - root - INFO - f1:0.1372, p:0.2383, r:0.1238, hit:0.7720, ndcg:0.5356, topn:10.
2021-03-04 15:24:43,843 - root - INFO - Checkpointing ...
2021-03-04 15:24:45,550 - root - INFO - train loss:0.3272!
2021-03-04 15:24:46,730 - root - INFO - f1:0.1171, p:0.1400, r:0.1388, hit:0.6426, ndcg:0.4229, topn:10.
2021-03-04 15:24:48,081 - root - INFO - f1:0.1389, p:0.2399, r:0.1258, hit:0.7762, ndcg:0.5385, topn:10.
2021-03-04 15:24:48,084 - root - INFO - Checkpointing ...
2021-03-04 15:24:49,647 - root - INFO - train loss:0.3249!
2021-03-04 15:24:50,730 - root - INFO - f1:0.1181, p:0.1407, r:0.1410, hit:0.6479, ndcg:0.4283, topn:10.
2021-03-04 15:24:51,841 - root - INFO - f1:0.1410, p:0.2422, r:0.1280, hit:0.7847, ndcg:0.5422, topn:10.
2021-03-04 15:24:51,844 - root - INFO - Checkpointing ...
2021-03-04 15:24:53,187 - root - INFO - train loss:0.3229!
2021-03-04 15:24:54,306 - root - INFO - f1:0.1182, p:0.1408, r:0.1410, hit:0.6479, ndcg:0.4299, topn:10.
2021-03-04 15:24:55,417 - root - INFO - f1:0.1421, p:0.2435, r:0.1291, hit:0.7890, ndcg:0.5448, topn:10.
2021-03-04 15:24:55,422 - root - INFO - Checkpointing ...
2021-03-04 15:24:56,991 - root - INFO - train loss:0.3194!
2021-03-04 15:24:58,058 - root - INFO - f1:0.1189, p:0.1414, r:0.1420, hit:0.6490, ndcg:0.4293, topn:10.
2021-03-04 15:24:59,185 - root - INFO - f1:0.1438, p:0.2454, r:0.1309, hit:0.7932, ndcg:0.5474, topn:10.
2021-03-04 15:24:59,191 - root - INFO - Checkpointing ...
2021-03-04 15:25:00,735 - root - INFO - train loss:0.3196!
2021-03-04 15:25:01,783 - root - INFO - f1:0.1194, p:0.1420, r:0.1427, hit:0.6501, ndcg:0.4321, topn:10.
2021-03-04 15:25:02,950 - root - INFO - f1:0.1446, p:0.2458, r:0.1320, hit:0.7975, ndcg:0.5507, topn:10.
2021-03-04 15:25:02,954 - root - INFO - Checkpointing ...
2021-03-04 15:25:04,667 - root - INFO - train loss:0.3153!
2021-03-04 15:25:05,766 - root - INFO - f1:0.1204, p:0.1428, r:0.1444, hit:0.6511, ndcg:0.4324, topn:10.
2021-03-04 15:25:06,874 - root - INFO - f1:0.1463, p:0.2479, r:0.1337, hit:0.7985, ndcg:0.5514, topn:10.
2021-03-04 15:25:06,878 - root - INFO - Checkpointing ...
2021-03-04 15:25:08,437 - root - INFO - train loss:0.3134!
2021-03-04 15:25:09,472 - root - INFO - f1:0.1213, p:0.1440, r:0.1463, hit:0.6532, ndcg:0.4336, topn:10.
2021-03-04 15:25:10,593 - root - INFO - f1:0.1468, p:0.2484, r:0.1343, hit:0.8017, ndcg:0.5551, topn:10.
2021-03-04 15:25:10,597 - root - INFO - Checkpointing ...
2021-03-04 15:25:12,107 - root - INFO - train loss:0.3136!
2021-03-04 15:25:13,179 - root - INFO - f1:0.1224, p:0.1448, r:0.1479, hit:0.6575, ndcg:0.4371, topn:10.
2021-03-04 15:25:14,256 - root - INFO - f1:0.1476, p:0.2492, r:0.1356, hit:0.8070, ndcg:0.5585, topn:10.
2021-03-04 15:25:14,259 - root - INFO - Checkpointing ...
2021-03-04 15:25:15,660 - root - INFO - train loss:0.3089!
2021-03-04 15:25:16,667 - root - INFO - f1:0.1236, p:0.1455, r:0.1507, hit:0.6628, ndcg:0.4395, topn:10.
2021-03-04 15:25:17,693 - root - INFO - f1:0.1481, p:0.2498, r:0.1360, hit:0.8070, ndcg:0.5594, topn:10.
2021-03-04 15:25:17,696 - root - INFO - Checkpointing ...
2021-03-04 15:25:19,356 - root - INFO - train loss:0.3074!
2021-03-04 15:25:20,449 - root - INFO - f1:0.1244, p:0.1466, r:0.1512, hit:0.6649, ndcg:0.4414, topn:10.
2021-03-04 15:25:21,454 - root - INFO - f1:0.1490, p:0.2507, r:0.1374, hit:0.8081, ndcg:0.5614, topn:10.
2021-03-04 15:25:21,457 - root - INFO - Checkpointing ...
2021-03-04 15:25:23,120 - root - INFO - train loss:0.3068!
2021-03-04 15:25:24,217 - root - INFO - f1:0.1253, p:0.1472, r:0.1524, hit:0.6670, ndcg:0.4417, topn:10.
2021-03-04 15:25:25,279 - root - INFO - f1:0.1491, p:0.2511, r:0.1374, hit:0.8059, ndcg:0.5631, topn:10.
2021-03-04 15:25:25,283 - root - INFO - Checkpointing ...
2021-03-04 15:25:26,950 - root - INFO - train loss:0.3039!
2021-03-04 15:25:28,040 - root - INFO - f1:0.1256, p:0.1476, r:0.1529, hit:0.6702, ndcg:0.4456, topn:10.
2021-03-04 15:25:29,095 - root - INFO - f1:0.1500, p:0.2523, r:0.1383, hit:0.8081, ndcg:0.5647, topn:10.
2021-03-04 15:25:29,100 - root - INFO - Checkpointing ...
2021-03-04 15:25:30,897 - root - INFO - train loss:0.3032!
2021-03-04 15:25:32,013 - root - INFO - f1:0.1258, p:0.1478, r:0.1534, hit:0.6713, ndcg:0.4464, topn:10.
2021-03-04 15:25:33,052 - root - INFO - f1:0.1510, p:0.2534, r:0.1393, hit:0.8112, ndcg:0.5670, topn:10.
2021-03-04 15:25:33,056 - root - INFO - Checkpointing ...
2021-03-04 15:25:34,677 - root - INFO - train loss:0.3019!
2021-03-04 15:25:35,689 - root - INFO - f1:0.1267, p:0.1484, r:0.1549, hit:0.6766, ndcg:0.4492, topn:10.
2021-03-04 15:25:36,720 - root - INFO - f1:0.1515, p:0.2540, r:0.1399, hit:0.8144, ndcg:0.5694, topn:10.
2021-03-04 15:25:36,723 - root - INFO - Checkpointing ...
2021-03-04 15:25:38,110 - root - INFO - train loss:0.2999!
2021-03-04 15:25:39,378 - root - INFO - f1:0.1272, p:0.1488, r:0.1557, hit:0.6766, ndcg:0.4499, topn:10.
2021-03-04 15:25:40,344 - root - INFO - f1:0.1528, p:0.2557, r:0.1412, hit:0.8134, ndcg:0.5692, topn:10.
2021-03-04 15:25:40,348 - root - INFO - Checkpointing ...
2021-03-04 15:25:41,786 - root - INFO - train loss:0.2983!
2021-03-04 15:25:42,860 - root - INFO - f1:0.1291, p:0.1505, r:0.1586, hit:0.6819, ndcg:0.4520, topn:10.
2021-03-04 15:25:44,001 - root - INFO - f1:0.1532, p:0.2561, r:0.1418, hit:0.8134, ndcg:0.5706, topn:10.
2021-03-04 15:25:44,005 - root - INFO - Checkpointing ...
2021-03-04 15:25:45,650 - root - INFO - train loss:0.2970!
2021-03-04 15:25:46,710 - root - INFO - f1:0.1292, p:0.1505, r:0.1586, hit:0.6819, ndcg:0.4530, topn:10.
2021-03-04 15:25:47,753 - root - INFO - f1:0.1542, p:0.2574, r:0.1427, hit:0.8155, ndcg:0.5737, topn:10.
2021-03-04 15:25:47,756 - root - INFO - Checkpointing ...
2021-03-04 15:25:49,272 - root - INFO - train loss:0.2951!
2021-03-04 15:25:50,285 - root - INFO - f1:0.1298, p:0.1512, r:0.1592, hit:0.6840, ndcg:0.4539, topn:10.
2021-03-04 15:25:51,370 - root - INFO - f1:0.1551, p:0.2583, r:0.1437, hit:0.8165, ndcg:0.5760, topn:10.
2021-03-04 15:25:51,375 - root - INFO - Checkpointing ...
2021-03-04 15:25:52,839 - root - INFO - train loss:0.2937!
2021-03-04 15:25:53,888 - root - INFO - f1:0.1304, p:0.1516, r:0.1604, hit:0.6882, ndcg:0.4562, topn:10.
2021-03-04 15:25:54,970 - root - INFO - f1:0.1557, p:0.2592, r:0.1443, hit:0.8176, ndcg:0.5768, topn:10.
2021-03-04 15:25:54,973 - root - INFO - Checkpointing ...
2021-03-04 15:25:56,271 - root - INFO - train loss:0.2918!
2021-03-04 15:25:57,327 - root - INFO - f1:0.1312, p:0.1524, r:0.1615, hit:0.6903, ndcg:0.4574, topn:10.
2021-03-04 15:25:58,445 - root - INFO - f1:0.1563, p:0.2598, r:0.1450, hit:0.8176, ndcg:0.5790, topn:10.
2021-03-04 15:25:58,449 - root - INFO - Checkpointing ...
2021-03-04 15:26:00,127 - root - INFO - train loss:0.2893!
2021-03-04 15:26:01,236 - root - INFO - f1:0.1321, p:0.1532, r:0.1626, hit:0.6903, ndcg:0.4576, topn:10.
2021-03-04 15:26:02,349 - root - INFO - f1:0.1561, p:0.2596, r:0.1448, hit:0.8165, ndcg:0.5812, topn:10.
2021-03-04 15:26:02,353 - root - INFO - Checkpointing ...
2021-03-04 15:26:03,765 - root - INFO - train loss:0.2892!
2021-03-04 15:26:04,831 - root - INFO - f1:0.1325, p:0.1532, r:0.1634, hit:0.6925, ndcg:0.4591, topn:10.
2021-03-04 15:26:05,929 - root - INFO - f1:0.1563, p:0.2599, r:0.1448, hit:0.8165, ndcg:0.5816, topn:10.
2021-03-04 15:26:05,932 - root - INFO - Checkpointing ...
2021-03-04 15:26:07,357 - root - INFO - train loss:0.2895!
2021-03-04 15:26:08,392 - root - INFO - f1:0.1327, p:0.1539, r:0.1633, hit:0.6914, ndcg:0.4597, topn:10.
2021-03-04 15:26:09,398 - root - INFO - f1:0.1564, p:0.2601, r:0.1451, hit:0.8165, ndcg:0.5821, topn:10.
2021-03-04 15:26:09,400 - root - INFO - Checkpointing ...
2021-03-04 15:26:10,889 - root - INFO - train loss:0.2868!
2021-03-04 15:26:11,861 - root - INFO - f1:0.1330, p:0.1542, r:0.1636, hit:0.6914, ndcg:0.4607, topn:10.
2021-03-04 15:26:12,896 - root - INFO - f1:0.1567, p:0.2604, r:0.1454, hit:0.8155, ndcg:0.5825, topn:10.
2021-03-04 15:26:12,900 - root - INFO - Checkpointing ...
2021-03-04 15:26:14,553 - root - INFO - train loss:0.2857!
2021-03-04 15:26:15,637 - root - INFO - f1:0.1333, p:0.1544, r:0.1639, hit:0.6914, ndcg:0.4623, topn:10.
2021-03-04 15:26:16,743 - root - INFO - f1:0.1575, p:0.2614, r:0.1465, hit:0.8187, ndcg:0.5830, topn:10.
2021-03-04 15:26:16,747 - root - INFO - Checkpointing ...
2021-03-04 15:26:18,320 - root - INFO - train loss:0.2838!
2021-03-04 15:26:19,478 - root - INFO - f1:0.1335, p:0.1547, r:0.1642, hit:0.6914, ndcg:0.4625, topn:10.
2021-03-04 15:26:20,590 - root - INFO - f1:0.1579, p:0.2617, r:0.1469, hit:0.8197, ndcg:0.5846, topn:10.
2021-03-04 15:26:20,594 - root - INFO - Checkpointing ...
2021-03-04 15:26:22,125 - root - INFO - train loss:0.2835!
2021-03-04 15:26:23,220 - root - INFO - f1:0.1335, p:0.1546, r:0.1642, hit:0.6925, ndcg:0.4643, topn:10.
2021-03-04 15:26:24,307 - root - INFO - f1:0.1584, p:0.2621, r:0.1476, hit:0.8208, ndcg:0.5851, topn:10.
2021-03-04 15:26:25,678 - root - INFO - train loss:0.2821!
2021-03-04 15:26:26,998 - root - INFO - f1:0.1344, p:0.1551, r:0.1668, hit:0.6957, ndcg:0.4665, topn:10.
2021-03-04 15:26:28,120 - root - INFO - f1:0.1590, p:0.2631, r:0.1482, hit:0.8208, ndcg:0.5868, topn:10.
2021-03-04 15:26:28,124 - root - INFO - Checkpointing ...
2021-03-04 15:26:29,565 - root - INFO - train loss:0.2796!
2021-03-04 15:26:30,706 - root - INFO - f1:0.1346, p:0.1554, r:0.1674, hit:0.6957, ndcg:0.4681, topn:10.
2021-03-04 15:26:31,808 - root - INFO - f1:0.1595, p:0.2637, r:0.1486, hit:0.8229, ndcg:0.5876, topn:10.
2021-03-04 15:26:31,813 - root - INFO - Checkpointing ...
2021-03-04 15:26:33,336 - root - INFO - train loss:0.2783!
2021-03-04 15:26:34,381 - root - INFO - f1:0.1353, p:0.1562, r:0.1684, hit:0.6988, ndcg:0.4680, topn:10.
2021-03-04 15:26:35,477 - root - INFO - f1:0.1605, p:0.2648, r:0.1498, hit:0.8261, ndcg:0.5892, topn:10.
2021-03-04 15:26:35,482 - root - INFO - Checkpointing ...
2021-03-04 15:26:37,187 - root - INFO - train loss:0.2754!
2021-03-04 15:26:38,295 - root - INFO - f1:0.1355, p:0.1564, r:0.1686, hit:0.6988, ndcg:0.4682, topn:10.
2021-03-04 15:26:39,422 - root - INFO - f1:0.1613, p:0.2655, r:0.1506, hit:0.8293, ndcg:0.5904, topn:10.
2021-03-04 15:26:39,425 - root - INFO - Checkpointing ...
2021-03-04 15:26:40,855 - root - INFO - train loss:0.2783!
2021-03-04 15:26:41,982 - root - INFO - f1:0.1358, p:0.1566, r:0.1690, hit:0.6988, ndcg:0.4686, topn:10.
2021-03-04 15:26:43,008 - root - INFO - f1:0.1621, p:0.2666, r:0.1514, hit:0.8293, ndcg:0.5904, topn:10.
2021-03-04 15:26:43,013 - root - INFO - Checkpointing ...
2021-03-04 15:26:44,491 - root - INFO - train loss:0.2734!
2021-03-04 15:26:45,622 - root - INFO - f1:0.1364, p:0.1569, r:0.1709, hit:0.7010, ndcg:0.4706, topn:10.
2021-03-04 15:26:46,719 - root - INFO - f1:0.1628, p:0.2674, r:0.1522, hit:0.8303, ndcg:0.5904, topn:10.
2021-03-04 15:26:46,723 - root - INFO - Checkpointing ...
2021-03-04 15:26:47,997 - root - INFO - train loss:0.2762!
2021-03-04 15:26:49,135 - root - INFO - f1:0.1369, p:0.1572, r:0.1727, hit:0.7020, ndcg:0.4722, topn:10.
2021-03-04 15:26:50,281 - root - INFO - f1:0.1632, p:0.2683, r:0.1526, hit:0.8303, ndcg:0.5906, topn:10.
2021-03-04 15:26:50,287 - root - INFO - Checkpointing ...
2021-03-04 15:26:51,727 - root - INFO - train loss:0.2747!
2021-03-04 15:26:52,867 - root - INFO - f1:0.1376, p:0.1579, r:0.1732, hit:0.7031, ndcg:0.4742, topn:10.
2021-03-04 15:26:53,982 - root - INFO - f1:0.1642, p:0.2691, r:0.1537, hit:0.8303, ndcg:0.5901, topn:10.
2021-03-04 15:26:53,986 - root - INFO - Checkpointing ...
2021-03-04 15:26:55,481 - root - INFO - train loss:0.2715!
2021-03-04 15:26:56,551 - root - INFO - f1:0.1377, p:0.1582, r:0.1735, hit:0.7031, ndcg:0.4737, topn:10.
2021-03-04 15:26:57,679 - root - INFO - f1:0.1649, p:0.2697, r:0.1550, hit:0.8346, ndcg:0.5917, topn:10.
2021-03-04 15:26:57,683 - root - INFO - Checkpointing ...
2021-03-04 15:26:59,435 - root - INFO - train loss:0.2717!
2021-03-04 15:27:00,610 - root - INFO - f1:0.1378, p:0.1583, r:0.1737, hit:0.7020, ndcg:0.4739, topn:10.
2021-03-04 15:27:01,691 - root - INFO - f1:0.1652, p:0.2702, r:0.1552, hit:0.8335, ndcg:0.5929, topn:10.
2021-03-04 15:27:01,695 - root - INFO - Checkpointing ...
2021-03-04 15:27:03,122 - root - INFO - train loss:0.2717!
2021-03-04 15:27:04,206 - root - INFO - f1:0.1385, p:0.1593, r:0.1742, hit:0.7020, ndcg:0.4736, topn:10.
2021-03-04 15:27:05,211 - root - INFO - f1:0.1653, p:0.2707, r:0.1552, hit:0.8324, ndcg:0.5931, topn:10.
2021-03-04 15:27:05,215 - root - INFO - Checkpointing ...
2021-03-04 15:27:06,717 - root - INFO - train loss:0.2713!
2021-03-04 15:27:07,731 - root - INFO - f1:0.1388, p:0.1592, r:0.1753, hit:0.7031, ndcg:0.4748, topn:10.
2021-03-04 15:27:08,755 - root - INFO - f1:0.1661, p:0.2715, r:0.1561, hit:0.8346, ndcg:0.5951, topn:10.
2021-03-04 15:27:08,758 - root - INFO - Checkpointing ...
2021-03-04 15:27:10,180 - root - INFO - train loss:0.2679!
2021-03-04 15:27:11,259 - root - INFO - f1:0.1393, p:0.1598, r:0.1759, hit:0.7031, ndcg:0.4765, topn:10.
2021-03-04 15:27:12,333 - root - INFO - f1:0.1668, p:0.2725, r:0.1568, hit:0.8356, ndcg:0.5966, topn:10.
2021-03-04 15:27:12,338 - root - INFO - Checkpointing ...
2021-03-04 15:27:13,845 - root - INFO - train loss:0.2673!
2021-03-04 15:27:14,889 - root - INFO - f1:0.1402, p:0.1610, r:0.1770, hit:0.7052, ndcg:0.4779, topn:10.
2021-03-04 15:27:16,199 - root - INFO - f1:0.1675, p:0.2733, r:0.1574, hit:0.8367, ndcg:0.5976, topn:10.
2021-03-04 15:27:16,204 - root - INFO - Checkpointing ...
2021-03-04 15:27:17,647 - root - INFO - train loss:0.2674!
2021-03-04 15:27:18,642 - root - INFO - f1:0.1409, p:0.1615, r:0.1779, hit:0.7063, ndcg:0.4785, topn:10.
2021-03-04 15:27:19,671 - root - INFO - f1:0.1675, p:0.2734, r:0.1574, hit:0.8356, ndcg:0.5977, topn:10.
2021-03-04 15:27:19,675 - root - INFO - Checkpointing ...
2021-03-04 15:27:21,029 - root - INFO - train loss:0.2656!
2021-03-04 15:27:21,982 - root - INFO - f1:0.1407, p:0.1614, r:0.1776, hit:0.7041, ndcg:0.4783, topn:10.
2021-03-04 15:27:23,104 - root - INFO - f1:0.1681, p:0.2744, r:0.1582, hit:0.8356, ndcg:0.5981, topn:10.
2021-03-04 15:27:24,547 - root - INFO - train loss:0.2656!
2021-03-04 15:27:25,637 - root - INFO - f1:0.1407, p:0.1614, r:0.1777, hit:0.7052, ndcg:0.4782, topn:10.
2021-03-04 15:27:26,777 - root - INFO - f1:0.1690, p:0.2753, r:0.1593, hit:0.8378, ndcg:0.5992, topn:10.
2021-03-04 15:27:26,781 - root - INFO - No improvement after one epoch. Lowering learning rate.
2021-03-04 15:27:28,215 - root - INFO - train loss:0.2656!
2021-03-04 15:27:29,305 - root - INFO - f1:0.1421, p:0.1627, r:0.1798, hit:0.7073, ndcg:0.4756, topn:10.
2021-03-04 15:27:30,408 - root - INFO - f1:0.1686, p:0.2750, r:0.1583, hit:0.8409, ndcg:0.6041, topn:10.
2021-03-04 15:27:30,412 - root - INFO - Checkpointing ...
2021-03-04 15:27:31,908 - root - INFO - train loss:0.2600!
2021-03-04 15:27:33,059 - root - INFO - f1:0.1429, p:0.1637, r:0.1813, hit:0.7073, ndcg:0.4745, topn:10.
2021-03-04 15:27:34,186 - root - INFO - f1:0.1702, p:0.2771, r:0.1600, hit:0.8431, ndcg:0.6039, topn:10.
2021-03-04 15:27:34,191 - root - INFO - Checkpointing ...
2021-03-04 15:27:35,628 - root - INFO - train loss:0.2580!
2021-03-04 15:27:36,687 - root - INFO - f1:0.1428, p:0.1636, r:0.1810, hit:0.7105, ndcg:0.4801, topn:10.
2021-03-04 15:27:37,762 - root - INFO - f1:0.1714, p:0.2786, r:0.1615, hit:0.8441, ndcg:0.6052, topn:10.
2021-03-04 15:27:39,480 - root - INFO - train loss:0.2525!
2021-03-04 15:27:40,601 - root - INFO - f1:0.1447, p:0.1651, r:0.1840, hit:0.7147, ndcg:0.4827, topn:10.
2021-03-04 15:27:41,708 - root - INFO - f1:0.1734, p:0.2812, r:0.1633, hit:0.8452, ndcg:0.6063, topn:10.
2021-03-04 15:27:41,712 - root - INFO - Checkpointing ...
2021-03-04 15:27:43,133 - root - INFO - train loss:0.2514!
2021-03-04 15:27:44,171 - root - INFO - f1:0.1461, p:0.1667, r:0.1861, hit:0.7200, ndcg:0.4848, topn:10.
2021-03-04 15:27:45,282 - root - INFO - f1:0.1745, p:0.2822, r:0.1647, hit:0.8484, ndcg:0.6075, topn:10.
2021-03-04 15:27:45,285 - root - INFO - Checkpointing ...
2021-03-04 15:27:46,557 - root - INFO - train loss:0.2482!
2021-03-04 15:27:47,612 - root - INFO - f1:0.1468, p:0.1674, r:0.1875, hit:0.7232, ndcg:0.4880, topn:10.
2021-03-04 15:27:48,491 - root - INFO - f1:0.1751, p:0.2834, r:0.1657, hit:0.8484, ndcg:0.6086, topn:10.
2021-03-04 15:27:48,494 - root - INFO - Checkpointing ...
2021-03-04 15:27:49,883 - root - INFO - train loss:0.2483!
2021-03-04 15:27:50,931 - root - INFO - f1:0.1476, p:0.1680, r:0.1887, hit:0.7253, ndcg:0.4888, topn:10.
2021-03-04 15:27:51,981 - root - INFO - f1:0.1759, p:0.2843, r:0.1665, hit:0.8526, ndcg:0.6103, topn:10.
2021-03-04 15:27:51,985 - root - INFO - Checkpointing ...
2021-03-04 15:27:53,485 - root - INFO - train loss:0.2440!
2021-03-04 15:27:54,507 - root - INFO - f1:0.1480, p:0.1685, r:0.1894, hit:0.7243, ndcg:0.4885, topn:10.
2021-03-04 15:27:55,609 - root - INFO - f1:0.1762, p:0.2853, r:0.1664, hit:0.8515, ndcg:0.6112, topn:10.
2021-03-04 15:27:55,612 - root - INFO - Checkpointing ...
2021-03-04 15:27:57,063 - root - INFO - train loss:0.2455!
2021-03-04 15:27:58,193 - root - INFO - f1:0.1485, p:0.1692, r:0.1898, hit:0.7275, ndcg:0.4905, topn:10.
2021-03-04 15:27:59,289 - root - INFO - f1:0.1773, p:0.2870, r:0.1678, hit:0.8537, ndcg:0.6132, topn:10.
2021-03-04 15:27:59,293 - root - INFO - Checkpointing ...
2021-03-04 15:28:00,847 - root - INFO - train loss:0.2436!
2021-03-04 15:28:01,960 - root - INFO - f1:0.1491, p:0.1697, r:0.1906, hit:0.7285, ndcg:0.4897, topn:10.
2021-03-04 15:28:03,250 - root - INFO - f1:0.1774, p:0.2870, r:0.1678, hit:0.8515, ndcg:0.6134, topn:10.
2021-03-04 15:28:03,254 - root - INFO - Checkpointing ...
2021-03-04 15:28:04,760 - root - INFO - train loss:0.2430!
2021-03-04 15:28:05,867 - root - INFO - f1:0.1495, p:0.1704, r:0.1911, hit:0.7285, ndcg:0.4895, topn:10.
2021-03-04 15:28:06,942 - root - INFO - f1:0.1781, p:0.2877, r:0.1687, hit:0.8537, ndcg:0.6146, topn:10.
2021-03-04 15:28:06,946 - root - INFO - Checkpointing ...
2021-03-04 15:28:08,647 - root - INFO - From CaseRecommender evaluator: {'PREC@10': 0.17052, 'RECALL@10': 0.191161, 'NDCG@10': 0.488743, 'MAP@10': 0.375923, 'MAP': 0.375923}.
2021-03-04 15:28:08,874 - root - INFO - From kg-summ-rec diversity evaluator: {'GENRE_COVERAGE@10': 0.479852, 'GENRE_REDUNDANCY@10': 0.422945, 'ILD_GENRE@10': 0.816772}.
2021-03-04 15:28:10,441 - root - INFO - From CaseRecommender evaluator: {'PREC@10': 0.287381, 'RECALL@10': 0.169093, 'NDCG@10': 0.615296, 'MAP@10': 0.499283, 'MAP': 0.499283}.
2021-03-04 15:28:10,636 - root - INFO - From kg-summ-rec diversity evaluator: {'GENRE_COVERAGE@10': 0.478703, 'GENRE_REDUNDANCY@10': 0.420491, 'ILD_GENRE@10': 0.818245}.
