2021-03-04 14:54:53,846 - root - INFO - Flag Values:
{
    "L1_flag": true,
    "batch_size": 256,
    "ckpt_path": "/home/juarez/git/results/JIIS-revised-exp1/ml-sun_ho_sKG_ig-sv-complex-75/",
    "clipping_max_value": 5.0,
    "data_path": "/home/juarez/git/datasets/JIIS-revised-exp1/ml-sun_ho_sKG_ig-sv-complex-75/cao-format/",
    "dataset": "ml1m",
    "early_stopping_steps_to_wait": 24363,
    "embedding_size": 100,
    "eval_interval_steps": 4873,
    "eval_only_mode": false,
    "experiment_name": "ml1m-transe-1614880493",
    "filter_wrong_corrupted": true,
    "has_visualization": false,
    "is_report": false,
    "joint_ratio": 0.5,
    "kg_lambda": 1.0,
    "kg_test_files": "valid.dat:test.dat",
    "l2_lambda": 0.0,
    "learning_rate": 0.001,
    "learning_rate_decay_when_no_progress": 0.5,
    "load_ckpt_file": null,
    "load_experiment_name": null,
    "log_level": "debug",
    "log_path": "/home/juarez/git/results/JIIS-revised-exp1/ml-sun_ho_sKG_ig-sv-complex-75/",
    "margin": 1.0,
    "max_queue": 10,
    "model_type": "transe",
    "momentum": 0.9,
    "negtive_samples": 1,
    "norm_lambda": 1.0,
    "num_preferences": 4,
    "num_processes": 4,
    "optimizer_type": "Adam",
    "rec_test_files": null,
    "seed": 0,
    "share_embeddings": false,
    "topn": 10,
    "training_steps": 487300,
    "use_st_gumbel": false,
    "visualization_port": 8097
}
2021-03-04 14:54:53,955 - root - INFO - Totally 7707 train triples, 829,1623 eval triples in files: /home/juarez/git/datasets/JIIS-revised-exp1/ml-sun_ho_sKG_ig-sv-complex-75/cao-format/ml1m/kg/valid.dat;/home/juarez/git/datasets/JIIS-revised-exp1/ml-sun_ho_sKG_ig-sv-complex-75/cao-format/ml1m/kg/test.dat!
2021-03-04 14:54:54,005 - root - INFO - successfully load 4734 entities and 3 relations!
2021-03-04 14:54:54,018 - root - INFO - Building model.
2021-03-04 14:54:55,138 - root - INFO - Architecture: TransEModel(
  (ent_embeddings): Embedding(4734, 100)
  (rel_embeddings): Embedding(3, 100)
)
2021-03-04 14:54:55,139 - root - INFO - Total params: 473700.0
2021-03-04 14:54:55,139 - root - INFO - One epoch is 31 steps.
2021-03-04 14:54:55,139 - root - INFO - Training.
2021-03-04 14:54:55,139 - root - INFO - train loss:0.0000!
2021-03-04 14:54:56,700 - root - INFO - head hit:0.0036, head mean rank:2157.1749, topn:10.
2021-03-04 14:54:56,700 - root - INFO - tail hit:0.0000, tail mean rank:2257.0929, topn:10.
2021-03-04 14:54:56,701 - root - INFO - avg hit:0.0018, avg mean rank:2207.1339, topn:10.
2021-03-04 14:54:59,772 - root - INFO - head hit:0.0000, head mean rank:2223.7178, topn:10.
2021-03-04 14:54:59,772 - root - INFO - tail hit:0.0012, tail mean rank:2383.3506, topn:10.
2021-03-04 14:54:59,772 - root - INFO - avg hit:0.0006, avg mean rank:2303.5342, topn:10.
2021-03-04 14:55:26,426 - root - INFO - train loss:9.5139!
2021-03-04 14:55:27,896 - root - INFO - head hit:0.0663, head mean rank:972.2316, topn:10.
2021-03-04 14:55:27,897 - root - INFO - tail hit:0.2376, tail mean rank:613.7913, topn:10.
2021-03-04 14:55:27,897 - root - INFO - avg hit:0.1520, avg mean rank:793.0115, topn:10.
2021-03-04 14:55:30,479 - root - INFO - head hit:0.0413, head mean rank:1038.3641, topn:10.
2021-03-04 14:55:30,480 - root - INFO - tail hit:0.1750, tail mean rank:744.4147, topn:10.
2021-03-04 14:55:30,480 - root - INFO - avg hit:0.1081, avg mean rank:891.3894, topn:10.
2021-03-04 14:55:30,481 - root - INFO - Checkpointing ...
2021-03-04 14:55:54,077 - root - INFO - train loss:0.4842!
2021-03-04 14:55:55,489 - root - INFO - head hit:0.0748, head mean rank:926.9674, topn:10.
2021-03-04 14:55:55,489 - root - INFO - tail hit:0.2425, tail mean rank:596.0205, topn:10.
2021-03-04 14:55:55,489 - root - INFO - avg hit:0.1586, avg mean rank:761.4940, topn:10.
2021-03-04 14:55:58,055 - root - INFO - head hit:0.0604, head mean rank:940.4843, topn:10.
2021-03-04 14:55:58,056 - root - INFO - tail hit:0.2095, tail mean rank:686.2039, topn:10.
2021-03-04 14:55:58,056 - root - INFO - avg hit:0.1349, avg mean rank:813.3441, topn:10.
2021-03-04 14:55:58,057 - root - INFO - Checkpointing ...
2021-03-04 14:56:23,461 - root - INFO - train loss:0.3105!
2021-03-04 14:56:24,949 - root - INFO - head hit:0.0844, head mean rank:853.6683, topn:10.
2021-03-04 14:56:24,949 - root - INFO - tail hit:0.2750, tail mean rank:522.3378, topn:10.
2021-03-04 14:56:24,949 - root - INFO - avg hit:0.1797, avg mean rank:688.0030, topn:10.
2021-03-04 14:56:27,613 - root - INFO - head hit:0.0702, head mean rank:901.9372, topn:10.
2021-03-04 14:56:27,614 - root - INFO - tail hit:0.2384, tail mean rank:620.5163, topn:10.
2021-03-04 14:56:27,614 - root - INFO - avg hit:0.1543, avg mean rank:761.2267, topn:10.
2021-03-04 14:56:27,615 - root - INFO - Checkpointing ...
2021-03-04 14:56:51,688 - root - INFO - train loss:0.2432!
2021-03-04 14:56:53,115 - root - INFO - head hit:0.0856, head mean rank:813.1122, topn:10.
2021-03-04 14:56:53,115 - root - INFO - tail hit:0.2919, tail mean rank:506.8311, topn:10.
2021-03-04 14:56:53,116 - root - INFO - avg hit:0.1888, avg mean rank:659.9717, topn:10.
2021-03-04 14:56:55,746 - root - INFO - head hit:0.0709, head mean rank:859.4707, topn:10.
2021-03-04 14:56:55,746 - root - INFO - tail hit:0.2483, tail mean rank:610.5262, topn:10.
2021-03-04 14:56:55,746 - root - INFO - avg hit:0.1596, avg mean rank:734.9985, topn:10.
2021-03-04 14:56:55,748 - root - INFO - Checkpointing ...
2021-03-04 14:57:21,537 - root - INFO - train loss:0.1848!
2021-03-04 14:57:22,995 - root - INFO - head hit:0.0953, head mean rank:781.0808, topn:10.
2021-03-04 14:57:22,996 - root - INFO - tail hit:0.2666, tail mean rank:494.5754, topn:10.
2021-03-04 14:57:22,996 - root - INFO - avg hit:0.1809, avg mean rank:637.8281, topn:10.
2021-03-04 14:57:25,593 - root - INFO - head hit:0.0869, head mean rank:816.3389, topn:10.
2021-03-04 14:57:25,593 - root - INFO - tail hit:0.2304, tail mean rank:605.6938, topn:10.
2021-03-04 14:57:25,594 - root - INFO - avg hit:0.1587, avg mean rank:711.0163, topn:10.
2021-03-04 14:57:25,595 - root - INFO - No improvement after one epoch. Lowering learning rate.
2021-03-04 14:57:52,481 - root - INFO - train loss:0.0637!
2021-03-04 14:57:53,909 - root - INFO - head hit:0.1218, head mean rank:732.2316, topn:10.
2021-03-04 14:57:53,910 - root - INFO - tail hit:0.3559, tail mean rank:450.6393, topn:10.
2021-03-04 14:57:53,910 - root - INFO - avg hit:0.2388, avg mean rank:591.4355, topn:10.
2021-03-04 14:57:56,505 - root - INFO - head hit:0.1010, head mean rank:792.5268, topn:10.
2021-03-04 14:57:56,506 - root - INFO - tail hit:0.3038, tail mean rank:563.0721, topn:10.
2021-03-04 14:57:56,506 - root - INFO - avg hit:0.2024, avg mean rank:677.7994, topn:10.
2021-03-04 14:57:56,507 - root - INFO - Checkpointing ...
2021-03-04 14:58:22,180 - root - INFO - train loss:0.0328!
2021-03-04 14:58:23,538 - root - INFO - head hit:0.1327, head mean rank:755.7973, topn:10.
2021-03-04 14:58:23,539 - root - INFO - tail hit:0.3764, tail mean rank:446.6104, topn:10.
2021-03-04 14:58:23,539 - root - INFO - avg hit:0.2545, avg mean rank:601.2039, topn:10.
2021-03-04 14:58:26,062 - root - INFO - head hit:0.1054, head mean rank:771.2514, topn:10.
2021-03-04 14:58:26,062 - root - INFO - tail hit:0.3296, tail mean rank:540.3081, topn:10.
2021-03-04 14:58:26,062 - root - INFO - avg hit:0.2175, avg mean rank:655.7797, topn:10.
2021-03-04 14:58:26,064 - root - INFO - Checkpointing ...
2021-03-04 14:58:49,927 - root - INFO - train loss:0.0230!
2021-03-04 14:58:51,338 - root - INFO - head hit:0.1242, head mean rank:726.6828, topn:10.
2021-03-04 14:58:51,339 - root - INFO - tail hit:0.3715, tail mean rank:438.3896, topn:10.
2021-03-04 14:58:51,339 - root - INFO - avg hit:0.2479, avg mean rank:582.5362, topn:10.
2021-03-04 14:58:53,903 - root - INFO - head hit:0.1091, head mean rank:770.0277, topn:10.
2021-03-04 14:58:53,903 - root - INFO - tail hit:0.3284, tail mean rank:538.0813, topn:10.
2021-03-04 14:58:53,904 - root - INFO - avg hit:0.2187, avg mean rank:654.0545, topn:10.
2021-03-04 14:58:53,905 - root - INFO - No improvement after one epoch. Lowering learning rate.
2021-03-04 14:59:18,322 - root - INFO - train loss:0.0124!
2021-03-04 14:59:19,727 - root - INFO - head hit:0.1435, head mean rank:721.6864, topn:10.
2021-03-04 14:59:19,728 - root - INFO - tail hit:0.3836, tail mean rank:430.9119, topn:10.
2021-03-04 14:59:19,728 - root - INFO - avg hit:0.2636, avg mean rank:576.2992, topn:10.
2021-03-04 14:59:22,341 - root - INFO - head hit:0.1183, head mean rank:748.5835, topn:10.
2021-03-04 14:59:22,341 - root - INFO - tail hit:0.3364, tail mean rank:522.4978, topn:10.
2021-03-04 14:59:22,341 - root - INFO - avg hit:0.2274, avg mean rank:635.5407, topn:10.
2021-03-04 14:59:22,343 - root - INFO - Checkpointing ...
2021-03-04 14:59:47,425 - root - INFO - train loss:0.0082!
2021-03-04 14:59:48,908 - root - INFO - head hit:0.1544, head mean rank:740.2497, topn:10.
2021-03-04 14:59:48,908 - root - INFO - tail hit:0.3945, tail mean rank:435.7346, topn:10.
2021-03-04 14:59:48,908 - root - INFO - avg hit:0.2744, avg mean rank:587.9922, topn:10.
2021-03-04 14:59:51,421 - root - INFO - head hit:0.1300, head mean rank:767.7030, topn:10.
2021-03-04 14:59:51,421 - root - INFO - tail hit:0.3524, tail mean rank:520.2428, topn:10.
2021-03-04 14:59:51,421 - root - INFO - avg hit:0.2412, avg mean rank:643.9729, topn:10.
2021-03-04 14:59:51,423 - root - INFO - Checkpointing ...
2021-03-04 15:00:15,315 - root - INFO - train loss:0.0071!
2021-03-04 15:00:16,647 - root - INFO - head hit:0.1568, head mean rank:727.8456, topn:10.
2021-03-04 15:00:16,647 - root - INFO - tail hit:0.4041, tail mean rank:433.6671, topn:10.
2021-03-04 15:00:16,648 - root - INFO - avg hit:0.2805, avg mean rank:580.7563, topn:10.
2021-03-04 15:00:19,303 - root - INFO - head hit:0.1300, head mean rank:761.3537, topn:10.
2021-03-04 15:00:19,303 - root - INFO - tail hit:0.3543, tail mean rank:517.1984, topn:10.
2021-03-04 15:00:19,303 - root - INFO - avg hit:0.2421, avg mean rank:639.2760, topn:10.
2021-03-04 15:00:19,305 - root - INFO - Checkpointing ...
2021-03-04 15:00:40,206 - root - INFO - train loss:0.0047!
2021-03-04 15:00:41,528 - root - INFO - head hit:0.1628, head mean rank:715.4524, topn:10.
2021-03-04 15:00:41,529 - root - INFO - tail hit:0.4138, tail mean rank:427.1496, topn:10.
2021-03-04 15:00:41,529 - root - INFO - avg hit:0.2883, avg mean rank:571.3010, topn:10.
2021-03-04 15:00:44,193 - root - INFO - head hit:0.1288, head mean rank:749.9754, topn:10.
2021-03-04 15:00:44,193 - root - INFO - tail hit:0.3771, tail mean rank:507.8417, topn:10.
2021-03-04 15:00:44,193 - root - INFO - avg hit:0.2529, avg mean rank:628.9085, topn:10.
2021-03-04 15:00:44,194 - root - INFO - Checkpointing ...
2021-03-04 15:01:07,252 - root - INFO - train loss:0.0049!
2021-03-04 15:01:08,731 - root - INFO - head hit:0.1616, head mean rank:720.6550, topn:10.
2021-03-04 15:01:08,731 - root - INFO - tail hit:0.4174, tail mean rank:425.1435, topn:10.
2021-03-04 15:01:08,732 - root - INFO - avg hit:0.2895, avg mean rank:572.8993, topn:10.
2021-03-04 15:01:11,479 - root - INFO - head hit:0.1238, head mean rank:754.1306, topn:10.
2021-03-04 15:01:11,480 - root - INFO - tail hit:0.3740, tail mean rank:508.7277, topn:10.
2021-03-04 15:01:11,480 - root - INFO - avg hit:0.2489, avg mean rank:631.4291, topn:10.
2021-03-04 15:01:11,481 - root - INFO - Checkpointing ...
2021-03-04 15:01:34,492 - root - INFO - train loss:0.0036!
2021-03-04 15:01:35,873 - root - INFO - head hit:0.1677, head mean rank:711.6224, topn:10.
2021-03-04 15:01:35,873 - root - INFO - tail hit:0.4125, tail mean rank:423.8239, topn:10.
2021-03-04 15:01:35,873 - root - INFO - avg hit:0.2901, avg mean rank:567.7232, topn:10.
2021-03-04 15:01:38,468 - root - INFO - head hit:0.1386, head mean rank:745.3598, topn:10.
2021-03-04 15:01:38,469 - root - INFO - tail hit:0.3678, tail mean rank:507.4227, topn:10.
2021-03-04 15:01:38,469 - root - INFO - avg hit:0.2532, avg mean rank:626.3913, topn:10.
2021-03-04 15:01:38,471 - root - INFO - Checkpointing ...
2021-03-04 15:02:01,601 - root - INFO - train loss:0.0030!
2021-03-04 15:02:02,971 - root - INFO - head hit:0.1604, head mean rank:729.2220, topn:10.
2021-03-04 15:02:02,971 - root - INFO - tail hit:0.4077, tail mean rank:420.5621, topn:10.
2021-03-04 15:02:02,971 - root - INFO - avg hit:0.2841, avg mean rank:574.8920, topn:10.
2021-03-04 15:02:05,500 - root - INFO - head hit:0.1343, head mean rank:763.6439, topn:10.
2021-03-04 15:02:05,500 - root - INFO - tail hit:0.3703, tail mean rank:508.0191, topn:10.
2021-03-04 15:02:05,500 - root - INFO - avg hit:0.2523, avg mean rank:635.8315, topn:10.
2021-03-04 15:02:05,502 - root - INFO - No improvement after one epoch. Lowering learning rate.
2021-03-04 15:02:28,442 - root - INFO - train loss:0.0033!
2021-03-04 15:02:29,771 - root - INFO - head hit:0.1773, head mean rank:723.0543, topn:10.
2021-03-04 15:02:29,771 - root - INFO - tail hit:0.4270, tail mean rank:421.0048, topn:10.
2021-03-04 15:02:29,771 - root - INFO - avg hit:0.3022, avg mean rank:572.0296, topn:10.
2021-03-04 15:02:32,378 - root - INFO - head hit:0.1522, head mean rank:756.5946, topn:10.
2021-03-04 15:02:32,379 - root - INFO - tail hit:0.3789, tail mean rank:501.8293, topn:10.
2021-03-04 15:02:32,379 - root - INFO - avg hit:0.2656, avg mean rank:629.2120, topn:10.
2021-03-04 15:02:32,380 - root - INFO - Checkpointing ...
2021-03-04 15:02:55,479 - root - INFO - train loss:0.0028!
2021-03-04 15:02:56,895 - root - INFO - head hit:0.1809, head mean rank:722.7998, topn:10.
2021-03-04 15:02:56,896 - root - INFO - tail hit:0.4222, tail mean rank:420.6055, topn:10.
2021-03-04 15:02:56,896 - root - INFO - avg hit:0.3016, avg mean rank:571.7027, topn:10.
2021-03-04 15:02:59,569 - root - INFO - head hit:0.1522, head mean rank:752.6852, topn:10.
2021-03-04 15:02:59,570 - root - INFO - tail hit:0.3771, tail mean rank:500.3715, topn:10.
2021-03-04 15:02:59,570 - root - INFO - avg hit:0.2646, avg mean rank:626.5283, topn:10.
2021-03-04 15:02:59,571 - root - INFO - No improvement after one epoch. Lowering learning rate.
2021-03-04 15:03:22,765 - root - INFO - train loss:0.0019!
2021-03-04 15:03:24,146 - root - INFO - head hit:0.1821, head mean rank:718.1134, topn:10.
2021-03-04 15:03:24,146 - root - INFO - tail hit:0.4246, tail mean rank:420.3607, topn:10.
2021-03-04 15:03:24,146 - root - INFO - avg hit:0.3034, avg mean rank:569.2370, topn:10.
2021-03-04 15:03:26,749 - root - INFO - head hit:0.1503, head mean rank:751.5274, topn:10.
2021-03-04 15:03:26,749 - root - INFO - tail hit:0.3826, tail mean rank:501.6180, topn:10.
2021-03-04 15:03:26,749 - root - INFO - avg hit:0.2665, avg mean rank:626.5727, topn:10.
2021-03-04 15:03:26,750 - root - INFO - Checkpointing ...
2021-03-04 15:03:50,197 - root - INFO - train loss:0.0011!
2021-03-04 15:03:51,629 - root - INFO - head hit:0.1809, head mean rank:719.5078, topn:10.
2021-03-04 15:03:51,629 - root - INFO - tail hit:0.4222, tail mean rank:419.4885, topn:10.
2021-03-04 15:03:51,629 - root - INFO - avg hit:0.3016, avg mean rank:569.4982, topn:10.
2021-03-04 15:03:54,261 - root - INFO - head hit:0.1534, head mean rank:753.1540, topn:10.
2021-03-04 15:03:54,261 - root - INFO - tail hit:0.3832, tail mean rank:501.2237, topn:10.
2021-03-04 15:03:54,262 - root - INFO - avg hit:0.2683, avg mean rank:627.1888, topn:10.
2021-03-04 15:03:54,263 - root - INFO - No improvement after one epoch. Lowering learning rate.
2021-03-04 15:04:17,840 - root - INFO - train loss:0.0011!
2021-03-04 15:04:19,365 - root - INFO - head hit:0.1846, head mean rank:717.3884, topn:10.
2021-03-04 15:04:19,366 - root - INFO - tail hit:0.4234, tail mean rank:420.7322, topn:10.
2021-03-04 15:04:19,366 - root - INFO - avg hit:0.3040, avg mean rank:569.0603, topn:10.
2021-03-04 15:04:21,910 - root - INFO - head hit:0.1540, head mean rank:751.8527, topn:10.
2021-03-04 15:04:21,911 - root - INFO - tail hit:0.3851, tail mean rank:503.5071, topn:10.
2021-03-04 15:04:21,911 - root - INFO - avg hit:0.2696, avg mean rank:627.6799, topn:10.
2021-03-04 15:04:21,913 - root - INFO - Checkpointing ...
2021-03-04 15:04:45,339 - root - INFO - train loss:0.0013!
2021-03-04 15:04:46,790 - root - INFO - head hit:0.1858, head mean rank:715.7081, topn:10.
2021-03-04 15:04:46,790 - root - INFO - tail hit:0.4258, tail mean rank:420.6610, topn:10.
2021-03-04 15:04:46,790 - root - INFO - avg hit:0.3058, avg mean rank:568.1846, topn:10.
2021-03-04 15:04:49,376 - root - INFO - head hit:0.1540, head mean rank:750.9026, topn:10.
2021-03-04 15:04:49,377 - root - INFO - tail hit:0.3863, tail mean rank:503.4147, topn:10.
2021-03-04 15:04:49,377 - root - INFO - avg hit:0.2702, avg mean rank:627.1587, topn:10.
2021-03-04 15:04:49,379 - root - INFO - Checkpointing ...
2021-03-04 15:05:12,660 - root - INFO - train loss:0.0014!
2021-03-04 15:05:14,076 - root - INFO - head hit:0.1846, head mean rank:714.9505, topn:10.
2021-03-04 15:05:14,076 - root - INFO - tail hit:0.4246, tail mean rank:419.2883, topn:10.
2021-03-04 15:05:14,076 - root - INFO - avg hit:0.3046, avg mean rank:567.1194, topn:10.
2021-03-04 15:05:16,684 - root - INFO - head hit:0.1540, head mean rank:751.2150, topn:10.
2021-03-04 15:05:16,684 - root - INFO - tail hit:0.3876, tail mean rank:502.0813, topn:10.
2021-03-04 15:05:16,684 - root - INFO - avg hit:0.2708, avg mean rank:626.6482, topn:10.
2021-03-04 15:05:16,686 - root - INFO - No improvement after one epoch. Lowering learning rate.
2021-03-04 15:05:40,083 - root - INFO - train loss:0.0008!
2021-03-04 15:05:41,437 - root - INFO - head hit:0.1846, head mean rank:715.3269, topn:10.
2021-03-04 15:05:41,437 - root - INFO - tail hit:0.4258, tail mean rank:419.2931, topn:10.
2021-03-04 15:05:41,438 - root - INFO - avg hit:0.3052, avg mean rank:567.3100, topn:10.
2021-03-04 15:05:43,987 - root - INFO - head hit:0.1540, head mean rank:751.3358, topn:10.
2021-03-04 15:05:43,988 - root - INFO - tail hit:0.3876, tail mean rank:502.5453, topn:10.
2021-03-04 15:05:43,988 - root - INFO - avg hit:0.2708, avg mean rank:626.9405, topn:10.
2021-03-04 15:05:43,989 - root - INFO - No improvement after one epoch. Lowering learning rate.
2021-03-04 15:06:07,062 - root - INFO - train loss:0.0010!
2021-03-04 15:06:08,479 - root - INFO - head hit:0.1846, head mean rank:715.3510, topn:10.
2021-03-04 15:06:08,480 - root - INFO - tail hit:0.4258, tail mean rank:419.5127, topn:10.
2021-03-04 15:06:08,480 - root - INFO - avg hit:0.3052, avg mean rank:567.4318, topn:10.
2021-03-04 15:06:11,027 - root - INFO - head hit:0.1534, head mean rank:751.1959, topn:10.
2021-03-04 15:06:11,027 - root - INFO - tail hit:0.3882, tail mean rank:502.4331, topn:10.
2021-03-04 15:06:11,027 - root - INFO - avg hit:0.2708, avg mean rank:626.8145, topn:10.
2021-03-04 15:06:11,029 - root - INFO - No improvement after one epoch. Lowering learning rate.
2021-03-04 15:06:34,611 - root - INFO - train loss:0.0012!
2021-03-04 15:06:36,156 - root - INFO - head hit:0.1846, head mean rank:715.2521, topn:10.
2021-03-04 15:06:36,157 - root - INFO - tail hit:0.4258, tail mean rank:419.3486, topn:10.
2021-03-04 15:06:36,157 - root - INFO - avg hit:0.3052, avg mean rank:567.3004, topn:10.
2021-03-04 15:06:38,643 - root - INFO - head hit:0.1534, head mean rank:751.0665, topn:10.
2021-03-04 15:06:38,643 - root - INFO - tail hit:0.3888, tail mean rank:502.3666, topn:10.
2021-03-04 15:06:38,643 - root - INFO - avg hit:0.2711, avg mean rank:626.7166, topn:10.
2021-03-04 15:06:38,645 - root - INFO - No improvement after one epoch. Lowering learning rate.
2021-03-04 15:07:01,975 - root - INFO - No improvement after 24363 steps. Stopping training.
