2021-03-04 15:28:14,111 - root - INFO - Flag Values:
{
    "L1_flag": true,
    "batch_size": 256,
    "ckpt_path": "/home/juarez/git/results/JIIS-revised-exp1/ml-sun_ho_sKG_ig-sv-complex-75/",
    "clipping_max_value": 5.0,
    "data_path": "/home/juarez/git/datasets/JIIS-revised-exp1/ml-sun_ho_sKG_ig-sv-complex-75/cao-format/",
    "dataset": "ml1m",
    "early_stopping_steps_to_wait": 13317,
    "embedding_size": 100,
    "eval_interval_steps": 2663,
    "eval_only_mode": false,
    "experiment_name": "ml1m-transup-1614882494",
    "filter_wrong_corrupted": true,
    "has_visualization": false,
    "is_report": false,
    "joint_ratio": 0.5,
    "kg_lambda": 1.0,
    "kg_test_files": null,
    "l2_lambda": 1e-05,
    "learning_rate": 0.005,
    "learning_rate_decay_when_no_progress": 0.5,
    "load_ckpt_file": "/home/juarez/git/results/JIIS-revised-exp1/ml-sun_ho_sKG_ig-sv-complex-75/ml1m-bprmf-pretrained.ckpt",
    "load_experiment_name": null,
    "log_level": "debug",
    "log_path": "/home/juarez/git/results/JIIS-revised-exp1/ml-sun_ho_sKG_ig-sv-complex-75/",
    "margin": 1.0,
    "max_queue": 10,
    "model_type": "transup",
    "momentum": 0.9,
    "negtive_samples": 1,
    "norm_lambda": 1.0,
    "num_preferences": 3,
    "num_processes": 4,
    "optimizer_type": "Adagrad",
    "rec_test_files": "valid.dat:test.dat",
    "seed": 0,
    "share_embeddings": false,
    "topn": 10,
    "training_steps": 266300,
    "use_st_gumbel": false,
    "visualization_port": 8097
}
2021-03-04 15:28:14,343 - root - INFO - Totally 69982 train ratings, 9998,19995 eval ratings in files: /home/juarez/git/datasets/JIIS-revised-exp1/ml-sun_ho_sKG_ig-sv-complex-75/cao-format/ml1m/valid.dat;/home/juarez/git/datasets/JIIS-revised-exp1/ml-sun_ho_sKG_ig-sv-complex-75/cao-format/ml1m/test.dat!
2021-03-04 15:28:14,346 - root - INFO - successfully load 943 users and 1675 items!
2021-03-04 15:28:14,426 - root - INFO - Building model.
2021-03-04 15:28:15,800 - root - INFO - Architecture: TransUPModel(
  (user_embeddings): Embedding(943, 100)
  (item_embeddings): Embedding(1675, 100)
  (pref_embeddings): Embedding(3, 100)
  (pref_norm_embeddings): Embedding(3, 100)
)
2021-03-04 15:28:15,800 - root - INFO - Total params: 262400.0
2021-03-04 15:28:15,800 - root - INFO - One epoch is 274 steps.
2021-03-04 15:28:15,801 - root - INFO - Found checkpoint, restoring pre-trained embeddings.
2021-03-04 15:28:15,803 - root - INFO - Load Embeddings of user_embeddings.weight, item_embeddings.weight from /home/juarez/git/results/JIIS-revised-exp1/ml-sun_ho_sKG_ig-sv-complex-75/ml1m-bprmf-pretrained.ckpt.
2021-03-04 15:28:15,804 - root - INFO - Training.
2021-03-04 15:28:15,804 - root - INFO - train loss:0.0000!
2021-03-04 15:28:16,975 - root - INFO - f1:0.0717, p:0.0976, r:0.0751, hit:0.4496, ndcg:0.2671, topn:10.
2021-03-04 15:28:18,159 - root - INFO - f1:0.0757, p:0.1568, r:0.0604, hit:0.5567, ndcg:0.3554, topn:10.
2021-03-04 15:28:40,945 - root - INFO - train loss:78.3598!
2021-03-04 15:28:42,186 - root - INFO - f1:0.1411, p:0.1648, r:0.1735, hit:0.7020, ndcg:0.4421, topn:10.
2021-03-04 15:28:43,474 - root - INFO - f1:0.1685, p:0.2732, r:0.1604, hit:0.8452, ndcg:0.5692, topn:10.
2021-03-04 15:28:43,478 - root - INFO - Checkpointing ...
2021-03-04 15:29:05,531 - root - INFO - train loss:0.1742!
2021-03-04 15:29:06,752 - root - INFO - f1:0.1474, p:0.1710, r:0.1834, hit:0.7211, ndcg:0.4589, topn:10.
2021-03-04 15:29:08,052 - root - INFO - f1:0.1768, p:0.2852, r:0.1691, hit:0.8590, ndcg:0.5818, topn:10.
2021-03-04 15:29:08,056 - root - INFO - Checkpointing ...
2021-03-04 15:29:31,094 - root - INFO - train loss:0.1636!
2021-03-04 15:29:32,333 - root - INFO - f1:0.1516, p:0.1755, r:0.1890, hit:0.7328, ndcg:0.4741, topn:10.
2021-03-04 15:29:33,614 - root - INFO - f1:0.1811, p:0.2918, r:0.1729, hit:0.8632, ndcg:0.5911, topn:10.
2021-03-04 15:29:33,618 - root - INFO - Checkpointing ...
2021-03-04 15:29:54,813 - root - INFO - train loss:0.1559!
2021-03-04 15:29:56,125 - root - INFO - f1:0.1548, p:0.1793, r:0.1917, hit:0.7391, ndcg:0.4820, topn:10.
2021-03-04 15:29:57,388 - root - INFO - f1:0.1843, p:0.2971, r:0.1765, hit:0.8749, ndcg:0.6029, topn:10.
2021-03-04 15:29:57,392 - root - INFO - Checkpointing ...
2021-03-04 15:30:18,467 - root - INFO - train loss:0.1518!
2021-03-04 15:30:19,662 - root - INFO - f1:0.1573, p:0.1823, r:0.1944, hit:0.7338, ndcg:0.4807, topn:10.
2021-03-04 15:30:20,940 - root - INFO - f1:0.1880, p:0.3013, r:0.1811, hit:0.8844, ndcg:0.6123, topn:10.
2021-03-04 15:30:20,945 - root - INFO - Checkpointing ...
2021-03-04 15:30:43,847 - root - INFO - train loss:0.1471!
2021-03-04 15:30:45,080 - root - INFO - f1:0.1611, p:0.1860, r:0.2001, hit:0.7434, ndcg:0.4889, topn:10.
2021-03-04 15:30:46,352 - root - INFO - f1:0.1911, p:0.3055, r:0.1836, hit:0.8812, ndcg:0.6168, topn:10.
2021-03-04 15:30:46,355 - root - INFO - Checkpointing ...
2021-03-04 15:31:05,348 - root - INFO - train loss:0.1442!
2021-03-04 15:31:06,778 - root - INFO - f1:0.1635, p:0.1890, r:0.2039, hit:0.7487, ndcg:0.4926, topn:10.
2021-03-04 15:31:08,002 - root - INFO - f1:0.1927, p:0.3084, r:0.1851, hit:0.8887, ndcg:0.6240, topn:10.
2021-03-04 15:31:08,004 - root - INFO - Checkpointing ...
2021-03-04 15:31:30,120 - root - INFO - train loss:0.1416!
2021-03-04 15:31:31,385 - root - INFO - f1:0.1648, p:0.1907, r:0.2052, hit:0.7519, ndcg:0.4982, topn:10.
2021-03-04 15:31:32,661 - root - INFO - f1:0.1944, p:0.3115, r:0.1870, hit:0.8876, ndcg:0.6262, topn:10.
2021-03-04 15:31:32,665 - root - INFO - Checkpointing ...
2021-03-04 15:31:54,544 - root - INFO - train loss:0.1397!
2021-03-04 15:31:55,805 - root - INFO - f1:0.1655, p:0.1920, r:0.2054, hit:0.7508, ndcg:0.4999, topn:10.
2021-03-04 15:31:57,057 - root - INFO - f1:0.1972, p:0.3154, r:0.1898, hit:0.8865, ndcg:0.6256, topn:10.
2021-03-04 15:31:57,060 - root - INFO - Checkpointing ...
2021-03-04 15:32:18,950 - root - INFO - train loss:0.1374!
2021-03-04 15:32:20,158 - root - INFO - f1:0.1679, p:0.1943, r:0.2087, hit:0.7593, ndcg:0.5036, topn:10.
2021-03-04 15:32:21,409 - root - INFO - f1:0.2001, p:0.3195, r:0.1922, hit:0.8865, ndcg:0.6290, topn:10.
2021-03-04 15:32:21,413 - root - INFO - Checkpointing ...
2021-03-04 15:32:43,634 - root - INFO - train loss:0.1356!
2021-03-04 15:32:44,923 - root - INFO - f1:0.1697, p:0.1964, r:0.2107, hit:0.7625, ndcg:0.5078, topn:10.
2021-03-04 15:32:46,237 - root - INFO - f1:0.2018, p:0.3222, r:0.1939, hit:0.8865, ndcg:0.6292, topn:10.
2021-03-04 15:32:46,240 - root - INFO - Checkpointing ...
2021-03-04 15:33:07,398 - root - INFO - train loss:0.1336!
2021-03-04 15:33:08,680 - root - INFO - f1:0.1715, p:0.1982, r:0.2129, hit:0.7656, ndcg:0.5120, topn:10.
2021-03-04 15:33:09,921 - root - INFO - f1:0.2024, p:0.3231, r:0.1941, hit:0.8855, ndcg:0.6321, topn:10.
2021-03-04 15:33:09,925 - root - INFO - Checkpointing ...
2021-03-04 15:33:30,134 - root - INFO - train loss:0.1315!
2021-03-04 15:33:31,386 - root - INFO - f1:0.1730, p:0.2000, r:0.2144, hit:0.7688, ndcg:0.5110, topn:10.
2021-03-04 15:33:32,643 - root - INFO - f1:0.2042, p:0.3256, r:0.1960, hit:0.8834, ndcg:0.6307, topn:10.
2021-03-04 15:33:32,646 - root - INFO - Checkpointing ...
2021-03-04 15:33:54,993 - root - INFO - train loss:0.1312!
2021-03-04 15:33:56,196 - root - INFO - f1:0.1739, p:0.2013, r:0.2159, hit:0.7678, ndcg:0.5131, topn:10.
2021-03-04 15:33:57,436 - root - INFO - f1:0.2051, p:0.3275, r:0.1971, hit:0.8908, ndcg:0.6360, topn:10.
2021-03-04 15:33:57,441 - root - INFO - Checkpointing ...
2021-03-04 15:34:21,131 - root - INFO - train loss:0.1297!
2021-03-04 15:34:22,402 - root - INFO - f1:0.1739, p:0.2006, r:0.2170, hit:0.7720, ndcg:0.5187, topn:10.
2021-03-04 15:34:23,724 - root - INFO - f1:0.2068, p:0.3301, r:0.1987, hit:0.8897, ndcg:0.6379, topn:10.
2021-03-04 15:34:23,729 - root - INFO - No improvement after one epoch. Lowering learning rate.
2021-03-04 15:34:44,823 - root - INFO - train loss:0.1323!
2021-03-04 15:34:46,101 - root - INFO - f1:0.1796, p:0.2080, r:0.2235, hit:0.7752, ndcg:0.5302, topn:10.
2021-03-04 15:34:47,341 - root - INFO - f1:0.2136, p:0.3401, r:0.2044, hit:0.8971, ndcg:0.6606, topn:10.
2021-03-04 15:34:47,345 - root - INFO - Checkpointing ...
2021-03-04 15:35:09,560 - root - INFO - train loss:0.1246!
2021-03-04 15:35:10,857 - root - INFO - f1:0.1829, p:0.2113, r:0.2284, hit:0.7784, ndcg:0.5378, topn:10.
2021-03-04 15:35:12,124 - root - INFO - f1:0.2154, p:0.3445, r:0.2057, hit:0.8950, ndcg:0.6658, topn:10.
2021-03-04 15:35:12,128 - root - INFO - Checkpointing ...
2021-03-04 15:35:34,865 - root - INFO - train loss:0.1223!
2021-03-04 15:35:36,101 - root - INFO - f1:0.1859, p:0.2143, r:0.2329, hit:0.7869, ndcg:0.5450, topn:10.
2021-03-04 15:35:37,316 - root - INFO - f1:0.2211, p:0.3508, r:0.2114, hit:0.9024, ndcg:0.6744, topn:10.
2021-03-04 15:35:37,320 - root - INFO - Checkpointing ...
2021-03-04 15:36:01,344 - root - INFO - train loss:0.1200!
2021-03-04 15:36:02,603 - root - INFO - f1:0.1870, p:0.2157, r:0.2340, hit:0.7879, ndcg:0.5508, topn:10.
2021-03-04 15:36:03,843 - root - INFO - f1:0.2223, p:0.3523, r:0.2130, hit:0.9067, ndcg:0.6769, topn:10.
2021-03-04 15:36:03,847 - root - INFO - Checkpointing ...
2021-03-04 15:36:25,781 - root - INFO - train loss:0.1180!
2021-03-04 15:36:27,236 - root - INFO - f1:0.1878, p:0.2168, r:0.2350, hit:0.7869, ndcg:0.5521, topn:10.
2021-03-04 15:36:28,435 - root - INFO - f1:0.2248, p:0.3566, r:0.2148, hit:0.9088, ndcg:0.6787, topn:10.
2021-03-04 15:36:28,439 - root - INFO - Checkpointing ...
2021-03-04 15:36:51,966 - root - INFO - train loss:0.1174!
2021-03-04 15:36:53,203 - root - INFO - f1:0.1895, p:0.2181, r:0.2379, hit:0.7943, ndcg:0.5570, topn:10.
2021-03-04 15:36:54,428 - root - INFO - f1:0.2255, p:0.3576, r:0.2159, hit:0.9120, ndcg:0.6844, topn:10.
2021-03-04 15:36:54,432 - root - INFO - Checkpointing ...
2021-03-04 15:37:16,346 - root - INFO - train loss:0.1164!
2021-03-04 15:37:17,553 - root - INFO - f1:0.1899, p:0.2185, r:0.2384, hit:0.7932, ndcg:0.5593, topn:10.
2021-03-04 15:37:18,887 - root - INFO - f1:0.2266, p:0.3591, r:0.2172, hit:0.9130, ndcg:0.6859, topn:10.
2021-03-04 15:37:18,891 - root - INFO - Checkpointing ...
2021-03-04 15:37:39,829 - root - INFO - train loss:0.1154!
2021-03-04 15:37:41,070 - root - INFO - f1:0.1907, p:0.2190, r:0.2401, hit:0.7975, ndcg:0.5613, topn:10.
2021-03-04 15:37:42,344 - root - INFO - f1:0.2275, p:0.3606, r:0.2179, hit:0.9109, ndcg:0.6866, topn:10.
2021-03-04 15:37:42,348 - root - INFO - Checkpointing ...
2021-03-04 15:38:05,774 - root - INFO - train loss:0.1147!
2021-03-04 15:38:06,941 - root - INFO - f1:0.1916, p:0.2198, r:0.2416, hit:0.7964, ndcg:0.5618, topn:10.
2021-03-04 15:38:08,222 - root - INFO - f1:0.2282, p:0.3617, r:0.2182, hit:0.9099, ndcg:0.6886, topn:10.
2021-03-04 15:38:08,226 - root - INFO - Checkpointing ...
2021-03-04 15:38:29,423 - root - INFO - train loss:0.1134!
2021-03-04 15:38:30,712 - root - INFO - f1:0.1931, p:0.2212, r:0.2439, hit:0.8006, ndcg:0.5634, topn:10.
2021-03-04 15:38:31,936 - root - INFO - f1:0.2297, p:0.3641, r:0.2198, hit:0.9152, ndcg:0.6909, topn:10.
2021-03-04 15:38:31,939 - root - INFO - Checkpointing ...
2021-03-04 15:38:53,995 - root - INFO - train loss:0.1130!
2021-03-04 15:38:55,193 - root - INFO - f1:0.1925, p:0.2210, r:0.2426, hit:0.7985, ndcg:0.5656, topn:10.
2021-03-04 15:38:56,390 - root - INFO - f1:0.2296, p:0.3638, r:0.2198, hit:0.9152, ndcg:0.6924, topn:10.
2021-03-04 15:38:56,394 - root - INFO - No improvement after one epoch. Lowering learning rate.
2021-03-04 15:39:17,904 - root - INFO - train loss:0.1149!
2021-03-04 15:39:19,167 - root - INFO - f1:0.1940, p:0.2228, r:0.2449, hit:0.7943, ndcg:0.5677, topn:10.
2021-03-04 15:39:20,429 - root - INFO - f1:0.2313, p:0.3657, r:0.2218, hit:0.9130, ndcg:0.6950, topn:10.
2021-03-04 15:39:20,433 - root - INFO - Checkpointing ...
2021-03-04 15:39:42,099 - root - INFO - train loss:0.1119!
2021-03-04 15:39:43,357 - root - INFO - f1:0.1938, p:0.2227, r:0.2441, hit:0.7943, ndcg:0.5704, topn:10.
2021-03-04 15:39:44,598 - root - INFO - f1:0.2317, p:0.3677, r:0.2218, hit:0.9130, ndcg:0.6953, topn:10.
2021-03-04 15:39:44,602 - root - INFO - No improvement after one epoch. Lowering learning rate.
2021-03-04 15:40:07,095 - root - INFO - train loss:0.1118!
2021-03-04 15:40:08,359 - root - INFO - f1:0.1952, p:0.2246, r:0.2458, hit:0.7964, ndcg:0.5751, topn:10.
2021-03-04 15:40:09,626 - root - INFO - f1:0.2353, p:0.3716, r:0.2256, hit:0.9194, ndcg:0.6996, topn:10.
2021-03-04 15:40:09,629 - root - INFO - Checkpointing ...
2021-03-04 15:40:32,401 - root - INFO - train loss:0.1107!
2021-03-04 15:40:33,673 - root - INFO - f1:0.1960, p:0.2250, r:0.2474, hit:0.8006, ndcg:0.5778, topn:10.
2021-03-04 15:40:35,015 - root - INFO - f1:0.2358, p:0.3724, r:0.2260, hit:0.9183, ndcg:0.7005, topn:10.
2021-03-04 15:40:35,020 - root - INFO - Checkpointing ...
2021-03-04 15:40:58,025 - root - INFO - train loss:0.1097!
2021-03-04 15:40:59,254 - root - INFO - f1:0.1963, p:0.2255, r:0.2479, hit:0.8006, ndcg:0.5795, topn:10.
2021-03-04 15:41:00,535 - root - INFO - f1:0.2359, p:0.3727, r:0.2260, hit:0.9205, ndcg:0.7030, topn:10.
2021-03-04 15:41:00,539 - root - INFO - Checkpointing ...
2021-03-04 15:41:23,206 - root - INFO - train loss:0.1088!
2021-03-04 15:41:24,413 - root - INFO - f1:0.1968, p:0.2259, r:0.2483, hit:0.7996, ndcg:0.5784, topn:10.
2021-03-04 15:41:25,638 - root - INFO - f1:0.2366, p:0.3739, r:0.2266, hit:0.9194, ndcg:0.7027, topn:10.
2021-03-04 15:41:25,642 - root - INFO - Checkpointing ...
2021-03-04 15:41:47,734 - root - INFO - train loss:0.1094!
2021-03-04 15:41:48,958 - root - INFO - f1:0.1976, p:0.2267, r:0.2495, hit:0.8006, ndcg:0.5770, topn:10.
2021-03-04 15:41:50,455 - root - INFO - f1:0.2369, p:0.3742, r:0.2272, hit:0.9194, ndcg:0.7029, topn:10.
2021-03-04 15:41:50,459 - root - INFO - Checkpointing ...
2021-03-04 15:42:11,857 - root - INFO - train loss:0.1082!
2021-03-04 15:42:13,115 - root - INFO - f1:0.1981, p:0.2271, r:0.2504, hit:0.8006, ndcg:0.5765, topn:10.
2021-03-04 15:42:14,411 - root - INFO - f1:0.2374, p:0.3752, r:0.2274, hit:0.9194, ndcg:0.7042, topn:10.
2021-03-04 15:42:14,414 - root - INFO - Checkpointing ...
2021-03-04 15:42:37,589 - root - INFO - train loss:0.1078!
2021-03-04 15:42:38,857 - root - INFO - f1:0.1989, p:0.2278, r:0.2517, hit:0.8006, ndcg:0.5757, topn:10.
2021-03-04 15:42:40,135 - root - INFO - f1:0.2370, p:0.3747, r:0.2270, hit:0.9194, ndcg:0.7053, topn:10.
2021-03-04 15:42:40,139 - root - INFO - Checkpointing ...
2021-03-04 15:43:01,551 - root - INFO - train loss:0.1082!
2021-03-04 15:43:02,847 - root - INFO - f1:0.1991, p:0.2279, r:0.2522, hit:0.8017, ndcg:0.5757, topn:10.
2021-03-04 15:43:04,081 - root - INFO - f1:0.2374, p:0.3753, r:0.2273, hit:0.9194, ndcg:0.7054, topn:10.
2021-03-04 15:43:04,086 - root - INFO - Checkpointing ...
2021-03-04 15:43:26,387 - root - INFO - train loss:0.1083!
2021-03-04 15:43:27,664 - root - INFO - f1:0.1999, p:0.2287, r:0.2533, hit:0.8028, ndcg:0.5762, topn:10.
2021-03-04 15:43:28,964 - root - INFO - f1:0.2380, p:0.3757, r:0.2283, hit:0.9215, ndcg:0.7060, topn:10.
2021-03-04 15:43:28,967 - root - INFO - Checkpointing ...
2021-03-04 15:43:52,037 - root - INFO - train loss:0.1077!
2021-03-04 15:43:53,240 - root - INFO - f1:0.2001, p:0.2290, r:0.2535, hit:0.8017, ndcg:0.5756, topn:10.
2021-03-04 15:43:54,491 - root - INFO - f1:0.2385, p:0.3766, r:0.2287, hit:0.9215, ndcg:0.7059, topn:10.
2021-03-04 15:43:54,496 - root - INFO - Checkpointing ...
2021-03-04 15:44:17,681 - root - INFO - train loss:0.1074!
2021-03-04 15:44:18,989 - root - INFO - f1:0.1996, p:0.2285, r:0.2528, hit:0.8006, ndcg:0.5770, topn:10.
2021-03-04 15:44:20,308 - root - INFO - f1:0.2385, p:0.3766, r:0.2287, hit:0.9215, ndcg:0.7063, topn:10.
2021-03-04 15:44:20,312 - root - INFO - No improvement after one epoch. Lowering learning rate.
2021-03-04 15:44:44,182 - root - INFO - train loss:0.1080!
2021-03-04 15:44:45,469 - root - INFO - f1:0.1994, p:0.2284, r:0.2522, hit:0.8006, ndcg:0.5778, topn:10.
2021-03-04 15:44:46,721 - root - INFO - f1:0.2377, p:0.3758, r:0.2274, hit:0.9173, ndcg:0.7071, topn:10.
2021-03-04 15:44:46,726 - root - INFO - No improvement after one epoch. Lowering learning rate.
2021-03-04 15:45:10,238 - root - INFO - train loss:0.1072!
2021-03-04 15:45:11,425 - root - INFO - f1:0.2000, p:0.2294, r:0.2525, hit:0.8017, ndcg:0.5769, topn:10.
2021-03-04 15:45:12,598 - root - INFO - f1:0.2371, p:0.3752, r:0.2268, hit:0.9173, ndcg:0.7071, topn:10.
2021-03-04 15:45:12,602 - root - INFO - No improvement after one epoch. Lowering learning rate.
2021-03-04 15:45:34,888 - root - INFO - train loss:0.1071!
2021-03-04 15:45:36,174 - root - INFO - f1:0.2002, p:0.2295, r:0.2528, hit:0.8038, ndcg:0.5788, topn:10.
2021-03-04 15:45:37,385 - root - INFO - f1:0.2372, p:0.3755, r:0.2268, hit:0.9173, ndcg:0.7074, topn:10.
2021-03-04 15:45:37,389 - root - INFO - Checkpointing ...
2021-03-04 15:45:58,552 - root - INFO - train loss:0.1070!
2021-03-04 15:45:59,853 - root - INFO - f1:0.2006, p:0.2298, r:0.2537, hit:0.8038, ndcg:0.5780, topn:10.
2021-03-04 15:46:01,116 - root - INFO - f1:0.2373, p:0.3756, r:0.2270, hit:0.9183, ndcg:0.7079, topn:10.
2021-03-04 15:46:01,120 - root - INFO - Checkpointing ...
2021-03-04 15:46:24,480 - root - INFO - train loss:0.1068!
2021-03-04 15:46:25,756 - root - INFO - f1:0.2006, p:0.2298, r:0.2539, hit:0.8038, ndcg:0.5784, topn:10.
2021-03-04 15:46:26,993 - root - INFO - f1:0.2373, p:0.3758, r:0.2269, hit:0.9173, ndcg:0.7075, topn:10.
2021-03-04 15:46:26,996 - root - INFO - No improvement after one epoch. Lowering learning rate.
2021-03-04 15:46:48,113 - root - INFO - train loss:0.1070!
2021-03-04 15:46:49,306 - root - INFO - f1:0.2006, p:0.2300, r:0.2535, hit:0.8049, ndcg:0.5798, topn:10.
2021-03-04 15:46:50,587 - root - INFO - f1:0.2374, p:0.3759, r:0.2270, hit:0.9183, ndcg:0.7076, topn:10.
2021-03-04 15:46:50,591 - root - INFO - Checkpointing ...
2021-03-04 15:47:12,759 - root - INFO - train loss:0.1071!
2021-03-04 15:47:14,006 - root - INFO - f1:0.2008, p:0.2301, r:0.2540, hit:0.8049, ndcg:0.5791, topn:10.
2021-03-04 15:47:15,511 - root - INFO - f1:0.2376, p:0.3761, r:0.2272, hit:0.9194, ndcg:0.7080, topn:10.
2021-03-04 15:47:15,515 - root - INFO - Checkpointing ...
2021-03-04 15:47:37,091 - root - INFO - train loss:0.1067!
2021-03-04 15:47:38,339 - root - INFO - f1:0.2009, p:0.2301, r:0.2541, hit:0.8038, ndcg:0.5788, topn:10.
2021-03-04 15:47:39,587 - root - INFO - f1:0.2374, p:0.3758, r:0.2271, hit:0.9194, ndcg:0.7081, topn:10.
2021-03-04 15:47:39,591 - root - INFO - Checkpointing ...
2021-03-04 15:48:00,230 - root - INFO - train loss:0.1070!
2021-03-04 15:48:01,525 - root - INFO - f1:0.2008, p:0.2300, r:0.2540, hit:0.8049, ndcg:0.5793, topn:10.
2021-03-04 15:48:02,755 - root - INFO - f1:0.2374, p:0.3757, r:0.2271, hit:0.9194, ndcg:0.7083, topn:10.
2021-03-04 15:48:02,760 - root - INFO - No improvement after one epoch. Lowering learning rate.
2021-03-04 15:48:23,136 - root - INFO - train loss:0.1069!
2021-03-04 15:48:24,437 - root - INFO - f1:0.2004, p:0.2298, r:0.2528, hit:0.8028, ndcg:0.5797, topn:10.
2021-03-04 15:48:25,685 - root - INFO - f1:0.2374, p:0.3758, r:0.2271, hit:0.9194, ndcg:0.7084, topn:10.
2021-03-04 15:48:25,688 - root - INFO - No improvement after one epoch. Lowering learning rate.
2021-03-04 15:48:46,798 - root - INFO - train loss:0.1065!
2021-03-04 15:48:48,004 - root - INFO - f1:0.2004, p:0.2298, r:0.2528, hit:0.8028, ndcg:0.5797, topn:10.
2021-03-04 15:48:49,281 - root - INFO - f1:0.2373, p:0.3758, r:0.2268, hit:0.9173, ndcg:0.7074, topn:10.
2021-03-04 15:48:49,286 - root - INFO - No improvement after one epoch. Lowering learning rate.
2021-03-04 15:49:12,737 - root - INFO - train loss:0.1067!
2021-03-04 15:49:13,968 - root - INFO - f1:0.2004, p:0.2298, r:0.2528, hit:0.8028, ndcg:0.5799, topn:10.
2021-03-04 15:49:15,096 - root - INFO - f1:0.2378, p:0.3764, r:0.2275, hit:0.9194, ndcg:0.7083, topn:10.
2021-03-04 15:49:15,099 - root - INFO - No improvement after one epoch. Lowering learning rate.
2021-03-04 15:49:37,419 - root - INFO - train loss:0.1067!
2021-03-04 15:49:38,718 - root - INFO - f1:0.2004, p:0.2298, r:0.2528, hit:0.8028, ndcg:0.5797, topn:10.
2021-03-04 15:49:39,942 - root - INFO - f1:0.2376, p:0.3761, r:0.2273, hit:0.9194, ndcg:0.7084, topn:10.
2021-03-04 15:49:39,947 - root - INFO - No improvement after one epoch. Lowering learning rate.
2021-03-04 15:49:40,009 - root - INFO - No improvement after 13317 steps. Stopping training.
2021-03-04 15:49:41,546 - root - INFO - From CaseRecommender evaluator: {'PREC@10': 0.229799, 'RECALL@10': 0.252783, 'NDCG@10': 0.579714, 'MAP@10': 0.472718, 'MAP': 0.472718}.
2021-03-04 15:49:41,743 - root - INFO - From kg-summ-rec diversity evaluator: {'GENRE_COVERAGE@10': 0.47128, 'GENRE_REDUNDANCY@10': 0.428105, 'ILD_GENRE@10': 0.808621}.
2021-03-04 15:49:43,483 - root - INFO - From CaseRecommender evaluator: {'PREC@10': 0.376034, 'RECALL@10': 0.227289, 'NDCG@10': 0.70839, 'MAP@10': 0.604433, 'MAP': 0.604433}.
2021-03-04 15:49:43,781 - root - INFO - From kg-summ-rec diversity evaluator: {'GENRE_COVERAGE@10': 0.469291, 'GENRE_REDUNDANCY@10': 0.424703, 'ILD_GENRE@10': 0.806987}.
