2021-03-02 09:49:15,006 - root - INFO - Flag Values:
{
    "L1_flag": false,
    "batch_size": 256,
    "ckpt_path": "/home/juarez/git/results/JIIS-revised-exp1/ml-sun_ho_sKG_ig-mv-complex-50/",
    "clipping_max_value": 5.0,
    "data_path": "/home/juarez/git/datasets/JIIS-revised-exp1/ml-sun_ho_sKG_ig-mv-complex-50/cao-format/",
    "dataset": "ml1m",
    "early_stopping_steps_to_wait": 1331,
    "embedding_size": 100,
    "eval_interval_steps": 266,
    "eval_only_mode": false,
    "experiment_name": "ml1m-bprmf-1614689355",
    "filter_wrong_corrupted": true,
    "has_visualization": false,
    "is_report": false,
    "joint_ratio": 0.5,
    "kg_lambda": 1.0,
    "kg_test_files": null,
    "l2_lambda": 1e-05,
    "learning_rate": 0.005,
    "learning_rate_decay_when_no_progress": 0.5,
    "load_ckpt_file": null,
    "load_experiment_name": null,
    "log_level": "debug",
    "log_path": "/home/juarez/git/results/JIIS-revised-exp1/ml-sun_ho_sKG_ig-mv-complex-50/",
    "margin": 1.0,
    "max_queue": 10,
    "model_type": "bprmf",
    "momentum": 0.9,
    "negtive_samples": 1,
    "norm_lambda": 1.0,
    "num_preferences": 4,
    "num_processes": 4,
    "optimizer_type": "Adagrad",
    "rec_test_files": "valid.dat:test.dat",
    "seed": 0,
    "share_embeddings": false,
    "topn": 10,
    "training_steps": 26630,
    "use_st_gumbel": false,
    "visualization_port": 8097
}
2021-03-02 09:49:15,243 - root - INFO - Totally 69982 train ratings, 9998,19995 eval ratings in files: /home/juarez/git/datasets/JIIS-revised-exp1/ml-sun_ho_sKG_ig-mv-complex-50/cao-format/ml1m/valid.dat;/home/juarez/git/datasets/JIIS-revised-exp1/ml-sun_ho_sKG_ig-mv-complex-50/cao-format/ml1m/test.dat!
2021-03-02 09:49:15,246 - root - INFO - successfully load 943 users and 1675 items!
2021-03-02 09:49:15,328 - root - INFO - Building model.
2021-03-02 09:49:16,467 - root - INFO - Architecture: BPRMF(
  (user_embeddings): Embedding(943, 100)
  (item_embeddings): Embedding(1675, 100)
)
2021-03-02 09:49:16,467 - root - INFO - Total params: 261800.0
2021-03-02 09:49:16,468 - root - INFO - One epoch is 274 steps.
2021-03-02 09:49:16,468 - root - INFO - Training.
2021-03-02 09:49:16,468 - root - INFO - train loss:0.0000!
2021-03-02 09:49:17,574 - root - INFO - f1:0.0052, p:0.0063, r:0.0062, hit:0.0583, ndcg:0.0272, topn:10.
2021-03-02 09:49:18,530 - root - INFO - f1:0.0070, p:0.0127, r:0.0063, hit:0.1145, ndcg:0.0613, topn:10.
2021-03-02 09:49:20,046 - root - INFO - train loss:0.6945!
2021-03-02 09:49:21,046 - root - INFO - f1:0.0068, p:0.0083, r:0.0084, hit:0.0753, ndcg:0.0387, topn:10.
2021-03-02 09:49:22,045 - root - INFO - f1:0.0098, p:0.0191, r:0.0083, hit:0.1654, ndcg:0.0821, topn:10.
2021-03-02 09:49:22,048 - root - INFO - Checkpointing ...
2021-03-02 09:49:23,521 - root - INFO - train loss:0.6870!
2021-03-02 09:49:24,541 - root - INFO - f1:0.0076, p:0.0091, r:0.0095, hit:0.0827, ndcg:0.0441, topn:10.
2021-03-02 09:49:25,571 - root - INFO - f1:0.0103, p:0.0203, r:0.0088, hit:0.1686, ndcg:0.0874, topn:10.
2021-03-02 09:49:25,575 - root - INFO - Checkpointing ...
2021-03-02 09:49:27,245 - root - INFO - train loss:0.6825!
2021-03-02 09:49:28,271 - root - INFO - f1:0.0091, p:0.0109, r:0.0111, hit:0.0965, ndcg:0.0498, topn:10.
2021-03-02 09:49:29,269 - root - INFO - f1:0.0112, p:0.0224, r:0.0093, hit:0.1813, ndcg:0.0959, topn:10.
2021-03-02 09:49:29,273 - root - INFO - Checkpointing ...
2021-03-02 09:49:30,699 - root - INFO - train loss:0.6782!
2021-03-02 09:49:31,666 - root - INFO - f1:0.0104, p:0.0128, r:0.0121, hit:0.1113, ndcg:0.0582, topn:10.
2021-03-02 09:49:32,683 - root - INFO - f1:0.0132, p:0.0268, r:0.0109, hit:0.2078, ndcg:0.1109, topn:10.
2021-03-02 09:49:32,688 - root - INFO - Checkpointing ...
2021-03-02 09:49:34,068 - root - INFO - train loss:0.6731!
2021-03-02 09:49:35,098 - root - INFO - f1:0.0132, p:0.0164, r:0.0148, hit:0.1368, ndcg:0.0715, topn:10.
2021-03-02 09:49:36,119 - root - INFO - f1:0.0160, p:0.0330, r:0.0130, hit:0.2375, ndcg:0.1322, topn:10.
2021-03-02 09:49:36,123 - root - INFO - Checkpointing ...
2021-03-02 09:49:37,628 - root - INFO - train loss:0.6678!
2021-03-02 09:49:38,572 - root - INFO - f1:0.0164, p:0.0210, r:0.0182, hit:0.1644, ndcg:0.0871, topn:10.
2021-03-02 09:49:39,553 - root - INFO - f1:0.0195, p:0.0416, r:0.0156, hit:0.2747, ndcg:0.1543, topn:10.
2021-03-02 09:49:39,558 - root - INFO - Checkpointing ...
2021-03-02 09:49:41,160 - root - INFO - train loss:0.6619!
2021-03-02 09:49:42,434 - root - INFO - f1:0.0197, p:0.0260, r:0.0206, hit:0.1951, ndcg:0.1046, topn:10.
2021-03-02 09:49:43,434 - root - INFO - f1:0.0241, p:0.0513, r:0.0195, hit:0.3150, ndcg:0.1817, topn:10.
2021-03-02 09:49:43,438 - root - INFO - Checkpointing ...
2021-03-02 09:49:44,860 - root - INFO - train loss:0.6547!
2021-03-02 09:49:45,872 - root - INFO - f1:0.0247, p:0.0322, r:0.0262, hit:0.2322, ndcg:0.1283, topn:10.
2021-03-02 09:49:46,776 - root - INFO - f1:0.0304, p:0.0636, r:0.0247, hit:0.3606, ndcg:0.2077, topn:10.
2021-03-02 09:49:46,780 - root - INFO - Checkpointing ...
2021-03-02 09:49:48,165 - root - INFO - train loss:0.6467!
2021-03-02 09:49:49,191 - root - INFO - f1:0.0294, p:0.0392, r:0.0306, hit:0.2715, ndcg:0.1501, topn:10.
2021-03-02 09:49:50,251 - root - INFO - f1:0.0363, p:0.0765, r:0.0292, hit:0.3913, ndcg:0.2326, topn:10.
2021-03-02 09:49:50,255 - root - INFO - Checkpointing ...
2021-03-02 09:49:51,759 - root - INFO - train loss:0.6378!
2021-03-02 09:49:52,821 - root - INFO - f1:0.0359, p:0.0479, r:0.0389, hit:0.3075, ndcg:0.1751, topn:10.
2021-03-02 09:49:53,856 - root - INFO - f1:0.0413, p:0.0876, r:0.0328, hit:0.4274, ndcg:0.2623, topn:10.
2021-03-02 09:49:53,860 - root - INFO - Checkpointing ...
2021-03-02 09:49:55,540 - root - INFO - train loss:0.6276!
2021-03-02 09:49:56,584 - root - INFO - f1:0.0423, p:0.0565, r:0.0453, hit:0.3436, ndcg:0.1985, topn:10.
2021-03-02 09:49:57,545 - root - INFO - f1:0.0479, p:0.1004, r:0.0380, hit:0.4666, ndcg:0.2897, topn:10.
2021-03-02 09:49:57,548 - root - INFO - Checkpointing ...
2021-03-02 09:49:58,901 - root - INFO - train loss:0.6169!
2021-03-02 09:49:59,814 - root - INFO - f1:0.0484, p:0.0641, r:0.0524, hit:0.3743, ndcg:0.2167, topn:10.
2021-03-02 09:50:00,791 - root - INFO - f1:0.0554, p:0.1143, r:0.0445, hit:0.4984, ndcg:0.3102, topn:10.
2021-03-02 09:50:00,794 - root - INFO - Checkpointing ...
2021-03-02 09:50:02,185 - root - INFO - train loss:0.6044!
2021-03-02 09:50:03,236 - root - INFO - f1:0.0528, p:0.0694, r:0.0575, hit:0.3987, ndcg:0.2369, topn:10.
2021-03-02 09:50:04,270 - root - INFO - f1:0.0611, p:0.1256, r:0.0493, hit:0.5260, ndcg:0.3295, topn:10.
2021-03-02 09:50:04,274 - root - INFO - Checkpointing ...
2021-03-02 09:50:05,715 - root - INFO - train loss:0.5912!
2021-03-02 09:50:06,807 - root - INFO - f1:0.0594, p:0.0774, r:0.0650, hit:0.4242, ndcg:0.2525, topn:10.
2021-03-02 09:50:07,823 - root - INFO - f1:0.0675, p:0.1364, r:0.0553, hit:0.5546, ndcg:0.3508, topn:10.
2021-03-02 09:50:07,826 - root - INFO - Checkpointing ...
2021-03-02 09:50:09,129 - root - INFO - train loss:0.5779!
2021-03-02 09:50:10,151 - root - INFO - f1:0.0652, p:0.0841, r:0.0722, hit:0.4528, ndcg:0.2716, topn:10.
2021-03-02 09:50:11,205 - root - INFO - f1:0.0736, p:0.1477, r:0.0602, hit:0.5790, ndcg:0.3664, topn:10.
2021-03-02 09:50:11,209 - root - INFO - Checkpointing ...
2021-03-02 09:50:12,738 - root - INFO - train loss:0.5637!
2021-03-02 09:50:13,661 - root - INFO - f1:0.0718, p:0.0923, r:0.0791, hit:0.4761, ndcg:0.2811, topn:10.
2021-03-02 09:50:14,674 - root - INFO - f1:0.0779, p:0.1548, r:0.0639, hit:0.5949, ndcg:0.3840, topn:10.
2021-03-02 09:50:14,677 - root - INFO - Checkpointing ...
2021-03-02 09:50:15,960 - root - INFO - train loss:0.5494!
2021-03-02 09:50:16,968 - root - INFO - f1:0.0748, p:0.0959, r:0.0824, hit:0.4878, ndcg:0.2932, topn:10.
2021-03-02 09:50:18,006 - root - INFO - f1:0.0818, p:0.1618, r:0.0671, hit:0.6129, ndcg:0.3996, topn:10.
2021-03-02 09:50:18,011 - root - INFO - Checkpointing ...
2021-03-02 09:50:19,636 - root - INFO - train loss:0.5347!
2021-03-02 09:50:20,717 - root - INFO - f1:0.0778, p:0.1002, r:0.0839, hit:0.4952, ndcg:0.2994, topn:10.
2021-03-02 09:50:21,760 - root - INFO - f1:0.0869, p:0.1695, r:0.0719, hit:0.6278, ndcg:0.4127, topn:10.
2021-03-02 09:50:21,765 - root - INFO - Checkpointing ...
2021-03-02 09:50:23,245 - root - INFO - train loss:0.5204!
2021-03-02 09:50:24,358 - root - INFO - f1:0.0813, p:0.1040, r:0.0890, hit:0.5133, ndcg:0.3128, topn:10.
2021-03-02 09:50:25,387 - root - INFO - f1:0.0899, p:0.1745, r:0.0747, hit:0.6384, ndcg:0.4274, topn:10.
2021-03-02 09:50:25,391 - root - INFO - Checkpointing ...
2021-03-02 09:50:27,170 - root - INFO - train loss:0.5061!
2021-03-02 09:50:28,254 - root - INFO - f1:0.0853, p:0.1085, r:0.0937, hit:0.5281, ndcg:0.3221, topn:10.
2021-03-02 09:50:29,469 - root - INFO - f1:0.0938, p:0.1796, r:0.0792, hit:0.6532, ndcg:0.4398, topn:10.
2021-03-02 09:50:29,474 - root - INFO - Checkpointing ...
2021-03-02 09:50:31,113 - root - INFO - train loss:0.4938!
2021-03-02 09:50:32,111 - root - INFO - f1:0.0865, p:0.1101, r:0.0951, hit:0.5387, ndcg:0.3362, topn:10.
2021-03-02 09:50:33,121 - root - INFO - f1:0.0980, p:0.1860, r:0.0830, hit:0.6755, ndcg:0.4532, topn:10.
2021-03-02 09:50:33,125 - root - INFO - Checkpointing ...
2021-03-02 09:50:34,615 - root - INFO - train loss:0.4796!
2021-03-02 09:50:35,703 - root - INFO - f1:0.0889, p:0.1125, r:0.0986, hit:0.5504, ndcg:0.3494, topn:10.
2021-03-02 09:50:36,736 - root - INFO - f1:0.1017, p:0.1912, r:0.0867, hit:0.6893, ndcg:0.4613, topn:10.
2021-03-02 09:50:36,740 - root - INFO - Checkpointing ...
2021-03-02 09:50:38,242 - root - INFO - train loss:0.4677!
2021-03-02 09:50:39,302 - root - INFO - f1:0.0905, p:0.1145, r:0.1003, hit:0.5557, ndcg:0.3552, topn:10.
2021-03-02 09:50:40,305 - root - INFO - f1:0.1047, p:0.1951, r:0.0900, hit:0.7052, ndcg:0.4753, topn:10.
2021-03-02 09:50:40,308 - root - INFO - Checkpointing ...
2021-03-02 09:50:41,735 - root - INFO - train loss:0.4563!
2021-03-02 09:50:42,745 - root - INFO - f1:0.0933, p:0.1166, r:0.1054, hit:0.5684, ndcg:0.3613, topn:10.
2021-03-02 09:50:43,753 - root - INFO - f1:0.1070, p:0.1980, r:0.0924, hit:0.7094, ndcg:0.4821, topn:10.
2021-03-02 09:50:43,757 - root - INFO - Checkpointing ...
2021-03-02 09:50:45,198 - root - INFO - train loss:0.4444!
2021-03-02 09:50:46,227 - root - INFO - f1:0.0949, p:0.1186, r:0.1072, hit:0.5716, ndcg:0.3657, topn:10.
2021-03-02 09:50:47,317 - root - INFO - f1:0.1102, p:0.2029, r:0.0952, hit:0.7137, ndcg:0.4858, topn:10.
2021-03-02 09:50:47,322 - root - INFO - Checkpointing ...
2021-03-02 09:50:48,868 - root - INFO - train loss:0.4362!
2021-03-02 09:50:49,912 - root - INFO - f1:0.0975, p:0.1211, r:0.1106, hit:0.5801, ndcg:0.3694, topn:10.
2021-03-02 09:50:50,939 - root - INFO - f1:0.1125, p:0.2060, r:0.0974, hit:0.7190, ndcg:0.4928, topn:10.
2021-03-02 09:50:50,943 - root - INFO - Checkpointing ...
2021-03-02 09:50:52,394 - root - INFO - train loss:0.4266!
2021-03-02 09:50:53,441 - root - INFO - f1:0.1005, p:0.1240, r:0.1155, hit:0.5885, ndcg:0.3759, topn:10.
2021-03-02 09:50:54,453 - root - INFO - f1:0.1147, p:0.2090, r:0.0998, hit:0.7253, ndcg:0.4999, topn:10.
2021-03-02 09:50:54,457 - root - INFO - Checkpointing ...
2021-03-02 09:50:55,903 - root - INFO - train loss:0.4166!
2021-03-02 09:50:56,947 - root - INFO - f1:0.1011, p:0.1244, r:0.1167, hit:0.5960, ndcg:0.3826, topn:10.
2021-03-02 09:50:57,980 - root - INFO - f1:0.1161, p:0.2110, r:0.1011, hit:0.7328, ndcg:0.5045, topn:10.
2021-03-02 09:50:57,984 - root - INFO - Checkpointing ...
2021-03-02 09:50:59,390 - root - INFO - train loss:0.4101!
2021-03-02 09:51:00,425 - root - INFO - f1:0.1021, p:0.1252, r:0.1178, hit:0.5970, ndcg:0.3868, topn:10.
2021-03-02 09:51:01,431 - root - INFO - f1:0.1181, p:0.2138, r:0.1031, hit:0.7423, ndcg:0.5116, topn:10.
2021-03-02 09:51:01,434 - root - INFO - Checkpointing ...
2021-03-02 09:51:02,782 - root - INFO - train loss:0.4002!
2021-03-02 09:51:03,794 - root - INFO - f1:0.1044, p:0.1274, r:0.1209, hit:0.6045, ndcg:0.3908, topn:10.
2021-03-02 09:51:04,836 - root - INFO - f1:0.1209, p:0.2168, r:0.1067, hit:0.7508, ndcg:0.5168, topn:10.
2021-03-02 09:51:04,839 - root - INFO - Checkpointing ...
2021-03-02 09:51:06,351 - root - INFO - train loss:0.3950!
2021-03-02 09:51:07,354 - root - INFO - f1:0.1042, p:0.1271, r:0.1206, hit:0.6034, ndcg:0.3925, topn:10.
2021-03-02 09:51:08,362 - root - INFO - f1:0.1223, p:0.2186, r:0.1082, hit:0.7572, ndcg:0.5235, topn:10.
2021-03-02 09:51:09,921 - root - INFO - train loss:0.3878!
2021-03-02 09:51:10,992 - root - INFO - f1:0.1059, p:0.1285, r:0.1235, hit:0.6066, ndcg:0.3962, topn:10.
2021-03-02 09:51:12,061 - root - INFO - f1:0.1233, p:0.2198, r:0.1093, hit:0.7572, ndcg:0.5261, topn:10.
2021-03-02 09:51:12,066 - root - INFO - Checkpointing ...
2021-03-02 09:51:13,533 - root - INFO - train loss:0.3811!
2021-03-02 09:51:14,568 - root - INFO - f1:0.1068, p:0.1292, r:0.1256, hit:0.6129, ndcg:0.4006, topn:10.
2021-03-02 09:51:15,826 - root - INFO - f1:0.1251, p:0.2224, r:0.1111, hit:0.7635, ndcg:0.5269, topn:10.
2021-03-02 09:51:15,830 - root - INFO - Checkpointing ...
2021-03-02 09:51:17,731 - root - INFO - train loss:0.3764!
2021-03-02 09:51:18,782 - root - INFO - f1:0.1076, p:0.1298, r:0.1265, hit:0.6140, ndcg:0.4050, topn:10.
2021-03-02 09:51:19,824 - root - INFO - f1:0.1258, p:0.2234, r:0.1116, hit:0.7625, ndcg:0.5314, topn:10.
2021-03-02 09:51:19,828 - root - INFO - Checkpointing ...
2021-03-02 09:51:21,551 - root - INFO - train loss:0.3715!
2021-03-02 09:51:22,624 - root - INFO - f1:0.1086, p:0.1306, r:0.1284, hit:0.6182, ndcg:0.4084, topn:10.
2021-03-02 09:51:23,597 - root - INFO - f1:0.1275, p:0.2258, r:0.1132, hit:0.7646, ndcg:0.5324, topn:10.
2021-03-02 09:51:23,601 - root - INFO - Checkpointing ...
2021-03-02 09:51:24,948 - root - INFO - train loss:0.3636!
2021-03-02 09:51:25,933 - root - INFO - f1:0.1094, p:0.1313, r:0.1296, hit:0.6193, ndcg:0.4109, topn:10.
2021-03-02 09:51:26,934 - root - INFO - f1:0.1292, p:0.2282, r:0.1151, hit:0.7699, ndcg:0.5351, topn:10.
2021-03-02 09:51:26,938 - root - INFO - Checkpointing ...
2021-03-02 09:51:28,478 - root - INFO - train loss:0.3605!
2021-03-02 09:51:29,506 - root - INFO - f1:0.1112, p:0.1330, r:0.1322, hit:0.6299, ndcg:0.4157, topn:10.
2021-03-02 09:51:30,567 - root - INFO - f1:0.1294, p:0.2286, r:0.1153, hit:0.7667, ndcg:0.5366, topn:10.
2021-03-02 09:51:30,571 - root - INFO - Checkpointing ...
2021-03-02 09:51:32,025 - root - INFO - train loss:0.3561!
2021-03-02 09:51:33,022 - root - INFO - f1:0.1120, p:0.1335, r:0.1339, hit:0.6331, ndcg:0.4155, topn:10.
2021-03-02 09:51:33,958 - root - INFO - f1:0.1310, p:0.2300, r:0.1172, hit:0.7731, ndcg:0.5382, topn:10.
2021-03-02 09:51:33,962 - root - INFO - Checkpointing ...
2021-03-02 09:51:35,280 - root - INFO - train loss:0.3512!
2021-03-02 09:51:36,343 - root - INFO - f1:0.1133, p:0.1349, r:0.1356, hit:0.6394, ndcg:0.4219, topn:10.
2021-03-02 09:51:37,331 - root - INFO - f1:0.1323, p:0.2315, r:0.1187, hit:0.7794, ndcg:0.5427, topn:10.
2021-03-02 09:51:37,335 - root - INFO - Checkpointing ...
2021-03-02 09:51:38,961 - root - INFO - train loss:0.3482!
2021-03-02 09:51:39,980 - root - INFO - f1:0.1139, p:0.1354, r:0.1367, hit:0.6394, ndcg:0.4235, topn:10.
2021-03-02 09:51:41,024 - root - INFO - f1:0.1335, p:0.2327, r:0.1199, hit:0.7858, ndcg:0.5443, topn:10.
2021-03-02 09:51:41,028 - root - INFO - Checkpointing ...
2021-03-02 09:51:42,403 - root - INFO - train loss:0.3451!
2021-03-02 09:51:43,320 - root - INFO - f1:0.1152, p:0.1367, r:0.1387, hit:0.6426, ndcg:0.4245, topn:10.
2021-03-02 09:51:44,325 - root - INFO - f1:0.1353, p:0.2346, r:0.1224, hit:0.7911, ndcg:0.5467, topn:10.
2021-03-02 09:51:44,328 - root - INFO - Checkpointing ...
2021-03-02 09:51:46,146 - root - INFO - train loss:0.3410!
2021-03-02 09:51:47,182 - root - INFO - f1:0.1160, p:0.1375, r:0.1397, hit:0.6458, ndcg:0.4258, topn:10.
2021-03-02 09:51:48,231 - root - INFO - f1:0.1365, p:0.2359, r:0.1239, hit:0.7932, ndcg:0.5482, topn:10.
2021-03-02 09:51:48,235 - root - INFO - Checkpointing ...
2021-03-02 09:51:49,747 - root - INFO - train loss:0.3381!
2021-03-02 09:51:50,839 - root - INFO - f1:0.1166, p:0.1380, r:0.1410, hit:0.6501, ndcg:0.4279, topn:10.
2021-03-02 09:51:51,860 - root - INFO - f1:0.1373, p:0.2366, r:0.1246, hit:0.7922, ndcg:0.5492, topn:10.
2021-03-02 09:51:51,864 - root - INFO - Checkpointing ...
2021-03-02 09:51:53,307 - root - INFO - train loss:0.3327!
2021-03-02 09:51:54,350 - root - INFO - f1:0.1177, p:0.1391, r:0.1426, hit:0.6532, ndcg:0.4305, topn:10.
2021-03-02 09:51:55,408 - root - INFO - f1:0.1382, p:0.2372, r:0.1260, hit:0.7975, ndcg:0.5520, topn:10.
2021-03-02 09:51:55,412 - root - INFO - Checkpointing ...
2021-03-02 09:51:57,004 - root - INFO - train loss:0.3323!
2021-03-02 09:51:58,031 - root - INFO - f1:0.1173, p:0.1387, r:0.1419, hit:0.6532, ndcg:0.4319, topn:10.
2021-03-02 09:51:59,102 - root - INFO - f1:0.1393, p:0.2385, r:0.1272, hit:0.8006, ndcg:0.5535, topn:10.
2021-03-02 09:52:00,615 - root - INFO - train loss:0.3291!
2021-03-02 09:52:01,605 - root - INFO - f1:0.1184, p:0.1397, r:0.1438, hit:0.6554, ndcg:0.4343, topn:10.
2021-03-02 09:52:02,641 - root - INFO - f1:0.1407, p:0.2403, r:0.1286, hit:0.8059, ndcg:0.5564, topn:10.
2021-03-02 09:52:02,645 - root - INFO - Checkpointing ...
2021-03-02 09:52:04,208 - root - INFO - train loss:0.3259!
2021-03-02 09:52:05,368 - root - INFO - f1:0.1187, p:0.1399, r:0.1443, hit:0.6596, ndcg:0.4370, topn:10.
2021-03-02 09:52:06,347 - root - INFO - f1:0.1423, p:0.2424, r:0.1300, hit:0.8091, ndcg:0.5585, topn:10.
2021-03-02 09:52:06,349 - root - INFO - Checkpointing ...
2021-03-02 09:52:07,943 - root - INFO - train loss:0.3240!
2021-03-02 09:52:08,943 - root - INFO - f1:0.1187, p:0.1398, r:0.1443, hit:0.6607, ndcg:0.4396, topn:10.
2021-03-02 09:52:09,984 - root - INFO - f1:0.1432, p:0.2434, r:0.1309, hit:0.8123, ndcg:0.5607, topn:10.
2021-03-02 09:52:11,627 - root - INFO - train loss:0.3222!
2021-03-02 09:52:12,662 - root - INFO - f1:0.1195, p:0.1407, r:0.1450, hit:0.6596, ndcg:0.4416, topn:10.
2021-03-02 09:52:13,701 - root - INFO - f1:0.1437, p:0.2442, r:0.1315, hit:0.8134, ndcg:0.5617, topn:10.
2021-03-02 09:52:13,706 - root - INFO - Checkpointing ...
2021-03-02 09:52:15,377 - root - INFO - train loss:0.3178!
2021-03-02 09:52:16,393 - root - INFO - f1:0.1200, p:0.1414, r:0.1457, hit:0.6628, ndcg:0.4456, topn:10.
2021-03-02 09:52:17,438 - root - INFO - f1:0.1448, p:0.2456, r:0.1327, hit:0.8165, ndcg:0.5640, topn:10.
2021-03-02 09:52:17,442 - root - INFO - Checkpointing ...
2021-03-02 09:52:19,134 - root - INFO - train loss:0.3162!
2021-03-02 09:52:20,178 - root - INFO - f1:0.1207, p:0.1420, r:0.1466, hit:0.6660, ndcg:0.4469, topn:10.
2021-03-02 09:52:21,209 - root - INFO - f1:0.1457, p:0.2461, r:0.1340, hit:0.8187, ndcg:0.5656, topn:10.
2021-03-02 09:52:21,214 - root - INFO - Checkpointing ...
2021-03-02 09:52:22,948 - root - INFO - train loss:0.3163!
2021-03-02 09:52:23,974 - root - INFO - f1:0.1218, p:0.1426, r:0.1485, hit:0.6702, ndcg:0.4498, topn:10.
2021-03-02 09:52:25,006 - root - INFO - f1:0.1460, p:0.2462, r:0.1342, hit:0.8187, ndcg:0.5660, topn:10.
2021-03-02 09:52:25,010 - root - INFO - Checkpointing ...
2021-03-02 09:52:26,791 - root - INFO - train loss:0.3115!
2021-03-02 09:52:27,881 - root - INFO - f1:0.1229, p:0.1437, r:0.1504, hit:0.6713, ndcg:0.4494, topn:10.
2021-03-02 09:52:28,952 - root - INFO - f1:0.1467, p:0.2471, r:0.1351, hit:0.8176, ndcg:0.5669, topn:10.
2021-03-02 09:52:28,956 - root - INFO - Checkpointing ...
2021-03-02 09:52:30,811 - root - INFO - train loss:0.3097!
2021-03-02 09:52:31,890 - root - INFO - f1:0.1233, p:0.1441, r:0.1508, hit:0.6723, ndcg:0.4507, topn:10.
2021-03-02 09:52:32,956 - root - INFO - f1:0.1489, p:0.2496, r:0.1371, hit:0.8261, ndcg:0.5692, topn:10.
2021-03-02 09:52:32,960 - root - INFO - Checkpointing ...
2021-03-02 09:52:34,665 - root - INFO - train loss:0.3090!
2021-03-02 09:52:35,693 - root - INFO - f1:0.1243, p:0.1451, r:0.1530, hit:0.6766, ndcg:0.4521, topn:10.
2021-03-02 09:52:36,755 - root - INFO - f1:0.1495, p:0.2508, r:0.1377, hit:0.8282, ndcg:0.5701, topn:10.
2021-03-02 09:52:36,759 - root - INFO - Checkpointing ...
2021-03-02 09:52:38,451 - root - INFO - train loss:0.3062!
2021-03-02 09:52:39,405 - root - INFO - f1:0.1257, p:0.1463, r:0.1550, hit:0.6808, ndcg:0.4545, topn:10.
2021-03-02 09:52:40,426 - root - INFO - f1:0.1499, p:0.2510, r:0.1383, hit:0.8293, ndcg:0.5728, topn:10.
2021-03-02 09:52:40,430 - root - INFO - Checkpointing ...
2021-03-02 09:52:42,311 - root - INFO - train loss:0.3055!
2021-03-02 09:52:43,354 - root - INFO - f1:0.1258, p:0.1466, r:0.1554, hit:0.6808, ndcg:0.4551, topn:10.
2021-03-02 09:52:44,438 - root - INFO - f1:0.1509, p:0.2522, r:0.1397, hit:0.8293, ndcg:0.5738, topn:10.
2021-03-02 09:52:44,442 - root - INFO - Checkpointing ...
2021-03-02 09:52:46,134 - root - INFO - train loss:0.3018!
2021-03-02 09:52:47,088 - root - INFO - f1:0.1261, p:0.1468, r:0.1560, hit:0.6829, ndcg:0.4569, topn:10.
2021-03-02 09:52:48,143 - root - INFO - f1:0.1519, p:0.2537, r:0.1406, hit:0.8282, ndcg:0.5746, topn:10.
2021-03-02 09:52:48,147 - root - INFO - Checkpointing ...
2021-03-02 09:52:49,713 - root - INFO - train loss:0.3024!
2021-03-02 09:52:50,786 - root - INFO - f1:0.1264, p:0.1472, r:0.1563, hit:0.6829, ndcg:0.4578, topn:10.
2021-03-02 09:52:51,811 - root - INFO - f1:0.1528, p:0.2545, r:0.1419, hit:0.8335, ndcg:0.5767, topn:10.
2021-03-02 09:52:51,815 - root - INFO - Checkpointing ...
2021-03-02 09:52:53,516 - root - INFO - train loss:0.3011!
2021-03-02 09:52:54,704 - root - INFO - f1:0.1263, p:0.1469, r:0.1566, hit:0.6840, ndcg:0.4586, topn:10.
2021-03-02 09:52:55,698 - root - INFO - f1:0.1532, p:0.2546, r:0.1425, hit:0.8324, ndcg:0.5775, topn:10.
2021-03-02 09:52:57,467 - root - INFO - train loss:0.2976!
2021-03-02 09:52:58,466 - root - INFO - f1:0.1261, p:0.1468, r:0.1561, hit:0.6797, ndcg:0.4575, topn:10.
2021-03-02 09:52:59,469 - root - INFO - f1:0.1543, p:0.2561, r:0.1436, hit:0.8324, ndcg:0.5777, topn:10.
2021-03-02 09:52:59,475 - root - INFO - No improvement after one epoch. Lowering learning rate.
2021-03-02 09:53:01,399 - root - INFO - train loss:0.2934!
2021-03-02 09:53:02,487 - root - INFO - f1:0.1290, p:0.1495, r:0.1609, hit:0.6872, ndcg:0.4645, topn:10.
2021-03-02 09:53:03,435 - root - INFO - f1:0.1556, p:0.2578, r:0.1440, hit:0.8293, ndcg:0.5820, topn:10.
2021-03-02 09:53:03,440 - root - INFO - Checkpointing ...
2021-03-02 09:53:05,180 - root - INFO - train loss:0.2898!
2021-03-02 09:53:06,129 - root - INFO - f1:0.1298, p:0.1504, r:0.1616, hit:0.6882, ndcg:0.4650, topn:10.
2021-03-02 09:53:07,147 - root - INFO - f1:0.1586, p:0.2617, r:0.1474, hit:0.8367, ndcg:0.5911, topn:10.
2021-03-02 09:53:07,151 - root - INFO - Checkpointing ...
2021-03-02 09:53:08,586 - root - INFO - train loss:0.2847!
2021-03-02 09:53:09,633 - root - INFO - f1:0.1314, p:0.1523, r:0.1641, hit:0.6882, ndcg:0.4649, topn:10.
2021-03-02 09:53:10,647 - root - INFO - f1:0.1594, p:0.2628, r:0.1486, hit:0.8346, ndcg:0.5862, topn:10.
2021-03-02 09:53:10,651 - root - INFO - Checkpointing ...
2021-03-02 09:53:12,349 - root - INFO - train loss:0.2832!
2021-03-02 09:53:13,374 - root - INFO - f1:0.1335, p:0.1546, r:0.1663, hit:0.6935, ndcg:0.4665, topn:10.
2021-03-02 09:53:14,462 - root - INFO - f1:0.1609, p:0.2650, r:0.1500, hit:0.8335, ndcg:0.5872, topn:10.
2021-03-02 09:53:14,466 - root - INFO - Checkpointing ...
2021-03-02 09:53:15,934 - root - INFO - train loss:0.2764!
2021-03-02 09:53:16,954 - root - INFO - f1:0.1344, p:0.1549, r:0.1680, hit:0.6946, ndcg:0.4664, topn:10.
2021-03-02 09:53:17,954 - root - INFO - f1:0.1625, p:0.2670, r:0.1511, hit:0.8356, ndcg:0.5906, topn:10.
2021-03-02 09:53:17,956 - root - INFO - Checkpointing ...
2021-03-02 09:53:19,646 - root - INFO - train loss:0.2751!
2021-03-02 09:53:20,703 - root - INFO - f1:0.1354, p:0.1563, r:0.1687, hit:0.6935, ndcg:0.4660, topn:10.
2021-03-02 09:53:21,669 - root - INFO - f1:0.1635, p:0.2684, r:0.1523, hit:0.8399, ndcg:0.5931, topn:10.
2021-03-02 09:53:21,673 - root - INFO - Checkpointing ...
2021-03-02 09:53:23,490 - root - INFO - train loss:0.2721!
2021-03-02 09:53:24,568 - root - INFO - f1:0.1356, p:0.1566, r:0.1689, hit:0.6967, ndcg:0.4681, topn:10.
2021-03-02 09:53:25,616 - root - INFO - f1:0.1642, p:0.2695, r:0.1530, hit:0.8399, ndcg:0.5953, topn:10.
2021-03-02 09:53:25,620 - root - INFO - Checkpointing ...
2021-03-02 09:53:27,462 - root - INFO - train loss:0.2720!
2021-03-02 09:53:28,552 - root - INFO - f1:0.1365, p:0.1572, r:0.1706, hit:0.6978, ndcg:0.4697, topn:10.
2021-03-02 09:53:29,602 - root - INFO - f1:0.1652, p:0.2703, r:0.1545, hit:0.8409, ndcg:0.5964, topn:10.
2021-03-02 09:53:29,607 - root - INFO - Checkpointing ...
2021-03-02 09:53:31,272 - root - INFO - train loss:0.2692!
2021-03-02 09:53:32,315 - root - INFO - f1:0.1374, p:0.1584, r:0.1716, hit:0.6967, ndcg:0.4696, topn:10.
2021-03-02 09:53:33,331 - root - INFO - f1:0.1664, p:0.2722, r:0.1556, hit:0.8399, ndcg:0.5970, topn:10.
2021-03-02 09:53:33,336 - root - INFO - Checkpointing ...
2021-03-02 09:53:35,197 - root - INFO - train loss:0.2700!
2021-03-02 09:53:36,173 - root - INFO - f1:0.1379, p:0.1589, r:0.1721, hit:0.7020, ndcg:0.4728, topn:10.
2021-03-02 09:53:37,222 - root - INFO - f1:0.1662, p:0.2716, r:0.1554, hit:0.8409, ndcg:0.5977, topn:10.
2021-03-02 09:53:37,226 - root - INFO - Checkpointing ...
2021-03-02 09:53:39,123 - root - INFO - train loss:0.2673!
2021-03-02 09:53:40,191 - root - INFO - f1:0.1382, p:0.1591, r:0.1725, hit:0.6999, ndcg:0.4722, topn:10.
2021-03-02 09:53:41,181 - root - INFO - f1:0.1672, p:0.2732, r:0.1563, hit:0.8420, ndcg:0.5984, topn:10.
2021-03-02 09:53:41,184 - root - INFO - Checkpointing ...
2021-03-02 09:53:42,962 - root - INFO - train loss:0.2661!
2021-03-02 09:53:44,005 - root - INFO - f1:0.1392, p:0.1600, r:0.1739, hit:0.7052, ndcg:0.4740, topn:10.
2021-03-02 09:53:45,218 - root - INFO - f1:0.1672, p:0.2734, r:0.1562, hit:0.8420, ndcg:0.5993, topn:10.
2021-03-02 09:53:45,222 - root - INFO - Checkpointing ...
2021-03-02 09:53:46,725 - root - INFO - train loss:0.2655!
2021-03-02 09:53:47,693 - root - INFO - f1:0.1398, p:0.1603, r:0.1751, hit:0.7052, ndcg:0.4753, topn:10.
2021-03-02 09:53:48,714 - root - INFO - f1:0.1677, p:0.2739, r:0.1570, hit:0.8441, ndcg:0.6012, topn:10.
2021-03-02 09:53:48,718 - root - INFO - Checkpointing ...
2021-03-02 09:53:50,132 - root - INFO - train loss:0.2623!
2021-03-02 09:53:51,151 - root - INFO - f1:0.1401, p:0.1609, r:0.1753, hit:0.7073, ndcg:0.4753, topn:10.
2021-03-02 09:53:52,119 - root - INFO - f1:0.1680, p:0.2745, r:0.1573, hit:0.8441, ndcg:0.6004, topn:10.
2021-03-02 09:53:52,121 - root - INFO - Checkpointing ...
2021-03-02 09:53:53,830 - root - INFO - train loss:0.2610!
2021-03-02 09:53:54,809 - root - INFO - f1:0.1408, p:0.1617, r:0.1763, hit:0.7105, ndcg:0.4774, topn:10.
2021-03-02 09:53:55,874 - root - INFO - f1:0.1682, p:0.2744, r:0.1577, hit:0.8441, ndcg:0.6012, topn:10.
2021-03-02 09:53:55,879 - root - INFO - Checkpointing ...
2021-03-02 09:53:57,394 - root - INFO - train loss:0.2628!
2021-03-02 09:53:58,415 - root - INFO - f1:0.1408, p:0.1616, r:0.1766, hit:0.7094, ndcg:0.4765, topn:10.
2021-03-02 09:53:59,386 - root - INFO - f1:0.1691, p:0.2756, r:0.1585, hit:0.8462, ndcg:0.6030, topn:10.
2021-03-02 09:54:01,117 - root - INFO - train loss:0.2586!
2021-03-02 09:54:02,136 - root - INFO - f1:0.1423, p:0.1630, r:0.1789, hit:0.7094, ndcg:0.4758, topn:10.
2021-03-02 09:54:03,152 - root - INFO - f1:0.1698, p:0.2761, r:0.1597, hit:0.8494, ndcg:0.6043, topn:10.
2021-03-02 09:54:03,155 - root - INFO - Checkpointing ...
2021-03-02 09:54:04,518 - root - INFO - train loss:0.2574!
2021-03-02 09:54:05,516 - root - INFO - f1:0.1426, p:0.1634, r:0.1792, hit:0.7105, ndcg:0.4779, topn:10.
2021-03-02 09:54:06,588 - root - INFO - f1:0.1705, p:0.2774, r:0.1604, hit:0.8494, ndcg:0.6042, topn:10.
2021-03-02 09:54:06,593 - root - INFO - Checkpointing ...
2021-03-02 09:54:08,030 - root - INFO - train loss:0.2573!
2021-03-02 09:54:09,077 - root - INFO - f1:0.1429, p:0.1636, r:0.1806, hit:0.7116, ndcg:0.4792, topn:10.
2021-03-02 09:54:10,166 - root - INFO - f1:0.1710, p:0.2777, r:0.1609, hit:0.8515, ndcg:0.6037, topn:10.
2021-03-02 09:54:10,171 - root - INFO - Checkpointing ...
2021-03-02 09:54:11,430 - root - INFO - train loss:0.2558!
2021-03-02 09:54:12,299 - root - INFO - f1:0.1432, p:0.1638, r:0.1811, hit:0.7116, ndcg:0.4793, topn:10.
2021-03-02 09:54:13,272 - root - INFO - f1:0.1708, p:0.2778, r:0.1605, hit:0.8505, ndcg:0.6050, topn:10.
2021-03-02 09:54:13,275 - root - INFO - Checkpointing ...
2021-03-02 09:54:14,737 - root - INFO - train loss:0.2546!
2021-03-02 09:54:15,775 - root - INFO - f1:0.1434, p:0.1642, r:0.1813, hit:0.7126, ndcg:0.4803, topn:10.
2021-03-02 09:54:16,826 - root - INFO - f1:0.1713, p:0.2780, r:0.1613, hit:0.8515, ndcg:0.6072, topn:10.
2021-03-02 09:54:16,830 - root - INFO - Checkpointing ...
2021-03-02 09:54:18,295 - root - INFO - train loss:0.2532!
2021-03-02 09:54:19,337 - root - INFO - f1:0.1442, p:0.1650, r:0.1820, hit:0.7147, ndcg:0.4816, topn:10.
2021-03-02 09:54:20,408 - root - INFO - f1:0.1717, p:0.2789, r:0.1616, hit:0.8515, ndcg:0.6055, topn:10.
2021-03-02 09:54:20,412 - root - INFO - Checkpointing ...
2021-03-02 09:54:22,133 - root - INFO - train loss:0.2537!
2021-03-02 09:54:23,139 - root - INFO - f1:0.1443, p:0.1652, r:0.1822, hit:0.7137, ndcg:0.4827, topn:10.
2021-03-02 09:54:24,126 - root - INFO - f1:0.1722, p:0.2793, r:0.1619, hit:0.8505, ndcg:0.6043, topn:10.
2021-03-02 09:54:24,128 - root - INFO - Checkpointing ...
2021-03-02 09:54:25,524 - root - INFO - train loss:0.2546!
2021-03-02 09:54:26,598 - root - INFO - f1:0.1449, p:0.1660, r:0.1827, hit:0.7158, ndcg:0.4836, topn:10.
2021-03-02 09:54:27,674 - root - INFO - f1:0.1723, p:0.2794, r:0.1620, hit:0.8515, ndcg:0.6065, topn:10.
2021-03-02 09:54:27,677 - root - INFO - Checkpointing ...
2021-03-02 09:54:29,171 - root - INFO - train loss:0.2530!
2021-03-02 09:54:30,206 - root - INFO - f1:0.1453, p:0.1664, r:0.1832, hit:0.7179, ndcg:0.4836, topn:10.
2021-03-02 09:54:31,495 - root - INFO - f1:0.1725, p:0.2797, r:0.1624, hit:0.8526, ndcg:0.6067, topn:10.
2021-03-02 09:54:31,499 - root - INFO - Checkpointing ...
2021-03-02 09:54:33,123 - root - INFO - train loss:0.2534!
2021-03-02 09:54:34,187 - root - INFO - f1:0.1458, p:0.1668, r:0.1840, hit:0.7179, ndcg:0.4841, topn:10.
2021-03-02 09:54:35,241 - root - INFO - f1:0.1724, p:0.2796, r:0.1619, hit:0.8505, ndcg:0.6072, topn:10.
2021-03-02 09:54:35,245 - root - INFO - Checkpointing ...
2021-03-02 09:54:36,780 - root - INFO - train loss:0.2516!
2021-03-02 09:54:37,853 - root - INFO - f1:0.1459, p:0.1668, r:0.1841, hit:0.7190, ndcg:0.4847, topn:10.
2021-03-02 09:54:38,907 - root - INFO - f1:0.1731, p:0.2802, r:0.1632, hit:0.8494, ndcg:0.6071, topn:10.
2021-03-02 09:54:38,911 - root - INFO - Checkpointing ...
2021-03-02 09:54:40,253 - root - INFO - train loss:0.2501!
2021-03-02 09:54:41,133 - root - INFO - f1:0.1470, p:0.1678, r:0.1868, hit:0.7211, ndcg:0.4847, topn:10.
2021-03-02 09:54:42,142 - root - INFO - f1:0.1724, p:0.2794, r:0.1617, hit:0.8484, ndcg:0.6072, topn:10.
2021-03-02 09:54:42,146 - root - INFO - Checkpointing ...
2021-03-02 09:54:43,644 - root - INFO - train loss:0.2506!
2021-03-02 09:54:44,663 - root - INFO - f1:0.1474, p:0.1682, r:0.1870, hit:0.7222, ndcg:0.4844, topn:10.
2021-03-02 09:54:45,707 - root - INFO - f1:0.1728, p:0.2801, r:0.1621, hit:0.8484, ndcg:0.6073, topn:10.
2021-03-02 09:54:45,711 - root - INFO - Checkpointing ...
2021-03-02 09:54:47,473 - root - INFO - train loss:0.2477!
2021-03-02 09:54:48,563 - root - INFO - f1:0.1471, p:0.1681, r:0.1866, hit:0.7211, ndcg:0.4844, topn:10.
2021-03-02 09:54:49,630 - root - INFO - f1:0.1733, p:0.2811, r:0.1625, hit:0.8505, ndcg:0.6078, topn:10.
2021-03-02 09:54:51,419 - root - INFO - train loss:0.2481!
2021-03-02 09:54:52,478 - root - INFO - f1:0.1477, p:0.1686, r:0.1873, hit:0.7222, ndcg:0.4848, topn:10.
2021-03-02 09:54:53,543 - root - INFO - f1:0.1739, p:0.2817, r:0.1637, hit:0.8505, ndcg:0.6077, topn:10.
2021-03-02 09:54:53,548 - root - INFO - Checkpointing ...
2021-03-02 09:54:55,248 - root - INFO - train loss:0.2486!
2021-03-02 09:54:56,327 - root - INFO - f1:0.1484, p:0.1694, r:0.1881, hit:0.7243, ndcg:0.4856, topn:10.
2021-03-02 09:54:57,381 - root - INFO - f1:0.1741, p:0.2820, r:0.1638, hit:0.8526, ndcg:0.6089, topn:10.
2021-03-02 09:54:57,384 - root - INFO - Checkpointing ...
2021-03-02 09:54:58,867 - root - INFO - train loss:0.2474!
2021-03-02 09:54:59,887 - root - INFO - f1:0.1483, p:0.1691, r:0.1883, hit:0.7253, ndcg:0.4867, topn:10.
2021-03-02 09:55:00,903 - root - INFO - f1:0.1741, p:0.2822, r:0.1637, hit:0.8515, ndcg:0.6087, topn:10.
2021-03-02 09:55:02,279 - root - INFO - train loss:0.2457!
2021-03-02 09:55:03,191 - root - INFO - f1:0.1483, p:0.1691, r:0.1881, hit:0.7243, ndcg:0.4872, topn:10.
2021-03-02 09:55:04,154 - root - INFO - f1:0.1745, p:0.2827, r:0.1641, hit:0.8537, ndcg:0.6095, topn:10.
2021-03-02 09:55:04,157 - root - INFO - No improvement after one epoch. Lowering learning rate.
2021-03-02 09:55:05,647 - root - INFO - train loss:0.2468!
2021-03-02 09:55:06,691 - root - INFO - f1:0.1494, p:0.1702, r:0.1896, hit:0.7275, ndcg:0.4886, topn:10.
2021-03-02 09:55:07,726 - root - INFO - f1:0.1750, p:0.2841, r:0.1644, hit:0.8558, ndcg:0.6105, topn:10.
2021-03-02 09:55:07,731 - root - INFO - Checkpointing ...
2021-03-02 09:55:09,443 - root - INFO - train loss:0.2422!
2021-03-02 09:55:10,509 - root - INFO - f1:0.1505, p:0.1715, r:0.1910, hit:0.7285, ndcg:0.4897, topn:10.
2021-03-02 09:55:11,525 - root - INFO - f1:0.1754, p:0.2848, r:0.1649, hit:0.8558, ndcg:0.6127, topn:10.
2021-03-02 09:55:11,530 - root - INFO - Checkpointing ...
2021-03-02 09:55:13,272 - root - INFO - train loss:0.2417!
2021-03-02 09:55:14,274 - root - INFO - f1:0.1507, p:0.1716, r:0.1914, hit:0.7285, ndcg:0.4894, topn:10.
2021-03-02 09:55:15,313 - root - INFO - f1:0.1761, p:0.2856, r:0.1655, hit:0.8579, ndcg:0.6140, topn:10.
2021-03-02 09:55:15,318 - root - INFO - Checkpointing ...
2021-03-02 09:55:17,172 - root - INFO - train loss:0.2417!
2021-03-02 09:55:18,154 - root - INFO - f1:0.1499, p:0.1707, r:0.1902, hit:0.7275, ndcg:0.4907, topn:10.
2021-03-02 09:55:19,196 - root - INFO - f1:0.1760, p:0.2859, r:0.1654, hit:0.8590, ndcg:0.6143, topn:10.
2021-03-02 09:55:20,542 - root - INFO - train loss:0.2403!
2021-03-02 09:55:21,569 - root - INFO - f1:0.1508, p:0.1717, r:0.1915, hit:0.7328, ndcg:0.4925, topn:10.
2021-03-02 09:55:22,497 - root - INFO - f1:0.1767, p:0.2865, r:0.1660, hit:0.8590, ndcg:0.6139, topn:10.
2021-03-02 09:55:22,502 - root - INFO - Checkpointing ...
2021-03-02 09:55:24,065 - root - INFO - From CaseRecommender evaluator: {'PREC@10': 0.171686, 'RECALL@10': 0.191508, 'NDCG@10': 0.492693, 'MAP@10': 0.37216, 'MAP': 0.37216}.
2021-03-02 09:55:24,260 - root - INFO - From kg-summ-rec diversity evaluator: {'GENRE_COVERAGE@10': 0.479189, 'GENRE_REDUNDANCY@10': 0.422036, 'ILD_GENRE@10': 0.817718}.
2021-03-02 09:55:25,662 - root - INFO - From CaseRecommender evaluator: {'PREC@10': 0.28632, 'RECALL@10': 0.165978, 'NDCG@10': 0.614022, 'MAP@10': 0.496785, 'MAP': 0.496785}.
2021-03-02 09:55:25,855 - root - INFO - From kg-summ-rec diversity evaluator: {'GENRE_COVERAGE@10': 0.476759, 'GENRE_REDUNDANCY@10': 0.417465, 'ILD_GENRE@10': 0.816443}.
