2021-03-02 09:27:40,670 - root - INFO - Flag Values:
{
    "L1_flag": true,
    "batch_size": 256,
    "ckpt_path": "/home/juarez/git/results/JIIS-revised-exp1/ml-sun_ho_sKG_ig-mv-complex-50/",
    "clipping_max_value": 5.0,
    "data_path": "/home/juarez/git/datasets/JIIS-revised-exp1/ml-sun_ho_sKG_ig-mv-complex-50/cao-format/",
    "dataset": "ml1m",
    "early_stopping_steps_to_wait": 24363,
    "embedding_size": 100,
    "eval_interval_steps": 4873,
    "eval_only_mode": false,
    "experiment_name": "ml1m-transe-1614688060",
    "filter_wrong_corrupted": true,
    "has_visualization": false,
    "is_report": false,
    "joint_ratio": 0.5,
    "kg_lambda": 1.0,
    "kg_test_files": "valid.dat:test.dat",
    "l2_lambda": 0.0,
    "learning_rate": 0.001,
    "learning_rate_decay_when_no_progress": 0.5,
    "load_ckpt_file": null,
    "load_experiment_name": null,
    "log_level": "debug",
    "log_path": "/home/juarez/git/results/JIIS-revised-exp1/ml-sun_ho_sKG_ig-mv-complex-50/",
    "margin": 1.0,
    "max_queue": 10,
    "model_type": "transe",
    "momentum": 0.9,
    "negtive_samples": 1,
    "norm_lambda": 1.0,
    "num_preferences": 4,
    "num_processes": 4,
    "optimizer_type": "Adam",
    "rec_test_files": null,
    "seed": 0,
    "share_embeddings": false,
    "topn": 10,
    "training_steps": 487300,
    "use_st_gumbel": false,
    "visualization_port": 8097
}
2021-03-02 09:27:40,724 - root - INFO - Totally 6832 train triples, 821,1625 eval triples in files: /home/juarez/git/datasets/JIIS-revised-exp1/ml-sun_ho_sKG_ig-mv-complex-50/cao-format/ml1m/kg/valid.dat;/home/juarez/git/datasets/JIIS-revised-exp1/ml-sun_ho_sKG_ig-mv-complex-50/cao-format/ml1m/kg/test.dat!
2021-03-02 09:27:40,729 - root - INFO - successfully load 3860 entities and 3 relations!
2021-03-02 09:27:40,739 - root - INFO - Building model.
2021-03-02 09:27:42,008 - root - INFO - Architecture: TransEModel(
  (ent_embeddings): Embedding(3860, 100)
  (rel_embeddings): Embedding(3, 100)
)
2021-03-02 09:27:42,009 - root - INFO - Total params: 386300.0
2021-03-02 09:27:42,009 - root - INFO - One epoch is 27 steps.
2021-03-02 09:27:42,009 - root - INFO - Training.
2021-03-02 09:27:42,009 - root - INFO - train loss:0.0000!
2021-03-02 09:27:43,635 - root - INFO - head hit:0.0012, head mean rank:1824.6724, topn:10.
2021-03-02 09:27:43,636 - root - INFO - tail hit:0.0000, tail mean rank:1887.7333, topn:10.
2021-03-02 09:27:43,636 - root - INFO - avg hit:0.0006, avg mean rank:1856.2028, topn:10.
2021-03-02 09:27:46,611 - root - INFO - head hit:0.0006, head mean rank:1784.6511, topn:10.
2021-03-02 09:27:46,612 - root - INFO - tail hit:0.0012, tail mean rank:1918.0566, topn:10.
2021-03-02 09:27:46,612 - root - INFO - avg hit:0.0009, avg mean rank:1851.3538, topn:10.
2021-03-02 09:28:14,900 - root - INFO - train loss:8.7874!
2021-03-02 09:28:16,395 - root - INFO - head hit:0.0597, head mean rank:1038.1303, topn:10.
2021-03-02 09:28:16,395 - root - INFO - tail hit:0.2302, tail mean rank:577.2509, topn:10.
2021-03-02 09:28:16,395 - root - INFO - avg hit:0.1449, avg mean rank:807.6906, topn:10.
2021-03-02 09:28:18,965 - root - INFO - head hit:0.0597, head mean rank:945.1095, topn:10.
2021-03-02 09:28:18,965 - root - INFO - tail hit:0.2597, tail mean rank:552.0277, topn:10.
2021-03-02 09:28:18,966 - root - INFO - avg hit:0.1597, avg mean rank:748.5686, topn:10.
2021-03-02 09:28:18,967 - root - INFO - Checkpointing ...
2021-03-02 09:28:44,531 - root - INFO - train loss:0.4158!
2021-03-02 09:28:46,057 - root - INFO - head hit:0.0792, head mean rank:907.7296, topn:10.
2021-03-02 09:28:46,057 - root - INFO - tail hit:0.2753, tail mean rank:499.8197, topn:10.
2021-03-02 09:28:46,057 - root - INFO - avg hit:0.1772, avg mean rank:703.7747, topn:10.
2021-03-02 09:28:48,688 - root - INFO - head hit:0.0726, head mean rank:865.0714, topn:10.
2021-03-02 09:28:48,688 - root - INFO - tail hit:0.2812, tail mean rank:468.9391, topn:10.
2021-03-02 09:28:48,688 - root - INFO - avg hit:0.1769, avg mean rank:667.0052, topn:10.
2021-03-02 09:28:48,690 - root - INFO - Checkpointing ...
2021-03-02 09:29:13,510 - root - INFO - train loss:0.2594!
2021-03-02 09:29:14,952 - root - INFO - head hit:0.0865, head mean rank:847.3995, topn:10.
2021-03-02 09:29:14,952 - root - INFO - tail hit:0.2741, tail mean rank:468.9501, topn:10.
2021-03-02 09:29:14,953 - root - INFO - avg hit:0.1803, avg mean rank:658.1748, topn:10.
2021-03-02 09:29:17,616 - root - INFO - head hit:0.0898, head mean rank:803.0351, topn:10.
2021-03-02 09:29:17,617 - root - INFO - tail hit:0.2855, tail mean rank:462.1889, topn:10.
2021-03-02 09:29:17,617 - root - INFO - avg hit:0.1877, avg mean rank:632.6120, topn:10.
2021-03-02 09:29:17,619 - root - INFO - Checkpointing ...
2021-03-02 09:29:42,162 - root - INFO - train loss:0.1883!
2021-03-02 09:29:43,635 - root - INFO - head hit:0.1035, head mean rank:832.9915, topn:10.
2021-03-02 09:29:43,635 - root - INFO - tail hit:0.2948, tail mean rank:464.4568, topn:10.
2021-03-02 09:29:43,635 - root - INFO - avg hit:0.1991, avg mean rank:648.7241, topn:10.
2021-03-02 09:29:46,212 - root - INFO - head hit:0.0886, head mean rank:782.8320, topn:10.
2021-03-02 09:29:46,213 - root - INFO - tail hit:0.2972, tail mean rank:443.4369, topn:10.
2021-03-02 09:29:46,213 - root - INFO - avg hit:0.1929, avg mean rank:613.1345, topn:10.
2021-03-02 09:29:46,215 - root - INFO - Checkpointing ...
2021-03-02 09:30:11,778 - root - INFO - train loss:0.1644!
2021-03-02 09:30:13,224 - root - INFO - head hit:0.1048, head mean rank:774.1644, topn:10.
2021-03-02 09:30:13,224 - root - INFO - tail hit:0.2899, tail mean rank:454.0914, topn:10.
2021-03-02 09:30:13,224 - root - INFO - avg hit:0.1973, avg mean rank:614.1279, topn:10.
2021-03-02 09:30:15,851 - root - INFO - head hit:0.1015, head mean rank:760.4105, topn:10.
2021-03-02 09:30:15,852 - root - INFO - tail hit:0.2948, tail mean rank:432.9791, topn:10.
2021-03-02 09:30:15,852 - root - INFO - avg hit:0.1982, avg mean rank:596.6948, topn:10.
2021-03-02 09:30:15,854 - root - INFO - No improvement after one epoch. Lowering learning rate.
2021-03-02 09:30:40,995 - root - INFO - train loss:0.0481!
2021-03-02 09:30:42,421 - root - INFO - head hit:0.1413, head mean rank:722.8234, topn:10.
2021-03-02 09:30:42,421 - root - INFO - tail hit:0.3301, tail mean rank:426.7515, topn:10.
2021-03-02 09:30:42,422 - root - INFO - avg hit:0.2357, avg mean rank:574.7875, topn:10.
2021-03-02 09:30:44,991 - root - INFO - head hit:0.1372, head mean rank:705.1834, topn:10.
2021-03-02 09:30:44,992 - root - INFO - tail hit:0.3385, tail mean rank:397.7840, topn:10.
2021-03-02 09:30:44,992 - root - INFO - avg hit:0.2378, avg mean rank:551.4837, topn:10.
2021-03-02 09:30:44,993 - root - INFO - Checkpointing ...
2021-03-02 09:31:11,299 - root - INFO - train loss:0.0260!
2021-03-02 09:31:12,769 - root - INFO - head hit:0.1230, head mean rank:717.8599, topn:10.
2021-03-02 09:31:12,769 - root - INFO - tail hit:0.3423, tail mean rank:423.8940, topn:10.
2021-03-02 09:31:12,769 - root - INFO - avg hit:0.2326, avg mean rank:570.8770, topn:10.
2021-03-02 09:31:15,338 - root - INFO - head hit:0.1317, head mean rank:708.6111, topn:10.
2021-03-02 09:31:15,339 - root - INFO - tail hit:0.3612, tail mean rank:392.9711, topn:10.
2021-03-02 09:31:15,339 - root - INFO - avg hit:0.2465, avg mean rank:550.7911, topn:10.
2021-03-02 09:31:15,340 - root - INFO - No improvement after one epoch. Lowering learning rate.
2021-03-02 09:31:42,078 - root - INFO - train loss:0.0107!
2021-03-02 09:31:43,526 - root - INFO - head hit:0.1486, head mean rank:719.9659, topn:10.
2021-03-02 09:31:43,527 - root - INFO - tail hit:0.3727, tail mean rank:404.9842, topn:10.
2021-03-02 09:31:43,527 - root - INFO - avg hit:0.2607, avg mean rank:562.4750, topn:10.
2021-03-02 09:31:46,211 - root - INFO - head hit:0.1520, head mean rank:702.8585, topn:10.
2021-03-02 09:31:46,212 - root - INFO - tail hit:0.3932, tail mean rank:383.5138, topn:10.
2021-03-02 09:31:46,212 - root - INFO - avg hit:0.2726, avg mean rank:543.1862, topn:10.
2021-03-02 09:31:46,213 - root - INFO - Checkpointing ...
2021-03-02 09:32:12,533 - root - INFO - train loss:0.0075!
2021-03-02 09:32:13,973 - root - INFO - head hit:0.1498, head mean rank:721.0390, topn:10.
2021-03-02 09:32:13,973 - root - INFO - tail hit:0.3873, tail mean rank:401.3959, topn:10.
2021-03-02 09:32:13,973 - root - INFO - avg hit:0.2686, avg mean rank:561.2174, topn:10.
2021-03-02 09:32:16,553 - root - INFO - head hit:0.1526, head mean rank:698.2425, topn:10.
2021-03-02 09:32:16,554 - root - INFO - tail hit:0.3969, tail mean rank:377.9655, topn:10.
2021-03-02 09:32:16,554 - root - INFO - avg hit:0.2748, avg mean rank:538.1040, topn:10.
2021-03-02 09:32:16,555 - root - INFO - Checkpointing ...
2021-03-02 09:32:39,860 - root - INFO - train loss:0.0065!
2021-03-02 09:32:41,225 - root - INFO - head hit:0.1632, head mean rank:722.0914, topn:10.
2021-03-02 09:32:41,226 - root - INFO - tail hit:0.3666, tail mean rank:409.1949, topn:10.
2021-03-02 09:32:41,226 - root - INFO - avg hit:0.2649, avg mean rank:565.6431, topn:10.
2021-03-02 09:32:43,846 - root - INFO - head hit:0.1686, head mean rank:684.0074, topn:10.
2021-03-02 09:32:43,846 - root - INFO - tail hit:0.3840, tail mean rank:386.5378, topn:10.
2021-03-02 09:32:43,847 - root - INFO - avg hit:0.2763, avg mean rank:535.2726, topn:10.
2021-03-02 09:32:43,848 - root - INFO - No improvement after one epoch. Lowering learning rate.
2021-03-02 09:33:09,099 - root - INFO - train loss:0.0039!
2021-03-02 09:33:10,569 - root - INFO - head hit:0.1571, head mean rank:713.6492, topn:10.
2021-03-02 09:33:10,569 - root - INFO - tail hit:0.3825, tail mean rank:399.6687, topn:10.
2021-03-02 09:33:10,569 - root - INFO - avg hit:0.2698, avg mean rank:556.6590, topn:10.
2021-03-02 09:33:13,136 - root - INFO - head hit:0.1582, head mean rank:683.0634, topn:10.
2021-03-02 09:33:13,136 - root - INFO - tail hit:0.3994, tail mean rank:378.2997, topn:10.
2021-03-02 09:33:13,137 - root - INFO - avg hit:0.2788, avg mean rank:530.6815, topn:10.
2021-03-02 09:33:13,138 - root - INFO - Checkpointing ...
2021-03-02 09:33:38,900 - root - INFO - train loss:0.0025!
2021-03-02 09:33:40,331 - root - INFO - head hit:0.1608, head mean rank:721.9330, topn:10.
2021-03-02 09:33:40,331 - root - INFO - tail hit:0.3886, tail mean rank:393.7540, topn:10.
2021-03-02 09:33:40,331 - root - INFO - avg hit:0.2747, avg mean rank:557.8435, topn:10.
2021-03-02 09:33:42,999 - root - INFO - head hit:0.1662, head mean rank:691.2437, topn:10.
2021-03-02 09:33:43,000 - root - INFO - tail hit:0.3963, tail mean rank:376.3145, topn:10.
2021-03-02 09:33:43,000 - root - INFO - avg hit:0.2812, avg mean rank:533.7791, topn:10.
2021-03-02 09:33:43,001 - root - INFO - Checkpointing ...
2021-03-02 09:34:09,279 - root - INFO - train loss:0.0028!
2021-03-02 09:34:10,709 - root - INFO - head hit:0.1620, head mean rank:725.6663, topn:10.
2021-03-02 09:34:10,710 - root - INFO - tail hit:0.3898, tail mean rank:398.7625, topn:10.
2021-03-02 09:34:10,710 - root - INFO - avg hit:0.2759, avg mean rank:562.2144, topn:10.
2021-03-02 09:34:13,264 - root - INFO - head hit:0.1618, head mean rank:695.0529, topn:10.
2021-03-02 09:34:13,265 - root - INFO - tail hit:0.4068, tail mean rank:374.7625, topn:10.
2021-03-02 09:34:13,265 - root - INFO - avg hit:0.2843, avg mean rank:534.9077, topn:10.
2021-03-02 09:34:13,266 - root - INFO - Checkpointing ...
2021-03-02 09:34:38,773 - root - INFO - train loss:0.0020!
2021-03-02 09:34:40,190 - root - INFO - head hit:0.1535, head mean rank:736.4068, topn:10.
2021-03-02 09:34:40,190 - root - INFO - tail hit:0.3983, tail mean rank:400.4214, topn:10.
2021-03-02 09:34:40,190 - root - INFO - avg hit:0.2759, avg mean rank:568.4141, topn:10.
2021-03-02 09:34:42,692 - root - INFO - head hit:0.1637, head mean rank:705.2911, topn:10.
2021-03-02 09:34:42,693 - root - INFO - tail hit:0.4074, tail mean rank:376.5926, topn:10.
2021-03-02 09:34:42,693 - root - INFO - avg hit:0.2855, avg mean rank:540.9418, topn:10.
2021-03-02 09:34:42,695 - root - INFO - No improvement after one epoch. Lowering learning rate.
2021-03-02 09:35:08,483 - root - INFO - train loss:0.0022!
2021-03-02 09:35:09,929 - root - INFO - head hit:0.1571, head mean rank:736.0914, topn:10.
2021-03-02 09:35:09,929 - root - INFO - tail hit:0.3995, tail mean rank:399.2935, topn:10.
2021-03-02 09:35:09,929 - root - INFO - avg hit:0.2783, avg mean rank:567.6924, topn:10.
2021-03-02 09:35:12,561 - root - INFO - head hit:0.1612, head mean rank:703.6689, topn:10.
2021-03-02 09:35:12,561 - root - INFO - tail hit:0.4123, tail mean rank:375.0406, topn:10.
2021-03-02 09:35:12,561 - root - INFO - avg hit:0.2868, avg mean rank:539.3548, topn:10.
2021-03-02 09:35:12,563 - root - INFO - Checkpointing ...
2021-03-02 09:35:38,180 - root - INFO - train loss:0.0019!
2021-03-02 09:35:39,630 - root - INFO - head hit:0.1583, head mean rank:731.3252, topn:10.
2021-03-02 09:35:39,630 - root - INFO - tail hit:0.4007, tail mean rank:395.8819, topn:10.
2021-03-02 09:35:39,630 - root - INFO - avg hit:0.2795, avg mean rank:563.6035, topn:10.
2021-03-02 09:35:42,192 - root - INFO - head hit:0.1711, head mean rank:699.6455, topn:10.
2021-03-02 09:35:42,193 - root - INFO - tail hit:0.4160, tail mean rank:372.0062, topn:10.
2021-03-02 09:35:42,193 - root - INFO - avg hit:0.2935, avg mean rank:535.8258, topn:10.
2021-03-02 09:35:42,195 - root - INFO - Checkpointing ...
2021-03-02 09:36:07,206 - root - INFO - train loss:0.0010!
2021-03-02 09:36:08,682 - root - INFO - head hit:0.1583, head mean rank:728.6894, topn:10.
2021-03-02 09:36:08,683 - root - INFO - tail hit:0.4068, tail mean rank:392.8392, topn:10.
2021-03-02 09:36:08,683 - root - INFO - avg hit:0.2826, avg mean rank:560.7643, topn:10.
2021-03-02 09:36:11,330 - root - INFO - head hit:0.1717, head mean rank:697.1729, topn:10.
2021-03-02 09:36:11,330 - root - INFO - tail hit:0.4166, tail mean rank:369.7200, topn:10.
2021-03-02 09:36:11,330 - root - INFO - avg hit:0.2942, avg mean rank:533.4465, topn:10.
2021-03-02 09:36:11,332 - root - INFO - Checkpointing ...
2021-03-02 09:36:37,279 - root - INFO - train loss:0.0011!
2021-03-02 09:36:38,714 - root - INFO - head hit:0.1596, head mean rank:728.6541, topn:10.
2021-03-02 09:36:38,715 - root - INFO - tail hit:0.4068, tail mean rank:392.5274, topn:10.
2021-03-02 09:36:38,715 - root - INFO - avg hit:0.2832, avg mean rank:560.5907, topn:10.
2021-03-02 09:36:41,286 - root - INFO - head hit:0.1723, head mean rank:698.2203, topn:10.
2021-03-02 09:36:41,286 - root - INFO - tail hit:0.4172, tail mean rank:369.6474, topn:10.
2021-03-02 09:36:41,286 - root - INFO - avg hit:0.2948, avg mean rank:533.9338, topn:10.
2021-03-02 09:36:41,288 - root - INFO - Checkpointing ...
2021-03-02 09:37:07,411 - root - INFO - train loss:0.0016!
2021-03-02 09:37:08,845 - root - INFO - head hit:0.1583, head mean rank:728.7125, topn:10.
2021-03-02 09:37:08,846 - root - INFO - tail hit:0.4044, tail mean rank:390.7138, topn:10.
2021-03-02 09:37:08,846 - root - INFO - avg hit:0.2814, avg mean rank:559.7132, topn:10.
2021-03-02 09:37:11,585 - root - INFO - head hit:0.1686, head mean rank:699.0031, topn:10.
2021-03-02 09:37:11,586 - root - INFO - tail hit:0.4172, tail mean rank:368.5089, topn:10.
2021-03-02 09:37:11,586 - root - INFO - avg hit:0.2929, avg mean rank:533.7560, topn:10.
2021-03-02 09:37:11,587 - root - INFO - No improvement after one epoch. Lowering learning rate.
2021-03-02 09:37:35,868 - root - INFO - train loss:0.0011!
2021-03-02 09:37:37,313 - root - INFO - head hit:0.1583, head mean rank:729.3776, topn:10.
2021-03-02 09:37:37,314 - root - INFO - tail hit:0.4056, tail mean rank:390.4689, topn:10.
2021-03-02 09:37:37,314 - root - INFO - avg hit:0.2820, avg mean rank:559.9233, topn:10.
2021-03-02 09:37:39,906 - root - INFO - head hit:0.1674, head mean rank:698.9809, topn:10.
2021-03-02 09:37:39,907 - root - INFO - tail hit:0.4197, tail mean rank:367.9495, topn:10.
2021-03-02 09:37:39,907 - root - INFO - avg hit:0.2935, avg mean rank:533.4652, topn:10.
2021-03-02 09:37:39,908 - root - INFO - No improvement after one epoch. Lowering learning rate.
2021-03-02 09:38:04,664 - root - INFO - train loss:0.0009!
2021-03-02 09:38:06,056 - root - INFO - head hit:0.1596, head mean rank:729.8819, topn:10.
2021-03-02 09:38:06,057 - root - INFO - tail hit:0.4080, tail mean rank:390.9805, topn:10.
2021-03-02 09:38:06,057 - root - INFO - avg hit:0.2838, avg mean rank:560.4312, topn:10.
2021-03-02 09:38:08,767 - root - INFO - head hit:0.1674, head mean rank:699.6572, topn:10.
2021-03-02 09:38:08,768 - root - INFO - tail hit:0.4209, tail mean rank:368.3551, topn:10.
2021-03-02 09:38:08,768 - root - INFO - avg hit:0.2942, avg mean rank:534.0062, topn:10.
2021-03-02 09:38:08,770 - root - INFO - Checkpointing ...
2021-03-02 09:38:34,368 - root - INFO - train loss:0.0009!
2021-03-02 09:38:35,822 - root - INFO - head hit:0.1583, head mean rank:729.8477, topn:10.
2021-03-02 09:38:35,822 - root - INFO - tail hit:0.4080, tail mean rank:391.2058, topn:10.
2021-03-02 09:38:35,823 - root - INFO - avg hit:0.2832, avg mean rank:560.5268, topn:10.
2021-03-02 09:38:38,518 - root - INFO - head hit:0.1668, head mean rank:699.8480, topn:10.
2021-03-02 09:38:38,518 - root - INFO - tail hit:0.4203, tail mean rank:368.4498, topn:10.
2021-03-02 09:38:38,518 - root - INFO - avg hit:0.2935, avg mean rank:534.1489, topn:10.
2021-03-02 09:38:38,520 - root - INFO - No improvement after one epoch. Lowering learning rate.
2021-03-02 09:39:02,774 - root - INFO - train loss:0.0010!
2021-03-02 09:39:04,116 - root - INFO - head hit:0.1583, head mean rank:729.9525, topn:10.
2021-03-02 09:39:04,116 - root - INFO - tail hit:0.4080, tail mean rank:391.4811, topn:10.
2021-03-02 09:39:04,116 - root - INFO - avg hit:0.2832, avg mean rank:560.7168, topn:10.
2021-03-02 09:39:06,567 - root - INFO - head hit:0.1668, head mean rank:700.0240, topn:10.
2021-03-02 09:39:06,568 - root - INFO - tail hit:0.4203, tail mean rank:368.6794, topn:10.
2021-03-02 09:39:06,568 - root - INFO - avg hit:0.2935, avg mean rank:534.3517, topn:10.
2021-03-02 09:39:06,569 - root - INFO - No improvement after one epoch. Lowering learning rate.
2021-03-02 09:39:33,282 - root - INFO - train loss:0.0004!
2021-03-02 09:39:34,799 - root - INFO - head hit:0.1583, head mean rank:729.8624, topn:10.
2021-03-02 09:39:34,800 - root - INFO - tail hit:0.4080, tail mean rank:391.4896, topn:10.
2021-03-02 09:39:34,800 - root - INFO - avg hit:0.2832, avg mean rank:560.6760, topn:10.
2021-03-02 09:39:37,165 - root - INFO - head hit:0.1668, head mean rank:699.9329, topn:10.
2021-03-02 09:39:37,165 - root - INFO - tail hit:0.4203, tail mean rank:368.6942, topn:10.
2021-03-02 09:39:37,165 - root - INFO - avg hit:0.2935, avg mean rank:534.3135, topn:10.
2021-03-02 09:39:37,166 - root - INFO - No improvement after one epoch. Lowering learning rate.
2021-03-02 09:40:01,875 - root - INFO - train loss:0.0009!
2021-03-02 09:40:03,282 - root - INFO - head hit:0.1583, head mean rank:729.8538, topn:10.
2021-03-02 09:40:03,282 - root - INFO - tail hit:0.4080, tail mean rank:391.5043, topn:10.
2021-03-02 09:40:03,282 - root - INFO - avg hit:0.2832, avg mean rank:560.6790, topn:10.
2021-03-02 09:40:05,837 - root - INFO - head hit:0.1662, head mean rank:699.9508, topn:10.
2021-03-02 09:40:05,837 - root - INFO - tail hit:0.4203, tail mean rank:368.7434, topn:10.
2021-03-02 09:40:05,837 - root - INFO - avg hit:0.2932, avg mean rank:534.3471, topn:10.
2021-03-02 09:40:05,839 - root - INFO - No improvement after one epoch. Lowering learning rate.
2021-03-02 09:40:30,142 - root - INFO - No improvement after 24363 steps. Stopping training.
