2021-03-04 00:26:40,745 - root - INFO - Flag Values:
{
    "L1_flag": true,
    "batch_size": 256,
    "ckpt_path": "/home/juarez/git/results/JIIS-revised-exp1/ml-sun_ho_sKG_ig-mv-complex-25/",
    "clipping_max_value": 5.0,
    "data_path": "/home/juarez/git/datasets/JIIS-revised-exp1/ml-sun_ho_sKG_ig-mv-complex-25/cao-format/",
    "dataset": "ml1m",
    "early_stopping_steps_to_wait": 24363,
    "embedding_size": 100,
    "eval_interval_steps": 4873,
    "eval_only_mode": false,
    "experiment_name": "ml1m-transe-1614828400",
    "filter_wrong_corrupted": true,
    "has_visualization": false,
    "is_report": false,
    "joint_ratio": 0.5,
    "kg_lambda": 1.0,
    "kg_test_files": "valid.dat:test.dat",
    "l2_lambda": 0.0,
    "learning_rate": 0.001,
    "learning_rate_decay_when_no_progress": 0.5,
    "load_ckpt_file": null,
    "load_experiment_name": null,
    "log_level": "debug",
    "log_path": "/home/juarez/git/results/JIIS-revised-exp1/ml-sun_ho_sKG_ig-mv-complex-25/",
    "margin": 1.0,
    "max_queue": 10,
    "model_type": "transe",
    "momentum": 0.9,
    "negtive_samples": 1,
    "norm_lambda": 1.0,
    "num_preferences": 4,
    "num_processes": 4,
    "optimizer_type": "Adam",
    "rec_test_files": null,
    "seed": 0,
    "share_embeddings": false,
    "topn": 10,
    "training_steps": 487300,
    "use_st_gumbel": false,
    "visualization_port": 8097
}
2021-03-04 00:26:40,796 - root - INFO - Totally 6085 train triples, 819,1630 eval triples in files: /home/juarez/git/datasets/JIIS-revised-exp1/ml-sun_ho_sKG_ig-mv-complex-25/cao-format/ml1m/kg/valid.dat;/home/juarez/git/datasets/JIIS-revised-exp1/ml-sun_ho_sKG_ig-mv-complex-25/cao-format/ml1m/kg/test.dat!
2021-03-04 00:26:40,799 - root - INFO - successfully load 2852 entities and 3 relations!
2021-03-04 00:26:40,809 - root - INFO - Building model.
2021-03-04 00:26:42,079 - root - INFO - Architecture: TransEModel(
  (ent_embeddings): Embedding(2852, 100)
  (rel_embeddings): Embedding(3, 100)
)
2021-03-04 00:26:42,080 - root - INFO - Total params: 285500.0
2021-03-04 00:26:42,080 - root - INFO - One epoch is 24 steps.
2021-03-04 00:26:42,080 - root - INFO - Training.
2021-03-04 00:26:42,080 - root - INFO - train loss:0.0000!
2021-03-04 00:26:43,543 - root - INFO - head hit:0.0024, head mean rank:1293.8144, topn:10.
2021-03-04 00:26:43,544 - root - INFO - tail hit:0.0000, tail mean rank:1613.9683, topn:10.
2021-03-04 00:26:43,544 - root - INFO - avg hit:0.0012, avg mean rank:1453.8913, topn:10.
2021-03-04 00:26:46,241 - root - INFO - head hit:0.0031, head mean rank:1271.9675, topn:10.
2021-03-04 00:26:46,242 - root - INFO - tail hit:0.0025, tail mean rank:1558.1626, topn:10.
2021-03-04 00:26:46,242 - root - INFO - avg hit:0.0028, avg mean rank:1415.0650, topn:10.
2021-03-04 00:27:12,897 - root - INFO - train loss:8.3428!
2021-03-04 00:27:14,244 - root - INFO - head hit:0.0794, head mean rank:784.1514, topn:10.
2021-03-04 00:27:14,245 - root - INFO - tail hit:0.3101, tail mean rank:298.1709, topn:10.
2021-03-04 00:27:14,245 - root - INFO - avg hit:0.1947, avg mean rank:541.1612, topn:10.
2021-03-04 00:27:16,674 - root - INFO - head hit:0.0890, head mean rank:742.4294, topn:10.
2021-03-04 00:27:16,675 - root - INFO - tail hit:0.3258, tail mean rank:302.8178, topn:10.
2021-03-04 00:27:16,675 - root - INFO - avg hit:0.2074, avg mean rank:522.6236, topn:10.
2021-03-04 00:27:16,677 - root - INFO - Checkpointing ...
2021-03-04 00:27:43,014 - root - INFO - train loss:0.3670!
2021-03-04 00:27:44,365 - root - INFO - head hit:0.1038, head mean rank:696.1355, topn:10.
2021-03-04 00:27:44,365 - root - INFO - tail hit:0.3126, tail mean rank:253.9280, topn:10.
2021-03-04 00:27:44,365 - root - INFO - avg hit:0.2082, avg mean rank:475.0317, topn:10.
2021-03-04 00:27:46,584 - root - INFO - head hit:0.1172, head mean rank:688.1589, topn:10.
2021-03-04 00:27:46,585 - root - INFO - tail hit:0.3344, tail mean rank:265.0043, topn:10.
2021-03-04 00:27:46,585 - root - INFO - avg hit:0.2258, avg mean rank:476.5816, topn:10.
2021-03-04 00:27:46,586 - root - INFO - Checkpointing ...
2021-03-04 00:28:11,760 - root - INFO - train loss:0.2187!
2021-03-04 00:28:13,116 - root - INFO - head hit:0.0830, head mean rank:675.0195, topn:10.
2021-03-04 00:28:13,116 - root - INFO - tail hit:0.3492, tail mean rank:225.4664, topn:10.
2021-03-04 00:28:13,116 - root - INFO - avg hit:0.2161, avg mean rank:450.2430, topn:10.
2021-03-04 00:28:15,344 - root - INFO - head hit:0.1067, head mean rank:671.2135, topn:10.
2021-03-04 00:28:15,345 - root - INFO - tail hit:0.3564, tail mean rank:231.8773, topn:10.
2021-03-04 00:28:15,345 - root - INFO - avg hit:0.2316, avg mean rank:451.5454, topn:10.
2021-03-04 00:28:15,347 - root - INFO - Checkpointing ...
2021-03-04 00:28:40,760 - root - INFO - train loss:0.1636!
2021-03-04 00:28:42,049 - root - INFO - head hit:0.1087, head mean rank:657.9084, topn:10.
2021-03-04 00:28:42,050 - root - INFO - tail hit:0.3578, tail mean rank:216.9426, topn:10.
2021-03-04 00:28:42,050 - root - INFO - avg hit:0.2332, avg mean rank:437.4255, topn:10.
2021-03-04 00:28:44,415 - root - INFO - head hit:0.1380, head mean rank:627.5104, topn:10.
2021-03-04 00:28:44,415 - root - INFO - tail hit:0.3546, tail mean rank:235.6656, topn:10.
2021-03-04 00:28:44,415 - root - INFO - avg hit:0.2463, avg mean rank:431.5880, topn:10.
2021-03-04 00:28:44,417 - root - INFO - Checkpointing ...
2021-03-04 00:29:10,296 - root - INFO - train loss:0.1370!
2021-03-04 00:29:11,638 - root - INFO - head hit:0.1087, head mean rank:648.6007, topn:10.
2021-03-04 00:29:11,638 - root - INFO - tail hit:0.3309, tail mean rank:214.5751, topn:10.
2021-03-04 00:29:11,638 - root - INFO - avg hit:0.2198, avg mean rank:431.5879, topn:10.
2021-03-04 00:29:13,676 - root - INFO - head hit:0.1497, head mean rank:616.2706, topn:10.
2021-03-04 00:29:13,676 - root - INFO - tail hit:0.3466, tail mean rank:230.0239, topn:10.
2021-03-04 00:29:13,677 - root - INFO - avg hit:0.2482, avg mean rank:423.1472, topn:10.
2021-03-04 00:29:13,678 - root - INFO - No improvement after one epoch. Lowering learning rate.
2021-03-04 00:29:38,501 - root - INFO - train loss:0.0398!
2021-03-04 00:29:39,852 - root - INFO - head hit:0.1404, head mean rank:617.2759, topn:10.
2021-03-04 00:29:39,852 - root - INFO - tail hit:0.3626, tail mean rank:200.6276, topn:10.
2021-03-04 00:29:39,853 - root - INFO - avg hit:0.2515, avg mean rank:408.9518, topn:10.
2021-03-04 00:29:42,272 - root - INFO - head hit:0.1810, head mean rank:579.4558, topn:10.
2021-03-04 00:29:42,272 - root - INFO - tail hit:0.3822, tail mean rank:217.3810, topn:10.
2021-03-04 00:29:42,272 - root - INFO - avg hit:0.2816, avg mean rank:398.4184, topn:10.
2021-03-04 00:29:42,274 - root - INFO - Checkpointing ...
2021-03-04 00:30:08,497 - root - INFO - train loss:0.0184!
2021-03-04 00:30:09,852 - root - INFO - head hit:0.1563, head mean rank:623.0598, topn:10.
2021-03-04 00:30:09,853 - root - INFO - tail hit:0.3724, tail mean rank:208.5226, topn:10.
2021-03-04 00:30:09,853 - root - INFO - avg hit:0.2643, avg mean rank:415.7912, topn:10.
2021-03-04 00:30:12,243 - root - INFO - head hit:0.1785, head mean rank:579.1859, topn:10.
2021-03-04 00:30:12,243 - root - INFO - tail hit:0.3933, tail mean rank:215.5687, topn:10.
2021-03-04 00:30:12,243 - root - INFO - avg hit:0.2859, avg mean rank:397.3773, topn:10.
2021-03-04 00:30:12,245 - root - INFO - Checkpointing ...
2021-03-04 00:30:39,196 - root - INFO - train loss:0.0124!
2021-03-04 00:30:40,553 - root - INFO - head hit:0.1526, head mean rank:624.1477, topn:10.
2021-03-04 00:30:40,553 - root - INFO - tail hit:0.3883, tail mean rank:202.6056, topn:10.
2021-03-04 00:30:40,553 - root - INFO - avg hit:0.2705, avg mean rank:413.3767, topn:10.
2021-03-04 00:30:42,994 - root - INFO - head hit:0.1908, head mean rank:585.3374, topn:10.
2021-03-04 00:30:42,994 - root - INFO - tail hit:0.4055, tail mean rank:209.4620, topn:10.
2021-03-04 00:30:42,994 - root - INFO - avg hit:0.2982, avg mean rank:397.3997, topn:10.
2021-03-04 00:30:42,996 - root - INFO - Checkpointing ...
2021-03-04 00:31:09,216 - root - INFO - train loss:0.0096!
2021-03-04 00:31:10,537 - root - INFO - head hit:0.1734, head mean rank:611.3443, topn:10.
2021-03-04 00:31:10,537 - root - INFO - tail hit:0.4005, tail mean rank:194.6923, topn:10.
2021-03-04 00:31:10,537 - root - INFO - avg hit:0.2869, avg mean rank:403.0183, topn:10.
2021-03-04 00:31:12,905 - root - INFO - head hit:0.2006, head mean rank:583.7092, topn:10.
2021-03-04 00:31:12,906 - root - INFO - tail hit:0.4067, tail mean rank:204.9638, topn:10.
2021-03-04 00:31:12,906 - root - INFO - avg hit:0.3037, avg mean rank:394.3365, topn:10.
2021-03-04 00:31:12,908 - root - INFO - Checkpointing ...
2021-03-04 00:31:38,741 - root - INFO - train loss:0.0087!
2021-03-04 00:31:40,104 - root - INFO - head hit:0.1673, head mean rank:610.1026, topn:10.
2021-03-04 00:31:40,104 - root - INFO - tail hit:0.4139, tail mean rank:193.7631, topn:10.
2021-03-04 00:31:40,104 - root - INFO - avg hit:0.2906, avg mean rank:401.9328, topn:10.
2021-03-04 00:31:42,468 - root - INFO - head hit:0.1877, head mean rank:585.8736, topn:10.
2021-03-04 00:31:42,469 - root - INFO - tail hit:0.4092, tail mean rank:206.1160, topn:10.
2021-03-04 00:31:42,469 - root - INFO - avg hit:0.2985, avg mean rank:395.9948, topn:10.
2021-03-04 00:31:42,470 - root - INFO - Checkpointing ...
2021-03-04 00:32:08,803 - root - INFO - train loss:0.0091!
2021-03-04 00:32:10,128 - root - INFO - head hit:0.1709, head mean rank:597.9182, topn:10.
2021-03-04 00:32:10,129 - root - INFO - tail hit:0.4127, tail mean rank:193.1380, topn:10.
2021-03-04 00:32:10,129 - root - INFO - avg hit:0.2918, avg mean rank:395.5281, topn:10.
2021-03-04 00:32:12,341 - root - INFO - head hit:0.1933, head mean rank:580.1049, topn:10.
2021-03-04 00:32:12,341 - root - INFO - tail hit:0.4080, tail mean rank:206.4773, topn:10.
2021-03-04 00:32:12,341 - root - INFO - avg hit:0.3006, avg mean rank:393.2911, topn:10.
2021-03-04 00:32:12,343 - root - INFO - Checkpointing ...
2021-03-04 00:32:39,464 - root - INFO - train loss:0.0074!
2021-03-04 00:32:40,810 - root - INFO - head hit:0.1673, head mean rank:603.5775, topn:10.
2021-03-04 00:32:40,810 - root - INFO - tail hit:0.4103, tail mean rank:194.0024, topn:10.
2021-03-04 00:32:40,810 - root - INFO - avg hit:0.2888, avg mean rank:398.7900, topn:10.
2021-03-04 00:32:43,212 - root - INFO - head hit:0.1982, head mean rank:574.0055, topn:10.
2021-03-04 00:32:43,212 - root - INFO - tail hit:0.4031, tail mean rank:203.2141, topn:10.
2021-03-04 00:32:43,212 - root - INFO - avg hit:0.3006, avg mean rank:388.6098, topn:10.
2021-03-04 00:32:43,214 - root - INFO - No improvement after one epoch. Lowering learning rate.
2021-03-04 00:33:07,586 - root - INFO - train loss:0.0032!
2021-03-04 00:33:08,918 - root - INFO - head hit:0.1917, head mean rank:602.2576, topn:10.
2021-03-04 00:33:08,918 - root - INFO - tail hit:0.4249, tail mean rank:193.2503, topn:10.
2021-03-04 00:33:08,919 - root - INFO - avg hit:0.3083, avg mean rank:397.7540, topn:10.
2021-03-04 00:33:11,391 - root - INFO - head hit:0.2123, head mean rank:570.5331, topn:10.
2021-03-04 00:33:11,392 - root - INFO - tail hit:0.4135, tail mean rank:205.8890, topn:10.
2021-03-04 00:33:11,392 - root - INFO - avg hit:0.3129, avg mean rank:388.2110, topn:10.
2021-03-04 00:33:11,393 - root - INFO - Checkpointing ...
2021-03-04 00:33:37,257 - root - INFO - train loss:0.0017!
2021-03-04 00:33:38,616 - root - INFO - head hit:0.1758, head mean rank:603.2723, topn:10.
2021-03-04 00:33:38,617 - root - INFO - tail hit:0.4225, tail mean rank:195.3162, topn:10.
2021-03-04 00:33:38,617 - root - INFO - avg hit:0.2991, avg mean rank:399.2943, topn:10.
2021-03-04 00:33:41,051 - root - INFO - head hit:0.2098, head mean rank:572.7479, topn:10.
2021-03-04 00:33:41,052 - root - INFO - tail hit:0.4147, tail mean rank:208.2123, topn:10.
2021-03-04 00:33:41,052 - root - INFO - avg hit:0.3123, avg mean rank:390.4801, topn:10.
2021-03-04 00:33:41,053 - root - INFO - No improvement after one epoch. Lowering learning rate.
2021-03-04 00:34:07,900 - root - INFO - train loss:0.0017!
2021-03-04 00:34:09,191 - root - INFO - head hit:0.1770, head mean rank:601.6117, topn:10.
2021-03-04 00:34:09,191 - root - INFO - tail hit:0.4274, tail mean rank:192.4591, topn:10.
2021-03-04 00:34:09,192 - root - INFO - avg hit:0.3022, avg mean rank:397.0354, topn:10.
2021-03-04 00:34:11,645 - root - INFO - head hit:0.2123, head mean rank:570.5847, topn:10.
2021-03-04 00:34:11,645 - root - INFO - tail hit:0.4166, tail mean rank:203.7724, topn:10.
2021-03-04 00:34:11,645 - root - INFO - avg hit:0.3144, avg mean rank:387.1785, topn:10.
2021-03-04 00:34:11,647 - root - INFO - No improvement after one epoch. Lowering learning rate.
2021-03-04 00:34:39,313 - root - INFO - train loss:0.0012!
2021-03-04 00:34:40,657 - root - INFO - head hit:0.1783, head mean rank:601.9939, topn:10.
2021-03-04 00:34:40,657 - root - INFO - tail hit:0.4310, tail mean rank:191.8828, topn:10.
2021-03-04 00:34:40,657 - root - INFO - avg hit:0.3046, avg mean rank:396.9383, topn:10.
2021-03-04 00:34:43,079 - root - INFO - head hit:0.2147, head mean rank:571.1110, topn:10.
2021-03-04 00:34:43,079 - root - INFO - tail hit:0.4190, tail mean rank:203.7902, topn:10.
2021-03-04 00:34:43,079 - root - INFO - avg hit:0.3169, avg mean rank:387.4506, topn:10.
2021-03-04 00:34:43,080 - root - INFO - No improvement after one epoch. Lowering learning rate.
2021-03-04 00:35:09,061 - root - INFO - train loss:0.0011!
2021-03-04 00:35:10,377 - root - INFO - head hit:0.1783, head mean rank:600.6484, topn:10.
2021-03-04 00:35:10,377 - root - INFO - tail hit:0.4310, tail mean rank:191.6349, topn:10.
2021-03-04 00:35:10,377 - root - INFO - avg hit:0.3046, avg mean rank:396.1416, topn:10.
2021-03-04 00:35:12,622 - root - INFO - head hit:0.2184, head mean rank:570.1129, topn:10.
2021-03-04 00:35:12,622 - root - INFO - tail hit:0.4184, tail mean rank:203.3074, topn:10.
2021-03-04 00:35:12,622 - root - INFO - avg hit:0.3184, avg mean rank:386.7101, topn:10.
2021-03-04 00:35:12,623 - root - INFO - No improvement after one epoch. Lowering learning rate.
2021-03-04 00:35:39,067 - root - INFO - No improvement after 24363 steps. Stopping training.
