2021-03-03 17:52:43,637 - root - INFO - Flag Values:
{
    "L1_flag": true,
    "batch_size": 256,
    "ckpt_path": "/home/juarez/git/results/JIIS-revised-exp1/ml-sun_ho_sKG_ig-sv-complex-25/",
    "clipping_max_value": 5.0,
    "data_path": "/home/juarez/git/datasets/JIIS-revised-exp1/ml-sun_ho_sKG_ig-sv-complex-25/cao-format/",
    "dataset": "ml1m",
    "early_stopping_steps_to_wait": 13317,
    "embedding_size": 100,
    "eval_interval_steps": 2663,
    "eval_only_mode": false,
    "experiment_name": "ml1m-transup-1614804763",
    "filter_wrong_corrupted": true,
    "has_visualization": false,
    "is_report": false,
    "joint_ratio": 0.5,
    "kg_lambda": 1.0,
    "kg_test_files": null,
    "l2_lambda": 1e-05,
    "learning_rate": 0.005,
    "learning_rate_decay_when_no_progress": 0.5,
    "load_ckpt_file": "/home/juarez/git/results/JIIS-revised-exp1/ml-sun_ho_sKG_ig-sv-complex-25/ml1m-bprmf-pretrained.ckpt",
    "load_experiment_name": null,
    "log_level": "debug",
    "log_path": "/home/juarez/git/results/JIIS-revised-exp1/ml-sun_ho_sKG_ig-sv-complex-25/",
    "margin": 1.0,
    "max_queue": 10,
    "model_type": "transup",
    "momentum": 0.9,
    "negtive_samples": 1,
    "norm_lambda": 1.0,
    "num_preferences": 3,
    "num_processes": 4,
    "optimizer_type": "Adagrad",
    "rec_test_files": "valid.dat:test.dat",
    "seed": 0,
    "share_embeddings": false,
    "topn": 10,
    "training_steps": 266300,
    "use_st_gumbel": false,
    "visualization_port": 8097
}
2021-03-03 17:52:43,878 - root - INFO - Totally 69982 train ratings, 9998,19995 eval ratings in files: /home/juarez/git/datasets/JIIS-revised-exp1/ml-sun_ho_sKG_ig-sv-complex-25/cao-format/ml1m/valid.dat;/home/juarez/git/datasets/JIIS-revised-exp1/ml-sun_ho_sKG_ig-sv-complex-25/cao-format/ml1m/test.dat!
2021-03-03 17:52:43,881 - root - INFO - successfully load 943 users and 1675 items!
2021-03-03 17:52:43,961 - root - INFO - Building model.
2021-03-03 17:52:45,337 - root - INFO - Architecture: TransUPModel(
  (user_embeddings): Embedding(943, 100)
  (item_embeddings): Embedding(1675, 100)
  (pref_embeddings): Embedding(3, 100)
  (pref_norm_embeddings): Embedding(3, 100)
)
2021-03-03 17:52:45,338 - root - INFO - Total params: 262400.0
2021-03-03 17:52:45,338 - root - INFO - One epoch is 274 steps.
2021-03-03 17:52:45,339 - root - INFO - Found checkpoint, restoring pre-trained embeddings.
2021-03-03 17:52:45,342 - root - INFO - Load Embeddings of user_embeddings.weight, item_embeddings.weight from /home/juarez/git/results/JIIS-revised-exp1/ml-sun_ho_sKG_ig-sv-complex-25/ml1m-bprmf-pretrained.ckpt.
2021-03-03 17:52:45,342 - root - INFO - Training.
2021-03-03 17:52:45,342 - root - INFO - train loss:0.0000!
2021-03-03 17:52:46,624 - root - INFO - f1:0.0716, p:0.0971, r:0.0753, hit:0.4528, ndcg:0.2657, topn:10.
2021-03-03 17:52:47,878 - root - INFO - f1:0.0771, p:0.1589, r:0.0623, hit:0.5705, ndcg:0.3608, topn:10.
2021-03-03 17:53:10,620 - root - INFO - train loss:77.9670!
2021-03-03 17:53:11,874 - root - INFO - f1:0.1435, p:0.1671, r:0.1770, hit:0.7105, ndcg:0.4459, topn:10.
2021-03-03 17:53:13,139 - root - INFO - f1:0.1683, p:0.2727, r:0.1604, hit:0.8462, ndcg:0.5687, topn:10.
2021-03-03 17:53:13,144 - root - INFO - Checkpointing ...
2021-03-03 17:53:34,054 - root - INFO - train loss:0.1741!
2021-03-03 17:53:35,295 - root - INFO - f1:0.1466, p:0.1700, r:0.1807, hit:0.7169, ndcg:0.4564, topn:10.
2021-03-03 17:53:36,551 - root - INFO - f1:0.1737, p:0.2815, r:0.1650, hit:0.8600, ndcg:0.5839, topn:10.
2021-03-03 17:53:36,554 - root - INFO - Checkpointing ...
2021-03-03 17:53:56,915 - root - INFO - train loss:0.1630!
2021-03-03 17:53:58,188 - root - INFO - f1:0.1517, p:0.1767, r:0.1857, hit:0.7200, ndcg:0.4626, topn:10.
2021-03-03 17:53:59,420 - root - INFO - f1:0.1804, p:0.2915, r:0.1718, hit:0.8653, ndcg:0.5952, topn:10.
2021-03-03 17:53:59,424 - root - INFO - Checkpointing ...
2021-03-03 17:54:20,760 - root - INFO - train loss:0.1562!
2021-03-03 17:54:21,987 - root - INFO - f1:0.1553, p:0.1804, r:0.1914, hit:0.7338, ndcg:0.4762, topn:10.
2021-03-03 17:54:23,204 - root - INFO - f1:0.1840, p:0.2963, r:0.1757, hit:0.8727, ndcg:0.6071, topn:10.
2021-03-03 17:54:23,208 - root - INFO - Checkpointing ...
2021-03-03 17:54:46,699 - root - INFO - train loss:0.1517!
2021-03-03 17:54:47,931 - root - INFO - f1:0.1579, p:0.1836, r:0.1936, hit:0.7402, ndcg:0.4798, topn:10.
2021-03-03 17:54:49,249 - root - INFO - f1:0.1882, p:0.3025, r:0.1797, hit:0.8727, ndcg:0.6108, topn:10.
2021-03-03 17:54:49,254 - root - INFO - Checkpointing ...
2021-03-03 17:55:12,287 - root - INFO - train loss:0.1478!
2021-03-03 17:55:13,548 - root - INFO - f1:0.1601, p:0.1859, r:0.1975, hit:0.7444, ndcg:0.4856, topn:10.
2021-03-03 17:55:14,701 - root - INFO - f1:0.1913, p:0.3074, r:0.1828, hit:0.8706, ndcg:0.6119, topn:10.
2021-03-03 17:55:14,704 - root - INFO - Checkpointing ...
2021-03-03 17:55:37,527 - root - INFO - train loss:0.1442!
2021-03-03 17:55:39,015 - root - INFO - f1:0.1613, p:0.1872, r:0.1981, hit:0.7508, ndcg:0.4916, topn:10.
2021-03-03 17:55:40,204 - root - INFO - f1:0.1933, p:0.3100, r:0.1843, hit:0.8727, ndcg:0.6135, topn:10.
2021-03-03 17:55:40,207 - root - INFO - Checkpointing ...
2021-03-03 17:56:01,414 - root - INFO - train loss:0.1419!
2021-03-03 17:56:02,710 - root - INFO - f1:0.1634, p:0.1896, r:0.2011, hit:0.7519, ndcg:0.4958, topn:10.
2021-03-03 17:56:03,968 - root - INFO - f1:0.1955, p:0.3127, r:0.1867, hit:0.8749, ndcg:0.6156, topn:10.
2021-03-03 17:56:03,971 - root - INFO - Checkpointing ...
2021-03-03 17:56:25,955 - root - INFO - train loss:0.1394!
2021-03-03 17:56:27,275 - root - INFO - f1:0.1651, p:0.1914, r:0.2038, hit:0.7519, ndcg:0.4986, topn:10.
2021-03-03 17:56:28,566 - root - INFO - f1:0.1980, p:0.3166, r:0.1902, hit:0.8802, ndcg:0.6216, topn:10.
2021-03-03 17:56:28,571 - root - INFO - Checkpointing ...
2021-03-03 17:56:50,949 - root - INFO - train loss:0.1376!
2021-03-03 17:56:52,189 - root - INFO - f1:0.1666, p:0.1934, r:0.2050, hit:0.7550, ndcg:0.5006, topn:10.
2021-03-03 17:56:53,482 - root - INFO - f1:0.2001, p:0.3200, r:0.1917, hit:0.8834, ndcg:0.6261, topn:10.
2021-03-03 17:56:53,486 - root - INFO - Checkpointing ...
2021-03-03 17:57:15,460 - root - INFO - train loss:0.1361!
2021-03-03 17:57:16,703 - root - INFO - f1:0.1690, p:0.1963, r:0.2076, hit:0.7582, ndcg:0.5050, topn:10.
2021-03-03 17:57:18,009 - root - INFO - f1:0.2017, p:0.3226, r:0.1936, hit:0.8887, ndcg:0.6316, topn:10.
2021-03-03 17:57:18,012 - root - INFO - Checkpointing ...
2021-03-03 17:57:39,186 - root - INFO - train loss:0.1340!
2021-03-03 17:57:40,344 - root - INFO - f1:0.1686, p:0.1961, r:0.2072, hit:0.7625, ndcg:0.5093, topn:10.
2021-03-03 17:57:41,554 - root - INFO - f1:0.2037, p:0.3252, r:0.1955, hit:0.8865, ndcg:0.6329, topn:10.
2021-03-03 17:57:41,559 - root - INFO - No improvement after one epoch. Lowering learning rate.
2021-03-03 17:58:02,423 - root - INFO - train loss:0.1360!
2021-03-03 17:58:03,675 - root - INFO - f1:0.1809, p:0.2085, r:0.2270, hit:0.7805, ndcg:0.5320, topn:10.
2021-03-03 17:58:04,990 - root - INFO - f1:0.2152, p:0.3399, r:0.2079, hit:0.9046, ndcg:0.6549, topn:10.
2021-03-03 17:58:04,994 - root - INFO - Checkpointing ...
2021-03-03 17:58:27,245 - root - INFO - train loss:0.1276!
2021-03-03 17:58:28,521 - root - INFO - f1:0.1839, p:0.2113, r:0.2313, hit:0.7858, ndcg:0.5398, topn:10.
2021-03-03 17:58:29,803 - root - INFO - f1:0.2191, p:0.3456, r:0.2120, hit:0.9109, ndcg:0.6613, topn:10.
2021-03-03 17:58:29,810 - root - INFO - Checkpointing ...
2021-03-03 17:58:48,775 - root - INFO - train loss:0.1242!
2021-03-03 17:58:49,918 - root - INFO - f1:0.1871, p:0.2154, r:0.2346, hit:0.7922, ndcg:0.5444, topn:10.
2021-03-03 17:58:51,188 - root - INFO - f1:0.2196, p:0.3469, r:0.2125, hit:0.9120, ndcg:0.6660, topn:10.
2021-03-03 17:58:51,192 - root - INFO - Checkpointing ...
2021-03-03 17:59:12,345 - root - INFO - train loss:0.1229!
2021-03-03 17:59:13,598 - root - INFO - f1:0.1878, p:0.2162, r:0.2354, hit:0.7943, ndcg:0.5484, topn:10.
2021-03-03 17:59:14,922 - root - INFO - f1:0.2221, p:0.3505, r:0.2146, hit:0.9099, ndcg:0.6692, topn:10.
2021-03-03 17:59:14,927 - root - INFO - Checkpointing ...
2021-03-03 17:59:36,964 - root - INFO - train loss:0.1216!
2021-03-03 17:59:38,180 - root - INFO - f1:0.1889, p:0.2175, r:0.2372, hit:0.7953, ndcg:0.5519, topn:10.
2021-03-03 17:59:39,473 - root - INFO - f1:0.2234, p:0.3527, r:0.2155, hit:0.9109, ndcg:0.6741, topn:10.
2021-03-03 17:59:39,478 - root - INFO - Checkpointing ...
2021-03-03 18:00:00,021 - root - INFO - train loss:0.1196!
2021-03-03 18:00:01,361 - root - INFO - f1:0.1899, p:0.2183, r:0.2381, hit:0.7996, ndcg:0.5525, topn:10.
2021-03-03 18:00:02,617 - root - INFO - f1:0.2267, p:0.3568, r:0.2191, hit:0.9152, ndcg:0.6767, topn:10.
2021-03-03 18:00:02,622 - root - INFO - Checkpointing ...
2021-03-03 18:00:24,081 - root - INFO - train loss:0.1190!
2021-03-03 18:00:25,347 - root - INFO - f1:0.1913, p:0.2200, r:0.2395, hit:0.7975, ndcg:0.5527, topn:10.
2021-03-03 18:00:26,642 - root - INFO - f1:0.2270, p:0.3578, r:0.2192, hit:0.9109, ndcg:0.6767, topn:10.
2021-03-03 18:00:26,645 - root - INFO - Checkpointing ...
2021-03-03 18:00:49,868 - root - INFO - train loss:0.1179!
2021-03-03 18:00:51,284 - root - INFO - f1:0.1916, p:0.2201, r:0.2401, hit:0.7985, ndcg:0.5544, topn:10.
2021-03-03 18:00:52,588 - root - INFO - f1:0.2285, p:0.3597, r:0.2210, hit:0.9152, ndcg:0.6822, topn:10.
2021-03-03 18:00:52,592 - root - INFO - Checkpointing ...
2021-03-03 18:01:13,392 - root - INFO - train loss:0.1168!
2021-03-03 18:01:14,634 - root - INFO - f1:0.1934, p:0.2220, r:0.2431, hit:0.7996, ndcg:0.5544, topn:10.
2021-03-03 18:01:15,937 - root - INFO - f1:0.2298, p:0.3615, r:0.2222, hit:0.9152, ndcg:0.6833, topn:10.
2021-03-03 18:01:15,941 - root - INFO - Checkpointing ...
2021-03-03 18:01:36,483 - root - INFO - train loss:0.1157!
2021-03-03 18:01:37,724 - root - INFO - f1:0.1948, p:0.2231, r:0.2448, hit:0.8017, ndcg:0.5569, topn:10.
2021-03-03 18:01:38,942 - root - INFO - f1:0.2299, p:0.3621, r:0.2223, hit:0.9152, ndcg:0.6852, topn:10.
2021-03-03 18:01:38,946 - root - INFO - Checkpointing ...
2021-03-03 18:02:00,842 - root - INFO - train loss:0.1149!
2021-03-03 18:02:02,155 - root - INFO - f1:0.1947, p:0.2233, r:0.2444, hit:0.8006, ndcg:0.5610, topn:10.
2021-03-03 18:02:03,307 - root - INFO - f1:0.2303, p:0.3628, r:0.2225, hit:0.9162, ndcg:0.6863, topn:10.
2021-03-03 18:02:03,310 - root - INFO - No improvement after one epoch. Lowering learning rate.
2021-03-03 18:02:24,523 - root - INFO - train loss:0.1164!
2021-03-03 18:02:25,787 - root - INFO - f1:0.1954, p:0.2239, r:0.2469, hit:0.8049, ndcg:0.5620, topn:10.
2021-03-03 18:02:27,029 - root - INFO - f1:0.2309, p:0.3642, r:0.2210, hit:0.9141, ndcg:0.6865, topn:10.
2021-03-03 18:02:27,032 - root - INFO - Checkpointing ...
2021-03-03 18:02:48,031 - root - INFO - train loss:0.1139!
2021-03-03 18:02:49,266 - root - INFO - f1:0.1967, p:0.2257, r:0.2481, hit:0.8049, ndcg:0.5650, topn:10.
2021-03-03 18:02:50,548 - root - INFO - f1:0.2323, p:0.3670, r:0.2221, hit:0.9141, ndcg:0.6904, topn:10.
2021-03-03 18:02:50,553 - root - INFO - Checkpointing ...
2021-03-03 18:03:12,303 - root - INFO - train loss:0.1129!
2021-03-03 18:03:13,530 - root - INFO - f1:0.1972, p:0.2268, r:0.2484, hit:0.8070, ndcg:0.5670, topn:10.
2021-03-03 18:03:14,791 - root - INFO - f1:0.2328, p:0.3683, r:0.2224, hit:0.9130, ndcg:0.6917, topn:10.
2021-03-03 18:03:14,795 - root - INFO - Checkpointing ...
2021-03-03 18:03:36,111 - root - INFO - train loss:0.1114!
2021-03-03 18:03:37,404 - root - INFO - f1:0.1991, p:0.2281, r:0.2516, hit:0.8091, ndcg:0.5669, topn:10.
2021-03-03 18:03:38,658 - root - INFO - f1:0.2343, p:0.3698, r:0.2243, hit:0.9162, ndcg:0.6936, topn:10.
2021-03-03 18:03:38,662 - root - INFO - Checkpointing ...
2021-03-03 18:04:01,338 - root - INFO - train loss:0.1112!
2021-03-03 18:04:02,637 - root - INFO - f1:0.1992, p:0.2283, r:0.2513, hit:0.8081, ndcg:0.5682, topn:10.
2021-03-03 18:04:03,947 - root - INFO - f1:0.2343, p:0.3696, r:0.2242, hit:0.9162, ndcg:0.6950, topn:10.
2021-03-03 18:04:03,951 - root - INFO - Checkpointing ...
2021-03-03 18:04:25,077 - root - INFO - train loss:0.1106!
2021-03-03 18:04:26,428 - root - INFO - f1:0.1999, p:0.2292, r:0.2523, hit:0.8112, ndcg:0.5680, topn:10.
2021-03-03 18:04:27,675 - root - INFO - f1:0.2348, p:0.3702, r:0.2250, hit:0.9162, ndcg:0.6979, topn:10.
2021-03-03 18:04:27,680 - root - INFO - Checkpointing ...
2021-03-03 18:04:49,386 - root - INFO - train loss:0.1094!
2021-03-03 18:04:50,615 - root - INFO - f1:0.2000, p:0.2291, r:0.2529, hit:0.8134, ndcg:0.5728, topn:10.
2021-03-03 18:04:51,879 - root - INFO - f1:0.2357, p:0.3717, r:0.2259, hit:0.9183, ndcg:0.6985, topn:10.
2021-03-03 18:04:51,884 - root - INFO - Checkpointing ...
2021-03-03 18:05:14,277 - root - INFO - train loss:0.1094!
2021-03-03 18:05:15,484 - root - INFO - f1:0.2008, p:0.2302, r:0.2532, hit:0.8134, ndcg:0.5725, topn:10.
2021-03-03 18:05:16,779 - root - INFO - f1:0.2362, p:0.3724, r:0.2265, hit:0.9205, ndcg:0.6993, topn:10.
2021-03-03 18:05:16,782 - root - INFO - Checkpointing ...
2021-03-03 18:05:37,560 - root - INFO - train loss:0.1094!
2021-03-03 18:05:38,795 - root - INFO - f1:0.2007, p:0.2302, r:0.2528, hit:0.8112, ndcg:0.5725, topn:10.
2021-03-03 18:05:39,999 - root - INFO - f1:0.2365, p:0.3732, r:0.2267, hit:0.9194, ndcg:0.6997, topn:10.
2021-03-03 18:05:40,003 - root - INFO - No improvement after one epoch. Lowering learning rate.
2021-03-03 18:06:01,363 - root - INFO - train loss:0.1103!
2021-03-03 18:06:02,592 - root - INFO - f1:0.2017, p:0.2311, r:0.2549, hit:0.8102, ndcg:0.5730, topn:10.
2021-03-03 18:06:04,098 - root - INFO - f1:0.2373, p:0.3745, r:0.2267, hit:0.9162, ndcg:0.6985, topn:10.
2021-03-03 18:06:04,102 - root - INFO - Checkpointing ...
2021-03-03 18:06:25,850 - root - INFO - train loss:0.1088!
2021-03-03 18:06:27,115 - root - INFO - f1:0.2012, p:0.2311, r:0.2538, hit:0.8091, ndcg:0.5741, topn:10.
2021-03-03 18:06:28,284 - root - INFO - f1:0.2377, p:0.3752, r:0.2273, hit:0.9173, ndcg:0.7002, topn:10.
2021-03-03 18:06:28,288 - root - INFO - No improvement after one epoch. Lowering learning rate.
2021-03-03 18:06:49,543 - root - INFO - train loss:0.1089!
2021-03-03 18:06:50,819 - root - INFO - f1:0.2023, p:0.2318, r:0.2554, hit:0.8091, ndcg:0.5747, topn:10.
2021-03-03 18:06:52,055 - root - INFO - f1:0.2364, p:0.3741, r:0.2255, hit:0.9183, ndcg:0.7043, topn:10.
2021-03-03 18:06:52,059 - root - INFO - Checkpointing ...
2021-03-03 18:07:13,114 - root - INFO - train loss:0.1080!
2021-03-03 18:07:14,353 - root - INFO - f1:0.2029, p:0.2327, r:0.2561, hit:0.8112, ndcg:0.5756, topn:10.
2021-03-03 18:07:15,562 - root - INFO - f1:0.2373, p:0.3753, r:0.2265, hit:0.9194, ndcg:0.7048, topn:10.
2021-03-03 18:07:15,567 - root - INFO - Checkpointing ...
2021-03-03 18:07:36,571 - root - INFO - train loss:0.1078!
2021-03-03 18:07:37,806 - root - INFO - f1:0.2030, p:0.2328, r:0.2560, hit:0.8123, ndcg:0.5761, topn:10.
2021-03-03 18:07:39,048 - root - INFO - f1:0.2378, p:0.3758, r:0.2270, hit:0.9194, ndcg:0.7054, topn:10.
2021-03-03 18:07:39,052 - root - INFO - Checkpointing ...
2021-03-03 18:07:59,985 - root - INFO - train loss:0.1077!
2021-03-03 18:08:01,244 - root - INFO - f1:0.2029, p:0.2327, r:0.2559, hit:0.8123, ndcg:0.5770, topn:10.
2021-03-03 18:08:02,486 - root - INFO - f1:0.2382, p:0.3762, r:0.2276, hit:0.9194, ndcg:0.7064, topn:10.
2021-03-03 18:08:02,490 - root - INFO - No improvement after one epoch. Lowering learning rate.
2021-03-03 18:08:22,127 - root - INFO - train loss:0.1080!
2021-03-03 18:08:23,392 - root - INFO - f1:0.2030, p:0.2328, r:0.2561, hit:0.8134, ndcg:0.5775, topn:10.
2021-03-03 18:08:24,641 - root - INFO - f1:0.2377, p:0.3757, r:0.2268, hit:0.9194, ndcg:0.7064, topn:10.
2021-03-03 18:08:24,645 - root - INFO - Checkpointing ...
2021-03-03 18:08:43,578 - root - INFO - train loss:0.1077!
2021-03-03 18:08:44,919 - root - INFO - f1:0.2033, p:0.2330, r:0.2564, hit:0.8144, ndcg:0.5780, topn:10.
2021-03-03 18:08:46,262 - root - INFO - f1:0.2378, p:0.3760, r:0.2270, hit:0.9194, ndcg:0.7066, topn:10.
2021-03-03 18:08:46,267 - root - INFO - Checkpointing ...
2021-03-03 18:09:07,824 - root - INFO - train loss:0.1071!
2021-03-03 18:09:09,068 - root - INFO - f1:0.2029, p:0.2327, r:0.2562, hit:0.8144, ndcg:0.5783, topn:10.
2021-03-03 18:09:10,342 - root - INFO - f1:0.2377, p:0.3758, r:0.2269, hit:0.9194, ndcg:0.7064, topn:10.
2021-03-03 18:09:10,345 - root - INFO - No improvement after one epoch. Lowering learning rate.
2021-03-03 18:09:31,546 - root - INFO - train loss:0.1073!
2021-03-03 18:09:32,853 - root - INFO - f1:0.2026, p:0.2323, r:0.2558, hit:0.8134, ndcg:0.5776, topn:10.
2021-03-03 18:09:34,114 - root - INFO - f1:0.2380, p:0.3760, r:0.2272, hit:0.9194, ndcg:0.7070, topn:10.
2021-03-03 18:09:34,119 - root - INFO - No improvement after one epoch. Lowering learning rate.
2021-03-03 18:09:55,755 - root - INFO - train loss:0.1074!
2021-03-03 18:09:57,081 - root - INFO - f1:0.2026, p:0.2323, r:0.2555, hit:0.8123, ndcg:0.5778, topn:10.
2021-03-03 18:09:58,298 - root - INFO - f1:0.2378, p:0.3758, r:0.2269, hit:0.9194, ndcg:0.7070, topn:10.
2021-03-03 18:09:58,302 - root - INFO - No improvement after one epoch. Lowering learning rate.
2021-03-03 18:10:19,306 - root - INFO - train loss:0.1072!
2021-03-03 18:10:20,605 - root - INFO - f1:0.2025, p:0.2323, r:0.2554, hit:0.8123, ndcg:0.5782, topn:10.
2021-03-03 18:10:21,895 - root - INFO - f1:0.2378, p:0.3758, r:0.2270, hit:0.9194, ndcg:0.7069, topn:10.
2021-03-03 18:10:21,899 - root - INFO - No improvement after one epoch. Lowering learning rate.
2021-03-03 18:10:43,700 - root - INFO - train loss:0.1069!
2021-03-03 18:10:45,003 - root - INFO - f1:0.2027, p:0.2324, r:0.2557, hit:0.8123, ndcg:0.5782, topn:10.
2021-03-03 18:10:46,348 - root - INFO - f1:0.2377, p:0.3757, r:0.2268, hit:0.9194, ndcg:0.7069, topn:10.
2021-03-03 18:10:46,354 - root - INFO - No improvement after one epoch. Lowering learning rate.
2021-03-03 18:10:46,410 - root - INFO - No improvement after 13317 steps. Stopping training.
2021-03-03 18:10:47,999 - root - INFO - From CaseRecommender evaluator: {'PREC@10': 0.232556, 'RECALL@10': 0.255757, 'NDCG@10': 0.57812, 'MAP@10': 0.466878, 'MAP': 0.466878}.
2021-03-03 18:10:48,202 - root - INFO - From kg-summ-rec diversity evaluator: {'GENRE_COVERAGE@10': 0.471368, 'GENRE_REDUNDANCY@10': 0.430109, 'ILD_GENRE@10': 0.81022}.
2021-03-03 18:10:49,898 - root - INFO - From CaseRecommender evaluator: {'PREC@10': 0.37561, 'RECALL@10': 0.226642, 'NDCG@10': 0.707002, 'MAP@10': 0.602699, 'MAP': 0.602699}.
2021-03-03 18:10:50,100 - root - INFO - From kg-summ-rec diversity evaluator: {'GENRE_COVERAGE@10': 0.46854, 'GENRE_REDUNDANCY@10': 0.424723, 'ILD_GENRE@10': 0.807823}.
