2021-03-03 22:24:15,763 - root - INFO - Flag Values:
{
    "L1_flag": true,
    "batch_size": 256,
    "ckpt_path": "/home/juarez/git/results/JIIS-revised-exp1/ml-sun_ho_sKG_ig-sv-complex-25/",
    "clipping_max_value": 5.0,
    "data_path": "/home/juarez/git/datasets/JIIS-revised-exp1/ml-sun_ho_sKG_ig-sv-complex-25/cao-format/",
    "dataset": "ml1m",
    "early_stopping_steps_to_wait": 51960,
    "embedding_size": 100,
    "eval_interval_steps": 10392,
    "eval_only_mode": false,
    "experiment_name": "ml1m-jtransup-1614821055",
    "filter_wrong_corrupted": true,
    "has_visualization": false,
    "is_report": false,
    "joint_ratio": 0.5,
    "kg_lambda": 1.0,
    "kg_test_files": "valid.dat:test.dat",
    "l2_lambda": 0.0,
    "learning_rate": 0.005,
    "learning_rate_decay_when_no_progress": 0.5,
    "load_ckpt_file": "/home/juarez/git/results/JIIS-revised-exp1/ml-sun_ho_sKG_ig-sv-complex-25/ml1m-transup-pretrained.ckpt:/home/juarez/git/results/JIIS-revised-exp1/ml-sun_ho_sKG_ig-sv-complex-25/ml1m-transh-pretrained.ckpt",
    "load_experiment_name": null,
    "log_level": "debug",
    "log_path": "/home/juarez/git/results/JIIS-revised-exp1/ml-sun_ho_sKG_ig-sv-complex-25/",
    "margin": 1.0,
    "max_queue": 10,
    "model_type": "jtransup",
    "momentum": 0.9,
    "negtive_samples": 1,
    "norm_lambda": 1.0,
    "num_preferences": 4,
    "num_processes": 4,
    "optimizer_type": "Adam",
    "rec_test_files": "valid.dat:test.dat",
    "seed": 0,
    "share_embeddings": false,
    "topn": 10,
    "training_steps": 1039200,
    "use_st_gumbel": false,
    "visualization_port": 8097
}
2021-03-03 22:24:16,005 - root - INFO - Totally 69982 train ratings, 9998,19995 eval ratings in files: /home/juarez/git/datasets/JIIS-revised-exp1/ml-sun_ho_sKG_ig-sv-complex-25/cao-format/ml1m/valid.dat;/home/juarez/git/datasets/JIIS-revised-exp1/ml-sun_ho_sKG_ig-sv-complex-25/cao-format/ml1m/test.dat!
2021-03-03 22:24:16,008 - root - INFO - successfully load 943 users and 1675 items!
2021-03-03 22:24:16,118 - root - INFO - Totally 6611 train triples, 885,1769 eval triples in files: /home/juarez/git/datasets/JIIS-revised-exp1/ml-sun_ho_sKG_ig-sv-complex-25/cao-format/ml1m/kg/valid.dat;/home/juarez/git/datasets/JIIS-revised-exp1/ml-sun_ho_sKG_ig-sv-complex-25/cao-format/ml1m/kg/test.dat!
2021-03-03 22:24:16,121 - root - INFO - successfully load 2833 entities and 3 relations!
2021-03-03 22:24:16,136 - root - INFO - Find 1667 aligned items and entities!
2021-03-03 22:24:16,136 - root - INFO - Building model.
2021-03-03 22:24:17,423 - root - INFO - Architecture: jTransUPModel(
  (user_embeddings): Embedding(943, 100)
  (item_embeddings): Embedding(1675, 100)
  (pref_embeddings): Embedding(3, 100)
  (pref_norm_embeddings): Embedding(3, 100)
  (ent_embeddings): Embedding(2834, 100, padding_idx=2833)
  (rel_embeddings): Embedding(3, 100)
  (norm_embeddings): Embedding(3, 100)
)
2021-03-03 22:24:17,424 - root - INFO - Total params: 546400.0
2021-03-03 22:24:17,424 - root - INFO - One epoch is 547 steps.
2021-03-03 22:24:17,424 - root - INFO - Found checkpoint, restoring pre-trained embeddings.
2021-03-03 22:24:17,427 - root - INFO - Load Embeddings of user_embeddings.weight, item_embeddings.weight, pref_embeddings.weight, pref_norm_embeddings.weight from /home/juarez/git/results/JIIS-revised-exp1/ml-sun_ho_sKG_ig-sv-complex-25/ml1m-transup-pretrained.ckpt.
2021-03-03 22:24:17,427 - root - INFO - Found checkpoint, restoring pre-trained embeddings.
2021-03-03 22:24:17,430 - root - INFO - Restored 2833 entities from checkpoint.
2021-03-03 22:24:17,431 - root - INFO - Load Embeddings of ent_embeddings.weight, rel_embeddings.weight, norm_embeddings.weight from /home/juarez/git/results/JIIS-revised-exp1/ml-sun_ho_sKG_ig-sv-complex-25/ml1m-transh-pretrained.ckpt.
2021-03-03 22:24:17,431 - root - INFO - Training.
2021-03-03 22:24:17,431 - root - INFO - rec train loss:0.0000, kg train loss:0.0000!
2021-03-03 22:24:18,786 - root - INFO - f1:0.1068, p:0.1284, r:0.1256, hit:0.6076, ndcg:0.3345, topn:10.
2021-03-03 22:24:20,016 - root - INFO - f1:0.1319, p:0.2194, r:0.1243, hit:0.7911, ndcg:0.4749, topn:10.
2021-03-03 22:24:21,684 - root - INFO - head hit:0.1819, head mean rank:582.5446, topn:10.
2021-03-03 22:24:21,685 - root - INFO - tail hit:0.4542, tail mean rank:189.6407, topn:10.
2021-03-03 22:24:21,685 - root - INFO - avg hit:0.3181, avg mean rank:386.0927, topn:10.
2021-03-03 22:24:24,393 - root - INFO - head hit:0.2001, head mean rank:560.1425, topn:10.
2021-03-03 22:24:24,393 - root - INFO - tail hit:0.4438, tail mean rank:192.9836, topn:10.
2021-03-03 22:24:24,394 - root - INFO - avg hit:0.3219, avg mean rank:376.5630, topn:10.
2021-03-03 22:26:18,388 - root - INFO - rec train loss:4.8510, kg train loss:20.3868!
2021-03-03 22:26:19,676 - root - INFO - f1:0.1669, p:0.1947, r:0.2080, hit:0.7625, ndcg:0.5087, topn:10.
2021-03-03 22:26:20,993 - root - INFO - f1:0.1846, p:0.3032, r:0.1746, hit:0.8643, ndcg:0.6209, topn:10.
2021-03-03 22:26:22,600 - root - INFO - head hit:0.0644, head mean rank:659.4486, topn:10.
2021-03-03 22:26:22,601 - root - INFO - tail hit:0.1977, tail mean rank:356.8124, topn:10.
2021-03-03 22:26:22,601 - root - INFO - avg hit:0.1311, avg mean rank:508.1305, topn:10.
2021-03-03 22:26:25,350 - root - INFO - head hit:0.0503, head mean rank:654.3352, topn:10.
2021-03-03 22:26:25,351 - root - INFO - tail hit:0.1798, tail mean rank:353.4070, topn:10.
2021-03-03 22:26:25,351 - root - INFO - avg hit:0.1150, avg mean rank:503.8711, topn:10.
2021-03-03 22:26:25,353 - root - INFO - Checkpointing ...
2021-03-03 22:28:17,019 - root - INFO - rec train loss:4.7510, kg train loss:19.8387!
2021-03-03 22:28:18,368 - root - INFO - f1:0.1792, p:0.2137, r:0.2177, hit:0.7709, ndcg:0.5392, topn:10.
2021-03-03 22:28:19,658 - root - INFO - f1:0.2042, p:0.3375, r:0.1914, hit:0.8844, ndcg:0.6564, topn:10.
2021-03-03 22:28:21,369 - root - INFO - head hit:0.0508, head mean rank:683.0068, topn:10.
2021-03-03 22:28:21,370 - root - INFO - tail hit:0.1729, tail mean rank:390.9288, topn:10.
2021-03-03 22:28:21,370 - root - INFO - avg hit:0.1119, avg mean rank:536.9678, topn:10.
2021-03-03 22:28:24,044 - root - INFO - head hit:0.0447, head mean rank:673.1690, topn:10.
2021-03-03 22:28:24,045 - root - INFO - tail hit:0.1707, tail mean rank:396.9599, topn:10.
2021-03-03 22:28:24,045 - root - INFO - avg hit:0.1077, avg mean rank:535.0644, topn:10.
2021-03-03 22:28:24,046 - root - INFO - Checkpointing ...
2021-03-03 22:30:13,111 - root - INFO - rec train loss:4.7286, kg train loss:19.9183!
2021-03-03 22:30:14,550 - root - INFO - f1:0.1985, p:0.2391, r:0.2337, hit:0.7900, ndcg:0.5639, topn:10.
2021-03-03 22:30:15,856 - root - INFO - f1:0.2232, p:0.3672, r:0.2087, hit:0.9099, ndcg:0.6850, topn:10.
2021-03-03 22:30:17,493 - root - INFO - head hit:0.0395, head mean rank:675.5006, topn:10.
2021-03-03 22:30:17,494 - root - INFO - tail hit:0.2271, tail mean rank:393.9514, topn:10.
2021-03-03 22:30:17,494 - root - INFO - avg hit:0.1333, avg mean rank:534.7260, topn:10.
2021-03-03 22:30:20,152 - root - INFO - head hit:0.0497, head mean rank:677.4850, topn:10.
2021-03-03 22:30:20,153 - root - INFO - tail hit:0.2272, tail mean rank:369.7123, topn:10.
2021-03-03 22:30:20,153 - root - INFO - avg hit:0.1385, avg mean rank:523.5986, topn:10.
2021-03-03 22:30:20,155 - root - INFO - Checkpointing ...
2021-03-03 22:32:10,239 - root - INFO - rec train loss:4.7223, kg train loss:19.8573!
2021-03-03 22:32:11,495 - root - INFO - f1:0.2065, p:0.2489, r:0.2458, hit:0.7996, ndcg:0.5885, topn:10.
2021-03-03 22:32:12,759 - root - INFO - f1:0.2324, p:0.3850, r:0.2154, hit:0.9014, ndcg:0.6915, topn:10.
2021-03-03 22:32:14,361 - root - INFO - head hit:0.0565, head mean rank:657.8972, topn:10.
2021-03-03 22:32:14,361 - root - INFO - tail hit:0.1887, tail mean rank:356.9062, topn:10.
2021-03-03 22:32:14,362 - root - INFO - avg hit:0.1226, avg mean rank:507.4017, topn:10.
2021-03-03 22:32:17,079 - root - INFO - head hit:0.0475, head mean rank:676.7100, topn:10.
2021-03-03 22:32:17,079 - root - INFO - tail hit:0.1815, tail mean rank:374.8395, topn:10.
2021-03-03 22:32:17,079 - root - INFO - avg hit:0.1145, avg mean rank:525.7747, topn:10.
2021-03-03 22:32:17,080 - root - INFO - Checkpointing ...
2021-03-03 22:34:09,139 - root - INFO - rec train loss:4.7304, kg train loss:19.8693!
2021-03-03 22:34:10,472 - root - INFO - f1:0.2176, p:0.2616, r:0.2580, hit:0.8081, ndcg:0.6019, topn:10.
2021-03-03 22:34:11,703 - root - INFO - f1:0.2420, p:0.3996, r:0.2239, hit:0.9120, ndcg:0.7038, topn:10.
2021-03-03 22:34:13,362 - root - INFO - head hit:0.0475, head mean rank:701.1288, topn:10.
2021-03-03 22:34:13,362 - root - INFO - tail hit:0.2203, tail mean rank:380.8621, topn:10.
2021-03-03 22:34:13,363 - root - INFO - avg hit:0.1339, avg mean rank:540.9955, topn:10.
2021-03-03 22:34:16,025 - root - INFO - head hit:0.0322, head mean rank:691.4409, topn:10.
2021-03-03 22:34:16,026 - root - INFO - tail hit:0.1803, tail mean rank:371.9203, topn:10.
2021-03-03 22:34:16,026 - root - INFO - avg hit:0.1063, avg mean rank:531.6806, topn:10.
2021-03-03 22:34:16,028 - root - INFO - Checkpointing ...
2021-03-03 22:36:05,360 - root - INFO - rec train loss:4.7616, kg train loss:19.8682!
2021-03-03 22:36:06,634 - root - INFO - f1:0.2214, p:0.2670, r:0.2602, hit:0.8155, ndcg:0.6110, topn:10.
2021-03-03 22:36:07,933 - root - INFO - f1:0.2480, p:0.4106, r:0.2280, hit:0.9173, ndcg:0.7243, topn:10.
2021-03-03 22:36:09,584 - root - INFO - head hit:0.0475, head mean rank:716.9616, topn:10.
2021-03-03 22:36:09,584 - root - INFO - tail hit:0.2079, tail mean rank:392.5763, topn:10.
2021-03-03 22:36:09,584 - root - INFO - avg hit:0.1277, avg mean rank:554.7689, topn:10.
2021-03-03 22:36:12,366 - root - INFO - head hit:0.0452, head mean rank:660.2713, topn:10.
2021-03-03 22:36:12,366 - root - INFO - tail hit:0.2165, tail mean rank:370.7744, topn:10.
2021-03-03 22:36:12,367 - root - INFO - avg hit:0.1309, avg mean rank:515.5229, topn:10.
2021-03-03 22:36:12,368 - root - INFO - Checkpointing ...
2021-03-03 22:38:01,447 - root - INFO - rec train loss:4.6792, kg train loss:19.8712!
2021-03-03 22:38:02,722 - root - INFO - f1:0.2227, p:0.2691, r:0.2591, hit:0.7975, ndcg:0.6078, topn:10.
2021-03-03 22:38:03,950 - root - INFO - f1:0.2510, p:0.4142, r:0.2326, hit:0.9258, ndcg:0.7412, topn:10.
2021-03-03 22:38:05,625 - root - INFO - head hit:0.0497, head mean rank:691.6960, topn:10.
2021-03-03 22:38:05,626 - root - INFO - tail hit:0.1977, tail mean rank:364.7243, topn:10.
2021-03-03 22:38:05,626 - root - INFO - avg hit:0.1237, avg mean rank:528.2102, topn:10.
2021-03-03 22:38:08,387 - root - INFO - head hit:0.0305, head mean rank:634.9785, topn:10.
2021-03-03 22:38:08,387 - root - INFO - tail hit:0.2097, tail mean rank:359.4929, topn:10.
2021-03-03 22:38:08,387 - root - INFO - avg hit:0.1201, avg mean rank:497.2357, topn:10.
2021-03-03 22:38:08,390 - root - INFO - Checkpointing ...
2021-03-03 22:40:01,238 - root - INFO - rec train loss:4.7137, kg train loss:19.7835!
2021-03-03 22:40:02,471 - root - INFO - f1:0.2284, p:0.2757, r:0.2669, hit:0.8155, ndcg:0.6224, topn:10.
2021-03-03 22:40:03,753 - root - INFO - f1:0.2552, p:0.4206, r:0.2369, hit:0.9268, ndcg:0.7320, topn:10.
2021-03-03 22:40:05,305 - root - INFO - head hit:0.0384, head mean rank:665.4203, topn:10.
2021-03-03 22:40:05,305 - root - INFO - tail hit:0.1887, tail mean rank:363.9288, topn:10.
2021-03-03 22:40:05,306 - root - INFO - avg hit:0.1136, avg mean rank:514.6746, topn:10.
2021-03-03 22:40:07,932 - root - INFO - head hit:0.0396, head mean rank:669.1023, topn:10.
2021-03-03 22:40:07,932 - root - INFO - tail hit:0.1995, tail mean rank:377.1425, topn:10.
2021-03-03 22:40:07,932 - root - INFO - avg hit:0.1196, avg mean rank:523.1224, topn:10.
2021-03-03 22:40:07,934 - root - INFO - Checkpointing ...
2021-03-03 22:41:59,898 - root - INFO - rec train loss:4.7207, kg train loss:19.8801!
2021-03-03 22:42:01,224 - root - INFO - f1:0.2337, p:0.2809, r:0.2750, hit:0.8378, ndcg:0.6441, topn:10.
2021-03-03 22:42:02,448 - root - INFO - f1:0.2602, p:0.4303, r:0.2391, hit:0.9152, ndcg:0.7389, topn:10.
2021-03-03 22:42:04,067 - root - INFO - head hit:0.0452, head mean rank:684.3944, topn:10.
2021-03-03 22:42:04,067 - root - INFO - tail hit:0.2113, tail mean rank:374.7650, topn:10.
2021-03-03 22:42:04,067 - root - INFO - avg hit:0.1282, avg mean rank:529.5797, topn:10.
2021-03-03 22:42:06,781 - root - INFO - head hit:0.0526, head mean rank:666.4782, topn:10.
2021-03-03 22:42:06,781 - root - INFO - tail hit:0.2041, tail mean rank:399.6399, topn:10.
2021-03-03 22:42:06,781 - root - INFO - avg hit:0.1283, avg mean rank:533.0591, topn:10.
2021-03-03 22:42:06,783 - root - INFO - Checkpointing ...
2021-03-03 22:43:57,493 - root - INFO - rec train loss:4.6033, kg train loss:19.9940!
2021-03-03 22:43:58,840 - root - INFO - f1:0.2364, p:0.2842, r:0.2764, hit:0.8282, ndcg:0.6505, topn:10.
2021-03-03 22:44:00,152 - root - INFO - f1:0.2631, p:0.4337, r:0.2426, hit:0.9215, ndcg:0.7534, topn:10.
2021-03-03 22:44:01,853 - root - INFO - head hit:0.0576, head mean rank:680.4237, topn:10.
2021-03-03 22:44:01,853 - root - INFO - tail hit:0.2068, tail mean rank:361.5548, topn:10.
2021-03-03 22:44:01,853 - root - INFO - avg hit:0.1322, avg mean rank:520.9893, topn:10.
2021-03-03 22:44:04,568 - root - INFO - head hit:0.0611, head mean rank:669.5269, topn:10.
2021-03-03 22:44:04,568 - root - INFO - tail hit:0.2103, tail mean rank:363.0073, topn:10.
2021-03-03 22:44:04,569 - root - INFO - avg hit:0.1357, avg mean rank:516.2671, topn:10.
2021-03-03 22:44:04,570 - root - INFO - Checkpointing ...
2021-03-03 22:45:54,990 - root - INFO - rec train loss:4.7254, kg train loss:19.8096!
2021-03-03 22:45:56,292 - root - INFO - f1:0.2416, p:0.2912, r:0.2793, hit:0.8240, ndcg:0.6497, topn:10.
2021-03-03 22:45:57,546 - root - INFO - f1:0.2700, p:0.4422, r:0.2483, hit:0.9290, ndcg:0.7718, topn:10.
2021-03-03 22:45:59,169 - root - INFO - head hit:0.0497, head mean rank:659.8362, topn:10.
2021-03-03 22:45:59,169 - root - INFO - tail hit:0.2497, tail mean rank:347.7695, topn:10.
2021-03-03 22:45:59,169 - root - INFO - avg hit:0.1497, avg mean rank:503.8028, topn:10.
2021-03-03 22:46:01,817 - root - INFO - head hit:0.0424, head mean rank:678.7626, topn:10.
2021-03-03 22:46:01,817 - root - INFO - tail hit:0.2487, tail mean rank:338.4986, topn:10.
2021-03-03 22:46:01,817 - root - INFO - avg hit:0.1456, avg mean rank:508.6306, topn:10.
2021-03-03 22:46:01,819 - root - INFO - Checkpointing ...
2021-03-03 22:47:52,525 - root - INFO - rec train loss:4.6668, kg train loss:19.8653!
2021-03-03 22:47:53,745 - root - INFO - f1:0.2450, p:0.2931, r:0.2883, hit:0.8346, ndcg:0.6674, topn:10.
2021-03-03 22:47:55,094 - root - INFO - f1:0.2755, p:0.4473, r:0.2564, hit:0.9353, ndcg:0.7734, topn:10.
2021-03-03 22:47:56,771 - root - INFO - head hit:0.0429, head mean rank:675.4339, topn:10.
2021-03-03 22:47:56,771 - root - INFO - tail hit:0.2113, tail mean rank:356.3774, topn:10.
2021-03-03 22:47:56,771 - root - INFO - avg hit:0.1271, avg mean rank:515.9056, topn:10.
2021-03-03 22:47:59,508 - root - INFO - head hit:0.0401, head mean rank:692.4144, topn:10.
2021-03-03 22:47:59,508 - root - INFO - tail hit:0.2295, tail mean rank:374.2595, topn:10.
2021-03-03 22:47:59,508 - root - INFO - avg hit:0.1348, avg mean rank:533.3369, topn:10.
2021-03-03 22:47:59,510 - root - INFO - Checkpointing ...
2021-03-03 22:49:48,744 - root - INFO - rec train loss:4.6764, kg train loss:19.8957!
2021-03-03 22:49:50,102 - root - INFO - f1:0.2497, p:0.2989, r:0.2962, hit:0.8484, ndcg:0.6819, topn:10.
2021-03-03 22:49:51,424 - root - INFO - f1:0.2805, p:0.4573, r:0.2590, hit:0.9385, ndcg:0.7763, topn:10.
2021-03-03 22:49:53,060 - root - INFO - head hit:0.0531, head mean rank:708.2893, topn:10.
2021-03-03 22:49:53,061 - root - INFO - tail hit:0.1774, tail mean rank:388.5514, topn:10.
2021-03-03 22:49:53,061 - root - INFO - avg hit:0.1153, avg mean rank:548.4203, topn:10.
2021-03-03 22:49:55,759 - root - INFO - head hit:0.0441, head mean rank:700.5076, topn:10.
2021-03-03 22:49:55,760 - root - INFO - tail hit:0.1696, tail mean rank:369.8609, topn:10.
2021-03-03 22:49:55,760 - root - INFO - avg hit:0.1068, avg mean rank:535.1843, topn:10.
2021-03-03 22:49:55,762 - root - INFO - Checkpointing ...
2021-03-03 22:51:48,517 - root - INFO - rec train loss:4.7086, kg train loss:19.8693!
2021-03-03 22:51:49,804 - root - INFO - f1:0.2507, p:0.3016, r:0.2930, hit:0.8420, ndcg:0.6776, topn:10.
2021-03-03 22:51:51,103 - root - INFO - f1:0.2813, p:0.4590, r:0.2598, hit:0.9353, ndcg:0.7782, topn:10.
2021-03-03 22:51:52,786 - root - INFO - head hit:0.0599, head mean rank:706.5254, topn:10.
2021-03-03 22:51:52,787 - root - INFO - tail hit:0.2339, tail mean rank:379.5322, topn:10.
2021-03-03 22:51:52,787 - root - INFO - avg hit:0.1469, avg mean rank:543.0288, topn:10.
2021-03-03 22:51:55,513 - root - INFO - head hit:0.0441, head mean rank:674.6320, topn:10.
2021-03-03 22:51:55,513 - root - INFO - tail hit:0.2256, tail mean rank:371.8756, topn:10.
2021-03-03 22:51:55,513 - root - INFO - avg hit:0.1348, avg mean rank:523.2538, topn:10.
2021-03-03 22:51:55,515 - root - INFO - Checkpointing ...
2021-03-03 22:53:45,793 - root - INFO - rec train loss:4.6584, kg train loss:19.8051!
2021-03-03 22:53:47,041 - root - INFO - f1:0.2491, p:0.3008, r:0.2893, hit:0.8303, ndcg:0.6690, topn:10.
2021-03-03 22:53:48,274 - root - INFO - f1:0.2789, p:0.4558, r:0.2571, hit:0.9385, ndcg:0.7911, topn:10.
2021-03-03 22:53:49,990 - root - INFO - head hit:0.0576, head mean rank:707.6181, topn:10.
2021-03-03 22:53:49,991 - root - INFO - tail hit:0.2294, tail mean rank:368.5887, topn:10.
2021-03-03 22:53:49,991 - root - INFO - avg hit:0.1435, avg mean rank:538.1034, topn:10.
2021-03-03 22:53:52,692 - root - INFO - head hit:0.0503, head mean rank:701.6750, topn:10.
2021-03-03 22:53:52,692 - root - INFO - tail hit:0.2250, tail mean rank:382.5410, topn:10.
2021-03-03 22:53:52,692 - root - INFO - avg hit:0.1376, avg mean rank:542.1080, topn:10.
2021-03-03 22:53:52,694 - root - INFO - No improvement after one epoch. Lowering learning rate.
2021-03-03 22:55:42,307 - root - INFO - rec train loss:0.9988, kg train loss:4.3025!
2021-03-03 22:55:43,586 - root - INFO - f1:0.2718, p:0.3261, r:0.3133, hit:0.8441, ndcg:0.7000, topn:10.
2021-03-03 22:55:45,035 - root - INFO - f1:0.2986, p:0.4834, r:0.2764, hit:0.9417, ndcg:0.8097, topn:10.
2021-03-03 22:55:46,661 - root - INFO - head hit:0.0915, head mean rank:603.0768, topn:10.
2021-03-03 22:55:46,662 - root - INFO - tail hit:0.2542, tail mean rank:331.5785, topn:10.
2021-03-03 22:55:46,662 - root - INFO - avg hit:0.1729, avg mean rank:467.3277, topn:10.
2021-03-03 22:55:49,438 - root - INFO - head hit:0.0899, head mean rank:592.4477, topn:10.
2021-03-03 22:55:49,439 - root - INFO - tail hit:0.2408, tail mean rank:323.6857, topn:10.
2021-03-03 22:55:49,439 - root - INFO - avg hit:0.1653, avg mean rank:458.0667, topn:10.
2021-03-03 22:55:49,441 - root - INFO - Checkpointing ...
2021-03-03 22:57:39,582 - root - INFO - rec train loss:0.9593, kg train loss:4.1232!
2021-03-03 22:57:40,861 - root - INFO - f1:0.2766, p:0.3312, r:0.3215, hit:0.8568, ndcg:0.7138, topn:10.
2021-03-03 22:57:42,208 - root - INFO - f1:0.3060, p:0.4941, r:0.2825, hit:0.9491, ndcg:0.8147, topn:10.
2021-03-03 22:57:43,829 - root - INFO - head hit:0.0655, head mean rank:640.3774, topn:10.
2021-03-03 22:57:43,829 - root - INFO - tail hit:0.2508, tail mean rank:325.5627, topn:10.
2021-03-03 22:57:43,829 - root - INFO - avg hit:0.1582, avg mean rank:482.9701, topn:10.
2021-03-03 22:57:46,549 - root - INFO - head hit:0.0673, head mean rank:592.8960, topn:10.
2021-03-03 22:57:46,549 - root - INFO - tail hit:0.2419, tail mean rank:331.3737, topn:10.
2021-03-03 22:57:46,549 - root - INFO - avg hit:0.1546, avg mean rank:462.1348, topn:10.
2021-03-03 22:57:46,551 - root - INFO - Checkpointing ...
2021-03-03 22:59:38,685 - root - INFO - rec train loss:0.9670, kg train loss:4.0534!
2021-03-03 22:59:40,034 - root - INFO - f1:0.2884, p:0.3443, r:0.3355, hit:0.8696, ndcg:0.7312, topn:10.
2021-03-03 22:59:41,264 - root - INFO - f1:0.3123, p:0.5038, r:0.2875, hit:0.9406, ndcg:0.8286, topn:10.
2021-03-03 22:59:42,955 - root - INFO - head hit:0.1028, head mean rank:615.6983, topn:10.
2021-03-03 22:59:42,956 - root - INFO - tail hit:0.2215, tail mean rank:342.8994, topn:10.
2021-03-03 22:59:42,956 - root - INFO - avg hit:0.1621, avg mean rank:479.2989, topn:10.
2021-03-03 22:59:45,633 - root - INFO - head hit:0.0854, head mean rank:614.8067, topn:10.
2021-03-03 22:59:45,634 - root - INFO - tail hit:0.2199, tail mean rank:335.8705, topn:10.
2021-03-03 22:59:45,634 - root - INFO - avg hit:0.1526, avg mean rank:475.3386, topn:10.
2021-03-03 22:59:45,636 - root - INFO - Checkpointing ...
2021-03-03 23:01:36,220 - root - INFO - rec train loss:0.9214, kg train loss:4.0609!
2021-03-03 23:01:37,513 - root - INFO - f1:0.2900, p:0.3473, r:0.3341, hit:0.8621, ndcg:0.7391, topn:10.
2021-03-03 23:01:38,853 - root - INFO - f1:0.3181, p:0.5109, r:0.2940, hit:0.9512, ndcg:0.8397, topn:10.
2021-03-03 23:01:40,492 - root - INFO - head hit:0.0780, head mean rank:589.9718, topn:10.
2021-03-03 23:01:40,493 - root - INFO - tail hit:0.2825, tail mean rank:315.8768, topn:10.
2021-03-03 23:01:40,493 - root - INFO - avg hit:0.1802, avg mean rank:452.9243, topn:10.
2021-03-03 23:01:43,304 - root - INFO - head hit:0.0791, head mean rank:611.2906, topn:10.
2021-03-03 23:01:43,304 - root - INFO - tail hit:0.2770, tail mean rank:351.7467, topn:10.
2021-03-03 23:01:43,305 - root - INFO - avg hit:0.1781, avg mean rank:481.5187, topn:10.
2021-03-03 23:01:43,307 - root - INFO - Checkpointing ...
2021-03-03 23:03:34,064 - root - INFO - rec train loss:0.9499, kg train loss:4.0484!
2021-03-03 23:03:35,346 - root - INFO - f1:0.2924, p:0.3487, r:0.3392, hit:0.8706, ndcg:0.7482, topn:10.
2021-03-03 23:03:36,657 - root - INFO - f1:0.3193, p:0.5125, r:0.2945, hit:0.9480, ndcg:0.8379, topn:10.
2021-03-03 23:03:38,358 - root - INFO - head hit:0.0633, head mean rank:631.0983, topn:10.
2021-03-03 23:03:38,359 - root - INFO - tail hit:0.2678, tail mean rank:363.5921, topn:10.
2021-03-03 23:03:38,359 - root - INFO - avg hit:0.1655, avg mean rank:497.3452, topn:10.
2021-03-03 23:03:40,980 - root - INFO - head hit:0.0724, head mean rank:596.2843, topn:10.
2021-03-03 23:03:40,981 - root - INFO - tail hit:0.2770, tail mean rank:328.9700, topn:10.
2021-03-03 23:03:40,981 - root - INFO - avg hit:0.1747, avg mean rank:462.6272, topn:10.
2021-03-03 23:03:40,983 - root - INFO - Checkpointing ...
2021-03-03 23:05:27,108 - root - INFO - rec train loss:0.9259, kg train loss:4.0401!
2021-03-03 23:05:28,443 - root - INFO - f1:0.2996, p:0.3568, r:0.3468, hit:0.8706, ndcg:0.7490, topn:10.
2021-03-03 23:05:29,754 - root - INFO - f1:0.3227, p:0.5166, r:0.2982, hit:0.9512, ndcg:0.8363, topn:10.
2021-03-03 23:05:31,487 - root - INFO - head hit:0.0915, head mean rank:612.5243, topn:10.
2021-03-03 23:05:31,488 - root - INFO - tail hit:0.2203, tail mean rank:351.0068, topn:10.
2021-03-03 23:05:31,488 - root - INFO - avg hit:0.1559, avg mean rank:481.7655, topn:10.
2021-03-03 23:05:34,195 - root - INFO - head hit:0.0831, head mean rank:615.3844, topn:10.
2021-03-03 23:05:34,195 - root - INFO - tail hit:0.2103, tail mean rank:342.6088, topn:10.
2021-03-03 23:05:34,195 - root - INFO - avg hit:0.1467, avg mean rank:478.9966, topn:10.
2021-03-03 23:05:34,197 - root - INFO - Checkpointing ...
2021-03-03 23:07:25,063 - root - INFO - rec train loss:0.9479, kg train loss:4.0404!
2021-03-03 23:07:26,337 - root - INFO - f1:0.3013, p:0.3576, r:0.3520, hit:0.8780, ndcg:0.7581, topn:10.
2021-03-03 23:07:27,597 - root - INFO - f1:0.3234, p:0.5178, r:0.2988, hit:0.9565, ndcg:0.8538, topn:10.
2021-03-03 23:07:29,310 - root - INFO - head hit:0.0904, head mean rank:615.5458, topn:10.
2021-03-03 23:07:29,310 - root - INFO - tail hit:0.2226, tail mean rank:365.0441, topn:10.
2021-03-03 23:07:29,310 - root - INFO - avg hit:0.1565, avg mean rank:490.2949, topn:10.
2021-03-03 23:07:32,107 - root - INFO - head hit:0.0984, head mean rank:583.5919, topn:10.
2021-03-03 23:07:32,107 - root - INFO - tail hit:0.2335, tail mean rank:351.5551, topn:10.
2021-03-03 23:07:32,107 - root - INFO - avg hit:0.1659, avg mean rank:467.5735, topn:10.
2021-03-03 23:07:32,109 - root - INFO - Checkpointing ...
2021-03-03 23:09:23,374 - root - INFO - rec train loss:0.9379, kg train loss:4.0486!
2021-03-03 23:09:24,637 - root - INFO - f1:0.3006, p:0.3576, r:0.3482, hit:0.8759, ndcg:0.7623, topn:10.
2021-03-03 23:09:25,917 - root - INFO - f1:0.3260, p:0.5215, r:0.3007, hit:0.9470, ndcg:0.8499, topn:10.
2021-03-03 23:09:27,525 - root - INFO - head hit:0.0667, head mean rank:655.2237, topn:10.
2021-03-03 23:09:27,526 - root - INFO - tail hit:0.2520, tail mean rank:341.1085, topn:10.
2021-03-03 23:09:27,526 - root - INFO - avg hit:0.1593, avg mean rank:498.1661, topn:10.
2021-03-03 23:09:30,241 - root - INFO - head hit:0.0944, head mean rank:613.6880, topn:10.
2021-03-03 23:09:30,241 - root - INFO - tail hit:0.2476, tail mean rank:333.4155, topn:10.
2021-03-03 23:09:30,241 - root - INFO - avg hit:0.1710, avg mean rank:473.5517, topn:10.
2021-03-03 23:09:30,243 - root - INFO - No improvement after one epoch. Lowering learning rate.
2021-03-03 23:11:21,375 - root - INFO - rec train loss:0.1622, kg train loss:0.7301!
2021-03-03 23:11:22,697 - root - INFO - f1:0.3127, p:0.3708, r:0.3628, hit:0.8812, ndcg:0.7708, topn:10.
2021-03-03 23:11:24,023 - root - INFO - f1:0.3379, p:0.5361, r:0.3132, hit:0.9597, ndcg:0.8580, topn:10.
2021-03-03 23:11:25,755 - root - INFO - head hit:0.1085, head mean rank:591.0802, topn:10.
2021-03-03 23:11:25,756 - root - INFO - tail hit:0.3220, tail mean rank:255.5650, topn:10.
2021-03-03 23:11:25,756 - root - INFO - avg hit:0.2153, avg mean rank:423.3226, topn:10.
2021-03-03 23:11:28,466 - root - INFO - head hit:0.1187, head mean rank:568.0407, topn:10.
2021-03-03 23:11:28,466 - root - INFO - tail hit:0.3409, tail mean rank:264.7569, topn:10.
2021-03-03 23:11:28,466 - root - INFO - avg hit:0.2298, avg mean rank:416.3988, topn:10.
2021-03-03 23:11:28,468 - root - INFO - Checkpointing ...
2021-03-03 23:13:22,666 - root - INFO - rec train loss:0.1277, kg train loss:0.5554!
2021-03-03 23:13:23,941 - root - INFO - f1:0.3104, p:0.3700, r:0.3567, hit:0.8696, ndcg:0.7698, topn:10.
2021-03-03 23:13:25,447 - root - INFO - f1:0.3405, p:0.5406, r:0.3148, hit:0.9597, ndcg:0.8668, topn:10.
2021-03-03 23:13:27,130 - root - INFO - head hit:0.1220, head mean rank:576.6972, topn:10.
2021-03-03 23:13:27,131 - root - INFO - tail hit:0.3085, tail mean rank:251.5718, topn:10.
2021-03-03 23:13:27,131 - root - INFO - avg hit:0.2153, avg mean rank:414.1345, topn:10.
2021-03-03 23:13:29,876 - root - INFO - head hit:0.1283, head mean rank:548.2815, topn:10.
2021-03-03 23:13:29,876 - root - INFO - tail hit:0.3160, tail mean rank:253.0859, topn:10.
2021-03-03 23:13:29,877 - root - INFO - avg hit:0.2222, avg mean rank:400.6837, topn:10.
2021-03-03 23:13:29,878 - root - INFO - No improvement after one epoch. Lowering learning rate.
2021-03-03 23:15:20,575 - root - INFO - rec train loss:0.0294, kg train loss:0.1426!
2021-03-03 23:15:21,899 - root - INFO - f1:0.3192, p:0.3788, r:0.3694, hit:0.8802, ndcg:0.7816, topn:10.
2021-03-03 23:15:23,174 - root - INFO - f1:0.3441, p:0.5467, r:0.3168, hit:0.9512, ndcg:0.8683, topn:10.
2021-03-03 23:15:24,796 - root - INFO - head hit:0.1763, head mean rank:540.9977, topn:10.
2021-03-03 23:15:24,796 - root - INFO - tail hit:0.4079, tail mean rank:209.4791, topn:10.
2021-03-03 23:15:24,796 - root - INFO - avg hit:0.2921, avg mean rank:375.2384, topn:10.
2021-03-03 23:15:27,490 - root - INFO - head hit:0.1718, head mean rank:506.5404, topn:10.
2021-03-03 23:15:27,491 - root - INFO - tail hit:0.4183, tail mean rank:211.9876, topn:10.
2021-03-03 23:15:27,491 - root - INFO - avg hit:0.2951, avg mean rank:359.2640, topn:10.
2021-03-03 23:15:27,492 - root - INFO - Checkpointing ...
2021-03-03 23:17:19,349 - root - INFO - rec train loss:0.0179, kg train loss:0.0822!
2021-03-03 23:17:20,595 - root - INFO - f1:0.3211, p:0.3814, r:0.3702, hit:0.8780, ndcg:0.7862, topn:10.
2021-03-03 23:17:21,897 - root - INFO - f1:0.3488, p:0.5514, r:0.3226, hit:0.9586, ndcg:0.8741, topn:10.
2021-03-03 23:17:23,602 - root - INFO - head hit:0.1740, head mean rank:543.3695, topn:10.
2021-03-03 23:17:23,602 - root - INFO - tail hit:0.4260, tail mean rank:205.9198, topn:10.
2021-03-03 23:17:23,603 - root - INFO - avg hit:0.3000, avg mean rank:374.6446, topn:10.
2021-03-03 23:17:26,296 - root - INFO - head hit:0.1798, head mean rank:508.3279, topn:10.
2021-03-03 23:17:26,297 - root - INFO - tail hit:0.4432, tail mean rank:205.7100, topn:10.
2021-03-03 23:17:26,297 - root - INFO - avg hit:0.3115, avg mean rank:357.0189, topn:10.
2021-03-03 23:17:26,298 - root - INFO - Checkpointing ...
2021-03-03 23:19:16,859 - root - INFO - rec train loss:0.0121, kg train loss:0.0666!
2021-03-03 23:19:18,128 - root - INFO - f1:0.3269, p:0.3875, r:0.3761, hit:0.8855, ndcg:0.7867, topn:10.
2021-03-03 23:19:19,433 - root - INFO - f1:0.3499, p:0.5537, r:0.3230, hit:0.9597, ndcg:0.8749, topn:10.
2021-03-03 23:19:21,072 - root - INFO - head hit:0.1661, head mean rank:526.0339, topn:10.
2021-03-03 23:19:21,072 - root - INFO - tail hit:0.4407, tail mean rank:196.4362, topn:10.
2021-03-03 23:19:21,072 - root - INFO - avg hit:0.3034, avg mean rank:361.2350, topn:10.
2021-03-03 23:19:23,845 - root - INFO - head hit:0.1786, head mean rank:498.6145, topn:10.
2021-03-03 23:19:23,846 - root - INFO - tail hit:0.4240, tail mean rank:203.4460, topn:10.
2021-03-03 23:19:23,846 - root - INFO - avg hit:0.3013, avg mean rank:351.0302, topn:10.
2021-03-03 23:19:23,848 - root - INFO - Checkpointing ...
2021-03-03 23:21:12,389 - root - INFO - rec train loss:0.0100, kg train loss:0.0617!
2021-03-03 23:21:13,691 - root - INFO - f1:0.3280, p:0.3883, r:0.3782, hit:0.8855, ndcg:0.7964, topn:10.
2021-03-03 23:21:15,004 - root - INFO - f1:0.3507, p:0.5557, r:0.3228, hit:0.9576, ndcg:0.8788, topn:10.
2021-03-03 23:21:16,664 - root - INFO - head hit:0.1808, head mean rank:524.6983, topn:10.
2021-03-03 23:21:16,665 - root - INFO - tail hit:0.4294, tail mean rank:193.9672, topn:10.
2021-03-03 23:21:16,665 - root - INFO - avg hit:0.3051, avg mean rank:359.3328, topn:10.
2021-03-03 23:21:19,401 - root - INFO - head hit:0.1871, head mean rank:506.2583, topn:10.
2021-03-03 23:21:19,402 - root - INFO - tail hit:0.4426, tail mean rank:204.5353, topn:10.
2021-03-03 23:21:19,402 - root - INFO - avg hit:0.3149, avg mean rank:355.3968, topn:10.
2021-03-03 23:21:19,404 - root - INFO - Checkpointing ...
2021-03-03 23:23:11,464 - root - INFO - rec train loss:0.0103, kg train loss:0.0569!
2021-03-03 23:23:12,789 - root - INFO - f1:0.3288, p:0.3898, r:0.3777, hit:0.8780, ndcg:0.7912, topn:10.
2021-03-03 23:23:14,087 - root - INFO - f1:0.3529, p:0.5576, r:0.3253, hit:0.9586, ndcg:0.8811, topn:10.
2021-03-03 23:23:15,744 - root - INFO - head hit:0.1819, head mean rank:518.1040, topn:10.
2021-03-03 23:23:15,745 - root - INFO - tail hit:0.4441, tail mean rank:195.5864, topn:10.
2021-03-03 23:23:15,745 - root - INFO - avg hit:0.3130, avg mean rank:356.8452, topn:10.
2021-03-03 23:23:18,429 - root - INFO - head hit:0.2007, head mean rank:503.4833, topn:10.
2021-03-03 23:23:18,429 - root - INFO - tail hit:0.4347, tail mean rank:206.3217, topn:10.
2021-03-03 23:23:18,429 - root - INFO - avg hit:0.3177, avg mean rank:354.9025, topn:10.
2021-03-03 23:23:18,431 - root - INFO - Checkpointing ...
2021-03-03 23:25:10,450 - root - INFO - rec train loss:0.0083, kg train loss:0.0549!
2021-03-03 23:25:11,820 - root - INFO - f1:0.3291, p:0.3900, r:0.3787, hit:0.8834, ndcg:0.8010, topn:10.
2021-03-03 23:25:13,066 - root - INFO - f1:0.3575, p:0.5629, r:0.3305, hit:0.9576, ndcg:0.8798, topn:10.
2021-03-03 23:25:14,707 - root - INFO - head hit:0.1751, head mean rank:534.2294, topn:10.
2021-03-03 23:25:14,707 - root - INFO - tail hit:0.4441, tail mean rank:192.2746, topn:10.
2021-03-03 23:25:14,707 - root - INFO - avg hit:0.3096, avg mean rank:363.2520, topn:10.
2021-03-03 23:25:17,340 - root - INFO - head hit:0.1945, head mean rank:498.0096, topn:10.
2021-03-03 23:25:17,341 - root - INFO - tail hit:0.4358, tail mean rank:202.0407, topn:10.
2021-03-03 23:25:17,341 - root - INFO - avg hit:0.3151, avg mean rank:350.0252, topn:10.
2021-03-03 23:25:17,343 - root - INFO - Checkpointing ...
2021-03-03 23:27:06,822 - root - INFO - rec train loss:0.0087, kg train loss:0.0558!
2021-03-03 23:27:08,100 - root - INFO - f1:0.3302, p:0.3916, r:0.3782, hit:0.8834, ndcg:0.7983, topn:10.
2021-03-03 23:27:09,439 - root - INFO - f1:0.3552, p:0.5608, r:0.3274, hit:0.9565, ndcg:0.8807, topn:10.
2021-03-03 23:27:11,088 - root - INFO - head hit:0.1887, head mean rank:531.7198, topn:10.
2021-03-03 23:27:11,088 - root - INFO - tail hit:0.4452, tail mean rank:192.5119, topn:10.
2021-03-03 23:27:11,089 - root - INFO - avg hit:0.3169, avg mean rank:362.1158, topn:10.
2021-03-03 23:27:13,819 - root - INFO - head hit:0.1894, head mean rank:496.5817, topn:10.
2021-03-03 23:27:13,819 - root - INFO - tail hit:0.4658, tail mean rank:197.3081, topn:10.
2021-03-03 23:27:13,819 - root - INFO - avg hit:0.3276, avg mean rank:346.9449, topn:10.
2021-03-03 23:27:13,821 - root - INFO - Checkpointing ...
2021-03-03 23:29:05,370 - root - INFO - rec train loss:0.0100, kg train loss:0.0511!
2021-03-03 23:29:06,745 - root - INFO - f1:0.3325, p:0.3937, r:0.3831, hit:0.8844, ndcg:0.8045, topn:10.
2021-03-03 23:29:08,061 - root - INFO - f1:0.3574, p:0.5632, r:0.3295, hit:0.9565, ndcg:0.8832, topn:10.
2021-03-03 23:29:09,737 - root - INFO - head hit:0.1876, head mean rank:531.8102, topn:10.
2021-03-03 23:29:09,737 - root - INFO - tail hit:0.4226, tail mean rank:192.0497, topn:10.
2021-03-03 23:29:09,737 - root - INFO - avg hit:0.3051, avg mean rank:361.9299, topn:10.
2021-03-03 23:29:12,528 - root - INFO - head hit:0.1984, head mean rank:500.5257, topn:10.
2021-03-03 23:29:12,529 - root - INFO - tail hit:0.4279, tail mean rank:198.2583, topn:10.
2021-03-03 23:29:12,529 - root - INFO - avg hit:0.3132, avg mean rank:349.3920, topn:10.
2021-03-03 23:29:12,530 - root - INFO - Checkpointing ...
2021-03-03 23:31:02,125 - root - INFO - rec train loss:0.0101, kg train loss:0.0502!
2021-03-03 23:31:03,377 - root - INFO - f1:0.3338, p:0.3947, r:0.3857, hit:0.8908, ndcg:0.8061, topn:10.
2021-03-03 23:31:04,698 - root - INFO - f1:0.3592, p:0.5653, r:0.3320, hit:0.9586, ndcg:0.8840, topn:10.
2021-03-03 23:31:06,329 - root - INFO - head hit:0.1684, head mean rank:529.8701, topn:10.
2021-03-03 23:31:06,329 - root - INFO - tail hit:0.4316, tail mean rank:195.3469, topn:10.
2021-03-03 23:31:06,329 - root - INFO - avg hit:0.3000, avg mean rank:362.6085, topn:10.
2021-03-03 23:31:09,015 - root - INFO - head hit:0.1713, head mean rank:504.3493, topn:10.
2021-03-03 23:31:09,015 - root - INFO - tail hit:0.4505, tail mean rank:196.6665, topn:10.
2021-03-03 23:31:09,015 - root - INFO - avg hit:0.3109, avg mean rank:350.5079, topn:10.
2021-03-03 23:31:09,017 - root - INFO - Checkpointing ...
2021-03-03 23:33:02,643 - root - INFO - rec train loss:0.0096, kg train loss:0.0519!
2021-03-03 23:33:03,940 - root - INFO - f1:0.3356, p:0.3964, r:0.3870, hit:0.8918, ndcg:0.8099, topn:10.
2021-03-03 23:33:05,284 - root - INFO - f1:0.3604, p:0.5669, r:0.3329, hit:0.9608, ndcg:0.8857, topn:10.
2021-03-03 23:33:06,942 - root - INFO - head hit:0.1842, head mean rank:529.4960, topn:10.
2021-03-03 23:33:06,942 - root - INFO - tail hit:0.4373, tail mean rank:195.8407, topn:10.
2021-03-03 23:33:06,942 - root - INFO - avg hit:0.3107, avg mean rank:362.6684, topn:10.
2021-03-03 23:33:09,605 - root - INFO - head hit:0.1775, head mean rank:501.9785, topn:10.
2021-03-03 23:33:09,606 - root - INFO - tail hit:0.4500, tail mean rank:197.1984, topn:10.
2021-03-03 23:33:09,606 - root - INFO - avg hit:0.3137, avg mean rank:349.5885, topn:10.
2021-03-03 23:33:09,608 - root - INFO - Checkpointing ...
2021-03-03 23:34:59,949 - root - INFO - rec train loss:0.0094, kg train loss:0.0537!
2021-03-03 23:35:01,153 - root - INFO - f1:0.3372, p:0.3986, r:0.3872, hit:0.8865, ndcg:0.8084, topn:10.
2021-03-03 23:35:02,465 - root - INFO - f1:0.3605, p:0.5671, r:0.3327, hit:0.9586, ndcg:0.8886, topn:10.
2021-03-03 23:35:04,088 - root - INFO - head hit:0.1932, head mean rank:531.3638, topn:10.
2021-03-03 23:35:04,089 - root - INFO - tail hit:0.4395, tail mean rank:196.1571, topn:10.
2021-03-03 23:35:04,089 - root - INFO - avg hit:0.3164, avg mean rank:363.7605, topn:10.
2021-03-03 23:35:06,756 - root - INFO - head hit:0.1911, head mean rank:502.9090, topn:10.
2021-03-03 23:35:06,757 - root - INFO - tail hit:0.4443, tail mean rank:198.8400, topn:10.
2021-03-03 23:35:06,757 - root - INFO - avg hit:0.3177, avg mean rank:350.8745, topn:10.
2021-03-03 23:35:06,759 - root - INFO - Checkpointing ...
2021-03-03 23:36:59,298 - root - INFO - rec train loss:0.0070, kg train loss:0.0468!
2021-03-03 23:37:00,630 - root - INFO - f1:0.3377, p:0.3992, r:0.3883, hit:0.8897, ndcg:0.8091, topn:10.
2021-03-03 23:37:01,943 - root - INFO - f1:0.3620, p:0.5686, r:0.3343, hit:0.9586, ndcg:0.8896, topn:10.
2021-03-03 23:37:03,640 - root - INFO - head hit:0.2023, head mean rank:534.9469, topn:10.
2021-03-03 23:37:03,640 - root - INFO - tail hit:0.4362, tail mean rank:202.6508, topn:10.
2021-03-03 23:37:03,640 - root - INFO - avg hit:0.3192, avg mean rank:368.7989, topn:10.
2021-03-03 23:37:06,272 - root - INFO - head hit:0.1967, head mean rank:497.3963, topn:10.
2021-03-03 23:37:06,273 - root - INFO - tail hit:0.4302, tail mean rank:198.7880, topn:10.
2021-03-03 23:37:06,273 - root - INFO - avg hit:0.3135, avg mean rank:348.0921, topn:10.
2021-03-03 23:37:06,275 - root - INFO - Checkpointing ...
2021-03-03 23:38:58,813 - root - INFO - rec train loss:0.0082, kg train loss:0.0472!
2021-03-03 23:39:00,119 - root - INFO - f1:0.3393, p:0.4008, r:0.3908, hit:0.8918, ndcg:0.8136, topn:10.
2021-03-03 23:39:01,368 - root - INFO - f1:0.3636, p:0.5700, r:0.3365, hit:0.9629, ndcg:0.8908, topn:10.
2021-03-03 23:39:03,018 - root - INFO - head hit:0.1876, head mean rank:538.9944, topn:10.
2021-03-03 23:39:03,019 - root - INFO - tail hit:0.4384, tail mean rank:204.4192, topn:10.
2021-03-03 23:39:03,019 - root - INFO - avg hit:0.3130, avg mean rank:371.7068, topn:10.
2021-03-03 23:39:05,603 - root - INFO - head hit:0.2092, head mean rank:499.3584, topn:10.
2021-03-03 23:39:05,603 - root - INFO - tail hit:0.4449, tail mean rank:202.5692, topn:10.
2021-03-03 23:39:05,604 - root - INFO - avg hit:0.3270, avg mean rank:350.9638, topn:10.
2021-03-03 23:39:05,605 - root - INFO - Checkpointing ...
2021-03-03 23:40:57,407 - root - INFO - rec train loss:0.0081, kg train loss:0.0495!
2021-03-03 23:40:58,694 - root - INFO - f1:0.3416, p:0.4027, r:0.3947, hit:0.8940, ndcg:0.8137, topn:10.
2021-03-03 23:40:59,936 - root - INFO - f1:0.3626, p:0.5698, r:0.3352, hit:0.9608, ndcg:0.8915, topn:10.
2021-03-03 23:41:01,515 - root - INFO - head hit:0.2102, head mean rank:545.1672, topn:10.
2021-03-03 23:41:01,516 - root - INFO - tail hit:0.4542, tail mean rank:202.3695, topn:10.
2021-03-03 23:41:01,516 - root - INFO - avg hit:0.3322, avg mean rank:373.7684, topn:10.
2021-03-03 23:41:04,006 - root - INFO - head hit:0.2069, head mean rank:501.9531, topn:10.
2021-03-03 23:41:04,007 - root - INFO - tail hit:0.4466, tail mean rank:200.9666, topn:10.
2021-03-03 23:41:04,007 - root - INFO - avg hit:0.3267, avg mean rank:351.4599, topn:10.
2021-03-03 23:41:04,008 - root - INFO - Checkpointing ...
2021-03-03 23:42:54,799 - root - INFO - rec train loss:0.0069, kg train loss:0.0476!
2021-03-03 23:42:56,183 - root - INFO - f1:0.3417, p:0.4027, r:0.3959, hit:0.8918, ndcg:0.8152, topn:10.
2021-03-03 23:42:57,495 - root - INFO - f1:0.3641, p:0.5716, r:0.3358, hit:0.9576, ndcg:0.8932, topn:10.
2021-03-03 23:42:59,122 - root - INFO - head hit:0.1977, head mean rank:552.7141, topn:10.
2021-03-03 23:42:59,123 - root - INFO - tail hit:0.4486, tail mean rank:189.8249, topn:10.
2021-03-03 23:42:59,123 - root - INFO - avg hit:0.3232, avg mean rank:371.2695, topn:10.
2021-03-03 23:43:01,700 - root - INFO - head hit:0.1888, head mean rank:504.4454, topn:10.
2021-03-03 23:43:01,700 - root - INFO - tail hit:0.4494, tail mean rank:192.4178, topn:10.
2021-03-03 23:43:01,700 - root - INFO - avg hit:0.3191, avg mean rank:348.4316, topn:10.
2021-03-03 23:43:01,703 - root - INFO - Checkpointing ...
2021-03-03 23:44:53,213 - root - INFO - rec train loss:0.0075, kg train loss:0.0479!
2021-03-03 23:44:54,432 - root - INFO - f1:0.3425, p:0.4032, r:0.3956, hit:0.8929, ndcg:0.8135, topn:10.
2021-03-03 23:44:55,710 - root - INFO - f1:0.3650, p:0.5718, r:0.3378, hit:0.9618, ndcg:0.8938, topn:10.
2021-03-03 23:44:57,247 - root - INFO - head hit:0.1966, head mean rank:551.5638, topn:10.
2021-03-03 23:44:57,247 - root - INFO - tail hit:0.4384, tail mean rank:205.9435, topn:10.
2021-03-03 23:44:57,247 - root - INFO - avg hit:0.3175, avg mean rank:378.7537, topn:10.
2021-03-03 23:44:59,905 - root - INFO - head hit:0.1928, head mean rank:504.9989, topn:10.
2021-03-03 23:44:59,906 - root - INFO - tail hit:0.4466, tail mean rank:198.4381, topn:10.
2021-03-03 23:44:59,906 - root - INFO - avg hit:0.3197, avg mean rank:351.7185, topn:10.
2021-03-03 23:44:59,908 - root - INFO - Checkpointing ...
2021-03-03 23:46:50,502 - root - INFO - rec train loss:0.0083, kg train loss:0.0486!
2021-03-03 23:46:51,991 - root - INFO - f1:0.3428, p:0.4046, r:0.3943, hit:0.8887, ndcg:0.8181, topn:10.
2021-03-03 23:46:53,258 - root - INFO - f1:0.3640, p:0.5715, r:0.3358, hit:0.9608, ndcg:0.8940, topn:10.
2021-03-03 23:46:54,827 - root - INFO - head hit:0.1966, head mean rank:534.7819, topn:10.
2021-03-03 23:46:54,827 - root - INFO - tail hit:0.4712, tail mean rank:196.8655, topn:10.
2021-03-03 23:46:54,827 - root - INFO - avg hit:0.3339, avg mean rank:365.8237, topn:10.
2021-03-03 23:46:57,408 - root - INFO - head hit:0.1945, head mean rank:507.0995, topn:10.
2021-03-03 23:46:57,408 - root - INFO - tail hit:0.4624, tail mean rank:188.6439, topn:10.
2021-03-03 23:46:57,408 - root - INFO - avg hit:0.3284, avg mean rank:347.8717, topn:10.
2021-03-03 23:46:57,410 - root - INFO - Checkpointing ...
2021-03-03 23:48:49,733 - root - INFO - rec train loss:0.0074, kg train loss:0.0517!
2021-03-03 23:48:51,093 - root - INFO - f1:0.3423, p:0.4043, r:0.3921, hit:0.8865, ndcg:0.8180, topn:10.
2021-03-03 23:48:52,392 - root - INFO - f1:0.3635, p:0.5717, r:0.3349, hit:0.9586, ndcg:0.8941, topn:10.
2021-03-03 23:48:54,022 - root - INFO - head hit:0.1944, head mean rank:535.2938, topn:10.
2021-03-03 23:48:54,022 - root - INFO - tail hit:0.4429, tail mean rank:189.8181, topn:10.
2021-03-03 23:48:54,022 - root - INFO - avg hit:0.3186, avg mean rank:362.5559, topn:10.
2021-03-03 23:48:56,564 - root - INFO - head hit:0.1905, head mean rank:485.8231, topn:10.
2021-03-03 23:48:56,564 - root - INFO - tail hit:0.4409, tail mean rank:184.5743, topn:10.
2021-03-03 23:48:56,564 - root - INFO - avg hit:0.3157, avg mean rank:335.1987, topn:10.
2021-03-03 23:48:56,566 - root - INFO - No improvement after one epoch. Lowering learning rate.
2021-03-03 23:50:47,877 - root - INFO - rec train loss:0.0035, kg train loss:0.0185!
2021-03-03 23:50:49,190 - root - INFO - f1:0.3448, p:0.4064, r:0.3973, hit:0.8961, ndcg:0.8214, topn:10.
2021-03-03 23:50:50,540 - root - INFO - f1:0.3642, p:0.5719, r:0.3361, hit:0.9608, ndcg:0.8982, topn:10.
2021-03-03 23:50:52,165 - root - INFO - head hit:0.2056, head mean rank:520.5096, topn:10.
2021-03-03 23:50:52,166 - root - INFO - tail hit:0.4734, tail mean rank:187.8260, topn:10.
2021-03-03 23:50:52,166 - root - INFO - avg hit:0.3395, avg mean rank:354.1678, topn:10.
2021-03-03 23:50:54,816 - root - INFO - head hit:0.2137, head mean rank:482.8265, topn:10.
2021-03-03 23:50:54,816 - root - INFO - tail hit:0.4777, tail mean rank:188.0831, topn:10.
2021-03-03 23:50:54,816 - root - INFO - avg hit:0.3457, avg mean rank:335.4548, topn:10.
2021-03-03 23:50:54,818 - root - INFO - Checkpointing ...
2021-03-03 23:52:48,201 - root - INFO - rec train loss:0.0025, kg train loss:0.0131!
2021-03-03 23:52:49,512 - root - INFO - f1:0.3450, p:0.4073, r:0.3954, hit:0.8908, ndcg:0.8203, topn:10.
2021-03-03 23:52:50,863 - root - INFO - f1:0.3687, p:0.5769, r:0.3409, hit:0.9597, ndcg:0.8990, topn:10.
2021-03-03 23:52:52,444 - root - INFO - head hit:0.2113, head mean rank:514.8056, topn:10.
2021-03-03 23:52:52,445 - root - INFO - tail hit:0.4667, tail mean rank:186.9130, topn:10.
2021-03-03 23:52:52,445 - root - INFO - avg hit:0.3390, avg mean rank:350.8593, topn:10.
2021-03-03 23:52:55,024 - root - INFO - head hit:0.2284, head mean rank:483.3313, topn:10.
2021-03-03 23:52:55,024 - root - INFO - tail hit:0.4630, tail mean rank:190.1656, topn:10.
2021-03-03 23:52:55,024 - root - INFO - avg hit:0.3457, avg mean rank:336.7484, topn:10.
2021-03-03 23:52:55,025 - root - INFO - Checkpointing ...
2021-03-03 23:54:45,734 - root - INFO - rec train loss:0.0019, kg train loss:0.0126!
2021-03-03 23:54:47,033 - root - INFO - f1:0.3477, p:0.4091, r:0.3997, hit:0.8950, ndcg:0.8255, topn:10.
2021-03-03 23:54:48,369 - root - INFO - f1:0.3671, p:0.5754, r:0.3393, hit:0.9597, ndcg:0.8980, topn:10.
2021-03-03 23:54:50,025 - root - INFO - head hit:0.2169, head mean rank:515.5751, topn:10.
2021-03-03 23:54:50,026 - root - INFO - tail hit:0.4599, tail mean rank:182.3977, topn:10.
2021-03-03 23:54:50,026 - root - INFO - avg hit:0.3384, avg mean rank:348.9864, topn:10.
2021-03-03 23:54:52,675 - root - INFO - head hit:0.2369, head mean rank:485.6275, topn:10.
2021-03-03 23:54:52,675 - root - INFO - tail hit:0.4731, tail mean rank:185.7253, topn:10.
2021-03-03 23:54:52,675 - root - INFO - avg hit:0.3550, avg mean rank:335.6764, topn:10.
2021-03-03 23:54:52,676 - root - INFO - Checkpointing ...
2021-03-03 23:56:42,997 - root - INFO - rec train loss:0.0016, kg train loss:0.0098!
2021-03-03 23:56:44,296 - root - INFO - f1:0.3494, p:0.4112, r:0.4031, hit:0.8982, ndcg:0.8251, topn:10.
2021-03-03 23:56:45,586 - root - INFO - f1:0.3693, p:0.5779, r:0.3413, hit:0.9639, ndcg:0.9016, topn:10.
2021-03-03 23:56:47,210 - root - INFO - head hit:0.2192, head mean rank:517.0463, topn:10.
2021-03-03 23:56:47,210 - root - INFO - tail hit:0.4689, tail mean rank:178.4847, topn:10.
2021-03-03 23:56:47,210 - root - INFO - avg hit:0.3441, avg mean rank:347.7655, topn:10.
2021-03-03 23:56:49,809 - root - INFO - head hit:0.2272, head mean rank:479.0220, topn:10.
2021-03-03 23:56:49,809 - root - INFO - tail hit:0.4731, tail mean rank:183.8881, topn:10.
2021-03-03 23:56:49,809 - root - INFO - avg hit:0.3502, avg mean rank:331.4551, topn:10.
2021-03-03 23:56:49,811 - root - INFO - Checkpointing ...
2021-03-03 23:58:42,810 - root - INFO - rec train loss:0.0015, kg train loss:0.0102!
2021-03-03 23:58:44,185 - root - INFO - f1:0.3502, p:0.4124, r:0.4032, hit:0.8940, ndcg:0.8242, topn:10.
2021-03-03 23:58:45,503 - root - INFO - f1:0.3698, p:0.5786, r:0.3416, hit:0.9608, ndcg:0.9012, topn:10.
2021-03-03 23:58:47,169 - root - INFO - head hit:0.2147, head mean rank:514.2780, topn:10.
2021-03-03 23:58:47,169 - root - INFO - tail hit:0.4746, tail mean rank:180.3277, topn:10.
2021-03-03 23:58:47,169 - root - INFO - avg hit:0.3446, avg mean rank:347.3028, topn:10.
2021-03-03 23:58:49,821 - root - INFO - head hit:0.2222, head mean rank:477.9214, topn:10.
2021-03-03 23:58:49,821 - root - INFO - tail hit:0.4794, tail mean rank:182.3601, topn:10.
2021-03-03 23:58:49,821 - root - INFO - avg hit:0.3508, avg mean rank:330.1408, topn:10.
2021-03-03 23:58:49,822 - root - INFO - Checkpointing ...
2021-03-04 00:00:42,548 - root - INFO - rec train loss:0.0016, kg train loss:0.0114!
2021-03-04 00:00:43,897 - root - INFO - f1:0.3512, p:0.4129, r:0.4052, hit:0.8940, ndcg:0.8250, topn:10.
2021-03-04 00:00:45,125 - root - INFO - f1:0.3710, p:0.5797, r:0.3432, hit:0.9618, ndcg:0.9009, topn:10.
2021-03-04 00:00:46,733 - root - INFO - head hit:0.2169, head mean rank:522.9740, topn:10.
2021-03-04 00:00:46,733 - root - INFO - tail hit:0.4825, tail mean rank:180.0621, topn:10.
2021-03-04 00:00:46,733 - root - INFO - avg hit:0.3497, avg mean rank:351.5181, topn:10.
2021-03-04 00:00:49,354 - root - INFO - head hit:0.2227, head mean rank:481.8672, topn:10.
2021-03-04 00:00:49,355 - root - INFO - tail hit:0.4901, tail mean rank:183.6020, topn:10.
2021-03-04 00:00:49,355 - root - INFO - avg hit:0.3564, avg mean rank:332.7346, topn:10.
2021-03-04 00:00:49,357 - root - INFO - Checkpointing ...
2021-03-04 00:02:41,301 - root - INFO - rec train loss:0.0011, kg train loss:0.0098!
2021-03-04 00:02:42,653 - root - INFO - f1:0.3502, p:0.4122, r:0.4037, hit:0.8982, ndcg:0.8262, topn:10.
2021-03-04 00:02:43,911 - root - INFO - f1:0.3720, p:0.5812, r:0.3440, hit:0.9629, ndcg:0.9026, topn:10.
2021-03-04 00:02:45,549 - root - INFO - head hit:0.2203, head mean rank:522.1345, topn:10.
2021-03-04 00:02:45,549 - root - INFO - tail hit:0.4734, tail mean rank:180.5898, topn:10.
2021-03-04 00:02:45,549 - root - INFO - avg hit:0.3469, avg mean rank:351.3621, topn:10.
2021-03-04 00:02:48,193 - root - INFO - head hit:0.2295, head mean rank:481.7750, topn:10.
2021-03-04 00:02:48,193 - root - INFO - tail hit:0.4833, tail mean rank:182.2024, topn:10.
2021-03-04 00:02:48,194 - root - INFO - avg hit:0.3564, avg mean rank:331.9887, topn:10.
2021-03-04 00:02:48,195 - root - INFO - No improvement after one epoch. Lowering learning rate.
2021-03-04 00:04:40,143 - root - INFO - rec train loss:0.0011, kg train loss:0.0060!
2021-03-04 00:04:41,449 - root - INFO - f1:0.3518, p:0.4134, r:0.4061, hit:0.8971, ndcg:0.8319, topn:10.
2021-03-04 00:04:42,689 - root - INFO - f1:0.3716, p:0.5812, r:0.3429, hit:0.9618, ndcg:0.9050, topn:10.
2021-03-04 00:04:44,326 - root - INFO - head hit:0.2237, head mean rank:521.3277, topn:10.
2021-03-04 00:04:44,327 - root - INFO - tail hit:0.4655, tail mean rank:181.8350, topn:10.
2021-03-04 00:04:44,327 - root - INFO - avg hit:0.3446, avg mean rank:351.5814, topn:10.
2021-03-04 00:04:47,006 - root - INFO - head hit:0.2380, head mean rank:474.0187, topn:10.
2021-03-04 00:04:47,006 - root - INFO - tail hit:0.4822, tail mean rank:181.1538, topn:10.
2021-03-04 00:04:47,006 - root - INFO - avg hit:0.3601, avg mean rank:327.5862, topn:10.
2021-03-04 00:04:47,007 - root - INFO - Checkpointing ...
2021-03-04 00:06:39,298 - root - INFO - rec train loss:0.0003, kg train loss:0.0043!
2021-03-04 00:06:40,644 - root - INFO - f1:0.3530, p:0.4152, r:0.4058, hit:0.8961, ndcg:0.8313, topn:10.
2021-03-04 00:06:41,934 - root - INFO - f1:0.3731, p:0.5829, r:0.3446, hit:0.9618, ndcg:0.9034, topn:10.
2021-03-04 00:06:43,547 - root - INFO - head hit:0.2294, head mean rank:519.5898, topn:10.
2021-03-04 00:06:43,547 - root - INFO - tail hit:0.4723, tail mean rank:180.1345, topn:10.
2021-03-04 00:06:43,547 - root - INFO - avg hit:0.3508, avg mean rank:349.8621, topn:10.
2021-03-04 00:06:46,226 - root - INFO - head hit:0.2397, head mean rank:477.2352, topn:10.
2021-03-04 00:06:46,226 - root - INFO - tail hit:0.4924, tail mean rank:182.8609, topn:10.
2021-03-04 00:06:46,226 - root - INFO - avg hit:0.3660, avg mean rank:330.0480, topn:10.
2021-03-04 00:06:46,228 - root - INFO - Checkpointing ...
2021-03-04 00:08:37,840 - root - INFO - rec train loss:0.0006, kg train loss:0.0031!
2021-03-04 00:08:39,140 - root - INFO - f1:0.3541, p:0.4160, r:0.4078, hit:0.8993, ndcg:0.8317, topn:10.
2021-03-04 00:08:40,401 - root - INFO - f1:0.3725, p:0.5825, r:0.3437, hit:0.9608, ndcg:0.9031, topn:10.
2021-03-04 00:08:42,050 - root - INFO - head hit:0.2282, head mean rank:522.1186, topn:10.
2021-03-04 00:08:42,051 - root - INFO - tail hit:0.4701, tail mean rank:180.5356, topn:10.
2021-03-04 00:08:42,051 - root - INFO - avg hit:0.3492, avg mean rank:351.3271, topn:10.
2021-03-04 00:08:44,687 - root - INFO - head hit:0.2408, head mean rank:475.4624, topn:10.
2021-03-04 00:08:44,687 - root - INFO - tail hit:0.4901, tail mean rank:183.1215, topn:10.
2021-03-04 00:08:44,687 - root - INFO - avg hit:0.3655, avg mean rank:329.2920, topn:10.
2021-03-04 00:08:44,689 - root - INFO - Checkpointing ...
2021-03-04 00:10:36,079 - root - INFO - rec train loss:0.0005, kg train loss:0.0041!
2021-03-04 00:10:37,307 - root - INFO - f1:0.3541, p:0.4161, r:0.4071, hit:0.8971, ndcg:0.8304, topn:10.
2021-03-04 00:10:38,534 - root - INFO - f1:0.3736, p:0.5835, r:0.3450, hit:0.9586, ndcg:0.9027, topn:10.
2021-03-04 00:10:40,146 - root - INFO - head hit:0.2260, head mean rank:518.1096, topn:10.
2021-03-04 00:10:40,147 - root - INFO - tail hit:0.4746, tail mean rank:175.6282, topn:10.
2021-03-04 00:10:40,147 - root - INFO - avg hit:0.3503, avg mean rank:346.8689, topn:10.
2021-03-04 00:10:42,748 - root - INFO - head hit:0.2391, head mean rank:472.8315, topn:10.
2021-03-04 00:10:42,749 - root - INFO - tail hit:0.4952, tail mean rank:179.0543, topn:10.
2021-03-04 00:10:42,749 - root - INFO - avg hit:0.3672, avg mean rank:325.9429, topn:10.
2021-03-04 00:10:42,750 - root - INFO - No improvement after one epoch. Lowering learning rate.
2021-03-04 00:12:35,059 - root - INFO - rec train loss:0.0003, kg train loss:0.0031!
2021-03-04 00:12:36,360 - root - INFO - f1:0.3548, p:0.4170, r:0.4078, hit:0.8971, ndcg:0.8330, topn:10.
2021-03-04 00:12:37,823 - root - INFO - f1:0.3754, p:0.5854, r:0.3470, hit:0.9586, ndcg:0.9042, topn:10.
2021-03-04 00:12:39,460 - root - INFO - head hit:0.2384, head mean rank:518.6960, topn:10.
2021-03-04 00:12:39,460 - root - INFO - tail hit:0.4870, tail mean rank:176.9390, topn:10.
2021-03-04 00:12:39,460 - root - INFO - avg hit:0.3627, avg mean rank:347.8175, topn:10.
2021-03-04 00:12:42,146 - root - INFO - head hit:0.2465, head mean rank:472.8824, topn:10.
2021-03-04 00:12:42,146 - root - INFO - tail hit:0.5031, tail mean rank:179.5873, topn:10.
2021-03-04 00:12:42,146 - root - INFO - avg hit:0.3748, avg mean rank:326.2349, topn:10.
2021-03-04 00:12:42,148 - root - INFO - Checkpointing ...
2021-03-04 00:14:33,847 - root - INFO - rec train loss:0.0002, kg train loss:0.0013!
2021-03-04 00:14:35,132 - root - INFO - f1:0.3542, p:0.4163, r:0.4076, hit:0.8971, ndcg:0.8324, topn:10.
2021-03-04 00:14:36,400 - root - INFO - f1:0.3762, p:0.5864, r:0.3476, hit:0.9597, ndcg:0.9038, topn:10.
2021-03-04 00:14:38,068 - root - INFO - head hit:0.2328, head mean rank:518.6508, topn:10.
2021-03-04 00:14:38,069 - root - INFO - tail hit:0.4870, tail mean rank:177.5729, topn:10.
2021-03-04 00:14:38,069 - root - INFO - avg hit:0.3599, avg mean rank:348.1119, topn:10.
2021-03-04 00:14:40,761 - root - INFO - head hit:0.2431, head mean rank:472.9310, topn:10.
2021-03-04 00:14:40,762 - root - INFO - tail hit:0.5020, tail mean rank:180.2595, topn:10.
2021-03-04 00:14:40,762 - root - INFO - avg hit:0.3725, avg mean rank:326.5953, topn:10.
2021-03-04 00:14:40,763 - root - INFO - No improvement after one epoch. Lowering learning rate.
2021-03-04 00:16:32,371 - root - INFO - rec train loss:0.0002, kg train loss:0.0011!
2021-03-04 00:16:33,683 - root - INFO - f1:0.3554, p:0.4176, r:0.4085, hit:0.8971, ndcg:0.8331, topn:10.
2021-03-04 00:16:35,028 - root - INFO - f1:0.3751, p:0.5853, r:0.3464, hit:0.9597, ndcg:0.9051, topn:10.
2021-03-04 00:16:36,667 - root - INFO - head hit:0.2316, head mean rank:516.6667, topn:10.
2021-03-04 00:16:36,667 - root - INFO - tail hit:0.4915, tail mean rank:177.2927, topn:10.
2021-03-04 00:16:36,667 - root - INFO - avg hit:0.3616, avg mean rank:346.9797, topn:10.
2021-03-04 00:16:39,308 - root - INFO - head hit:0.2436, head mean rank:473.2776, topn:10.
2021-03-04 00:16:39,309 - root - INFO - tail hit:0.5008, tail mean rank:180.8485, topn:10.
2021-03-04 00:16:39,309 - root - INFO - avg hit:0.3722, avg mean rank:327.0630, topn:10.
2021-03-04 00:16:39,310 - root - INFO - Checkpointing ...
2021-03-04 00:18:29,360 - root - INFO - rec train loss:0.0003, kg train loss:0.0011!
2021-03-04 00:18:30,723 - root - INFO - f1:0.3551, p:0.4174, r:0.4082, hit:0.8961, ndcg:0.8332, topn:10.
2021-03-04 00:18:32,067 - root - INFO - f1:0.3760, p:0.5863, r:0.3473, hit:0.9597, ndcg:0.9040, topn:10.
2021-03-04 00:18:33,662 - root - INFO - head hit:0.2373, head mean rank:517.3243, topn:10.
2021-03-04 00:18:33,662 - root - INFO - tail hit:0.4881, tail mean rank:176.5175, topn:10.
2021-03-04 00:18:33,663 - root - INFO - avg hit:0.3627, avg mean rank:346.9209, topn:10.
2021-03-04 00:18:36,239 - root - INFO - head hit:0.2487, head mean rank:473.6574, topn:10.
2021-03-04 00:18:36,239 - root - INFO - tail hit:0.4997, tail mean rank:180.0017, topn:10.
2021-03-04 00:18:36,239 - root - INFO - avg hit:0.3742, avg mean rank:326.8296, topn:10.
2021-03-04 00:18:36,241 - root - INFO - No improvement after one epoch. Lowering learning rate.
2021-03-04 00:20:28,134 - root - INFO - rec train loss:0.0004, kg train loss:0.0008!
2021-03-04 00:20:29,437 - root - INFO - f1:0.3553, p:0.4176, r:0.4092, hit:0.8982, ndcg:0.8347, topn:10.
2021-03-04 00:20:30,816 - root - INFO - f1:0.3759, p:0.5862, r:0.3473, hit:0.9597, ndcg:0.9042, topn:10.
2021-03-04 00:20:32,389 - root - INFO - head hit:0.2362, head mean rank:517.5819, topn:10.
2021-03-04 00:20:32,389 - root - INFO - tail hit:0.4881, tail mean rank:176.5130, topn:10.
2021-03-04 00:20:32,389 - root - INFO - avg hit:0.3621, avg mean rank:347.0475, topn:10.
2021-03-04 00:20:35,061 - root - INFO - head hit:0.2493, head mean rank:474.3013, topn:10.
2021-03-04 00:20:35,061 - root - INFO - tail hit:0.4997, tail mean rank:179.9525, topn:10.
2021-03-04 00:20:35,062 - root - INFO - avg hit:0.3745, avg mean rank:327.1269, topn:10.
2021-03-04 00:20:35,063 - root - INFO - No improvement after one epoch. Lowering learning rate.
2021-03-04 00:22:27,891 - root - INFO - rec train loss:0.0001, kg train loss:0.0009!
2021-03-04 00:22:29,239 - root - INFO - f1:0.3547, p:0.4170, r:0.4085, hit:0.8982, ndcg:0.8360, topn:10.
2021-03-04 00:22:30,530 - root - INFO - f1:0.3762, p:0.5864, r:0.3477, hit:0.9608, ndcg:0.9046, topn:10.
2021-03-04 00:22:32,195 - root - INFO - head hit:0.2350, head mean rank:517.5684, topn:10.
2021-03-04 00:22:32,196 - root - INFO - tail hit:0.4915, tail mean rank:176.5164, topn:10.
2021-03-04 00:22:32,196 - root - INFO - avg hit:0.3633, avg mean rank:347.0424, topn:10.
2021-03-04 00:22:34,856 - root - INFO - head hit:0.2476, head mean rank:474.3590, topn:10.
2021-03-04 00:22:34,857 - root - INFO - tail hit:0.4992, tail mean rank:179.9542, topn:10.
2021-03-04 00:22:34,857 - root - INFO - avg hit:0.3734, avg mean rank:327.1566, topn:10.
2021-03-04 00:22:34,858 - root - INFO - No improvement after one epoch. Lowering learning rate.
2021-03-04 00:24:27,767 - root - INFO - rec train loss:0.0002, kg train loss:0.0008!
2021-03-04 00:24:29,064 - root - INFO - f1:0.3549, p:0.4171, r:0.4089, hit:0.8982, ndcg:0.8358, topn:10.
2021-03-04 00:24:30,360 - root - INFO - f1:0.3762, p:0.5865, r:0.3477, hit:0.9608, ndcg:0.9046, topn:10.
2021-03-04 00:24:31,982 - root - INFO - head hit:0.2373, head mean rank:517.5627, topn:10.
2021-03-04 00:24:31,983 - root - INFO - tail hit:0.4904, tail mean rank:176.4825, topn:10.
2021-03-04 00:24:31,983 - root - INFO - avg hit:0.3638, avg mean rank:347.0226, topn:10.
2021-03-04 00:24:34,652 - root - INFO - head hit:0.2493, head mean rank:474.5534, topn:10.
2021-03-04 00:24:34,653 - root - INFO - tail hit:0.4992, tail mean rank:179.8745, topn:10.
2021-03-04 00:24:34,653 - root - INFO - avg hit:0.3742, avg mean rank:327.2140, topn:10.
2021-03-04 00:24:34,655 - root - INFO - No improvement after one epoch. Lowering learning rate.
2021-03-04 00:26:25,955 - root - INFO - rec train loss:0.0002, kg train loss:0.0006!
2021-03-04 00:26:27,227 - root - INFO - f1:0.3548, p:0.4171, r:0.4085, hit:0.8971, ndcg:0.8354, topn:10.
2021-03-04 00:26:28,451 - root - INFO - f1:0.3762, p:0.5865, r:0.3477, hit:0.9608, ndcg:0.9047, topn:10.
2021-03-04 00:26:30,078 - root - INFO - head hit:0.2373, head mean rank:517.5017, topn:10.
2021-03-04 00:26:30,078 - root - INFO - tail hit:0.4904, tail mean rank:176.4599, topn:10.
2021-03-04 00:26:30,078 - root - INFO - avg hit:0.3638, avg mean rank:346.9808, topn:10.
2021-03-04 00:26:32,746 - root - INFO - head hit:0.2493, head mean rank:474.4952, topn:10.
2021-03-04 00:26:32,746 - root - INFO - tail hit:0.4992, tail mean rank:179.8400, topn:10.
2021-03-04 00:26:32,746 - root - INFO - avg hit:0.3742, avg mean rank:327.1676, topn:10.
2021-03-04 00:26:32,749 - root - INFO - No improvement after one epoch. Lowering learning rate.
2021-03-04 00:26:32,787 - root - INFO - No improvement after 51960 steps. Stopping training.
2021-03-04 00:26:34,564 - root - INFO - From CaseRecommender evaluator: {'PREC@10': 0.417073, 'RECALL@10': 0.408517, 'NDCG@10': 0.835407, 'MAP@10': 0.799791, 'MAP': 0.799791}.
2021-03-04 00:26:34,758 - root - INFO - From kg-summ-rec diversity evaluator: {'GENRE_COVERAGE@10': 0.46854, 'GENRE_REDUNDANCY@10': 0.435809, 'ILD_GENRE@10': 0.808002}.
2021-03-04 00:26:36,579 - root - INFO - From CaseRecommender evaluator: {'PREC@10': 0.586532, 'RECALL@10': 0.347676, 'NDCG@10': 0.904746, 'MAP@10': 0.87275, 'MAP': 0.87275}.
2021-03-04 00:26:36,773 - root - INFO - From kg-summ-rec diversity evaluator: {'GENRE_COVERAGE@10': 0.461073, 'GENRE_REDUNDANCY@10': 0.428392, 'ILD_GENRE@10': 0.802452}.
